0.000, 4534
0.276, 4533
0.279, 4532
0.281, 4531
0.281, 4530
0.286, 4529
0.289, 4528
0.289, 4527
0.296, 4526
0.302, 4525
0.305, 4524
0.312, 4523
0.315, 4522
0.318, 4521
0.320, 4520
0.325, 4519
0.329, 4518
0.330, 4517
0.331, 4516
0.333, 4515
0.335, 4514
0.337, 4513
0.338, 4512
0.343, 4511
0.347, 4510
0.354, 4509
0.356, 4508
0.356, 4507
0.359, 4506
0.360, 4505
0.364, 4504
0.367, 4503
0.370, 4502
0.372, 4501
0.375, 4500
0.376, 4499
0.383, 4498
0.384, 4497
0.388, 4496
0.394, 4495
0.395, 4494
0.402, 4493
0.403, 4492
0.405, 4491
0.412, 4490
0.418, 4489
0.429, 4488
0.431, 4487
0.435, 4486
0.444, 4485
0.450, 4484
0.454, 4483
0.455, 4482
0.458, 4481
0.461, 4480
0.462, 4479
0.463, 4478
0.464, 4477
0.467, 4476
0.468, 4475
0.474, 4474
0.477, 4473
0.480, 4472
0.482, 4471
0.496, 4470
0.511, 4469
0.512, 4468
0.517, 4467
0.523, 4466
0.526, 4465
0.538, 4464
0.544, 4463
0.547, 4462
0.548, 4461
0.549, 4460
0.549, 4459
0.557, 4458
0.558, 4457
0.560, 4456
0.561, 4455
0.567, 4454
0.578, 4453
0.579, 4452
0.581, 4451
0.596, 4450
0.600, 4449
0.602, 4448
0.604, 4447
0.609, 4446
0.620, 4445
0.628, 4444
0.631, 4443
0.633, 4442
0.635, 4441
0.639, 4440
0.642, 4439
0.653, 4438
0.658, 4437
0.659, 4436
0.666, 4435
0.669, 4434
0.673, 4433
0.678, 4432
0.680, 4431
0.688, 4430
0.693, 4429
0.696, 4428
0.702, 4427
0.703, 4426
0.705, 4425
0.707, 4424
0.711, 4423
0.719, 4422
0.721, 4421
0.724, 4420
0.725, 4419
0.727, 4418
0.738, 4417
0.741, 4416
0.748, 4415
0.759, 4414
0.763, 4413
0.766, 4412
0.767, 4411
0.772, 4410
0.775, 4409
0.777, 4408
0.781, 4407
0.781, 4406
0.783, 4405
0.784, 4404
0.785, 4403
0.786, 4402
0.788, 4401
0.793, 4400
0.796, 4399
0.804, 4398
0.809, 4397
0.819, 4396
0.823, 4395
0.830, 4394
0.831, 4393
0.833, 4392
0.834, 4391
0.837, 4390
0.842, 4389
0.843, 4388
0.843, 4387
0.848, 4386
0.859, 4385
0.861, 4384
0.862, 4383
0.862, 4382
0.866, 4381
0.868, 4380
0.870, 4379
0.870, 4378
0.882, 4377
0.883, 4376
0.888, 4375
0.896, 4374
0.903, 4373
0.911, 4372
0.920, 4371
0.924, 4370
0.925, 4369
0.938, 4368
0.940, 4367
0.942, 4366
0.944, 4365
0.949, 4364
0.951, 4363
0.954, 4362
0.962, 4361
0.968, 4360
0.974, 4359
0.975, 4358
0.981, 4357
0.982, 4356
0.983, 4355
0.986, 4354
1.011, 4353
1.019, 4352
1.020, 4351
1.025, 4350
1.030, 4349
1.034, 4348
1.036, 4347
1.043, 4346
1.049, 4345
1.055, 4344
1.061, 4343
1.076, 4342
1.079, 4341
1.085, 4340
1.086, 4339
1.089, 4338
1.093, 4337
1.095, 4336
1.098, 4335
1.099, 4334
1.101, 4333
1.107, 4332
1.109, 4331
1.111, 4330
1.112, 4329
1.113, 4328
1.117, 4327
1.120, 4326
1.129, 4325
1.145, 4324
1.171, 4323
1.179, 4322
1.185, 4321
1.194, 4320
1.195, 4319
1.199, 4318
1.201, 4317
1.205, 4316
1.206, 4315
1.207, 4314
1.210, 4313
1.211, 4312
1.215, 4311
1.215, 4310
1.220, 4309
1.225, 4308
1.229, 4307
1.243, 4306
1.256, 4305
1.260, 4304
1.273, 4303
1.282, 4302
1.285, 4301
1.300, 4300
1.305, 4299
1.325, 4298
1.331, 4297
1.334, 4296
1.335, 4295
1.340, 4294
1.353, 4293
1.357, 4292
1.362, 4291
1.369, 4290
1.374, 4289
1.378, 4288
1.400, 4287
1.406, 4286
1.422, 4285
1.429, 4284
1.431, 4283
1.442, 4282
1.469, 4281
1.478, 4280
1.485, 4279
1.490, 4278
1.491, 4277
1.492, 4276
1.495, 4275
1.509, 4274
1.512, 4273
1.514, 4272
1.519, 4271
1.520, 4270
1.521, 4269
1.522, 4268
1.524, 4267
1.530, 4266
1.544, 4265
1.555, 4264
1.575, 4263
1.583, 4262
1.585, 4261
1.590, 4260
1.606, 4259
1.613, 4258
1.616, 4257
1.619, 4256
1.625, 4255
1.629, 4254
1.640, 4253
1.647, 4252
1.655, 4251
1.656, 4250
1.657, 4249
1.681, 4248
1.686, 4247
1.689, 4246
1.706, 4245
1.715, 4244
1.725, 4243
1.731, 4242
1.736, 4241
1.773, 4240
1.781, 4239
1.782, 4238
1.786, 4237
1.788, 4236
1.801, 4235
1.804, 4234
1.810, 4233
1.813, 4232
1.822, 4231
1.829, 4230
1.854, 4229
1.856, 4228
1.858, 4227
1.863, 4226
1.866, 4225
1.870, 4224
1.896, 4223
1.903, 4222
1.904, 4221
1.941, 4220
1.956, 4219
1.968, 4218
1.973, 4217
2.026, 4216
2.026, 4215
2.034, 4214
2.045, 4213
2.048, 4212
2.054, 4211
2.065, 4210
2.067, 4209
2.072, 4208
2.085, 4207
2.109, 4206
2.123, 4205
2.125, 4204
2.130, 4203
2.133, 4202
2.139, 4201
2.159, 4200
2.169, 4199
2.175, 4198
2.183, 4197
2.192, 4196
2.197, 4195
2.216, 4194
2.220, 4193
2.223, 4192
2.225, 4191
2.236, 4190
2.241, 4189
2.263, 4188
2.266, 4187
2.269, 4186
2.276, 4185
2.278, 4184
2.285, 4183
2.301, 4182
2.304, 4181
2.305, 4180
2.308, 4179
2.311, 4178
2.321, 4177
2.325, 4176
2.329, 4175
2.368, 4174
2.372, 4173
2.382, 4172
2.399, 4171
2.404, 4170
2.415, 4169
2.421, 4168
2.424, 4167
2.450, 4166
2.467, 4165
2.471, 4164
2.480, 4163
2.492, 4162
2.497, 4161
2.507, 4160
2.512, 4159
2.514, 4158
2.520, 4157
2.524, 4156
2.525, 4155
2.534, 4154
2.562, 4153
2.564, 4152
2.568, 4151
2.604, 4150
2.618, 4149
2.650, 4148
2.672, 4147
2.696, 4146
2.703, 4145
2.719, 4144
2.722, 4143
2.725, 4142
2.737, 4141
2.760, 4140
2.791, 4139
2.812, 4138
2.814, 4137
2.890, 4136
2.899, 4135
2.902, 4134
2.910, 4133
2.920, 4132
2.936, 4131
2.942, 4130
2.946, 4129
2.947, 4128
2.959, 4127
2.960, 4126
2.981, 4125
3.000, 4124
3.008, 4123
3.028, 4122
3.039, 4121
3.052, 4120
3.057, 4119
3.060, 4118
3.063, 4117
3.082, 4116
3.105, 4115
3.107, 4114
3.114, 4113
3.120, 4112
3.122, 4111
3.123, 4110
3.133, 4109
3.154, 4108
3.154, 4107
3.201, 4106
3.222, 4105
3.228, 4104
3.235, 4103
3.268, 4102
3.272, 4101
3.274, 4100
3.314, 4099
3.316, 4098
3.338, 4097
3.356, 4096
3.371, 4095
3.412, 4094
3.425, 4093
3.431, 4092
3.444, 4091
3.451, 4090
3.454, 4089
3.460, 4088
3.465, 4087
3.475, 4086
3.493, 4085
3.494, 4084
3.514, 4083
3.521, 4082
3.526, 4081
3.562, 4080
3.630, 4079
3.649, 4078
3.683, 4077
3.704, 4076
3.743, 4075
3.765, 4074
3.771, 4073
3.783, 4072
3.829, 4071
3.836, 4070
3.880, 4069
3.900, 4068
3.949, 4067
3.952, 4066
3.959, 4065
3.976, 4064
3.978, 4063
4.031, 4062
4.032, 4061
4.048, 4060
4.073, 4059
4.112, 4058
4.136, 4057
4.163, 4056
4.186, 4055
4.232, 4054
4.290, 4053
4.293, 4052
4.302, 4051
4.307, 4050
4.309, 4049
4.387, 4048
4.428, 4047
4.462, 4046
4.478, 4045
4.519, 4044
4.525, 4043
4.545, 4042
4.569, 4041
4.604, 4040
4.612, 4039
4.665, 4038
4.666, 4037
4.768, 4036
4.824, 4035
4.870, 4034
4.907, 4033
5.030, 4032
5.121, 4031
5.144, 4030
5.284, 4029
5.325, 4028
5.391, 4027
5.460, 4026
5.514, 4025
5.704, 4024
5.709, 4023
5.734, 4022
5.896, 4021
5.919, 4020
5.931, 4019
5.933, 4018
5.937, 4017
6.024, 4016
6.099, 4015
6.146, 4014
6.157, 4013
6.164, 4012
6.182, 4011
6.194, 4010
6.231, 4009
6.355, 4008
6.532, 4007
6.687, 4006
6.903, 4005
6.995, 4004
7.065, 4003
7.138, 4002
7.150, 4001
7.168, 4000
7.192, 3999
7.320, 3998
7.388, 3997
7.644, 3996
7.677, 3995
8.464, 3994
8.565, 3993
8.717, 3992
8.719, 3991
8.854, 3990
9.198, 3989
9.239, 3988
9.260, 3987
9.311, 3986
9.628, 3985
10.070, 3984
10.522, 3983
10.907, 3982
13.833, 3981
14.779, 3980
16.248, 3979
