0.000, 4534
0.292, 4533
0.293, 4532
0.295, 4531
0.297, 4530
0.299, 4529
0.302, 4528
0.309, 4527
0.310, 4526
0.316, 4525
0.325, 4524
0.329, 4523
0.330, 4522
0.335, 4521
0.338, 4520
0.339, 4519
0.341, 4518
0.341, 4517
0.344, 4516
0.352, 4515
0.353, 4514
0.355, 4513
0.357, 4512
0.358, 4511
0.361, 4510
0.365, 4509
0.369, 4508
0.369, 4507
0.371, 4506
0.374, 4505
0.375, 4504
0.385, 4503
0.387, 4502
0.392, 4501
0.395, 4500
0.400, 4499
0.403, 4498
0.406, 4497
0.408, 4496
0.416, 4495
0.418, 4494
0.423, 4493
0.424, 4492
0.425, 4491
0.429, 4490
0.433, 4489
0.436, 4488
0.442, 4487
0.443, 4486
0.444, 4485
0.452, 4484
0.461, 4483
0.466, 4482
0.467, 4481
0.469, 4480
0.469, 4479
0.486, 4478
0.487, 4477
0.498, 4476
0.500, 4475
0.501, 4474
0.504, 4473
0.506, 4472
0.510, 4471
0.511, 4470
0.516, 4469
0.518, 4468
0.524, 4467
0.528, 4466
0.529, 4465
0.547, 4464
0.549, 4463
0.551, 4462
0.553, 4461
0.556, 4460
0.564, 4459
0.570, 4458
0.572, 4457
0.575, 4456
0.579, 4455
0.589, 4454
0.593, 4453
0.602, 4452
0.606, 4451
0.612, 4450
0.617, 4449
0.618, 4448
0.624, 4447
0.634, 4446
0.636, 4445
0.637, 4444
0.638, 4443
0.640, 4442
0.641, 4441
0.641, 4440
0.643, 4439
0.646, 4438
0.651, 4437
0.654, 4436
0.655, 4435
0.668, 4434
0.675, 4433
0.685, 4432
0.695, 4431
0.699, 4430
0.699, 4429
0.704, 4428
0.716, 4427
0.722, 4426
0.724, 4425
0.735, 4424
0.737, 4423
0.739, 4422
0.747, 4421
0.753, 4420
0.759, 4419
0.762, 4418
0.764, 4417
0.777, 4416
0.781, 4415
0.782, 4414
0.786, 4413
0.788, 4412
0.790, 4411
0.793, 4410
0.799, 4409
0.802, 4408
0.803, 4407
0.814, 4406
0.815, 4405
0.829, 4404
0.830, 4403
0.830, 4402
0.835, 4401
0.837, 4400
0.840, 4399
0.846, 4398
0.858, 4397
0.862, 4396
0.863, 4395
0.872, 4394
0.875, 4393
0.880, 4392
0.882, 4391
0.896, 4390
0.901, 4389
0.910, 4388
0.911, 4387
0.912, 4386
0.913, 4385
0.921, 4384
0.923, 4383
0.925, 4382
0.936, 4381
0.938, 4380
0.951, 4379
0.956, 4378
0.961, 4377
0.963, 4376
0.965, 4375
0.966, 4374
0.975, 4373
0.993, 4372
0.996, 4371
0.996, 4370
1.025, 4369
1.034, 4368
1.040, 4367
1.041, 4366
1.044, 4365
1.045, 4364
1.048, 4363
1.056, 4362
1.063, 4361
1.071, 4360
1.074, 4359
1.079, 4358
1.081, 4357
1.083, 4356
1.087, 4355
1.091, 4354
1.111, 4353
1.112, 4352
1.120, 4351
1.127, 4350
1.131, 4349
1.132, 4348
1.136, 4347
1.139, 4346
1.139, 4345
1.141, 4344
1.160, 4343
1.161, 4342
1.173, 4341
1.173, 4340
1.177, 4339
1.179, 4338
1.195, 4337
1.209, 4336
1.215, 4335
1.215, 4334
1.219, 4333
1.233, 4332
1.240, 4331
1.241, 4330
1.258, 4329
1.260, 4328
1.261, 4327
1.265, 4326
1.266, 4325
1.269, 4324
1.271, 4323
1.285, 4322
1.294, 4321
1.294, 4320
1.312, 4319
1.314, 4318
1.316, 4317
1.317, 4316
1.318, 4315
1.320, 4314
1.323, 4313
1.327, 4312
1.328, 4311
1.332, 4310
1.338, 4309
1.344, 4308
1.344, 4307
1.348, 4306
1.350, 4305
1.364, 4304
1.366, 4303
1.369, 4302
1.376, 4301
1.388, 4300
1.389, 4299
1.409, 4298
1.418, 4297
1.423, 4296
1.425, 4295
1.426, 4294
1.428, 4293
1.432, 4292
1.433, 4291
1.438, 4290
1.439, 4289
1.453, 4288
1.491, 4287
1.526, 4286
1.530, 4285
1.530, 4284
1.534, 4283
1.540, 4282
1.543, 4281
1.562, 4280
1.567, 4279
1.568, 4278
1.572, 4277
1.574, 4276
1.575, 4275
1.576, 4274
1.577, 4273
1.582, 4272
1.588, 4271
1.602, 4270
1.605, 4269
1.606, 4268
1.610, 4267
1.613, 4266
1.618, 4265
1.626, 4264
1.627, 4263
1.642, 4262
1.647, 4261
1.655, 4260
1.664, 4259
1.665, 4258
1.666, 4257
1.669, 4256
1.673, 4255
1.685, 4254
1.686, 4253
1.694, 4252
1.697, 4251
1.700, 4250
1.703, 4249
1.716, 4248
1.730, 4247
1.761, 4246
1.761, 4245
1.762, 4244
1.762, 4243
1.767, 4242
1.771, 4241
1.783, 4240
1.791, 4239
1.795, 4238
1.805, 4237
1.812, 4236
1.814, 4235
1.833, 4234
1.834, 4233
1.837, 4232
1.850, 4231
1.852, 4230
1.856, 4229
1.866, 4228
1.895, 4227
1.906, 4226
1.916, 4225
1.920, 4224
1.931, 4223
1.934, 4222
1.941, 4221
1.944, 4220
1.947, 4219
1.948, 4218
1.963, 4217
1.976, 4216
1.977, 4215
1.989, 4214
1.991, 4213
1.997, 4212
2.012, 4211
2.027, 4210
2.028, 4209
2.029, 4208
2.031, 4207
2.040, 4206
2.045, 4205
2.057, 4204
2.062, 4203
2.067, 4202
2.067, 4201
2.072, 4200
2.083, 4199
2.087, 4198
2.102, 4197
2.109, 4196
2.110, 4195
2.113, 4194
2.121, 4193
2.128, 4192
2.145, 4191
2.146, 4190
2.157, 4189
2.163, 4188
2.167, 4187
2.173, 4186
2.184, 4185
2.187, 4184
2.218, 4183
2.223, 4182
2.227, 4181
2.237, 4180
2.251, 4179
2.257, 4178
2.265, 4177
2.286, 4176
2.291, 4175
2.314, 4174
2.323, 4173
2.326, 4172
2.327, 4171
2.344, 4170
2.350, 4169
2.370, 4168
2.376, 4167
2.381, 4166
2.391, 4165
2.394, 4164
2.415, 4163
2.416, 4162
2.424, 4161
2.437, 4160
2.443, 4159
2.446, 4158
2.447, 4157
2.457, 4156
2.461, 4155
2.472, 4154
2.477, 4153
2.499, 4152
2.511, 4151
2.515, 4150
2.534, 4149
2.547, 4148
2.587, 4147
2.591, 4146
2.596, 4145
2.619, 4144
2.623, 4143
2.719, 4142
2.756, 4141
2.757, 4140
2.774, 4139
2.786, 4138
2.788, 4137
2.819, 4136
2.826, 4135
2.830, 4134
2.834, 4133
2.840, 4132
2.850, 4131
2.870, 4130
2.886, 4129
2.892, 4128
2.909, 4127
2.911, 4126
2.930, 4125
2.937, 4124
2.964, 4123
2.980, 4122
2.997, 4121
3.032, 4120
3.047, 4119
3.060, 4118
3.066, 4117
3.106, 4116
3.138, 4115
3.142, 4114
3.148, 4113
3.187, 4112
3.191, 4111
3.194, 4110
3.200, 4109
3.230, 4108
3.230, 4107
3.232, 4106
3.243, 4105
3.272, 4104
3.276, 4103
3.289, 4102
3.291, 4101
3.351, 4100
3.358, 4099
3.375, 4098
3.377, 4097
3.388, 4096
3.402, 4095
3.414, 4094
3.421, 4093
3.430, 4092
3.438, 4091
3.477, 4090
3.492, 4089
3.521, 4088
3.527, 4087
3.536, 4086
3.561, 4085
3.574, 4084
3.574, 4083
3.613, 4082
3.635, 4081
3.639, 4080
3.656, 4079
3.657, 4078
3.660, 4077
3.667, 4076
3.670, 4075
3.700, 4074
3.732, 4073
3.740, 4072
3.743, 4071
3.765, 4070
3.783, 4069
3.881, 4068
3.883, 4067
3.909, 4066
3.958, 4065
4.111, 4064
4.113, 4063
4.127, 4062
4.138, 4061
4.148, 4060
4.175, 4059
4.175, 4058
4.183, 4057
4.213, 4056
4.240, 4055
4.332, 4054
4.341, 4053
4.400, 4052
4.410, 4051
4.418, 4050
4.430, 4049
4.445, 4048
4.448, 4047
4.521, 4046
4.605, 4045
4.646, 4044
4.718, 4043
4.746, 4042
4.793, 4041
4.859, 4040
4.864, 4039
4.925, 4038
5.048, 4037
5.103, 4036
5.112, 4035
5.114, 4034
5.200, 4033
5.222, 4032
5.250, 4031
5.259, 4030
5.284, 4029
5.423, 4028
5.427, 4027
5.435, 4026
5.451, 4025
5.521, 4024
5.787, 4023
5.802, 4022
5.812, 4021
5.897, 4020
5.923, 4019
5.981, 4018
5.997, 4017
6.057, 4016
6.067, 4015
6.117, 4014
6.181, 4013
6.219, 4012
6.241, 4011
6.311, 4010
6.364, 4009
6.373, 4008
6.493, 4007
6.791, 4006
6.818, 4005
6.951, 4004
6.986, 4003
7.108, 4002
7.271, 4001
7.361, 4000
7.402, 3999
7.689, 3998
7.828, 3997
7.835, 3996
7.984, 3995
8.477, 3994
8.720, 3993
9.016, 3992
9.208, 3991
9.303, 3990
9.627, 3989
9.650, 3988
12.465, 3987
15.784, 3986
16.394, 3985
16.768, 3984
