0.000, 4534
0.318, 4533
0.320, 4532
0.321, 4531
0.323, 4530
0.326, 4529
0.328, 4528
0.334, 4527
0.337, 4526
0.338, 4525
0.340, 4524
0.342, 4523
0.349, 4522
0.352, 4521
0.355, 4520
0.357, 4519
0.365, 4518
0.368, 4517
0.369, 4516
0.370, 4515
0.375, 4514
0.387, 4513
0.393, 4512
0.397, 4511
0.400, 4510
0.401, 4509
0.411, 4508
0.413, 4507
0.418, 4506
0.426, 4505
0.428, 4504
0.430, 4503
0.432, 4502
0.438, 4501
0.440, 4500
0.440, 4499
0.443, 4498
0.444, 4497
0.451, 4496
0.452, 4495
0.454, 4494
0.456, 4493
0.456, 4492
0.465, 4491
0.466, 4490
0.469, 4489
0.472, 4488
0.476, 4487
0.477, 4486
0.478, 4485
0.481, 4484
0.483, 4483
0.484, 4482
0.490, 4481
0.491, 4480
0.492, 4479
0.495, 4478
0.498, 4477
0.498, 4476
0.510, 4475
0.514, 4474
0.514, 4473
0.516, 4472
0.532, 4471
0.534, 4470
0.535, 4469
0.543, 4468
0.548, 4467
0.549, 4466
0.556, 4465
0.560, 4464
0.561, 4463
0.562, 4462
0.566, 4461
0.571, 4460
0.572, 4459
0.573, 4458
0.574, 4457
0.575, 4456
0.577, 4455
0.584, 4454
0.591, 4453
0.593, 4452
0.594, 4451
0.599, 4450
0.602, 4449
0.603, 4448
0.606, 4447
0.611, 4446
0.612, 4445
0.617, 4444
0.618, 4443
0.632, 4442
0.633, 4441
0.643, 4440
0.644, 4439
0.645, 4438
0.652, 4437
0.653, 4436
0.659, 4435
0.660, 4434
0.663, 4433
0.670, 4432
0.680, 4431
0.681, 4430
0.682, 4429
0.684, 4428
0.691, 4427
0.698, 4426
0.701, 4425
0.705, 4424
0.710, 4423
0.713, 4422
0.716, 4421
0.717, 4420
0.726, 4419
0.727, 4418
0.728, 4417
0.731, 4416
0.739, 4415
0.743, 4414
0.750, 4413
0.752, 4412
0.755, 4411
0.759, 4410
0.772, 4409
0.774, 4408
0.776, 4407
0.778, 4406
0.781, 4405
0.783, 4404
0.803, 4403
0.805, 4402
0.807, 4401
0.812, 4400
0.824, 4399
0.850, 4398
0.852, 4397
0.854, 4396
0.861, 4395
0.862, 4394
0.864, 4393
0.868, 4392
0.876, 4391
0.881, 4390
0.886, 4389
0.889, 4388
0.901, 4387
0.904, 4386
0.906, 4385
0.911, 4384
0.913, 4383
0.914, 4382
0.915, 4381
0.919, 4380
0.921, 4379
0.935, 4378
0.936, 4377
0.938, 4376
0.941, 4375
0.943, 4374
0.950, 4373
0.952, 4372
0.953, 4371
0.958, 4370
0.960, 4369
0.964, 4368
0.969, 4367
0.972, 4366
0.976, 4365
1.003, 4364
1.004, 4363
1.006, 4362
1.009, 4361
1.010, 4360
1.014, 4359
1.017, 4358
1.023, 4357
1.027, 4356
1.032, 4355
1.033, 4354
1.034, 4353
1.038, 4352
1.041, 4351
1.042, 4350
1.045, 4349
1.069, 4348
1.072, 4347
1.073, 4346
1.074, 4345
1.076, 4344
1.083, 4343
1.084, 4342
1.086, 4341
1.089, 4340
1.090, 4339
1.093, 4338
1.101, 4337
1.102, 4336
1.105, 4335
1.110, 4334
1.116, 4333
1.121, 4332
1.130, 4331
1.131, 4330
1.132, 4329
1.140, 4328
1.140, 4327
1.142, 4326
1.156, 4325
1.158, 4324
1.164, 4323
1.165, 4322
1.169, 4321
1.170, 4320
1.187, 4319
1.206, 4318
1.209, 4317
1.210, 4316
1.212, 4315
1.213, 4314
1.232, 4313
1.242, 4312
1.249, 4311
1.251, 4310
1.254, 4309
1.255, 4308
1.260, 4307
1.266, 4306
1.275, 4305
1.283, 4304
1.291, 4303
1.294, 4302
1.301, 4301
1.308, 4300
1.321, 4299
1.333, 4298
1.335, 4297
1.351, 4296
1.352, 4295
1.355, 4294
1.390, 4293
1.403, 4292
1.419, 4291
1.420, 4290
1.425, 4289
1.433, 4288
1.445, 4287
1.445, 4286
1.450, 4285
1.464, 4284
1.472, 4283
1.474, 4282
1.478, 4281
1.484, 4280
1.492, 4279
1.502, 4278
1.504, 4277
1.504, 4276
1.506, 4275
1.507, 4274
1.526, 4273
1.529, 4272
1.529, 4271
1.533, 4270
1.539, 4269
1.547, 4268
1.552, 4267
1.559, 4266
1.562, 4265
1.572, 4264
1.598, 4263
1.600, 4262
1.604, 4261
1.618, 4260
1.625, 4259
1.627, 4258
1.630, 4257
1.638, 4256
1.642, 4255
1.657, 4254
1.663, 4253
1.676, 4252
1.681, 4251
1.682, 4250
1.684, 4249
1.697, 4248
1.724, 4247
1.735, 4246
1.737, 4245
1.750, 4244
1.753, 4243
1.761, 4242
1.772, 4241
1.775, 4240
1.776, 4239
1.785, 4238
1.786, 4237
1.799, 4236
1.803, 4235
1.807, 4234
1.841, 4233
1.846, 4232
1.870, 4231
1.873, 4230
1.874, 4229
1.878, 4228
1.894, 4227
1.912, 4226
1.915, 4225
1.924, 4224
1.930, 4223
1.931, 4222
1.937, 4221
1.938, 4220
1.938, 4219
1.944, 4218
1.953, 4217
1.955, 4216
1.960, 4215
1.964, 4214
1.972, 4213
1.973, 4212
1.975, 4211
1.983, 4210
1.988, 4209
1.999, 4208
2.003, 4207
2.013, 4206
2.019, 4205
2.025, 4204
2.032, 4203
2.052, 4202
2.054, 4201
2.055, 4200
2.061, 4199
2.083, 4198
2.084, 4197
2.086, 4196
2.093, 4195
2.098, 4194
2.128, 4193
2.144, 4192
2.154, 4191
2.156, 4190
2.161, 4189
2.172, 4188
2.177, 4187
2.187, 4186
2.210, 4185
2.211, 4184
2.224, 4183
2.228, 4182
2.231, 4181
2.233, 4180
2.237, 4179
2.238, 4178
2.251, 4177
2.258, 4176
2.267, 4175
2.286, 4174
2.288, 4173
2.289, 4172
2.290, 4171
2.292, 4170
2.294, 4169
2.301, 4168
2.323, 4167
2.344, 4166
2.351, 4165
2.369, 4164
2.374, 4163
2.377, 4162
2.379, 4161
2.392, 4160
2.409, 4159
2.410, 4158
2.413, 4157
2.415, 4156
2.452, 4155
2.455, 4154
2.468, 4153
2.489, 4152
2.512, 4151
2.550, 4150
2.565, 4149
2.602, 4148
2.607, 4147
2.613, 4146
2.615, 4145
2.626, 4144
2.627, 4143
2.645, 4142
2.646, 4141
2.675, 4140
2.679, 4139
2.693, 4138
2.706, 4137
2.724, 4136
2.739, 4135
2.746, 4134
2.750, 4133
2.757, 4132
2.778, 4131
2.791, 4130
2.796, 4129
2.814, 4128
2.816, 4127
2.827, 4126
2.832, 4125
2.855, 4124
2.856, 4123
2.857, 4122
2.918, 4121
2.922, 4120
2.947, 4119
2.950, 4118
2.951, 4117
2.978, 4116
2.983, 4115
2.987, 4114
2.989, 4113
3.017, 4112
3.025, 4111
3.041, 4110
3.043, 4109
3.075, 4108
3.112, 4107
3.131, 4106
3.148, 4105
3.196, 4104
3.201, 4103
3.205, 4102
3.236, 4101
3.239, 4100
3.260, 4099
3.264, 4098
3.313, 4097
3.350, 4096
3.375, 4095
3.398, 4094
3.408, 4093
3.418, 4092
3.448, 4091
3.455, 4090
3.466, 4089
3.473, 4088
3.490, 4087
3.502, 4086
3.582, 4085
3.602, 4084
3.620, 4083
3.682, 4082
3.738, 4081
3.745, 4080
3.746, 4079
3.755, 4078
3.764, 4077
3.774, 4076
3.774, 4075
3.784, 4074
3.793, 4073
3.827, 4072
3.830, 4071
3.838, 4070
3.869, 4069
3.901, 4068
3.940, 4067
4.028, 4066
4.030, 4065
4.039, 4064
4.043, 4063
4.050, 4062
4.053, 4061
4.060, 4060
4.066, 4059
4.080, 4058
4.089, 4057
4.127, 4056
4.219, 4055
4.225, 4054
4.227, 4053
4.230, 4052
4.349, 4051
4.364, 4050
4.382, 4049
4.387, 4048
4.409, 4047
4.431, 4046
4.433, 4045
4.441, 4044
4.464, 4043
4.587, 4042
4.633, 4041
4.653, 4040
4.692, 4039
4.782, 4038
4.788, 4037
4.838, 4036
4.860, 4035
4.888, 4034
4.908, 4033
4.937, 4032
4.952, 4031
4.996, 4030
5.052, 4029
5.120, 4028
5.125, 4027
5.243, 4026
5.321, 4025
5.474, 4024
5.477, 4023
5.607, 4022
5.722, 4021
5.820, 4020
5.838, 4019
5.919, 4018
5.967, 4017
6.004, 4016
6.039, 4015
6.162, 4014
6.179, 4013
6.240, 4012
6.246, 4011
6.422, 4010
6.476, 4009
6.622, 4008
6.643, 4007
6.800, 4006
6.873, 4005
6.937, 4004
6.959, 4003
7.046, 4002
7.054, 4001
7.098, 4000
7.100, 3999
7.161, 3998
7.357, 3997
7.493, 3996
7.701, 3995
7.823, 3994
7.864, 3993
7.911, 3992
8.070, 3991
8.167, 3990
8.231, 3989
8.244, 3988
8.612, 3987
8.674, 3986
9.336, 3985
9.360, 3984
9.934, 3983
9.969, 3982
12.839, 3981
12.946, 3980
13.336, 3979
14.019, 3978
14.448, 3977
