0.000, 4534
0.296, 4533
0.304, 4532
0.306, 4531
0.308, 4530
0.309, 4529
0.316, 4528
0.319, 4527
0.320, 4526
0.322, 4525
0.322, 4524
0.325, 4523
0.326, 4522
0.328, 4521
0.329, 4520
0.330, 4519
0.332, 4518
0.333, 4517
0.336, 4516
0.339, 4515
0.340, 4514
0.344, 4513
0.346, 4512
0.347, 4511
0.349, 4510
0.350, 4509
0.352, 4508
0.352, 4507
0.354, 4506
0.357, 4505
0.359, 4504
0.362, 4503
0.369, 4502
0.373, 4501
0.378, 4500
0.381, 4499
0.383, 4498
0.388, 4497
0.396, 4496
0.401, 4495
0.403, 4494
0.408, 4493
0.408, 4492
0.409, 4491
0.411, 4490
0.417, 4489
0.422, 4488
0.425, 4487
0.426, 4486
0.430, 4485
0.436, 4484
0.443, 4483
0.445, 4482
0.448, 4481
0.449, 4480
0.451, 4479
0.454, 4478
0.465, 4477
0.467, 4476
0.471, 4475
0.474, 4474
0.477, 4473
0.478, 4472
0.479, 4471
0.481, 4470
0.487, 4469
0.489, 4468
0.493, 4467
0.500, 4466
0.502, 4465
0.511, 4464
0.514, 4463
0.516, 4462
0.519, 4461
0.520, 4460
0.525, 4459
0.526, 4458
0.534, 4457
0.535, 4456
0.537, 4455
0.538, 4454
0.544, 4453
0.555, 4452
0.558, 4451
0.560, 4450
0.562, 4449
0.565, 4448
0.568, 4447
0.573, 4446
0.578, 4445
0.589, 4444
0.590, 4443
0.591, 4442
0.609, 4441
0.611, 4440
0.625, 4439
0.626, 4438
0.629, 4437
0.636, 4436
0.643, 4435
0.644, 4434
0.663, 4433
0.672, 4432
0.674, 4431
0.683, 4430
0.695, 4429
0.699, 4428
0.704, 4427
0.707, 4426
0.716, 4425
0.719, 4424
0.721, 4423
0.725, 4422
0.726, 4421
0.727, 4420
0.729, 4419
0.740, 4418
0.741, 4417
0.744, 4416
0.746, 4415
0.752, 4414
0.758, 4413
0.758, 4412
0.760, 4411
0.766, 4410
0.780, 4409
0.780, 4408
0.784, 4407
0.788, 4406
0.801, 4405
0.804, 4404
0.807, 4403
0.812, 4402
0.818, 4401
0.821, 4400
0.823, 4399
0.835, 4398
0.835, 4397
0.845, 4396
0.852, 4395
0.864, 4394
0.869, 4393
0.870, 4392
0.871, 4391
0.876, 4390
0.880, 4389
0.881, 4388
0.882, 4387
0.887, 4386
0.888, 4385
0.892, 4384
0.897, 4383
0.899, 4382
0.902, 4381
0.903, 4380
0.906, 4379
0.907, 4378
0.912, 4377
0.914, 4376
0.915, 4375
0.916, 4374
0.928, 4373
0.933, 4372
0.942, 4371
0.954, 4370
0.964, 4369
0.980, 4368
0.992, 4367
0.996, 4366
0.996, 4365
0.997, 4364
0.999, 4363
1.004, 4362
1.006, 4361
1.011, 4360
1.022, 4359
1.028, 4358
1.036, 4357
1.039, 4356
1.040, 4355
1.046, 4354
1.049, 4353
1.055, 4352
1.058, 4351
1.063, 4350
1.065, 4349
1.079, 4348
1.093, 4347
1.095, 4346
1.099, 4345
1.117, 4344
1.128, 4343
1.128, 4342
1.130, 4341
1.131, 4340
1.132, 4339
1.133, 4338
1.143, 4337
1.157, 4336
1.163, 4335
1.170, 4334
1.177, 4333
1.179, 4332
1.180, 4331
1.181, 4330
1.183, 4329
1.193, 4328
1.197, 4327
1.207, 4326
1.213, 4325
1.218, 4324
1.219, 4323
1.221, 4322
1.232, 4321
1.234, 4320
1.237, 4319
1.240, 4318
1.249, 4317
1.273, 4316
1.275, 4315
1.276, 4314
1.285, 4313
1.289, 4312
1.289, 4311
1.290, 4310
1.291, 4309
1.293, 4308
1.297, 4307
1.298, 4306
1.301, 4305
1.303, 4304
1.310, 4303
1.333, 4302
1.346, 4301
1.357, 4300
1.361, 4299
1.364, 4298
1.367, 4297
1.369, 4296
1.373, 4295
1.377, 4294
1.382, 4293
1.400, 4292
1.413, 4291
1.414, 4290
1.421, 4289
1.428, 4288
1.434, 4287
1.443, 4286
1.445, 4285
1.457, 4284
1.462, 4283
1.473, 4282
1.474, 4281
1.480, 4280
1.482, 4279
1.503, 4278
1.504, 4277
1.526, 4276
1.527, 4275
1.531, 4274
1.547, 4273
1.550, 4272
1.552, 4271
1.554, 4270
1.557, 4269
1.561, 4268
1.579, 4267
1.583, 4266
1.595, 4265
1.624, 4264
1.634, 4263
1.640, 4262
1.647, 4261
1.657, 4260
1.659, 4259
1.661, 4258
1.665, 4257
1.666, 4256
1.675, 4255
1.682, 4254
1.683, 4253
1.688, 4252
1.691, 4251
1.692, 4250
1.693, 4249
1.708, 4248
1.712, 4247
1.718, 4246
1.724, 4245
1.742, 4244
1.746, 4243
1.756, 4242
1.759, 4241
1.764, 4240
1.767, 4239
1.768, 4238
1.770, 4237
1.772, 4236
1.785, 4235
1.786, 4234
1.801, 4233
1.805, 4232
1.807, 4231
1.810, 4230
1.819, 4229
1.826, 4228
1.831, 4227
1.833, 4226
1.835, 4225
1.839, 4224
1.868, 4223
1.880, 4222
1.882, 4221
1.886, 4220
1.893, 4219
1.909, 4218
1.912, 4217
1.914, 4216
1.917, 4215
1.949, 4214
1.951, 4213
1.954, 4212
1.958, 4211
1.974, 4210
1.984, 4209
2.003, 4208
2.007, 4207
2.008, 4206
2.014, 4205
2.023, 4204
2.028, 4203
2.040, 4202
2.045, 4201
2.074, 4200
2.078, 4199
2.079, 4198
2.082, 4197
2.082, 4196
2.089, 4195
2.101, 4194
2.130, 4193
2.133, 4192
2.155, 4191
2.175, 4190
2.194, 4189
2.196, 4188
2.200, 4187
2.201, 4186
2.222, 4185
2.269, 4184
2.277, 4183
2.295, 4182
2.297, 4181
2.325, 4180
2.341, 4179
2.348, 4178
2.355, 4177
2.356, 4176
2.371, 4175
2.376, 4174
2.383, 4173
2.390, 4172
2.401, 4171
2.407, 4170
2.409, 4169
2.439, 4168
2.447, 4167
2.485, 4166
2.491, 4165
2.497, 4164
2.511, 4163
2.518, 4162
2.523, 4161
2.537, 4160
2.559, 4159
2.575, 4158
2.585, 4157
2.592, 4156
2.603, 4155
2.613, 4154
2.639, 4153
2.640, 4152
2.654, 4151
2.662, 4150
2.669, 4149
2.672, 4148
2.678, 4147
2.682, 4146
2.686, 4145
2.714, 4144
2.723, 4143
2.747, 4142
2.752, 4141
2.782, 4140
2.789, 4139
2.791, 4138
2.796, 4137
2.803, 4136
2.811, 4135
2.826, 4134
2.886, 4133
2.899, 4132
2.941, 4131
2.951, 4130
2.963, 4129
2.969, 4128
2.971, 4127
2.981, 4126
2.999, 4125
3.006, 4124
3.020, 4123
3.044, 4122
3.058, 4121
3.063, 4120
3.086, 4119
3.103, 4118
3.132, 4117
3.158, 4116
3.159, 4115
3.165, 4114
3.177, 4113
3.189, 4112
3.192, 4111
3.206, 4110
3.220, 4109
3.222, 4108
3.250, 4107
3.277, 4106
3.287, 4105
3.300, 4104
3.313, 4103
3.316, 4102
3.338, 4101
3.355, 4100
3.355, 4099
3.405, 4098
3.438, 4097
3.440, 4096
3.467, 4095
3.476, 4094
3.504, 4093
3.505, 4092
3.534, 4091
3.556, 4090
3.565, 4089
3.568, 4088
3.589, 4087
3.593, 4086
3.612, 4085
3.624, 4084
3.637, 4083
3.643, 4082
3.646, 4081
3.648, 4080
3.673, 4079
3.756, 4078
3.757, 4077
3.763, 4076
3.769, 4075
3.828, 4074
3.830, 4073
3.853, 4072
3.887, 4071
3.965, 4070
3.983, 4069
4.046, 4068
4.099, 4067
4.120, 4066
4.165, 4065
4.171, 4064
4.190, 4063
4.212, 4062
4.237, 4061
4.265, 4060
4.267, 4059
4.329, 4058
4.401, 4057
4.491, 4056
4.506, 4055
4.512, 4054
4.552, 4053
4.566, 4052
4.568, 4051
4.569, 4050
4.570, 4049
4.580, 4048
4.583, 4047
4.608, 4046
4.618, 4045
4.660, 4044
4.751, 4043
4.797, 4042
4.798, 4041
4.872, 4040
4.915, 4039
4.929, 4038
4.997, 4037
4.998, 4036
5.067, 4035
5.074, 4034
5.157, 4033
5.172, 4032
5.185, 4031
5.218, 4030
5.223, 4029
5.281, 4028
5.304, 4027
5.353, 4026
5.453, 4025
5.455, 4024
5.472, 4023
5.486, 4022
5.627, 4021
5.644, 4020
5.744, 4019
5.789, 4018
5.830, 4017
5.850, 4016
5.893, 4015
5.903, 4014
5.934, 4013
5.959, 4012
5.971, 4011
6.002, 4010
6.049, 4009
6.056, 4008
6.090, 4007
6.492, 4006
6.570, 4005
6.588, 4004
6.645, 4003
6.712, 4002
6.774, 4001
6.953, 4000
7.347, 3999
7.359, 3998
7.365, 3997
7.435, 3996
7.438, 3995
7.494, 3994
7.599, 3993
7.917, 3992
8.035, 3991
8.062, 3990
8.316, 3989
9.295, 3988
9.516, 3987
9.815, 3986
9.903, 3985
10.243, 3984
11.553, 3983
12.187, 3982
16.869, 3981
