0.002, 4535
0.421, 4534
0.423, 4533
0.424, 4532
0.430, 4531
0.431, 4530
0.437, 4529
0.441, 4528
0.441, 4527
0.442, 4526
0.447, 4525
0.449, 4524
0.450, 4523
0.463, 4522
0.471, 4521
0.474, 4520
0.475, 4519
0.482, 4518
0.483, 4517
0.484, 4516
0.485, 4515
0.486, 4514
0.492, 4513
0.498, 4512
0.503, 4511
0.503, 4510
0.509, 4509
0.510, 4508
0.512, 4507
0.521, 4506
0.524, 4505
0.531, 4504
0.533, 4503
0.535, 4502
0.536, 4501
0.544, 4500
0.549, 4499
0.554, 4498
0.562, 4497
0.564, 4496
0.566, 4495
0.567, 4494
0.572, 4493
0.575, 4492
0.577, 4491
0.579, 4490
0.582, 4489
0.584, 4488
0.584, 4487
0.585, 4486
0.587, 4485
0.590, 4484
0.592, 4483
0.594, 4482
0.596, 4481
0.598, 4480
0.600, 4479
0.607, 4478
0.610, 4477
0.624, 4476
0.628, 4475
0.630, 4474
0.632, 4473
0.634, 4472
0.639, 4471
0.640, 4470
0.645, 4469
0.647, 4468
0.650, 4467
0.655, 4466
0.657, 4465
0.663, 4464
0.666, 4463
0.669, 4462
0.671, 4461
0.672, 4460
0.673, 4459
0.674, 4458
0.675, 4457
0.676, 4456
0.678, 4455
0.681, 4454
0.682, 4453
0.684, 4452
0.686, 4451
0.686, 4450
0.687, 4449
0.695, 4448
0.698, 4447
0.700, 4446
0.710, 4445
0.716, 4444
0.722, 4443
0.733, 4442
0.734, 4441
0.736, 4440
0.740, 4439
0.743, 4438
0.749, 4437
0.753, 4436
0.760, 4435
0.761, 4434
0.763, 4433
0.764, 4432
0.769, 4431
0.770, 4430
0.771, 4429
0.777, 4428
0.784, 4427
0.786, 4426
0.790, 4425
0.792, 4424
0.797, 4423
0.808, 4422
0.811, 4421
0.817, 4420
0.821, 4419
0.822, 4418
0.832, 4417
0.844, 4416
0.846, 4415
0.853, 4414
0.854, 4413
0.856, 4412
0.857, 4411
0.858, 4410
0.868, 4409
0.869, 4408
0.870, 4407
0.870, 4406
0.871, 4405
0.878, 4404
0.879, 4403
0.883, 4402
0.884, 4401
0.888, 4400
0.891, 4399
0.893, 4398
0.894, 4397
0.896, 4396
0.899, 4395
0.901, 4394
0.902, 4393
0.910, 4392
0.916, 4391
0.924, 4390
0.926, 4389
0.934, 4388
0.949, 4387
0.970, 4386
0.972, 4385
0.978, 4384
0.983, 4383
0.983, 4382
0.988, 4381
0.991, 4380
1.000, 4379
1.003, 4378
1.008, 4377
1.009, 4376
1.011, 4375
1.013, 4374
1.015, 4373
1.016, 4372
1.024, 4371
1.031, 4370
1.050, 4369
1.052, 4368
1.060, 4367
1.065, 4366
1.073, 4365
1.076, 4364
1.082, 4363
1.085, 4362
1.127, 4361
1.137, 4360
1.140, 4359
1.142, 4358
1.152, 4357
1.153, 4356
1.155, 4355
1.163, 4354
1.166, 4353
1.167, 4352
1.173, 4351
1.183, 4350
1.184, 4349
1.188, 4348
1.189, 4347
1.190, 4346
1.191, 4345
1.192, 4344
1.194, 4343
1.203, 4342
1.209, 4341
1.209, 4340
1.218, 4339
1.219, 4338
1.220, 4337
1.221, 4336
1.229, 4335
1.233, 4334
1.244, 4333
1.251, 4332
1.252, 4331
1.255, 4330
1.257, 4329
1.271, 4328
1.277, 4327
1.284, 4326
1.286, 4325
1.293, 4324
1.295, 4323
1.296, 4322
1.303, 4321
1.304, 4320
1.305, 4319
1.313, 4318
1.323, 4317
1.324, 4316
1.327, 4315
1.328, 4314
1.333, 4313
1.341, 4312
1.344, 4311
1.346, 4310
1.350, 4309
1.353, 4308
1.358, 4307
1.365, 4306
1.370, 4305
1.379, 4304
1.391, 4303
1.415, 4302
1.431, 4301
1.436, 4300
1.441, 4299
1.444, 4298
1.447, 4297
1.450, 4296
1.464, 4295
1.467, 4294
1.468, 4293
1.473, 4292
1.477, 4291
1.485, 4290
1.488, 4289
1.497, 4288
1.509, 4287
1.522, 4286
1.524, 4285
1.527, 4284
1.540, 4283
1.545, 4282
1.548, 4281
1.553, 4280
1.563, 4279
1.565, 4278
1.573, 4277
1.575, 4276
1.588, 4275
1.617, 4274
1.626, 4273
1.638, 4272
1.638, 4271
1.640, 4270
1.648, 4269
1.654, 4268
1.664, 4267
1.673, 4266
1.696, 4265
1.697, 4264
1.713, 4263
1.733, 4262
1.742, 4261
1.761, 4260
1.764, 4259
1.766, 4258
1.768, 4257
1.772, 4256
1.781, 4255
1.783, 4254
1.794, 4253
1.803, 4252
1.813, 4251
1.819, 4250
1.822, 4249
1.823, 4248
1.835, 4247
1.841, 4246
1.848, 4245
1.856, 4244
1.867, 4243
1.869, 4242
1.878, 4241
1.909, 4240
1.919, 4239
1.925, 4238
1.931, 4237
1.942, 4236
1.950, 4235
1.956, 4234
1.963, 4233
1.970, 4232
1.975, 4231
1.978, 4230
1.988, 4229
1.989, 4228
2.001, 4227
2.016, 4226
2.020, 4225
2.040, 4224
2.051, 4223
2.052, 4222
2.056, 4221
2.064, 4220
2.066, 4219
2.077, 4218
2.081, 4217
2.108, 4216
2.128, 4215
2.135, 4214
2.139, 4213
2.148, 4212
2.150, 4211
2.174, 4210
2.196, 4209
2.209, 4208
2.219, 4207
2.225, 4206
2.229, 4205
2.234, 4204
2.237, 4203
2.249, 4202
2.251, 4201
2.257, 4200
2.268, 4199
2.268, 4198
2.291, 4197
2.317, 4196
2.331, 4195
2.338, 4194
2.347, 4193
2.354, 4192
2.360, 4191
2.401, 4190
2.402, 4189
2.413, 4188
2.427, 4187
2.456, 4186
2.477, 4185
2.481, 4184
2.498, 4183
2.499, 4182
2.503, 4181
2.522, 4180
2.540, 4179
2.546, 4178
2.549, 4177
2.555, 4176
2.562, 4175
2.580, 4174
2.581, 4173
2.596, 4172
2.621, 4171
2.625, 4170
2.643, 4169
2.744, 4168
2.759, 4167
2.772, 4166
2.773, 4165
2.795, 4164
2.800, 4163
2.821, 4162
2.823, 4161
2.833, 4160
2.834, 4159
2.834, 4158
2.835, 4157
2.841, 4156
2.868, 4155
2.882, 4154
2.924, 4153
2.958, 4152
2.964, 4151
2.972, 4150
2.973, 4149
2.974, 4148
2.987, 4147
3.012, 4146
3.026, 4145
3.036, 4144
3.041, 4143
3.057, 4142
3.076, 4141
3.086, 4140
3.088, 4139
3.100, 4138
3.102, 4137
3.106, 4136
3.109, 4135
3.120, 4134
3.124, 4133
3.139, 4132
3.152, 4131
3.170, 4130
3.176, 4129
3.186, 4128
3.188, 4127
3.197, 4126
3.198, 4125
3.217, 4124
3.229, 4123
3.234, 4122
3.259, 4121
3.270, 4120
3.272, 4119
3.274, 4118
3.294, 4117
3.304, 4116
3.319, 4115
3.321, 4114
3.328, 4113
3.347, 4112
3.415, 4111
3.428, 4110
3.446, 4109
3.447, 4108
3.457, 4107
3.497, 4106
3.508, 4105
3.527, 4104
3.537, 4103
3.565, 4102
3.566, 4101
3.570, 4100
3.581, 4099
3.595, 4098
3.596, 4097
3.598, 4096
3.605, 4095
3.617, 4094
3.686, 4093
3.687, 4092
3.690, 4091
3.691, 4090
3.728, 4089
3.741, 4088
3.761, 4087
3.768, 4086
3.810, 4085
3.810, 4084
3.820, 4083
3.822, 4082
3.841, 4081
3.851, 4080
3.898, 4079
3.923, 4078
3.944, 4077
3.978, 4076
4.016, 4075
4.081, 4074
4.092, 4073
4.106, 4072
4.107, 4071
4.152, 4070
4.160, 4069
4.166, 4068
4.220, 4067
4.233, 4066
4.264, 4065
4.271, 4064
4.275, 4063
4.286, 4062
4.368, 4061
4.392, 4060
4.438, 4059
4.440, 4058
4.450, 4057
4.456, 4056
4.473, 4055
4.499, 4054
4.548, 4053
4.582, 4052
4.597, 4051
4.606, 4050
4.638, 4049
4.663, 4048
4.683, 4047
4.730, 4046
4.736, 4045
4.754, 4044
4.813, 4043
4.907, 4042
4.950, 4041
4.953, 4040
4.956, 4039
4.996, 4038
5.052, 4037
5.134, 4036
5.136, 4035
5.144, 4034
5.149, 4033
5.202, 4032
5.221, 4031
5.249, 4030
5.329, 4029
5.372, 4028
5.453, 4027
5.481, 4026
5.486, 4025
5.550, 4024
5.617, 4023
5.752, 4022
5.766, 4021
5.779, 4020
5.788, 4019
5.828, 4018
5.901, 4017
5.997, 4016
6.045, 4015
6.075, 4014
6.170, 4013
6.203, 4012
6.238, 4011
6.335, 4010
6.373, 4009
6.383, 4008
6.395, 4007
6.401, 4006
6.872, 4005
6.926, 4004
7.002, 4003
7.047, 4002
7.061, 4001
7.209, 4000
7.254, 3999
7.269, 3998
7.371, 3997
7.504, 3996
7.574, 3995
7.763, 3994
7.883, 3993
7.971, 3992
8.107, 3991
8.146, 3990
8.168, 3989
8.284, 3988
8.325, 3987
8.341, 3986
8.350, 3985
8.777, 3984
8.814, 3983
9.185, 3982
10.278, 3981
11.397, 3980
12.714, 3979
14.032, 3978
17.103, 3977
