0.073, 1132
0.081, 1131
0.085, 1130
0.088, 1129
0.091, 1128
0.094, 1127
0.095, 1126
0.097, 1125
0.100, 1124
0.103, 1123
0.105, 1122
0.107, 1121
0.110, 1120
0.111, 1119
0.113, 1118
0.115, 1117
0.116, 1116
0.119, 1115
0.125, 1114
0.127, 1113
0.129, 1112
0.132, 1111
0.134, 1110
0.136, 1109
0.138, 1108
0.139, 1107
0.142, 1106
0.144, 1105
0.146, 1104
0.147, 1103
0.149, 1102
0.150, 1101
0.152, 1100
0.154, 1099
0.155, 1098
0.157, 1097
0.159, 1096
0.160, 1095
0.165, 1094
0.166, 1093
0.168, 1092
0.170, 1091
0.171, 1090
0.173, 1089
0.174, 1088
0.176, 1087
0.177, 1086
0.179, 1085
0.180, 1084
0.182, 1083
0.183, 1082
0.185, 1081
0.186, 1080
0.188, 1079
0.189, 1078
0.195, 1077
0.196, 1076
0.198, 1075
0.200, 1074
0.201, 1073
0.203, 1072
0.205, 1071
0.207, 1070
0.209, 1069
0.211, 1068
0.213, 1067
0.215, 1066
0.217, 1065
0.219, 1064
0.221, 1063
0.223, 1062
0.225, 1061
0.227, 1060
0.229, 1059
0.231, 1058
0.233, 1057
0.234, 1056
0.236, 1055
0.241, 1054
0.242, 1053
0.243, 1052
0.245, 1051
0.246, 1050
0.247, 1049
0.249, 1048
0.250, 1047
0.251, 1046
0.252, 1045
0.254, 1044
0.255, 1043
0.256, 1042
0.258, 1041
0.259, 1040
0.261, 1039
0.262, 1038
0.263, 1037
0.265, 1036
0.266, 1035
0.267, 1034
0.268, 1033
0.269, 1032
0.271, 1031
0.272, 1030
0.273, 1029
0.275, 1028
0.276, 1027
0.277, 1026
0.278, 1025
0.280, 1024
0.281, 1023
0.282, 1022
0.283, 1021
0.285, 1020
0.286, 1019
0.287, 1018
0.288, 1017
0.290, 1016
0.291, 1015
0.292, 1014
0.296, 1013
0.297, 1012
0.299, 1011
0.300, 1010
0.301, 1009
0.302, 1008
0.304, 1007
0.305, 1006
0.306, 1005
0.307, 1004
0.309, 1003
0.310, 1002
0.311, 1001
0.312, 1000
0.314, 999
0.315, 998
0.316, 997
0.317, 996
0.319, 995
0.320, 994
0.321, 993
0.322, 992
0.323, 991
0.324, 990
0.325, 989
0.327, 988
0.328, 987
0.329, 986
0.330, 985
0.331, 984
0.333, 983
0.334, 982
0.335, 981
0.336, 980
0.338, 979
0.339, 978
0.340, 977
0.341, 976
0.342, 975
0.344, 974
0.345, 973
0.346, 972
0.347, 971
0.349, 970
0.350, 969
0.352, 968
0.353, 967
0.355, 966
0.357, 965
0.358, 964
0.360, 963
0.362, 962
0.364, 961
0.366, 960
0.368, 959
0.370, 958
0.372, 957
0.373, 956
0.375, 955
0.377, 954
0.379, 953
0.381, 952
0.383, 951
0.385, 950
0.386, 949
0.388, 948
0.390, 947
0.392, 946
0.394, 945
0.395, 944
0.397, 943
0.399, 942
0.401, 941
0.404, 940
0.406, 939
0.408, 938
0.410, 937
0.411, 936
0.413, 935
0.415, 934
0.417, 933
0.419, 932
0.424, 931
0.426, 930
0.427, 929
0.428, 928
0.429, 927
0.432, 926
0.433, 925
0.435, 924
0.436, 923
0.437, 922
0.438, 921
0.440, 920
0.441, 919
0.442, 918
0.443, 917
0.445, 916
0.446, 915
0.447, 914
0.448, 913
0.449, 912
0.450, 911
0.452, 910
0.453, 909
0.454, 908
0.455, 907
0.456, 906
0.458, 905
0.459, 904
0.460, 903
0.461, 902
0.462, 901
0.464, 900
0.465, 899
0.466, 898
0.468, 897
0.469, 896
0.470, 895
0.471, 894
0.472, 893
0.474, 892
0.475, 891
0.476, 890
0.477, 889
0.478, 888
0.479, 887
0.481, 886
0.482, 885
0.483, 884
0.484, 883
0.485, 882
0.486, 881
0.487, 880
0.489, 879
0.491, 878
0.492, 877
0.494, 876
0.495, 875
0.496, 874
0.497, 873
0.498, 872
0.500, 871
0.501, 870
0.502, 869
0.503, 868
0.504, 867
0.505, 866
0.507, 865
0.508, 864
0.509, 863
0.510, 862
0.511, 861
0.512, 860
0.513, 859
0.514, 858
0.516, 857
0.517, 856
0.518, 855
0.519, 854
0.520, 853
0.521, 852
0.522, 851
0.524, 850
0.525, 849
0.527, 848
0.528, 847
0.530, 846
0.532, 845
0.534, 844
0.535, 843
0.536, 842
0.537, 841
0.538, 840
0.539, 839
0.540, 838
0.541, 837
0.542, 836
0.544, 835
0.545, 834
0.546, 833
0.547, 832
0.548, 831
0.550, 830
0.551, 829
0.552, 828
0.553, 827
0.554, 826
0.556, 825
0.557, 824
0.558, 823
0.559, 822
0.560, 821
0.561, 820
0.562, 819
0.563, 818
0.564, 817
0.565, 816
0.567, 815
0.568, 814
0.569, 813
0.570, 812
0.571, 811
0.572, 810
0.573, 809
0.574, 808
0.575, 807
0.577, 806
0.578, 805
0.579, 804
0.580, 803
0.581, 802
0.582, 801
0.583, 800
0.584, 799
0.585, 798
0.587, 797
0.588, 796
0.589, 795
0.590, 794
0.591, 793
0.593, 792
0.594, 791
0.595, 790
0.596, 789
0.597, 788
0.598, 787
0.599, 786
0.600, 785
0.601, 784
0.603, 783
0.604, 782
0.605, 781
0.606, 780
0.607, 779
0.608, 778
0.609, 777
0.610, 776
0.611, 775
0.612, 774
0.614, 773
0.615, 772
0.616, 771
0.617, 770
0.618, 769
0.619, 768
0.620, 767
0.621, 766
0.622, 765
0.623, 764
0.625, 763
0.626, 762
0.627, 761
0.628, 760
0.629, 759
0.630, 758
0.631, 757
0.632, 756
0.634, 755
0.635, 754
0.637, 753
0.638, 752
0.639, 751
0.641, 750
0.643, 749
0.645, 748
0.646, 747
0.648, 746
0.650, 745
0.652, 744
0.653, 743
0.655, 742
0.657, 741
0.658, 740
0.660, 739
0.662, 738
0.663, 737
0.665, 736
0.666, 735
0.668, 734
0.670, 733
0.671, 732
0.673, 731
0.675, 730
0.676, 729
0.678, 728
0.680, 727
0.681, 726
0.683, 725
0.684, 724
0.686, 723
0.688, 722
0.689, 721
0.691, 720
0.692, 719
0.694, 718
0.696, 717
0.698, 716
0.699, 715
0.701, 714
0.702, 713
0.704, 712
0.706, 711
0.707, 710
0.709, 709
0.711, 708
0.712, 707
0.714, 706
0.716, 705
0.717, 704
0.719, 703
0.721, 702
0.722, 701
0.724, 700
0.726, 699
0.728, 698
0.729, 697
0.731, 696
0.733, 695
0.734, 694
0.736, 693
0.737, 692
0.739, 691
0.741, 690
0.742, 689
0.744, 688
0.745, 687
0.747, 686
0.748, 685
0.750, 684
0.752, 683
0.754, 682
0.756, 681
0.758, 680
0.759, 679
0.761, 678
0.763, 677
0.764, 676
0.766, 675
0.767, 674
0.769, 673
0.770, 672
0.772, 671
0.774, 670
0.775, 669
0.777, 668
0.778, 667
0.782, 666
0.783, 665
0.784, 664
0.785, 663
0.787, 662
0.788, 661
0.789, 660
0.790, 659
0.791, 658
0.792, 657
0.793, 656
0.794, 655
0.795, 654
0.796, 653
0.797, 652
0.798, 651
0.799, 650
0.800, 649
0.801, 648
0.802, 647
0.804, 646
0.805, 645
0.806, 644
0.807, 643
0.808, 642
0.809, 641
0.810, 640
0.811, 639
0.812, 638
0.813, 637
0.814, 636
0.815, 635
0.816, 634
0.817, 633
0.818, 632
0.819, 631
0.820, 630
0.821, 629
0.822, 628
0.823, 627
0.824, 626
0.825, 625
0.826, 624
0.827, 623
0.828, 622
0.829, 621
0.830, 620
0.832, 619
0.833, 618
0.834, 617
0.835, 616
0.836, 615
0.837, 614
