0.112, 8360
0.132, 8359
0.140, 8358
0.148, 8357
0.154, 8356
0.162, 8355
0.170, 8354
0.179, 8353
0.187, 8352
0.196, 8351
0.204, 8350
0.211, 8349
0.218, 8348
0.225, 8347
0.235, 8346
0.244, 8345
0.251, 8344
0.261, 8343
0.270, 8342
0.278, 8341
0.287, 8340
0.306, 8339
0.312, 8338
0.319, 8337
0.327, 8336
0.333, 8335
0.338, 8334
0.342, 8333
0.347, 8332
0.351, 8331
0.355, 8330
0.359, 8329
0.363, 8328
0.367, 8327
0.371, 8326
0.375, 8325
0.379, 8324
0.383, 8323
0.386, 8322
0.390, 8321
0.394, 8320
0.397, 8319
0.401, 8318
0.405, 8317
0.411, 8316
0.418, 8315
0.424, 8314
0.430, 8313
0.436, 8312
0.443, 8311
0.449, 8310
0.455, 8309
0.461, 8308
0.467, 8307
0.473, 8306
0.479, 8305
0.485, 8304
0.491, 8303
0.497, 8302
0.504, 8301
0.510, 8300
0.516, 8299
0.523, 8298
0.540, 8297
0.544, 8296
0.547, 8295
0.551, 8294
0.555, 8293
0.559, 8292
0.563, 8291
0.567, 8290
0.570, 8289
0.574, 8288
0.578, 8287
0.581, 8286
0.585, 8285
0.588, 8284
0.592, 8283
0.596, 8282
0.599, 8281
0.603, 8280
0.607, 8279
0.611, 8278
0.614, 8277
0.618, 8276
0.621, 8275
0.625, 8274
0.629, 8273
0.634, 8272
0.637, 8271
0.641, 8270
0.645, 8269
0.648, 8268
0.652, 8267
0.656, 8266
0.659, 8265
0.663, 8264
0.667, 8263
0.671, 8262
0.674, 8261
0.678, 8260
0.681, 8259
0.685, 8258
0.689, 8257
0.692, 8256
0.696, 8255
0.710, 8254
0.714, 8253
0.717, 8252
0.721, 8251
0.725, 8250
0.729, 8249
0.733, 8248
0.739, 8247
0.744, 8246
0.749, 8245
0.753, 8244
0.757, 8243
0.761, 8242
0.764, 8241
0.768, 8240
0.772, 8239
0.776, 8238
0.782, 8237
0.788, 8236
0.797, 8235
0.801, 8234
0.805, 8233
0.810, 8232
0.814, 8231
0.818, 8230
0.822, 8229
0.825, 8228
0.830, 8227
0.834, 8226
0.837, 8225
0.841, 8224
0.845, 8223
0.848, 8222
0.852, 8221
0.855, 8220
0.859, 8219
0.863, 8218
0.866, 8217
0.870, 8216
0.874, 8215
0.877, 8214
0.881, 8213
0.884, 8212
0.888, 8211
0.892, 8210
0.895, 8209
0.900, 8208
0.907, 8207
0.913, 8206
0.919, 8205
0.925, 8204
0.931, 8203
0.937, 8202
0.944, 8201
0.950, 8200
0.956, 8199
0.962, 8198
0.968, 8197
0.974, 8196
0.980, 8195
0.986, 8194
0.992, 8193
0.998, 8192
1.005, 8191
1.011, 8190
1.017, 8189
1.024, 8188
1.030, 8187
1.036, 8186
1.047, 8185
1.051, 8184
1.054, 8183
1.058, 8182
1.063, 8181
1.067, 8180
1.071, 8179
1.075, 8178
1.079, 8177
1.084, 8176
1.088, 8175
1.092, 8174
1.096, 8173
1.100, 8172
1.104, 8171
1.108, 8170
1.112, 8169
1.117, 8168
1.121, 8167
1.125, 8166
1.128, 8165
1.132, 8164
1.136, 8163
1.140, 8162
1.144, 8161
1.148, 8160
1.153, 8159
1.157, 8158
1.161, 8157
1.165, 8156
1.169, 8155
1.174, 8154
1.178, 8153
1.183, 8152
1.187, 8151
1.191, 8150
1.195, 8149
1.198, 8148
1.202, 8147
1.206, 8146
1.210, 8145
1.214, 8144
1.218, 8143
1.222, 8142
1.226, 8141
1.230, 8140
1.234, 8139
1.238, 8138
1.241, 8137
1.245, 8136
1.249, 8135
1.253, 8134
1.257, 8133
1.261, 8132
1.265, 8131
1.268, 8130
1.272, 8129
1.277, 8128
1.281, 8127
1.285, 8126
1.289, 8125
1.293, 8124
1.297, 8123
1.300, 8122
1.304, 8121
1.308, 8120
1.313, 8119
1.317, 8118
1.329, 8117
1.333, 8116
1.337, 8115
1.341, 8114
1.345, 8113
1.349, 8112
1.353, 8111
1.356, 8110
1.360, 8109
1.364, 8108
1.368, 8107
1.373, 8106
1.377, 8105
1.381, 8104
1.385, 8103
1.389, 8102
1.393, 8101
1.397, 8100
1.400, 8099
1.404, 8098
1.408, 8097
1.412, 8096
1.416, 8095
1.420, 8094
1.423, 8093
1.427, 8092
1.431, 8091
1.435, 8090
1.439, 8089
1.443, 8088
1.447, 8087
1.450, 8086
1.454, 8085
1.458, 8084
1.462, 8083
1.466, 8082
1.470, 8081
1.473, 8080
1.477, 8079
1.481, 8078
1.485, 8077
1.489, 8076
1.493, 8075
1.497, 8074
1.500, 8073
1.504, 8072
1.508, 8071
1.512, 8070
1.516, 8069
1.520, 8068
1.523, 8067
1.527, 8066
1.531, 8065
1.535, 8064
1.539, 8063
1.543, 8062
1.546, 8061
1.550, 8060
1.554, 8059
1.558, 8058
1.562, 8057
1.566, 8056
1.569, 8055
1.573, 8054
1.577, 8053
1.581, 8052
1.585, 8051
1.590, 8050
1.593, 8049
1.597, 8048
1.602, 8047
1.608, 8046
1.612, 8045
1.617, 8044
1.624, 8043
1.631, 8042
1.637, 8041
1.643, 8040
1.650, 8039
1.656, 8038
1.662, 8037
1.669, 8036
1.676, 8035
1.685, 8034
1.694, 8033
1.703, 8032
1.710, 8031
1.717, 8030
1.724, 8029
1.731, 8028
1.738, 8027
1.746, 8026
1.753, 8025
1.760, 8024
1.767, 8023
1.774, 8022
1.781, 8021
1.789, 8020
1.796, 8019
1.804, 8018
1.814, 8017
1.821, 8016
1.835, 8015
1.847, 8014
1.857, 8013
1.868, 8012
1.883, 8011
1.894, 8010
1.903, 8009
1.911, 8008
1.930, 8007
1.935, 8006
1.939, 8005
1.944, 8004
1.950, 8003
1.955, 8002
1.959, 8001
1.963, 8000
1.967, 7999
1.971, 7998
1.975, 7997
1.981, 7996
1.986, 7995
1.991, 7994
1.995, 7993
2.001, 7992
2.005, 7991
2.009, 7990
2.014, 7989
2.020, 7988
2.024, 7987
2.034, 7986
2.040, 7985
2.046, 7984
2.052, 7983
2.056, 7982
2.061, 7981
2.067, 7980
2.072, 7979
2.077, 7978
2.083, 7977
2.089, 7976
2.095, 7975
2.100, 7974
2.105, 7973
2.111, 7972
2.116, 7971
2.120, 7970
2.125, 7969
2.129, 7968
2.135, 7967
2.139, 7966
2.144, 7965
2.149, 7964
2.153, 7963
2.158, 7962
2.163, 7961
2.169, 7960
2.173, 7959
2.178, 7958
2.190, 7957
2.196, 7956
2.201, 7955
2.205, 7954
2.209, 7953
2.214, 7952
2.218, 7951
2.222, 7950
2.226, 7949
2.232, 7948
2.238, 7947
2.243, 7946
2.248, 7945
2.252, 7944
2.256, 7943
2.260, 7942
2.265, 7941
2.269, 7940
2.273, 7939
2.277, 7938
2.283, 7937
2.287, 7936
2.291, 7935
2.296, 7934
2.301, 7933
2.305, 7932
2.309, 7931
2.314, 7930
2.318, 7929
2.322, 7928
2.326, 7927
2.331, 7926
2.335, 7925
2.339, 7924
2.344, 7923
2.349, 7922
2.353, 7921
2.357, 7920
2.361, 7919
2.366, 7918
2.370, 7917
2.373, 7916
2.378, 7915
2.383, 7914
2.387, 7913
2.391, 7912
2.395, 7911
2.400, 7910
2.404, 7909
2.408, 7908
2.413, 7907
2.417, 7906
2.421, 7905
2.425, 7904
2.430, 7903
2.434, 7902
2.439, 7901
2.443, 7900
2.449, 7899
2.454, 7898
2.468, 7897
2.499, 7896
2.521, 7895
2.526, 7894
2.532, 7893
2.538, 7892
2.544, 7891
2.551, 7890
2.557, 7889
2.560, 7888
2.565, 7887
2.569, 7886
2.574, 7885
2.581, 7884
2.585, 7883
2.589, 7882
2.593, 7881
2.597, 7880
2.601, 7879
2.606, 7878
2.610, 7877
2.614, 7876
2.618, 7875
2.622, 7874
2.626, 7873
2.631, 7872
2.637, 7871
2.642, 7870
2.648, 7869
2.652, 7868
2.656, 7867
2.660, 7866
2.664, 7865
2.668, 7864
2.672, 7863
2.676, 7862
2.680, 7861
2.685, 7860
2.689, 7859
2.693, 7858
2.699, 7857
2.704, 7856
2.708, 7855
2.712, 7854
2.716, 7853
2.720, 7852
2.724, 7851
2.728, 7850
2.732, 7849
2.736, 7848
2.740, 7847
2.744, 7846
2.748, 7845
2.752, 7844
2.756, 7843
2.760, 7842
2.764, 7841
2.767, 7840
2.771, 7839
2.775, 7838
2.780, 7837
2.784, 7836
2.788, 7835
2.792, 7834
2.796, 7833
2.801, 7832
2.805, 7831
2.809, 7830
2.813, 7829
2.817, 7828
2.821, 7827
2.825, 7826
2.830, 7825
2.834, 7824
2.838, 7823
2.842, 7822
2.846, 7821
2.850, 7820
2.854, 7819
2.858, 7818
2.862, 7817
2.866, 7816
2.870, 7815
2.873, 7814
2.877, 7813
2.881, 7812
2.885, 7811
2.889, 7810
2.893, 7809
2.897, 7808
2.901, 7807
2.905, 7806
2.909, 7805
2.913, 7804
2.917, 7803
2.921, 7802
2.925, 7801
2.930, 7800
2.935, 7799
2.940, 7798
2.944, 7797
2.948, 7796
2.952, 7795
2.956, 7794
2.959, 7793
2.963, 7792
2.967, 7791
2.971, 7790
2.975, 7789
2.979, 7788
2.983, 7787
2.991, 7786
2.995, 7785
2.999, 7784
3.002, 7783
3.006, 7782
3.010, 7781
3.014, 7780
3.018, 7779
3.022, 7778
3.026, 7777
3.030, 7776
3.034, 7775
3.037, 7774
3.041, 7773
3.045, 7772
3.049, 7771
3.053, 7770
3.057, 7769
3.061, 7768
3.065, 7767
3.069, 7766
3.073, 7765
3.077, 7764
3.081, 7763
3.085, 7762
3.089, 7761
3.093, 7760
3.097, 7759
3.101, 7758
3.105, 7757
3.109, 7756
3.113, 7755
3.117, 7754
3.121, 7753
3.124, 7752
3.128, 7751
3.132, 7750
3.136, 7749
3.140, 7748
3.144, 7747
3.148, 7746
3.152, 7745
3.156, 7744
3.160, 7743
3.164, 7742
3.167, 7741
3.171, 7740
3.175, 7739
3.180, 7738
3.184, 7737
3.187, 7736
3.191, 7735
3.195, 7734
3.199, 7733
3.203, 7732
3.207, 7731
3.211, 7730
3.215, 7729
3.219, 7728
3.222, 7727
3.227, 7726
3.232, 7725
3.237, 7724
3.240, 7723
3.244, 7722
3.248, 7721
3.252, 7720
3.256, 7719
3.260, 7718
3.264, 7717
3.268, 7716
3.271, 7715
3.275, 7714
3.279, 7713
3.283, 7712
3.287, 7711
3.291, 7710
3.295, 7709
3.299, 7708
3.303, 7707
3.307, 7706
3.310, 7705
3.314, 7704
3.318, 7703
3.322, 7702
3.326, 7701
3.330, 7700
3.334, 7699
3.338, 7698
3.342, 7697
3.346, 7696
3.350, 7695
3.353, 7694
3.357, 7693
3.361, 7692
3.366, 7691
3.370, 7690
3.374, 7689
3.378, 7688
3.382, 7687
3.386, 7686
3.390, 7685
3.394, 7684
3.398, 7683
3.402, 7682
3.406, 7681
3.410, 7680
3.414, 7679
3.417, 7678
3.422, 7677
3.426, 7676
3.435, 7675
3.439, 7674
3.443, 7673
3.447, 7672
3.451, 7671
3.455, 7670
3.458, 7669
3.462, 7668
3.466, 7667
3.470, 7666
3.474, 7665
3.478, 7664
3.483, 7663
3.488, 7662
3.494, 7661
3.499, 7660
3.504, 7659
3.508, 7658
3.513, 7657
3.518, 7656
3.523, 7655
3.527, 7654
3.533, 7653
3.538, 7652
3.543, 7651
3.548, 7650
3.553, 7649
3.558, 7648
3.564, 7647
3.569, 7646
3.573, 7645
3.578, 7644
3.585, 7643
3.591, 7642
3.598, 7641
3.603, 7640
3.609, 7639
3.615, 7638
3.620, 7637
3.624, 7636
3.630, 7635
3.635, 7634
3.640, 7633
3.646, 7632
3.652, 7631
3.656, 7630
3.661, 7629
3.667, 7628
3.672, 7627
3.677, 7626
3.683, 7625
3.689, 7624
3.695, 7623
3.701, 7622
3.705, 7621
3.710, 7620
3.715, 7619
3.720, 7618
3.724, 7617
3.730, 7616
3.735, 7615
3.739, 7614
3.744, 7613
3.750, 7612
3.754, 7611
3.759, 7610
3.764, 7609
3.769, 7608
3.773, 7607
3.778, 7606
3.784, 7605
3.788, 7604
3.793, 7603
3.799, 7602
3.803, 7601
3.808, 7600
3.813, 7599
3.818, 7598
3.823, 7597
3.829, 7596
3.835, 7595
3.840, 7594
3.845, 7593
3.851, 7592
3.856, 7591
3.861, 7590
3.867, 7589
3.872, 7588
3.876, 7587
3.882, 7586
3.887, 7585
3.891, 7584
3.896, 7583
3.902, 7582
3.906, 7581
3.911, 7580
3.916, 7579
3.920, 7578
3.925, 7577
3.930, 7576
3.935, 7575
3.940, 7574
3.944, 7573
3.950, 7572
3.955, 7571
3.959, 7570
3.965, 7569
3.969, 7568
3.974, 7567
3.979, 7566
3.985, 7565
3.989, 7564
4.002, 7563
4.006, 7562
4.011, 7561
4.017, 7560
4.022, 7559
4.027, 7558
4.035, 7557
4.043, 7556
4.102, 7555
4.110, 7554
4.115, 7553
4.121, 7552
4.128, 7551
4.136, 7550
4.141, 7549
4.148, 7548
4.153, 7547
4.157, 7546
4.162, 7545
4.166, 7544
4.171, 7543
4.175, 7542
4.180, 7541
4.185, 7540
4.190, 7539
4.194, 7538
4.199, 7537
4.203, 7536
4.207, 7535
4.211, 7534
4.216, 7533
4.220, 7532
4.224, 7531
4.229, 7530
4.233, 7529
4.238, 7528
4.242, 7527
4.246, 7526
4.251, 7525
4.255, 7524
4.259, 7523
4.263, 7522
4.268, 7521
4.272, 7520
4.278, 7519
4.284, 7518
4.289, 7517
4.293, 7516
4.298, 7515
4.302, 7514
4.307, 7513
4.311, 7512
4.315, 7511
4.320, 7510
4.324, 7509
4.329, 7508
4.333, 7507
4.338, 7506
4.342, 7505
4.347, 7504
4.352, 7503
4.358, 7502
4.362, 7501
4.367, 7500
4.371, 7499
4.375, 7498
4.381, 7497
4.386, 7496
4.390, 7495
4.395, 7494
4.400, 7493
4.404, 7492
4.409, 7491
4.413, 7490
4.418, 7489
4.422, 7488
4.427, 7487
4.431, 7486
4.436, 7485
4.440, 7484
4.445, 7483
4.449, 7482
4.453, 7481
4.458, 7480
4.462, 7479
4.467, 7478
4.471, 7477
4.476, 7476
4.481, 7475
4.485, 7474
4.490, 7473
4.494, 7472
4.498, 7471
4.502, 7470
4.507, 7469
4.511, 7468
4.515, 7467
4.519, 7466
4.524, 7465
4.528, 7464
4.532, 7463
4.537, 7462
4.541, 7461
4.545, 7460
4.550, 7459
4.554, 7458
4.558, 7457
4.562, 7456
4.567, 7455
4.572, 7454
4.576, 7453
4.581, 7452
4.594, 7451
4.598, 7450
4.603, 7449
4.608, 7448
4.612, 7447
4.616, 7446
4.621, 7445
4.625, 7444
4.629, 7443
4.633, 7442
4.638, 7441
4.642, 7440
4.647, 7439
4.651, 7438
4.656, 7437
4.660, 7436
4.665, 7435
4.669, 7434
4.673, 7433
4.677, 7432
4.682, 7431
4.686, 7430
4.690, 7429
4.695, 7428
4.699, 7427
4.704, 7426
4.708, 7425
4.712, 7424
4.717, 7423
4.721, 7422
4.725, 7421
4.729, 7420
4.734, 7419
4.738, 7418
4.743, 7417
4.747, 7416
4.752, 7415
4.757, 7414
4.763, 7413
4.768, 7412
4.773, 7411
4.778, 7410
4.784, 7409
4.788, 7408
4.793, 7407
4.798, 7406
4.803, 7405
4.808, 7404
4.815, 7403
4.819, 7402
4.824, 7401
4.829, 7400
4.834, 7399
4.839, 7398
4.844, 7397
4.849, 7396
4.853, 7395
4.858, 7394
4.863, 7393
4.868, 7392
4.873, 7391
4.878, 7390
4.884, 7389
4.888, 7388
4.893, 7387
4.898, 7386
4.903, 7385
4.907, 7384
4.912, 7383
4.917, 7382
4.922, 7381
4.927, 7380
4.932, 7379
4.937, 7378
4.941, 7377
4.947, 7376
4.951, 7375
4.956, 7374
4.961, 7373
4.966, 7372
4.970, 7371
4.975, 7370
4.980, 7369
4.985, 7368
4.990, 7367
4.994, 7366
4.999, 7365
5.004, 7364
5.009, 7363
5.014, 7362
5.019, 7361
5.023, 7360
5.029, 7359
5.034, 7358
5.038, 7357
5.043, 7356
5.049, 7355
5.054, 7354
5.058, 7353
5.064, 7352
5.069, 7351
5.073, 7350
5.078, 7349
5.083, 7348
5.088, 7347
5.092, 7346
5.098, 7345
5.102, 7344
5.107, 7343
5.112, 7342
5.117, 7341
5.122, 7340
5.126, 7339
5.132, 7338
5.144, 7337
5.149, 7336
5.153, 7335
5.157, 7334
5.162, 7333
5.166, 7332
5.170, 7331
5.174, 7330
5.179, 7329
5.183, 7328
5.187, 7327
5.191, 7326
5.195, 7325
5.200, 7324
5.204, 7323
5.208, 7322
5.214, 7321
5.218, 7320
5.222, 7319
5.227, 7318
5.231, 7317
5.236, 7316
5.240, 7315
5.244, 7314
5.249, 7313
5.253, 7312
5.257, 7311
5.262, 7310
5.266, 7309
5.270, 7308
5.275, 7307
5.279, 7306
5.283, 7305
5.288, 7304
5.292, 7303
5.297, 7302
5.301, 7301
5.305, 7300
5.310, 7299
5.314, 7298
5.319, 7297
5.323, 7296
5.328, 7295
5.332, 7294
5.337, 7293
5.341, 7292
5.345, 7291
5.349, 7290
5.354, 7289
5.358, 7288
5.362, 7287
5.366, 7286
5.371, 7285
5.375, 7284
5.380, 7283
5.384, 7282
5.388, 7281
5.393, 7280
5.397, 7279
5.402, 7278
5.406, 7277
5.410, 7276
5.414, 7275
5.418, 7274
5.423, 7273
5.427, 7272
5.431, 7271
5.435, 7270
5.440, 7269
5.444, 7268
5.448, 7267
5.452, 7266
5.456, 7265
5.460, 7264
5.465, 7263
5.469, 7262
5.473, 7261
5.477, 7260
5.481, 7259
5.486, 7258
5.490, 7257
5.494, 7256
5.498, 7255
5.502, 7254
5.507, 7253
5.511, 7252
5.515, 7251
5.519, 7250
5.524, 7249
5.529, 7248
5.533, 7247
5.538, 7246
5.542, 7245
5.546, 7244
5.551, 7243
5.556, 7242
5.562, 7241
5.567, 7240
5.574, 7239
5.579, 7238
5.583, 7237
5.587, 7236
5.592, 7235
5.596, 7234
5.600, 7233
5.604, 7232
5.609, 7231
5.613, 7230
5.617, 7229
5.621, 7228
5.625, 7227
5.630, 7226
5.634, 7225
5.638, 7224
5.642, 7223
5.651, 7222
5.655, 7221
5.659, 7220
5.664, 7219
5.668, 7218
5.672, 7217
5.676, 7216
5.680, 7215
5.685, 7214
5.689, 7213
5.694, 7212
5.698, 7211
5.702, 7210
5.707, 7209
5.711, 7208
5.715, 7207
5.720, 7206
5.724, 7205
5.728, 7204
5.732, 7203
5.737, 7202
5.741, 7201
5.745, 7200
5.750, 7199
5.754, 7198
5.758, 7197
5.764, 7196
5.768, 7195
5.773, 7194
5.777, 7193
5.783, 7192
5.787, 7191
5.791, 7190
5.798, 7189
5.802, 7188
5.807, 7187
5.812, 7186
5.819, 7185
5.824, 7184
5.828, 7183
5.835, 7182
5.839, 7181
5.844, 7180
5.849, 7179
5.854, 7178
5.858, 7177
5.864, 7176
5.868, 7175
5.872, 7174
5.876, 7173
5.882, 7172
5.886, 7171
5.891, 7170
5.896, 7169
5.900, 7168
5.905, 7167
5.909, 7166
5.915, 7165
5.919, 7164
5.924, 7163
5.929, 7162
5.934, 7161
5.938, 7160
5.943, 7159
5.949, 7158
5.953, 7157
5.957, 7156
5.962, 7155
5.967, 7154
5.971, 7153
5.976, 7152
5.981, 7151
5.985, 7150
5.990, 7149
5.994, 7148
5.999, 7147
6.004, 7146
6.008, 7145
6.013, 7144
6.018, 7143
6.022, 7142
6.027, 7141
6.032, 7140
6.036, 7139
6.041, 7138
6.046, 7137
6.050, 7136
6.055, 7135
6.059, 7134
6.064, 7133
6.069, 7132
6.074, 7131
6.079, 7130
6.083, 7129
6.088, 7128
6.093, 7127
6.098, 7126
6.103, 7125
6.108, 7124
6.114, 7123
6.119, 7122
6.124, 7121
6.130, 7120
6.135, 7119
6.140, 7118
6.144, 7117
6.148, 7116
6.153, 7115
6.157, 7114
6.162, 7113
6.166, 7112
6.170, 7111
6.174, 7110
6.179, 7109
6.183, 7108
6.194, 7107
6.198, 7106
6.202, 7105
6.206, 7104
6.210, 7103
6.215, 7102
6.219, 7101
6.223, 7100
6.227, 7099
6.231, 7098
6.236, 7097
6.240, 7096
6.244, 7095
6.248, 7094
6.252, 7093
6.256, 7092
6.261, 7091
6.265, 7090
6.269, 7089
6.273, 7088
6.277, 7087
6.282, 7086
6.286, 7085
6.290, 7084
6.294, 7083
6.298, 7082
6.303, 7081
6.307, 7080
6.311, 7079
6.315, 7078
6.319, 7077
6.324, 7076
6.329, 7075
6.334, 7074
6.338, 7073
6.343, 7072
6.347, 7071
6.351, 7070
6.355, 7069
6.360, 7068
6.364, 7067
6.368, 7066
6.373, 7065
6.378, 7064
6.382, 7063
6.386, 7062
6.391, 7061
6.395, 7060
6.399, 7059
6.403, 7058
6.407, 7057
6.411, 7056
6.416, 7055
6.420, 7054
6.424, 7053
6.428, 7052
6.432, 7051
6.437, 7050
6.441, 7049
6.445, 7048
6.449, 7047
6.454, 7046
6.458, 7045
6.462, 7044
6.466, 7043
6.470, 7042
6.474, 7041
6.479, 7040
6.483, 7039
6.487, 7038
6.491, 7037
6.496, 7036
6.500, 7035
6.504, 7034
6.508, 7033
6.512, 7032
6.517, 7031
6.521, 7030
6.525, 7029
6.529, 7028
6.533, 7027
6.538, 7026
6.542, 7025
6.546, 7024
6.550, 7023
6.554, 7022
6.558, 7021
6.563, 7020
6.567, 7019
6.571, 7018
6.577, 7017
6.581, 7016
6.585, 7015
6.589, 7014
6.594, 7013
6.598, 7012
6.602, 7011
6.607, 7010
6.612, 7009
6.617, 7008
6.622, 7007
6.627, 7006
6.632, 7005
6.637, 7004
6.642, 7003
6.646, 7002
6.652, 7001
6.656, 7000
6.661, 6999
6.666, 6998
6.670, 6997
6.675, 6996
6.680, 6995
6.685, 6994
6.689, 6993
6.694, 6992
6.699, 6991
6.708, 6990
6.714, 6989
6.718, 6988
6.722, 6987
6.727, 6986
6.732, 6985
6.740, 6984
6.747, 6983
6.753, 6982
6.758, 6981
6.764, 6980
6.770, 6979
6.775, 6978
6.781, 6977
6.786, 6976
6.791, 6975
6.797, 6974
6.803, 6973
6.807, 6972
6.812, 6971
6.817, 6970
6.823, 6969
6.828, 6968
6.833, 6967
6.838, 6966
6.842, 6965
6.847, 6964
6.852, 6963
6.857, 6962
6.861, 6961
6.867, 6960
6.871, 6959
6.875, 6958
6.884, 6957
6.889, 6956
6.894, 6955
6.900, 6954
6.905, 6953
6.909, 6952
6.914, 6951
6.919, 6950
6.923, 6949
6.928, 6948
6.933, 6947
6.937, 6946
6.942, 6945
6.947, 6944
6.951, 6943
6.956, 6942
6.960, 6941
6.965, 6940
6.970, 6939
6.974, 6938
6.980, 6937
6.985, 6936
6.989, 6935
6.993, 6934
6.998, 6933
7.003, 6932
7.007, 6931
7.012, 6930
7.017, 6929
7.021, 6928
7.026, 6927
7.030, 6926
7.035, 6925
7.040, 6924
7.044, 6923
7.049, 6922
7.054, 6921
7.058, 6920
7.064, 6919
7.068, 6918
7.072, 6917
7.077, 6916
7.083, 6915
7.088, 6914
7.092, 6913
7.097, 6912
7.101, 6911
7.106, 6910
7.110, 6909
7.116, 6908
7.120, 6907
7.126, 6906
7.131, 6905
7.135, 6904
7.140, 6903
7.146, 6902
7.154, 6901
7.159, 6900
7.169, 6899
7.177, 6898
7.198, 6897
7.208, 6896
7.219, 6895
7.226, 6894
7.239, 6893
7.245, 6892
7.252, 6891
7.258, 6890
7.264, 6889
7.269, 6888
7.274, 6887
7.279, 6886
7.283, 6885
7.288, 6884
7.292, 6883
7.296, 6882
7.300, 6881
7.305, 6880
7.309, 6879
7.313, 6878
7.317, 6877
7.321, 6876
7.325, 6875
7.330, 6874
7.341, 6873
7.345, 6872
7.349, 6871
7.353, 6870
7.357, 6869
7.362, 6868
7.367, 6867
7.372, 6866
7.376, 6865
7.381, 6864
7.385, 6863
7.389, 6862
7.394, 6861
7.398, 6860
7.402, 6859
7.407, 6858
7.411, 6857
7.415, 6856
7.419, 6855
7.423, 6854
7.427, 6853
7.432, 6852
7.436, 6851
7.440, 6850
7.444, 6849
7.448, 6848
7.453, 6847
7.457, 6846
7.461, 6845
7.465, 6844
7.469, 6843
7.473, 6842
7.478, 6841
7.482, 6840
7.486, 6839
7.490, 6838
7.494, 6837
7.498, 6836
7.503, 6835
7.507, 6834
7.511, 6833
7.516, 6832
7.520, 6831
7.525, 6830
7.529, 6829
7.533, 6828
7.537, 6827
7.542, 6826
7.546, 6825
7.550, 6824
7.554, 6823
7.559, 6822
7.563, 6821
7.567, 6820
7.571, 6819
7.576, 6818
7.580, 6817
7.585, 6816
7.589, 6815
7.594, 6814
7.599, 6813
7.603, 6812
7.611, 6811
7.615, 6810
7.621, 6809
7.625, 6808
7.630, 6807
7.635, 6806
7.642, 6805
7.646, 6804
7.652, 6803
7.657, 6802
7.662, 6801
7.666, 6800
7.671, 6799
7.676, 6798
7.681, 6797
7.686, 6796
7.690, 6795
7.695, 6794
7.700, 6793
7.704, 6792
7.708, 6791
7.713, 6790
7.717, 6789
7.722, 6788
7.726, 6787
7.730, 6786
7.735, 6785
7.739, 6784
7.743, 6783
7.747, 6782
7.751, 6781
7.756, 6780
7.760, 6779
7.764, 6778
7.768, 6777
7.772, 6776
7.776, 6775
7.780, 6774
7.785, 6773
7.789, 6772
7.793, 6771
7.797, 6770
7.801, 6769
7.805, 6768
7.810, 6767
7.814, 6766
7.818, 6765
7.822, 6764
7.826, 6763
7.830, 6762
7.834, 6761
7.839, 6760
7.843, 6759
7.847, 6758
7.851, 6757
7.855, 6756
7.859, 6755
7.869, 6754
7.873, 6753
7.877, 6752
7.882, 6751
7.886, 6750
7.890, 6749
7.894, 6748
7.899, 6747
7.903, 6746
7.907, 6745
7.911, 6744
7.916, 6743
7.920, 6742
7.924, 6741
7.929, 6740
7.933, 6739
7.938, 6738
7.943, 6737
7.950, 6736
7.955, 6735
7.959, 6734
7.965, 6733
7.970, 6732
7.974, 6731
7.980, 6730
7.984, 6729
7.989, 6728
7.994, 6727
7.999, 6726
8.003, 6725
8.008, 6724
8.013, 6723
8.018, 6722
8.022, 6721
8.027, 6720
8.033, 6719
8.038, 6718
8.042, 6717
8.047, 6716
8.052, 6715
8.056, 6714
8.061, 6713
8.066, 6712
8.070, 6711
8.074, 6710
8.080, 6709
8.084, 6708
8.088, 6707
8.093, 6706
8.098, 6705
8.102, 6704
8.107, 6703
8.112, 6702
8.116, 6701
8.121, 6700
8.125, 6699
8.130, 6698
8.135, 6697
8.139, 6696
8.144, 6695
8.149, 6694
8.153, 6693
8.158, 6692
8.163, 6691
8.167, 6690
8.172, 6689
8.176, 6688
8.181, 6687
8.186, 6686
8.190, 6685
8.195, 6684
8.200, 6683
8.204, 6682
8.209, 6681
8.214, 6680
8.218, 6679
8.222, 6678
8.227, 6677
8.232, 6676
8.237, 6675
8.241, 6674
8.246, 6673
8.251, 6672
8.255, 6671
8.259, 6670
8.265, 6669
8.269, 6668
8.273, 6667
8.279, 6666
8.283, 6665
8.287, 6664
8.292, 6663
8.297, 6662
8.302, 6661
8.306, 6660
8.310, 6659
8.315, 6658
8.319, 6657
8.323, 6656
8.328, 6655
8.332, 6654
8.336, 6653
8.340, 6652
8.345, 6651
8.349, 6650
8.353, 6649
8.358, 6648
8.362, 6647
8.366, 6646
8.371, 6645
8.375, 6644
8.379, 6643
8.383, 6642
8.388, 6641
8.392, 6640
8.396, 6639
8.400, 6638
8.405, 6637
8.409, 6636
8.413, 6635
8.421, 6634
8.425, 6633
8.429, 6632
8.433, 6631
8.438, 6630
8.442, 6629
8.446, 6628
8.451, 6627
8.455, 6626
8.460, 6625
8.464, 6624
8.469, 6623
8.473, 6622
8.478, 6621
8.482, 6620
8.487, 6619
8.491, 6618
8.496, 6617
8.501, 6616
8.505, 6615
8.510, 6614
8.514, 6613
8.518, 6612
8.523, 6611
8.527, 6610
8.532, 6609
8.537, 6608
8.541, 6607
8.546, 6606
8.550, 6605
8.554, 6604
8.559, 6603
8.564, 6602
8.568, 6601
8.572, 6600
8.577, 6599
8.581, 6598
8.586, 6597
8.590, 6596
8.594, 6595
8.599, 6594
8.603, 6593
8.608, 6592
8.612, 6591
8.617, 6590
8.621, 6589
8.626, 6588
8.630, 6587
8.634, 6586
8.639, 6585
8.643, 6584
8.647, 6583
8.652, 6582
8.656, 6581
8.661, 6580
8.665, 6579
8.670, 6578
8.674, 6577
8.678, 6576
8.683, 6575
8.687, 6574
8.692, 6573
8.696, 6572
8.700, 6571
8.705, 6570
8.709, 6569
8.713, 6568
8.718, 6567
8.722, 6566
8.726, 6565
8.731, 6564
8.735, 6563
8.740, 6562
8.745, 6561
8.749, 6560
8.754, 6559
8.758, 6558
8.762, 6557
8.767, 6556
8.771, 6555
8.775, 6554
8.780, 6553
8.784, 6552
8.788, 6551
8.793, 6550
8.797, 6549
8.802, 6548
8.806, 6547
8.811, 6546
8.816, 6545
8.821, 6544
8.825, 6543
8.831, 6542
8.835, 6541
8.839, 6540
8.844, 6539
8.850, 6538
8.854, 6537
8.859, 6536
8.864, 6535
8.869, 6534
8.873, 6533
8.878, 6532
8.882, 6531
8.887, 6530
8.892, 6529
8.897, 6528
8.901, 6527
8.906, 6526
8.911, 6525
8.916, 6524
8.920, 6523
8.925, 6522
8.930, 6521
8.934, 6520
8.938, 6519
8.943, 6518
8.948, 6517
8.952, 6516
8.957, 6515
8.966, 6514
8.970, 6513
8.975, 6512
8.980, 6511
8.984, 6510
8.988, 6509
8.993, 6508
8.998, 6507
9.002, 6506
9.006, 6505
9.011, 6504
9.016, 6503
9.020, 6502
9.025, 6501
9.030, 6500
9.034, 6499
9.038, 6498
9.043, 6497
9.047, 6496
9.052, 6495
9.056, 6494
9.062, 6493
9.081, 6492
9.087, 6491
9.102, 6490
9.108, 6489
9.116, 6488
9.120, 6487
9.125, 6486
9.131, 6485
9.135, 6484
9.140, 6483
9.145, 6482
9.150, 6481
9.155, 6480
9.159, 6479
9.164, 6478
9.169, 6477
9.174, 6476
9.178, 6475
9.183, 6474
9.188, 6473
9.193, 6472
9.198, 6471
9.202, 6470
9.207, 6469
9.211, 6468
9.215, 6467
9.220, 6466
9.224, 6465
9.229, 6464
9.233, 6463
9.238, 6462
9.243, 6461
9.247, 6460
9.252, 6459
9.256, 6458
9.261, 6457
9.265, 6456
9.270, 6455
9.275, 6454
9.280, 6453
9.285, 6452
9.289, 6451
9.294, 6450
9.298, 6449
9.302, 6448
9.306, 6447
9.310, 6446
9.314, 6445
9.318, 6444
9.322, 6443
9.327, 6442
9.331, 6441
9.335, 6440
9.339, 6439
9.343, 6438
9.347, 6437
9.351, 6436
9.356, 6435
9.360, 6434
9.364, 6433
9.368, 6432
9.373, 6431
9.377, 6430
9.381, 6429
9.386, 6428
9.390, 6427
9.395, 6426
9.399, 6425
9.404, 6424
9.408, 6423
9.412, 6422
9.416, 6421
9.421, 6420
9.425, 6419
9.429, 6418
9.434, 6417
9.438, 6416
9.442, 6415
9.447, 6414
9.451, 6413
9.455, 6412
9.459, 6411
9.463, 6410
9.467, 6409
9.472, 6408
9.476, 6407
9.480, 6406
9.484, 6405
9.488, 6404
9.493, 6403
9.497, 6402
9.501, 6401
9.506, 6400
9.510, 6399
9.515, 6398
9.519, 6397
9.523, 6396
9.528, 6395
9.532, 6394
9.543, 6393
9.547, 6392
9.551, 6391
9.556, 6390
9.560, 6389
9.564, 6388
9.569, 6387
9.573, 6386
9.577, 6385
9.581, 6384
9.586, 6383
9.590, 6382
9.595, 6381
9.599, 6380
9.603, 6379
9.607, 6378
9.612, 6377
9.616, 6376
9.621, 6375
9.625, 6374
9.629, 6373
9.633, 6372
9.638, 6371
9.642, 6370
9.647, 6369
9.651, 6368
9.655, 6367
9.659, 6366
9.664, 6365
9.668, 6364
9.672, 6363
9.677, 6362
9.681, 6361
9.686, 6360
9.690, 6359
9.694, 6358
9.699, 6357
9.703, 6356
9.707, 6355
9.711, 6354
9.716, 6353
9.720, 6352
9.724, 6351
9.729, 6350
9.733, 6349
9.737, 6348
9.742, 6347
9.746, 6346
9.750, 6345
9.754, 6344
9.759, 6343
9.763, 6342
9.767, 6341
9.771, 6340
9.775, 6339
9.780, 6338
9.784, 6337
9.788, 6336
9.792, 6335
9.796, 6334
9.800, 6333
9.805, 6332
9.809, 6331
9.813, 6330
9.817, 6329
9.821, 6328
9.826, 6327
9.830, 6326
9.834, 6325
9.838, 6324
9.843, 6323
9.847, 6322
9.851, 6321
9.855, 6320
9.859, 6319
9.864, 6318
9.868, 6317
9.872, 6316
9.877, 6315
9.881, 6314
9.885, 6313
9.890, 6312
9.894, 6311
9.899, 6310
9.903, 6309
9.907, 6308
9.911, 6307
9.916, 6306
9.920, 6305
9.924, 6304
9.928, 6303
9.933, 6302
9.937, 6301
9.941, 6300
9.946, 6299
9.950, 6298
9.954, 6297
9.958, 6296
9.963, 6295
9.967, 6294
9.971, 6293
9.975, 6292
9.980, 6291
9.984, 6290
9.988, 6289
9.992, 6288
9.996, 6287
10.000, 6286
10.004, 6285
10.008, 6284
10.012, 6283
10.016, 6282
10.020, 6281
10.025, 6280
10.029, 6279
10.033, 6278
10.037, 6277
10.041, 6276
10.045, 6275
10.049, 6274
10.053, 6273
10.058, 6272
10.062, 6271
10.073, 6270
10.077, 6269
10.081, 6268
10.086, 6267
10.091, 6266
10.095, 6265
10.100, 6264
10.105, 6263
10.110, 6262
10.114, 6261
10.119, 6260
10.124, 6259
10.129, 6258
10.133, 6257
10.137, 6256
10.142, 6255
10.146, 6254
10.151, 6253
10.155, 6252
10.160, 6251
10.165, 6250
10.169, 6249
10.174, 6248
10.178, 6247
10.183, 6246
10.187, 6245
10.191, 6244
10.196, 6243
10.200, 6242
10.205, 6241
10.209, 6240
10.214, 6239
10.218, 6238
10.223, 6237
10.227, 6236
10.232, 6235
10.236, 6234
10.240, 6233
10.245, 6232
10.250, 6231
10.254, 6230
10.258, 6229
10.263, 6228
10.267, 6227
10.271, 6226
10.276, 6225
10.280, 6224
10.284, 6223
10.288, 6222
10.293, 6221
10.297, 6220
10.301, 6219
10.305, 6218
10.310, 6217
10.314, 6216
10.318, 6215
10.322, 6214
10.327, 6213
10.331, 6212
10.335, 6211
10.340, 6210
10.345, 6209
10.349, 6208
10.354, 6207
10.358, 6206
10.362, 6205
10.367, 6204
10.371, 6203
10.376, 6202
10.380, 6201
10.385, 6200
10.389, 6199
10.394, 6198
10.398, 6197
10.403, 6196
10.407, 6195
10.411, 6194
10.415, 6193
10.420, 6192
10.424, 6191
10.428, 6190
10.432, 6189
10.436, 6188
10.441, 6187
10.445, 6186
10.450, 6185
10.454, 6184
10.458, 6183
10.463, 6182
10.468, 6181
10.472, 6180
10.477, 6179
10.483, 6178
10.487, 6177
10.492, 6176
10.496, 6175
10.501, 6174
10.506, 6173
10.510, 6172
10.514, 6171
10.519, 6170
10.524, 6169
10.529, 6168
10.534, 6167
10.538, 6166
10.543, 6165
10.548, 6164
10.552, 6163
10.557, 6162
10.561, 6161
10.565, 6160
10.570, 6159
10.574, 6158
10.579, 6157
10.583, 6156
10.587, 6155
10.592, 6154
10.597, 6153
10.601, 6152
10.605, 6151
10.610, 6150
10.614, 6149
10.618, 6148
10.622, 6147
10.632, 6146
10.636, 6145
10.640, 6144
10.644, 6143
10.648, 6142
10.652, 6141
10.655, 6140
10.659, 6139
10.663, 6138
10.667, 6137
10.671, 6136
10.674, 6135
10.678, 6134
10.682, 6133
10.686, 6132
10.690, 6131
10.694, 6130
10.698, 6129
10.702, 6128
10.705, 6127
10.709, 6126
10.713, 6125
10.717, 6124
10.720, 6123
10.724, 6122
10.728, 6121
10.732, 6120
10.736, 6119
10.739, 6118
10.743, 6117
10.747, 6116
10.751, 6115
10.754, 6114
10.758, 6113
10.762, 6112
10.766, 6111
10.770, 6110
10.773, 6109
10.777, 6108
10.781, 6107
10.785, 6106
10.788, 6105
10.793, 6104
10.797, 6103
10.802, 6102
10.807, 6101
10.811, 6100
10.816, 6099
10.820, 6098
10.824, 6097
10.828, 6096
10.833, 6095
10.837, 6094
10.841, 6093
10.845, 6092
10.849, 6091
10.853, 6090
10.857, 6089
10.861, 6088
10.865, 6087
10.868, 6086
10.872, 6085
10.876, 6084
10.882, 6083
10.885, 6082
10.889, 6081
10.893, 6080
10.898, 6079
10.902, 6078
10.906, 6077
10.910, 6076
10.915, 6075
10.919, 6074
10.923, 6073
10.927, 6072
10.931, 6071
10.935, 6070
10.939, 6069
10.943, 6068
10.948, 6067
10.951, 6066
10.955, 6065
10.959, 6064
10.963, 6063
10.967, 6062
10.971, 6061
10.975, 6060
10.979, 6059
10.983, 6058
10.987, 6057
10.991, 6056
10.995, 6055
11.000, 6054
11.004, 6053
11.008, 6052
11.013, 6051
11.017, 6050
11.020, 6049
11.024, 6048
11.028, 6047
11.032, 6046
11.036, 6045
11.040, 6044
11.044, 6043
11.048, 6042
11.052, 6041
11.056, 6040
11.060, 6039
11.064, 6038
11.068, 6037
11.072, 6036
11.076, 6035
11.080, 6034
11.084, 6033
11.088, 6032
11.092, 6031
11.096, 6030
11.100, 6029
11.104, 6028
11.108, 6027
11.112, 6026
11.117, 6025
11.121, 6024
11.125, 6023
11.130, 6022
11.134, 6021
11.138, 6020
11.148, 6019
11.152, 6018
11.156, 6017
11.160, 6016
11.164, 6015
11.168, 6014
11.172, 6013
11.176, 6012
11.180, 6011
11.184, 6010
11.188, 6009
11.192, 6008
11.196, 6007
11.200, 6006
11.204, 6005
11.208, 6004
11.212, 6003
11.216, 6002
11.220, 6001
11.224, 6000
11.228, 5999
11.233, 5998
11.236, 5997
11.240, 5996
11.244, 5995
11.249, 5994
11.253, 5993
11.256, 5992
11.260, 5991
11.265, 5990
11.268, 5989
11.272, 5988
11.276, 5987
11.281, 5986
11.284, 5985
11.288, 5984
11.292, 5983
11.296, 5982
11.300, 5981
11.304, 5980
11.308, 5979
11.312, 5978
11.316, 5977
11.320, 5976
11.323, 5975
11.327, 5974
11.332, 5973
11.336, 5972
11.339, 5971
11.343, 5970
11.348, 5969
11.352, 5968
11.356, 5967
11.360, 5966
11.365, 5965
11.369, 5964
11.375, 5963
11.380, 5962
11.384, 5961
11.400, 5960
11.406, 5959
11.412, 5958
11.416, 5957
11.422, 5956
11.426, 5955
11.432, 5954
11.436, 5953
11.440, 5952
11.445, 5951
11.450, 5950
11.453, 5949
11.458, 5948
11.462, 5947
11.467, 5946
11.471, 5945
11.475, 5944
11.480, 5943
11.484, 5942
11.488, 5941
11.492, 5940
11.495, 5939
11.500, 5938
11.503, 5937
11.507, 5936
11.511, 5935
11.514, 5934
11.518, 5933
11.522, 5932
11.526, 5931
11.529, 5930
11.533, 5929
11.537, 5928
11.541, 5927
11.544, 5926
11.548, 5925
11.552, 5924
11.556, 5923
11.559, 5922
11.563, 5921
11.567, 5920
11.570, 5919
11.574, 5918
11.578, 5917
11.582, 5916
11.586, 5915
11.590, 5914
11.595, 5913
11.599, 5912
11.602, 5911
11.606, 5910
11.611, 5909
11.615, 5908
11.618, 5907
11.622, 5906
11.626, 5905
11.630, 5904
11.634, 5903
11.638, 5902
11.641, 5901
11.646, 5900
11.650, 5899
11.654, 5898
11.657, 5897
11.661, 5896
11.665, 5895
11.668, 5894
11.672, 5893
11.676, 5892
11.685, 5891
11.688, 5890
11.692, 5889
11.696, 5888
11.700, 5887
11.703, 5886
11.707, 5885
11.711, 5884
11.714, 5883
11.718, 5882
11.722, 5881
11.725, 5880
11.729, 5879
11.733, 5878
11.736, 5877
11.740, 5876
11.744, 5875
11.747, 5874
11.751, 5873
11.754, 5872
11.758, 5871
11.762, 5870
11.766, 5869
11.769, 5868
11.773, 5867
11.776, 5866
11.780, 5865
11.784, 5864
11.787, 5863
11.791, 5862
11.795, 5861
11.798, 5860
11.802, 5859
11.806, 5858
11.809, 5857
11.813, 5856
11.817, 5855
11.820, 5854
11.824, 5853
11.828, 5852
11.831, 5851
11.835, 5850
11.839, 5849
11.842, 5848
11.846, 5847
11.850, 5846
11.853, 5845
11.857, 5844
11.861, 5843
11.864, 5842
11.868, 5841
11.872, 5840
11.875, 5839
11.879, 5838
11.883, 5837
11.886, 5836
11.890, 5835
11.894, 5834
11.897, 5833
11.901, 5832
11.905, 5831
11.908, 5830
11.912, 5829
11.916, 5828
11.919, 5827
11.923, 5826
11.927, 5825
11.931, 5824
11.935, 5823
11.939, 5822
11.943, 5821
11.947, 5820
11.951, 5819
11.955, 5818
11.959, 5817
11.964, 5816
11.968, 5815
11.972, 5814
11.976, 5813
11.981, 5812
11.986, 5811
11.990, 5810
11.995, 5809
11.999, 5808
12.003, 5807
12.006, 5806
12.010, 5805
12.014, 5804
12.018, 5803
12.021, 5802
12.025, 5801
12.029, 5800
12.033, 5799
12.038, 5798
12.041, 5797
12.045, 5796
12.049, 5795
12.052, 5794
12.056, 5793
12.061, 5792
12.065, 5791
12.070, 5790
12.073, 5789
12.077, 5788
12.081, 5787
12.085, 5786
12.089, 5785
12.093, 5784
12.097, 5783
12.101, 5782
12.104, 5781
12.108, 5780
12.112, 5779
12.116, 5778
12.120, 5777
12.124, 5776
12.128, 5775
12.132, 5774
12.136, 5773
12.139, 5772
12.143, 5771
12.147, 5770
12.151, 5769
12.155, 5768
12.163, 5767
12.167, 5766
12.170, 5765
12.174, 5764
12.178, 5763
12.182, 5762
12.186, 5761
12.189, 5760
12.193, 5759
12.197, 5758
12.201, 5757
12.205, 5756
12.209, 5755
12.213, 5754
12.218, 5753
12.221, 5752
12.225, 5751
12.229, 5750
12.232, 5749
12.236, 5748
12.240, 5747
12.244, 5746
12.248, 5745
12.251, 5744
12.255, 5743
12.259, 5742
12.263, 5741
12.266, 5740
12.270, 5739
12.274, 5738
12.278, 5737
12.282, 5736
12.285, 5735
12.289, 5734
12.293, 5733
12.297, 5732
12.301, 5731
12.305, 5730
12.309, 5729
12.312, 5728
12.316, 5727
12.320, 5726
12.324, 5725
12.328, 5724
12.332, 5723
12.335, 5722
12.339, 5721
12.343, 5720
12.348, 5719
12.352, 5718
12.355, 5717
12.359, 5716
12.363, 5715
12.367, 5714
12.371, 5713
12.375, 5712
12.379, 5711
12.383, 5710
12.387, 5709
12.390, 5708
12.394, 5707
12.398, 5706
12.402, 5705
12.406, 5704
12.410, 5703
12.414, 5702
12.418, 5701
12.422, 5700
12.425, 5699
12.429, 5698
12.433, 5697
12.437, 5696
12.441, 5695
12.445, 5694
12.448, 5693
12.452, 5692
12.456, 5691
12.460, 5690
12.464, 5689
12.468, 5688
12.471, 5687
12.475, 5686
12.479, 5685
12.482, 5684
12.486, 5683
12.490, 5682
12.494, 5681
12.498, 5680
12.502, 5679
12.505, 5678
12.509, 5677
12.513, 5676
12.516, 5675
12.520, 5674
12.525, 5673
12.529, 5672
12.533, 5671
12.536, 5670
12.540, 5669
12.545, 5668
12.549, 5667
12.552, 5666
12.556, 5665
12.560, 5664
12.564, 5663
12.567, 5662
12.571, 5661
12.575, 5660
12.579, 5659
12.583, 5658
12.586, 5657
12.590, 5656
12.594, 5655
12.597, 5654
12.602, 5653
12.607, 5652
12.613, 5651
12.618, 5650
12.624, 5649
12.640, 5648
12.645, 5647
12.651, 5646
12.654, 5645
12.659, 5644
12.664, 5643
12.668, 5642
12.672, 5641
12.676, 5640
12.682, 5639
12.686, 5638
12.691, 5637
12.697, 5636
12.701, 5635
12.704, 5634
12.708, 5633
12.712, 5632
12.716, 5631
12.720, 5630
12.724, 5629
12.729, 5628
12.734, 5627
12.738, 5626
12.744, 5625
12.749, 5624
12.754, 5623
12.758, 5622
12.764, 5621
12.768, 5620
12.772, 5619
12.776, 5618
12.782, 5617
12.787, 5616
12.792, 5615
12.797, 5614
12.802, 5613
12.807, 5612
12.812, 5611
12.816, 5610
12.820, 5609
12.823, 5608
12.828, 5607
12.833, 5606
12.837, 5605
12.841, 5604
12.846, 5603
12.850, 5602
12.854, 5601
12.858, 5600
12.862, 5599
12.866, 5598
12.870, 5597
12.873, 5596
12.878, 5595
12.886, 5594
12.891, 5593
12.896, 5592
12.901, 5591
12.905, 5590
12.909, 5589
12.913, 5588
12.917, 5587
12.921, 5586
12.925, 5585
12.930, 5584
12.935, 5583
12.940, 5582
12.944, 5581
12.949, 5580
12.952, 5579
12.956, 5578
12.960, 5577
12.964, 5576
12.968, 5575
12.972, 5574
12.975, 5573
12.981, 5572
12.984, 5571
12.988, 5570
12.992, 5569
12.997, 5568
13.001, 5567
13.005, 5566
13.008, 5565
13.013, 5564
13.016, 5563
13.020, 5562
13.024, 5561
13.029, 5560
13.033, 5559
13.036, 5558
13.040, 5557
13.045, 5556
13.049, 5555
13.053, 5554
13.056, 5553
13.060, 5552
13.064, 5551
13.068, 5550
13.072, 5549
13.076, 5548
13.080, 5547
13.085, 5546
13.089, 5545
13.093, 5544
13.099, 5543
13.102, 5542
13.106, 5541
13.110, 5540
13.114, 5539
13.118, 5538
13.121, 5537
13.125, 5536
13.130, 5535
13.134, 5534
13.138, 5533
13.141, 5532
13.147, 5531
13.150, 5530
13.154, 5529
13.158, 5528
13.162, 5527
13.166, 5526
13.170, 5525
13.176, 5524
13.181, 5523
13.185, 5522
13.211, 5521
13.217, 5520
13.221, 5519
13.225, 5518
13.240, 5517
13.244, 5516
13.247, 5515
13.251, 5514
13.254, 5513
13.258, 5512
13.262, 5511
13.265, 5510
13.269, 5509
13.272, 5508
13.276, 5507
13.280, 5506
13.283, 5505
13.287, 5504
13.291, 5503
13.294, 5502
13.298, 5501
13.301, 5500
13.305, 5499
13.309, 5498
13.312, 5497
13.316, 5496
13.320, 5495
13.323, 5494
13.327, 5493
13.330, 5492
13.334, 5491
13.338, 5490
13.342, 5489
13.346, 5488
13.351, 5487
13.354, 5486
13.358, 5485
13.361, 5484
13.365, 5483
13.369, 5482
13.372, 5481
13.376, 5480
13.381, 5479
13.384, 5478
13.388, 5477
13.392, 5476
13.396, 5475
13.400, 5474
13.405, 5473
13.408, 5472
13.412, 5471
13.415, 5470
13.419, 5469
13.423, 5468
13.426, 5467
13.430, 5466
13.433, 5465
13.437, 5464
13.441, 5463
13.444, 5462
13.448, 5461
13.452, 5460
13.455, 5459
13.459, 5458
13.463, 5457
13.466, 5456
13.470, 5455
13.473, 5454
13.478, 5453
13.482, 5452
13.486, 5451
13.490, 5450
13.494, 5449
13.497, 5448
13.501, 5447
13.505, 5446
13.508, 5445
13.512, 5444
13.515, 5443
13.519, 5442
13.523, 5441
13.527, 5440
13.530, 5439
13.534, 5438
13.537, 5437
13.541, 5436
13.545, 5435
13.548, 5434
13.552, 5433
13.556, 5432
13.559, 5431
13.563, 5430
13.566, 5429
13.570, 5428
13.573, 5427
13.578, 5426
13.581, 5425
13.585, 5424
13.589, 5423
13.592, 5422
13.596, 5421
13.600, 5420
13.603, 5419
13.608, 5418
13.612, 5417
13.615, 5416
13.619, 5415
13.622, 5414
13.626, 5413
13.630, 5412
13.635, 5411
13.639, 5410
13.643, 5409
13.647, 5408
13.650, 5407
13.654, 5406
13.657, 5405
13.661, 5404
13.665, 5403
13.668, 5402
13.672, 5401
13.676, 5400
13.680, 5399
13.685, 5398
13.689, 5397
13.693, 5396
13.697, 5395
13.701, 5394
13.705, 5393
13.709, 5392
13.712, 5391
13.716, 5390
13.720, 5389
13.724, 5388
13.729, 5387
13.732, 5386
13.736, 5385
13.740, 5384
13.744, 5383
13.754, 5382
13.757, 5381
13.762, 5380
13.765, 5379
13.769, 5378
13.773, 5377
13.777, 5376
13.780, 5375
13.784, 5374
13.788, 5373
13.792, 5372
13.795, 5371
13.799, 5370
13.803, 5369
13.807, 5368
13.811, 5367
13.814, 5366
13.818, 5365
13.822, 5364
13.826, 5363
13.831, 5362
13.835, 5361
13.839, 5360
13.845, 5359
13.850, 5358
13.854, 5357
13.858, 5356
13.862, 5355
13.866, 5354
13.869, 5353
13.874, 5352
13.877, 5351
13.881, 5350
13.885, 5349
13.889, 5348
13.893, 5347
13.897, 5346
13.901, 5345
13.905, 5344
13.909, 5343
13.913, 5342
13.917, 5341
13.921, 5340
13.925, 5339
13.929, 5338
13.933, 5337
13.936, 5336
13.942, 5335
13.946, 5334
13.949, 5333
13.953, 5332
13.957, 5331
13.961, 5330
13.965, 5329
13.968, 5328
13.972, 5327
13.976, 5326
13.980, 5325
13.983, 5324
13.987, 5323
13.991, 5322
13.995, 5321
13.999, 5320
14.002, 5319
14.006, 5318
14.010, 5317
14.014, 5316
14.017, 5315
14.022, 5314
14.025, 5313
14.029, 5312
14.033, 5311
14.037, 5310
14.042, 5309
14.047, 5308
14.051, 5307
14.066, 5306
14.083, 5305
14.089, 5304
14.096, 5303
14.102, 5302
14.106, 5301
14.112, 5300
14.117, 5299
14.124, 5298
14.130, 5297
14.134, 5296
14.137, 5295
14.141, 5294
14.146, 5293
14.150, 5292
14.154, 5291
14.158, 5290
14.162, 5289
14.165, 5288
14.169, 5287
14.173, 5286
14.177, 5285
14.181, 5284
14.185, 5283
14.189, 5282
14.193, 5281
14.196, 5280
14.200, 5279
14.203, 5278
14.207, 5277
14.211, 5276
14.214, 5275
14.218, 5274
14.221, 5273
14.225, 5272
14.229, 5271
14.232, 5270
14.237, 5269
14.241, 5268
14.245, 5267
14.248, 5266
14.252, 5265
14.255, 5264
14.259, 5263
14.263, 5262
14.267, 5261
14.270, 5260
14.274, 5259
14.278, 5258
14.282, 5257
14.288, 5256
14.292, 5255
14.297, 5254
14.301, 5253
14.304, 5252
14.308, 5251
14.311, 5250
14.315, 5249
14.318, 5248
14.322, 5247
14.325, 5246
14.329, 5245
14.336, 5244
14.340, 5243
14.343, 5242
14.347, 5241
14.350, 5240
14.354, 5239
14.357, 5238
14.361, 5237
14.364, 5236
14.368, 5235
14.371, 5234
14.375, 5233
14.379, 5232
14.383, 5231
14.387, 5230
14.390, 5229
14.394, 5228
14.397, 5227
14.401, 5226
14.404, 5225
14.408, 5224
14.412, 5223
14.415, 5222
14.419, 5221
14.422, 5220
14.426, 5219
14.429, 5218
14.433, 5217
14.436, 5216
14.440, 5215
14.443, 5214
14.447, 5213
14.451, 5212
14.454, 5211
14.458, 5210
14.461, 5209
14.465, 5208
14.468, 5207
14.471, 5206
14.475, 5205
14.479, 5204
14.483, 5203
14.487, 5202
14.490, 5201
14.494, 5200
14.497, 5199
14.501, 5198
14.504, 5197
14.508, 5196
14.511, 5195
14.515, 5194
14.519, 5193
14.522, 5192
14.526, 5191
14.530, 5190
14.533, 5189
14.537, 5188
14.540, 5187
14.545, 5186
14.549, 5185
14.553, 5184
14.556, 5183
14.560, 5182
14.563, 5181
14.567, 5180
14.570, 5179
14.574, 5178
14.577, 5177
14.581, 5176
14.584, 5175
14.588, 5174
14.592, 5173
14.595, 5172
14.599, 5171
14.603, 5170
14.607, 5169
14.611, 5168
14.614, 5167
14.618, 5166
14.621, 5165
14.625, 5164
14.629, 5163
14.632, 5162
14.636, 5161
14.640, 5160
14.643, 5159
14.647, 5158
14.651, 5157
14.654, 5156
14.657, 5155
14.661, 5154
14.665, 5153
14.668, 5152
14.672, 5151
14.676, 5150
14.679, 5149
14.683, 5148
14.686, 5147
14.690, 5146
14.694, 5145
14.698, 5144
14.702, 5143
14.707, 5142
14.712, 5141
14.716, 5140
14.720, 5139
14.724, 5138
14.729, 5137
14.733, 5136
14.737, 5135
14.741, 5134
14.751, 5133
14.755, 5132
14.759, 5131
14.763, 5130
14.766, 5129
14.770, 5128
14.773, 5127
14.778, 5126
14.783, 5125
14.787, 5124
14.790, 5123
14.795, 5122
14.800, 5121
14.803, 5120
14.807, 5119
14.810, 5118
14.816, 5117
14.819, 5116
14.823, 5115
14.827, 5114
14.832, 5113
14.835, 5112
14.839, 5111
14.843, 5110
14.848, 5109
14.852, 5108
14.855, 5107
14.859, 5106
14.868, 5105
14.872, 5104
14.876, 5103
14.881, 5102
14.885, 5101
14.888, 5100
14.892, 5099
14.898, 5098
14.901, 5097
14.905, 5096
14.908, 5095
14.913, 5094
14.916, 5093
14.920, 5092
14.924, 5091
14.929, 5090
14.933, 5089
14.936, 5088
14.940, 5087
14.944, 5086
14.949, 5085
14.952, 5084
14.956, 5083
14.959, 5082
14.964, 5081
14.967, 5080
14.970, 5079
14.974, 5078
14.979, 5077
14.983, 5076
14.987, 5075
14.991, 5074
14.995, 5073
14.999, 5072
15.003, 5071
15.006, 5070
15.010, 5069
15.014, 5068
15.018, 5067
15.021, 5066
15.025, 5065
15.029, 5064
15.034, 5063
15.037, 5062
15.041, 5061
15.046, 5060
15.050, 5059
15.053, 5058
15.057, 5057
15.060, 5056
15.065, 5055
15.068, 5054
15.072, 5053
15.075, 5052
15.081, 5051
15.084, 5050
15.088, 5049
15.092, 5048
15.097, 5047
15.101, 5046
15.104, 5045
15.108, 5044
15.111, 5043
15.116, 5042
15.119, 5041
15.122, 5040
15.126, 5039
15.131, 5038
15.135, 5037
15.139, 5036
15.142, 5035
15.147, 5034
15.151, 5033
15.155, 5032
15.158, 5031
15.163, 5030
15.167, 5029
15.171, 5028
15.174, 5027
15.179, 5026
15.185, 5025
15.188, 5024
15.193, 5023
15.199, 5022
15.202, 5021
15.206, 5020
15.209, 5019
15.214, 5018
15.217, 5017
15.221, 5016
15.224, 5015
15.229, 5014
15.234, 5013
15.238, 5012
15.242, 5011
15.248, 5010
15.252, 5009
15.255, 5008
15.259, 5007
15.263, 5006
15.267, 5005
15.271, 5004
15.278, 5003
15.286, 5002
15.298, 5001
15.306, 5000
15.313, 4999
15.320, 4998
15.325, 4997
15.332, 4996
15.337, 4995
15.342, 4994
15.347, 4993
15.351, 4992
15.355, 4991
15.359, 4990
15.363, 4989
15.367, 4988
15.371, 4987
15.375, 4986
15.380, 4985
15.385, 4984
15.389, 4983
15.393, 4982
15.397, 4981
15.401, 4980
15.404, 4979
15.408, 4978
15.411, 4977
15.415, 4976
15.418, 4975
15.421, 4974
15.425, 4973
15.429, 4972
15.433, 4971
15.436, 4970
15.440, 4969
15.443, 4968
15.446, 4967
15.450, 4966
15.453, 4965
15.457, 4964
15.464, 4963
15.468, 4962
15.472, 4961
15.475, 4960
15.480, 4959
15.484, 4958
15.487, 4957
15.491, 4956
15.494, 4955
15.498, 4954
15.502, 4953
15.505, 4952
15.509, 4951
15.512, 4950
15.516, 4949
15.519, 4948
15.523, 4947
15.526, 4946
15.529, 4945
15.533, 4944
15.537, 4943
15.540, 4942
15.544, 4941
15.547, 4940
15.551, 4939
15.555, 4938
15.559, 4937
15.562, 4936
15.566, 4935
15.569, 4934
15.573, 4933
15.576, 4932
15.580, 4931
15.583, 4930
15.587, 4929
15.590, 4928
15.594, 4927
15.597, 4926
15.601, 4925
15.604, 4924
15.608, 4923
15.612, 4922
15.615, 4921
15.620, 4920
15.623, 4919
15.626, 4918
15.630, 4917
15.634, 4916
15.637, 4915
15.641, 4914
15.644, 4913
15.648, 4912
15.652, 4911
15.655, 4910
15.658, 4909
15.662, 4908
15.666, 4907
15.669, 4906
15.673, 4905
15.677, 4904
15.680, 4903
15.684, 4902
15.688, 4901
15.691, 4900
15.695, 4899
15.699, 4898
15.702, 4897
15.705, 4896
15.709, 4895
15.713, 4894
15.716, 4893
15.720, 4892
15.723, 4891
15.727, 4890
15.731, 4889
15.734, 4888
15.737, 4887
15.741, 4886
15.745, 4885
15.748, 4884
15.752, 4883
15.755, 4882
15.759, 4881
15.763, 4880
15.766, 4879
15.769, 4878
15.773, 4877
15.777, 4876
15.780, 4875
15.784, 4874
15.787, 4873
15.791, 4872
15.794, 4871
15.798, 4870
15.801, 4869
15.805, 4868
15.809, 4867
15.812, 4866
15.815, 4865
15.819, 4864
15.823, 4863
15.826, 4862
15.830, 4861
15.833, 4860
15.837, 4859
15.840, 4858
15.844, 4857
15.847, 4856
15.851, 4855
15.855, 4854
15.859, 4853
15.862, 4852
15.866, 4851
15.870, 4850
15.873, 4849
15.878, 4848
15.881, 4847
15.885, 4846
15.889, 4845
15.892, 4844
15.895, 4843
15.899, 4842
15.903, 4841
15.906, 4840
15.910, 4839
15.914, 4838
15.917, 4837
15.921, 4836
15.924, 4835
15.928, 4834
15.931, 4833
15.935, 4832
15.938, 4831
15.942, 4830
15.945, 4829
15.948, 4828
15.952, 4827
15.960, 4826
15.963, 4825
15.967, 4824
15.970, 4823
15.973, 4822
15.977, 4821
15.980, 4820
15.984, 4819
15.988, 4818
15.992, 4817
15.995, 4816
15.999, 4815
16.002, 4814
16.005, 4813
16.009, 4812
16.012, 4811
16.015, 4810
16.019, 4809
16.022, 4808
16.026, 4807
16.029, 4806
16.033, 4805
16.045, 4804
16.048, 4803
16.052, 4802
16.055, 4801
16.059, 4800
16.062, 4799
16.066, 4798
16.069, 4797
16.072, 4796
16.076, 4795
16.080, 4794
16.083, 4793
16.086, 4792
16.090, 4791
16.093, 4790
16.097, 4789
16.100, 4788
16.103, 4787
16.107, 4786
16.110, 4785
16.114, 4784
16.117, 4783
16.120, 4782
16.124, 4781
16.127, 4780
16.131, 4779
16.134, 4778
16.138, 4777
16.141, 4776
16.144, 4775
16.148, 4774
16.152, 4773
16.155, 4772
16.159, 4771
16.163, 4770
16.166, 4769
16.169, 4768
16.173, 4767
16.176, 4766
16.180, 4765
16.183, 4764
16.186, 4763
16.190, 4762
16.193, 4761
16.196, 4760
16.200, 4759
16.203, 4758
16.207, 4757
16.210, 4756
16.213, 4755
16.217, 4754
16.220, 4753
16.224, 4752
16.227, 4751
16.230, 4750
16.234, 4749
16.237, 4748
16.240, 4747
16.244, 4746
16.247, 4745
16.250, 4744
16.254, 4743
16.257, 4742
16.260, 4741
16.264, 4740
16.267, 4739
16.270, 4738
16.274, 4737
16.277, 4736
16.280, 4735
16.284, 4734
16.287, 4733
16.290, 4732
16.294, 4731
16.297, 4730
16.301, 4729
16.304, 4728
16.307, 4727
16.311, 4726
16.314, 4725
16.317, 4724
16.321, 4723
16.324, 4722
16.327, 4721
16.331, 4720
16.334, 4719
16.337, 4718
16.341, 4717
16.344, 4716
16.347, 4715
16.351, 4714
16.354, 4713
16.357, 4712
16.361, 4711
16.364, 4710
16.367, 4709
16.371, 4708
16.374, 4707
16.377, 4706
16.381, 4705
16.384, 4704
16.387, 4703
16.391, 4702
16.394, 4701
16.397, 4700
16.400, 4699
16.404, 4698
16.407, 4697
16.410, 4696
16.414, 4695
16.417, 4694
16.429, 4693
16.432, 4692
16.435, 4691
16.439, 4690
16.442, 4689
16.446, 4688
16.449, 4687
16.453, 4686
16.456, 4685
16.459, 4684
16.463, 4683
16.466, 4682
16.469, 4681
16.473, 4680
16.476, 4679
16.480, 4678
16.483, 4677
16.487, 4676
16.490, 4675
16.494, 4674
16.498, 4673
16.501, 4672
16.505, 4671
16.508, 4670
16.512, 4669
16.515, 4668
16.519, 4667
16.523, 4666
16.526, 4665
16.530, 4664
16.534, 4663
16.537, 4662
16.541, 4661
16.544, 4660
16.548, 4659
16.552, 4658
16.555, 4657
16.559, 4656
16.563, 4655
16.567, 4654
16.570, 4653
16.573, 4652
16.577, 4651
16.581, 4650
16.585, 4649
16.588, 4648
16.593, 4647
16.597, 4646
16.600, 4645
16.603, 4644
16.607, 4643
16.611, 4642
16.616, 4641
16.620, 4640
16.623, 4639
16.627, 4638
16.631, 4637
16.635, 4636
16.638, 4635
16.641, 4634
16.645, 4633
16.649, 4632
16.652, 4631
16.656, 4630
16.660, 4629
16.663, 4628
16.667, 4627
16.670, 4626
16.674, 4625
16.677, 4624
16.681, 4623
16.685, 4622
16.688, 4621
16.692, 4620
16.695, 4619
16.699, 4618
16.702, 4617
16.706, 4616
16.709, 4615
16.713, 4614
16.716, 4613
16.720, 4612
16.723, 4611
16.726, 4610
16.730, 4609
16.734, 4608
16.737, 4607
16.740, 4606
16.744, 4605
16.748, 4604
16.752, 4603
16.755, 4602
16.758, 4601
16.762, 4600
16.766, 4599
16.769, 4598
16.772, 4597
16.776, 4596
16.780, 4595
16.783, 4594
16.786, 4593
16.790, 4592
16.793, 4591
16.797, 4590
16.800, 4589
16.804, 4588
16.807, 4587
16.810, 4586
16.814, 4585
16.817, 4584
16.821, 4583
16.824, 4582
16.828, 4581
16.831, 4580
16.835, 4579
16.838, 4578
16.841, 4577
16.845, 4576
16.848, 4575
16.852, 4574
16.856, 4573
16.859, 4572
16.863, 4571
16.866, 4570
16.869, 4569
16.873, 4568
16.876, 4567
16.880, 4566
16.883, 4565
16.887, 4564
16.890, 4563
16.894, 4562
16.897, 4561
16.901, 4560
16.904, 4559
16.907, 4558
16.911, 4557
16.915, 4556
16.918, 4555
16.921, 4554
16.925, 4553
16.928, 4552
16.932, 4551
16.935, 4550
16.938, 4549
16.942, 4548
16.946, 4547
16.949, 4546
16.961, 4545
16.965, 4544
16.968, 4543
16.971, 4542
16.975, 4541
16.979, 4540
16.982, 4539
16.985, 4538
16.989, 4537
16.992, 4536
16.996, 4535
16.999, 4534
17.003, 4533
17.006, 4532
17.010, 4531
17.013, 4530
17.016, 4529
17.020, 4528
17.023, 4527
17.027, 4526
17.030, 4525
17.034, 4524
17.037, 4523
17.040, 4522
17.044, 4521
17.047, 4520
17.051, 4519
17.054, 4518
17.057, 4517
17.061, 4516
17.064, 4515
17.068, 4514
17.071, 4513
17.074, 4512
17.078, 4511
17.082, 4510
17.085, 4509
17.088, 4508
17.092, 4507
17.096, 4506
17.100, 4505
17.105, 4504
17.108, 4503
17.112, 4502
17.115, 4501
17.119, 4500
17.122, 4499
17.125, 4498
17.128, 4497
17.132, 4496
17.135, 4495
17.139, 4494
17.142, 4493
17.146, 4492
17.150, 4491
17.153, 4490
17.156, 4489
17.160, 4488
17.164, 4487
17.167, 4486
17.170, 4485
17.173, 4484
17.177, 4483
17.180, 4482
17.183, 4481
17.187, 4480
17.190, 4479
17.194, 4478
17.197, 4477
17.201, 4476
17.204, 4475
17.208, 4474
17.212, 4473
17.215, 4472
17.218, 4471
17.222, 4470
17.225, 4469
17.228, 4468
17.232, 4467
17.235, 4466
17.238, 4465
17.242, 4464
17.246, 4463
17.249, 4462
17.253, 4461
17.256, 4460
17.260, 4459
17.263, 4458
17.266, 4457
17.270, 4456
17.273, 4455
17.276, 4454
17.280, 4453
17.283, 4452
17.286, 4451
17.290, 4450
17.293, 4449
17.296, 4448
17.300, 4447
17.303, 4446
17.307, 4445
17.310, 4444
17.314, 4443
17.317, 4442
17.320, 4441
17.324, 4440
17.327, 4439
17.331, 4438
17.334, 4437
17.338, 4436
17.341, 4435
17.344, 4434
17.348, 4433
17.351, 4432
17.354, 4431
17.358, 4430
17.362, 4429
17.365, 4428
17.368, 4427
17.372, 4426
17.375, 4425
17.379, 4424
17.382, 4423
17.386, 4422
17.389, 4421
17.392, 4420
17.397, 4419
17.400, 4418
17.404, 4417
17.408, 4416
17.411, 4415
17.414, 4414
17.418, 4413
17.421, 4412
17.425, 4411
17.429, 4410
17.433, 4409
17.437, 4408
17.440, 4407
17.444, 4406
17.447, 4405
17.451, 4404
17.454, 4403
17.458, 4402
17.462, 4401
17.465, 4400
17.468, 4399
17.472, 4398
17.476, 4397
17.479, 4396
17.482, 4395
17.496, 4394
17.499, 4393
17.502, 4392
17.506, 4391
17.509, 4390
17.512, 4389
17.516, 4388
17.519, 4387
17.523, 4386
17.526, 4385
17.530, 4384
17.534, 4383
17.537, 4382
17.541, 4381
17.544, 4380
17.548, 4379
17.552, 4378
17.555, 4377
17.558, 4376
17.562, 4375
17.565, 4374
17.569, 4373
17.572, 4372
17.576, 4371
17.580, 4370
17.583, 4369
17.586, 4368
17.589, 4367
17.593, 4366
17.597, 4365
17.600, 4364
17.603, 4363
17.606, 4362
17.610, 4361
17.613, 4360
17.616, 4359
17.619, 4358
17.623, 4357
17.626, 4356
17.629, 4355
17.633, 4354
17.636, 4353
17.639, 4352
17.642, 4351
17.646, 4350
17.649, 4349
17.652, 4348
17.656, 4347
17.659, 4346
17.662, 4345
17.665, 4344
17.668, 4343
17.672, 4342
17.675, 4341
17.678, 4340
17.681, 4339
17.685, 4338
17.688, 4337
17.691, 4336
17.694, 4335
17.698, 4334
17.701, 4333
17.704, 4332
17.707, 4331
17.711, 4330
17.714, 4329
17.717, 4328
17.720, 4327
17.724, 4326
17.727, 4325
17.730, 4324
17.733, 4323
17.736, 4322
17.740, 4321
17.743, 4320
17.746, 4319
17.749, 4318
17.752, 4317
17.756, 4316
17.759, 4315
17.762, 4314
17.765, 4313
17.768, 4312
17.771, 4311
17.775, 4310
17.778, 4309
17.781, 4308
17.784, 4307
17.787, 4306
17.790, 4305
17.794, 4304
17.797, 4303
17.800, 4302
17.803, 4301
17.806, 4300
17.809, 4299
17.812, 4298
17.816, 4297
17.819, 4296
17.822, 4295
17.825, 4294
17.828, 4293
17.831, 4292
17.835, 4291
17.838, 4290
17.841, 4289
17.844, 4288
17.847, 4287
17.851, 4286
17.855, 4285
17.858, 4284
17.861, 4283
17.864, 4282
17.867, 4281
17.870, 4280
17.874, 4279
17.877, 4278
17.880, 4277
17.883, 4276
17.886, 4275
17.889, 4274
17.893, 4273
17.896, 4272
17.899, 4271
17.902, 4270
17.905, 4269
17.908, 4268
17.911, 4267
17.914, 4266
17.918, 4265
17.921, 4264
17.924, 4263
17.927, 4262
17.930, 4261
17.933, 4260
17.936, 4259
17.940, 4258
17.943, 4257
17.946, 4256
17.949, 4255
17.952, 4254
17.955, 4253
17.959, 4252
17.962, 4251
17.965, 4250
17.968, 4249
17.971, 4248
17.974, 4247
17.977, 4246
17.981, 4245
17.984, 4244
17.987, 4243
17.990, 4242
17.993, 4241
17.996, 4240
17.999, 4239
18.003, 4238
18.009, 4237
18.012, 4236
18.015, 4235
18.018, 4234
18.021, 4233
18.024, 4232
18.027, 4231
18.030, 4230
18.034, 4229
18.037, 4228
18.040, 4227
18.043, 4226
18.046, 4225
18.050, 4224
18.053, 4223
18.056, 4222
18.059, 4221
18.062, 4220
18.065, 4219
18.068, 4218
18.071, 4217
18.075, 4216
18.078, 4215
18.081, 4214
18.084, 4213
18.087, 4212
18.090, 4211
18.093, 4210
18.096, 4209
18.100, 4208
18.103, 4207
18.106, 4206
18.109, 4205
18.112, 4204
18.115, 4203
18.118, 4202
18.121, 4201
18.124, 4200
18.128, 4199
18.131, 4198
18.134, 4197
18.138, 4196
18.141, 4195
18.144, 4194
18.147, 4193
18.150, 4192
18.153, 4191
18.156, 4190
18.159, 4189
18.162, 4188
18.166, 4187
18.169, 4186
18.172, 4185
18.175, 4184
18.178, 4183
18.181, 4182
18.184, 4181
18.187, 4180
18.190, 4179
18.193, 4178
18.197, 4177
18.200, 4176
18.203, 4175
18.206, 4174
18.209, 4173
18.212, 4172
18.215, 4171
18.218, 4170
18.221, 4169
18.224, 4168
18.228, 4167
18.231, 4166
18.234, 4165
18.237, 4164
18.240, 4163
18.243, 4162
18.246, 4161
18.249, 4160
18.252, 4159
18.255, 4158
18.259, 4157
18.262, 4156
18.265, 4155
18.268, 4154
18.271, 4153
18.274, 4152
18.277, 4151
18.280, 4150
18.283, 4149
18.286, 4148
18.289, 4147
18.292, 4146
18.296, 4145
18.299, 4144
18.302, 4143
18.305, 4142
18.308, 4141
18.311, 4140
18.314, 4139
18.317, 4138
18.320, 4137
18.323, 4136
18.326, 4135
18.330, 4134
18.333, 4133
18.336, 4132
18.339, 4131
18.342, 4130
18.345, 4129
18.348, 4128
18.351, 4127
18.354, 4126
18.357, 4125
18.360, 4124
18.364, 4123
18.367, 4122
18.370, 4121
18.373, 4120
18.376, 4119
18.379, 4118
18.382, 4117
18.385, 4116
18.388, 4115
18.391, 4114
18.394, 4113
18.397, 4112
18.400, 4111
18.403, 4110
18.407, 4109
18.410, 4108
18.413, 4107
18.416, 4106
18.419, 4105
18.422, 4104
18.425, 4103
18.428, 4102
18.431, 4101
18.434, 4100
18.437, 4099
18.440, 4098
18.443, 4097
18.446, 4096
18.450, 4095
18.453, 4094
18.456, 4093
18.459, 4092
18.462, 4091
18.465, 4090
18.468, 4089
18.471, 4088
18.474, 4087
18.478, 4086
18.481, 4085
18.484, 4084
18.487, 4083
18.490, 4082
18.493, 4081
18.496, 4080
18.499, 4079
18.502, 4078
18.506, 4077
18.512, 4076
18.515, 4075
18.518, 4074
18.521, 4073
18.525, 4072
18.528, 4071
18.531, 4070
18.534, 4069
18.537, 4068
18.540, 4067
18.544, 4066
18.547, 4065
18.550, 4064
18.553, 4063
18.556, 4062
18.559, 4061
18.563, 4060
18.566, 4059
18.569, 4058
18.572, 4057
18.575, 4056
18.579, 4055
18.582, 4054
18.585, 4053
18.588, 4052
18.591, 4051
18.594, 4050
18.598, 4049
18.601, 4048
18.604, 4047
18.607, 4046
18.610, 4045
18.613, 4044
18.617, 4043
18.620, 4042
18.623, 4041
18.626, 4040
18.629, 4039
18.632, 4038
18.635, 4037
18.639, 4036
18.642, 4035
18.645, 4034
18.648, 4033
18.651, 4032
18.654, 4031
18.658, 4030
18.661, 4029
18.664, 4028
18.667, 4027
18.670, 4026
18.674, 4025
18.677, 4024
18.680, 4023
18.683, 4022
18.686, 4021
18.690, 4020
18.693, 4019
18.696, 4018
18.699, 4017
18.703, 4016
18.706, 4015
18.709, 4014
18.712, 4013
18.715, 4012
18.718, 4011
18.722, 4010
18.725, 4009
18.728, 4008
18.731, 4007
18.735, 4006
18.738, 4005
18.741, 4004
18.744, 4003
18.747, 4002
18.750, 4001
18.753, 4000
18.756, 3999
18.760, 3998
18.763, 3997
18.766, 3996
18.769, 3995
18.772, 3994
18.775, 3993
18.778, 3992
18.781, 3991
18.785, 3990
18.788, 3989
18.791, 3988
18.794, 3987
18.797, 3986
18.800, 3985
18.803, 3984
18.806, 3983
18.809, 3982
18.812, 3981
18.815, 3980
18.818, 3979
18.821, 3978
18.824, 3977
18.827, 3976
18.830, 3975
18.834, 3974
18.837, 3973
18.840, 3972
18.843, 3971
18.846, 3970
18.849, 3969
18.852, 3968
18.855, 3967
18.858, 3966
18.861, 3965
18.864, 3964
18.867, 3963
18.870, 3962
18.873, 3961
18.876, 3960
18.879, 3959
18.882, 3958
18.885, 3957
18.888, 3956
18.891, 3955
18.894, 3954
18.897, 3953
18.900, 3952
18.903, 3951
18.906, 3950
18.909, 3949
18.912, 3948
18.915, 3947
18.918, 3946
18.921, 3945
18.925, 3944
18.928, 3943
18.931, 3942
