0.081, 8359
0.086, 8358
0.086, 8357
0.086, 8356
0.086, 8355
0.087, 8354
0.087, 8353
0.087, 8352
0.087, 8351
0.087, 8350
0.087, 8349
0.087, 8348
0.087, 8347
0.087, 8346
0.087, 8345
0.087, 8344
0.088, 8343
0.088, 8342
0.088, 8341
0.088, 8340
0.088, 8339
0.088, 8338
0.088, 8337
0.088, 8336
0.088, 8335
0.088, 8334
0.088, 8333
0.089, 8332
0.089, 8331
0.089, 8330
0.089, 8329
0.089, 8328
0.089, 8327
0.089, 8326
0.089, 8325
0.089, 8324
0.089, 8323
0.089, 8322
0.089, 8321
0.090, 8320
0.090, 8319
0.090, 8318
0.090, 8317
0.090, 8316
0.090, 8315
0.090, 8314
0.090, 8313
0.090, 8312
0.090, 8311
0.090, 8310
0.090, 8309
0.090, 8308
0.091, 8307
0.091, 8306
0.091, 8305
0.091, 8304
0.091, 8303
0.091, 8302
0.091, 8301
0.091, 8300
0.091, 8299
0.091, 8298
0.091, 8297
0.091, 8296
0.091, 8295
0.092, 8294
0.092, 8293
0.092, 8292
0.092, 8291
0.092, 8290
0.092, 8289
0.092, 8288
0.092, 8287
0.092, 8286
0.092, 8285
0.092, 8284
0.092, 8283
0.092, 8282
0.092, 8281
0.092, 8280
0.093, 8279
0.093, 8278
0.093, 8277
0.093, 8276
0.093, 8275
0.093, 8274
0.093, 8273
0.093, 8272
0.093, 8271
0.093, 8270
0.093, 8269
0.093, 8268
0.093, 8267
0.093, 8266
0.094, 8265
0.094, 8264
0.094, 8263
0.094, 8262
0.094, 8261
0.094, 8260
0.094, 8259
0.094, 8258
0.094, 8257
0.094, 8256
0.094, 8255
0.095, 8254
0.096, 8253
0.096, 8252
0.096, 8251
0.096, 8250
0.096, 8249
0.096, 8248
0.096, 8247
0.096, 8246
0.096, 8245
0.096, 8244
0.096, 8243
0.096, 8242
0.096, 8241
0.097, 8240
0.097, 8239
0.097, 8238
0.097, 8237
0.097, 8236
0.097, 8235
0.097, 8234
0.097, 8233
0.097, 8232
0.097, 8231
0.097, 8230
0.097, 8229
0.097, 8228
0.097, 8227
0.097, 8226
0.098, 8225
0.098, 8224
0.098, 8223
0.098, 8222
0.098, 8221
0.098, 8220
0.098, 8219
0.098, 8218
0.098, 8217
0.098, 8216
0.098, 8215
0.098, 8214
0.098, 8213
0.098, 8212
0.098, 8211
0.098, 8210
0.098, 8209
0.098, 8208
0.099, 8207
0.099, 8206
0.099, 8205
0.099, 8204
0.099, 8203
0.099, 8202
0.099, 8201
0.099, 8200
0.099, 8199
0.099, 8198
0.099, 8197
0.099, 8196
0.099, 8195
0.099, 8194
0.099, 8193
0.099, 8192
0.099, 8191
0.100, 8190
0.100, 8189
0.100, 8188
0.100, 8187
0.100, 8186
0.100, 8185
0.100, 8184
0.100, 8183
0.100, 8182
0.100, 8181
0.100, 8180
0.100, 8179
0.100, 8178
0.100, 8177
0.100, 8176
0.100, 8175
0.100, 8174
0.100, 8173
0.101, 8172
0.101, 8171
0.101, 8170
0.101, 8169
0.101, 8168
0.101, 8167
0.101, 8166
0.101, 8165
0.101, 8164
0.101, 8163
0.101, 8162
0.101, 8161
0.101, 8160
0.101, 8159
0.101, 8158
0.101, 8157
0.101, 8156
0.101, 8155
0.101, 8154
0.101, 8153
0.102, 8152
0.102, 8151
0.102, 8150
0.102, 8149
0.102, 8148
0.102, 8147
0.102, 8146
0.102, 8145
0.102, 8144
0.102, 8143
0.102, 8142
0.102, 8141
0.102, 8140
0.102, 8139
0.102, 8138
0.102, 8137
0.102, 8136
0.102, 8135
0.102, 8134
0.103, 8133
0.103, 8132
0.103, 8131
0.103, 8130
0.103, 8129
0.103, 8128
0.103, 8127
0.103, 8126
0.103, 8125
0.103, 8124
0.103, 8123
0.103, 8122
0.103, 8121
0.103, 8120
0.103, 8119
0.103, 8118
0.103, 8117
0.103, 8116
0.103, 8115
0.103, 8114
0.103, 8113
0.103, 8112
0.104, 8111
0.104, 8110
0.104, 8109
0.104, 8108
0.104, 8107
0.104, 8106
0.104, 8105
0.104, 8104
0.106, 8103
0.106, 8102
0.106, 8101
0.106, 8100
0.106, 8099
0.106, 8098
0.106, 8097
0.106, 8096
0.106, 8095
0.106, 8094
0.106, 8093
0.106, 8092
0.106, 8091
0.106, 8090
0.106, 8089
0.106, 8088
0.106, 8087
0.106, 8086
0.107, 8085
0.107, 8084
0.107, 8083
0.107, 8082
0.107, 8081
0.107, 8080
0.107, 8079
0.107, 8078
0.107, 8077
0.107, 8076
0.107, 8075
0.107, 8074
0.107, 8073
0.107, 8072
0.107, 8071
0.107, 8070
0.107, 8069
0.107, 8068
0.107, 8067
0.107, 8066
0.107, 8065
0.107, 8064
0.107, 8063
0.107, 8062
0.107, 8061
0.107, 8060
0.108, 8059
0.108, 8058
0.108, 8057
0.108, 8056
0.108, 8055
0.108, 8054
0.108, 8053
0.108, 8052
0.108, 8051
0.108, 8050
0.108, 8049
0.108, 8048
0.108, 8047
0.108, 8046
0.108, 8045
0.108, 8044
0.108, 8043
0.108, 8042
0.108, 8041
0.108, 8040
0.108, 8039
0.108, 8038
0.108, 8037
0.108, 8036
0.108, 8035
0.108, 8034
0.109, 8033
0.109, 8032
0.109, 8031
0.109, 8030
0.109, 8029
0.109, 8028
0.109, 8027
0.109, 8026
0.109, 8025
0.109, 8024
0.109, 8023
0.109, 8022
0.109, 8021
0.109, 8020
0.109, 8019
0.109, 8018
0.109, 8017
0.109, 8016
0.109, 8015
0.109, 8014
0.109, 8013
0.109, 8012
0.109, 8011
0.109, 8010
0.109, 8009
0.109, 8008
0.110, 8007
0.110, 8006
0.110, 8005
0.110, 8004
0.110, 8003
0.110, 8002
0.110, 8001
0.110, 8000
0.110, 7999
0.110, 7998
0.110, 7997
0.110, 7996
0.110, 7995
0.110, 7994
0.110, 7993
0.110, 7992
0.110, 7991
0.110, 7990
0.110, 7989
0.110, 7988
0.110, 7987
0.110, 7986
0.110, 7985
0.110, 7984
0.110, 7983
0.110, 7982
0.110, 7981
0.110, 7980
0.111, 7979
0.111, 7978
0.111, 7977
0.111, 7976
0.111, 7975
0.111, 7974
0.111, 7973
0.111, 7972
0.111, 7971
0.111, 7970
0.111, 7969
0.111, 7968
0.111, 7967
0.111, 7966
0.111, 7965
0.111, 7964
0.111, 7963
0.111, 7962
0.111, 7961
0.111, 7960
0.111, 7959
0.112, 7958
0.112, 7957
0.112, 7956
0.112, 7955
0.112, 7954
0.112, 7953
0.112, 7952
0.112, 7951
0.112, 7950
0.112, 7949
0.112, 7948
0.112, 7947
0.112, 7946
0.112, 7945
0.112, 7944
0.112, 7943
0.112, 7942
0.112, 7941
0.112, 7940
0.112, 7939
0.112, 7938
0.112, 7937
0.112, 7936
0.112, 7935
0.112, 7934
0.112, 7933
0.112, 7932
0.112, 7931
0.113, 7930
0.113, 7929
0.113, 7928
0.113, 7927
0.113, 7926
0.113, 7925
0.113, 7924
0.113, 7923
0.113, 7922
0.113, 7921
0.113, 7920
0.113, 7919
0.113, 7918
0.113, 7917
0.113, 7916
0.113, 7915
0.113, 7914
0.113, 7913
0.113, 7912
0.113, 7911
0.113, 7910
0.113, 7909
0.113, 7908
0.113, 7907
0.113, 7906
0.113, 7905
0.113, 7904
0.113, 7903
0.114, 7902
0.114, 7901
0.114, 7900
0.114, 7899
0.114, 7898
0.116, 7897
0.116, 7896
0.117, 7895
0.117, 7894
0.117, 7893
0.117, 7892
0.117, 7891
0.117, 7890
0.117, 7889
0.117, 7888
0.117, 7887
0.117, 7886
0.117, 7885
0.117, 7884
0.117, 7883
0.117, 7882
0.117, 7881
0.117, 7880
0.117, 7879
0.117, 7878
0.117, 7877
0.117, 7876
0.117, 7875
0.117, 7874
0.117, 7873
0.117, 7872
0.117, 7871
0.117, 7870
0.117, 7869
0.117, 7868
0.117, 7867
0.117, 7866
0.117, 7865
0.117, 7864
0.118, 7863
0.118, 7862
0.118, 7861
0.118, 7860
0.118, 7859
0.118, 7858
0.118, 7857
0.118, 7856
0.118, 7855
0.118, 7854
0.118, 7853
0.118, 7852
0.118, 7851
0.118, 7850
0.119, 7849
0.119, 7848
0.119, 7847
0.119, 7846
0.119, 7845
0.119, 7844
0.119, 7843
0.119, 7842
0.119, 7841
0.119, 7840
0.119, 7839
0.119, 7838
0.119, 7837
0.119, 7836
0.119, 7835
0.119, 7834
0.119, 7833
0.119, 7832
0.119, 7831
0.119, 7830
0.119, 7829
0.119, 7828
0.120, 7827
0.120, 7826
0.120, 7825
0.120, 7824
0.120, 7823
0.120, 7822
0.120, 7821
0.120, 7820
0.120, 7819
0.120, 7818
0.120, 7817
0.120, 7816
0.120, 7815
0.120, 7814
0.120, 7813
0.120, 7812
0.120, 7811
0.120, 7810
0.120, 7809
0.120, 7808
0.120, 7807
0.120, 7806
0.120, 7805
0.120, 7804
0.120, 7803
0.120, 7802
0.120, 7801
0.120, 7800
0.120, 7799
0.120, 7798
0.120, 7797
0.120, 7796
0.120, 7795
0.120, 7794
0.120, 7793
0.120, 7792
0.120, 7791
0.120, 7790
0.120, 7789
0.120, 7788
0.120, 7787
0.120, 7786
0.120, 7785
0.120, 7784
0.121, 7783
0.121, 7782
0.121, 7781
0.121, 7780
0.121, 7779
0.121, 7778
0.121, 7777
0.121, 7776
0.121, 7775
0.121, 7774
0.121, 7773
0.123, 7772
0.123, 7771
0.123, 7770
0.128, 7769
0.128, 7768
0.128, 7767
0.128, 7766
0.128, 7765
0.128, 7764
0.128, 7763
0.128, 7762
0.128, 7761
0.128, 7760
0.128, 7759
0.128, 7758
0.128, 7757
0.128, 7756
0.128, 7755
0.128, 7754
0.128, 7753
0.128, 7752
0.128, 7751
0.128, 7750
0.129, 7749
0.129, 7748
0.129, 7747
0.129, 7746
0.129, 7745
0.129, 7744
0.129, 7743
0.129, 7742
0.129, 7741
0.129, 7740
0.129, 7739
0.129, 7738
0.129, 7737
0.129, 7736
0.129, 7735
0.129, 7734
0.129, 7733
0.129, 7732
0.129, 7731
0.129, 7730
0.129, 7729
0.129, 7728
0.129, 7727
0.129, 7726
0.129, 7725
0.129, 7724
0.129, 7723
0.129, 7722
0.129, 7721
0.129, 7720
0.129, 7719
0.129, 7718
0.129, 7717
0.129, 7716
0.129, 7715
0.129, 7714
0.129, 7713
0.129, 7712
0.129, 7711
0.129, 7710
0.129, 7709
0.129, 7708
0.129, 7707
0.129, 7706
0.129, 7705
0.129, 7704
0.129, 7703
0.129, 7702
0.129, 7701
0.129, 7700
0.129, 7699
0.130, 7698
0.130, 7697
0.130, 7696
0.130, 7695
0.130, 7694
0.130, 7693
0.130, 7692
0.130, 7691
0.130, 7690
0.130, 7689
0.130, 7688
0.130, 7687
0.130, 7686
0.130, 7685
0.130, 7684
0.130, 7683
0.130, 7682
0.130, 7681
0.130, 7680
0.130, 7679
0.130, 7678
0.130, 7677
0.130, 7676
0.130, 7675
0.130, 7674
0.130, 7673
0.130, 7672
0.130, 7671
0.130, 7670
0.130, 7669
0.130, 7668
0.130, 7667
0.131, 7666
0.131, 7665
0.131, 7664
0.131, 7663
0.131, 7662
0.131, 7661
0.131, 7660
0.131, 7659
0.131, 7658
0.131, 7657
0.131, 7656
0.131, 7655
0.131, 7654
0.131, 7653
0.131, 7652
0.131, 7651
0.131, 7650
0.131, 7649
0.131, 7648
0.131, 7647
0.131, 7646
0.131, 7645
0.131, 7644
0.131, 7643
0.131, 7642
0.131, 7641
0.131, 7640
0.131, 7639
0.131, 7638
0.131, 7637
0.131, 7636
0.131, 7635
0.131, 7634
0.131, 7633
0.131, 7632
0.131, 7631
0.131, 7630
0.131, 7629
0.131, 7628
0.131, 7627
0.131, 7626
0.131, 7625
0.131, 7624
0.131, 7623
0.131, 7622
0.131, 7621
0.131, 7620
0.132, 7619
0.132, 7618
0.132, 7617
0.132, 7616
0.132, 7615
0.132, 7614
0.132, 7613
0.132, 7612
0.132, 7611
0.132, 7610
0.132, 7609
0.132, 7608
0.132, 7607
0.132, 7606
0.132, 7605
0.132, 7604
0.132, 7603
0.132, 7602
0.132, 7601
0.132, 7600
0.132, 7599
0.132, 7598
0.132, 7597
0.132, 7596
0.132, 7595
0.132, 7594
0.132, 7593
0.132, 7592
0.132, 7591
0.132, 7590
0.132, 7589
0.132, 7588
0.132, 7587
0.132, 7586
0.132, 7585
0.132, 7584
0.132, 7583
0.132, 7582
0.132, 7581
0.132, 7580
0.132, 7579
0.132, 7578
0.133, 7577
0.133, 7576
0.133, 7575
0.133, 7574
0.133, 7573
0.133, 7572
0.133, 7571
0.133, 7570
0.133, 7569
0.133, 7568
0.133, 7567
0.133, 7566
0.133, 7565
0.133, 7564
0.133, 7563
0.133, 7562
0.133, 7561
0.133, 7560
0.133, 7559
0.133, 7558
0.133, 7557
0.133, 7556
0.133, 7555
0.133, 7554
0.133, 7553
0.133, 7552
0.133, 7551
0.133, 7550
0.133, 7549
0.133, 7548
0.133, 7547
0.133, 7546
0.133, 7545
0.133, 7544
0.133, 7543
0.133, 7542
0.133, 7541
0.133, 7540
0.133, 7539
0.133, 7538
0.133, 7537
0.133, 7536
0.133, 7535
0.133, 7534
0.133, 7533
0.133, 7532
0.133, 7531
0.133, 7530
0.133, 7529
0.134, 7528
0.134, 7527
0.134, 7526
0.134, 7525
0.134, 7524
0.134, 7523
0.134, 7522
0.134, 7521
0.134, 7520
0.134, 7519
0.134, 7518
0.134, 7517
0.134, 7516
0.134, 7515
0.134, 7514
0.134, 7513
0.134, 7512
0.134, 7511
0.134, 7510
0.134, 7509
0.134, 7508
0.134, 7507
0.134, 7506
0.134, 7505
0.134, 7504
0.134, 7503
0.134, 7502
0.134, 7501
0.134, 7500
0.134, 7499
0.134, 7498
0.135, 7497
0.135, 7496
0.135, 7495
0.135, 7494
0.135, 7493
0.135, 7492
0.135, 7491
0.135, 7490
0.135, 7489
0.135, 7488
0.135, 7487
0.135, 7486
0.135, 7485
0.135, 7484
0.135, 7483
0.135, 7482
0.135, 7481
0.135, 7480
0.135, 7479
0.135, 7478
0.135, 7477
0.135, 7476
0.135, 7475
0.135, 7474
0.135, 7473
0.135, 7472
0.135, 7471
0.135, 7470
0.135, 7469
0.135, 7468
0.135, 7467
0.135, 7466
0.135, 7465
0.135, 7464
0.136, 7463
0.136, 7462
0.136, 7461
0.136, 7460
0.136, 7459
0.136, 7458
0.136, 7457
0.136, 7456
0.136, 7455
0.136, 7454
0.136, 7453
0.136, 7452
0.136, 7451
0.136, 7450
0.136, 7449
0.136, 7448
0.136, 7447
0.136, 7446
0.136, 7445
0.136, 7444
0.136, 7443
0.136, 7442
0.136, 7441
0.136, 7440
0.136, 7439
0.136, 7438
0.136, 7437
0.136, 7436
0.136, 7435
0.136, 7434
0.136, 7433
0.136, 7432
0.136, 7431
0.136, 7430
0.136, 7429
0.136, 7428
0.136, 7427
0.136, 7426
0.136, 7425
0.136, 7424
0.136, 7423
0.136, 7422
0.136, 7421
0.136, 7420
0.136, 7419
0.136, 7418
0.136, 7417
0.136, 7416
0.136, 7415
0.136, 7414
0.136, 7413
0.136, 7412
0.136, 7411
0.136, 7410
0.136, 7409
0.136, 7408
0.137, 7407
0.137, 7406
0.137, 7405
0.137, 7404
0.137, 7403
0.137, 7402
0.137, 7401
0.137, 7400
0.137, 7399
0.137, 7398
0.137, 7397
0.137, 7396
0.137, 7395
0.137, 7394
0.137, 7393
0.137, 7392
0.137, 7391
0.137, 7390
0.137, 7389
0.137, 7388
0.137, 7387
0.137, 7386
0.137, 7385
0.137, 7384
0.137, 7383
0.137, 7382
0.137, 7381
0.137, 7380
0.137, 7379
0.137, 7378
0.137, 7377
0.137, 7376
0.137, 7375
0.137, 7374
0.137, 7373
0.137, 7372
0.138, 7371
0.138, 7370
0.138, 7369
0.138, 7368
0.138, 7367
0.138, 7366
0.138, 7365
0.138, 7364
0.138, 7363
0.138, 7362
0.138, 7361
0.138, 7360
0.138, 7359
0.138, 7358
0.138, 7357
0.138, 7356
0.138, 7355
0.138, 7354
0.138, 7353
0.138, 7352
0.138, 7351
0.138, 7350
0.138, 7349
0.138, 7348
0.138, 7347
0.138, 7346
0.138, 7345
0.138, 7344
0.138, 7343
0.138, 7342
0.138, 7341
0.138, 7340
0.138, 7339
0.138, 7338
0.138, 7337
0.138, 7336
0.138, 7335
0.138, 7334
0.138, 7333
0.138, 7332
0.138, 7331
0.138, 7330
0.138, 7329
0.138, 7328
0.138, 7327
0.138, 7326
0.138, 7325
0.138, 7324
0.138, 7323
0.138, 7322
0.138, 7321
0.138, 7320
0.138, 7319
0.138, 7318
0.138, 7317
0.138, 7316
0.138, 7315
0.138, 7314
0.138, 7313
0.138, 7312
0.138, 7311
0.138, 7310
0.138, 7309
0.138, 7308
0.138, 7307
0.138, 7306
0.138, 7305
0.138, 7304
0.138, 7303
0.138, 7302
0.138, 7301
0.138, 7300
0.138, 7299
0.138, 7298
0.138, 7297
0.138, 7296
0.138, 7295
0.138, 7294
0.138, 7293
0.139, 7292
0.139, 7291
0.139, 7290
0.139, 7289
0.139, 7288
0.139, 7287
0.139, 7286
0.139, 7285
0.139, 7284
0.139, 7283
0.139, 7282
0.139, 7281
0.139, 7280
0.139, 7279
0.139, 7278
0.139, 7277
0.139, 7276
0.139, 7275
0.139, 7274
0.139, 7273
0.139, 7272
0.139, 7271
0.139, 7270
0.139, 7269
0.139, 7268
0.139, 7267
0.139, 7266
0.139, 7265
0.139, 7264
0.139, 7263
0.139, 7262
0.139, 7261
0.139, 7260
0.139, 7259
0.139, 7258
0.139, 7257
0.139, 7256
0.139, 7255
0.139, 7254
0.139, 7253
0.139, 7252
0.139, 7251
0.139, 7250
0.139, 7249
0.139, 7248
0.139, 7247
0.139, 7246
0.139, 7245
0.139, 7244
0.139, 7243
0.139, 7242
0.139, 7241
0.139, 7240
0.139, 7239
0.139, 7238
0.139, 7237
0.140, 7236
0.140, 7235
0.140, 7234
0.140, 7233
0.140, 7232
0.140, 7231
0.140, 7230
0.140, 7229
0.140, 7228
0.140, 7227
0.140, 7226
0.140, 7225
0.140, 7224
0.140, 7223
0.140, 7222
0.140, 7221
0.140, 7220
0.140, 7219
0.140, 7218
0.140, 7217
0.140, 7216
0.140, 7215
0.140, 7214
0.140, 7213
0.140, 7212
0.140, 7211
0.140, 7210
0.140, 7209
0.140, 7208
0.140, 7207
0.140, 7206
0.140, 7205
0.140, 7204
0.140, 7203
0.140, 7202
0.140, 7201
0.140, 7200
0.140, 7199
0.140, 7198
0.140, 7197
0.140, 7196
0.140, 7195
0.140, 7194
0.140, 7193
0.140, 7192
0.140, 7191
0.140, 7190
0.140, 7189
0.140, 7188
0.140, 7187
0.140, 7186
0.140, 7185
0.140, 7184
0.140, 7183
0.140, 7182
0.140, 7181
0.140, 7180
0.140, 7179
0.140, 7178
0.140, 7177
0.140, 7176
0.140, 7175
0.140, 7174
0.140, 7173
0.140, 7172
0.140, 7171
0.140, 7170
0.140, 7169
0.140, 7168
0.140, 7167
0.140, 7166
0.140, 7165
0.140, 7164
0.140, 7163
0.140, 7162
0.140, 7161
0.140, 7160
0.140, 7159
0.140, 7158
0.140, 7157
0.140, 7156
0.140, 7155
0.141, 7154
0.141, 7153
0.141, 7152
0.141, 7151
0.141, 7150
0.141, 7149
0.141, 7148
0.141, 7147
0.141, 7146
0.141, 7145
0.141, 7144
0.141, 7143
0.141, 7142
0.141, 7141
0.141, 7140
0.141, 7139
0.141, 7138
0.141, 7137
0.141, 7136
0.141, 7135
0.141, 7134
0.141, 7133
0.141, 7132
0.141, 7131
0.141, 7130
0.141, 7129
0.141, 7128
0.141, 7127
0.141, 7126
0.141, 7125
0.141, 7124
0.141, 7123
0.141, 7122
0.141, 7121
0.141, 7120
0.141, 7119
0.141, 7118
0.141, 7117
0.141, 7116
0.141, 7115
0.141, 7114
0.141, 7113
0.141, 7112
0.141, 7111
0.141, 7110
0.141, 7109
0.141, 7108
0.141, 7107
0.141, 7106
0.141, 7105
0.141, 7104
0.141, 7103
0.141, 7102
0.141, 7101
0.141, 7100
0.141, 7099
0.141, 7098
0.141, 7097
0.141, 7096
0.141, 7095
0.141, 7094
0.141, 7093
0.141, 7092
0.141, 7091
0.141, 7090
0.141, 7089
0.141, 7088
0.141, 7087
0.141, 7086
0.141, 7085
0.141, 7084
0.141, 7083
0.141, 7082
0.141, 7081
0.141, 7080
0.141, 7079
0.141, 7078
0.141, 7077
0.141, 7076
0.141, 7075
0.141, 7074
0.141, 7073
0.141, 7072
0.141, 7071
0.141, 7070
0.141, 7069
0.141, 7068
0.141, 7067
0.141, 7066
0.141, 7065
0.141, 7064
0.142, 7063
0.142, 7062
0.142, 7061
0.142, 7060
0.142, 7059
0.142, 7058
0.142, 7057
0.142, 7056
0.142, 7055
0.142, 7054
0.142, 7053
0.142, 7052
0.142, 7051
0.142, 7050
0.142, 7049
0.142, 7048
0.142, 7047
0.142, 7046
0.142, 7045
0.142, 7044
0.142, 7043
0.142, 7042
0.142, 7041
0.142, 7040
0.142, 7039
0.142, 7038
0.142, 7037
0.142, 7036
0.142, 7035
0.142, 7034
0.142, 7033
0.142, 7032
0.142, 7031
0.142, 7030
0.142, 7029
0.142, 7028
0.142, 7027
0.142, 7026
0.142, 7025
0.142, 7024
0.142, 7023
0.142, 7022
0.142, 7021
0.142, 7020
0.142, 7019
0.142, 7018
0.142, 7017
0.142, 7016
0.142, 7015
0.142, 7014
0.142, 7013
0.142, 7012
0.142, 7011
0.142, 7010
0.142, 7009
0.142, 7008
0.142, 7007
0.142, 7006
0.142, 7005
0.142, 7004
0.142, 7003
0.142, 7002
0.142, 7001
0.142, 7000
0.142, 6999
0.142, 6998
0.142, 6997
0.142, 6996
0.142, 6995
0.142, 6994
0.143, 6993
0.143, 6992
0.143, 6991
0.143, 6990
0.143, 6989
0.143, 6988
0.143, 6987
0.143, 6986
0.143, 6985
0.143, 6984
0.143, 6983
0.143, 6982
0.143, 6981
0.143, 6980
0.143, 6979
0.143, 6978
0.143, 6977
0.143, 6976
0.143, 6975
0.143, 6974
0.143, 6973
0.143, 6972
0.143, 6971
0.143, 6970
0.143, 6969
0.143, 6968
0.143, 6967
0.143, 6966
0.143, 6965
0.143, 6964
0.143, 6963
0.143, 6962
0.143, 6961
0.143, 6960
0.143, 6959
0.143, 6958
0.143, 6957
0.143, 6956
0.143, 6955
0.143, 6954
0.143, 6953
0.143, 6952
0.143, 6951
0.143, 6950
0.143, 6949
0.143, 6948
0.143, 6947
0.143, 6946
0.143, 6945
0.143, 6944
0.143, 6943
0.143, 6942
0.143, 6941
0.143, 6940
0.143, 6939
0.143, 6938
0.143, 6937
0.143, 6936
0.143, 6935
0.143, 6934
0.143, 6933
0.143, 6932
0.143, 6931
0.143, 6930
0.143, 6929
0.143, 6928
0.143, 6927
0.143, 6926
0.143, 6925
0.143, 6924
0.143, 6923
0.143, 6922
0.143, 6921
0.143, 6920
0.144, 6919
0.144, 6918
0.144, 6917
0.144, 6916
0.144, 6915
0.144, 6914
0.144, 6913
0.144, 6912
0.144, 6911
0.144, 6910
0.144, 6909
0.144, 6908
0.144, 6907
0.144, 6906
0.144, 6905
0.144, 6904
0.144, 6903
0.144, 6902
0.144, 6901
0.144, 6900
0.144, 6899
0.144, 6898
0.144, 6897
0.144, 6896
0.144, 6895
0.144, 6894
0.144, 6893
0.144, 6892
0.144, 6891
0.144, 6890
0.144, 6889
0.144, 6888
0.144, 6887
0.144, 6886
0.144, 6885
0.144, 6884
0.144, 6883
0.144, 6882
0.144, 6881
0.144, 6880
0.144, 6879
0.144, 6878
0.144, 6877
0.144, 6876
0.144, 6875
0.144, 6874
0.144, 6873
0.144, 6872
0.144, 6871
0.144, 6870
0.144, 6869
0.144, 6868
0.144, 6867
0.144, 6866
0.144, 6865
0.144, 6864
0.144, 6863
0.144, 6862
0.144, 6861
0.144, 6860
0.144, 6859
0.144, 6858
0.144, 6857
0.144, 6856
0.144, 6855
0.144, 6854
0.144, 6853
0.144, 6852
0.144, 6851
0.144, 6850
0.144, 6849
0.144, 6848
0.144, 6847
0.144, 6846
0.144, 6845
0.144, 6844
0.144, 6843
0.144, 6842
0.144, 6841
0.144, 6840
0.144, 6839
0.144, 6838
0.144, 6837
0.144, 6836
0.144, 6835
0.144, 6834
0.144, 6833
0.144, 6832
0.144, 6831
0.144, 6830
0.144, 6829
0.144, 6828
0.144, 6827
0.145, 6826
0.145, 6825
0.145, 6824
0.145, 6823
0.145, 6822
0.145, 6821
0.145, 6820
0.145, 6819
0.148, 6818
0.148, 6817
0.148, 6816
0.148, 6815
0.148, 6814
0.148, 6813
0.148, 6812
0.148, 6811
0.148, 6810
0.148, 6809
0.148, 6808
0.148, 6807
0.148, 6806
0.148, 6805
0.148, 6804
0.148, 6803
0.148, 6802
0.148, 6801
0.148, 6800
0.148, 6799
0.148, 6798
0.148, 6797
0.148, 6796
0.148, 6795
0.148, 6794
0.148, 6793
0.148, 6792
0.148, 6791
0.148, 6790
0.148, 6789
0.148, 6788
0.148, 6787
0.148, 6786
0.148, 6785
0.148, 6784
0.148, 6783
0.148, 6782
0.148, 6781
0.148, 6780
0.148, 6779
0.148, 6778
0.148, 6777
0.148, 6776
0.148, 6775
0.148, 6774
0.148, 6773
0.148, 6772
0.148, 6771
0.148, 6770
0.148, 6769
0.148, 6768
0.148, 6767
0.148, 6766
0.148, 6765
0.148, 6764
0.148, 6763
0.148, 6762
0.148, 6761
0.149, 6760
0.149, 6759
0.149, 6758
0.149, 6757
0.149, 6756
0.149, 6755
0.149, 6754
0.149, 6753
0.149, 6752
0.149, 6751
0.149, 6750
0.149, 6749
0.149, 6748
0.149, 6747
0.149, 6746
0.149, 6745
0.149, 6744
0.149, 6743
0.149, 6742
0.149, 6741
0.149, 6740
0.149, 6739
0.149, 6738
0.149, 6737
0.149, 6736
0.149, 6735
0.149, 6734
0.149, 6733
0.149, 6732
0.149, 6731
0.149, 6730
0.149, 6729
0.149, 6728
0.149, 6727
0.149, 6726
0.149, 6725
0.150, 6724
0.150, 6723
0.150, 6722
0.150, 6721
0.150, 6720
0.150, 6719
0.150, 6718
0.150, 6717
0.150, 6716
0.150, 6715
0.150, 6714
0.150, 6713
0.150, 6712
0.150, 6711
0.150, 6710
0.150, 6709
0.150, 6708
0.150, 6707
0.150, 6706
0.150, 6705
0.150, 6704
0.150, 6703
0.150, 6702
0.150, 6701
0.150, 6700
0.150, 6699
0.150, 6698
0.150, 6697
0.150, 6696
0.150, 6695
0.150, 6694
0.163, 6693
0.163, 6692
0.163, 6691
0.163, 6690
0.163, 6689
0.163, 6688
0.163, 6687
0.163, 6686
0.163, 6685
0.163, 6684
0.163, 6683
0.163, 6682
0.163, 6681
0.163, 6680
0.163, 6679
0.163, 6678
0.163, 6677
0.163, 6676
0.163, 6675
0.163, 6674
0.163, 6673
0.164, 6672
0.164, 6671
0.164, 6670
0.164, 6669
0.164, 6668
0.164, 6667
0.164, 6666
0.164, 6665
0.164, 6664
0.164, 6663
0.164, 6662
0.164, 6661
0.164, 6660
0.164, 6659
0.164, 6658
0.164, 6657
0.164, 6656
0.164, 6655
0.164, 6654
0.164, 6653
0.164, 6652
0.164, 6651
0.164, 6650
0.164, 6649
0.164, 6648
0.164, 6647
0.164, 6646
0.164, 6645
0.164, 6644
0.164, 6643
0.164, 6642
0.164, 6641
0.164, 6640
0.164, 6639
0.164, 6638
0.164, 6637
0.164, 6636
0.164, 6635
0.164, 6634
0.164, 6633
0.164, 6632
0.164, 6631
0.164, 6630
0.164, 6629
0.164, 6628
0.164, 6627
0.164, 6626
0.164, 6625
0.164, 6624
0.164, 6623
0.164, 6622
0.164, 6621
0.164, 6620
0.164, 6619
0.164, 6618
0.164, 6617
0.164, 6616
0.164, 6615
0.164, 6614
0.164, 6613
0.164, 6612
0.164, 6611
0.164, 6610
0.164, 6609
0.164, 6608
0.164, 6607
0.164, 6606
0.164, 6605
0.164, 6604
0.164, 6603
0.164, 6602
0.164, 6601
0.164, 6600
0.164, 6599
0.164, 6598
0.164, 6597
0.164, 6596
0.164, 6595
0.164, 6594
0.164, 6593
0.164, 6592
0.164, 6591
0.164, 6590
0.164, 6589
0.164, 6588
0.164, 6587
0.164, 6586
0.164, 6585
0.164, 6584
0.164, 6583
0.164, 6582
0.164, 6581
0.164, 6580
0.164, 6579
0.164, 6578
0.164, 6577
0.164, 6576
0.164, 6575
0.164, 6574
0.164, 6573
0.164, 6572
0.164, 6571
0.164, 6570
0.164, 6569
0.164, 6568
0.164, 6567
0.164, 6566
0.164, 6565
0.164, 6564
0.164, 6563
0.164, 6562
0.164, 6561
0.164, 6560
0.164, 6559
0.164, 6558
0.164, 6557
0.164, 6556
0.164, 6555
0.164, 6554
0.164, 6553
0.164, 6552
0.164, 6551
0.164, 6550
0.164, 6549
0.164, 6548
0.164, 6547
0.164, 6546
0.164, 6545
0.164, 6544
0.164, 6543
0.164, 6542
0.164, 6541
0.164, 6540
0.164, 6539
0.164, 6538
0.164, 6537
0.164, 6536
0.164, 6535
0.164, 6534
0.164, 6533
0.165, 6532
0.165, 6531
0.165, 6530
0.165, 6529
0.165, 6528
0.165, 6527
0.165, 6526
0.165, 6525
0.165, 6524
0.165, 6523
0.165, 6522
0.165, 6521
0.165, 6520
0.165, 6519
0.165, 6518
0.165, 6517
0.165, 6516
0.165, 6515
0.165, 6514
0.165, 6513
0.165, 6512
0.165, 6511
0.165, 6510
0.165, 6509
0.165, 6508
0.165, 6507
0.165, 6506
0.165, 6505
0.165, 6504
0.165, 6503
0.165, 6502
0.165, 6501
0.165, 6500
0.165, 6499
0.165, 6498
0.165, 6497
0.165, 6496
0.165, 6495
0.165, 6494
0.165, 6493
0.165, 6492
0.165, 6491
0.165, 6490
0.165, 6489
0.165, 6488
0.165, 6487
0.165, 6486
0.165, 6485
0.165, 6484
0.165, 6483
0.165, 6482
0.165, 6481
0.165, 6480
0.165, 6479
0.165, 6478
0.165, 6477
0.165, 6476
0.165, 6475
0.165, 6474
0.165, 6473
0.165, 6472
0.165, 6471
0.165, 6470
0.165, 6469
0.165, 6468
0.165, 6467
0.165, 6466
0.165, 6465
0.165, 6464
0.165, 6463
0.165, 6462
0.165, 6461
0.165, 6460
0.165, 6459
0.165, 6458
0.165, 6457
0.165, 6456
0.165, 6455
0.165, 6454
0.165, 6453
0.165, 6452
0.165, 6451
0.165, 6450
0.165, 6449
0.165, 6448
0.165, 6447
0.165, 6446
0.165, 6445
0.165, 6444
0.165, 6443
0.165, 6442
0.165, 6441
0.165, 6440
0.165, 6439
0.165, 6438
0.165, 6437
0.165, 6436
0.165, 6435
0.165, 6434
0.165, 6433
0.165, 6432
0.165, 6431
0.165, 6430
0.165, 6429
0.165, 6428
0.165, 6427
0.165, 6426
0.165, 6425
0.165, 6424
0.165, 6423
0.165, 6422
0.165, 6421
0.165, 6420
0.165, 6419
0.165, 6418
0.165, 6417
0.165, 6416
0.165, 6415
0.165, 6414
0.165, 6413
0.165, 6412
0.165, 6411
0.165, 6410
0.165, 6409
0.165, 6408
0.165, 6407
0.165, 6406
0.165, 6405
0.165, 6404
0.165, 6403
0.165, 6402
0.165, 6401
0.165, 6400
0.165, 6399
0.165, 6398
0.165, 6397
0.166, 6396
0.166, 6395
0.166, 6394
0.166, 6393
0.166, 6392
0.166, 6391
0.166, 6390
0.166, 6389
0.166, 6388
0.166, 6387
0.166, 6386
0.166, 6385
0.166, 6384
0.166, 6383
0.166, 6382
0.166, 6381
0.166, 6380
0.166, 6379
0.166, 6378
0.166, 6377
0.166, 6376
0.166, 6375
0.166, 6374
0.166, 6373
0.166, 6372
0.166, 6371
0.166, 6370
0.166, 6369
0.166, 6368
0.166, 6367
0.166, 6366
0.166, 6365
0.166, 6364
0.166, 6363
0.166, 6362
0.167, 6361
0.167, 6360
0.167, 6359
0.167, 6358
0.167, 6357
0.167, 6356
0.167, 6355
0.167, 6354
0.167, 6353
0.167, 6352
0.167, 6351
0.167, 6350
0.167, 6349
0.167, 6348
0.167, 6347
0.167, 6346
0.167, 6345
0.167, 6344
0.167, 6343
0.167, 6342
0.167, 6341
0.167, 6340
0.167, 6339
0.167, 6338
0.167, 6337
0.167, 6336
0.167, 6335
0.167, 6334
0.167, 6333
0.167, 6332
0.167, 6331
0.167, 6330
0.167, 6329
0.167, 6328
0.168, 6327
0.168, 6326
0.168, 6325
0.168, 6324
0.168, 6323
0.168, 6322
0.168, 6321
0.168, 6320
0.168, 6319
0.168, 6318
0.168, 6317
0.168, 6316
0.168, 6315
0.168, 6314
0.168, 6313
0.168, 6312
0.168, 6311
0.168, 6310
0.168, 6309
0.168, 6308
0.168, 6307
0.168, 6306
0.168, 6305
0.168, 6304
0.168, 6303
0.168, 6302
0.168, 6301
0.168, 6300
0.168, 6299
0.168, 6298
0.168, 6297
0.168, 6296
0.168, 6295
0.168, 6294
0.168, 6293
0.168, 6292
0.168, 6291
0.168, 6290
0.168, 6289
0.172, 6288
0.172, 6287
0.172, 6286
0.172, 6285
0.172, 6284
0.172, 6283
0.172, 6282
0.172, 6281
0.172, 6280
0.172, 6279
0.172, 6278
0.172, 6277
0.172, 6276
0.172, 6275
0.172, 6274
0.172, 6273
0.172, 6272
0.172, 6271
0.172, 6270
0.172, 6269
0.172, 6268
0.172, 6267
0.172, 6266
0.172, 6265
0.172, 6264
0.172, 6263
0.172, 6262
0.172, 6261
0.172, 6260
0.172, 6259
0.172, 6258
0.172, 6257
0.172, 6256
0.172, 6255
0.172, 6254
0.172, 6253
0.172, 6252
0.172, 6251
0.172, 6250
0.172, 6249
0.172, 6248
0.172, 6247
0.172, 6246
0.172, 6245
0.172, 6244
0.172, 6243
0.172, 6242
0.172, 6241
0.172, 6240
0.172, 6239
0.172, 6238
0.172, 6237
0.172, 6236
0.172, 6235
0.172, 6234
0.172, 6233
0.172, 6232
0.172, 6231
0.172, 6230
0.172, 6229
0.172, 6228
0.172, 6227
0.172, 6226
0.172, 6225
0.172, 6224
0.172, 6223
0.172, 6222
0.172, 6221
0.172, 6220
0.172, 6219
0.172, 6218
0.172, 6217
0.172, 6216
0.172, 6215
0.172, 6214
0.172, 6213
0.172, 6212
0.172, 6211
0.172, 6210
0.172, 6209
0.172, 6208
0.172, 6207
0.173, 6206
0.173, 6205
0.173, 6204
0.173, 6203
0.173, 6202
0.173, 6201
0.173, 6200
0.173, 6199
0.173, 6198
0.173, 6197
0.173, 6196
0.173, 6195
0.173, 6194
0.173, 6193
0.173, 6192
0.173, 6191
0.173, 6190
0.173, 6189
0.173, 6188
0.173, 6187
0.173, 6186
0.173, 6185
0.173, 6184
0.173, 6183
0.173, 6182
0.173, 6181
0.173, 6180
0.173, 6179
0.173, 6178
0.173, 6177
0.173, 6176
0.173, 6175
0.173, 6174
0.173, 6173
0.173, 6172
0.173, 6171
0.173, 6170
0.173, 6169
0.173, 6168
0.173, 6167
0.173, 6166
0.173, 6165
0.173, 6164
0.173, 6163
0.173, 6162
0.173, 6161
0.173, 6160
0.173, 6159
0.173, 6158
0.173, 6157
0.173, 6156
0.173, 6155
0.173, 6154
0.173, 6153
0.173, 6152
0.173, 6151
0.173, 6150
0.173, 6149
0.173, 6148
0.173, 6147
0.173, 6146
0.173, 6145
0.173, 6144
0.173, 6143
0.173, 6142
0.173, 6141
0.173, 6140
0.173, 6139
0.173, 6138
0.173, 6137
0.173, 6136
0.173, 6135
0.173, 6134
0.173, 6133
0.173, 6132
0.173, 6131
0.173, 6130
0.173, 6129
0.173, 6128
0.173, 6127
0.173, 6126
0.173, 6125
0.173, 6124
0.174, 6123
0.174, 6122
0.174, 6121
0.174, 6120
0.174, 6119
0.174, 6118
0.174, 6117
0.174, 6116
0.174, 6115
0.174, 6114
0.174, 6113
0.174, 6112
0.174, 6111
0.174, 6110
0.174, 6109
0.174, 6108
0.174, 6107
0.174, 6106
0.174, 6105
0.174, 6104
0.174, 6103
0.174, 6102
0.174, 6101
0.174, 6100
0.174, 6099
0.174, 6098
0.174, 6097
0.174, 6096
0.174, 6095
0.174, 6094
0.174, 6093
0.174, 6092
0.174, 6091
0.174, 6090
0.174, 6089
0.174, 6088
0.174, 6087
0.174, 6086
0.174, 6085
0.174, 6084
0.174, 6083
0.174, 6082
0.174, 6081
0.174, 6080
0.174, 6079
0.174, 6078
0.174, 6077
0.174, 6076
0.174, 6075
0.174, 6074
0.174, 6073
0.174, 6072
0.174, 6071
0.174, 6070
0.174, 6069
0.174, 6068
0.174, 6067
0.174, 6066
0.174, 6065
0.174, 6064
0.174, 6063
0.174, 6062
0.174, 6061
0.174, 6060
0.174, 6059
0.174, 6058
0.174, 6057
0.174, 6056
0.174, 6055
0.174, 6054
0.174, 6053
0.174, 6052
0.174, 6051
0.174, 6050
0.174, 6049
0.174, 6048
0.174, 6047
0.174, 6046
0.174, 6045
0.174, 6044
0.174, 6043
0.174, 6042
0.174, 6041
0.174, 6040
0.174, 6039
0.174, 6038
0.174, 6037
0.174, 6036
0.174, 6035
0.174, 6034
0.174, 6033
0.174, 6032
0.174, 6031
0.174, 6030
0.174, 6029
0.174, 6028
0.174, 6027
0.174, 6026
0.174, 6025
0.174, 6024
0.174, 6023
0.174, 6022
0.174, 6021
0.174, 6020
0.174, 6019
0.174, 6018
0.174, 6017
0.174, 6016
0.174, 6015
0.174, 6014
0.174, 6013
0.174, 6012
0.174, 6011
0.174, 6010
0.174, 6009
0.174, 6008
0.174, 6007
0.174, 6006
0.175, 6005
0.175, 6004
0.175, 6003
0.175, 6002
0.175, 6001
0.175, 6000
0.175, 5999
0.175, 5998
0.175, 5997
0.175, 5996
0.175, 5995
0.175, 5994
0.175, 5993
0.175, 5992
0.175, 5991
0.175, 5990
0.175, 5989
0.175, 5988
0.175, 5987
0.175, 5986
0.175, 5985
0.175, 5984
0.175, 5983
0.175, 5982
0.175, 5981
0.175, 5980
0.175, 5979
0.175, 5978
0.175, 5977
0.175, 5976
0.175, 5975
0.175, 5974
0.175, 5973
0.175, 5972
0.175, 5971
0.175, 5970
0.175, 5969
0.175, 5968
0.175, 5967
0.175, 5966
0.175, 5965
0.175, 5964
0.175, 5963
0.175, 5962
0.175, 5961
0.175, 5960
0.175, 5959
0.175, 5958
0.175, 5957
0.175, 5956
0.175, 5955
0.175, 5954
0.175, 5953
0.175, 5952
0.175, 5951
0.175, 5950
0.175, 5949
0.175, 5948
0.175, 5947
0.175, 5946
0.175, 5945
0.175, 5944
0.175, 5943
0.175, 5942
0.175, 5941
0.175, 5940
0.175, 5939
0.175, 5938
0.175, 5937
0.175, 5936
0.175, 5935
0.175, 5934
0.175, 5933
0.175, 5932
0.175, 5931
0.175, 5930
0.175, 5929
0.175, 5928
0.175, 5927
0.175, 5926
0.175, 5925
0.175, 5924
0.175, 5923
0.175, 5922
0.175, 5921
0.175, 5920
0.175, 5919
0.175, 5918
0.175, 5917
0.175, 5916
0.175, 5915
0.175, 5914
0.175, 5913
0.175, 5912
0.175, 5911
0.175, 5910
0.175, 5909
0.175, 5908
0.175, 5907
0.175, 5906
0.175, 5905
0.175, 5904
0.175, 5903
0.175, 5902
0.175, 5901
0.175, 5900
0.175, 5899
0.175, 5898
0.175, 5897
0.175, 5896
0.175, 5895
0.176, 5894
0.176, 5893
0.176, 5892
0.176, 5891
0.176, 5890
0.176, 5889
0.176, 5888
0.176, 5887
0.176, 5886
0.176, 5885
0.176, 5884
0.176, 5883
0.176, 5882
0.176, 5881
0.176, 5880
0.176, 5879
0.176, 5878
0.176, 5877
0.176, 5876
0.176, 5875
0.176, 5874
0.176, 5873
0.176, 5872
0.176, 5871
0.176, 5870
0.176, 5869
0.176, 5868
0.176, 5867
0.176, 5866
0.176, 5865
0.176, 5864
0.176, 5863
0.176, 5862
0.176, 5861
0.176, 5860
0.176, 5859
0.176, 5858
0.176, 5857
0.176, 5856
0.176, 5855
0.176, 5854
0.176, 5853
0.176, 5852
0.176, 5851
0.176, 5850
0.176, 5849
0.177, 5848
0.177, 5847
0.177, 5846
0.177, 5845
0.177, 5844
0.177, 5843
0.177, 5842
0.177, 5841
0.177, 5840
0.177, 5839
0.177, 5838
0.177, 5837
0.177, 5836
0.177, 5835
0.177, 5834
0.177, 5833
0.177, 5832
0.177, 5831
0.177, 5830
0.177, 5829
0.177, 5828
0.177, 5827
0.177, 5826
0.177, 5825
0.177, 5824
0.177, 5823
0.177, 5822
0.177, 5821
0.177, 5820
0.177, 5819
0.177, 5818
0.177, 5817
0.177, 5816
0.177, 5815
0.177, 5814
0.177, 5813
0.177, 5812
0.177, 5811
0.177, 5810
0.177, 5809
0.177, 5808
0.177, 5807
0.177, 5806
0.177, 5805
0.177, 5804
0.177, 5803
0.177, 5802
0.177, 5801
0.177, 5800
0.177, 5799
0.177, 5798
0.177, 5797
0.177, 5796
0.177, 5795
0.177, 5794
0.177, 5793
0.177, 5792
0.177, 5791
0.177, 5790
0.177, 5789
0.177, 5788
0.177, 5787
0.177, 5786
0.177, 5785
0.177, 5784
0.177, 5783
0.177, 5782
0.177, 5781
0.177, 5780
0.177, 5779
0.177, 5778
0.177, 5777
0.177, 5776
0.177, 5775
0.177, 5774
0.177, 5773
0.177, 5772
0.177, 5771
0.177, 5770
0.177, 5769
0.177, 5768
0.177, 5767
0.178, 5766
0.178, 5765
0.178, 5764
0.178, 5763
0.178, 5762
0.178, 5761
0.178, 5760
0.178, 5759
0.178, 5758
0.178, 5757
0.178, 5756
0.178, 5755
0.178, 5754
0.178, 5753
0.178, 5752
0.178, 5751
0.178, 5750
0.178, 5749
0.178, 5748
0.178, 5747
0.178, 5746
0.178, 5745
0.178, 5744
0.178, 5743
0.178, 5742
0.178, 5741
0.178, 5740
0.178, 5739
0.178, 5738
0.178, 5737
0.178, 5736
0.178, 5735
0.178, 5734
0.178, 5733
0.178, 5732
0.178, 5731
0.178, 5730
0.178, 5729
0.178, 5728
0.178, 5727
0.178, 5726
0.178, 5725
0.178, 5724
0.178, 5723
0.178, 5722
0.178, 5721
0.178, 5720
0.178, 5719
0.178, 5718
0.178, 5717
0.178, 5716
0.178, 5715
0.178, 5714
0.178, 5713
0.178, 5712
0.178, 5711
0.178, 5710
0.178, 5709
0.178, 5708
0.178, 5707
0.178, 5706
0.178, 5705
0.178, 5704
0.178, 5703
0.178, 5702
0.178, 5701
0.178, 5700
0.178, 5699
0.181, 5698
0.181, 5697
0.181, 5696
0.181, 5695
0.181, 5694
0.181, 5693
0.181, 5692
0.181, 5691
0.181, 5690
0.181, 5689
0.181, 5688
0.181, 5687
0.181, 5686
0.181, 5685
0.181, 5684
0.181, 5683
0.181, 5682
0.181, 5681
0.181, 5680
0.181, 5679
0.181, 5678
0.181, 5677
0.181, 5676
0.181, 5675
0.181, 5674
0.181, 5673
0.181, 5672
0.181, 5671
0.181, 5670
0.181, 5669
0.181, 5668
0.181, 5667
0.181, 5666
0.181, 5665
0.181, 5664
0.181, 5663
0.181, 5662
0.181, 5661
0.181, 5660
0.181, 5659
0.181, 5658
0.181, 5657
0.181, 5656
0.181, 5655
0.182, 5654
0.182, 5653
0.182, 5652
0.182, 5651
0.182, 5650
0.182, 5649
0.182, 5648
0.182, 5647
0.182, 5646
0.182, 5645
0.182, 5644
0.182, 5643
0.182, 5642
0.182, 5641
0.182, 5640
0.182, 5639
0.182, 5638
0.182, 5637
0.182, 5636
0.182, 5635
0.182, 5634
0.182, 5633
0.182, 5632
0.182, 5631
0.182, 5630
0.182, 5629
0.182, 5628
0.182, 5627
0.182, 5626
0.182, 5625
0.182, 5624
0.182, 5623
0.182, 5622
0.182, 5621
0.182, 5620
0.182, 5619
0.182, 5618
0.182, 5617
0.182, 5616
0.182, 5615
0.182, 5614
0.182, 5613
0.182, 5612
0.182, 5611
0.182, 5610
0.182, 5609
0.182, 5608
0.182, 5607
0.182, 5606
0.182, 5605
0.182, 5604
0.182, 5603
0.182, 5602
0.182, 5601
0.182, 5600
0.182, 5599
0.182, 5598
0.182, 5597
0.182, 5596
0.182, 5595
0.182, 5594
0.182, 5593
0.182, 5592
0.182, 5591
0.182, 5590
0.182, 5589
0.182, 5588
0.182, 5587
0.182, 5586
0.183, 5585
0.183, 5584
0.183, 5583
0.183, 5582
0.183, 5581
0.183, 5580
0.183, 5579
0.183, 5578
0.183, 5577
0.183, 5576
0.183, 5575
0.183, 5574
0.183, 5573
0.183, 5572
0.183, 5571
0.183, 5570
0.183, 5569
0.183, 5568
0.183, 5567
0.183, 5566
0.183, 5565
0.183, 5564
0.183, 5563
0.183, 5562
0.183, 5561
0.183, 5560
0.183, 5559
0.183, 5558
0.183, 5557
0.183, 5556
0.183, 5555
0.183, 5554
0.183, 5553
0.183, 5552
0.183, 5551
0.183, 5550
0.183, 5549
0.183, 5548
0.183, 5547
0.183, 5546
0.183, 5545
0.183, 5544
0.183, 5543
0.183, 5542
0.183, 5541
0.183, 5540
0.183, 5539
0.183, 5538
0.183, 5537
0.183, 5536
0.183, 5535
0.183, 5534
0.183, 5533
0.183, 5532
0.183, 5531
0.183, 5530
0.183, 5529
0.183, 5528
0.183, 5527
0.183, 5526
0.183, 5525
0.183, 5524
0.183, 5523
0.183, 5522
0.183, 5521
0.183, 5520
0.183, 5519
0.183, 5518
0.183, 5517
0.183, 5516
0.183, 5515
0.183, 5514
0.183, 5513
0.183, 5512
0.183, 5511
0.183, 5510
0.183, 5509
0.183, 5508
0.183, 5507
0.183, 5506
0.183, 5505
0.183, 5504
0.183, 5503
0.183, 5502
0.183, 5501
0.183, 5500
0.183, 5499
0.183, 5498
0.183, 5497
0.183, 5496
0.183, 5495
0.183, 5494
0.183, 5493
0.183, 5492
0.183, 5491
0.183, 5490
0.183, 5489
0.183, 5488
0.183, 5487
0.183, 5486
0.183, 5485
0.183, 5484
0.183, 5483
0.183, 5482
0.183, 5481
0.184, 5480
0.184, 5479
0.184, 5478
0.184, 5477
0.184, 5476
0.184, 5475
0.184, 5474
0.184, 5473
0.184, 5472
0.184, 5471
0.184, 5470
0.184, 5469
0.184, 5468
0.184, 5467
0.184, 5466
0.184, 5465
0.184, 5464
0.184, 5463
0.184, 5462
0.184, 5461
0.184, 5460
0.184, 5459
0.184, 5458
0.184, 5457
0.184, 5456
0.184, 5455
0.184, 5454
0.184, 5453
0.184, 5452
0.184, 5451
0.184, 5450
0.184, 5449
0.184, 5448
0.184, 5447
0.184, 5446
0.184, 5445
0.184, 5444
0.184, 5443
0.184, 5442
0.184, 5441
0.184, 5440
0.184, 5439
0.184, 5438
0.184, 5437
0.184, 5436
0.184, 5435
0.184, 5434
0.184, 5433
0.184, 5432
0.184, 5431
0.184, 5430
0.184, 5429
0.184, 5428
0.184, 5427
0.184, 5426
0.184, 5425
0.184, 5424
0.184, 5423
0.184, 5422
0.184, 5421
0.184, 5420
0.184, 5419
0.184, 5418
0.184, 5417
0.184, 5416
0.184, 5415
0.184, 5414
0.184, 5413
0.184, 5412
0.184, 5411
0.184, 5410
0.184, 5409
0.184, 5408
0.184, 5407
0.184, 5406
0.184, 5405
0.184, 5404
0.184, 5403
0.184, 5402
0.184, 5401
0.184, 5400
0.184, 5399
0.184, 5398
0.184, 5397
0.184, 5396
0.184, 5395
0.184, 5394
0.184, 5393
0.184, 5392
0.184, 5391
0.184, 5390
0.184, 5389
0.184, 5388
0.184, 5387
0.184, 5386
0.184, 5385
0.184, 5384
0.184, 5383
0.184, 5382
0.184, 5381
0.185, 5380
0.185, 5379
0.185, 5378
0.185, 5377
0.185, 5376
0.185, 5375
0.185, 5374
0.185, 5373
0.185, 5372
0.185, 5371
0.185, 5370
0.185, 5369
0.185, 5368
0.185, 5367
0.185, 5366
0.185, 5365
0.185, 5364
0.185, 5363
0.185, 5362
0.185, 5361
0.185, 5360
0.185, 5359
0.185, 5358
0.185, 5357
0.185, 5356
0.185, 5355
0.185, 5354
0.185, 5353
0.185, 5352
0.185, 5351
0.185, 5350
0.185, 5349
0.185, 5348
0.185, 5347
0.185, 5346
0.185, 5345
0.185, 5344
0.185, 5343
0.185, 5342
0.185, 5341
0.185, 5340
0.185, 5339
0.185, 5338
0.185, 5337
0.185, 5336
0.185, 5335
0.185, 5334
0.185, 5333
0.185, 5332
0.185, 5331
0.185, 5330
0.185, 5329
0.185, 5328
0.185, 5327
0.185, 5326
0.185, 5325
0.185, 5324
0.185, 5323
0.185, 5322
0.185, 5321
0.185, 5320
0.185, 5319
0.185, 5318
0.185, 5317
0.185, 5316
0.185, 5315
0.185, 5314
0.185, 5313
0.185, 5312
0.185, 5311
0.185, 5310
0.185, 5309
0.185, 5308
0.185, 5307
0.185, 5306
0.185, 5305
0.185, 5304
0.185, 5303
0.185, 5302
0.185, 5301
0.185, 5300
0.185, 5299
0.185, 5298
0.185, 5297
0.185, 5296
0.185, 5295
0.185, 5294
0.185, 5293
0.185, 5292
0.185, 5291
0.185, 5290
0.185, 5289
0.185, 5288
0.185, 5287
0.185, 5286
0.185, 5285
0.185, 5284
0.185, 5283
0.185, 5282
0.185, 5281
0.185, 5280
0.185, 5279
0.185, 5278
0.185, 5277
0.185, 5276
0.185, 5275
0.185, 5274
0.185, 5273
0.185, 5272
0.185, 5271
0.186, 5270
0.186, 5269
0.186, 5268
0.186, 5267
0.186, 5266
0.186, 5265
0.186, 5264
0.186, 5263
0.186, 5262
0.186, 5261
0.186, 5260
0.186, 5259
0.186, 5258
0.186, 5257
0.186, 5256
0.186, 5255
0.186, 5254
0.186, 5253
0.186, 5252
0.186, 5251
0.186, 5250
0.186, 5249
0.186, 5248
0.186, 5247
0.186, 5246
0.186, 5245
0.186, 5244
0.186, 5243
0.186, 5242
0.186, 5241
0.186, 5240
0.186, 5239
0.186, 5238
0.186, 5237
0.186, 5236
0.186, 5235
0.186, 5234
0.186, 5233
0.186, 5232
0.186, 5231
0.186, 5230
0.186, 5229
0.186, 5228
0.186, 5227
0.186, 5226
0.186, 5225
0.186, 5224
0.186, 5223
0.186, 5222
0.186, 5221
0.186, 5220
0.186, 5219
0.186, 5218
0.186, 5217
0.186, 5216
0.186, 5215
0.186, 5214
0.186, 5213
0.186, 5212
0.186, 5211
0.186, 5210
0.186, 5209
0.186, 5208
0.186, 5207
0.186, 5206
0.186, 5205
0.186, 5204
0.186, 5203
0.186, 5202
0.186, 5201
0.186, 5200
0.186, 5199
0.186, 5198
0.186, 5197
0.186, 5196
0.186, 5195
0.186, 5194
0.186, 5193
0.186, 5192
0.186, 5191
0.186, 5190
0.186, 5189
0.186, 5188
0.186, 5187
0.186, 5186
0.186, 5185
0.186, 5184
0.186, 5183
0.186, 5182
0.186, 5181
0.186, 5180
0.186, 5179
0.186, 5178
0.186, 5177
0.186, 5176
0.186, 5175
0.186, 5174
0.186, 5173
0.186, 5172
0.186, 5171
0.186, 5170
0.186, 5169
0.186, 5168
0.186, 5167
0.186, 5166
0.187, 5165
0.187, 5164
0.187, 5163
0.187, 5162
0.187, 5161
0.187, 5160
0.187, 5159
0.187, 5158
0.187, 5157
0.187, 5156
0.187, 5155
0.187, 5154
0.187, 5153
0.187, 5152
0.187, 5151
0.187, 5150
0.187, 5149
0.187, 5148
0.187, 5147
0.187, 5146
0.187, 5145
0.187, 5144
0.187, 5143
0.187, 5142
0.187, 5141
0.187, 5140
0.187, 5139
0.187, 5138
0.187, 5137
0.187, 5136
0.187, 5135
0.187, 5134
0.187, 5133
0.187, 5132
0.187, 5131
0.187, 5130
0.187, 5129
0.187, 5128
0.187, 5127
0.187, 5126
0.187, 5125
0.187, 5124
0.187, 5123
0.187, 5122
0.187, 5121
0.187, 5120
0.187, 5119
0.187, 5118
0.187, 5117
0.187, 5116
0.187, 5115
0.187, 5114
0.187, 5113
0.187, 5112
0.187, 5111
0.187, 5110
0.187, 5109
0.187, 5108
0.187, 5107
0.187, 5106
0.187, 5105
0.187, 5104
0.187, 5103
0.187, 5102
0.187, 5101
0.187, 5100
0.187, 5099
0.187, 5098
0.187, 5097
0.187, 5096
0.187, 5095
0.187, 5094
0.187, 5093
0.187, 5092
0.187, 5091
0.187, 5090
0.187, 5089
0.187, 5088
0.187, 5087
0.187, 5086
0.187, 5085
0.187, 5084
0.187, 5083
0.187, 5082
0.187, 5081
0.187, 5080
0.187, 5079
0.187, 5078
0.187, 5077
0.187, 5076
0.187, 5075
0.187, 5074
0.187, 5073
0.188, 5072
0.188, 5071
0.188, 5070
0.188, 5069
0.188, 5068
0.188, 5067
0.188, 5066
0.188, 5065
0.188, 5064
0.188, 5063
0.188, 5062
0.188, 5061
0.188, 5060
0.188, 5059
0.188, 5058
0.188, 5057
0.188, 5056
0.188, 5055
0.188, 5054
0.188, 5053
0.188, 5052
0.188, 5051
0.188, 5050
0.188, 5049
0.188, 5048
0.188, 5047
0.188, 5046
0.188, 5045
0.188, 5044
0.188, 5043
0.188, 5042
0.188, 5041
0.188, 5040
0.188, 5039
0.188, 5038
0.188, 5037
0.188, 5036
0.188, 5035
0.188, 5034
0.188, 5033
0.188, 5032
0.188, 5031
0.188, 5030
0.188, 5029
0.188, 5028
0.188, 5027
0.188, 5026
0.188, 5025
0.188, 5024
0.188, 5023
0.188, 5022
0.188, 5021
0.188, 5020
0.188, 5019
0.188, 5018
0.188, 5017
0.188, 5016
0.188, 5015
0.188, 5014
0.188, 5013
0.188, 5012
0.188, 5011
0.188, 5010
0.188, 5009
0.188, 5008
0.188, 5007
0.188, 5006
0.188, 5005
0.188, 5004
0.188, 5003
0.188, 5002
0.188, 5001
0.188, 5000
0.188, 4999
0.188, 4998
0.188, 4997
0.188, 4996
0.188, 4995
0.188, 4994
0.188, 4993
0.188, 4992
0.188, 4991
0.188, 4990
0.188, 4989
0.188, 4988
0.188, 4987
0.188, 4986
0.188, 4985
0.188, 4984
0.188, 4983
0.188, 4982
0.188, 4981
0.188, 4980
0.188, 4979
0.188, 4978
0.189, 4977
0.189, 4976
0.189, 4975
0.189, 4974
0.189, 4973
0.189, 4972
0.189, 4971
0.189, 4970
0.189, 4969
0.189, 4968
0.189, 4967
0.189, 4966
0.189, 4965
0.189, 4964
0.190, 4963
0.190, 4962
0.190, 4961
0.190, 4960
0.190, 4959
0.190, 4958
0.190, 4957
0.190, 4956
0.190, 4955
0.190, 4954
0.190, 4953
0.190, 4952
0.190, 4951
0.190, 4950
0.190, 4949
0.191, 4948
0.191, 4947
0.191, 4946
0.191, 4945
0.191, 4944
0.191, 4943
0.191, 4942
0.191, 4941
0.191, 4940
0.191, 4939
0.191, 4938
0.191, 4937
0.191, 4936
0.191, 4935
0.191, 4934
0.191, 4933
0.191, 4932
0.191, 4931
0.191, 4930
0.191, 4929
0.191, 4928
0.191, 4927
0.191, 4926
0.191, 4925
0.191, 4924
0.191, 4923
0.191, 4922
0.191, 4921
0.191, 4920
0.191, 4919
0.191, 4918
0.191, 4917
0.191, 4916
0.191, 4915
0.191, 4914
0.191, 4913
0.191, 4912
0.191, 4911
0.191, 4910
0.191, 4909
0.191, 4908
0.191, 4907
0.191, 4906
0.191, 4905
0.191, 4904
0.191, 4903
0.191, 4902
0.191, 4901
0.191, 4900
0.191, 4899
0.191, 4898
0.191, 4897
0.191, 4896
0.192, 4895
0.192, 4894
0.192, 4893
0.192, 4892
0.192, 4891
0.192, 4890
0.192, 4889
0.192, 4888
0.192, 4887
0.192, 4886
0.192, 4885
0.192, 4884
0.192, 4883
0.192, 4882
0.192, 4881
0.192, 4880
0.192, 4879
0.192, 4878
0.192, 4877
0.192, 4876
0.192, 4875
0.192, 4874
0.192, 4873
0.192, 4872
0.192, 4871
0.192, 4870
0.192, 4869
0.192, 4868
0.192, 4867
0.192, 4866
0.192, 4865
0.192, 4864
0.192, 4863
0.192, 4862
0.192, 4861
0.192, 4860
0.192, 4859
0.192, 4858
0.192, 4857
0.192, 4856
0.192, 4855
0.192, 4854
0.192, 4853
0.192, 4852
0.192, 4851
0.192, 4850
0.192, 4849
0.192, 4848
0.192, 4847
0.192, 4846
0.192, 4845
0.192, 4844
0.192, 4843
0.192, 4842
0.192, 4841
0.192, 4840
0.192, 4839
0.192, 4838
0.192, 4837
0.192, 4836
0.192, 4835
0.192, 4834
0.192, 4833
0.192, 4832
0.192, 4831
0.192, 4830
0.192, 4829
0.192, 4828
0.192, 4827
0.192, 4826
0.192, 4825
0.192, 4824
0.192, 4823
0.192, 4822
0.192, 4821
0.192, 4820
0.192, 4819
0.192, 4818
0.192, 4817
0.192, 4816
0.192, 4815
0.192, 4814
0.192, 4813
0.192, 4812
0.192, 4811
0.192, 4810
0.192, 4809
0.192, 4808
0.193, 4807
0.193, 4806
0.193, 4805
0.193, 4804
0.193, 4803
0.193, 4802
0.193, 4801
0.193, 4800
0.193, 4799
0.193, 4798
0.193, 4797
0.193, 4796
0.193, 4795
0.193, 4794
0.193, 4793
0.193, 4792
0.193, 4791
0.193, 4790
0.193, 4789
0.193, 4788
0.193, 4787
0.193, 4786
0.193, 4785
0.193, 4784
0.193, 4783
0.193, 4782
0.193, 4781
0.193, 4780
0.193, 4779
0.193, 4778
0.193, 4777
0.193, 4776
0.193, 4775
0.193, 4774
0.193, 4773
0.193, 4772
0.193, 4771
0.193, 4770
0.193, 4769
0.193, 4768
0.193, 4767
0.193, 4766
0.193, 4765
0.193, 4764
0.193, 4763
0.193, 4762
0.193, 4761
0.193, 4760
0.193, 4759
0.193, 4758
0.193, 4757
0.193, 4756
0.193, 4755
0.193, 4754
0.193, 4753
0.193, 4752
0.193, 4751
0.193, 4750
0.193, 4749
0.193, 4748
0.193, 4747
0.193, 4746
0.193, 4745
0.193, 4744
0.193, 4743
0.193, 4742
0.193, 4741
0.193, 4740
0.193, 4739
0.193, 4738
0.194, 4737
0.194, 4736
0.194, 4735
0.194, 4734
0.194, 4733
0.194, 4732
0.194, 4731
0.194, 4730
0.194, 4729
0.194, 4728
0.194, 4727
0.194, 4726
0.194, 4725
0.194, 4724
0.194, 4723
0.194, 4722
0.194, 4721
0.194, 4720
0.194, 4719
0.194, 4718
0.194, 4717
0.194, 4716
0.194, 4715
0.194, 4714
0.194, 4713
0.194, 4712
0.194, 4711
0.194, 4710
0.194, 4709
0.194, 4708
0.194, 4707
0.194, 4706
0.194, 4705
0.194, 4704
0.194, 4703
0.194, 4702
0.194, 4701
0.194, 4700
0.194, 4699
0.194, 4698
0.194, 4697
0.194, 4696
0.194, 4695
0.194, 4694
0.194, 4693
0.194, 4692
0.194, 4691
0.194, 4690
0.194, 4689
0.194, 4688
0.194, 4687
0.194, 4686
0.194, 4685
0.194, 4684
0.194, 4683
0.194, 4682
0.194, 4681
0.194, 4680
0.194, 4679
0.194, 4678
0.194, 4677
0.194, 4676
0.194, 4675
0.194, 4674
0.194, 4673
0.194, 4672
0.194, 4671
0.194, 4670
0.194, 4669
0.194, 4668
0.194, 4667
0.194, 4666
0.194, 4665
0.194, 4664
0.194, 4663
0.194, 4662
0.194, 4661
0.194, 4660
0.194, 4659
0.194, 4658
0.194, 4657
0.194, 4656
0.194, 4655
0.194, 4654
0.194, 4653
0.194, 4652
0.194, 4651
0.194, 4650
0.195, 4649
0.195, 4648
0.195, 4647
0.195, 4646
0.195, 4645
0.195, 4644
0.195, 4643
0.195, 4642
0.195, 4641
0.195, 4640
0.195, 4639
0.195, 4638
0.195, 4637
0.195, 4636
0.195, 4635
0.195, 4634
0.195, 4633
0.195, 4632
0.195, 4631
0.195, 4630
0.195, 4629
0.195, 4628
0.195, 4627
0.195, 4626
0.195, 4625
0.195, 4624
0.195, 4623
0.195, 4622
0.195, 4621
0.195, 4620
0.195, 4619
0.195, 4618
0.195, 4617
0.195, 4616
0.195, 4615
0.195, 4614
0.195, 4613
0.195, 4612
0.195, 4611
0.195, 4610
0.195, 4609
0.195, 4608
0.195, 4607
0.195, 4606
0.195, 4605
0.195, 4604
0.195, 4603
0.195, 4602
0.195, 4601
0.195, 4600
0.195, 4599
0.195, 4598
0.195, 4597
0.195, 4596
0.195, 4595
0.195, 4594
0.195, 4593
0.195, 4592
0.195, 4591
0.195, 4590
0.195, 4589
0.195, 4588
0.195, 4587
0.195, 4586
0.195, 4585
0.195, 4584
0.195, 4583
0.195, 4582
0.195, 4581
0.195, 4580
0.195, 4579
0.195, 4578
0.195, 4577
0.195, 4576
0.195, 4575
0.195, 4574
0.195, 4573
0.195, 4572
0.195, 4571
0.195, 4570
0.195, 4569
0.195, 4568
0.195, 4567
0.195, 4566
0.195, 4565
0.195, 4564
0.196, 4563
0.196, 4562
0.196, 4561
0.196, 4560
0.196, 4559
0.196, 4558
0.196, 4557
0.196, 4556
0.196, 4555
0.196, 4554
0.196, 4553
0.196, 4552
0.196, 4551
0.196, 4550
0.196, 4549
0.196, 4548
0.196, 4547
0.196, 4546
0.196, 4545
0.196, 4544
0.196, 4543
0.196, 4542
0.196, 4541
0.196, 4540
0.196, 4539
0.196, 4538
0.196, 4537
0.196, 4536
0.196, 4535
0.196, 4534
0.196, 4533
0.196, 4532
0.196, 4531
0.196, 4530
0.196, 4529
0.196, 4528
0.196, 4527
0.196, 4526
0.196, 4525
0.196, 4524
0.196, 4523
0.196, 4522
0.196, 4521
0.196, 4520
0.196, 4519
0.196, 4518
0.196, 4517
0.196, 4516
0.196, 4515
0.196, 4514
0.196, 4513
0.196, 4512
0.196, 4511
0.196, 4510
0.196, 4509
0.196, 4508
0.196, 4507
0.196, 4506
0.196, 4505
0.196, 4504
0.196, 4503
0.196, 4502
0.196, 4501
0.196, 4500
0.196, 4499
0.196, 4498
0.196, 4497
0.196, 4496
0.196, 4495
0.196, 4494
0.196, 4493
0.196, 4492
0.196, 4491
0.196, 4490
0.196, 4489
0.196, 4488
0.196, 4487
0.196, 4486
0.196, 4485
0.196, 4484
0.196, 4483
0.196, 4482
0.196, 4481
0.196, 4480
0.197, 4479
0.197, 4478
0.197, 4477
0.197, 4476
0.197, 4475
0.197, 4474
0.197, 4473
0.197, 4472
0.197, 4471
0.197, 4470
0.197, 4469
0.197, 4468
0.197, 4467
0.197, 4466
0.197, 4465
0.197, 4464
0.197, 4463
0.197, 4462
0.197, 4461
0.197, 4460
0.197, 4459
0.197, 4458
0.197, 4457
0.197, 4456
0.197, 4455
0.197, 4454
0.197, 4453
0.197, 4452
0.197, 4451
0.197, 4450
0.197, 4449
0.197, 4448
0.197, 4447
0.197, 4446
0.197, 4445
0.197, 4444
0.197, 4443
0.197, 4442
0.197, 4441
0.197, 4440
0.197, 4439
0.197, 4438
0.197, 4437
0.197, 4436
0.197, 4435
0.197, 4434
0.197, 4433
0.197, 4432
0.197, 4431
0.197, 4430
0.197, 4429
0.197, 4428
0.197, 4427
0.197, 4426
0.197, 4425
0.197, 4424
0.197, 4423
0.197, 4422
0.197, 4421
0.197, 4420
0.197, 4419
0.197, 4418
0.197, 4417
0.197, 4416
0.197, 4415
0.197, 4414
0.197, 4413
0.197, 4412
0.197, 4411
0.197, 4410
0.197, 4409
0.197, 4408
0.197, 4407
0.197, 4406
0.197, 4405
0.197, 4404
0.197, 4403
0.197, 4402
0.197, 4401
0.197, 4400
0.197, 4399
0.197, 4398
0.197, 4397
0.197, 4396
0.197, 4395
0.198, 4394
0.198, 4393
0.198, 4392
0.198, 4391
0.198, 4390
0.198, 4389
0.198, 4388
0.198, 4387
0.198, 4386
0.198, 4385
0.198, 4384
0.198, 4383
0.198, 4382
0.198, 4381
0.198, 4380
0.198, 4379
0.198, 4378
0.198, 4377
0.198, 4376
0.198, 4375
0.198, 4374
0.198, 4373
0.198, 4372
0.198, 4371
0.198, 4370
0.198, 4369
0.198, 4368
0.198, 4367
0.198, 4366
0.198, 4365
0.198, 4364
0.198, 4363
0.198, 4362
0.198, 4361
0.198, 4360
0.198, 4359
0.198, 4358
0.198, 4357
0.198, 4356
0.198, 4355
0.198, 4354
0.198, 4353
0.198, 4352
0.198, 4351
0.198, 4350
0.198, 4349
0.198, 4348
0.198, 4347
0.198, 4346
0.198, 4345
0.198, 4344
0.198, 4343
0.198, 4342
0.198, 4341
0.198, 4340
0.198, 4339
0.198, 4338
0.198, 4337
0.198, 4336
0.198, 4335
0.198, 4334
0.198, 4333
0.198, 4332
0.198, 4331
0.198, 4330
0.198, 4329
0.198, 4328
0.198, 4327
0.198, 4326
0.198, 4325
0.198, 4324
0.198, 4323
0.198, 4322
0.199, 4321
0.199, 4320
0.199, 4319
0.199, 4318
0.199, 4317
0.199, 4316
0.199, 4315
0.199, 4314
0.199, 4313
0.199, 4312
0.199, 4311
0.199, 4310
0.199, 4309
0.199, 4308
0.199, 4307
0.199, 4306
0.199, 4305
0.199, 4304
0.199, 4303
0.199, 4302
0.199, 4301
0.199, 4300
0.199, 4299
0.199, 4298
0.199, 4297
0.199, 4296
0.199, 4295
0.199, 4294
0.199, 4293
0.199, 4292
0.199, 4291
0.199, 4290
0.199, 4289
0.199, 4288
0.199, 4287
0.199, 4286
0.199, 4285
0.199, 4284
0.199, 4283
0.199, 4282
0.199, 4281
0.199, 4280
0.199, 4279
0.199, 4278
0.199, 4277
0.199, 4276
0.199, 4275
0.199, 4274
0.199, 4273
0.199, 4272
0.199, 4271
0.199, 4270
0.199, 4269
0.199, 4268
0.199, 4267
0.199, 4266
0.199, 4265
0.199, 4264
0.200, 4263
0.200, 4262
0.200, 4261
0.200, 4260
0.200, 4259
0.200, 4258
0.200, 4257
0.200, 4256
0.200, 4255
0.200, 4254
0.200, 4253
0.200, 4252
0.200, 4251
0.200, 4250
0.200, 4249
0.200, 4248
0.200, 4247
0.200, 4246
0.200, 4245
0.200, 4244
0.200, 4243
0.200, 4242
0.200, 4241
0.200, 4240
0.200, 4239
0.200, 4238
0.200, 4237
0.200, 4236
0.200, 4235
0.200, 4234
0.200, 4233
0.200, 4232
0.200, 4231
0.200, 4230
0.200, 4229
0.200, 4228
0.200, 4227
0.200, 4226
0.200, 4225
0.200, 4224
0.200, 4223
0.200, 4222
0.200, 4221
0.200, 4220
0.200, 4219
0.200, 4218
0.200, 4217
0.200, 4216
0.200, 4215
0.200, 4214
0.200, 4213
0.200, 4212
0.200, 4211
0.200, 4210
0.200, 4209
0.200, 4208
0.200, 4207
0.200, 4206
0.200, 4205
0.200, 4204
0.200, 4203
0.200, 4202
0.200, 4201
0.200, 4200
0.200, 4199
0.200, 4198
0.200, 4197
0.201, 4196
0.201, 4195
0.201, 4194
0.201, 4193
0.201, 4192
0.201, 4191
0.201, 4190
0.201, 4189
0.201, 4188
0.201, 4187
0.201, 4186
0.201, 4185
0.201, 4184
0.201, 4183
0.201, 4182
0.201, 4181
0.201, 4180
0.201, 4179
0.201, 4178
0.201, 4177
0.201, 4176
0.201, 4175
0.201, 4174
0.201, 4173
0.201, 4172
0.201, 4171
0.201, 4170
0.201, 4169
0.201, 4168
0.201, 4167
0.201, 4166
0.201, 4165
0.201, 4164
0.201, 4163
0.201, 4162
0.201, 4161
0.201, 4160
0.201, 4159
0.201, 4158
0.201, 4157
0.201, 4156
0.201, 4155
0.201, 4154
0.201, 4153
0.201, 4152
0.201, 4151
0.201, 4150
0.201, 4149
0.201, 4148
0.201, 4147
0.201, 4146
0.201, 4145
0.201, 4144
0.201, 4143
0.201, 4142
0.201, 4141
0.201, 4140
0.201, 4139
0.201, 4138
0.201, 4137
0.201, 4136
0.201, 4135
0.201, 4134
0.201, 4133
0.201, 4132
0.201, 4131
0.201, 4130
0.201, 4129
0.201, 4128
0.201, 4127
0.201, 4126
0.201, 4125
0.201, 4124
0.202, 4123
0.202, 4122
0.202, 4121
0.202, 4120
0.202, 4119
0.202, 4118
0.202, 4117
0.202, 4116
0.202, 4115
0.202, 4114
0.202, 4113
0.202, 4112
0.202, 4111
0.202, 4110
0.202, 4109
0.202, 4108
0.202, 4107
0.202, 4106
0.202, 4105
0.202, 4104
0.202, 4103
0.202, 4102
0.202, 4101
0.202, 4100
0.202, 4099
0.202, 4098
0.202, 4097
0.202, 4096
0.202, 4095
0.202, 4094
0.202, 4093
0.202, 4092
0.202, 4091
0.202, 4090
0.202, 4089
0.202, 4088
0.202, 4087
0.202, 4086
0.202, 4085
0.202, 4084
0.202, 4083
0.202, 4082
0.202, 4081
0.202, 4080
0.202, 4079
0.202, 4078
0.202, 4077
0.202, 4076
0.202, 4075
0.202, 4074
0.202, 4073
0.202, 4072
0.202, 4071
0.202, 4070
0.202, 4069
0.202, 4068
0.202, 4067
0.202, 4066
0.202, 4065
0.202, 4064
0.202, 4063
0.202, 4062
0.202, 4061
0.202, 4060
0.202, 4059
0.203, 4058
0.203, 4057
0.203, 4056
0.203, 4055
0.203, 4054
0.203, 4053
0.203, 4052
0.203, 4051
0.203, 4050
0.203, 4049
0.203, 4048
0.203, 4047
0.203, 4046
0.203, 4045
0.203, 4044
0.203, 4043
0.203, 4042
0.203, 4041
0.203, 4040
0.203, 4039
0.203, 4038
0.203, 4037
0.203, 4036
0.203, 4035
0.203, 4034
0.203, 4033
0.203, 4032
0.203, 4031
0.203, 4030
0.203, 4029
0.203, 4028
0.203, 4027
0.203, 4026
0.203, 4025
0.203, 4024
0.203, 4023
0.203, 4022
0.203, 4021
0.203, 4020
0.203, 4019
0.203, 4018
0.203, 4017
0.203, 4016
0.203, 4015
0.203, 4014
0.203, 4013
0.203, 4012
0.203, 4011
0.203, 4010
0.203, 4009
0.203, 4008
0.203, 4007
0.203, 4006
0.203, 4005
0.203, 4004
0.203, 4003
0.203, 4002
0.203, 4001
0.203, 4000
0.204, 3999
0.204, 3998
0.204, 3997
0.204, 3996
0.204, 3995
0.204, 3994
0.204, 3993
0.204, 3992
0.204, 3991
0.204, 3990
0.204, 3989
0.204, 3988
0.204, 3987
0.204, 3986
0.204, 3985
0.204, 3984
0.204, 3983
0.204, 3982
0.204, 3981
0.204, 3980
0.204, 3979
0.204, 3978
0.204, 3977
0.204, 3976
0.204, 3975
0.204, 3974
0.204, 3973
0.204, 3972
0.204, 3971
0.204, 3970
0.204, 3969
0.204, 3968
0.204, 3967
0.204, 3966
0.204, 3965
0.204, 3964
0.204, 3963
0.204, 3962
0.204, 3961
0.204, 3960
0.204, 3959
0.204, 3958
0.204, 3957
0.204, 3956
0.204, 3955
0.205, 3954
0.205, 3953
0.205, 3952
0.205, 3951
0.205, 3950
0.205, 3949
0.205, 3948
0.205, 3947
0.205, 3946
0.205, 3945
0.205, 3944
0.205, 3943
0.205, 3942
