0.094, 4939
0.097, 4938
0.097, 4937
0.097, 4936
0.097, 4935
0.097, 4934
0.097, 4933
0.097, 4932
0.098, 4931
0.098, 4930
0.098, 4929
0.098, 4928
0.098, 4927
0.098, 4926
0.098, 4925
0.098, 4924
0.098, 4923
0.098, 4922
0.098, 4921
0.098, 4920
0.098, 4919
0.098, 4918
0.098, 4917
0.099, 4916
0.099, 4915
0.099, 4914
0.099, 4913
0.099, 4912
0.099, 4911
0.099, 4910
0.099, 4909
0.099, 4908
0.099, 4907
0.099, 4906
0.099, 4905
0.099, 4904
0.099, 4903
0.099, 4902
0.099, 4901
0.100, 4900
0.100, 4899
0.100, 4898
0.100, 4897
0.100, 4896
0.100, 4895
0.100, 4894
0.100, 4893
0.100, 4892
0.100, 4891
0.101, 4890
0.101, 4889
0.101, 4888
0.101, 4887
0.101, 4886
0.101, 4885
0.101, 4884
0.101, 4883
0.101, 4882
0.101, 4881
0.101, 4880
0.102, 4879
0.102, 4878
0.102, 4877
0.102, 4876
0.102, 4875
0.102, 4874
0.102, 4873
0.102, 4872
0.103, 4871
0.103, 4870
0.103, 4869
0.103, 4868
0.103, 4867
0.103, 4866
0.103, 4865
0.103, 4864
0.103, 4863
0.103, 4862
0.103, 4861
0.103, 4860
0.104, 4859
0.104, 4858
0.104, 4857
0.104, 4856
0.104, 4855
0.104, 4854
0.104, 4853
0.104, 4852
0.104, 4851
0.104, 4850
0.104, 4849
0.104, 4848
0.105, 4847
0.105, 4846
0.105, 4845
0.105, 4844
0.105, 4843
0.105, 4842
0.105, 4841
0.105, 4840
0.105, 4839
0.105, 4838
0.105, 4837
0.105, 4836
0.106, 4835
0.106, 4834
0.106, 4833
0.106, 4832
0.106, 4831
0.107, 4830
0.107, 4829
0.107, 4828
0.107, 4827
0.107, 4826
0.107, 4825
0.107, 4824
0.107, 4823
0.107, 4822
0.107, 4821
0.107, 4820
0.108, 4819
0.108, 4818
0.108, 4817
0.108, 4816
0.108, 4815
0.108, 4814
0.108, 4813
0.108, 4812
0.108, 4811
0.108, 4810
0.108, 4809
0.108, 4808
0.108, 4807
0.108, 4806
0.108, 4805
0.108, 4804
0.109, 4803
0.109, 4802
0.109, 4801
0.109, 4800
0.109, 4799
0.109, 4798
0.109, 4797
0.109, 4796
0.109, 4795
0.109, 4794
0.109, 4793
0.109, 4792
0.109, 4791
0.109, 4790
0.109, 4789
0.109, 4788
0.109, 4787
0.109, 4786
0.109, 4785
0.109, 4784
0.110, 4783
0.110, 4782
0.110, 4781
0.110, 4780
0.110, 4779
0.110, 4778
0.110, 4777
0.110, 4776
0.110, 4775
0.110, 4774
0.110, 4773
0.110, 4772
0.110, 4771
0.110, 4770
0.110, 4769
0.110, 4768
0.110, 4767
0.111, 4766
0.111, 4765
0.111, 4764
0.111, 4763
0.111, 4762
0.111, 4761
0.111, 4760
0.111, 4759
0.111, 4758
0.111, 4757
0.111, 4756
0.111, 4755
0.111, 4754
0.111, 4753
0.111, 4752
0.111, 4751
0.111, 4750
0.111, 4749
0.111, 4748
0.111, 4747
0.112, 4746
0.112, 4745
0.112, 4744
0.112, 4743
0.112, 4742
0.112, 4741
0.112, 4740
0.112, 4739
0.112, 4738
0.112, 4737
0.112, 4736
0.112, 4735
0.112, 4734
0.112, 4733
0.112, 4732
0.112, 4731
0.112, 4730
0.112, 4729
0.112, 4728
0.112, 4727
0.113, 4726
0.113, 4725
0.113, 4724
0.113, 4723
0.113, 4722
0.113, 4721
0.113, 4720
0.113, 4719
0.113, 4718
0.113, 4717
0.113, 4716
0.113, 4715
0.113, 4714
0.113, 4713
0.113, 4712
0.113, 4711
0.113, 4710
0.113, 4709
0.113, 4708
0.114, 4707
0.114, 4706
0.114, 4705
0.114, 4704
0.114, 4703
0.114, 4702
0.114, 4701
0.114, 4700
0.114, 4699
0.114, 4698
0.114, 4697
0.114, 4696
0.114, 4695
0.114, 4694
0.114, 4693
0.114, 4692
0.114, 4691
0.114, 4690
0.114, 4689
0.115, 4688
0.115, 4687
0.115, 4686
0.115, 4685
0.115, 4684
0.115, 4683
0.115, 4682
0.115, 4681
0.115, 4680
0.115, 4679
0.115, 4678
0.115, 4677
0.115, 4676
0.115, 4675
0.115, 4674
0.115, 4673
0.115, 4672
0.115, 4671
0.115, 4670
0.116, 4669
0.116, 4668
0.116, 4667
0.116, 4666
0.116, 4665
0.116, 4664
0.116, 4663
0.116, 4662
0.116, 4661
0.116, 4660
0.116, 4659
0.116, 4658
0.116, 4657
0.116, 4656
0.116, 4655
0.116, 4654
0.116, 4653
0.116, 4652
0.116, 4651
0.117, 4650
0.117, 4649
0.117, 4648
0.117, 4647
0.117, 4646
0.117, 4645
0.117, 4644
0.117, 4643
0.117, 4642
0.117, 4641
0.117, 4640
0.118, 4639
0.118, 4638
0.118, 4637
0.118, 4636
0.118, 4635
0.118, 4634
0.118, 4633
0.118, 4632
0.118, 4631
0.118, 4630
0.118, 4629
0.118, 4628
0.118, 4627
0.118, 4626
0.118, 4625
0.119, 4624
0.119, 4623
0.119, 4622
0.119, 4621
0.119, 4620
0.119, 4619
0.119, 4618
0.119, 4617
0.119, 4616
0.119, 4615
0.119, 4614
0.119, 4613
0.119, 4612
0.119, 4611
0.119, 4610
0.120, 4609
0.120, 4608
0.120, 4607
0.120, 4606
0.120, 4605
0.120, 4604
0.120, 4603
0.120, 4602
0.120, 4601
0.120, 4600
0.120, 4599
0.120, 4598
0.120, 4597
0.121, 4596
0.121, 4595
0.121, 4594
0.121, 4593
0.121, 4592
0.121, 4591
0.121, 4590
0.121, 4589
0.121, 4588
0.121, 4587
0.121, 4586
0.121, 4585
0.122, 4584
0.122, 4583
0.122, 4582
0.122, 4581
0.122, 4580
0.122, 4579
0.122, 4578
0.122, 4577
0.122, 4576
0.122, 4575
0.122, 4574
0.122, 4573
0.122, 4572
0.122, 4571
0.122, 4570
0.122, 4569
0.122, 4568
0.122, 4567
0.122, 4566
0.123, 4565
0.123, 4564
0.123, 4563
0.123, 4562
0.123, 4561
0.123, 4560
0.123, 4559
0.123, 4558
0.123, 4557
0.123, 4556
0.125, 4555
0.125, 4554
0.125, 4553
0.125, 4552
0.125, 4551
0.125, 4550
0.125, 4549
0.125, 4548
0.125, 4547
0.126, 4546
0.126, 4545
0.126, 4544
0.126, 4543
0.126, 4542
0.126, 4541
0.126, 4540
0.126, 4539
0.126, 4538
0.126, 4537
0.126, 4536
0.126, 4535
0.126, 4534
0.126, 4533
0.126, 4532
0.126, 4531
0.126, 4530
0.126, 4529
0.126, 4528
0.126, 4527
0.127, 4526
0.127, 4525
0.127, 4524
0.127, 4523
0.127, 4522
0.127, 4521
0.127, 4520
0.127, 4519
0.127, 4518
0.127, 4517
0.127, 4516
0.127, 4515
0.127, 4514
0.127, 4513
0.127, 4512
0.127, 4511
0.127, 4510
0.127, 4509
0.127, 4508
0.127, 4507
0.127, 4506
0.128, 4505
0.128, 4504
0.128, 4503
0.128, 4502
0.128, 4501
0.128, 4500
0.128, 4499
0.128, 4498
0.128, 4497
0.128, 4496
0.128, 4495
0.128, 4494
0.128, 4493
0.128, 4492
0.128, 4491
0.128, 4490
0.128, 4489
0.128, 4488
0.128, 4487
0.128, 4486
0.129, 4485
0.129, 4484
0.129, 4483
0.129, 4482
0.129, 4481
0.129, 4480
0.129, 4479
0.129, 4478
0.129, 4477
0.129, 4476
0.129, 4475
0.129, 4474
0.129, 4473
0.129, 4472
0.129, 4471
0.129, 4470
0.129, 4469
0.129, 4468
0.129, 4467
0.129, 4466
0.129, 4465
0.129, 4464
0.129, 4463
0.130, 4462
0.130, 4461
0.130, 4460
0.130, 4459
0.130, 4458
0.130, 4457
0.130, 4456
0.130, 4455
0.130, 4454
0.130, 4453
0.130, 4452
0.130, 4451
0.130, 4450
0.130, 4449
0.130, 4448
0.130, 4447
0.130, 4446
0.130, 4445
0.130, 4444
0.130, 4443
0.130, 4442
0.130, 4441
0.131, 4440
0.131, 4439
0.131, 4438
0.131, 4437
0.131, 4436
0.131, 4435
0.131, 4434
0.131, 4433
0.131, 4432
0.131, 4431
0.131, 4430
0.131, 4429
0.131, 4428
0.131, 4427
0.131, 4426
0.131, 4425
0.131, 4424
0.131, 4423
0.131, 4422
0.131, 4421
0.131, 4420
0.131, 4419
0.131, 4418
0.131, 4417
0.131, 4416
0.132, 4415
0.132, 4414
0.132, 4413
0.132, 4412
0.132, 4411
0.132, 4410
0.132, 4409
0.132, 4408
0.132, 4407
0.132, 4406
0.132, 4405
0.132, 4404
0.132, 4403
0.132, 4402
0.132, 4401
0.132, 4400
0.132, 4399
0.132, 4398
0.132, 4397
0.132, 4396
0.132, 4395
0.132, 4394
0.132, 4393
0.132, 4392
0.132, 4391
0.132, 4390
0.132, 4389
0.132, 4388
0.133, 4387
0.133, 4386
0.133, 4385
0.133, 4384
0.133, 4383
0.133, 4382
0.133, 4381
0.133, 4380
0.133, 4379
0.133, 4378
0.133, 4377
0.133, 4376
0.133, 4375
0.133, 4374
0.133, 4373
0.133, 4372
0.133, 4371
0.133, 4370
0.133, 4369
0.133, 4368
0.133, 4367
0.133, 4366
0.133, 4365
0.133, 4364
0.133, 4363
0.133, 4362
0.133, 4361
0.133, 4360
0.133, 4359
0.134, 4358
0.134, 4357
0.134, 4356
0.134, 4355
0.134, 4354
0.134, 4353
0.134, 4352
0.134, 4351
0.134, 4350
0.138, 4349
0.138, 4348
0.138, 4347
0.138, 4346
0.138, 4345
0.138, 4344
0.138, 4343
0.138, 4342
0.138, 4341
0.138, 4340
0.138, 4339
0.138, 4338
0.138, 4337
0.138, 4336
0.138, 4335
0.138, 4334
0.138, 4333
0.138, 4332
0.138, 4331
0.139, 4330
0.139, 4329
0.139, 4328
0.139, 4327
0.139, 4326
0.139, 4325
0.139, 4324
0.139, 4323
0.139, 4322
0.139, 4321
0.139, 4320
0.139, 4319
0.139, 4318
0.139, 4317
0.139, 4316
0.139, 4315
0.139, 4314
0.139, 4313
0.139, 4312
0.139, 4311
0.139, 4310
0.139, 4309
0.139, 4308
0.139, 4307
0.139, 4306
0.139, 4305
0.139, 4304
0.139, 4303
0.139, 4302
0.141, 4301
0.142, 4300
0.143, 4299
0.144, 4298
0.144, 4297
0.144, 4296
0.144, 4295
0.144, 4294
0.144, 4293
0.144, 4292
0.144, 4291
0.144, 4290
0.144, 4289
0.144, 4288
0.144, 4287
0.144, 4286
0.144, 4285
0.144, 4284
0.144, 4283
0.144, 4282
0.144, 4281
0.144, 4280
0.144, 4279
0.144, 4278
0.144, 4277
0.144, 4276
0.144, 4275
0.144, 4274
0.144, 4273
0.144, 4272
0.144, 4271
0.144, 4270
0.145, 4269
0.145, 4268
0.145, 4267
0.145, 4266
0.145, 4265
0.145, 4264
0.145, 4263
0.145, 4262
0.145, 4261
0.145, 4260
0.145, 4259
0.145, 4258
0.145, 4257
0.145, 4256
0.145, 4255
0.145, 4254
0.145, 4253
0.145, 4252
0.145, 4251
0.145, 4250
0.145, 4249
0.145, 4248
0.145, 4247
0.145, 4246
0.146, 4245
0.146, 4244
0.146, 4243
0.146, 4242
0.146, 4241
0.146, 4240
0.146, 4239
0.146, 4238
0.146, 4237
0.146, 4236
0.146, 4235
0.146, 4234
0.146, 4233
0.146, 4232
0.146, 4231
0.146, 4230
0.146, 4229
0.146, 4228
0.146, 4227
0.146, 4226
0.146, 4225
0.146, 4224
0.146, 4223
0.146, 4222
0.146, 4221
0.146, 4220
0.146, 4219
0.146, 4218
0.146, 4217
0.146, 4216
0.146, 4215
0.146, 4214
0.146, 4213
0.146, 4212
0.146, 4211
0.146, 4210
0.146, 4209
0.146, 4208
0.147, 4207
0.147, 4206
0.147, 4205
0.147, 4204
0.147, 4203
0.147, 4202
0.147, 4201
0.147, 4200
0.147, 4199
0.147, 4198
0.147, 4197
0.147, 4196
0.147, 4195
0.147, 4194
0.147, 4193
0.147, 4192
0.147, 4191
0.147, 4190
0.147, 4189
0.147, 4188
0.147, 4187
0.147, 4186
0.147, 4185
0.147, 4184
0.147, 4183
0.147, 4182
0.147, 4181
0.147, 4180
0.147, 4179
0.147, 4178
0.147, 4177
0.147, 4176
0.151, 4175
0.151, 4174
0.151, 4173
0.151, 4172
0.151, 4171
0.151, 4170
0.151, 4169
0.151, 4168
0.151, 4167
0.151, 4166
0.151, 4165
0.151, 4164
0.151, 4163
0.151, 4162
0.151, 4161
0.151, 4160
0.152, 4159
0.152, 4158
0.152, 4157
0.152, 4156
0.152, 4155
0.152, 4154
0.152, 4153
0.152, 4152
0.152, 4151
0.152, 4150
0.152, 4149
0.152, 4148
0.152, 4147
0.152, 4146
0.152, 4145
0.152, 4144
0.152, 4143
0.152, 4142
0.152, 4141
0.152, 4140
0.152, 4139
0.152, 4138
0.152, 4137
0.152, 4136
0.152, 4135
0.152, 4134
0.152, 4133
0.152, 4132
0.152, 4131
0.152, 4130
0.152, 4129
0.152, 4128
0.152, 4127
0.152, 4126
0.152, 4125
0.152, 4124
0.152, 4123
0.152, 4122
0.152, 4121
0.152, 4120
0.152, 4119
0.152, 4118
0.152, 4117
0.153, 4116
0.153, 4115
0.153, 4114
0.153, 4113
0.153, 4112
0.153, 4111
0.153, 4110
0.153, 4109
0.153, 4108
0.153, 4107
0.153, 4106
0.153, 4105
0.153, 4104
0.153, 4103
0.153, 4102
0.153, 4101
0.153, 4100
0.153, 4099
0.153, 4098
0.153, 4097
0.153, 4096
0.153, 4095
0.153, 4094
0.153, 4093
0.153, 4092
0.153, 4091
0.153, 4090
0.153, 4089
0.153, 4088
0.153, 4087
0.153, 4086
0.153, 4085
0.153, 4084
0.153, 4083
0.154, 4082
0.154, 4081
0.154, 4080
0.154, 4079
0.154, 4078
0.154, 4077
0.154, 4076
0.154, 4075
0.154, 4074
0.154, 4073
0.154, 4072
0.154, 4071
0.154, 4070
0.154, 4069
0.154, 4068
0.154, 4067
0.154, 4066
0.154, 4065
0.154, 4064
0.154, 4063
0.154, 4062
0.154, 4061
0.154, 4060
0.154, 4059
0.154, 4058
0.154, 4057
0.154, 4056
0.154, 4055
0.154, 4054
0.154, 4053
0.154, 4052
0.154, 4051
0.154, 4050
0.154, 4049
0.154, 4048
0.154, 4047
0.154, 4046
0.154, 4045
0.155, 4044
0.155, 4043
0.155, 4042
0.155, 4041
0.155, 4040
0.155, 4039
0.155, 4038
0.155, 4037
0.155, 4036
0.155, 4035
0.155, 4034
0.155, 4033
0.155, 4032
0.155, 4031
0.155, 4030
0.155, 4029
0.155, 4028
0.155, 4027
0.155, 4026
0.155, 4025
0.155, 4024
0.155, 4023
0.155, 4022
0.155, 4021
0.155, 4020
0.155, 4019
0.155, 4018
0.155, 4017
0.155, 4016
0.155, 4015
0.155, 4014
0.155, 4013
0.155, 4012
0.155, 4011
0.155, 4010
0.155, 4009
0.155, 4008
0.155, 4007
0.155, 4006
0.155, 4005
0.155, 4004
0.155, 4003
0.156, 4002
0.156, 4001
0.156, 4000
0.156, 3999
0.156, 3998
0.156, 3997
0.156, 3996
0.156, 3995
0.156, 3994
0.156, 3993
0.156, 3992
0.156, 3991
0.156, 3990
0.156, 3989
0.156, 3988
0.156, 3987
0.156, 3986
0.156, 3985
0.156, 3984
0.156, 3983
0.156, 3982
0.156, 3981
0.156, 3980
0.156, 3979
0.156, 3978
0.156, 3977
0.156, 3976
0.157, 3975
0.157, 3974
0.157, 3973
0.157, 3972
0.157, 3971
0.157, 3970
0.157, 3969
0.157, 3968
0.157, 3967
0.157, 3966
0.157, 3965
0.157, 3964
0.157, 3963
0.157, 3962
0.157, 3961
0.157, 3960
0.157, 3959
0.157, 3958
0.157, 3957
0.157, 3956
0.157, 3955
0.157, 3954
0.157, 3953
0.157, 3952
0.157, 3951
0.157, 3950
0.157, 3949
0.157, 3948
0.157, 3947
0.157, 3946
0.158, 3945
0.158, 3944
0.158, 3943
0.158, 3942
0.158, 3941
0.158, 3940
0.158, 3939
0.158, 3938
0.158, 3937
0.158, 3936
0.158, 3935
0.158, 3934
0.158, 3933
0.158, 3932
0.158, 3931
0.158, 3930
0.158, 3929
0.158, 3928
0.158, 3927
0.158, 3926
0.158, 3925
0.158, 3924
0.158, 3923
0.158, 3922
0.158, 3921
0.158, 3920
0.158, 3919
0.158, 3918
0.158, 3917
0.158, 3916
0.158, 3915
0.158, 3914
0.158, 3913
0.158, 3912
0.158, 3911
0.158, 3910
0.158, 3909
0.158, 3908
0.158, 3907
0.158, 3906
0.158, 3905
0.158, 3904
0.158, 3903
0.158, 3902
0.158, 3901
0.158, 3900
0.158, 3899
0.158, 3898
0.158, 3897
0.158, 3896
0.158, 3895
0.158, 3894
0.159, 3893
0.159, 3892
0.159, 3891
0.159, 3890
0.159, 3889
0.159, 3888
0.159, 3887
0.159, 3886
0.159, 3885
0.159, 3884
0.159, 3883
0.159, 3882
0.159, 3881
0.159, 3880
0.159, 3879
0.159, 3878
0.159, 3877
0.159, 3876
0.159, 3875
0.159, 3874
0.162, 3873
0.162, 3872
0.162, 3871
0.162, 3870
0.162, 3869
0.162, 3868
0.162, 3867
0.162, 3866
0.162, 3865
0.162, 3864
0.162, 3863
0.162, 3862
0.162, 3861
0.162, 3860
0.162, 3859
0.162, 3858
0.162, 3857
0.162, 3856
0.162, 3855
0.162, 3854
0.162, 3853
0.162, 3852
0.162, 3851
0.162, 3850
0.162, 3849
0.162, 3848
0.162, 3847
0.162, 3846
0.162, 3845
0.162, 3844
0.162, 3843
0.162, 3842
0.162, 3841
0.162, 3840
0.162, 3839
0.162, 3838
0.162, 3837
0.162, 3836
0.162, 3835
0.162, 3834
0.162, 3833
0.162, 3832
0.162, 3831
0.162, 3830
0.162, 3829
0.162, 3828
0.162, 3827
0.162, 3826
0.163, 3825
0.163, 3824
0.163, 3823
0.163, 3822
0.163, 3821
0.163, 3820
0.163, 3819
0.163, 3818
0.163, 3817
0.163, 3816
0.163, 3815
0.163, 3814
0.163, 3813
0.163, 3812
0.163, 3811
0.163, 3810
0.163, 3809
0.163, 3808
0.163, 3807
0.163, 3806
0.163, 3805
0.163, 3804
0.163, 3803
0.163, 3802
0.163, 3801
0.163, 3800
0.163, 3799
0.163, 3798
0.163, 3797
0.163, 3796
0.163, 3795
0.163, 3794
0.163, 3793
0.163, 3792
0.163, 3791
0.163, 3790
0.163, 3789
0.163, 3788
0.163, 3787
0.163, 3786
0.163, 3785
0.163, 3784
0.163, 3783
0.163, 3782
0.163, 3781
0.163, 3780
0.163, 3779
0.163, 3778
0.163, 3777
0.163, 3776
0.163, 3775
0.163, 3774
0.163, 3773
0.163, 3772
0.163, 3771
0.163, 3770
0.163, 3769
0.163, 3768
0.163, 3767
0.163, 3766
0.163, 3765
0.163, 3764
0.163, 3763
0.163, 3762
0.163, 3761
0.163, 3760
0.163, 3759
0.163, 3758
0.164, 3757
0.164, 3756
0.164, 3755
0.164, 3754
0.164, 3753
0.164, 3752
0.164, 3751
0.164, 3750
0.164, 3749
0.164, 3748
0.164, 3747
0.164, 3746
0.164, 3745
0.164, 3744
0.164, 3743
0.164, 3742
0.164, 3741
0.164, 3740
0.164, 3739
0.164, 3738
0.164, 3737
0.164, 3736
0.164, 3735
0.164, 3734
0.164, 3733
0.164, 3732
0.164, 3731
0.164, 3730
0.164, 3729
0.164, 3728
0.164, 3727
0.164, 3726
0.164, 3725
0.164, 3724
0.164, 3723
0.164, 3722
0.164, 3721
0.164, 3720
0.164, 3719
0.164, 3718
0.164, 3717
0.164, 3716
0.164, 3715
0.164, 3714
0.164, 3713
0.164, 3712
0.164, 3711
0.164, 3710
0.164, 3709
0.164, 3708
0.164, 3707
0.164, 3706
0.164, 3705
0.164, 3704
0.164, 3703
0.164, 3702
0.164, 3701
0.164, 3700
0.164, 3699
0.164, 3698
0.164, 3697
0.164, 3696
0.164, 3695
0.164, 3694
0.164, 3693
0.164, 3692
0.164, 3691
0.164, 3690
0.164, 3689
0.164, 3688
0.164, 3687
0.164, 3686
0.164, 3685
0.164, 3684
0.164, 3683
0.165, 3682
0.165, 3681
0.165, 3680
0.165, 3679
0.165, 3678
0.165, 3677
0.165, 3676
0.165, 3675
0.165, 3674
0.165, 3673
0.165, 3672
0.165, 3671
0.165, 3670
0.165, 3669
0.165, 3668
0.165, 3667
0.165, 3666
0.165, 3665
0.165, 3664
0.165, 3663
0.165, 3662
0.165, 3661
0.165, 3660
0.165, 3659
0.165, 3658
0.165, 3657
0.165, 3656
0.165, 3655
0.165, 3654
0.165, 3653
0.165, 3652
0.165, 3651
0.165, 3650
0.165, 3649
0.165, 3648
0.165, 3647
0.165, 3646
0.165, 3645
0.165, 3644
0.165, 3643
0.165, 3642
0.165, 3641
0.165, 3640
0.165, 3639
0.165, 3638
0.165, 3637
0.165, 3636
0.165, 3635
0.165, 3634
0.165, 3633
0.165, 3632
0.165, 3631
0.165, 3630
0.165, 3629
0.165, 3628
0.165, 3627
0.165, 3626
0.165, 3625
0.165, 3624
0.165, 3623
0.165, 3622
0.165, 3621
0.165, 3620
0.165, 3619
0.165, 3618
0.165, 3617
0.165, 3616
0.165, 3615
0.165, 3614
0.165, 3613
0.165, 3612
0.165, 3611
0.165, 3610
0.165, 3609
0.165, 3608
0.165, 3607
0.165, 3606
0.165, 3605
0.165, 3604
0.165, 3603
0.166, 3602
0.166, 3601
0.166, 3600
0.166, 3599
0.166, 3598
0.166, 3597
0.166, 3596
0.166, 3595
0.166, 3594
0.166, 3593
0.166, 3592
0.166, 3591
0.166, 3590
0.166, 3589
0.166, 3588
0.166, 3587
0.166, 3586
0.166, 3585
0.166, 3584
0.167, 3583
0.167, 3582
0.167, 3581
0.167, 3580
0.167, 3579
0.167, 3578
0.167, 3577
0.167, 3576
0.167, 3575
0.167, 3574
0.167, 3573
0.167, 3572
0.167, 3571
0.167, 3570
0.167, 3569
0.167, 3568
0.167, 3567
0.167, 3566
0.167, 3565
0.167, 3564
0.167, 3563
0.167, 3562
0.167, 3561
0.167, 3560
0.167, 3559
0.167, 3558
0.167, 3557
0.167, 3556
0.167, 3555
0.167, 3554
0.167, 3553
0.167, 3552
0.167, 3551
0.167, 3550
0.167, 3549
0.167, 3548
0.167, 3547
0.167, 3546
0.167, 3545
0.167, 3544
0.168, 3543
0.168, 3542
0.168, 3541
0.168, 3540
0.168, 3539
0.168, 3538
0.168, 3537
0.168, 3536
0.168, 3535
0.168, 3534
0.168, 3533
0.168, 3532
0.168, 3531
0.168, 3530
0.168, 3529
0.168, 3528
0.168, 3527
0.168, 3526
0.168, 3525
0.168, 3524
0.168, 3523
0.168, 3522
0.168, 3521
0.168, 3520
0.168, 3519
0.168, 3518
0.168, 3517
0.168, 3516
0.168, 3515
0.168, 3514
0.168, 3513
0.168, 3512
0.168, 3511
0.168, 3510
0.168, 3509
0.168, 3508
0.168, 3507
0.168, 3506
0.168, 3505
0.168, 3504
0.168, 3503
0.168, 3502
0.168, 3501
0.168, 3500
0.168, 3499
0.168, 3498
0.168, 3497
0.168, 3496
0.168, 3495
0.168, 3494
0.168, 3493
0.168, 3492
0.168, 3491
0.168, 3490
0.168, 3489
0.168, 3488
0.168, 3487
0.168, 3486
0.168, 3485
0.168, 3484
0.168, 3483
0.168, 3482
0.168, 3481
0.168, 3480
0.168, 3479
0.168, 3478
0.168, 3477
0.168, 3476
0.168, 3475
0.168, 3474
0.168, 3473
0.168, 3472
0.168, 3471
0.168, 3470
0.168, 3469
0.168, 3468
0.168, 3467
0.168, 3466
0.168, 3465
0.168, 3464
0.169, 3463
0.169, 3462
0.169, 3461
0.169, 3460
0.169, 3459
0.169, 3458
0.169, 3457
0.169, 3456
0.169, 3455
0.169, 3454
0.169, 3453
0.169, 3452
0.169, 3451
0.169, 3450
0.169, 3449
0.169, 3448
0.169, 3447
0.169, 3446
0.169, 3445
0.169, 3444
0.169, 3443
0.169, 3442
0.169, 3441
0.169, 3440
0.169, 3439
0.169, 3438
0.169, 3437
0.169, 3436
0.169, 3435
0.169, 3434
0.169, 3433
0.169, 3432
0.169, 3431
0.169, 3430
0.169, 3429
0.169, 3428
0.169, 3427
0.169, 3426
0.169, 3425
0.169, 3424
0.169, 3423
0.169, 3422
0.169, 3421
0.169, 3420
0.169, 3419
0.169, 3418
0.169, 3417
0.169, 3416
0.169, 3415
0.169, 3414
0.169, 3413
0.169, 3412
0.169, 3411
0.169, 3410
0.169, 3409
0.169, 3408
0.169, 3407
0.169, 3406
0.169, 3405
0.169, 3404
0.169, 3403
0.169, 3402
0.169, 3401
0.169, 3400
0.169, 3399
0.169, 3398
0.169, 3397
0.169, 3396
0.169, 3395
0.170, 3394
0.170, 3393
0.170, 3392
0.170, 3391
0.170, 3390
0.170, 3389
0.170, 3388
0.170, 3387
0.170, 3386
0.170, 3385
0.170, 3384
0.170, 3383
0.170, 3382
0.170, 3381
0.170, 3380
0.170, 3379
0.170, 3378
0.170, 3377
0.170, 3376
0.170, 3375
0.170, 3374
0.170, 3373
0.170, 3372
0.170, 3371
0.170, 3370
0.170, 3369
0.170, 3368
0.170, 3367
0.170, 3366
0.170, 3365
0.170, 3364
0.170, 3363
0.170, 3362
0.170, 3361
0.170, 3360
0.170, 3359
0.170, 3358
0.170, 3357
0.170, 3356
0.170, 3355
0.170, 3354
0.170, 3353
0.171, 3352
0.171, 3351
0.171, 3350
0.171, 3349
0.171, 3348
0.171, 3347
0.171, 3346
0.171, 3345
0.171, 3344
0.171, 3343
0.171, 3342
0.171, 3341
0.171, 3340
0.171, 3339
0.171, 3338
0.171, 3337
0.171, 3336
0.171, 3335
0.171, 3334
0.171, 3333
0.171, 3332
0.171, 3331
0.171, 3330
0.171, 3329
0.171, 3328
0.171, 3327
0.171, 3326
0.171, 3325
0.171, 3324
0.171, 3323
0.171, 3322
0.171, 3321
0.171, 3320
0.171, 3319
0.171, 3318
0.171, 3317
0.171, 3316
0.171, 3315
0.171, 3314
0.171, 3313
0.171, 3312
0.171, 3311
0.171, 3310
0.171, 3309
0.171, 3308
0.171, 3307
0.171, 3306
0.171, 3305
0.171, 3304
0.171, 3303
0.171, 3302
0.171, 3301
0.171, 3300
0.171, 3299
0.171, 3298
0.171, 3297
0.171, 3296
0.171, 3295
0.171, 3294
0.171, 3293
0.171, 3292
0.171, 3291
0.171, 3290
0.171, 3289
0.171, 3288
0.171, 3287
0.171, 3286
0.171, 3285
0.171, 3284
0.171, 3283
0.171, 3282
0.171, 3281
0.171, 3280
0.171, 3279
0.171, 3278
0.171, 3277
0.171, 3276
0.171, 3275
0.171, 3274
0.171, 3273
0.171, 3272
0.172, 3271
0.172, 3270
0.172, 3269
0.172, 3268
0.172, 3267
0.172, 3266
0.172, 3265
0.172, 3264
0.172, 3263
0.172, 3262
0.172, 3261
0.172, 3260
0.172, 3259
0.172, 3258
0.172, 3257
0.172, 3256
0.172, 3255
0.172, 3254
0.172, 3253
0.172, 3252
0.172, 3251
0.172, 3250
0.172, 3249
0.172, 3248
0.172, 3247
0.172, 3246
0.172, 3245
0.172, 3244
0.172, 3243
0.172, 3242
0.172, 3241
0.172, 3240
0.172, 3239
0.172, 3238
0.172, 3237
0.172, 3236
0.172, 3235
0.172, 3234
0.172, 3233
0.172, 3232
0.172, 3231
0.172, 3230
0.172, 3229
0.172, 3228
0.172, 3227
0.172, 3226
0.172, 3225
0.172, 3224
0.172, 3223
0.172, 3222
0.173, 3221
0.173, 3220
0.173, 3219
0.173, 3218
0.173, 3217
0.173, 3216
0.173, 3215
0.173, 3214
0.173, 3213
0.173, 3212
0.173, 3211
0.173, 3210
0.173, 3209
0.173, 3208
0.173, 3207
0.173, 3206
0.173, 3205
0.173, 3204
0.173, 3203
0.173, 3202
0.173, 3201
0.173, 3200
0.173, 3199
0.173, 3198
0.173, 3197
0.173, 3196
0.173, 3195
0.173, 3194
0.173, 3193
0.173, 3192
0.173, 3191
0.173, 3190
0.173, 3189
0.173, 3188
0.173, 3187
0.173, 3186
0.173, 3185
0.173, 3184
0.173, 3183
0.173, 3182
0.173, 3181
0.173, 3180
0.173, 3179
0.173, 3178
0.173, 3177
0.174, 3176
0.174, 3175
0.174, 3174
0.174, 3173
0.174, 3172
0.174, 3171
0.174, 3170
0.174, 3169
0.174, 3168
0.174, 3167
0.174, 3166
0.174, 3165
0.174, 3164
0.174, 3163
0.174, 3162
0.174, 3161
0.174, 3160
0.174, 3159
0.174, 3158
0.174, 3157
0.174, 3156
0.174, 3155
0.174, 3154
0.174, 3153
0.174, 3152
0.174, 3151
0.174, 3150
0.174, 3149
0.174, 3148
0.175, 3147
0.175, 3146
0.175, 3145
0.175, 3144
0.175, 3143
0.175, 3142
0.175, 3141
0.175, 3140
0.175, 3139
0.175, 3138
0.175, 3137
0.175, 3136
0.175, 3135
0.175, 3134
0.175, 3133
0.175, 3132
0.175, 3131
0.175, 3130
0.175, 3129
0.175, 3128
0.175, 3127
0.175, 3126
0.175, 3125
0.175, 3124
0.175, 3123
0.175, 3122
0.175, 3121
0.175, 3120
0.175, 3119
0.175, 3118
0.175, 3117
0.175, 3116
0.175, 3115
0.175, 3114
0.175, 3113
0.175, 3112
0.175, 3111
0.175, 3110
0.175, 3109
0.175, 3108
0.175, 3107
0.175, 3106
0.175, 3105
0.175, 3104
0.175, 3103
0.175, 3102
0.175, 3101
0.175, 3100
0.175, 3099
0.175, 3098
0.175, 3097
0.175, 3096
0.175, 3095
0.175, 3094
0.175, 3093
0.175, 3092
0.175, 3091
0.175, 3090
0.175, 3089
0.175, 3088
0.175, 3087
0.175, 3086
0.175, 3085
0.175, 3084
0.175, 3083
0.175, 3082
0.175, 3081
0.175, 3080
0.175, 3079
0.175, 3078
0.175, 3077
0.175, 3076
0.175, 3075
0.175, 3074
0.175, 3073
0.175, 3072
0.175, 3071
0.175, 3070
0.176, 3069
0.176, 3068
0.176, 3067
0.176, 3066
0.176, 3065
0.176, 3064
0.176, 3063
0.176, 3062
0.176, 3061
0.176, 3060
0.176, 3059
0.176, 3058
0.176, 3057
0.176, 3056
0.176, 3055
0.176, 3054
0.176, 3053
0.176, 3052
0.176, 3051
0.176, 3050
0.176, 3049
0.176, 3048
0.176, 3047
0.176, 3046
0.176, 3045
0.176, 3044
0.176, 3043
0.176, 3042
0.176, 3041
0.176, 3040
0.176, 3039
0.176, 3038
0.176, 3037
0.176, 3036
0.176, 3035
0.176, 3034
0.176, 3033
0.176, 3032
0.176, 3031
0.176, 3030
0.176, 3029
0.176, 3028
0.176, 3027
0.176, 3026
0.176, 3025
0.176, 3024
0.176, 3023
0.176, 3022
0.176, 3021
0.176, 3020
0.176, 3019
0.176, 3018
0.176, 3017
0.176, 3016
0.176, 3015
0.176, 3014
0.176, 3013
0.176, 3012
0.176, 3011
0.176, 3010
0.176, 3009
0.176, 3008
0.176, 3007
0.176, 3006
0.176, 3005
0.176, 3004
0.176, 3003
0.176, 3002
0.176, 3001
0.176, 3000
0.176, 2999
0.176, 2998
0.176, 2997
0.176, 2996
0.176, 2995
0.176, 2994
0.176, 2993
0.176, 2992
0.176, 2991
0.176, 2990
0.176, 2989
0.176, 2988
0.176, 2987
0.177, 2986
0.177, 2985
0.177, 2984
0.177, 2983
0.177, 2982
0.177, 2981
0.177, 2980
0.177, 2979
0.177, 2978
0.177, 2977
0.177, 2976
0.177, 2975
0.177, 2974
0.177, 2973
0.177, 2972
0.177, 2971
0.177, 2970
0.177, 2969
0.177, 2968
0.177, 2967
0.177, 2966
0.177, 2965
0.177, 2964
0.177, 2963
0.177, 2962
0.177, 2961
0.177, 2960
0.177, 2959
0.177, 2958
0.177, 2957
0.177, 2956
0.177, 2955
0.177, 2954
0.177, 2953
0.177, 2952
0.177, 2951
0.177, 2950
0.177, 2949
0.177, 2948
0.177, 2947
0.177, 2946
0.177, 2945
0.177, 2944
0.177, 2943
0.177, 2942
0.177, 2941
0.177, 2940
0.177, 2939
0.177, 2938
0.177, 2937
0.177, 2936
0.177, 2935
0.177, 2934
0.177, 2933
0.177, 2932
0.177, 2931
0.177, 2930
0.177, 2929
0.177, 2928
0.177, 2927
0.177, 2926
0.177, 2925
0.177, 2924
0.177, 2923
0.177, 2922
0.177, 2921
0.177, 2920
0.177, 2919
0.177, 2918
0.177, 2917
0.177, 2916
0.177, 2915
0.177, 2914
0.177, 2913
0.177, 2912
0.177, 2911
0.177, 2910
0.177, 2909
0.177, 2908
0.177, 2907
0.177, 2906
0.177, 2905
0.177, 2904
0.178, 2903
0.178, 2902
0.178, 2901
0.178, 2900
0.178, 2899
0.178, 2898
0.178, 2897
0.178, 2896
0.178, 2895
0.178, 2894
0.178, 2893
0.178, 2892
0.178, 2891
0.178, 2890
0.178, 2889
0.178, 2888
0.178, 2887
0.178, 2886
0.178, 2885
0.178, 2884
0.178, 2883
0.178, 2882
0.178, 2881
0.178, 2880
0.178, 2879
0.178, 2878
0.178, 2877
0.178, 2876
0.178, 2875
0.178, 2874
0.178, 2873
0.178, 2872
0.178, 2871
0.178, 2870
0.178, 2869
0.178, 2868
0.178, 2867
0.178, 2866
0.178, 2865
0.178, 2864
0.178, 2863
0.178, 2862
0.178, 2861
0.178, 2860
0.178, 2859
0.178, 2858
0.178, 2857
0.178, 2856
0.178, 2855
0.178, 2854
0.178, 2853
0.179, 2852
0.179, 2851
0.179, 2850
0.179, 2849
0.179, 2848
0.179, 2847
0.179, 2846
0.179, 2845
0.179, 2844
0.179, 2843
0.179, 2842
0.179, 2841
0.179, 2840
0.179, 2839
0.179, 2838
0.179, 2837
0.179, 2836
0.179, 2835
0.179, 2834
0.179, 2833
0.179, 2832
0.179, 2831
0.179, 2830
0.179, 2829
0.179, 2828
0.179, 2827
0.179, 2826
0.179, 2825
0.179, 2824
0.179, 2823
0.179, 2822
0.179, 2821
0.179, 2820
0.179, 2819
0.179, 2818
0.179, 2817
0.179, 2816
0.179, 2815
0.179, 2814
0.179, 2813
0.179, 2812
0.179, 2811
0.179, 2810
0.179, 2809
0.179, 2808
0.179, 2807
0.179, 2806
0.179, 2805
0.179, 2804
0.179, 2803
0.181, 2802
0.181, 2801
0.181, 2800
0.181, 2799
0.181, 2798
0.181, 2797
0.181, 2796
0.181, 2795
0.181, 2794
0.181, 2793
0.181, 2792
0.181, 2791
0.181, 2790
0.181, 2789
0.181, 2788
0.181, 2787
0.181, 2786
0.181, 2785
0.181, 2784
0.181, 2783
0.181, 2782
0.181, 2781
0.181, 2780
0.181, 2779
0.181, 2778
0.181, 2777
0.181, 2776
0.181, 2775
0.181, 2774
0.181, 2773
0.181, 2772
0.181, 2771
0.181, 2770
0.181, 2769
0.181, 2768
0.181, 2767
0.181, 2766
0.181, 2765
0.181, 2764
0.181, 2763
0.181, 2762
0.181, 2761
0.181, 2760
0.181, 2759
0.181, 2758
0.181, 2757
0.181, 2756
0.181, 2755
0.181, 2754
0.181, 2753
0.181, 2752
0.181, 2751
0.181, 2750
0.181, 2749
0.181, 2748
0.181, 2747
0.181, 2746
0.181, 2745
0.181, 2744
0.181, 2743
0.181, 2742
0.181, 2741
0.181, 2740
0.181, 2739
0.181, 2738
0.181, 2737
0.181, 2736
0.181, 2735
0.181, 2734
0.181, 2733
0.182, 2732
0.182, 2731
0.182, 2730
0.182, 2729
0.182, 2728
0.182, 2727
0.182, 2726
0.182, 2725
0.182, 2724
0.182, 2723
0.182, 2722
0.182, 2721
0.182, 2720
0.182, 2719
0.182, 2718
0.182, 2717
0.182, 2716
0.182, 2715
0.182, 2714
0.182, 2713
0.182, 2712
0.182, 2711
0.182, 2710
0.182, 2709
0.182, 2708
0.182, 2707
0.182, 2706
0.182, 2705
0.182, 2704
0.182, 2703
0.182, 2702
0.182, 2701
0.182, 2700
0.182, 2699
0.182, 2698
0.182, 2697
0.182, 2696
0.182, 2695
0.182, 2694
0.182, 2693
0.182, 2692
0.182, 2691
0.182, 2690
0.182, 2689
0.182, 2688
0.182, 2687
0.182, 2686
0.182, 2685
0.182, 2684
0.182, 2683
0.182, 2682
0.182, 2681
0.182, 2680
0.182, 2679
0.182, 2678
0.182, 2677
0.182, 2676
0.182, 2675
0.182, 2674
0.182, 2673
0.182, 2672
0.182, 2671
0.182, 2670
0.182, 2669
0.182, 2668
0.182, 2667
0.182, 2666
0.182, 2665
0.182, 2664
0.182, 2663
0.182, 2662
0.182, 2661
0.182, 2660
0.182, 2659
0.182, 2658
0.182, 2657
0.182, 2656
0.182, 2655
0.182, 2654
0.182, 2653
0.182, 2652
0.182, 2651
0.183, 2650
0.183, 2649
0.183, 2648
0.183, 2647
0.183, 2646
0.183, 2645
0.183, 2644
0.183, 2643
0.183, 2642
0.183, 2641
0.183, 2640
0.183, 2639
0.183, 2638
0.183, 2637
0.183, 2636
0.183, 2635
0.183, 2634
0.183, 2633
0.183, 2632
0.183, 2631
0.183, 2630
0.183, 2629
0.183, 2628
0.183, 2627
0.183, 2626
0.183, 2625
0.183, 2624
0.183, 2623
0.183, 2622
0.183, 2621
0.183, 2620
0.183, 2619
0.183, 2618
0.183, 2617
0.183, 2616
0.183, 2615
0.183, 2614
0.183, 2613
0.183, 2612
0.183, 2611
0.183, 2610
0.183, 2609
0.183, 2608
0.183, 2607
0.183, 2606
0.183, 2605
0.183, 2604
0.183, 2603
0.183, 2602
0.183, 2601
0.183, 2600
0.183, 2599
0.183, 2598
0.183, 2597
0.183, 2596
0.183, 2595
0.183, 2594
0.183, 2593
0.183, 2592
0.183, 2591
0.183, 2590
0.183, 2589
0.183, 2588
0.183, 2587
0.183, 2586
0.183, 2585
0.183, 2584
0.183, 2583
0.183, 2582
0.183, 2581
0.183, 2580
0.183, 2579
0.183, 2578
0.183, 2577
0.183, 2576
0.183, 2575
0.183, 2574
0.183, 2573
0.183, 2572
0.184, 2571
0.184, 2570
0.184, 2569
0.184, 2568
0.184, 2567
0.184, 2566
0.184, 2565
0.184, 2564
0.184, 2563
0.184, 2562
0.184, 2561
0.184, 2560
0.184, 2559
0.184, 2558
0.184, 2557
0.184, 2556
0.184, 2555
0.184, 2554
0.184, 2553
0.184, 2552
0.184, 2551
0.184, 2550
0.184, 2549
0.184, 2548
0.184, 2547
0.184, 2546
0.184, 2545
0.184, 2544
0.184, 2543
0.184, 2542
0.184, 2541
0.184, 2540
0.184, 2539
0.184, 2538
0.184, 2537
0.184, 2536
0.184, 2535
0.184, 2534
0.184, 2533
0.184, 2532
0.184, 2531
0.184, 2530
0.184, 2529
0.184, 2528
0.184, 2527
0.184, 2526
0.184, 2525
0.184, 2524
0.184, 2523
0.184, 2522
0.184, 2521
0.184, 2520
0.184, 2519
0.184, 2518
0.184, 2517
0.184, 2516
0.184, 2515
0.184, 2514
0.184, 2513
0.184, 2512
0.184, 2511
0.184, 2510
0.184, 2509
0.184, 2508
0.184, 2507
0.184, 2506
0.184, 2505
0.184, 2504
0.184, 2503
0.184, 2502
0.184, 2501
0.184, 2500
0.184, 2499
0.184, 2498
0.184, 2497
0.184, 2496
0.184, 2495
0.184, 2494
0.184, 2493
0.185, 2492
0.185, 2491
0.185, 2490
0.185, 2489
0.185, 2488
0.185, 2487
0.185, 2486
0.185, 2485
0.185, 2484
0.185, 2483
0.185, 2482
0.185, 2481
0.185, 2480
0.185, 2479
0.185, 2478
0.185, 2477
0.185, 2476
0.185, 2475
0.185, 2474
0.185, 2473
0.185, 2472
0.185, 2471
0.185, 2470
0.185, 2469
0.185, 2468
0.185, 2467
0.185, 2466
0.185, 2465
0.185, 2464
0.185, 2463
0.185, 2462
0.185, 2461
0.185, 2460
0.185, 2459
0.185, 2458
0.185, 2457
0.185, 2456
0.186, 2455
0.187, 2454
0.187, 2453
0.187, 2452
0.187, 2451
0.187, 2450
0.187, 2449
0.187, 2448
0.187, 2447
0.187, 2446
0.187, 2445
0.187, 2444
0.187, 2443
0.187, 2442
0.187, 2441
0.187, 2440
0.188, 2439
0.188, 2438
0.188, 2437
0.188, 2436
0.188, 2435
0.193, 2434
0.194, 2433
0.194, 2432
0.194, 2431
0.194, 2430
0.194, 2429
0.194, 2428
0.194, 2427
0.194, 2426
0.194, 2425
0.194, 2424
0.194, 2423
0.194, 2422
0.194, 2421
0.194, 2420
0.194, 2419
0.194, 2418
0.194, 2417
0.194, 2416
0.194, 2415
0.194, 2414
0.194, 2413
0.194, 2412
0.194, 2411
0.194, 2410
0.194, 2409
0.194, 2408
0.194, 2407
0.194, 2406
0.194, 2405
0.194, 2404
0.194, 2403
0.194, 2402
0.194, 2401
0.194, 2400
0.194, 2399
0.194, 2398
0.194, 2397
0.194, 2396
0.194, 2395
0.194, 2394
0.194, 2393
0.194, 2392
0.194, 2391
0.194, 2390
0.194, 2389
0.194, 2388
0.194, 2387
0.194, 2386
0.194, 2385
0.194, 2384
0.194, 2383
0.194, 2382
0.194, 2381
0.194, 2380
0.194, 2379
0.194, 2378
0.194, 2377
0.195, 2376
0.195, 2375
0.195, 2374
0.195, 2373
0.195, 2372
0.195, 2371
0.195, 2370
0.195, 2369
0.195, 2368
0.195, 2367
0.195, 2366
0.195, 2365
0.195, 2364
0.195, 2363
0.195, 2362
0.195, 2361
0.195, 2360
0.195, 2359
0.195, 2358
0.195, 2357
0.195, 2356
0.195, 2355
0.195, 2354
0.195, 2353
0.195, 2352
0.195, 2351
0.195, 2350
0.195, 2349
0.195, 2348
0.195, 2347
0.195, 2346
0.195, 2345
0.195, 2344
0.195, 2343
0.195, 2342
0.195, 2341
0.195, 2340
0.195, 2339
0.195, 2338
0.195, 2337
0.195, 2336
0.195, 2335
0.195, 2334
0.195, 2333
0.195, 2332
0.195, 2331
0.199, 2330
0.199, 2329
0.199, 2328
0.199, 2327
0.199, 2326
0.199, 2325
0.199, 2324
0.199, 2323
0.199, 2322
0.199, 2321
0.199, 2320
0.199, 2319
0.199, 2318
0.199, 2317
0.199, 2316
0.199, 2315
0.199, 2314
0.199, 2313
0.199, 2312
0.199, 2311
0.199, 2310
0.199, 2309
0.199, 2308
0.199, 2307
0.200, 2306
0.200, 2305
0.200, 2304
0.200, 2303
0.200, 2302
0.200, 2301
0.200, 2300
0.200, 2299
0.200, 2298
0.200, 2297
0.200, 2296
0.200, 2295
0.200, 2294
0.200, 2293
0.200, 2292
0.200, 2291
0.200, 2290
0.200, 2289
0.200, 2288
0.200, 2287
0.200, 2286
0.200, 2285
0.200, 2284
0.200, 2283
0.200, 2282
0.200, 2281
0.200, 2280
0.200, 2279
0.200, 2278
0.200, 2277
0.200, 2276
0.200, 2275
0.200, 2274
0.200, 2273
0.200, 2272
0.200, 2271
0.200, 2270
0.200, 2269
