0.085, 4940
0.094, 4939
0.100, 4938
0.105, 4937
0.110, 4936
0.113, 4935
0.125, 4934
0.127, 4933
0.130, 4932
0.132, 4931
0.135, 4930
0.137, 4929
0.139, 4928
0.142, 4927
0.146, 4926
0.148, 4925
0.151, 4924
0.153, 4923
0.155, 4922
0.158, 4921
0.160, 4920
0.162, 4919
0.165, 4918
0.168, 4917
0.170, 4916
0.173, 4915
0.175, 4914
0.179, 4913
0.182, 4912
0.185, 4911
0.190, 4910
0.195, 4909
0.200, 4908
0.206, 4907
0.211, 4906
0.216, 4905
0.221, 4904
0.225, 4903
0.231, 4902
0.235, 4901
0.240, 4900
0.244, 4899
0.248, 4898
0.251, 4897
0.256, 4896
0.259, 4895
0.262, 4894
0.265, 4893
0.272, 4892
0.274, 4891
0.275, 4890
0.277, 4889
0.278, 4888
0.280, 4887
0.281, 4886
0.283, 4885
0.285, 4884
0.286, 4883
0.288, 4882
0.289, 4881
0.291, 4880
0.292, 4879
0.294, 4878
0.296, 4877
0.297, 4876
0.299, 4875
0.300, 4874
0.302, 4873
0.303, 4872
0.305, 4871
0.307, 4870
0.308, 4869
0.310, 4868
0.311, 4867
0.313, 4866
0.314, 4865
0.316, 4864
0.318, 4863
0.319, 4862
0.321, 4861
0.322, 4860
0.324, 4859
0.326, 4858
0.328, 4857
0.329, 4856
0.331, 4855
0.332, 4854
0.334, 4853
0.336, 4852
0.337, 4851
0.339, 4850
0.341, 4849
0.347, 4848
0.348, 4847
0.350, 4846
0.351, 4845
0.353, 4844
0.355, 4843
0.356, 4842
0.358, 4841
0.359, 4840
0.361, 4839
0.362, 4838
0.364, 4837
0.366, 4836
0.367, 4835
0.369, 4834
0.370, 4833
0.372, 4832
0.374, 4831
0.375, 4830
0.377, 4829
0.378, 4828
0.380, 4827
0.381, 4826
0.383, 4825
0.384, 4824
0.386, 4823
0.388, 4822
0.389, 4821
0.391, 4820
0.392, 4819
0.394, 4818
0.395, 4817
0.397, 4816
0.399, 4815
0.400, 4814
0.402, 4813
0.404, 4812
0.406, 4811
0.408, 4810
0.409, 4809
0.411, 4808
0.413, 4807
0.415, 4806
0.417, 4805
0.419, 4804
0.421, 4803
0.423, 4802
0.427, 4801
0.430, 4800
0.434, 4799
0.438, 4798
0.442, 4797
0.446, 4796
0.449, 4795
0.452, 4794
0.456, 4793
0.459, 4792
0.462, 4791
0.465, 4790
0.470, 4789
0.473, 4788
0.476, 4787
0.479, 4786
0.482, 4785
0.485, 4784
0.487, 4783
0.490, 4782
0.493, 4781
0.496, 4780
0.499, 4779
0.502, 4778
0.505, 4777
0.508, 4776
0.511, 4775
0.514, 4774
0.517, 4773
0.520, 4772
0.522, 4771
0.525, 4770
0.528, 4769
0.531, 4768
0.534, 4767
0.537, 4766
0.540, 4765
0.543, 4764
0.546, 4763
0.549, 4762
0.552, 4761
0.555, 4760
0.561, 4759
0.562, 4758
0.564, 4757
0.565, 4756
0.567, 4755
0.568, 4754
0.570, 4753
0.571, 4752
0.573, 4751
0.575, 4750
0.576, 4749
0.579, 4748
0.581, 4747
0.582, 4746
0.584, 4745
0.586, 4744
0.587, 4743
0.589, 4742
0.591, 4741
0.592, 4740
0.594, 4739
0.595, 4738
0.597, 4737
0.599, 4736
0.600, 4735
0.605, 4734
0.606, 4733
0.608, 4732
0.610, 4731
0.611, 4730
0.613, 4729
0.614, 4728
0.616, 4727
0.617, 4726
0.619, 4725
0.621, 4724
0.622, 4723
0.624, 4722
0.625, 4721
0.627, 4720
0.629, 4719
0.630, 4718
0.632, 4717
0.633, 4716
0.635, 4715
0.636, 4714
0.638, 4713
0.640, 4712
0.641, 4711
0.643, 4710
0.644, 4709
0.646, 4708
0.648, 4707
0.649, 4706
0.651, 4705
0.653, 4704
0.654, 4703
0.656, 4702
0.658, 4701
0.659, 4700
0.661, 4699
0.663, 4698
0.668, 4697
0.669, 4696
0.671, 4695
0.672, 4694
0.674, 4693
0.676, 4692
0.677, 4691
0.679, 4690
0.680, 4689
0.683, 4688
0.684, 4687
0.687, 4686
0.689, 4685
0.691, 4684
0.693, 4683
0.695, 4682
0.697, 4681
0.699, 4680
0.702, 4679
0.704, 4678
0.706, 4677
0.708, 4676
0.709, 4675
0.711, 4674
0.712, 4673
0.714, 4672
0.716, 4671
0.717, 4670
0.723, 4669
0.725, 4668
0.727, 4667
0.728, 4666
0.730, 4665
0.732, 4664
0.734, 4663
0.736, 4662
0.737, 4661
0.739, 4660
0.740, 4659
0.742, 4658
0.744, 4657
0.746, 4656
0.747, 4655
0.749, 4654
0.751, 4653
0.753, 4652
0.755, 4651
0.758, 4650
0.760, 4649
0.763, 4648
0.765, 4647
0.767, 4646
0.769, 4645
0.770, 4644
0.772, 4643
0.774, 4642
0.776, 4641
0.777, 4640
0.779, 4639
0.781, 4638
0.783, 4637
0.784, 4636
0.786, 4635
0.787, 4634
0.789, 4633
0.791, 4632
0.792, 4631
0.794, 4630
0.796, 4629
0.797, 4628
0.799, 4627
0.802, 4626
0.803, 4625
0.805, 4624
0.807, 4623
0.808, 4622
0.810, 4621
0.811, 4620
0.813, 4619
0.815, 4618
0.816, 4617
0.818, 4616
0.819, 4615
0.821, 4614
0.823, 4613
0.824, 4612
0.826, 4611
0.827, 4610
0.829, 4609
0.831, 4608
0.833, 4607
0.834, 4606
0.836, 4605
0.839, 4604
0.840, 4603
0.842, 4602
0.844, 4601
0.845, 4600
0.847, 4599
0.850, 4598
0.852, 4597
0.855, 4596
0.857, 4595
0.859, 4594
0.862, 4593
0.864, 4592
0.867, 4591
0.869, 4590
0.871, 4589
0.873, 4588
0.876, 4587
0.878, 4586
0.879, 4585
0.881, 4584
0.883, 4583
0.884, 4582
0.886, 4581
0.888, 4580
0.891, 4579
0.893, 4578
0.896, 4577
0.898, 4576
0.901, 4575
0.903, 4574
0.907, 4573
0.910, 4572
0.914, 4571
0.916, 4570
0.922, 4569
0.927, 4568
0.930, 4567
0.934, 4566
0.937, 4565
0.941, 4564
0.947, 4563
0.954, 4562
0.960, 4561
0.963, 4560
0.969, 4559
0.973, 4558
0.977, 4557
0.982, 4556
0.986, 4555
0.990, 4554
0.995, 4553
0.999, 4552
1.004, 4551
1.008, 4550
1.012, 4549
1.016, 4548
1.019, 4547
1.023, 4546
1.027, 4545
1.031, 4544
1.035, 4543
1.039, 4542
1.043, 4541
1.047, 4540
1.050, 4539
1.055, 4538
1.059, 4537
1.063, 4536
1.066, 4535
1.070, 4534
1.074, 4533
1.078, 4532
1.081, 4531
1.086, 4530
1.091, 4529
1.094, 4528
1.097, 4527
1.100, 4526
1.103, 4525
1.106, 4524
1.115, 4523
1.118, 4522
1.120, 4521
1.122, 4520
1.124, 4519
1.125, 4518
1.127, 4517
1.128, 4516
1.130, 4515
1.131, 4514
1.133, 4513
1.135, 4512
1.137, 4511
1.139, 4510
1.140, 4509
1.143, 4508
1.144, 4507
1.146, 4506
1.148, 4505
1.149, 4504
1.151, 4503
1.152, 4502
1.155, 4501
1.157, 4500
1.159, 4499
1.161, 4498
1.163, 4497
1.165, 4496
1.167, 4495
1.168, 4494
1.170, 4493
1.171, 4492
1.174, 4491
1.175, 4490
1.177, 4489
1.178, 4488
1.180, 4487
1.181, 4486
1.183, 4485
1.184, 4484
1.187, 4483
1.189, 4482
1.190, 4481
1.192, 4480
1.193, 4479
1.195, 4478
1.196, 4477
1.198, 4476
1.200, 4475
1.202, 4474
1.203, 4473
1.205, 4472
1.206, 4471
1.208, 4470
1.210, 4469
1.212, 4468
1.213, 4467
1.215, 4466
1.217, 4465
1.219, 4464
1.220, 4463
1.222, 4462
1.224, 4461
1.225, 4460
1.227, 4459
1.229, 4458
1.230, 4457
1.234, 4456
1.236, 4455
1.237, 4454
1.239, 4453
1.240, 4452
1.242, 4451
1.243, 4450
1.245, 4449
1.246, 4448
1.248, 4447
1.250, 4446
1.251, 4445
1.253, 4444
1.255, 4443
1.256, 4442
1.258, 4441
1.260, 4440
1.261, 4439
1.263, 4438
1.265, 4437
1.266, 4436
1.268, 4435
1.269, 4434
1.271, 4433
1.272, 4432
1.274, 4431
1.276, 4430
1.278, 4429
1.280, 4428
1.282, 4427
1.283, 4426
1.285, 4425
1.287, 4424
1.289, 4423
1.291, 4422
1.293, 4421
1.295, 4420
1.298, 4419
1.300, 4418
1.302, 4417
1.304, 4416
1.306, 4415
1.307, 4414
1.309, 4413
1.311, 4412
1.312, 4411
1.314, 4410
1.315, 4409
1.317, 4408
1.319, 4407
1.321, 4406
1.322, 4405
1.324, 4404
1.326, 4403
1.327, 4402
1.329, 4401
1.331, 4400
1.333, 4399
1.334, 4398
1.336, 4397
1.338, 4396
1.339, 4395
1.341, 4394
1.343, 4393
1.344, 4392
1.346, 4391
1.347, 4390
1.349, 4389
1.351, 4388
1.352, 4387
1.354, 4386
1.356, 4385
1.357, 4384
1.359, 4383
1.361, 4382
1.363, 4381
1.364, 4380
1.366, 4379
1.368, 4378
1.370, 4377
1.371, 4376
1.373, 4375
1.378, 4374
1.380, 4373
1.382, 4372
1.384, 4371
1.385, 4370
1.387, 4369
1.388, 4368
1.390, 4367
1.391, 4366
1.393, 4365
1.394, 4364
1.397, 4363
1.398, 4362
1.400, 4361
1.401, 4360
1.403, 4359
1.404, 4358
1.406, 4357
1.407, 4356
1.409, 4355
1.411, 4354
1.413, 4353
1.414, 4352
1.416, 4351
1.417, 4350
1.419, 4349
1.421, 4348
1.423, 4347
1.425, 4346
1.426, 4345
1.428, 4344
1.429, 4343
1.431, 4342
1.433, 4341
1.434, 4340
1.436, 4339
1.438, 4338
1.440, 4337
1.441, 4336
1.443, 4335
1.444, 4334
1.446, 4333
1.447, 4332
1.449, 4331
1.450, 4330
1.452, 4329
1.454, 4328
1.455, 4327
1.457, 4326
1.458, 4325
1.460, 4324
1.462, 4323
1.463, 4322
1.465, 4321
1.466, 4320
1.467, 4319
1.469, 4318
1.470, 4317
1.472, 4316
1.475, 4315
1.476, 4314
1.478, 4313
1.479, 4312
1.481, 4311
1.482, 4310
1.484, 4309
1.485, 4308
1.487, 4307
1.489, 4306
1.491, 4305
1.493, 4304
1.495, 4303
1.496, 4302
1.498, 4301
1.500, 4300
1.501, 4299
1.503, 4298
1.505, 4297
1.507, 4296
1.508, 4295
1.510, 4294
1.511, 4293
1.513, 4292
1.514, 4291
1.516, 4290
1.517, 4289
1.519, 4288
1.523, 4287
1.524, 4286
1.526, 4285
1.527, 4284
1.529, 4283
1.530, 4282
1.532, 4281
1.533, 4280
1.534, 4279
1.536, 4278
1.538, 4277
1.540, 4276
1.541, 4275
1.543, 4274
1.544, 4273
1.545, 4272
1.547, 4271
1.549, 4270
1.551, 4269
1.553, 4268
1.554, 4267
1.556, 4266
1.557, 4265
1.559, 4264
1.560, 4263
1.561, 4262
1.563, 4261
1.564, 4260
1.566, 4259
1.567, 4258
1.569, 4257
1.570, 4256
1.572, 4255
1.573, 4254
1.575, 4253
1.576, 4252
1.578, 4251
1.579, 4250
1.580, 4249
1.582, 4248
1.583, 4247
1.585, 4246
1.586, 4245
1.588, 4244
1.589, 4243
1.591, 4242
1.592, 4241
1.594, 4240
1.595, 4239
1.597, 4238
1.598, 4237
1.599, 4236
1.601, 4235
1.602, 4234
1.604, 4233
1.605, 4232
1.607, 4231
1.608, 4230
1.610, 4229
1.611, 4228
1.613, 4227
1.614, 4226
1.615, 4225
1.617, 4224
1.618, 4223
1.620, 4222
1.621, 4221
1.624, 4220
1.625, 4219
1.628, 4218
1.631, 4217
1.633, 4216
1.636, 4215
1.640, 4214
1.643, 4213
1.647, 4212
1.651, 4211
1.654, 4210
1.656, 4209
1.659, 4208
1.662, 4207
1.665, 4206
1.668, 4205
1.670, 4204
1.673, 4203
1.676, 4202
1.679, 4201
1.681, 4200
1.684, 4199
1.687, 4198
1.690, 4197
1.692, 4196
1.695, 4195
1.698, 4194
1.701, 4193
1.704, 4192
1.707, 4191
1.710, 4190
1.713, 4189
1.716, 4188
1.718, 4187
1.721, 4186
1.724, 4185
1.726, 4184
1.729, 4183
1.732, 4182
1.734, 4181
1.738, 4180
1.741, 4179
1.744, 4178
1.747, 4177
1.750, 4176
1.753, 4175
1.757, 4174
1.761, 4173
1.764, 4172
1.766, 4171
1.769, 4170
1.772, 4169
1.774, 4168
1.777, 4167
1.780, 4166
1.783, 4165
1.786, 4164
1.791, 4163
1.794, 4162
1.798, 4161
1.802, 4160
1.805, 4159
1.809, 4158
1.812, 4157
1.815, 4156
1.818, 4155
1.821, 4154
1.824, 4153
1.827, 4152
1.830, 4151
1.833, 4150
1.837, 4149
1.840, 4148
1.843, 4147
1.847, 4146
1.850, 4145
1.853, 4144
1.856, 4143
1.859, 4142
1.862, 4141
1.865, 4140
1.868, 4139
1.871, 4138
1.874, 4137
1.877, 4136
1.880, 4135
1.883, 4134
1.886, 4133
1.889, 4132
1.893, 4131
1.896, 4130
1.901, 4129
1.906, 4128
1.907, 4127
1.909, 4126
1.910, 4125
1.912, 4124
1.913, 4123
1.915, 4122
1.916, 4121
1.917, 4120
1.919, 4119
1.920, 4118
1.922, 4117
1.923, 4116
1.924, 4115
1.926, 4114
1.927, 4113
1.929, 4112
1.930, 4111
1.931, 4110
1.933, 4109
1.934, 4108
1.936, 4107
1.937, 4106
1.938, 4105
1.941, 4104
1.942, 4103
1.944, 4102
1.946, 4101
1.948, 4100
1.950, 4099
1.952, 4098
1.954, 4097
1.956, 4096
1.958, 4095
1.960, 4094
1.962, 4093
1.964, 4092
1.965, 4091
1.967, 4090
1.969, 4089
1.970, 4088
1.972, 4087
1.973, 4086
1.975, 4085
1.976, 4084
1.978, 4083
1.979, 4082
1.981, 4081
1.982, 4080
1.983, 4079
1.985, 4078
1.986, 4077
1.988, 4076
1.989, 4075
1.991, 4074
1.992, 4073
1.994, 4072
1.996, 4071
1.997, 4070
1.999, 4069
2.000, 4068
2.002, 4067
2.003, 4066
2.005, 4065
2.006, 4064
2.008, 4063
2.009, 4062
2.011, 4061
2.012, 4060
2.013, 4059
2.015, 4058
2.016, 4057
2.018, 4056
2.019, 4055
2.020, 4054
2.022, 4053
2.023, 4052
2.025, 4051
2.026, 4050
2.028, 4049
2.029, 4048
2.030, 4047
2.032, 4046
2.033, 4045
2.035, 4044
2.036, 4043
2.038, 4042
2.039, 4041
2.040, 4040
2.042, 4039
2.043, 4038
2.045, 4037
2.046, 4036
2.048, 4035
2.049, 4034
2.051, 4033
2.052, 4032
2.053, 4031
2.055, 4030
2.056, 4029
2.058, 4028
2.059, 4027
2.061, 4026
2.062, 4025
2.063, 4024
2.065, 4023
2.066, 4022
2.068, 4021
2.069, 4020
2.070, 4019
2.072, 4018
2.073, 4017
2.075, 4016
2.076, 4015
2.077, 4014
2.079, 4013
2.080, 4012
2.082, 4011
2.083, 4010
2.084, 4009
2.086, 4008
2.087, 4007
2.089, 4006
2.090, 4005
2.092, 4004
2.093, 4003
2.095, 4002
2.096, 4001
2.097, 4000
2.099, 3999
2.101, 3998
2.102, 3997
2.103, 3996
2.105, 3995
2.107, 3994
2.108, 3993
2.110, 3992
2.111, 3991
2.113, 3990
2.114, 3989
2.115, 3988
2.117, 3987
2.118, 3986
2.120, 3985
2.121, 3984
2.123, 3983
2.124, 3982
2.125, 3981
2.127, 3980
2.128, 3979
2.130, 3978
2.131, 3977
2.132, 3976
2.134, 3975
2.135, 3974
2.137, 3973
2.138, 3972
2.140, 3971
2.141, 3970
2.142, 3969
2.144, 3968
2.145, 3967
2.147, 3966
2.148, 3965
2.150, 3964
2.151, 3963
2.153, 3962
2.154, 3961
2.156, 3960
2.157, 3959
2.159, 3958
2.160, 3957
2.162, 3956
2.163, 3955
2.165, 3954
2.166, 3953
2.168, 3952
2.169, 3951
2.171, 3950
2.172, 3949
2.173, 3948
2.175, 3947
2.176, 3946
2.178, 3945
2.179, 3944
2.181, 3943
2.182, 3942
2.184, 3941
2.185, 3940
2.186, 3939
2.188, 3938
2.189, 3937
2.191, 3936
2.192, 3935
2.194, 3934
2.195, 3933
2.197, 3932
2.198, 3931
2.200, 3930
2.201, 3929
2.203, 3928
2.204, 3927
2.206, 3926
2.207, 3925
2.209, 3924
2.210, 3923
2.212, 3922
2.213, 3921
2.215, 3920
2.216, 3919
2.218, 3918
2.219, 3917
2.221, 3916
2.222, 3915
2.223, 3914
2.225, 3913
2.226, 3912
2.228, 3911
2.229, 3910
2.231, 3909
2.232, 3908
2.234, 3907
2.235, 3906
2.237, 3905
2.238, 3904
2.239, 3903
2.241, 3902
2.242, 3901
2.244, 3900
2.245, 3899
2.247, 3898
2.248, 3897
2.250, 3896
2.251, 3895
2.253, 3894
2.254, 3893
2.256, 3892
2.257, 3891
2.259, 3890
2.260, 3889
2.262, 3888
2.263, 3887
2.265, 3886
2.266, 3885
2.267, 3884
2.269, 3883
2.270, 3882
2.272, 3881
2.273, 3880
2.274, 3879
2.276, 3878
2.277, 3877
2.279, 3876
2.280, 3875
2.286, 3874
2.288, 3873
2.290, 3872
2.291, 3871
2.293, 3870
2.294, 3869
2.296, 3868
2.297, 3867
2.299, 3866
2.300, 3865
2.301, 3864
2.303, 3863
2.304, 3862
2.306, 3861
2.307, 3860
2.309, 3859
2.310, 3858
2.312, 3857
2.313, 3856
2.314, 3855
2.316, 3854
2.317, 3853
2.319, 3852
2.320, 3851
2.321, 3850
2.323, 3849
2.324, 3848
2.326, 3847
2.327, 3846
2.329, 3845
2.330, 3844
2.332, 3843
2.333, 3842
2.334, 3841
2.336, 3840
2.337, 3839
2.338, 3838
2.340, 3837
2.341, 3836
2.343, 3835
2.345, 3834
2.347, 3833
2.349, 3832
2.351, 3831
2.352, 3830
2.353, 3829
2.355, 3828
2.356, 3827
2.358, 3826
2.359, 3825
2.361, 3824
2.362, 3823
2.364, 3822
2.365, 3821
2.367, 3820
2.368, 3819
2.370, 3818
2.371, 3817
2.372, 3816
2.374, 3815
2.375, 3814
2.376, 3813
2.378, 3812
2.379, 3811
2.381, 3810
2.382, 3809
2.383, 3808
2.385, 3807
2.386, 3806
2.388, 3805
2.389, 3804
2.391, 3803
2.392, 3802
2.393, 3801
2.395, 3800
2.396, 3799
2.398, 3798
2.399, 3797
2.401, 3796
2.403, 3795
2.405, 3794
2.406, 3793
2.408, 3792
2.409, 3791
2.411, 3790
2.412, 3789
2.413, 3788
2.415, 3787
2.416, 3786
2.418, 3785
2.419, 3784
2.420, 3783
2.422, 3782
2.423, 3781
2.424, 3780
2.426, 3779
2.427, 3778
2.429, 3777
2.430, 3776
2.431, 3775
2.433, 3774
2.434, 3773
2.436, 3772
2.437, 3771
2.439, 3770
2.441, 3769
2.443, 3768
2.445, 3767
2.447, 3766
2.449, 3765
2.451, 3764
2.452, 3763
2.455, 3762
2.457, 3761
2.459, 3760
2.461, 3759
2.463, 3758
2.464, 3757
2.466, 3756
2.467, 3755
2.469, 3754
2.470, 3753
2.471, 3752
2.473, 3751
2.474, 3750
2.476, 3749
2.477, 3748
2.478, 3747
2.480, 3746
2.481, 3745
2.483, 3744
2.484, 3743
2.485, 3742
2.487, 3741
2.488, 3740
2.489, 3739
2.491, 3738
2.492, 3737
2.493, 3736
2.495, 3735
2.496, 3734
2.498, 3733
2.499, 3732
2.501, 3731
2.502, 3730
2.503, 3729
2.505, 3728
2.506, 3727
2.508, 3726
2.509, 3725
2.510, 3724
2.512, 3723
2.513, 3722
2.514, 3721
2.516, 3720
2.517, 3719
2.519, 3718
2.520, 3717
2.521, 3716
2.523, 3715
2.524, 3714
2.525, 3713
2.527, 3712
2.528, 3711
2.530, 3710
2.531, 3709
2.532, 3708
2.534, 3707
2.535, 3706
2.536, 3705
2.538, 3704
2.539, 3703
2.540, 3702
2.542, 3701
2.543, 3700
2.545, 3699
2.546, 3698
2.547, 3697
2.549, 3696
2.550, 3695
2.552, 3694
2.554, 3693
2.555, 3692
2.557, 3691
2.558, 3690
2.560, 3689
2.561, 3688
2.563, 3687
2.564, 3686
2.566, 3685
2.567, 3684
2.568, 3683
2.570, 3682
2.571, 3681
2.572, 3680
2.574, 3679
2.575, 3678
2.577, 3677
2.578, 3676
2.579, 3675
2.581, 3674
2.582, 3673
2.583, 3672
2.585, 3671
2.586, 3670
2.588, 3669
2.589, 3668
2.591, 3667
2.592, 3666
2.594, 3665
2.596, 3664
2.597, 3663
2.599, 3662
2.600, 3661
2.602, 3660
2.603, 3659
2.605, 3658
2.606, 3657
2.607, 3656
2.609, 3655
2.610, 3654
2.612, 3653
2.613, 3652
2.614, 3651
2.616, 3650
2.617, 3649
2.619, 3648
2.620, 3647
2.621, 3646
2.623, 3645
2.624, 3644
2.625, 3643
2.627, 3642
2.628, 3641
2.629, 3640
2.631, 3639
2.632, 3638
2.633, 3637
2.635, 3636
2.636, 3635
2.638, 3634
2.640, 3633
2.641, 3632
2.643, 3631
2.644, 3630
2.645, 3629
2.647, 3628
2.649, 3627
2.650, 3626
2.652, 3625
2.653, 3624
2.655, 3623
2.656, 3622
2.658, 3621
2.659, 3620
2.661, 3619
2.662, 3618
2.664, 3617
2.665, 3616
2.666, 3615
2.668, 3614
2.669, 3613
2.670, 3612
2.672, 3611
2.673, 3610
2.674, 3609
2.677, 3608
2.679, 3607
2.681, 3606
2.683, 3605
2.686, 3604
2.689, 3603
2.692, 3602
2.695, 3601
2.699, 3600
2.706, 3599
2.707, 3598
2.709, 3597
2.711, 3596
2.712, 3595
2.714, 3594
2.715, 3593
2.716, 3592
2.718, 3591
2.719, 3590
2.721, 3589
2.722, 3588
2.723, 3587
2.725, 3586
2.726, 3585
2.727, 3584
2.729, 3583
2.730, 3582
2.731, 3581
2.733, 3580
2.734, 3579
2.736, 3578
2.737, 3577
2.738, 3576
2.740, 3575
2.741, 3574
2.743, 3573
2.744, 3572
2.746, 3571
2.747, 3570
2.748, 3569
2.750, 3568
2.751, 3567
2.753, 3566
2.754, 3565
2.756, 3564
2.758, 3563
2.760, 3562
2.762, 3561
2.763, 3560
2.765, 3559
2.766, 3558
2.767, 3557
2.769, 3556
2.770, 3555
2.771, 3554
2.773, 3553
2.774, 3552
2.775, 3551
2.777, 3550
2.778, 3549
2.779, 3548
2.781, 3547
2.782, 3546
2.783, 3545
2.785, 3544
2.786, 3543
2.788, 3542
2.789, 3541
2.790, 3540
2.792, 3539
2.793, 3538
2.795, 3537
2.796, 3536
2.798, 3535
2.799, 3534
2.801, 3533
2.802, 3532
2.803, 3531
2.805, 3530
2.806, 3529
2.808, 3528
2.809, 3527
2.810, 3526
2.812, 3525
2.813, 3524
2.814, 3523
2.816, 3522
2.817, 3521
2.819, 3520
2.820, 3519
2.821, 3518
2.823, 3517
2.824, 3516
2.825, 3515
2.827, 3514
2.828, 3513
2.829, 3512
2.830, 3511
2.832, 3510
2.833, 3509
2.834, 3508
2.836, 3507
2.837, 3506
2.839, 3505
2.840, 3504
2.841, 3503
2.843, 3502
2.845, 3501
2.846, 3500
2.847, 3499
2.849, 3498
2.850, 3497
2.851, 3496
2.853, 3495
2.854, 3494
2.856, 3493
2.857, 3492
2.858, 3491
2.860, 3490
2.861, 3489
2.863, 3488
2.864, 3487
2.865, 3486
2.867, 3485
2.868, 3484
2.869, 3483
2.870, 3482
2.872, 3481
2.873, 3480
2.875, 3479
2.876, 3478
2.877, 3477
2.878, 3476
2.880, 3475
2.881, 3474
2.882, 3473
2.884, 3472
2.885, 3471
2.886, 3470
2.888, 3469
2.889, 3468
2.890, 3467
2.892, 3466
2.893, 3465
2.894, 3464
2.896, 3463
2.897, 3462
2.899, 3461
2.900, 3460
2.902, 3459
2.903, 3458
2.904, 3457
2.906, 3456
2.908, 3455
2.910, 3454
2.912, 3453
2.913, 3452
2.915, 3451
2.916, 3450
2.918, 3449
2.919, 3448
2.920, 3447
2.922, 3446
2.924, 3445
2.926, 3444
2.927, 3443
2.929, 3442
2.931, 3441
2.933, 3440
2.934, 3439
2.935, 3438
2.937, 3437
2.939, 3436
2.941, 3435
2.943, 3434
2.945, 3433
2.947, 3432
2.949, 3431
2.951, 3430
2.952, 3429
2.954, 3428
2.955, 3427
2.957, 3426
2.958, 3425
2.959, 3424
2.961, 3423
2.962, 3422
2.963, 3421
2.965, 3420
2.966, 3419
2.967, 3418
2.968, 3417
2.970, 3416
2.971, 3415
2.972, 3414
2.974, 3413
2.975, 3412
2.976, 3411
2.978, 3410
2.979, 3409
2.980, 3408
2.982, 3407
2.983, 3406
2.984, 3405
2.985, 3404
2.987, 3403
2.988, 3402
2.989, 3401
2.991, 3400
2.992, 3399
2.993, 3398
2.995, 3397
2.996, 3396
2.997, 3395
2.999, 3394
3.000, 3393
3.001, 3392
3.003, 3391
3.004, 3390
3.005, 3389
3.007, 3388
3.008, 3387
3.009, 3386
3.011, 3385
3.012, 3384
3.014, 3383
3.015, 3382
3.016, 3381
3.018, 3380
3.019, 3379
3.020, 3378
3.022, 3377
3.023, 3376
3.024, 3375
3.025, 3374
3.027, 3373
3.028, 3372
3.029, 3371
3.031, 3370
3.032, 3369
3.033, 3368
3.035, 3367
3.036, 3366
3.037, 3365
3.039, 3364
3.040, 3363
3.041, 3362
3.043, 3361
3.044, 3360
3.045, 3359
3.047, 3358
3.048, 3357
3.049, 3356
3.051, 3355
3.052, 3354
3.053, 3353
3.055, 3352
3.056, 3351
3.057, 3350
3.058, 3349
3.060, 3348
3.061, 3347
3.062, 3346
3.064, 3345
3.065, 3344
3.066, 3343
3.068, 3342
3.069, 3341
3.070, 3340
3.071, 3339
3.073, 3338
3.074, 3337
3.075, 3336
3.077, 3335
3.078, 3334
3.079, 3333
3.080, 3332
3.082, 3331
3.083, 3330
3.084, 3329
3.086, 3328
3.087, 3327
3.089, 3326
3.090, 3325
3.092, 3324
3.093, 3323
3.094, 3322
3.096, 3321
3.097, 3320
3.098, 3319
3.100, 3318
3.101, 3317
3.103, 3316
3.104, 3315
3.106, 3314
3.107, 3313
3.108, 3312
3.110, 3311
3.111, 3310
3.115, 3309
3.117, 3308
3.118, 3307
3.119, 3306
3.120, 3305
3.122, 3304
3.123, 3303
3.124, 3302
3.126, 3301
3.127, 3300
3.128, 3299
3.129, 3298
3.131, 3297
3.132, 3296
3.133, 3295
3.135, 3294
3.136, 3293
3.137, 3292
3.139, 3291
3.140, 3290
3.141, 3289
3.142, 3288
3.144, 3287
3.145, 3286
3.147, 3285
3.148, 3284
3.149, 3283
3.151, 3282
3.152, 3281
3.153, 3280
3.155, 3279
3.156, 3278
3.158, 3277
3.159, 3276
3.160, 3275
3.162, 3274
3.163, 3273
3.164, 3272
3.166, 3271
3.167, 3270
3.168, 3269
3.169, 3268
3.171, 3267
3.172, 3266
3.173, 3265
3.175, 3264
3.176, 3263
3.177, 3262
3.178, 3261
3.180, 3260
3.181, 3259
3.182, 3258
3.183, 3257
3.185, 3256
3.186, 3255
3.187, 3254
3.189, 3253
3.190, 3252
3.192, 3251
3.193, 3250
3.194, 3249
3.196, 3248
3.197, 3247
3.198, 3246
3.200, 3245
3.201, 3244
3.202, 3243
3.204, 3242
3.206, 3241
3.207, 3240
3.209, 3239
3.210, 3238
3.211, 3237
3.213, 3236
3.214, 3235
3.215, 3234
3.216, 3233
3.218, 3232
3.219, 3231
3.220, 3230
3.222, 3229
3.223, 3228
3.224, 3227
3.225, 3226
3.227, 3225
3.228, 3224
3.229, 3223
3.230, 3222
3.232, 3221
3.233, 3220
3.234, 3219
3.236, 3218
3.237, 3217
3.238, 3216
3.240, 3215
3.241, 3214
3.242, 3213
3.243, 3212
3.245, 3211
3.246, 3210
3.247, 3209
3.249, 3208
3.250, 3207
3.251, 3206
3.253, 3205
3.254, 3204
3.255, 3203
3.257, 3202
3.258, 3201
3.259, 3200
3.261, 3199
3.262, 3198
3.263, 3197
3.264, 3196
3.266, 3195
3.267, 3194
3.268, 3193
3.270, 3192
3.271, 3191
3.272, 3190
3.274, 3189
3.275, 3188
3.276, 3187
3.277, 3186
3.279, 3185
3.280, 3184
3.281, 3183
3.282, 3182
3.284, 3181
3.285, 3180
3.286, 3179
3.288, 3178
3.289, 3177
3.290, 3176
3.292, 3175
3.293, 3174
3.294, 3173
3.295, 3172
3.297, 3171
3.298, 3170
3.299, 3169
3.301, 3168
3.302, 3167
3.303, 3166
3.305, 3165
3.306, 3164
3.307, 3163
3.309, 3162
3.310, 3161
3.311, 3160
3.313, 3159
3.314, 3158
3.315, 3157
3.316, 3156
3.318, 3155
3.319, 3154
3.320, 3153
3.321, 3152
3.323, 3151
3.324, 3150
3.325, 3149
3.327, 3148
3.328, 3147
3.329, 3146
3.330, 3145
3.332, 3144
3.333, 3143
3.334, 3142
3.335, 3141
3.337, 3140
3.338, 3139
3.339, 3138
3.341, 3137
3.342, 3136
3.343, 3135
3.345, 3134
3.346, 3133
3.347, 3132
3.349, 3131
3.350, 3130
3.351, 3129
3.352, 3128
3.354, 3127
3.355, 3126
3.356, 3125
3.358, 3124
3.359, 3123
3.360, 3122
3.362, 3121
3.363, 3120
3.364, 3119
3.365, 3118
3.367, 3117
3.368, 3116
3.369, 3115
3.370, 3114
3.372, 3113
3.373, 3112
3.374, 3111
3.375, 3110
3.377, 3109
3.378, 3108
3.379, 3107
3.380, 3106
3.382, 3105
3.383, 3104
3.384, 3103
3.386, 3102
3.387, 3101
3.388, 3100
3.390, 3099
3.391, 3098
3.393, 3097
3.395, 3096
3.397, 3095
3.398, 3094
3.400, 3093
3.401, 3092
3.403, 3091
3.405, 3090
3.407, 3089
3.409, 3088
3.410, 3087
3.411, 3086
3.413, 3085
3.414, 3084
3.415, 3083
3.416, 3082
3.418, 3081
3.419, 3080
3.420, 3079
3.421, 3078
3.423, 3077
3.424, 3076
3.425, 3075
3.426, 3074
3.428, 3073
3.429, 3072
3.430, 3071
3.431, 3070
3.432, 3069
3.434, 3068
3.435, 3067
3.436, 3066
3.437, 3065
3.439, 3064
3.441, 3063
3.442, 3062
3.444, 3061
3.445, 3060
3.447, 3059
3.449, 3058
3.451, 3057
3.453, 3056
3.455, 3055
3.456, 3054
3.458, 3053
3.459, 3052
3.460, 3051
3.462, 3050
3.463, 3049
3.464, 3048
3.465, 3047
3.467, 3046
3.468, 3045
3.469, 3044
3.470, 3043
3.472, 3042
3.473, 3041
3.474, 3040
3.476, 3039
3.477, 3038
3.478, 3037
3.479, 3036
3.481, 3035
3.483, 3034
3.484, 3033
3.485, 3032
3.486, 3031
3.488, 3030
3.489, 3029
3.490, 3028
3.492, 3027
3.493, 3026
3.494, 3025
3.495, 3024
3.497, 3023
3.498, 3022
3.499, 3021
3.501, 3020
3.502, 3019
3.503, 3018
3.505, 3017
3.506, 3016
3.507, 3015
3.509, 3014
3.511, 3013
3.512, 3012
3.513, 3011
3.514, 3010
3.516, 3009
3.517, 3008
3.518, 3007
3.519, 3006
3.521, 3005
3.522, 3004
3.523, 3003
3.524, 3002
3.526, 3001
3.527, 3000
3.528, 2999
3.532, 2998
3.533, 2997
3.534, 2996
3.536, 2995
3.537, 2994
3.538, 2993
3.539, 2992
3.541, 2991
3.542, 2990
3.543, 2989
3.545, 2988
3.546, 2987
3.547, 2986
3.549, 2985
3.550, 2984
3.551, 2983
3.552, 2982
3.554, 2981
3.555, 2980
3.557, 2979
3.558, 2978
3.559, 2977
3.560, 2976
3.561, 2975
3.563, 2974
3.564, 2973
3.565, 2972
3.566, 2971
3.568, 2970
3.569, 2969
3.570, 2968
3.571, 2967
3.572, 2966
3.574, 2965
3.575, 2964
3.576, 2963
3.577, 2962
3.579, 2961
3.580, 2960
3.581, 2959
3.582, 2958
3.583, 2957
3.584, 2956
3.586, 2955
3.587, 2954
3.588, 2953
3.589, 2952
3.591, 2951
3.592, 2950
3.593, 2949
3.594, 2948
3.595, 2947
3.597, 2946
3.598, 2945
3.599, 2944
3.600, 2943
3.601, 2942
3.602, 2941
3.604, 2940
3.605, 2939
3.606, 2938
3.607, 2937
3.609, 2936
3.610, 2935
3.611, 2934
3.612, 2933
3.614, 2932
3.615, 2931
3.616, 2930
3.617, 2929
3.618, 2928
3.620, 2927
3.621, 2926
3.622, 2925
3.623, 2924
3.624, 2923
3.625, 2922
3.627, 2921
3.628, 2920
3.629, 2919
3.630, 2918
3.631, 2917
3.633, 2916
3.634, 2915
3.635, 2914
3.636, 2913
3.638, 2912
3.639, 2911
3.640, 2910
3.642, 2909
3.643, 2908
3.644, 2907
3.646, 2906
3.647, 2905
3.648, 2904
3.650, 2903
3.651, 2902
3.652, 2901
3.654, 2900
3.655, 2899
3.656, 2898
3.658, 2897
3.659, 2896
3.661, 2895
3.662, 2894
3.663, 2893
3.665, 2892
3.666, 2891
3.668, 2890
3.669, 2889
3.670, 2888
3.672, 2887
3.673, 2886
3.674, 2885
3.676, 2884
3.677, 2883
3.678, 2882
3.680, 2881
3.681, 2880
3.682, 2879
3.684, 2878
3.685, 2877
3.686, 2876
3.688, 2875
3.689, 2874
3.690, 2873
3.692, 2872
3.693, 2871
3.694, 2870
3.696, 2869
3.697, 2868
3.698, 2867
3.700, 2866
3.701, 2865
3.702, 2864
3.704, 2863
3.705, 2862
3.706, 2861
3.708, 2860
3.709, 2859
3.710, 2858
3.712, 2857
3.713, 2856
3.714, 2855
3.716, 2854
3.717, 2853
3.718, 2852
3.720, 2851
3.721, 2850
3.722, 2849
3.724, 2848
3.725, 2847
3.726, 2846
3.728, 2845
3.729, 2844
3.730, 2843
3.732, 2842
3.733, 2841
3.734, 2840
3.736, 2839
3.737, 2838
3.738, 2837
3.740, 2836
3.741, 2835
3.742, 2834
3.744, 2833
3.745, 2832
3.746, 2831
3.748, 2830
3.749, 2829
3.750, 2828
3.752, 2827
3.753, 2826
3.754, 2825
3.756, 2824
3.757, 2823
3.758, 2822
3.759, 2821
3.761, 2820
3.762, 2819
3.764, 2818
3.765, 2817
3.766, 2816
3.768, 2815
3.769, 2814
3.770, 2813
3.772, 2812
3.773, 2811
3.774, 2810
3.776, 2809
3.777, 2808
3.778, 2807
3.780, 2806
3.781, 2805
3.782, 2804
3.784, 2803
3.785, 2802
3.786, 2801
3.788, 2800
3.789, 2799
3.791, 2798
3.792, 2797
3.794, 2796
3.795, 2795
3.797, 2794
3.798, 2793
3.800, 2792
3.801, 2791
3.803, 2790
3.804, 2789
3.805, 2788
3.807, 2787
3.808, 2786
3.810, 2785
3.811, 2784
3.812, 2783
3.814, 2782
3.815, 2781
3.816, 2780
3.818, 2779
3.819, 2778
3.820, 2777
3.822, 2776
3.823, 2775
3.824, 2774
3.826, 2773
3.827, 2772
3.828, 2771
3.830, 2770
3.831, 2769
3.832, 2768
3.834, 2767
3.835, 2766
3.836, 2765
3.838, 2764
3.839, 2763
3.841, 2762
3.843, 2761
3.844, 2760
3.845, 2759
3.847, 2758
3.848, 2757
3.849, 2756
3.851, 2755
3.852, 2754
3.853, 2753
3.855, 2752
3.856, 2751
3.857, 2750
3.859, 2749
3.860, 2748
3.861, 2747
3.863, 2746
3.864, 2745
3.866, 2744
3.867, 2743
3.869, 2742
3.870, 2741
3.871, 2740
3.873, 2739
3.874, 2738
3.875, 2737
3.877, 2736
3.878, 2735
3.879, 2734
3.880, 2733
3.882, 2732
3.883, 2731
3.885, 2730
3.886, 2729
3.887, 2728
3.888, 2727
3.890, 2726
3.891, 2725
3.892, 2724
3.894, 2723
3.895, 2722
3.896, 2721
3.898, 2720
3.899, 2719
3.900, 2718
3.902, 2717
3.903, 2716
3.904, 2715
3.906, 2714
3.907, 2713
3.908, 2712
3.910, 2711
3.911, 2710
3.912, 2709
3.913, 2708
3.915, 2707
3.916, 2706
3.917, 2705
3.919, 2704
3.920, 2703
3.921, 2702
3.923, 2701
3.924, 2700
3.925, 2699
3.927, 2698
3.928, 2697
3.929, 2696
3.931, 2695
3.932, 2694
3.933, 2693
3.934, 2692
3.936, 2691
3.937, 2690
3.938, 2689
3.940, 2688
3.941, 2687
3.942, 2686
3.943, 2685
3.945, 2684
3.946, 2683
3.947, 2682
3.949, 2681
3.950, 2680
3.951, 2679
3.953, 2678
3.954, 2677
3.956, 2676
3.957, 2675
3.958, 2674
3.960, 2673
3.961, 2672
3.963, 2671
3.964, 2670
3.965, 2669
3.967, 2668
3.968, 2667
3.969, 2666
3.971, 2665
3.972, 2664
3.973, 2663
3.975, 2662
3.976, 2661
3.978, 2660
3.981, 2659
3.983, 2658
3.984, 2657
3.985, 2656
3.987, 2655
3.988, 2654
3.989, 2653
3.991, 2652
3.992, 2651
3.994, 2650
3.995, 2649
3.996, 2648
3.998, 2647
3.999, 2646
4.000, 2645
4.002, 2644
4.003, 2643
4.004, 2642
4.006, 2641
4.007, 2640
4.008, 2639
4.010, 2638
4.011, 2637
4.013, 2636
4.014, 2635
4.015, 2634
4.016, 2633
4.018, 2632
4.019, 2631
4.020, 2630
4.021, 2629
4.023, 2628
4.024, 2627
4.025, 2626
4.027, 2625
4.028, 2624
4.029, 2623
4.031, 2622
4.032, 2621
4.033, 2620
4.035, 2619
4.036, 2618
4.037, 2617
4.039, 2616
4.040, 2615
4.041, 2614
4.043, 2613
4.044, 2612
4.045, 2611
4.046, 2610
4.048, 2609
4.050, 2608
4.051, 2607
4.052, 2606
4.053, 2605
4.055, 2604
4.056, 2603
4.057, 2602
4.059, 2601
4.060, 2600
4.061, 2599
4.063, 2598
4.064, 2597
4.065, 2596
4.067, 2595
4.068, 2594
4.069, 2593
4.071, 2592
4.072, 2591
4.073, 2590
4.074, 2589
4.076, 2588
4.077, 2587
4.078, 2586
4.079, 2585
4.081, 2584
4.082, 2583
4.083, 2582
4.085, 2581
4.086, 2580
4.087, 2579
4.089, 2578
4.090, 2577
4.091, 2576
4.092, 2575
4.094, 2574
4.095, 2573
4.096, 2572
4.097, 2571
4.099, 2570
4.100, 2569
4.101, 2568
4.103, 2567
4.104, 2566
4.105, 2565
4.106, 2564
4.108, 2563
4.109, 2562
4.110, 2561
4.112, 2560
4.113, 2559
4.114, 2558
4.115, 2557
4.117, 2556
4.118, 2555
4.119, 2554
4.121, 2553
4.122, 2552
4.123, 2551
4.124, 2550
4.126, 2549
4.127, 2548
4.128, 2547
4.129, 2546
4.131, 2545
4.132, 2544
4.133, 2543
4.135, 2542
4.136, 2541
4.137, 2540
4.139, 2539
4.140, 2538
4.141, 2537
4.142, 2536
4.144, 2535
4.145, 2534
4.146, 2533
4.147, 2532
4.149, 2531
4.150, 2530
4.151, 2529
4.153, 2528
4.154, 2527
4.155, 2526
4.156, 2525
4.158, 2524
4.159, 2523
4.160, 2522
4.162, 2521
4.163, 2520
4.164, 2519
4.165, 2518
4.167, 2517
4.168, 2516
4.169, 2515
4.170, 2514
4.172, 2513
4.173, 2512
4.174, 2511
4.176, 2510
4.177, 2509
4.178, 2508
4.179, 2507
4.181, 2506
4.182, 2505
4.183, 2504
4.184, 2503
4.186, 2502
4.187, 2501
4.188, 2500
4.190, 2499
4.191, 2498
4.192, 2497
4.193, 2496
4.195, 2495
4.196, 2494
4.197, 2493
4.199, 2492
4.200, 2491
4.201, 2490
4.202, 2489
4.204, 2488
4.205, 2487
4.206, 2486
4.208, 2485
4.209, 2484
4.210, 2483
4.211, 2482
4.213, 2481
4.214, 2480
4.215, 2479
4.217, 2478
4.218, 2477
4.219, 2476
4.220, 2475
4.222, 2474
4.223, 2473
4.224, 2472
4.226, 2471
4.227, 2470
4.228, 2469
4.229, 2468
4.231, 2467
4.232, 2466
4.233, 2465
4.234, 2464
4.236, 2463
4.237, 2462
4.238, 2461
4.240, 2460
4.241, 2459
4.242, 2458
4.244, 2457
4.245, 2456
4.246, 2455
4.247, 2454
4.249, 2453
4.250, 2452
4.251, 2451
4.253, 2450
4.254, 2449
4.255, 2448
4.256, 2447
4.258, 2446
4.259, 2445
4.260, 2444
4.262, 2443
4.263, 2442
4.264, 2441
4.265, 2440
4.267, 2439
4.268, 2438
4.269, 2437
4.271, 2436
4.272, 2435
4.274, 2434
4.275, 2433
4.276, 2432
4.278, 2431
4.279, 2430
4.280, 2429
4.282, 2428
4.283, 2427
4.284, 2426
4.285, 2425
4.287, 2424
4.288, 2423
4.289, 2422
4.291, 2421
4.292, 2420
4.293, 2419
4.294, 2418
4.296, 2417
4.297, 2416
4.298, 2415
4.300, 2414
4.301, 2413
4.302, 2412
4.303, 2411
4.305, 2410
4.306, 2409
4.307, 2408
4.309, 2407
4.310, 2406
4.311, 2405
4.313, 2404
4.314, 2403
4.315, 2402
4.316, 2401
4.318, 2400
4.319, 2399
4.320, 2398
4.322, 2397
4.323, 2396
4.324, 2395
4.326, 2394
4.327, 2393
4.328, 2392
4.330, 2391
4.331, 2390
4.333, 2389
4.334, 2388
4.335, 2387
4.337, 2386
4.338, 2385
4.339, 2384
4.341, 2383
4.342, 2382
4.343, 2381
4.345, 2380
4.346, 2379
4.347, 2378
4.348, 2377
4.350, 2376
4.351, 2375
4.352, 2374
4.354, 2373
4.355, 2372
4.356, 2371
4.358, 2370
4.359, 2369
4.360, 2368
4.361, 2367
4.363, 2366
4.364, 2365
4.365, 2364
4.367, 2363
4.368, 2362
4.369, 2361
4.371, 2360
4.372, 2359
4.373, 2358
4.374, 2357
4.376, 2356
4.377, 2355
4.378, 2354
4.380, 2353
4.381, 2352
4.382, 2351
4.384, 2350
4.385, 2349
4.386, 2348
4.387, 2347
4.389, 2346
4.390, 2345
4.391, 2344
4.393, 2343
4.394, 2342
4.395, 2341
4.397, 2340
4.398, 2339
4.399, 2338
4.401, 2337
4.402, 2336
4.404, 2335
4.405, 2334
4.406, 2333
4.408, 2332
4.409, 2331
4.411, 2330
4.412, 2329
4.413, 2328
4.415, 2327
4.416, 2326
4.417, 2325
4.419, 2324
4.420, 2323
4.421, 2322
4.423, 2321
4.424, 2320
4.425, 2319
4.427, 2318
4.428, 2317
4.429, 2316
4.430, 2315
4.432, 2314
4.433, 2313
4.434, 2312
4.436, 2311
4.437, 2310
4.438, 2309
4.439, 2308
4.443, 2307
4.444, 2306
4.445, 2305
4.447, 2304
4.448, 2303
4.449, 2302
4.450, 2301
4.452, 2300
4.453, 2299
4.454, 2298
4.456, 2297
4.457, 2296
4.458, 2295
4.460, 2294
4.461, 2293
4.462, 2292
4.464, 2291
4.465, 2290
4.467, 2289
4.468, 2288
4.469, 2287
4.471, 2286
4.472, 2285
4.474, 2284
4.475, 2283
4.476, 2282
4.478, 2281
4.479, 2280
4.480, 2279
4.482, 2278
4.483, 2277
4.484, 2276
4.486, 2275
4.487, 2274
4.489, 2273
4.490, 2272
4.491, 2271
4.493, 2270
4.494, 2269
