0.152, 11022
0.213, 11021
0.281, 11020
0.420, 11019
0.456, 11018
0.488, 11017
0.520, 11016
0.551, 11015
0.582, 11014
0.613, 11013
0.850, 11012
0.883, 11011
0.914, 11010
0.945, 11009
0.975, 11008
1.006, 11007
1.036, 11006
1.071, 11005
1.127, 11004
1.180, 11003
1.236, 11002
1.292, 11001
1.350, 11000
1.404, 10999
1.474, 10998
1.504, 10997
1.534, 10996
1.565, 10995
1.595, 10994
1.625, 10993
1.655, 10992
1.686, 10991
1.717, 10990
1.747, 10989
1.777, 10988
1.807, 10987
1.838, 10986
1.942, 10985
1.998, 10984
2.032, 10983
2.070, 10982
2.107, 10981
2.141, 10980
2.172, 10979
2.202, 10978
2.232, 10977
2.262, 10976
2.292, 10975
2.323, 10974
2.355, 10973
2.388, 10972
2.428, 10971
2.498, 10970
2.530, 10969
2.563, 10968
2.594, 10967
2.625, 10966
2.656, 10965
2.689, 10964
2.720, 10963
2.751, 10962
2.782, 10961
2.815, 10960
2.848, 10959
2.881, 10958
2.914, 10957
2.947, 10956
3.025, 10955
3.058, 10954
3.091, 10953
3.125, 10952
3.161, 10951
3.197, 10950
3.235, 10949
3.273, 10948
3.312, 10947
3.353, 10946
3.390, 10945
3.430, 10944
3.472, 10943
3.509, 10942
3.553, 10941
3.636, 10940
3.680, 10939
3.721, 10938
3.764, 10937
3.799, 10936
3.834, 10935
3.870, 10934
3.906, 10933
3.941, 10932
3.976, 10931
4.011, 10930
4.044, 10929
4.079, 10928
4.113, 10927
4.147, 10926
4.201, 10925
4.237, 10924
4.272, 10923
4.309, 10922
4.344, 10921
4.379, 10920
4.413, 10919
4.447, 10918
4.483, 10917
4.524, 10916
4.566, 10915
4.601, 10914
4.638, 10913
4.674, 10912
4.751, 10911
4.787, 10910
4.826, 10909
4.863, 10908
4.899, 10907
4.937, 10906
4.984, 10905
5.030, 10904
5.078, 10903
5.127, 10902
5.176, 10901
5.223, 10900
5.272, 10899
5.316, 10898
5.360, 10897
5.431, 10896
5.473, 10895
5.513, 10894
5.553, 10893
5.593, 10892
5.633, 10891
5.730, 10890
5.771, 10889
5.809, 10888
5.844, 10887
5.882, 10886
5.924, 10885
5.969, 10884
6.010, 10883
6.049, 10882
6.099, 10881
6.133, 10880
6.170, 10879
6.204, 10878
6.239, 10877
6.275, 10876
6.311, 10875
6.346, 10874
6.380, 10873
6.414, 10872
6.448, 10871
6.483, 10870
6.517, 10869
6.551, 10868
6.610, 10867
6.645, 10866
6.678, 10865
6.712, 10864
6.747, 10863
6.783, 10862
6.817, 10861
6.851, 10860
6.885, 10859
6.919, 10858
6.953, 10857
6.987, 10856
7.021, 10855
7.055, 10854
7.089, 10853
7.137, 10852
7.171, 10851
7.206, 10850
7.241, 10849
7.276, 10848
7.310, 10847
7.344, 10846
7.377, 10845
7.411, 10844
7.445, 10843
7.479, 10842
7.512, 10841
7.546, 10840
7.580, 10839
7.640, 10838
7.675, 10837
7.709, 10836
7.743, 10835
7.778, 10834
7.812, 10833
7.846, 10832
7.880, 10831
7.915, 10830
7.949, 10829
7.982, 10828
8.017, 10827
8.050, 10826
8.084, 10825
8.118, 10824
8.170, 10823
8.204, 10822
8.238, 10821
8.272, 10820
8.306, 10819
8.339, 10818
8.373, 10817
8.409, 10816
8.443, 10815
8.477, 10814
8.511, 10813
8.545, 10812
8.580, 10811
8.614, 10810
8.679, 10809
8.713, 10808
8.747, 10807
8.781, 10806
8.815, 10805
8.851, 10804
8.886, 10803
8.921, 10802
8.955, 10801
8.989, 10800
9.023, 10799
9.056, 10798
9.090, 10797
9.125, 10796
9.159, 10795
9.216, 10794
9.250, 10793
9.284, 10792
9.318, 10791
9.351, 10790
9.385, 10789
9.419, 10788
9.453, 10787
9.486, 10786
9.520, 10785
9.553, 10784
9.587, 10783
9.621, 10782
9.655, 10781
9.688, 10780
9.737, 10779
9.771, 10778
9.804, 10777
9.838, 10776
9.872, 10775
9.905, 10774
9.939, 10773
9.973, 10772
10.008, 10771
10.043, 10770
10.086, 10769
10.128, 10768
10.167, 10767
10.208, 10766
10.285, 10765
10.324, 10764
10.362, 10763
10.400, 10762
10.441, 10761
10.480, 10760
10.518, 10759
10.558, 10758
10.596, 10757
10.676, 10756
10.747, 10755
10.786, 10754
10.821, 10753
10.858, 10752
10.893, 10751
10.957, 10750
10.992, 10749
11.026, 10748
11.060, 10747
11.095, 10746
11.129, 10745
11.163, 10744
11.199, 10743
11.234, 10742
11.270, 10741
11.305, 10740
11.346, 10739
11.386, 10738
11.432, 10737
11.483, 10736
11.596, 10735
11.647, 10734
11.710, 10733
11.766, 10732
11.815, 10731
11.864, 10730
11.900, 10729
11.937, 10728
11.973, 10727
12.012, 10726
12.063, 10725
12.113, 10724
12.159, 10723
12.207, 10722
12.260, 10721
12.355, 10720
12.413, 10719
12.462, 10718
12.509, 10717
12.556, 10716
12.610, 10715
12.661, 10714
12.713, 10713
12.753, 10712
12.790, 10711
12.826, 10710
12.862, 10709
12.898, 10708
12.934, 10707
13.003, 10706
13.046, 10705
13.087, 10704
13.125, 10703
13.162, 10702
13.201, 10701
13.237, 10700
13.273, 10699
13.308, 10698
13.343, 10697
13.377, 10696
13.416, 10695
13.461, 10694
13.506, 10693
13.559, 10692
13.635, 10691
13.678, 10690
13.725, 10689
13.765, 10688
13.805, 10687
13.843, 10686
13.879, 10685
13.919, 10684
13.956, 10683
13.991, 10682
14.029, 10681
14.067, 10680
14.102, 10679
14.137, 10678
14.174, 10677
14.226, 10676
14.260, 10675
14.294, 10674
14.328, 10673
14.363, 10672
14.396, 10671
14.431, 10670
14.465, 10669
14.499, 10668
14.534, 10667
14.568, 10666
14.602, 10665
14.636, 10664
14.670, 10663
14.704, 10662
14.755, 10661
14.790, 10660
14.825, 10659
14.860, 10658
14.895, 10657
14.931, 10656
14.968, 10655
15.004, 10654
15.041, 10653
15.078, 10652
15.114, 10651
15.149, 10650
15.184, 10649
15.222, 10648
15.258, 10647
15.308, 10646
15.343, 10645
15.380, 10644
15.415, 10643
15.451, 10642
15.489, 10641
15.527, 10640
15.563, 10639
15.597, 10638
15.631, 10637
15.666, 10636
15.702, 10635
15.739, 10634
15.774, 10633
15.809, 10632
15.860, 10631
15.894, 10630
15.928, 10629
15.962, 10628
16.001, 10627
16.035, 10626
16.070, 10625
16.104, 10624
16.143, 10623
16.183, 10622
16.223, 10621
16.265, 10620
16.307, 10619
16.348, 10618
16.386, 10617
16.444, 10616
16.478, 10615
16.511, 10614
16.544, 10613
16.578, 10612
16.612, 10611
16.646, 10610
16.680, 10609
16.717, 10608
16.757, 10607
16.794, 10606
16.830, 10605
16.864, 10604
16.898, 10603
16.931, 10602
16.988, 10601
17.021, 10600
17.055, 10599
17.092, 10598
17.135, 10597
17.176, 10596
17.217, 10595
17.257, 10594
17.299, 10593
17.342, 10592
17.382, 10591
17.419, 10590
17.455, 10589
17.490, 10588
17.526, 10587
17.594, 10586
17.629, 10585
17.663, 10584
17.698, 10583
17.732, 10582
17.766, 10581
17.802, 10580
17.837, 10579
17.873, 10578
17.908, 10577
17.943, 10576
17.978, 10575
18.019, 10574
18.058, 10573
18.096, 10572
18.135, 10571
18.202, 10570
18.244, 10569
18.282, 10568
18.323, 10567
18.363, 10566
18.402, 10565
18.442, 10564
18.480, 10563
18.518, 10562
18.557, 10561
18.635, 10560
18.691, 10559
18.733, 10558
18.773, 10557
18.814, 10556
18.874, 10555
18.912, 10554
18.950, 10553
18.989, 10552
19.027, 10551
19.065, 10550
19.105, 10549
19.143, 10548
19.181, 10547
19.220, 10546
19.258, 10545
19.297, 10544
19.335, 10543
19.373, 10542
19.411, 10541
19.477, 10540
19.514, 10539
19.551, 10538
19.589, 10537
19.626, 10536
19.663, 10535
19.700, 10534
19.736, 10533
19.773, 10532
19.810, 10531
19.848, 10530
19.886, 10529
19.924, 10528
19.962, 10527
19.998, 10526
20.064, 10525
20.098, 10524
20.131, 10523
20.165, 10522
20.199, 10521
20.234, 10520
20.271, 10519
20.310, 10518
20.348, 10517
20.386, 10516
20.424, 10515
20.461, 10514
20.498, 10513
20.535, 10512
20.575, 10511
20.612, 10510
20.665, 10509
20.706, 10508
20.744, 10507
20.781, 10506
20.818, 10505
20.855, 10504
20.892, 10503
20.929, 10502
20.964, 10501
21.000, 10500
21.036, 10499
21.072, 10498
21.109, 10497
21.146, 10496
21.183, 10495
21.239, 10494
21.273, 10493
21.308, 10492
21.342, 10491
21.377, 10490
21.412, 10489
21.446, 10488
21.481, 10487
21.515, 10486
21.549, 10485
21.584, 10484
21.618, 10483
21.653, 10482
21.693, 10481
21.733, 10480
21.792, 10479
21.827, 10478
21.863, 10477
21.901, 10476
21.944, 10475
21.985, 10474
22.025, 10473
22.064, 10472
22.104, 10471
22.142, 10470
22.182, 10469
22.218, 10468
22.253, 10467
22.288, 10466
22.322, 10465
22.385, 10464
22.421, 10463
22.455, 10462
22.490, 10461
22.525, 10460
22.564, 10459
22.600, 10458
22.634, 10457
22.668, 10456
22.703, 10455
22.736, 10454
22.770, 10453
22.804, 10452
22.839, 10451
22.878, 10450
22.916, 10449
22.966, 10448
23.003, 10447
23.037, 10446
23.071, 10445
23.108, 10444
23.145, 10443
23.181, 10442
23.218, 10441
23.256, 10440
23.294, 10439
23.337, 10438
23.379, 10437
23.422, 10436
23.466, 10435
23.506, 10434
23.565, 10433
23.605, 10432
23.647, 10431
23.687, 10430
23.731, 10429
23.772, 10428
23.813, 10427
23.853, 10426
23.892, 10425
23.928, 10424
23.964, 10423
24.002, 10422
24.038, 10421
24.073, 10420
24.109, 10419
24.167, 10418
24.203, 10417
24.239, 10416
24.285, 10415
24.330, 10414
24.368, 10413
24.404, 10412
24.443, 10411
24.488, 10410
24.533, 10409
24.577, 10408
24.619, 10407
24.667, 10406
24.713, 10405
24.755, 10404
24.836, 10403
24.883, 10402
24.930, 10401
24.973, 10400
25.019, 10399
25.069, 10398
25.116, 10397
25.161, 10396
25.201, 10395
25.240, 10394
25.281, 10393
25.322, 10392
25.366, 10391
25.437, 10390
25.507, 10389
25.563, 10388
25.625, 10387
25.666, 10386
25.705, 10385
25.748, 10384
25.787, 10383
25.828, 10382
25.870, 10381
25.915, 10380
25.953, 10379
25.988, 10378
26.022, 10377
26.056, 10376
26.091, 10375
26.126, 10374
26.160, 10373
26.217, 10372
26.258, 10371
26.300, 10370
26.340, 10369
26.378, 10368
26.412, 10367
26.446, 10366
26.480, 10365
26.515, 10364
26.550, 10363
26.585, 10362
26.621, 10361
26.665, 10360
26.709, 10359
26.749, 10358
26.821, 10357
26.862, 10356
26.901, 10355
26.941, 10354
26.981, 10353
27.024, 10352
27.064, 10351
27.105, 10350
27.144, 10349
27.184, 10348
27.252, 10347
27.319, 10346
27.361, 10345
27.397, 10344
27.436, 10343
27.505, 10342
27.540, 10341
27.573, 10340
27.606, 10339
27.640, 10338
27.674, 10337
27.707, 10336
27.741, 10335
27.774, 10334
27.808, 10333
27.842, 10332
27.876, 10331
27.909, 10330
27.949, 10329
27.985, 10328
28.019, 10327
28.069, 10326
28.102, 10325
28.135, 10324
28.168, 10323
28.202, 10322
28.235, 10321
28.269, 10320
28.302, 10319
28.335, 10318
28.369, 10317
28.403, 10316
28.437, 10315
28.470, 10314
28.504, 10313
28.537, 10312
28.591, 10311
28.625, 10310
28.659, 10309
28.693, 10308
28.730, 10307
28.770, 10306
28.808, 10305
28.846, 10304
28.892, 10303
28.939, 10302
28.978, 10301
29.017, 10300
29.056, 10299
29.094, 10298
29.131, 10297
29.198, 10296
29.235, 10295
29.273, 10294
29.351, 10293
29.400, 10292
29.440, 10291
29.476, 10290
29.518, 10289
29.557, 10288
29.596, 10287
29.635, 10286
29.673, 10285
29.709, 10284
29.742, 10283
29.776, 10282
29.838, 10281
29.872, 10280
29.906, 10279
29.940, 10278
29.973, 10277
30.007, 10276
30.040, 10275
30.074, 10274
30.107, 10273
30.141, 10272
30.174, 10271
30.207, 10270
30.241, 10269
30.274, 10268
30.310, 10267
30.344, 10266
30.389, 10265
30.422, 10264
30.456, 10263
30.490, 10262
30.524, 10261
30.557, 10260
30.590, 10259
30.624, 10258
30.657, 10257
30.691, 10256
30.725, 10255
30.760, 10254
30.794, 10253
30.828, 10252
30.862, 10251
30.913, 10250
30.947, 10249
30.981, 10248
31.015, 10247
31.049, 10246
31.083, 10245
31.117, 10244
31.150, 10243
31.184, 10242
31.218, 10241
31.252, 10240
31.286, 10239
31.320, 10238
31.354, 10237
31.388, 10236
31.446, 10235
31.480, 10234
31.514, 10233
31.548, 10232
31.582, 10231
31.615, 10230
31.650, 10229
31.686, 10228
31.722, 10227
31.757, 10226
31.792, 10225
31.826, 10224
31.860, 10223
31.895, 10222
31.928, 10221
31.991, 10220
32.026, 10219
32.059, 10218
32.093, 10217
32.127, 10216
32.161, 10215
32.194, 10214
32.228, 10213
32.262, 10212
32.295, 10211
32.329, 10210
32.363, 10209
32.396, 10208
32.430, 10207
32.463, 10206
32.497, 10205
32.545, 10204
32.579, 10203
32.612, 10202
32.647, 10201
32.681, 10200
32.715, 10199
32.749, 10198
32.783, 10197
32.816, 10196
32.850, 10195
32.884, 10194
32.918, 10193
32.952, 10192
32.985, 10191
33.019, 10190
33.074, 10189
33.107, 10188
33.142, 10187
33.176, 10186
33.209, 10185
33.243, 10184
33.277, 10183
33.311, 10182
33.345, 10181
33.379, 10180
33.413, 10179
33.449, 10178
33.485, 10177
33.521, 10176
33.561, 10175
33.625, 10174
33.662, 10173
33.698, 10172
33.733, 10171
33.767, 10170
33.801, 10169
33.836, 10168
33.872, 10167
33.908, 10166
33.942, 10165
33.976, 10164
34.010, 10163
34.044, 10162
34.079, 10161
34.114, 10160
34.148, 10159
34.192, 10158
34.227, 10157
34.261, 10156
34.297, 10155
34.334, 10154
34.370, 10153
34.405, 10152
34.440, 10151
34.474, 10150
34.508, 10149
34.543, 10148
34.578, 10147
34.612, 10146
34.646, 10145
34.681, 10144
34.741, 10143
34.781, 10142
34.822, 10141
34.862, 10140
34.905, 10139
34.948, 10138
34.987, 10137
35.023, 10136
35.058, 10135
35.092, 10134
35.126, 10133
35.161, 10132
35.194, 10131
35.229, 10130
35.263, 10129
35.321, 10128
35.355, 10127
35.389, 10126
35.424, 10125
35.459, 10124
35.493, 10123
35.527, 10122
35.562, 10121
35.596, 10120
35.631, 10119
35.669, 10118
35.705, 10117
35.742, 10116
35.781, 10115
35.816, 10114
35.850, 10113
35.894, 10112
35.928, 10111
35.961, 10110
35.995, 10109
36.029, 10108
36.063, 10107
36.096, 10106
36.130, 10105
36.163, 10104
36.197, 10103
36.231, 10102
36.265, 10101
36.299, 10100
36.332, 10099
36.366, 10098
36.419, 10097
36.457, 10096
36.494, 10095
36.528, 10094
36.561, 10093
36.595, 10092
36.629, 10091
36.662, 10090
36.697, 10089
36.731, 10088
36.764, 10087
36.798, 10086
36.832, 10085
36.866, 10084
36.900, 10083
36.962, 10082
36.997, 10081
37.031, 10080
37.064, 10079
37.098, 10078
37.131, 10077
37.165, 10076
37.199, 10075
37.233, 10074
37.267, 10073
37.302, 10072
37.336, 10071
37.369, 10070
37.403, 10069
37.437, 10068
37.474, 10067
37.522, 10066
37.557, 10065
37.591, 10064
37.625, 10063
37.659, 10062
37.693, 10061
37.729, 10060
37.763, 10059
37.797, 10058
37.832, 10057
37.872, 10056
37.914, 10055
37.959, 10054
38.007, 10053
38.074, 10052
38.140, 10051
38.177, 10050
38.214, 10049
38.252, 10048
38.290, 10047
38.327, 10046
38.365, 10045
38.404, 10044
38.441, 10043
38.479, 10042
38.584, 10041
38.628, 10040
38.670, 10039
38.708, 10038
38.746, 10037
38.782, 10036
38.831, 10035
38.869, 10034
38.905, 10033
38.940, 10032
38.975, 10031
39.012, 10030
39.046, 10029
39.080, 10028
39.117, 10027
39.153, 10026
39.189, 10025
39.225, 10024
39.259, 10023
39.295, 10022
39.329, 10021
39.387, 10020
39.423, 10019
39.459, 10018
39.496, 10017
39.532, 10016
39.569, 10015
39.606, 10014
39.641, 10013
39.676, 10012
39.709, 10011
39.743, 10010
39.777, 10009
39.810, 10008
39.843, 10007
39.877, 10006
39.940, 10005
39.974, 10004
40.007, 10003
40.041, 10002
40.075, 10001
40.109, 10000
40.143, 9999
40.176, 9998
40.210, 9997
40.245, 9996
40.279, 9995
40.313, 9994
40.346, 9993
40.379, 9992
40.413, 9991
40.446, 9990
40.500, 9989
40.534, 9988
40.567, 9987
40.601, 9986
40.636, 9985
40.671, 9984
40.704, 9983
40.738, 9982
40.772, 9981
40.807, 9980
40.841, 9979
40.875, 9978
40.909, 9977
40.942, 9976
40.975, 9975
41.038, 9974
41.072, 9973
41.105, 9972
41.139, 9971
41.172, 9970
41.205, 9969
41.239, 9968
41.272, 9967
41.305, 9966
41.340, 9965
41.375, 9964
41.408, 9963
41.442, 9962
41.476, 9961
41.509, 9960
41.543, 9959
41.594, 9958
41.627, 9957
41.661, 9956
41.694, 9955
41.728, 9954
41.763, 9953
41.801, 9952
41.836, 9951
41.870, 9950
41.904, 9949
41.940, 9948
41.978, 9947
42.018, 9946
42.057, 9945
42.096, 9944
42.177, 9943
42.217, 9942
42.254, 9941
42.293, 9940
42.330, 9939
42.369, 9938
42.406, 9937
42.442, 9936
42.478, 9935
42.519, 9934
42.555, 9933
42.589, 9932
42.623, 9931
42.656, 9930
42.689, 9929
42.723, 9928
42.770, 9927
42.803, 9926
42.837, 9925
42.872, 9924
42.906, 9923
42.939, 9922
42.973, 9921
43.006, 9920
43.042, 9919
43.076, 9918
43.110, 9917
43.145, 9916
43.180, 9915
43.218, 9914
43.269, 9913
43.334, 9912
43.371, 9911
43.409, 9910
43.448, 9909
43.486, 9908
43.524, 9907
43.560, 9906
43.600, 9905
43.637, 9904
43.671, 9903
43.706, 9902
43.748, 9901
43.792, 9900
43.829, 9899
43.863, 9898
43.927, 9897
43.962, 9896
43.995, 9895
44.031, 9894
44.067, 9893
44.103, 9892
44.143, 9891
44.186, 9890
44.227, 9889
44.270, 9888
44.314, 9887
44.356, 9886
44.395, 9885
44.437, 9884
44.479, 9883
44.514, 9882
44.576, 9881
44.611, 9880
44.649, 9879
44.686, 9878
44.728, 9877
44.765, 9876
44.799, 9875
44.833, 9874
44.869, 9873
44.906, 9872
44.947, 9871
44.989, 9870
45.032, 9869
45.079, 9868
45.134, 9867
45.230, 9866
45.273, 9865
45.321, 9864
45.380, 9863
45.419, 9862
45.472, 9861
45.514, 9860
45.550, 9859
45.590, 9858
45.629, 9857
45.672, 9856
45.739, 9855
45.799, 9854
45.885, 9853
45.951, 9852
46.063, 9851
46.112, 9850
46.159, 9849
46.199, 9848
46.238, 9847
46.274, 9846
46.309, 9845
46.343, 9844
46.378, 9843
46.412, 9842
46.446, 9841
46.480, 9840
46.514, 9839
46.548, 9838
46.581, 9837
46.615, 9836
46.666, 9835
46.699, 9834
46.733, 9833
46.767, 9832
46.802, 9831
46.837, 9830
46.872, 9829
46.906, 9828
46.939, 9827
46.972, 9826
47.006, 9825
47.039, 9824
47.073, 9823
47.106, 9822
47.140, 9821
47.199, 9820
47.233, 9819
47.268, 9818
47.302, 9817
47.336, 9816
47.370, 9815
47.405, 9814
47.439, 9813
47.472, 9812
47.505, 9811
47.539, 9810
47.572, 9809
47.605, 9808
47.638, 9807
47.672, 9806
47.735, 9805
47.769, 9804
47.802, 9803
47.836, 9802
47.869, 9801
47.903, 9800
47.936, 9799
47.969, 9798
48.003, 9797
48.036, 9796
48.070, 9795
48.103, 9794
48.136, 9793
48.171, 9792
48.204, 9791
48.238, 9790
48.286, 9789
48.320, 9788
48.353, 9787
48.386, 9786
48.420, 9785
48.453, 9784
48.486, 9783
48.520, 9782
48.554, 9781
48.588, 9780
48.621, 9779
48.654, 9778
48.688, 9777
48.721, 9776
48.755, 9775
48.826, 9774
48.871, 9773
48.911, 9772
48.962, 9771
49.006, 9770
49.045, 9769
49.085, 9768
49.123, 9767
49.161, 9766
49.199, 9765
49.238, 9764
49.275, 9763
49.313, 9762
49.351, 9761
49.445, 9760
49.510, 9759
49.545, 9758
49.582, 9757
49.625, 9756
49.665, 9755
49.702, 9754
49.738, 9753
49.773, 9752
49.807, 9751
49.842, 9750
49.877, 9749
49.911, 9748
49.947, 9747
49.981, 9746
50.016, 9745
50.051, 9744
50.098, 9743
50.133, 9742
50.168, 9741
50.204, 9740
50.238, 9739
50.273, 9738
50.310, 9737
50.346, 9736
50.380, 9735
50.418, 9734
50.453, 9733
50.495, 9732
50.556, 9731
50.596, 9730
50.632, 9729
50.685, 9728
50.722, 9727
50.757, 9726
50.791, 9725
50.825, 9724
50.858, 9723
50.892, 9722
50.925, 9721
50.959, 9720
50.994, 9719
51.029, 9718
51.065, 9717
51.103, 9716
51.138, 9715
51.173, 9714
51.238, 9713
51.273, 9712
51.307, 9711
51.342, 9710
51.377, 9709
51.411, 9708
51.446, 9707
51.481, 9706
51.515, 9705
51.549, 9704
51.584, 9703
51.618, 9702
51.653, 9701
51.688, 9700
51.723, 9699
51.757, 9698
51.806, 9697
51.840, 9696
51.875, 9695
51.909, 9694
51.945, 9693
51.981, 9692
52.017, 9691
52.052, 9690
52.087, 9689
52.121, 9688
52.155, 9687
52.190, 9686
52.226, 9685
52.260, 9684
52.295, 9683
52.352, 9682
52.386, 9681
52.421, 9680
52.456, 9679
52.491, 9678
52.525, 9677
52.562, 9676
52.599, 9675
52.634, 9674
52.668, 9673
52.702, 9672
52.736, 9671
52.771, 9670
52.805, 9669
52.839, 9668
52.907, 9667
52.942, 9666
52.977, 9665
53.011, 9664
53.045, 9663
53.079, 9662
53.113, 9661
53.147, 9660
53.209, 9659
53.247, 9658
53.283, 9657
53.323, 9656
53.362, 9655
53.403, 9654
53.443, 9653
53.483, 9652
53.547, 9651
53.586, 9650
53.623, 9649
53.661, 9648
53.701, 9647
53.741, 9646
53.782, 9645
53.823, 9644
53.861, 9643
53.897, 9642
53.933, 9641
53.971, 9640
54.010, 9639
54.048, 9638
54.088, 9637
54.162, 9636
54.203, 9635
54.244, 9634
54.282, 9633
54.320, 9632
54.356, 9631
54.393, 9630
54.430, 9629
54.468, 9628
54.505, 9627
54.541, 9626
54.578, 9625
54.615, 9624
54.652, 9623
54.689, 9622
54.727, 9621
54.783, 9620
54.818, 9619
54.854, 9618
54.888, 9617
54.927, 9616
54.962, 9615
54.998, 9614
55.039, 9613
55.085, 9612
55.124, 9611
55.163, 9610
55.202, 9609
55.240, 9608
55.281, 9607
55.324, 9606
55.393, 9605
55.431, 9604
55.470, 9603
55.508, 9602
55.556, 9601
55.593, 9600
55.631, 9599
55.668, 9598
55.703, 9597
55.738, 9596
55.773, 9595
55.809, 9594
55.845, 9593
55.881, 9592
55.918, 9591
55.958, 9590
56.019, 9589
56.058, 9588
56.096, 9587
56.142, 9586
56.182, 9585
56.220, 9584
56.259, 9583
56.297, 9582
56.336, 9581
56.374, 9580
56.412, 9579
56.451, 9578
56.491, 9577
56.530, 9576
56.569, 9575
56.634, 9574
56.672, 9573
56.710, 9572
56.748, 9571
56.786, 9570
56.824, 9569
56.862, 9568
56.899, 9567
56.937, 9566
56.974, 9565
57.014, 9564
57.053, 9563
57.091, 9562
57.132, 9561
57.171, 9560
57.210, 9559
57.263, 9558
57.302, 9557
57.341, 9556
57.382, 9555
57.421, 9554
57.460, 9553
57.496, 9552
57.535, 9551
57.573, 9550
57.610, 9549
57.649, 9548
57.687, 9547
57.725, 9546
57.763, 9545
57.801, 9544
57.860, 9543
57.895, 9542
57.931, 9541
57.967, 9540
58.003, 9539
58.041, 9538
58.078, 9537
58.113, 9536
58.149, 9535
58.185, 9534
58.221, 9533
58.258, 9532
58.294, 9531
58.330, 9530
58.366, 9529
58.401, 9528
58.448, 9527
58.483, 9526
58.518, 9525
58.553, 9524
58.590, 9523
58.625, 9522
58.660, 9521
58.696, 9520
58.732, 9519
58.768, 9518
58.802, 9517
58.838, 9516
58.872, 9515
58.907, 9514
58.942, 9513
59.002, 9512
59.036, 9511
59.071, 9510
59.105, 9509
59.138, 9508
59.171, 9507
59.204, 9506
59.238, 9505
59.272, 9504
59.305, 9503
59.338, 9502
59.372, 9501
59.405, 9500
59.439, 9499
59.472, 9498
59.506, 9497
59.555, 9496
59.590, 9495
59.627, 9494
59.665, 9493
59.701, 9492
59.737, 9491
59.772, 9490
59.808, 9489
59.844, 9488
59.880, 9487
59.915, 9486
59.950, 9485
59.986, 9484
60.023, 9483
60.059, 9482
60.126, 9481
60.163, 9480
60.200, 9479
60.236, 9478
60.272, 9477
60.307, 9476
60.343, 9475
60.378, 9474
60.412, 9473
60.448, 9472
60.482, 9471
60.520, 9470
60.557, 9469
60.593, 9468
60.627, 9467
60.663, 9466
60.720, 9465
60.756, 9464
60.794, 9463
60.831, 9462
60.868, 9461
60.902, 9460
60.935, 9459
60.969, 9458
61.007, 9457
61.041, 9456
61.075, 9455
61.109, 9454
61.144, 9453
61.185, 9452
61.230, 9451
61.269, 9450
61.324, 9449
61.363, 9448
61.402, 9447
61.440, 9446
61.483, 9445
61.519, 9444
61.555, 9443
61.592, 9442
61.628, 9441
61.662, 9440
61.695, 9439
61.730, 9438
61.766, 9437
61.801, 9436
61.836, 9435
61.898, 9434
61.933, 9433
61.967, 9432
62.002, 9431
62.036, 9430
62.071, 9429
62.105, 9428
62.139, 9427
62.173, 9426
62.206, 9425
62.239, 9424
62.273, 9423
62.307, 9422
62.345, 9421
62.380, 9420
62.414, 9419
62.467, 9418
62.502, 9417
62.538, 9416
62.574, 9415
62.608, 9414
62.642, 9413
62.677, 9412
62.711, 9411
62.746, 9410
62.782, 9409
62.817, 9408
62.851, 9407
62.885, 9406
62.920, 9405
62.954, 9404
62.989, 9403
63.035, 9402
63.069, 9401
63.103, 9400
63.138, 9399
63.172, 9398
63.206, 9397
63.241, 9396
63.277, 9395
63.314, 9394
63.351, 9393
63.386, 9392
63.420, 9391
63.455, 9390
63.489, 9389
63.524, 9388
63.590, 9387
63.625, 9386
63.660, 9385
63.698, 9384
63.735, 9383
63.770, 9382
63.805, 9381
63.840, 9380
63.875, 9379
63.909, 9378
63.943, 9377
63.979, 9376
64.014, 9375
64.052, 9374
64.086, 9373
64.122, 9372
64.179, 9371
64.214, 9370
64.250, 9369
64.286, 9368
64.321, 9367
64.355, 9366
64.390, 9365
64.424, 9364
64.459, 9363
64.493, 9362
64.529, 9361
64.563, 9360
64.598, 9359
64.634, 9358
64.670, 9357
64.706, 9356
64.761, 9355
64.801, 9354
64.840, 9353
64.876, 9352
64.923, 9351
64.970, 9350
65.007, 9349
65.043, 9348
65.090, 9347
65.133, 9346
65.175, 9345
65.217, 9344
65.257, 9343
65.296, 9342
65.334, 9341
65.415, 9340
65.451, 9339
65.488, 9338
65.525, 9337
65.562, 9336
65.599, 9335
65.637, 9334
65.673, 9333
65.708, 9332
65.742, 9331
65.778, 9330
65.813, 9329
65.848, 9328
65.887, 9327
65.927, 9326
65.966, 9325
66.032, 9324
66.071, 9323
66.109, 9322
66.149, 9321
66.187, 9320
66.226, 9319
66.266, 9318
66.303, 9317
66.342, 9316
66.382, 9315
66.421, 9314
66.459, 9313
66.498, 9312
66.536, 9311
66.575, 9310
66.614, 9309
66.672, 9308
66.709, 9307
66.749, 9306
66.787, 9305
66.825, 9304
66.865, 9303
66.903, 9302
66.941, 9301
66.980, 9300
67.019, 9299
67.058, 9298
67.095, 9297
67.135, 9296
67.173, 9295
67.210, 9294
67.280, 9293
67.317, 9292
67.353, 9291
67.388, 9290
67.424, 9289
67.460, 9288
67.496, 9287
67.532, 9286
67.568, 9285
67.603, 9284
67.639, 9283
67.673, 9282
67.708, 9281
67.743, 9280
67.778, 9279
67.816, 9278
67.876, 9277
67.911, 9276
67.947, 9275
67.983, 9274
68.020, 9273
68.055, 9272
68.090, 9271
68.125, 9270
68.159, 9269
68.194, 9268
68.228, 9267
68.262, 9266
68.297, 9265
68.331, 9264
68.366, 9263
68.400, 9262
68.452, 9261
68.487, 9260
68.521, 9259
68.555, 9258
68.590, 9257
68.625, 9256
68.661, 9255
68.696, 9254
68.732, 9253
68.767, 9252
68.802, 9251
68.836, 9250
68.870, 9249
68.904, 9248
68.938, 9247
69.001, 9246
69.036, 9245
69.073, 9244
69.107, 9243
69.142, 9242
69.178, 9241
69.214, 9240
69.251, 9239
69.286, 9238
69.321, 9237
69.357, 9236
69.391, 9235
69.427, 9234
69.464, 9233
69.499, 9232
69.536, 9231
69.591, 9230
69.625, 9229
69.660, 9228
69.695, 9227
69.729, 9226
69.764, 9225
69.800, 9224
69.841, 9223
69.878, 9222
69.917, 9221
69.956, 9220
69.993, 9219
70.033, 9218
70.071, 9217
70.110, 9216
70.150, 9215
70.201, 9214
70.239, 9213
70.277, 9212
70.316, 9211
70.354, 9210
70.417, 9209
70.464, 9208
70.499, 9207
70.534, 9206
70.568, 9205
70.601, 9204
70.634, 9203
70.668, 9202
70.703, 9201
70.738, 9200
70.798, 9199
70.832, 9198
70.866, 9197
70.900, 9196
70.944, 9195
70.979, 9194
71.016, 9193
71.051, 9192
71.085, 9191
71.118, 9190
71.151, 9189
71.185, 9188
71.219, 9187
71.252, 9186
71.286, 9185
71.321, 9184
71.371, 9183
71.405, 9182
71.438, 9181
71.473, 9180
71.509, 9179
71.547, 9178
71.585, 9177
71.622, 9176
71.657, 9175
71.691, 9174
71.726, 9173
71.760, 9172
71.794, 9171
71.828, 9170
71.862, 9169
71.925, 9168
71.962, 9167
71.996, 9166
72.039, 9165
72.073, 9164
72.109, 9163
72.143, 9162
72.177, 9161
72.211, 9160
72.245, 9159
72.281, 9158
72.316, 9157
72.350, 9156
72.384, 9155
72.420, 9154
72.456, 9153
72.521, 9152
72.565, 9151
72.608, 9150
72.654, 9149
72.694, 9148
72.731, 9147
72.775, 9146
72.814, 9145
72.852, 9144
72.888, 9143
72.929, 9142
72.967, 9141
73.008, 9140
73.050, 9139
73.089, 9138
73.129, 9137
73.195, 9136
73.249, 9135
73.298, 9134
73.340, 9133
73.389, 9132
73.429, 9131
73.473, 9130
73.528, 9129
73.621, 9128
73.664, 9127
73.702, 9126
73.741, 9125
73.794, 9124
73.851, 9123
73.914, 9122
74.070, 9121
74.127, 9120
74.210, 9119
74.264, 9118
74.332, 9117
74.392, 9116
74.445, 9115
74.500, 9114
74.546, 9113
74.601, 9112
74.648, 9111
74.693, 9110
74.738, 9109
74.784, 9108
74.833, 9107
74.891, 9106
74.982, 9105
75.028, 9104
75.080, 9103
75.135, 9102
75.186, 9101
75.239, 9100
75.284, 9099
75.333, 9098
75.375, 9097
75.426, 9096
75.467, 9095
75.505, 9094
75.544, 9093
75.594, 9092
75.645, 9091
75.700, 9090
75.772, 9089
75.824, 9088
75.869, 9087
75.913, 9086
75.960, 9085
76.020, 9084
76.065, 9083
76.119, 9082
76.178, 9081
76.227, 9080
76.279, 9079
76.334, 9078
76.386, 9077
76.428, 9076
76.471, 9075
76.551, 9074
76.619, 9073
76.658, 9072
76.693, 9071
76.732, 9070
76.771, 9069
76.808, 9068
76.843, 9067
76.882, 9066
76.922, 9065
76.961, 9064
76.998, 9063
77.036, 9062
77.075, 9061
77.112, 9060
77.146, 9059
77.202, 9058
77.239, 9057
77.277, 9056
77.314, 9055
77.348, 9054
77.386, 9053
77.424, 9052
77.462, 9051
77.495, 9050
77.532, 9049
77.573, 9048
77.615, 9047
77.655, 9046
77.693, 9045
77.733, 9044
77.770, 9043
77.824, 9042
77.862, 9041
77.899, 9040
77.938, 9039
77.979, 9038
78.020, 9037
78.061, 9036
78.099, 9035
78.135, 9034
78.171, 9033
78.206, 9032
78.241, 9031
78.278, 9030
78.313, 9029
78.349, 9028
78.413, 9027
78.447, 9026
78.481, 9025
78.516, 9024
78.552, 9023
78.589, 9022
78.626, 9021
78.661, 9020
78.695, 9019
78.731, 9018
78.768, 9017
78.805, 9016
78.843, 9015
78.880, 9014
78.914, 9013
78.949, 9012
79.009, 9011
79.048, 9010
79.086, 9009
79.124, 9008
79.161, 9007
79.195, 9006
79.232, 9005
79.270, 9004
79.308, 9003
79.342, 9002
79.376, 9001
79.410, 9000
79.443, 8999
79.476, 8998
79.512, 8997
79.547, 8996
79.599, 8995
79.636, 8994
79.671, 8993
79.709, 8992
79.744, 8991
79.785, 8990
79.885, 8989
79.930, 8988
79.965, 8987
80.001, 8986
80.037, 8985
80.075, 8984
80.110, 8983
80.147, 8982
80.185, 8981
80.221, 8980
80.267, 8979
80.302, 8978
80.337, 8977
80.371, 8976
80.405, 8975
80.440, 8974
80.475, 8973
80.513, 8972
80.549, 8971
80.585, 8970
80.621, 8969
80.657, 8968
80.692, 8967
80.729, 8966
80.765, 8965
80.832, 8964
80.867, 8963
80.902, 8962
80.936, 8961
80.972, 8960
81.009, 8959
81.046, 8958
81.082, 8957
81.119, 8956
81.155, 8955
81.190, 8954
81.226, 8953
81.261, 8952
81.295, 8951
81.330, 8950
81.366, 8949
81.426, 8948
81.461, 8947
81.497, 8946
81.532, 8945
81.568, 8944
81.603, 8943
81.638, 8942
81.673, 8941
81.711, 8940
81.746, 8939
81.782, 8938
81.819, 8937
81.856, 8936
81.892, 8935
81.928, 8934
81.963, 8933
82.020, 8932
82.056, 8931
82.092, 8930
82.128, 8929
82.165, 8928
82.201, 8927
82.239, 8926
82.275, 8925
82.311, 8924
82.346, 8923
82.384, 8922
82.419, 8921
82.455, 8920
82.490, 8919
82.531, 8918
82.579, 8917
82.649, 8916
82.694, 8915
82.733, 8914
82.771, 8913
82.808, 8912
82.846, 8911
82.883, 8910
82.919, 8909
82.954, 8908
82.990, 8907
83.025, 8906
83.067, 8905
83.103, 8904
83.139, 8903
83.179, 8902
83.235, 8901
83.297, 8900
83.340, 8899
83.384, 8898
83.422, 8897
83.467, 8896
83.505, 8895
83.543, 8894
83.584, 8893
83.623, 8892
83.662, 8891
83.701, 8890
83.740, 8889
83.779, 8888
83.816, 8887
83.854, 8886
83.891, 8885
83.937, 8884
83.974, 8883
84.010, 8882
84.045, 8881
84.081, 8880
84.117, 8879
84.152, 8878
84.189, 8877
84.225, 8876
84.261, 8875
84.296, 8874
84.335, 8873
84.370, 8872
84.406, 8871
84.443, 8870
84.515, 8869
84.553, 8868
84.587, 8867
84.622, 8866
84.655, 8865
84.689, 8864
84.723, 8863
84.759, 8862
84.794, 8861
84.829, 8860
84.863, 8859
84.898, 8858
84.932, 8857
84.967, 8856
85.002, 8855
85.038, 8854
85.099, 8853
85.134, 8852
85.167, 8851
85.200, 8850
85.233, 8849
85.269, 8848
85.304, 8847
85.339, 8846
85.376, 8845
85.413, 8844
85.451, 8843
85.488, 8842
85.527, 8841
85.565, 8840
85.602, 8839
85.641, 8838
85.701, 8837
85.747, 8836
85.788, 8835
85.826, 8834
85.864, 8833
85.915, 8832
85.954, 8831
85.991, 8830
86.027, 8829
86.065, 8828
86.102, 8827
86.144, 8826
86.179, 8825
86.215, 8824
86.250, 8823
86.290, 8822
86.338, 8821
86.373, 8820
86.408, 8819
86.444, 8818
86.480, 8817
86.516, 8816
86.555, 8815
86.604, 8814
86.645, 8813
86.694, 8812
86.734, 8811
86.774, 8810
86.813, 8809
86.857, 8808
86.897, 8807
86.964, 8806
86.999, 8805
87.034, 8804
87.068, 8803
87.102, 8802
87.137, 8801
87.171, 8800
87.206, 8799
87.241, 8798
87.284, 8797
87.320, 8796
87.362, 8795
87.396, 8794
87.433, 8793
87.469, 8792
87.502, 8791
87.561, 8790
87.594, 8789
87.627, 8788
87.661, 8787
87.694, 8786
87.731, 8785
87.767, 8784
87.801, 8783
87.835, 8782
87.871, 8781
87.906, 8780
87.940, 8779
87.976, 8778
88.011, 8777
88.047, 8776
88.083, 8775
88.135, 8774
88.169, 8773
88.202, 8772
88.237, 8771
88.271, 8770
88.304, 8769
88.344, 8768
88.379, 8767
88.413, 8766
88.447, 8765
88.482, 8764
88.517, 8763
88.552, 8762
88.590, 8761
88.625, 8760
88.658, 8759
88.707, 8758
88.741, 8757
88.775, 8756
88.810, 8755
88.845, 8754
88.881, 8753
88.916, 8752
88.951, 8751
88.985, 8750
89.021, 8749
89.055, 8748
89.089, 8747
89.123, 8746
89.157, 8745
89.191, 8744
89.224, 8743
89.268, 8742
89.301, 8741
89.336, 8740
89.370, 8739
89.403, 8738
89.437, 8737
89.471, 8736
89.506, 8735
89.540, 8734
89.575, 8733
89.610, 8732
89.643, 8731
89.677, 8730
89.712, 8729
89.746, 8728
89.780, 8727
89.824, 8726
89.857, 8725
89.891, 8724
89.924, 8723
89.959, 8722
89.993, 8721
90.027, 8720
90.060, 8719
90.093, 8718
90.126, 8717
90.159, 8716
90.192, 8715
90.225, 8714
90.258, 8713
90.291, 8712
90.324, 8711
90.367, 8710
90.400, 8709
90.433, 8708
90.466, 8707
90.500, 8706
90.534, 8705
90.567, 8704
90.601, 8703
90.637, 8702
90.669, 8701
90.706, 8700
90.744, 8699
90.781, 8698
90.818, 8697
90.855, 8696
90.892, 8695
90.941, 8694
90.978, 8693
91.015, 8692
91.052, 8691
91.089, 8690
91.126, 8689
91.163, 8688
91.200, 8687
91.237, 8686
91.274, 8685
91.312, 8684
91.349, 8683
91.386, 8682
91.423, 8681
91.460, 8680
91.496, 8679
91.544, 8678
91.580, 8677
91.615, 8676
91.649, 8675
91.685, 8674
91.721, 8673
91.756, 8672
91.791, 8671
91.828, 8670
91.864, 8669
91.900, 8668
91.936, 8667
91.971, 8666
92.006, 8665
92.041, 8664
92.076, 8663
92.124, 8662
92.157, 8661
92.190, 8660
92.224, 8659
92.257, 8658
92.291, 8657
92.325, 8656
92.359, 8655
92.394, 8654
92.429, 8653
92.463, 8652
92.500, 8651
92.536, 8650
92.573, 8649
92.609, 8648
92.643, 8647
92.695, 8646
92.730, 8645
92.770, 8644
92.809, 8643
92.846, 8642
92.886, 8641
92.923, 8640
92.966, 8639
93.006, 8638
93.043, 8637
93.084, 8636
93.123, 8635
93.162, 8634
93.198, 8633
93.240, 8632
93.278, 8631
93.337, 8630
93.379, 8629
93.415, 8628
93.451, 8627
93.486, 8626
93.522, 8625
93.561, 8624
93.595, 8623
93.632, 8622
93.668, 8621
93.704, 8620
93.739, 8619
93.775, 8618
93.813, 8617
93.849, 8616
93.887, 8615
93.956, 8614
93.997, 8613
94.036, 8612
94.074, 8611
94.114, 8610
94.147, 8609
94.182, 8608
94.217, 8607
94.250, 8606
94.284, 8605
94.318, 8604
94.352, 8603
94.386, 8602
94.418, 8601
94.452, 8600
94.488, 8599
94.526, 8598
94.573, 8597
94.609, 8596
94.643, 8595
94.677, 8594
94.711, 8593
94.744, 8592
94.780, 8591
94.813, 8590
94.846, 8589
94.880, 8588
94.913, 8587
94.947, 8586
94.981, 8585
95.023, 8584
95.060, 8583
95.094, 8582
95.145, 8581
95.179, 8580
95.213, 8579
95.248, 8578
95.281, 8577
95.315, 8576
95.349, 8575
95.381, 8574
95.415, 8573
95.448, 8572
95.481, 8571
95.516, 8570
95.550, 8569
95.584, 8568
95.618, 8567
95.654, 8566
95.710, 8565
95.744, 8564
95.778, 8563
95.811, 8562
95.845, 8561
95.878, 8560
95.911, 8559
95.945, 8558
95.978, 8557
96.012, 8556
96.046, 8555
96.080, 8554
96.114, 8553
96.148, 8552
96.182, 8551
96.215, 8550
96.277, 8549
96.312, 8548
96.347, 8547
96.387, 8546
96.428, 8545
96.477, 8544
96.515, 8543
96.551, 8542
96.585, 8541
96.618, 8540
96.652, 8539
96.686, 8538
96.721, 8537
96.755, 8536
96.790, 8535
96.824, 8534
96.859, 8533
96.903, 8532
96.937, 8531
96.971, 8530
97.005, 8529
97.041, 8528
97.077, 8527
97.111, 8526
97.146, 8525
97.183, 8524
97.218, 8523
97.253, 8522
97.288, 8521
97.322, 8520
97.357, 8519
97.391, 8518
97.429, 8517
97.482, 8516
97.517, 8515
97.562, 8514
97.599, 8513
97.637, 8512
97.671, 8511
97.704, 8510
97.737, 8509
97.773, 8508
97.810, 8507
97.847, 8506
97.883, 8505
97.917, 8504
97.950, 8503
97.983, 8502
98.016, 8501
98.073, 8500
98.106, 8499
98.140, 8498
98.184, 8497
98.225, 8496
98.265, 8495
98.303, 8494
98.342, 8493
98.383, 8492
98.421, 8491
98.460, 8490
98.499, 8489
98.538, 8488
98.579, 8487
98.621, 8486
98.664, 8485
98.740, 8484
98.798, 8483
98.847, 8482
98.884, 8481
98.921, 8480
98.956, 8479
98.989, 8478
99.024, 8477
99.058, 8476
99.092, 8475
99.136, 8474
99.170, 8473
99.205, 8472
99.238, 8471
99.271, 8470
99.303, 8469
99.338, 8468
99.384, 8467
99.417, 8466
99.449, 8465
99.483, 8464
99.516, 8463
99.549, 8462
99.581, 8461
99.614, 8460
99.646, 8459
99.679, 8458
99.711, 8457
99.744, 8456
99.777, 8455
99.810, 8454
99.842, 8453
99.875, 8452
99.925, 8451
99.958, 8450
99.991, 8449
100.030, 8448
100.069, 8447
100.105, 8446
100.142, 8445
100.183, 8444
100.226, 8443
100.265, 8442
100.302, 8441
100.340, 8440
100.378, 8439
100.415, 8438
100.453, 8437
100.490, 8436
100.551, 8435
100.587, 8434
100.673, 8433
100.723, 8432
100.758, 8431
100.791, 8430
100.824, 8429
100.857, 8428
100.889, 8427
100.922, 8426
100.954, 8425
100.987, 8424
101.020, 8423
101.052, 8422
101.085, 8421
101.118, 8420
101.176, 8419
101.209, 8418
101.242, 8417
101.274, 8416
101.307, 8415
101.340, 8414
101.373, 8413
101.406, 8412
101.438, 8411
101.471, 8410
101.503, 8409
101.536, 8408
101.569, 8407
101.601, 8406
101.634, 8405
101.666, 8404
101.699, 8403
101.743, 8402
101.776, 8401
101.808, 8400
101.841, 8399
101.873, 8398
101.906, 8397
101.938, 8396
101.971, 8395
102.003, 8394
102.036, 8393
102.068, 8392
102.102, 8391
102.135, 8390
102.167, 8389
102.200, 8388
102.232, 8387
102.283, 8386
102.318, 8385
102.350, 8384
102.383, 8383
102.415, 8382
102.448, 8381
102.480, 8380
102.513, 8379
102.545, 8378
102.578, 8377
102.610, 8376
102.643, 8375
102.675, 8374
102.707, 8373
102.740, 8372
102.772, 8371
102.831, 8370
102.865, 8369
102.898, 8368
102.931, 8367
102.964, 8366
102.996, 8365
103.029, 8364
103.062, 8363
103.094, 8362
103.127, 8361
103.160, 8360
103.193, 8359
103.225, 8358
103.258, 8357
103.291, 8356
103.323, 8355
103.356, 8354
103.403, 8353
103.435, 8352
103.468, 8351
103.500, 8350
103.533, 8349
103.570, 8348
103.604, 8347
103.637, 8346
103.669, 8345
103.702, 8344
103.734, 8343
103.766, 8342
103.799, 8341
103.831, 8340
103.864, 8339
103.897, 8338
103.951, 8337
103.984, 8336
104.017, 8335
104.049, 8334
104.082, 8333
104.115, 8332
104.147, 8331
104.180, 8330
104.212, 8329
104.245, 8328
104.277, 8327
104.310, 8326
104.343, 8325
104.375, 8324
104.408, 8323
104.440, 8322
104.502, 8321
104.536, 8320
104.569, 8319
104.602, 8318
104.635, 8317
104.667, 8316
104.700, 8315
104.733, 8314
104.765, 8313
104.799, 8312
104.832, 8311
104.866, 8310
104.899, 8309
104.931, 8308
104.964, 8307
104.997, 8306
105.029, 8305
105.075, 8304
105.109, 8303
105.146, 8302
105.182, 8301
105.218, 8300
105.255, 8299
105.291, 8298
105.324, 8297
105.357, 8296
105.391, 8295
105.426, 8294
105.460, 8293
105.496, 8292
105.532, 8291
105.568, 8290
105.603, 8289
105.655, 8288
105.689, 8287
105.723, 8286
105.757, 8285
105.795, 8284
105.829, 8283
105.863, 8282
105.899, 8281
105.934, 8280
105.966, 8279
105.999, 8278
106.031, 8277
106.064, 8276
106.096, 8275
106.129, 8274
106.162, 8273
106.219, 8272
106.251, 8271
106.284, 8270
106.317, 8269
106.349, 8268
106.382, 8267
106.415, 8266
106.448, 8265
106.480, 8264
106.513, 8263
106.545, 8262
106.581, 8261
106.620, 8260
106.657, 8259
106.691, 8258
106.724, 8257
106.786, 8256
106.820, 8255
106.853, 8254
106.886, 8253
106.919, 8252
106.951, 8251
106.984, 8250
107.017, 8249
107.050, 8248
107.083, 8247
107.116, 8246
107.149, 8245
107.183, 8244
107.216, 8243
107.248, 8242
107.281, 8241
107.314, 8240
107.361, 8239
107.396, 8238
107.430, 8237
107.464, 8236
107.496, 8235
107.530, 8234
107.563, 8233
107.595, 8232
107.628, 8231
107.661, 8230
107.694, 8229
107.727, 8228
107.760, 8227
107.793, 8226
107.826, 8225
107.858, 8224
107.910, 8223
107.943, 8222
107.976, 8221
108.010, 8220
108.044, 8219
108.077, 8218
108.110, 8217
108.143, 8216
108.176, 8215
108.210, 8214
108.243, 8213
108.277, 8212
108.311, 8211
108.343, 8210
108.377, 8209
108.410, 8208
108.467, 8207
108.500, 8206
108.533, 8205
108.566, 8204
108.599, 8203
108.632, 8202
108.667, 8201
108.699, 8200
108.732, 8199
108.765, 8198
108.798, 8197
108.830, 8196
108.863, 8195
108.896, 8194
108.928, 8193
108.961, 8192
109.027, 8191
109.062, 8190
109.097, 8189
109.130, 8188
109.165, 8187
109.199, 8186
109.233, 8185
109.266, 8184
109.300, 8183
109.333, 8182
109.366, 8181
109.399, 8180
109.433, 8179
109.466, 8178
109.500, 8177
109.533, 8176
109.566, 8175
109.613, 8174
109.646, 8173
109.680, 8172
109.713, 8171
109.746, 8170
109.779, 8169
109.812, 8168
109.845, 8167
109.878, 8166
109.911, 8165
109.944, 8164
109.978, 8163
110.011, 8162
110.045, 8161
110.078, 8160
110.111, 8159
110.163, 8158
110.196, 8157
110.229, 8156
110.262, 8155
110.296, 8154
110.329, 8153
110.362, 8152
110.395, 8151
110.428, 8150
110.462, 8149
110.495, 8148
110.528, 8147
110.561, 8146
110.594, 8145
110.629, 8144
110.662, 8143
110.720, 8142
110.753, 8141
110.786, 8140
110.818, 8139
110.852, 8138
110.885, 8137
110.918, 8136
110.951, 8135
110.984, 8134
111.018, 8133
111.051, 8132
111.084, 8131
111.117, 8130
111.150, 8129
111.183, 8128
111.216, 8127
111.249, 8126
111.291, 8125
111.324, 8124
111.357, 8123
111.390, 8122
111.423, 8121
111.456, 8120
111.489, 8119
111.523, 8118
111.556, 8117
111.589, 8116
111.622, 8115
111.655, 8114
111.688, 8113
111.721, 8112
111.754, 8111
111.788, 8110
111.840, 8109
111.873, 8108
111.907, 8107
111.940, 8106
111.973, 8105
112.006, 8104
112.039, 8103
112.072, 8102
112.105, 8101
112.139, 8100
112.172, 8099
112.205, 8098
112.238, 8097
112.271, 8096
112.303, 8095
112.336, 8094
112.395, 8093
112.429, 8092
112.462, 8091
112.495, 8090
112.528, 8089
112.560, 8088
112.593, 8087
112.626, 8086
112.659, 8085
112.692, 8084
112.725, 8083
112.758, 8082
112.791, 8081
112.824, 8080
112.857, 8079
112.890, 8078
112.923, 8077
112.970, 8076
113.003, 8075
113.036, 8074
113.069, 8073
113.102, 8072
113.135, 8071
113.168, 8070
113.201, 8069
113.234, 8068
113.267, 8067
113.300, 8066
113.333, 8065
113.366, 8064
113.399, 8063
113.432, 8062
113.466, 8061
113.521, 8060
113.554, 8059
113.587, 8058
113.620, 8057
113.653, 8056
113.686, 8055
113.719, 8054
113.752, 8053
113.785, 8052
113.817, 8051
113.850, 8050
113.883, 8049
113.916, 8048
113.949, 8047
113.982, 8046
114.015, 8045
114.048, 8044
114.093, 8043
114.126, 8042
114.159, 8041
114.191, 8040
114.224, 8039
114.257, 8038
114.290, 8037
114.323, 8036
114.356, 8035
114.389, 8034
114.421, 8033
114.454, 8032
114.487, 8031
114.520, 8030
114.553, 8029
114.586, 8028
114.642, 8027
114.676, 8026
114.717, 8025
114.757, 8024
114.795, 8023
114.834, 8022
114.876, 8021
114.912, 8020
114.947, 8019
114.984, 8018
115.020, 8017
115.057, 8016
115.092, 8015
115.128, 8014
115.162, 8013
115.197, 8012
115.233, 8011
115.283, 8010
115.317, 8009
115.350, 8008
115.384, 8007
115.417, 8006
115.450, 8005
115.483, 8004
115.517, 8003
115.551, 8002
115.586, 8001
115.624, 8000
115.662, 7999
115.699, 7998
115.739, 7997
115.778, 7996
115.817, 7995
115.886, 7994
115.923, 7993
115.960, 7992
115.997, 7991
116.035, 7990
116.071, 7989
116.108, 7988
116.144, 7987
116.181, 7986
116.219, 7985
116.258, 7984
116.293, 7983
116.340, 7982
116.386, 7981
116.422, 7980
116.456, 7979
116.492, 7978
116.547, 7977
116.580, 7976
116.615, 7975
116.652, 7974
116.691, 7973
116.734, 7972
116.777, 7971
116.818, 7970
116.857, 7969
116.893, 7968
116.930, 7967
116.967, 7966
117.002, 7965
117.038, 7964
117.074, 7963
117.110, 7962
117.146, 7961
117.194, 7960
117.231, 7959
117.268, 7958
117.305, 7957
117.341, 7956
117.378, 7955
117.418, 7954
117.455, 7953
117.492, 7952
117.528, 7951
117.563, 7950
117.599, 7949
117.639, 7948
117.676, 7947
117.712, 7946
117.751, 7945
117.820, 7944
117.860, 7943
117.899, 7942
117.940, 7941
117.976, 7940
118.011, 7939
118.046, 7938
118.081, 7937
118.118, 7936
118.154, 7935
118.189, 7934
118.226, 7933
118.262, 7932
118.299, 7931
118.335, 7930
118.372, 7929
118.409, 7928
118.464, 7927
118.500, 7926
118.537, 7925
118.574, 7924
118.612, 7923
118.649, 7922
118.685, 7921
118.721, 7920
118.759, 7919
118.795, 7918
118.831, 7917
118.868, 7916
118.904, 7915
118.940, 7914
118.977, 7913
119.014, 7912
119.055, 7911
119.101, 7910
119.136, 7909
119.172, 7908
119.216, 7907
119.259, 7906
119.297, 7905
119.333, 7904
119.375, 7903
119.422, 7902
119.460, 7901
119.496, 7900
119.534, 7899
119.570, 7898
119.607, 7897
119.644, 7896
119.681, 7895
119.747, 7894
119.782, 7893
119.817, 7892
119.852, 7891
119.888, 7890
119.927, 7889
119.964, 7888
120.002, 7887
120.039, 7886
120.076, 7885
120.113, 7884
120.150, 7883
120.186, 7882
120.224, 7881
120.261, 7880
120.299, 7879
120.335, 7878
120.398, 7877
120.434, 7876
120.473, 7875
120.510, 7874
120.547, 7873
120.584, 7872
120.622, 7871
120.659, 7870
120.696, 7869
120.733, 7868
120.769, 7867
120.806, 7866
120.844, 7865
120.880, 7864
120.918, 7863
120.954, 7862
120.991, 7861
121.047, 7860
121.084, 7859
121.120, 7858
121.157, 7857
121.193, 7856
121.229, 7855
121.265, 7854
121.303, 7853
121.343, 7852
121.381, 7851
121.418, 7850
121.456, 7849
121.493, 7848
121.530, 7847
121.567, 7846
121.604, 7845
121.642, 7844
121.694, 7843
121.731, 7842
121.768, 7841
121.807, 7840
121.844, 7839
121.882, 7838
121.920, 7837
121.959, 7836
121.997, 7835
122.032, 7834
122.067, 7833
122.101, 7832
122.136, 7831
122.171, 7830
122.206, 7829
122.241, 7828
122.305, 7827
122.340, 7826
122.376, 7825
122.411, 7824
122.446, 7823
122.481, 7822
122.516, 7821
122.550, 7820
122.586, 7819
122.620, 7818
122.655, 7817
122.690, 7816
122.726, 7815
122.762, 7814
122.797, 7813
122.834, 7812
122.870, 7811
122.930, 7810
122.965, 7809
122.999, 7808
123.033, 7807
123.067, 7806
123.101, 7805
123.134, 7804
123.167, 7803
123.203, 7802
123.238, 7801
123.274, 7800
123.309, 7799
123.345, 7798
123.380, 7797
123.414, 7796
123.449, 7795
123.485, 7794
123.540, 7793
123.575, 7792
123.611, 7791
123.645, 7790
123.680, 7789
123.714, 7788
123.752, 7787
123.787, 7786
123.824, 7785
123.860, 7784
123.896, 7783
123.931, 7782
123.966, 7781
124.001, 7780
124.036, 7779
124.076, 7778
124.110, 7777
124.171, 7776
124.209, 7775
124.243, 7774
124.279, 7773
124.314, 7772
124.349, 7771
124.384, 7770
124.421, 7769
124.458, 7768
124.495, 7767
124.533, 7766
124.569, 7765
124.605, 7764
124.640, 7763
124.676, 7762
124.711, 7761
124.747, 7760
124.799, 7759
124.836, 7758
124.874, 7757
124.911, 7756
124.992, 7755
125.032, 7754
125.068, 7753
125.101, 7752
125.138, 7751
125.175, 7750
125.212, 7749
125.247, 7748
125.284, 7747
125.324, 7746
125.365, 7745
125.405, 7744
125.443, 7743
125.507, 7742
125.548, 7741
125.589, 7740
125.631, 7739
125.672, 7738
125.717, 7737
125.760, 7736
125.803, 7735
125.855, 7734
125.893, 7733
125.935, 7732
125.978, 7731
126.017, 7730
126.055, 7729
126.093, 7728
126.133, 7727
126.171, 7726
126.225, 7725
126.266, 7724
126.304, 7723
126.342, 7722
126.382, 7721
126.421, 7720
126.468, 7719
126.504, 7718
126.541, 7717
126.576, 7716
126.609, 7715
126.642, 7714
126.676, 7713
126.709, 7712
126.741, 7711
126.775, 7710
126.809, 7709
126.864, 7708
126.903, 7707
126.942, 7706
126.983, 7705
127.026, 7704
127.071, 7703
127.137, 7702
127.192, 7701
127.262, 7700
127.307, 7699
127.356, 7698
127.400, 7697
127.435, 7696
127.470, 7695
127.515, 7694
127.558, 7693
127.594, 7692
127.654, 7691
127.690, 7690
127.727, 7689
127.765, 7688
127.807, 7687
127.861, 7686
127.907, 7685
127.942, 7684
127.975, 7683
128.007, 7682
128.041, 7681
128.075, 7680
128.113, 7679
128.147, 7678
128.185, 7677
128.220, 7676
128.254, 7675
128.288, 7674
128.334, 7673
128.367, 7672
128.401, 7671
128.433, 7670
128.467, 7669
128.500, 7668
128.533, 7667
128.567, 7666
128.600, 7665
128.633, 7664
128.665, 7663
128.698, 7662
128.733, 7661
128.768, 7660
128.803, 7659
128.837, 7658
128.871, 7657
128.922, 7656
128.954, 7655
128.987, 7654
129.020, 7653
129.052, 7652
129.086, 7651
129.118, 7650
129.151, 7649
129.184, 7648
129.217, 7647
129.250, 7646
129.282, 7645
129.316, 7644
129.349, 7643
129.381, 7642
129.414, 7641
129.447, 7640
129.506, 7639
129.539, 7638
129.572, 7637
129.604, 7636
129.637, 7635
129.670, 7634
129.702, 7633
129.734, 7632
129.767, 7631
129.801, 7630
129.840, 7629
129.882, 7628
129.922, 7627
129.962, 7626
129.999, 7625
130.038, 7624
130.077, 7623
130.115, 7622
130.173, 7621
130.212, 7620
130.248, 7619
130.286, 7618
130.325, 7617
130.363, 7616
130.446, 7615
130.495, 7614
130.537, 7613
130.577, 7612
130.614, 7611
130.651, 7610
130.689, 7609
130.725, 7608
130.760, 7607
130.795, 7606
130.831, 7605
130.889, 7604
130.922, 7603
130.954, 7602
130.987, 7601
131.022, 7600
131.057, 7599
131.091, 7598
131.125, 7597
131.158, 7596
131.191, 7595
131.224, 7594
131.255, 7593
131.287, 7592
131.319, 7591
131.351, 7590
131.383, 7589
131.415, 7588
131.447, 7587
131.494, 7586
131.528, 7585
131.565, 7584
131.601, 7583
131.635, 7582
131.668, 7581
131.700, 7580
131.733, 7579
131.767, 7578
131.800, 7577
131.832, 7576
131.865, 7575
131.897, 7574
131.928, 7573
131.960, 7572
131.993, 7571
132.025, 7570
132.081, 7569
132.120, 7568
132.160, 7567
132.210, 7566
132.253, 7565
132.301, 7564
132.339, 7563
132.380, 7562
132.418, 7561
132.454, 7560
132.492, 7559
132.530, 7558
132.568, 7557
132.604, 7556
132.641, 7555
132.678, 7554
132.786, 7553
132.825, 7552
132.871, 7551
132.907, 7550
132.940, 7549
132.972, 7548
133.004, 7547
133.036, 7546
133.069, 7545
133.102, 7544
133.134, 7543
133.167, 7542
133.199, 7541
133.232, 7540
133.267, 7539
133.300, 7538
133.333, 7537
133.367, 7536
133.400, 7535
133.458, 7534
133.491, 7533
133.523, 7532
133.556, 7531
133.590, 7530
133.623, 7529
133.657, 7528
133.691, 7527
133.728, 7526
133.769, 7525
133.807, 7524
133.844, 7523
133.880, 7522
133.916, 7521
133.954, 7520
133.991, 7519
134.027, 7518
134.063, 7517
134.118, 7516
134.154, 7515
134.191, 7514
134.228, 7513
134.264, 7512
134.301, 7511
134.363, 7510
134.401, 7509
134.436, 7508
134.469, 7507
134.504, 7506
134.539, 7505
134.572, 7504
134.613, 7503
134.645, 7502
134.678, 7501
134.710, 7500
134.769, 7499
134.806, 7498
134.841, 7497
134.876, 7496
134.913, 7495
134.947, 7494
134.983, 7493
135.026, 7492
135.060, 7491
135.094, 7490
135.129, 7489
135.162, 7488
135.193, 7487
135.225, 7486
135.257, 7485
135.289, 7484
135.322, 7483
135.354, 7482
135.405, 7481
135.437, 7480
135.470, 7479
135.503, 7478
135.535, 7477
135.567, 7476
135.601, 7475
135.636, 7474
135.668, 7473
135.700, 7472
135.731, 7471
135.763, 7470
135.795, 7469
135.827, 7468
135.858, 7467
135.890, 7466
135.921, 7465
135.953, 7464
135.995, 7463
136.028, 7462
136.061, 7461
136.093, 7460
136.125, 7459
136.157, 7458
136.188, 7457
136.220, 7456
136.251, 7455
136.283, 7454
136.315, 7453
136.348, 7452
136.379, 7451
136.412, 7450
136.445, 7449
136.478, 7448
136.510, 7447
136.563, 7446
136.597, 7445
136.629, 7444
136.660, 7443
136.692, 7442
136.724, 7441
136.756, 7440
136.787, 7439
136.818, 7438
136.850, 7437
136.882, 7436
136.913, 7435
136.947, 7434
136.980, 7433
137.014, 7432
137.049, 7431
137.084, 7430
137.118, 7429
137.171, 7428
137.205, 7427
137.239, 7426
137.273, 7425
137.304, 7424
137.337, 7423
137.369, 7422
137.401, 7421
137.433, 7420
137.465, 7419
137.496, 7418
137.528, 7417
137.560, 7416
137.592, 7415
137.624, 7414
137.656, 7413
137.688, 7412
137.722, 7411
137.763, 7410
137.794, 7409
137.826, 7408
137.858, 7407
137.890, 7406
137.924, 7405
137.957, 7404
137.990, 7403
138.023, 7402
138.055, 7401
138.088, 7400
138.121, 7399
138.152, 7398
138.187, 7397
138.226, 7396
138.266, 7395
138.302, 7394
138.380, 7393
138.422, 7392
138.462, 7391
138.498, 7390
138.536, 7389
138.577, 7388
138.615, 7387
138.650, 7386
138.687, 7385
138.725, 7384
138.762, 7383
138.838, 7382
138.889, 7381
138.930, 7380
138.969, 7379
139.008, 7378
139.041, 7377
139.076, 7376
139.128, 7375
139.160, 7374
139.192, 7373
139.225, 7372
139.257, 7371
139.289, 7370
139.322, 7369
139.355, 7368
139.387, 7367
139.420, 7366
139.453, 7365
139.486, 7364
139.519, 7363
139.552, 7362
139.584, 7361
139.618, 7360
139.650, 7359
139.683, 7358
139.730, 7357
139.762, 7356
139.794, 7355
139.827, 7354
139.859, 7353
139.891, 7352
139.925, 7351
139.957, 7350
139.988, 7349
140.020, 7348
140.052, 7347
140.086, 7346
140.119, 7345
140.151, 7344
140.183, 7343
140.216, 7342
140.250, 7341
140.282, 7340
140.326, 7339
140.359, 7338
140.390, 7337
140.423, 7336
140.456, 7335
140.487, 7334
140.519, 7333
140.550, 7332
140.582, 7331
140.613, 7330
140.645, 7329
140.677, 7328
140.708, 7327
140.740, 7326
140.772, 7325
140.804, 7324
140.835, 7323
140.868, 7322
140.914, 7321
140.945, 7320
140.976, 7319
141.007, 7318
141.039, 7317
141.070, 7316
141.102, 7315
141.133, 7314
141.164, 7313
141.195, 7312
141.227, 7311
141.258, 7310
141.289, 7309
141.321, 7308
141.352, 7307
141.383, 7306
141.415, 7305
141.447, 7304
141.491, 7303
141.522, 7302
141.553, 7301
141.585, 7300
141.618, 7299
141.649, 7298
141.681, 7297
141.712, 7296
141.744, 7295
141.776, 7294
141.809, 7293
141.842, 7292
141.875, 7291
141.908, 7290
141.939, 7289
141.973, 7288
142.005, 7287
142.037, 7286
142.083, 7285
142.115, 7284
142.147, 7283
142.180, 7282
142.211, 7281
142.243, 7280
142.274, 7279
142.305, 7278
142.337, 7277
142.368, 7276
142.399, 7275
142.431, 7274
142.462, 7273
142.493, 7272
142.524, 7271
142.555, 7270
142.586, 7269
142.617, 7268
142.668, 7267
142.699, 7266
142.730, 7265
142.762, 7264
142.794, 7263
142.825, 7262
142.857, 7261
142.888, 7260
142.920, 7259
142.951, 7258
142.982, 7257
143.013, 7256
143.044, 7255
143.075, 7254
143.106, 7253
143.137, 7252
143.168, 7251
143.199, 7250
143.255, 7249
143.286, 7248
143.318, 7247
143.349, 7246
143.381, 7245
143.413, 7244
143.444, 7243
143.476, 7242
143.507, 7241
143.538, 7240
143.572, 7239
143.605, 7238
143.639, 7237
143.670, 7236
143.702, 7235
143.733, 7234
143.764, 7233
143.795, 7232
143.827, 7231
143.872, 7230
143.903, 7229
143.935, 7228
143.966, 7227
143.997, 7226
144.029, 7225
144.068, 7224
144.103, 7223
144.138, 7222
144.172, 7221
144.210, 7220
144.242, 7219
144.273, 7218
144.304, 7217
144.335, 7216
144.366, 7215
144.399, 7214
144.430, 7213
144.480, 7212
144.510, 7211
144.542, 7210
144.573, 7209
144.604, 7208
144.636, 7207
144.668, 7206
144.699, 7205
144.731, 7204
144.763, 7203
144.794, 7202
144.825, 7201
144.857, 7200
144.890, 7199
144.922, 7198
144.953, 7197
144.984, 7196
145.015, 7195
145.071, 7194
145.103, 7193
145.135, 7192
145.166, 7191
145.197, 7190
145.228, 7189
145.259, 7188
145.290, 7187
145.321, 7186
145.352, 7185
145.383, 7184
145.414, 7183
145.446, 7182
145.476, 7181
145.507, 7180
145.539, 7179
145.571, 7178
145.602, 7177
145.633, 7176
145.677, 7175
145.710, 7174
145.754, 7173
145.799, 7172
145.840, 7171
145.881, 7170
145.929, 7169
145.971, 7168
146.007, 7167
146.042, 7166
146.077, 7165
146.111, 7164
146.147, 7163
146.181, 7162
146.216, 7161
146.251, 7160
146.286, 7159
146.321, 7158
146.431, 7157
146.466, 7156
146.500, 7155
146.534, 7154
146.568, 7153
146.603, 7152
146.637, 7151
146.671, 7150
146.703, 7149
146.734, 7148
146.765, 7147
146.796, 7146
146.827, 7145
146.858, 7144
146.890, 7143
146.922, 7142
146.957, 7141
146.990, 7140
147.052, 7139
147.086, 7138
147.120, 7137
147.154, 7136
147.189, 7135
147.226, 7134
147.261, 7133
147.293, 7132
147.325, 7131
147.358, 7130
147.391, 7129
147.424, 7128
147.458, 7127
147.491, 7126
147.526, 7125
147.559, 7124
147.592, 7123
147.625, 7122
147.660, 7121
147.709, 7120
147.742, 7119
147.777, 7118
147.812, 7117
147.846, 7116
147.881, 7115
147.917, 7114
147.957, 7113
148.001, 7112
148.036, 7111
148.070, 7110
148.102, 7109
148.135, 7108
148.168, 7107
148.199, 7106
148.233, 7105
148.269, 7104
148.304, 7103
148.361, 7102
148.392, 7101
148.426, 7100
148.459, 7099
148.492, 7098
148.526, 7097
148.560, 7096
148.591, 7095
148.626, 7094
148.662, 7093
148.693, 7092
148.726, 7091
148.760, 7090
148.791, 7089
148.824, 7088
148.857, 7087
148.889, 7086
148.924, 7085
148.959, 7084
149.005, 7083
149.037, 7082
149.072, 7081
149.104, 7080
149.136, 7079
149.170, 7078
149.204, 7077
149.236, 7076
149.271, 7075
149.303, 7074
149.335, 7073
149.368, 7072
149.399, 7071
149.442, 7070
149.476, 7069
149.508, 7068
149.539, 7067
149.572, 7066
149.625, 7065
149.657, 7064
149.689, 7063
149.722, 7062
149.757, 7061
149.790, 7060
149.824, 7059
149.856, 7058
149.887, 7057
149.920, 7056
149.952, 7055
149.984, 7054
150.017, 7053
150.048, 7052
150.081, 7051
150.114, 7050
150.144, 7049
150.178, 7048
150.210, 7047
150.255, 7046
150.287, 7045
150.322, 7044
150.355, 7043
150.386, 7042
150.420, 7041
150.452, 7040
150.484, 7039
150.516, 7038
150.546, 7037
150.578, 7036
150.610, 7035
150.640, 7034
150.678, 7033
150.710, 7032
150.742, 7031
150.775, 7030
150.808, 7029
150.837, 7028
150.879, 7027
150.910, 7026
150.939, 7025
150.969, 7024
150.997, 7023
151.029, 7022
151.061, 7021
151.088, 7020
151.115, 7019
151.140, 7018
151.168, 7017
