0.001, 9232
0.003, 9231
0.004, 9230
0.010, 9229
0.011, 9228
0.014, 9227
0.015, 9226
0.019, 9225
0.024, 9224
0.025, 9223
0.026, 9222
0.027, 9221
0.028, 9220
0.029, 9219
0.031, 9218
0.032, 9217
0.033, 9216
0.036, 9215
0.036, 9214
0.037, 9213
0.038, 9212
0.040, 9211
0.040, 9210
0.041, 9209
0.042, 9208
0.050, 9207
0.051, 9206
0.052, 9205
0.053, 9204
0.054, 9203
0.055, 9202
0.056, 9201
0.056, 9200
0.057, 9199
0.058, 9198
0.058, 9197
0.059, 9196
0.060, 9195
0.060, 9194
0.061, 9193
0.062, 9192
0.062, 9191
0.063, 9190
0.064, 9189
0.064, 9188
0.065, 9187
0.066, 9186
0.066, 9185
0.067, 9184
0.071, 9183
0.071, 9182
0.072, 9181
0.073, 9180
0.073, 9179
0.074, 9178
0.076, 9177
0.077, 9176
0.078, 9175
0.078, 9174
0.080, 9173
0.081, 9172
0.083, 9171
0.083, 9170
0.084, 9169
0.086, 9168
0.087, 9167
0.087, 9166
0.088, 9165
0.089, 9164
0.090, 9163
0.091, 9162
0.093, 9161
0.094, 9160
0.096, 9159
0.101, 9158
0.102, 9157
0.103, 9156
0.103, 9155
0.106, 9154
0.107, 9153
0.107, 9152
0.108, 9151
0.109, 9150
0.111, 9149
0.111, 9148
0.112, 9147
0.114, 9146
0.116, 9145
0.117, 9144
0.117, 9143
0.119, 9142
0.120, 9141
0.121, 9140
0.122, 9139
0.122, 9138
0.123, 9137
0.124, 9136
0.126, 9135
0.127, 9134
0.130, 9133
0.131, 9132
0.136, 9131
0.137, 9130
0.137, 9129
0.138, 9128
0.139, 9127
0.140, 9126
0.141, 9125
0.141, 9124
0.142, 9123
0.148, 9122
0.152, 9121
0.153, 9120
0.154, 9119
0.155, 9118
0.155, 9117
0.156, 9116
0.158, 9115
0.159, 9114
0.160, 9113
0.161, 9112
0.162, 9111
0.163, 9110
0.163, 9109
0.164, 9108
0.165, 9107
0.165, 9106
0.167, 9105
0.169, 9104
0.170, 9103
0.170, 9102
0.171, 9101
0.172, 9100
0.173, 9099
0.174, 9098
0.175, 9097
0.176, 9096
0.177, 9095
0.178, 9094
0.178, 9093
0.179, 9092
0.180, 9091
0.182, 9090
0.183, 9089
0.183, 9088
0.184, 9087
0.185, 9086
0.186, 9085
0.188, 9084
0.189, 9083
0.190, 9082
0.191, 9081
0.192, 9080
0.193, 9079
0.194, 9078
0.195, 9077
0.196, 9076
0.198, 9075
0.199, 9074
0.201, 9073
0.201, 9072
0.202, 9071
0.204, 9070
0.205, 9069
0.207, 9068
0.207, 9067
0.209, 9066
0.210, 9065
0.210, 9064
0.211, 9063
0.212, 9062
0.212, 9061
0.213, 9060
0.215, 9059
0.215, 9058
0.219, 9057
0.220, 9056
0.222, 9055
0.223, 9054
0.224, 9053
0.225, 9052
0.226, 9051
0.227, 9050
0.228, 9049
0.228, 9048
0.229, 9047
0.231, 9046
0.231, 9045
0.233, 9044
0.234, 9043
0.235, 9042
0.236, 9041
0.237, 9040
0.238, 9039
0.240, 9038
0.241, 9037
0.243, 9036
0.244, 9035
0.245, 9034
0.246, 9033
0.247, 9032
0.248, 9031
0.249, 9030
0.250, 9029
0.251, 9028
0.253, 9027
0.254, 9026
0.256, 9025
0.257, 9024
0.257, 9023
0.258, 9022
0.259, 9021
0.262, 9020
0.263, 9019
0.265, 9018
0.266, 9017
0.267, 9016
0.268, 9015
0.269, 9014
0.270, 9013
0.271, 9012
0.272, 9011
0.273, 9010
0.274, 9009
0.275, 9008
0.276, 9007
0.277, 9006
0.280, 9005
0.280, 9004
0.282, 9003
0.283, 9002
0.284, 9001
0.285, 9000
0.285, 8999
0.286, 8998
0.287, 8997
0.288, 8996
0.290, 8995
0.291, 8994
0.292, 8993
0.293, 8992
0.293, 8991
0.294, 8990
0.295, 8989
0.296, 8988
0.297, 8987
0.300, 8986
0.300, 8985
0.301, 8984
0.302, 8983
0.304, 8982
0.304, 8981
0.305, 8980
0.306, 8979
0.307, 8978
0.308, 8977
0.309, 8976
0.310, 8975
0.310, 8974
0.311, 8973
0.312, 8972
0.312, 8971
0.314, 8970
0.315, 8969
0.315, 8968
0.320, 8967
0.321, 8966
0.322, 8965
0.323, 8964
0.323, 8963
0.326, 8962
0.328, 8961
0.329, 8960
0.330, 8959
0.331, 8958
0.332, 8957
0.334, 8956
0.335, 8955
0.338, 8954
0.339, 8953
0.339, 8952
0.342, 8951
0.343, 8950
0.343, 8949
0.345, 8948
0.346, 8947
0.347, 8946
0.348, 8945
0.349, 8944
0.353, 8943
0.353, 8942
0.354, 8941
0.355, 8940
0.355, 8939
0.357, 8938
0.358, 8937
0.359, 8936
0.360, 8935
0.361, 8934
0.363, 8933
0.365, 8932
0.365, 8931
0.366, 8930
0.367, 8929
0.371, 8928
0.374, 8927
0.375, 8926
0.376, 8925
0.377, 8924
0.379, 8923
0.379, 8922
0.380, 8921
0.383, 8920
0.384, 8919
0.384, 8918
0.386, 8917
0.387, 8916
0.388, 8915
0.389, 8914
0.390, 8913
0.391, 8912
0.392, 8911
0.392, 8910
0.394, 8909
0.394, 8908
0.395, 8907
0.397, 8906
0.399, 8905
0.401, 8904
0.403, 8903
0.405, 8902
0.407, 8901
0.408, 8900
0.409, 8899
0.410, 8898
0.411, 8897
0.412, 8896
0.412, 8895
0.413, 8894
0.415, 8893
0.418, 8892
0.420, 8891
0.421, 8890
0.421, 8889
0.422, 8888
0.423, 8887
0.424, 8886
0.425, 8885
0.426, 8884
0.427, 8883
0.428, 8882
0.430, 8881
0.430, 8880
0.431, 8879
0.432, 8878
0.433, 8877
0.434, 8876
0.435, 8875
0.436, 8874
0.438, 8873
0.440, 8872
0.441, 8871
0.442, 8870
0.443, 8869
0.444, 8868
0.444, 8867
0.445, 8866
0.446, 8865
0.447, 8864
0.449, 8863
0.451, 8862
0.453, 8861
0.455, 8860
0.456, 8859
0.458, 8858
0.460, 8857
0.461, 8856
0.461, 8855
0.463, 8854
0.466, 8853
0.467, 8852
0.468, 8851
0.469, 8850
0.470, 8849
0.471, 8848
0.472, 8847
0.473, 8846
0.474, 8845
0.475, 8844
0.476, 8843
0.477, 8842
0.478, 8841
0.478, 8840
0.479, 8839
0.481, 8838
0.483, 8837
0.485, 8836
0.486, 8835
0.487, 8834
0.489, 8833
0.492, 8832
0.493, 8831
0.494, 8830
0.495, 8829
0.496, 8828
0.498, 8827
0.499, 8826
0.500, 8825
0.501, 8824
0.502, 8823
0.502, 8822
0.503, 8821
0.504, 8820
0.507, 8819
0.508, 8818
0.509, 8817
0.511, 8816
0.512, 8815
0.514, 8814
0.515, 8813
0.515, 8812
0.518, 8811
0.520, 8810
0.523, 8809
0.523, 8808
0.524, 8807
0.525, 8806
0.526, 8805
0.527, 8804
0.528, 8803
0.530, 8802
0.532, 8801
0.533, 8800
0.534, 8799
0.535, 8798
0.535, 8797
0.536, 8796
0.537, 8795
0.537, 8794
0.538, 8793
0.541, 8792
0.543, 8791
0.546, 8790
0.547, 8789
0.548, 8788
0.549, 8787
0.549, 8786
0.551, 8785
0.551, 8784
0.552, 8783
0.555, 8782
0.556, 8781
0.558, 8780
0.559, 8779
0.560, 8778
0.561, 8777
0.564, 8776
0.566, 8775
0.568, 8774
0.569, 8773
0.570, 8772
0.572, 8771
0.573, 8770
0.576, 8769
0.577, 8768
0.580, 8767
0.581, 8766
0.582, 8765
0.585, 8764
0.586, 8763
0.587, 8762
0.588, 8761
0.589, 8760
0.590, 8759
0.591, 8758
0.594, 8757
0.595, 8756
0.597, 8755
0.597, 8754
0.599, 8753
0.602, 8752
0.604, 8751
0.608, 8750
0.612, 8749
0.616, 8748
0.617, 8747
0.618, 8746
0.620, 8745
0.621, 8744
0.622, 8743
0.622, 8742
0.624, 8741
0.626, 8740
0.627, 8739
0.628, 8738
0.629, 8737
0.633, 8736
0.634, 8735
0.635, 8734
0.636, 8733
0.637, 8732
0.638, 8731
0.639, 8730
0.640, 8729
0.641, 8728
0.643, 8727
0.644, 8726
0.645, 8725
0.648, 8724
0.649, 8723
0.649, 8722
0.654, 8721
0.655, 8720
0.657, 8719
0.659, 8718
0.661, 8717
0.663, 8716
0.665, 8715
0.666, 8714
0.667, 8713
0.668, 8712
0.671, 8711
0.674, 8710
0.676, 8709
0.677, 8708
0.678, 8707
0.680, 8706
0.681, 8705
0.682, 8704
0.683, 8703
0.685, 8702
0.687, 8701
0.688, 8700
0.689, 8699
0.695, 8698
0.697, 8697
0.698, 8696
0.699, 8695
0.700, 8694
0.701, 8693
0.703, 8692
0.704, 8691
0.706, 8690
0.707, 8689
0.709, 8688
0.710, 8687
0.714, 8686
0.715, 8685
0.716, 8684
0.718, 8683
0.720, 8682
0.722, 8681
0.723, 8680
0.725, 8679
0.725, 8678
0.728, 8677
0.730, 8676
0.731, 8675
0.732, 8674
0.733, 8673
0.735, 8672
0.736, 8671
0.738, 8670
0.743, 8669
0.743, 8668
0.744, 8667
0.745, 8666
0.746, 8665
0.748, 8664
0.748, 8663
0.752, 8662
0.754, 8661
0.755, 8660
0.759, 8659
0.760, 8658
0.761, 8657
0.764, 8656
0.765, 8655
0.766, 8654
0.775, 8653
0.775, 8652
0.776, 8651
0.777, 8650
0.779, 8649
0.782, 8648
0.785, 8647
0.788, 8646
0.790, 8645
0.794, 8644
0.794, 8643
0.795, 8642
0.796, 8641
0.797, 8640
0.798, 8639
0.800, 8638
0.803, 8637
0.804, 8636
0.804, 8635
0.806, 8634
0.808, 8633
0.812, 8632
0.814, 8631
0.815, 8630
0.815, 8629
0.819, 8628
0.820, 8627
0.821, 8626
0.825, 8625
0.829, 8624
0.830, 8623
0.831, 8622
0.832, 8621
0.837, 8620
0.838, 8619
0.839, 8618
0.840, 8617
0.844, 8616
0.845, 8615
0.845, 8614
0.853, 8613
0.856, 8612
0.858, 8611
0.859, 8610
0.860, 8609
0.863, 8608
0.864, 8607
0.866, 8606
0.868, 8605
0.869, 8604
0.874, 8603
0.874, 8602
0.879, 8601
0.883, 8600
0.883, 8599
0.884, 8598
0.886, 8597
0.887, 8596
0.888, 8595
0.892, 8594
0.893, 8593
0.894, 8592
0.896, 8591
0.898, 8590
0.899, 8589
0.900, 8588
0.901, 8587
0.906, 8586
0.907, 8585
0.909, 8584
0.910, 8583
0.911, 8582
0.912, 8581
0.916, 8580
0.917, 8579
0.922, 8578
0.922, 8577
0.925, 8576
0.927, 8575
0.928, 8574
0.929, 8573
0.931, 8572
0.932, 8571
0.934, 8570
0.935, 8569
0.936, 8568
0.938, 8567
0.939, 8566
0.940, 8565
0.941, 8564
0.943, 8563
0.944, 8562
0.945, 8561
0.946, 8560
0.948, 8559
0.951, 8558
0.952, 8557
0.957, 8556
0.958, 8555
0.959, 8554
0.963, 8553
0.965, 8552
0.965, 8551
0.966, 8550
0.967, 8549
0.973, 8548
0.975, 8547
0.977, 8546
0.977, 8545
0.981, 8544
0.983, 8543
0.983, 8542
0.984, 8541
0.985, 8540
0.986, 8539
0.987, 8538
0.987, 8537
0.988, 8536
0.989, 8535
0.991, 8534
0.992, 8533
0.994, 8532
0.994, 8531
0.998, 8530
0.999, 8529
1.002, 8528
1.005, 8527
1.006, 8526
1.007, 8525
1.009, 8524
1.009, 8523
1.011, 8522
1.013, 8521
1.014, 8520
1.015, 8519
1.017, 8518
1.018, 8517
1.020, 8516
1.020, 8515
1.024, 8514
1.027, 8513
1.028, 8512
1.029, 8511
1.030, 8510
1.031, 8509
1.032, 8508
1.033, 8507
1.035, 8506
1.035, 8505
1.037, 8504
1.041, 8503
1.041, 8502
1.042, 8501
1.043, 8500
1.044, 8499
1.045, 8498
1.046, 8497
1.047, 8496
1.047, 8495
1.050, 8494
1.051, 8493
1.057, 8492
1.059, 8491
1.061, 8490
1.063, 8489
1.066, 8488
1.068, 8487
1.069, 8486
1.070, 8485
1.071, 8484
1.073, 8483
1.074, 8482
1.077, 8481
1.078, 8480
1.079, 8479
1.082, 8478
1.090, 8477
1.092, 8476
1.095, 8475
1.100, 8474
1.101, 8473
1.101, 8472
1.102, 8471
1.105, 8470
1.105, 8469
1.108, 8468
1.111, 8467
1.112, 8466
1.114, 8465
1.115, 8464
1.120, 8463
1.121, 8462
1.122, 8461
1.129, 8460
1.130, 8459
1.132, 8458
1.132, 8457
1.134, 8456
1.135, 8455
1.142, 8454
1.143, 8453
1.144, 8452
1.146, 8451
1.146, 8450
1.148, 8449
1.151, 8448
1.152, 8447
1.156, 8446
1.157, 8445
1.159, 8444
1.159, 8443
1.163, 8442
1.164, 8441
1.164, 8440
1.165, 8439
1.167, 8438
1.168, 8437
1.169, 8436
1.171, 8435
1.173, 8434
1.173, 8433
1.175, 8432
1.176, 8431
1.178, 8430
1.180, 8429
1.186, 8428
1.187, 8427
1.188, 8426
1.189, 8425
1.190, 8424
1.191, 8423
1.192, 8422
1.194, 8421
1.200, 8420
1.206, 8419
1.209, 8418
1.210, 8417
1.211, 8416
1.213, 8415
1.213, 8414
1.214, 8413
1.215, 8412
1.216, 8411
1.223, 8410
1.225, 8409
1.225, 8408
1.228, 8407
1.230, 8406
1.231, 8405
1.232, 8404
1.234, 8403
1.235, 8402
1.236, 8401
1.241, 8400
1.243, 8399
1.244, 8398
1.247, 8397
1.249, 8396
1.250, 8395
1.253, 8394
1.254, 8393
1.256, 8392
1.260, 8391
1.264, 8390
1.265, 8389
1.265, 8388
1.267, 8387
1.269, 8386
1.270, 8385
1.271, 8384
1.272, 8383
1.279, 8382
1.282, 8381
1.286, 8380
1.288, 8379
1.289, 8378
1.291, 8377
1.293, 8376
1.294, 8375
1.294, 8374
1.296, 8373
1.298, 8372
1.299, 8371
1.300, 8370
1.307, 8369
1.312, 8368
1.314, 8367
1.314, 8366
1.316, 8365
1.317, 8364
1.319, 8363
1.319, 8362
1.322, 8361
1.326, 8360
1.328, 8359
1.331, 8358
1.332, 8357
1.336, 8356
1.342, 8355
1.351, 8354
1.358, 8353
1.363, 8352
1.366, 8351
1.369, 8350
1.373, 8349
1.375, 8348
1.377, 8347
1.380, 8346
1.381, 8345
1.383, 8344
1.383, 8343
1.387, 8342
1.389, 8341
1.391, 8340
1.393, 8339
1.394, 8338
1.402, 8337
1.406, 8336
1.414, 8335
1.414, 8334
1.418, 8333
1.420, 8332
1.428, 8331
1.432, 8330
1.438, 8329
1.439, 8328
1.444, 8327
1.446, 8326
1.450, 8325
1.458, 8324
1.460, 8323
1.461, 8322
1.462, 8321
1.463, 8320
1.471, 8319
1.473, 8318
1.475, 8317
1.476, 8316
1.482, 8315
1.487, 8314
1.492, 8313
1.494, 8312
1.495, 8311
1.496, 8310
1.499, 8309
1.503, 8308
1.505, 8307
1.506, 8306
1.508, 8305
1.509, 8304
1.511, 8303
1.513, 8302
1.518, 8301
1.519, 8300
1.522, 8299
1.524, 8298
1.524, 8297
1.526, 8296
1.534, 8295
1.535, 8294
1.536, 8293
1.543, 8292
1.544, 8291
1.549, 8290
1.556, 8289
1.565, 8288
1.573, 8287
1.574, 8286
1.575, 8285
1.582, 8284
1.588, 8283
1.589, 8282
1.593, 8281
1.599, 8280
1.600, 8279
1.602, 8278
1.604, 8277
1.611, 8276
1.617, 8275
1.621, 8274
1.625, 8273
1.627, 8272
1.628, 8271
1.631, 8270
1.634, 8269
1.636, 8268
1.638, 8267
1.640, 8266
1.644, 8265
1.653, 8264
1.655, 8263
1.658, 8262
1.659, 8261
1.660, 8260
1.661, 8259
1.663, 8258
1.669, 8257
1.670, 8256
1.674, 8255
1.676, 8254
1.679, 8253
1.688, 8252
1.690, 8251
1.701, 8250
1.702, 8249
1.704, 8248
1.709, 8247
1.715, 8246
1.718, 8245
1.722, 8244
1.724, 8243
1.725, 8242
1.727, 8241
1.734, 8240
1.735, 8239
1.746, 8238
1.751, 8237
1.753, 8236
1.761, 8235
1.765, 8234
1.768, 8233
1.769, 8232
1.771, 8231
1.775, 8230
1.785, 8229
1.792, 8228
1.793, 8227
1.794, 8226
1.798, 8225
1.799, 8224
1.806, 8223
1.812, 8222
1.813, 8221
1.817, 8220
1.818, 8219
1.819, 8218
1.826, 8217
1.830, 8216
1.834, 8215
1.835, 8214
1.836, 8213
1.837, 8212
1.840, 8211
1.853, 8210
1.855, 8209
1.855, 8208
1.859, 8207
1.862, 8206
1.865, 8205
1.871, 8204
1.873, 8203
1.883, 8202
1.886, 8201
1.889, 8200
1.892, 8199
1.900, 8198
1.903, 8197
1.904, 8196
1.909, 8195
1.914, 8194
1.924, 8193
1.926, 8192
1.929, 8191
1.929, 8190
1.931, 8189
1.933, 8188
1.936, 8187
1.937, 8186
1.948, 8185
1.954, 8184
1.954, 8183
1.955, 8182
1.964, 8181
1.965, 8180
1.982, 8179
1.985, 8178
1.987, 8177
1.989, 8176
1.993, 8175
1.997, 8174
2.001, 8173
2.003, 8172
2.005, 8171
2.022, 8170
2.030, 8169
2.038, 8168
2.040, 8167
2.041, 8166
2.047, 8165
2.049, 8164
2.050, 8163
2.051, 8162
2.060, 8161
2.065, 8160
2.069, 8159
2.070, 8158
2.071, 8157
2.080, 8156
2.082, 8155
2.086, 8154
2.092, 8153
2.093, 8152
2.098, 8151
2.099, 8150
2.102, 8149
2.106, 8148
2.111, 8147
2.113, 8146
2.123, 8145
2.125, 8144
2.128, 8143
2.134, 8142
2.137, 8141
2.143, 8140
2.148, 8139
2.152, 8138
2.155, 8137
2.161, 8136
2.170, 8135
2.174, 8134
2.175, 8133
2.182, 8132
2.184, 8131
2.199, 8130
2.202, 8129
2.203, 8128
2.205, 8127
2.210, 8126
2.226, 8125
2.227, 8124
2.233, 8123
2.234, 8122
2.234, 8121
2.235, 8120
2.240, 8119
2.246, 8118
2.256, 8117
2.257, 8116
2.261, 8115
2.266, 8114
2.272, 8113
2.276, 8112
2.282, 8111
2.287, 8110
2.288, 8109
2.298, 8108
2.303, 8107
2.310, 8106
2.316, 8105
2.319, 8104
2.328, 8103
2.332, 8102
2.334, 8101
2.339, 8100
2.343, 8099
2.345, 8098
2.346, 8097
2.356, 8096
2.357, 8095
2.361, 8094
2.363, 8093
2.370, 8092
2.380, 8091
2.386, 8090
2.390, 8089
2.392, 8088
2.401, 8087
2.408, 8086
2.412, 8085
2.414, 8084
2.417, 8083
2.420, 8082
2.421, 8081
2.422, 8080
2.440, 8079
2.443, 8078
2.445, 8077
2.447, 8076
2.448, 8075
2.465, 8074
2.470, 8073
2.476, 8072
2.478, 8071
2.482, 8070
2.486, 8069
2.500, 8068
2.505, 8067
2.507, 8066
2.517, 8065
2.523, 8064
2.527, 8063
2.530, 8062
2.533, 8061
2.539, 8060
2.540, 8059
2.548, 8058
2.549, 8057
2.555, 8056
2.563, 8055
2.565, 8054
2.568, 8053
2.570, 8052
2.575, 8051
2.576, 8050
2.589, 8049
2.590, 8048
2.592, 8047
2.597, 8046
2.602, 8045
2.614, 8044
2.621, 8043
2.622, 8042
2.629, 8041
2.634, 8040
2.640, 8039
2.642, 8038
2.642, 8037
2.645, 8036
2.671, 8035
2.673, 8034
2.678, 8033
2.681, 8032
2.687, 8031
2.694, 8030
2.695, 8029
2.703, 8028
2.704, 8027
2.715, 8026
2.718, 8025
2.721, 8024
2.724, 8023
2.737, 8022
2.742, 8021
2.745, 8020
2.747, 8019
2.757, 8018
2.761, 8017
2.768, 8016
2.780, 8015
2.781, 8014
2.787, 8013
2.796, 8012
2.806, 8011
2.813, 8010
2.817, 8009
2.825, 8008
2.827, 8007
2.830, 8006
2.834, 8005
2.842, 8004
2.847, 8003
2.850, 8002
2.859, 8001
2.862, 8000
2.873, 7999
2.887, 7998
2.909, 7997
2.912, 7996
2.915, 7995
2.930, 7994
2.939, 7993
2.942, 7992
2.948, 7991
2.949, 7990
2.960, 7989
2.967, 7988
2.972, 7987
2.974, 7986
2.992, 7985
3.000, 7984
3.001, 7983
3.003, 7982
3.008, 7981
3.017, 7980
3.022, 7979
3.024, 7978
3.028, 7977
3.032, 7976
3.036, 7975
3.043, 7974
3.044, 7973
3.053, 7972
3.055, 7971
3.062, 7970
3.067, 7969
3.068, 7968
3.090, 7967
3.092, 7966
3.108, 7965
3.125, 7964
3.133, 7963
3.139, 7962
3.148, 7961
3.150, 7960
3.151, 7959
3.157, 7958
3.161, 7957
3.175, 7956
3.188, 7955
3.191, 7954
3.197, 7953
3.203, 7952
3.204, 7951
3.220, 7950
3.227, 7949
3.228, 7948
3.231, 7947
3.241, 7946
3.242, 7945
3.243, 7944
3.244, 7943
3.252, 7942
3.261, 7941
3.266, 7940
3.276, 7939
3.282, 7938
3.284, 7937
3.289, 7936
3.298, 7935
3.299, 7934
3.315, 7933
3.317, 7932
3.322, 7931
3.331, 7930
3.348, 7929
3.352, 7928
3.355, 7927
3.359, 7926
3.370, 7925
3.396, 7924
3.406, 7923
3.414, 7922
3.443, 7921
3.446, 7920
3.459, 7919
3.472, 7918
3.491, 7917
3.494, 7916
3.496, 7915
3.498, 7914
3.503, 7913
3.505, 7912
3.520, 7911
3.524, 7910
3.528, 7909
3.530, 7908
3.531, 7907
3.534, 7906
3.536, 7905
3.540, 7904
3.545, 7903
3.569, 7902
3.571, 7901
3.576, 7900
3.578, 7899
3.585, 7898
3.594, 7897
3.597, 7896
3.607, 7895
3.608, 7894
3.615, 7893
3.618, 7892
3.620, 7891
3.629, 7890
3.647, 7889
3.651, 7888
3.659, 7887
3.661, 7886
3.674, 7885
3.675, 7884
3.679, 7883
3.680, 7882
3.684, 7881
3.687, 7880
3.693, 7879
3.705, 7878
3.718, 7877
3.735, 7876
3.749, 7875
3.756, 7874
3.757, 7873
3.760, 7872
3.763, 7871
3.767, 7870
3.776, 7869
3.790, 7868
3.801, 7867
3.804, 7866
3.805, 7865
3.818, 7864
3.819, 7863
3.828, 7862
3.834, 7861
3.840, 7860
3.854, 7859
3.860, 7858
3.874, 7857
3.878, 7856
3.889, 7855
3.889, 7854
3.903, 7853
3.907, 7852
3.920, 7851
3.925, 7850
3.941, 7849
3.955, 7848
3.977, 7847
3.988, 7846
3.989, 7845
3.999, 7844
4.002, 7843
4.024, 7842
4.034, 7841
4.038, 7840
4.040, 7839
4.042, 7838
4.049, 7837
4.060, 7836
4.063, 7835
4.070, 7834
4.072, 7833
4.075, 7832
4.082, 7831
4.086, 7830
4.087, 7829
4.094, 7828
4.099, 7827
4.106, 7826
4.114, 7825
4.116, 7824
4.128, 7823
4.134, 7822
4.148, 7821
4.154, 7820
4.167, 7819
4.175, 7818
4.187, 7817
4.191, 7816
4.195, 7815
4.244, 7814
4.254, 7813
4.272, 7812
4.276, 7811
4.284, 7810
4.296, 7809
4.315, 7808
4.319, 7807
4.333, 7806
4.336, 7805
4.340, 7804
4.368, 7803
4.385, 7802
4.391, 7801
4.414, 7800
4.421, 7799
4.461, 7798
4.465, 7797
4.472, 7796
4.483, 7795
4.485, 7794
4.488, 7793
4.503, 7792
4.513, 7791
4.520, 7790
4.522, 7789
4.528, 7788
4.549, 7787
4.550, 7786
4.559, 7785
4.580, 7784
4.596, 7783
4.675, 7782
4.706, 7781
4.741, 7780
4.782, 7779
4.791, 7778
4.810, 7777
4.812, 7776
4.817, 7775
4.818, 7774
4.828, 7773
4.828, 7772
4.836, 7771
4.854, 7770
4.885, 7769
4.892, 7768
4.897, 7767
4.905, 7766
4.920, 7765
4.939, 7764
4.966, 7763
4.975, 7762
4.982, 7761
4.988, 7760
4.994, 7759
5.000, 7758
5.005, 7757
5.013, 7756
5.037, 7755
5.111, 7754
5.120, 7753
5.132, 7752
5.154, 7751
5.161, 7750
5.174, 7749
5.190, 7748
5.213, 7747
5.233, 7746
5.248, 7745
5.253, 7744
5.289, 7743
5.298, 7742
5.301, 7741
5.331, 7740
5.373, 7739
5.409, 7738
5.412, 7737
5.416, 7736
5.436, 7735
5.440, 7734
5.447, 7733
5.457, 7732
5.471, 7731
5.473, 7730
5.476, 7729
5.514, 7728
5.533, 7727
5.567, 7726
5.616, 7725
5.625, 7724
5.630, 7723
5.675, 7722
5.683, 7721
5.735, 7720
5.796, 7719
5.818, 7718
5.849, 7717
5.850, 7716
5.852, 7715
5.854, 7714
5.882, 7713
5.883, 7712
5.927, 7711
5.938, 7710
5.958, 7709
5.985, 7708
5.986, 7707
6.058, 7706
6.094, 7705
6.152, 7704
6.159, 7703
6.167, 7702
6.183, 7701
6.193, 7700
6.198, 7699
6.207, 7698
6.255, 7697
6.307, 7696
6.318, 7695
6.338, 7694
6.343, 7693
6.367, 7692
6.439, 7691
6.443, 7690
6.459, 7689
6.474, 7688
6.476, 7687
6.533, 7686
6.545, 7685
6.553, 7684
6.574, 7683
6.656, 7682
6.675, 7681
6.774, 7680
6.819, 7679
6.839, 7678
6.892, 7677
6.992, 7676
7.030, 7675
7.037, 7674
7.153, 7673
7.164, 7672
7.281, 7671
7.313, 7670
7.387, 7669
7.576, 7668
7.665, 7667
7.693, 7666
7.708, 7665
7.710, 7664
7.876, 7663
7.887, 7662
7.888, 7661
7.911, 7660
7.916, 7659
7.958, 7658
7.976, 7657
7.986, 7656
7.989, 7655
8.074, 7654
8.095, 7653
8.214, 7652
8.261, 7651
8.394, 7650
8.411, 7649
8.516, 7648
8.597, 7647
8.630, 7646
8.644, 7645
8.676, 7644
8.791, 7643
8.809, 7642
8.895, 7641
8.910, 7640
9.020, 7639
9.023, 7638
9.023, 7637
9.052, 7636
9.099, 7635
9.192, 7634
9.409, 7633
9.759, 7632
9.989, 7631
10.084, 7630
10.148, 7629
10.172, 7628
10.194, 7627
10.419, 7626
10.829, 7625
10.905, 7624
10.950, 7623
11.119, 7622
11.346, 7621
11.383, 7620
11.521, 7619
11.638, 7618
11.773, 7617
12.271, 7616
12.321, 7615
12.433, 7614
12.679, 7613
12.694, 7612
12.799, 7611
12.898, 7610
12.908, 7609
13.112, 7608
13.154, 7607
13.242, 7606
13.572, 7605
14.192, 7604
14.609, 7603
14.679, 7602
15.052, 7601
15.429, 7600
15.580, 7599
17.315, 7598
17.388, 7597
17.682, 7596
17.968, 7595
18.158, 7594
18.850, 7593
20.340, 7592
20.941, 7591
22.660, 7590
22.935, 7589
24.501, 7588
24.897, 7587
