0.001, 9232
0.001, 9231
0.002, 9230
0.003, 9229
0.004, 9228
0.005, 9227
0.005, 9226
0.006, 9225
0.007, 9224
0.008, 9223
0.008, 9222
0.010, 9221
0.010, 9220
0.020, 9219
0.021, 9218
0.022, 9217
0.023, 9216
0.024, 9215
0.026, 9214
0.026, 9213
0.028, 9212
0.029, 9211
0.029, 9210
0.031, 9209
0.034, 9208
0.036, 9207
0.038, 9206
0.039, 9205
0.040, 9204
0.040, 9203
0.043, 9202
0.044, 9201
0.045, 9200
0.046, 9199
0.048, 9198
0.051, 9197
0.052, 9196
0.053, 9195
0.055, 9194
0.056, 9193
0.063, 9192
0.069, 9191
0.070, 9190
0.074, 9189
0.077, 9188
0.078, 9187
0.078, 9186
0.079, 9185
0.080, 9184
0.082, 9183
0.082, 9182
0.083, 9181
0.084, 9180
0.085, 9179
0.087, 9178
0.100, 9177
0.103, 9176
0.103, 9175
0.104, 9174
0.105, 9173
0.107, 9172
0.108, 9171
0.109, 9170
0.110, 9169
0.111, 9168
0.111, 9167
0.112, 9166
0.113, 9165
0.113, 9164
0.114, 9163
0.115, 9162
0.116, 9161
0.119, 9160
0.120, 9159
0.121, 9158
0.121, 9157
0.122, 9156
0.123, 9155
0.125, 9154
0.127, 9153
0.128, 9152
0.129, 9151
0.129, 9150
0.130, 9149
0.131, 9148
0.132, 9147
0.133, 9146
0.135, 9145
0.137, 9144
0.139, 9143
0.139, 9142
0.141, 9141
0.142, 9140
0.143, 9139
0.143, 9138
0.144, 9137
0.147, 9136
0.147, 9135
0.148, 9134
0.150, 9133
0.150, 9132
0.151, 9131
0.152, 9130
0.153, 9129
0.155, 9128
0.156, 9127
0.159, 9126
0.160, 9125
0.160, 9124
0.161, 9123
0.162, 9122
0.163, 9121
0.164, 9120
0.165, 9119
0.166, 9118
0.167, 9117
0.167, 9116
0.168, 9115
0.169, 9114
0.171, 9113
0.172, 9112
0.173, 9111
0.173, 9110
0.174, 9109
0.175, 9108
0.176, 9107
0.177, 9106
0.178, 9105
0.179, 9104
0.180, 9103
0.181, 9102
0.182, 9101
0.183, 9100
0.184, 9099
0.184, 9098
0.186, 9097
0.188, 9096
0.189, 9095
0.189, 9094
0.190, 9093
0.191, 9092
0.192, 9091
0.193, 9090
0.193, 9089
0.194, 9088
0.196, 9087
0.197, 9086
0.198, 9085
0.199, 9084
0.200, 9083
0.201, 9082
0.203, 9081
0.205, 9080
0.206, 9079
0.207, 9078
0.208, 9077
0.209, 9076
0.211, 9075
0.214, 9074
0.216, 9073
0.217, 9072
0.218, 9071
0.219, 9070
0.220, 9069
0.221, 9068
0.221, 9067
0.222, 9066
0.223, 9065
0.223, 9064
0.224, 9063
0.225, 9062
0.225, 9061
0.226, 9060
0.227, 9059
0.227, 9058
0.229, 9057
0.229, 9056
0.232, 9055
0.234, 9054
0.235, 9053
0.236, 9052
0.236, 9051
0.237, 9050
0.238, 9049
0.239, 9048
0.241, 9047
0.242, 9046
0.242, 9045
0.243, 9044
0.244, 9043
0.245, 9042
0.247, 9041
0.248, 9040
0.248, 9039
0.250, 9038
0.251, 9037
0.252, 9036
0.254, 9035
0.254, 9034
0.255, 9033
0.257, 9032
0.258, 9031
0.260, 9030
0.263, 9029
0.264, 9028
0.264, 9027
0.265, 9026
0.266, 9025
0.268, 9024
0.268, 9023
0.270, 9022
0.271, 9021
0.272, 9020
0.273, 9019
0.274, 9018
0.275, 9017
0.277, 9016
0.278, 9015
0.279, 9014
0.280, 9013
0.282, 9012
0.284, 9011
0.285, 9010
0.286, 9009
0.288, 9008
0.288, 9007
0.289, 9006
0.290, 9005
0.291, 9004
0.292, 9003
0.293, 9002
0.294, 9001
0.295, 9000
0.296, 8999
0.297, 8998
0.298, 8997
0.299, 8996
0.301, 8995
0.303, 8994
0.304, 8993
0.307, 8992
0.308, 8991
0.310, 8990
0.311, 8989
0.311, 8988
0.312, 8987
0.313, 8986
0.313, 8985
0.315, 8984
0.317, 8983
0.317, 8982
0.318, 8981
0.319, 8980
0.320, 8979
0.322, 8978
0.322, 8977
0.323, 8976
0.324, 8975
0.325, 8974
0.326, 8973
0.327, 8972
0.330, 8971
0.331, 8970
0.332, 8969
0.333, 8968
0.334, 8967
0.337, 8966
0.339, 8965
0.340, 8964
0.340, 8963
0.342, 8962
0.344, 8961
0.345, 8960
0.345, 8959
0.347, 8958
0.348, 8957
0.352, 8956
0.353, 8955
0.353, 8954
0.354, 8953
0.355, 8952
0.356, 8951
0.358, 8950
0.361, 8949
0.362, 8948
0.363, 8947
0.364, 8946
0.365, 8945
0.366, 8944
0.367, 8943
0.368, 8942
0.370, 8941
0.370, 8940
0.372, 8939
0.372, 8938
0.373, 8937
0.374, 8936
0.374, 8935
0.375, 8934
0.376, 8933
0.376, 8932
0.377, 8931
0.378, 8930
0.379, 8929
0.380, 8928
0.381, 8927
0.382, 8926
0.383, 8925
0.384, 8924
0.387, 8923
0.389, 8922
0.390, 8921
0.392, 8920
0.393, 8919
0.393, 8918
0.394, 8917
0.395, 8916
0.395, 8915
0.398, 8914
0.398, 8913
0.400, 8912
0.403, 8911
0.404, 8910
0.406, 8909
0.407, 8908
0.408, 8907
0.410, 8906
0.411, 8905
0.413, 8904
0.414, 8903
0.415, 8902
0.415, 8901
0.417, 8900
0.418, 8899
0.419, 8898
0.419, 8897
0.421, 8896
0.424, 8895
0.425, 8894
0.426, 8893
0.427, 8892
0.428, 8891
0.429, 8890
0.433, 8889
0.434, 8888
0.434, 8887
0.435, 8886
0.436, 8885
0.440, 8884
0.442, 8883
0.445, 8882
0.446, 8881
0.447, 8880
0.447, 8879
0.449, 8878
0.450, 8877
0.451, 8876
0.453, 8875
0.454, 8874
0.456, 8873
0.457, 8872
0.459, 8871
0.462, 8870
0.463, 8869
0.465, 8868
0.466, 8867
0.467, 8866
0.468, 8865
0.470, 8864
0.471, 8863
0.472, 8862
0.474, 8861
0.475, 8860
0.475, 8859
0.476, 8858
0.479, 8857
0.480, 8856
0.482, 8855
0.486, 8854
0.487, 8853
0.487, 8852
0.488, 8851
0.489, 8850
0.490, 8849
0.491, 8848
0.491, 8847
0.492, 8846
0.494, 8845
0.495, 8844
0.496, 8843
0.497, 8842
0.498, 8841
0.499, 8840
0.502, 8839
0.504, 8838
0.505, 8837
0.506, 8836
0.507, 8835
0.509, 8834
0.512, 8833
0.513, 8832
0.516, 8831
0.517, 8830
0.519, 8829
0.521, 8828
0.525, 8827
0.526, 8826
0.528, 8825
0.529, 8824
0.531, 8823
0.533, 8822
0.533, 8821
0.538, 8820
0.539, 8819
0.540, 8818
0.542, 8817
0.542, 8816
0.545, 8815
0.546, 8814
0.548, 8813
0.554, 8812
0.555, 8811
0.556, 8810
0.558, 8809
0.561, 8808
0.562, 8807
0.563, 8806
0.564, 8805
0.565, 8804
0.566, 8803
0.566, 8802
0.568, 8801
0.569, 8800
0.569, 8799
0.571, 8798
0.572, 8797
0.573, 8796
0.573, 8795
0.577, 8794
0.579, 8793
0.581, 8792
0.582, 8791
0.583, 8790
0.584, 8789
0.585, 8788
0.586, 8787
0.587, 8786
0.588, 8785
0.589, 8784
0.593, 8783
0.594, 8782
0.595, 8781
0.603, 8780
0.605, 8779
0.606, 8778
0.606, 8777
0.608, 8776
0.610, 8775
0.611, 8774
0.612, 8773
0.613, 8772
0.614, 8771
0.615, 8770
0.617, 8769
0.618, 8768
0.620, 8767
0.622, 8766
0.624, 8765
0.625, 8764
0.626, 8763
0.628, 8762
0.632, 8761
0.633, 8760
0.635, 8759
0.636, 8758
0.637, 8757
0.638, 8756
0.640, 8755
0.642, 8754
0.643, 8753
0.646, 8752
0.648, 8751
0.650, 8750
0.650, 8749
0.651, 8748
0.652, 8747
0.653, 8746
0.654, 8745
0.655, 8744
0.656, 8743
0.657, 8742
0.660, 8741
0.663, 8740
0.667, 8739
0.670, 8738
0.671, 8737
0.672, 8736
0.673, 8735
0.675, 8734
0.676, 8733
0.676, 8732
0.678, 8731
0.681, 8730
0.682, 8729
0.682, 8728
0.684, 8727
0.684, 8726
0.685, 8725
0.686, 8724
0.687, 8723
0.688, 8722
0.689, 8721
0.692, 8720
0.694, 8719
0.696, 8718
0.697, 8717
0.698, 8716
0.699, 8715
0.700, 8714
0.700, 8713
0.707, 8712
0.708, 8711
0.710, 8710
0.712, 8709
0.713, 8708
0.714, 8707
0.716, 8706
0.717, 8705
0.718, 8704
0.720, 8703
0.720, 8702
0.722, 8701
0.725, 8700
0.727, 8699
0.729, 8698
0.731, 8697
0.733, 8696
0.733, 8695
0.735, 8694
0.738, 8693
0.739, 8692
0.740, 8691
0.743, 8690
0.744, 8689
0.747, 8688
0.748, 8687
0.748, 8686
0.750, 8685
0.752, 8684
0.753, 8683
0.754, 8682
0.756, 8681
0.757, 8680
0.757, 8679
0.758, 8678
0.759, 8677
0.761, 8676
0.762, 8675
0.765, 8674
0.766, 8673
0.766, 8672
0.769, 8671
0.771, 8670
0.772, 8669
0.773, 8668
0.773, 8667
0.774, 8666
0.775, 8665
0.776, 8664
0.778, 8663
0.778, 8662
0.779, 8661
0.781, 8660
0.782, 8659
0.783, 8658
0.786, 8657
0.787, 8656
0.788, 8655
0.789, 8654
0.792, 8653
0.794, 8652
0.796, 8651
0.798, 8650
0.800, 8649
0.800, 8648
0.801, 8647
0.804, 8646
0.805, 8645
0.807, 8644
0.807, 8643
0.811, 8642
0.813, 8641
0.817, 8640
0.819, 8639
0.821, 8638
0.821, 8637
0.822, 8636
0.823, 8635
0.824, 8634
0.825, 8633
0.826, 8632
0.827, 8631
0.828, 8630
0.830, 8629
0.831, 8628
0.834, 8627
0.835, 8626
0.837, 8625
0.840, 8624
0.841, 8623
0.842, 8622
0.845, 8621
0.846, 8620
0.849, 8619
0.850, 8618
0.851, 8617
0.854, 8616
0.858, 8615
0.862, 8614
0.863, 8613
0.864, 8612
0.866, 8611
0.869, 8610
0.874, 8609
0.878, 8608
0.882, 8607
0.883, 8606
0.890, 8605
0.894, 8604
0.897, 8603
0.903, 8602
0.906, 8601
0.908, 8600
0.911, 8599
0.913, 8598
0.918, 8597
0.919, 8596
0.920, 8595
0.921, 8594
0.922, 8593
0.923, 8592
0.926, 8591
0.927, 8590
0.928, 8589
0.930, 8588
0.931, 8587
0.933, 8586
0.935, 8585
0.936, 8584
0.938, 8583
0.941, 8582
0.943, 8581
0.944, 8580
0.945, 8579
0.945, 8578
0.948, 8577
0.948, 8576
0.949, 8575
0.950, 8574
0.951, 8573
0.957, 8572
0.958, 8571
0.959, 8570
0.960, 8569
0.961, 8568
0.965, 8567
0.965, 8566
0.975, 8565
0.979, 8564
0.987, 8563
0.987, 8562
0.989, 8561
0.990, 8560
0.992, 8559
0.993, 8558
0.994, 8557
0.995, 8556
1.001, 8555
1.002, 8554
1.005, 8553
1.008, 8552
1.010, 8551
1.012, 8550
1.019, 8549
1.023, 8548
1.027, 8547
1.032, 8546
1.033, 8545
1.034, 8544
1.038, 8543
1.039, 8542
1.039, 8541
1.040, 8540
1.041, 8539
1.043, 8538
1.044, 8537
1.045, 8536
1.048, 8535
1.049, 8534
1.050, 8533
1.051, 8532
1.052, 8531
1.055, 8530
1.056, 8529
1.058, 8528
1.062, 8527
1.064, 8526
1.066, 8525
1.067, 8524
1.068, 8523
1.070, 8522
1.071, 8521
1.072, 8520
1.078, 8519
1.080, 8518
1.081, 8517
1.081, 8516
1.082, 8515
1.083, 8514
1.084, 8513
1.088, 8512
1.091, 8511
1.092, 8510
1.094, 8509
1.095, 8508
1.096, 8507
1.097, 8506
1.100, 8505
1.104, 8504
1.106, 8503
1.113, 8502
1.115, 8501
1.117, 8500
1.121, 8499
1.126, 8498
1.129, 8497
1.133, 8496
1.134, 8495
1.135, 8494
1.137, 8493
1.138, 8492
1.156, 8491
1.157, 8490
1.160, 8489
1.162, 8488
1.166, 8487
1.168, 8486
1.173, 8485
1.175, 8484
1.176, 8483
1.177, 8482
1.178, 8481
1.179, 8480
1.181, 8479
1.181, 8478
1.188, 8477
1.189, 8476
1.196, 8475
1.204, 8474
1.204, 8473
1.208, 8472
1.208, 8471
1.210, 8470
1.211, 8469
1.212, 8468
1.214, 8467
1.218, 8466
1.222, 8465
1.225, 8464
1.226, 8463
1.231, 8462
1.232, 8461
1.233, 8460
1.238, 8459
1.239, 8458
1.241, 8457
1.243, 8456
1.244, 8455
1.244, 8454
1.247, 8453
1.254, 8452
1.257, 8451
1.258, 8450
1.259, 8449
1.266, 8448
1.271, 8447
1.277, 8446
1.278, 8445
1.281, 8444
1.283, 8443
1.287, 8442
1.289, 8441
1.291, 8440
1.292, 8439
1.298, 8438
1.302, 8437
1.306, 8436
1.306, 8435
1.308, 8434
1.309, 8433
1.310, 8432
1.313, 8431
1.316, 8430
1.317, 8429
1.322, 8428
1.323, 8427
1.331, 8426
1.335, 8425
1.337, 8424
1.347, 8423
1.349, 8422
1.353, 8421
1.354, 8420
1.355, 8419
1.361, 8418
1.362, 8417
1.364, 8416
1.365, 8415
1.366, 8414
1.367, 8413
1.370, 8412
1.372, 8411
1.376, 8410
1.379, 8409
1.381, 8408
1.382, 8407
1.385, 8406
1.387, 8405
1.399, 8404
1.399, 8403
1.400, 8402
1.401, 8401
1.404, 8400
1.405, 8399
1.407, 8398
1.408, 8397
1.411, 8396
1.412, 8395
1.417, 8394
1.422, 8393
1.423, 8392
1.437, 8391
1.438, 8390
1.438, 8389
1.442, 8388
1.443, 8387
1.447, 8386
1.447, 8385
1.448, 8384
1.450, 8383
1.452, 8382
1.456, 8381
1.456, 8380
1.458, 8379
1.459, 8378
1.460, 8377
1.462, 8376
1.468, 8375
1.470, 8374
1.474, 8373
1.475, 8372
1.485, 8371
1.488, 8370
1.492, 8369
1.493, 8368
1.495, 8367
1.496, 8366
1.501, 8365
1.504, 8364
1.505, 8363
1.508, 8362
1.509, 8361
1.511, 8360
1.512, 8359
1.524, 8358
1.527, 8357
1.528, 8356
1.529, 8355
1.530, 8354
1.531, 8353
1.532, 8352
1.540, 8351
1.543, 8350
1.544, 8349
1.553, 8348
1.555, 8347
1.561, 8346
1.563, 8345
1.566, 8344
1.568, 8343
1.568, 8342
1.572, 8341
1.573, 8340
1.585, 8339
1.586, 8338
1.592, 8337
1.595, 8336
1.601, 8335
1.601, 8334
1.606, 8333
1.607, 8332
1.608, 8331
1.612, 8330
1.614, 8329
1.614, 8328
1.618, 8327
1.619, 8326
1.623, 8325
1.626, 8324
1.629, 8323
1.630, 8322
1.634, 8321
1.636, 8320
1.638, 8319
1.643, 8318
1.644, 8317
1.645, 8316
1.648, 8315
1.650, 8314
1.657, 8313
1.658, 8312
1.664, 8311
1.672, 8310
1.673, 8309
1.679, 8308
1.689, 8307
1.692, 8306
1.694, 8305
1.695, 8304
1.698, 8303
1.699, 8302
1.704, 8301
1.708, 8300
1.710, 8299
1.712, 8298
1.717, 8297
1.718, 8296
1.720, 8295
1.735, 8294
1.739, 8293
1.743, 8292
1.745, 8291
1.746, 8290
1.748, 8289
1.764, 8288
1.765, 8287
1.769, 8286
1.772, 8285
1.772, 8284
1.774, 8283
1.776, 8282
1.781, 8281
1.781, 8280
1.783, 8279
1.784, 8278
1.786, 8277
1.788, 8276
1.790, 8275
1.791, 8274
1.794, 8273
1.795, 8272
1.796, 8271
1.797, 8270
1.800, 8269
1.807, 8268
1.808, 8267
1.809, 8266
1.813, 8265
1.813, 8264
1.815, 8263
1.815, 8262
1.817, 8261
1.822, 8260
1.823, 8259
1.831, 8258
1.841, 8257
1.856, 8256
1.860, 8255
1.863, 8254
1.865, 8253
1.878, 8252
1.880, 8251
1.887, 8250
1.893, 8249
1.895, 8248
1.904, 8247
1.912, 8246
1.914, 8245
1.915, 8244
1.917, 8243
1.923, 8242
1.927, 8241
1.931, 8240
1.932, 8239
1.933, 8238
1.937, 8237
1.964, 8236
1.965, 8235
1.966, 8234
1.967, 8233
1.968, 8232
1.972, 8231
1.974, 8230
1.979, 8229
1.986, 8228
1.996, 8227
1.996, 8226
2.004, 8225
2.007, 8224
2.013, 8223
2.016, 8222
2.024, 8221
2.044, 8220
2.046, 8219
2.048, 8218
2.049, 8217
2.052, 8216
2.053, 8215
2.059, 8214
2.064, 8213
2.065, 8212
2.075, 8211
2.076, 8210
2.078, 8209
2.079, 8208
2.084, 8207
2.085, 8206
2.091, 8205
2.092, 8204
2.093, 8203
2.099, 8202
2.106, 8201
2.107, 8200
2.109, 8199
2.117, 8198
2.121, 8197
2.125, 8196
2.126, 8195
2.133, 8194
2.134, 8193
2.139, 8192
2.140, 8191
2.143, 8190
2.145, 8189
2.146, 8188
2.148, 8187
2.152, 8186
2.154, 8185
2.157, 8184
2.168, 8183
2.174, 8182
2.180, 8181
2.189, 8180
2.205, 8179
2.208, 8178
2.212, 8177
2.215, 8176
2.216, 8175
2.221, 8174
2.230, 8173
2.231, 8172
2.234, 8171
2.239, 8170
2.248, 8169
2.252, 8168
2.254, 8167
2.257, 8166
2.257, 8165
2.260, 8164
2.261, 8163
2.263, 8162
2.264, 8161
2.266, 8160
2.269, 8159
2.277, 8158
2.287, 8157
2.291, 8156
2.292, 8155
2.296, 8154
2.298, 8153
2.299, 8152
2.303, 8151
2.312, 8150
2.318, 8149
2.318, 8148
2.322, 8147
2.325, 8146
2.328, 8145
2.330, 8144
2.344, 8143
2.347, 8142
2.352, 8141
2.354, 8140
2.356, 8139
2.361, 8138
2.368, 8137
2.374, 8136
2.375, 8135
2.380, 8134
2.381, 8133
2.382, 8132
2.388, 8131
2.391, 8130
2.394, 8129
2.401, 8128
2.408, 8127
2.412, 8126
2.418, 8125
2.423, 8124
2.425, 8123
2.427, 8122
2.433, 8121
2.437, 8120
2.437, 8119
2.441, 8118
2.445, 8117
2.447, 8116
2.448, 8115
2.450, 8114
2.455, 8113
2.456, 8112
2.473, 8111
2.479, 8110
2.496, 8109
2.504, 8108
2.505, 8107
2.509, 8106
2.510, 8105
2.522, 8104
2.524, 8103
2.530, 8102
2.532, 8101
2.535, 8100
2.536, 8099
2.543, 8098
2.546, 8097
2.550, 8096
2.554, 8095
2.555, 8094
2.557, 8093
2.559, 8092
2.565, 8091
2.570, 8090
2.571, 8089
2.578, 8088
2.579, 8087
2.582, 8086
2.589, 8085
2.603, 8084
2.607, 8083
2.612, 8082
2.615, 8081
2.616, 8080
2.617, 8079
2.623, 8078
2.630, 8077
2.633, 8076
2.649, 8075
2.653, 8074
2.659, 8073
2.662, 8072
2.672, 8071
2.677, 8070
2.678, 8069
2.678, 8068
2.687, 8067
2.689, 8066
2.701, 8065
2.704, 8064
2.706, 8063
2.712, 8062
2.714, 8061
2.726, 8060
2.732, 8059
2.736, 8058
2.738, 8057
2.740, 8056
2.748, 8055
2.750, 8054
2.751, 8053
2.755, 8052
2.757, 8051
2.762, 8050
2.771, 8049
2.779, 8048
2.784, 8047
2.788, 8046
2.795, 8045
2.803, 8044
2.819, 8043
2.834, 8042
2.838, 8041
2.840, 8040
2.842, 8039
2.849, 8038
2.853, 8037
2.856, 8036
2.860, 8035
2.866, 8034
2.866, 8033
2.869, 8032
2.882, 8031
2.886, 8030
2.887, 8029
2.893, 8028
2.894, 8027
2.896, 8026
2.901, 8025
2.920, 8024
2.921, 8023
2.923, 8022
2.932, 8021
2.941, 8020
2.944, 8019
2.947, 8018
2.949, 8017
2.950, 8016
2.953, 8015
2.953, 8014
2.974, 8013
2.983, 8012
2.995, 8011
3.005, 8010
3.020, 8009
3.028, 8008
3.033, 8007
3.038, 8006
3.043, 8005
3.053, 8004
3.056, 8003
3.056, 8002
3.063, 8001
3.067, 8000
3.088, 7999
3.097, 7998
3.099, 7997
3.104, 7996
3.115, 7995
3.116, 7994
3.118, 7993
3.126, 7992
3.130, 7991
3.134, 7990
3.146, 7989
3.163, 7988
3.167, 7987
3.173, 7986
3.177, 7985
3.181, 7984
3.187, 7983
3.195, 7982
3.196, 7981
3.203, 7980
3.208, 7979
3.213, 7978
3.223, 7977
3.225, 7976
3.230, 7975
3.231, 7974
3.233, 7973
3.234, 7972
3.241, 7971
3.251, 7970
3.264, 7969
3.276, 7968
3.287, 7967
3.288, 7966
3.291, 7965
3.299, 7964
3.301, 7963
3.303, 7962
3.310, 7961
3.320, 7960
3.321, 7959
3.339, 7958
3.341, 7957
3.342, 7956
3.344, 7955
3.372, 7954
3.417, 7953
3.420, 7952
3.421, 7951
3.426, 7950
3.441, 7949
3.451, 7948
3.452, 7947
3.468, 7946
3.471, 7945
3.477, 7944
3.478, 7943
3.497, 7942
3.500, 7941
3.516, 7940
3.526, 7939
3.536, 7938
3.542, 7937
3.546, 7936
3.548, 7935
3.556, 7934
3.562, 7933
3.564, 7932
3.570, 7931
3.584, 7930
3.587, 7929
3.598, 7928
3.629, 7927
3.631, 7926
3.632, 7925
3.636, 7924
3.646, 7923
3.650, 7922
3.657, 7921
3.671, 7920
3.688, 7919
3.692, 7918
3.713, 7917
3.723, 7916
3.735, 7915
3.744, 7914
3.751, 7913
3.758, 7912
3.759, 7911
3.761, 7910
3.762, 7909
3.793, 7908
3.803, 7907
3.809, 7906
3.813, 7905
3.816, 7904
3.819, 7903
3.824, 7902
3.838, 7901
3.860, 7900
3.885, 7899
3.891, 7898
3.893, 7897
3.908, 7896
3.940, 7895
3.952, 7894
3.953, 7893
3.958, 7892
3.959, 7891
3.966, 7890
3.968, 7889
3.978, 7888
3.983, 7887
4.008, 7886
4.015, 7885
4.056, 7884
4.062, 7883
4.066, 7882
4.067, 7881
4.069, 7880
4.072, 7879
4.073, 7878
4.074, 7877
4.081, 7876
4.095, 7875
4.108, 7874
4.110, 7873
4.116, 7872
4.131, 7871
4.147, 7870
4.150, 7869
4.150, 7868
4.152, 7867
4.166, 7866
4.173, 7865
4.176, 7864
4.189, 7863
4.249, 7862
4.254, 7861
4.263, 7860
4.265, 7859
4.266, 7858
4.279, 7857
4.299, 7856
4.302, 7855
4.307, 7854
4.321, 7853
4.332, 7852
4.333, 7851
4.360, 7850
4.368, 7849
4.370, 7848
4.388, 7847
4.398, 7846
4.402, 7845
4.424, 7844
4.433, 7843
4.447, 7842
4.455, 7841
4.458, 7840
4.481, 7839
4.483, 7838
4.526, 7837
4.539, 7836
4.545, 7835
4.573, 7834
4.581, 7833
4.590, 7832
4.609, 7831
4.622, 7830
4.631, 7829
4.632, 7828
4.653, 7827
4.658, 7826
4.669, 7825
4.674, 7824
4.690, 7823
4.701, 7822
4.708, 7821
4.718, 7820
4.723, 7819
4.725, 7818
4.733, 7817
4.734, 7816
4.737, 7815
4.758, 7814
4.784, 7813
4.791, 7812
4.793, 7811
4.833, 7810
4.878, 7809
4.881, 7808
4.899, 7807
4.913, 7806
4.922, 7805
4.947, 7804
4.951, 7803
4.971, 7802
4.977, 7801
4.999, 7800
5.026, 7799
5.071, 7798
5.084, 7797
5.122, 7796
5.130, 7795
5.132, 7794
5.164, 7793
5.172, 7792
5.175, 7791
5.177, 7790
5.192, 7789
5.265, 7788
5.303, 7787
5.306, 7786
5.323, 7785
5.332, 7784
5.357, 7783
5.379, 7782
5.398, 7781
5.402, 7780
5.429, 7779
5.440, 7778
5.446, 7777
5.460, 7776
5.464, 7775
5.514, 7774
5.548, 7773
5.563, 7772
5.568, 7771
5.569, 7770
5.580, 7769
5.590, 7768
5.596, 7767
5.626, 7766
5.641, 7765
5.654, 7764
5.659, 7763
5.678, 7762
5.713, 7761
5.733, 7760
5.736, 7759
5.740, 7758
5.750, 7757
5.763, 7756
5.779, 7755
5.814, 7754
5.822, 7753
5.827, 7752
5.836, 7751
5.861, 7750
5.870, 7749
5.880, 7748
5.938, 7747
5.951, 7746
5.988, 7745
5.999, 7744
6.000, 7743
6.011, 7742
6.038, 7741
6.056, 7740
6.068, 7739
6.110, 7738
6.115, 7737
6.116, 7736
6.133, 7735
6.167, 7734
6.181, 7733
6.229, 7732
6.311, 7731
6.360, 7730
6.376, 7729
6.384, 7728
6.400, 7727
6.405, 7726
6.406, 7725
6.425, 7724
6.429, 7723
6.432, 7722
6.494, 7721
6.547, 7720
6.608, 7719
6.628, 7718
6.683, 7717
6.695, 7716
6.742, 7715
6.753, 7714
6.762, 7713
6.796, 7712
6.830, 7711
6.835, 7710
6.838, 7709
6.925, 7708
6.942, 7707
6.958, 7706
6.967, 7705
6.975, 7704
6.983, 7703
7.024, 7702
7.062, 7701
7.078, 7700
7.101, 7699
7.124, 7698
7.180, 7697
7.210, 7696
7.220, 7695
7.252, 7694
7.282, 7693
7.319, 7692
7.353, 7691
7.419, 7690
7.493, 7689
7.533, 7688
7.559, 7687
7.560, 7686
7.609, 7685
7.648, 7684
7.666, 7683
7.683, 7682
7.711, 7681
7.717, 7680
7.735, 7679
7.788, 7678
7.823, 7677
7.848, 7676
7.864, 7675
7.873, 7674
7.884, 7673
7.886, 7672
7.894, 7671
7.989, 7670
7.992, 7669
8.033, 7668
8.169, 7667
8.204, 7666
8.211, 7665
8.304, 7664
8.356, 7663
8.412, 7662
8.432, 7661
8.629, 7660
8.761, 7659
8.875, 7658
8.889, 7657
9.035, 7656
9.166, 7655
9.169, 7654
9.255, 7653
9.421, 7652
9.423, 7651
9.496, 7650
9.624, 7649
9.628, 7648
9.698, 7647
9.808, 7646
10.091, 7645
10.220, 7644
10.260, 7643
10.278, 7642
10.380, 7641
10.442, 7640
10.478, 7639
10.742, 7638
10.910, 7637
11.242, 7636
11.379, 7635
11.829, 7634
12.061, 7633
12.108, 7632
12.281, 7631
12.476, 7630
12.480, 7629
12.605, 7628
12.790, 7627
12.924, 7626
12.939, 7625
13.051, 7624
13.142, 7623
13.202, 7622
13.805, 7621
13.841, 7620
13.934, 7619
14.074, 7618
14.964, 7617
15.011, 7616
15.068, 7615
15.706, 7614
16.443, 7613
16.453, 7612
17.262, 7611
20.412, 7610
24.067, 7609
24.467, 7608
24.589, 7607
27.077, 7606
30.666, 7605
