0.001, 9232
0.002, 9231
0.002, 9230
0.004, 9229
0.005, 9228
0.006, 9227
0.008, 9226
0.008, 9225
0.009, 9224
0.010, 9223
0.011, 9222
0.012, 9221
0.015, 9220
0.016, 9219
0.017, 9218
0.019, 9217
0.019, 9216
0.021, 9215
0.022, 9214
0.023, 9213
0.024, 9212
0.025, 9211
0.027, 9210
0.028, 9209
0.029, 9208
0.030, 9207
0.030, 9206
0.032, 9205
0.034, 9204
0.035, 9203
0.038, 9202
0.040, 9201
0.043, 9200
0.044, 9199
0.045, 9198
0.046, 9197
0.047, 9196
0.054, 9195
0.055, 9194
0.056, 9193
0.061, 9192
0.062, 9191
0.062, 9190
0.064, 9189
0.066, 9188
0.067, 9187
0.067, 9186
0.070, 9185
0.071, 9184
0.074, 9183
0.075, 9182
0.076, 9181
0.078, 9180
0.079, 9179
0.080, 9178
0.080, 9177
0.081, 9176
0.082, 9175
0.085, 9174
0.089, 9173
0.090, 9172
0.091, 9171
0.094, 9170
0.095, 9169
0.095, 9168
0.096, 9167
0.097, 9166
0.098, 9165
0.099, 9164
0.101, 9163
0.102, 9162
0.103, 9161
0.104, 9160
0.112, 9159
0.113, 9158
0.114, 9157
0.116, 9156
0.117, 9155
0.118, 9154
0.120, 9153
0.126, 9152
0.127, 9151
0.130, 9150
0.130, 9149
0.131, 9148
0.132, 9147
0.135, 9146
0.136, 9145
0.138, 9144
0.138, 9143
0.139, 9142
0.140, 9141
0.141, 9140
0.144, 9139
0.145, 9138
0.146, 9137
0.147, 9136
0.148, 9135
0.149, 9134
0.149, 9133
0.150, 9132
0.151, 9131
0.152, 9130
0.152, 9129
0.153, 9128
0.154, 9127
0.155, 9126
0.156, 9125
0.157, 9124
0.158, 9123
0.159, 9122
0.161, 9121
0.162, 9120
0.163, 9119
0.164, 9118
0.165, 9117
0.165, 9116
0.167, 9115
0.168, 9114
0.169, 9113
0.170, 9112
0.171, 9111
0.173, 9110
0.174, 9109
0.175, 9108
0.176, 9107
0.177, 9106
0.178, 9105
0.179, 9104
0.180, 9103
0.181, 9102
0.182, 9101
0.182, 9100
0.183, 9099
0.185, 9098
0.186, 9097
0.187, 9096
0.188, 9095
0.189, 9094
0.190, 9093
0.191, 9092
0.191, 9091
0.193, 9090
0.193, 9089
0.194, 9088
0.195, 9087
0.196, 9086
0.197, 9085
0.197, 9084
0.198, 9083
0.199, 9082
0.200, 9081
0.200, 9080
0.201, 9079
0.202, 9078
0.202, 9077
0.203, 9076
0.204, 9075
0.206, 9074
0.206, 9073
0.208, 9072
0.209, 9071
0.210, 9070
0.211, 9069
0.212, 9068
0.212, 9067
0.214, 9066
0.215, 9065
0.216, 9064
0.217, 9063
0.218, 9062
0.219, 9061
0.221, 9060
0.221, 9059
0.222, 9058
0.225, 9057
0.225, 9056
0.226, 9055
0.227, 9054
0.228, 9053
0.229, 9052
0.230, 9051
0.231, 9050
0.232, 9049
0.234, 9048
0.236, 9047
0.237, 9046
0.240, 9045
0.241, 9044
0.242, 9043
0.243, 9042
0.244, 9041
0.246, 9040
0.248, 9039
0.249, 9038
0.250, 9037
0.251, 9036
0.252, 9035
0.252, 9034
0.253, 9033
0.254, 9032
0.256, 9031
0.257, 9030
0.258, 9029
0.260, 9028
0.261, 9027
0.262, 9026
0.264, 9025
0.266, 9024
0.267, 9023
0.269, 9022
0.269, 9021
0.270, 9020
0.271, 9019
0.271, 9018
0.273, 9017
0.273, 9016
0.276, 9015
0.276, 9014
0.277, 9013
0.278, 9012
0.279, 9011
0.283, 9010
0.284, 9009
0.286, 9008
0.286, 9007
0.288, 9006
0.290, 9005
0.290, 9004
0.292, 9003
0.297, 9002
0.300, 9001
0.302, 9000
0.303, 8999
0.305, 8998
0.307, 8997
0.308, 8996
0.310, 8995
0.312, 8994
0.314, 8993
0.315, 8992
0.316, 8991
0.317, 8990
0.318, 8989
0.320, 8988
0.321, 8987
0.322, 8986
0.322, 8985
0.324, 8984
0.325, 8983
0.326, 8982
0.328, 8981
0.330, 8980
0.331, 8979
0.333, 8978
0.335, 8977
0.336, 8976
0.337, 8975
0.337, 8974
0.338, 8973
0.339, 8972
0.340, 8971
0.341, 8970
0.342, 8969
0.343, 8968
0.343, 8967
0.344, 8966
0.345, 8965
0.346, 8964
0.349, 8963
0.350, 8962
0.350, 8961
0.353, 8960
0.354, 8959
0.355, 8958
0.356, 8957
0.358, 8956
0.358, 8955
0.359, 8954
0.360, 8953
0.364, 8952
0.365, 8951
0.367, 8950
0.367, 8949
0.368, 8948
0.369, 8947
0.371, 8946
0.373, 8945
0.375, 8944
0.376, 8943
0.379, 8942
0.382, 8941
0.383, 8940
0.384, 8939
0.385, 8938
0.385, 8937
0.387, 8936
0.387, 8935
0.390, 8934
0.390, 8933
0.391, 8932
0.392, 8931
0.394, 8930
0.396, 8929
0.396, 8928
0.397, 8927
0.398, 8926
0.399, 8925
0.400, 8924
0.402, 8923
0.402, 8922
0.404, 8921
0.405, 8920
0.407, 8919
0.407, 8918
0.409, 8917
0.410, 8916
0.412, 8915
0.414, 8914
0.417, 8913
0.418, 8912
0.418, 8911
0.419, 8910
0.420, 8909
0.422, 8908
0.423, 8907
0.424, 8906
0.425, 8905
0.426, 8904
0.427, 8903
0.428, 8902
0.429, 8901
0.430, 8900
0.432, 8899
0.434, 8898
0.435, 8897
0.437, 8896
0.437, 8895
0.438, 8894
0.439, 8893
0.440, 8892
0.441, 8891
0.442, 8890
0.443, 8889
0.446, 8888
0.450, 8887
0.451, 8886
0.452, 8885
0.452, 8884
0.454, 8883
0.456, 8882
0.456, 8881
0.457, 8880
0.459, 8879
0.461, 8878
0.462, 8877
0.464, 8876
0.465, 8875
0.467, 8874
0.468, 8873
0.471, 8872
0.472, 8871
0.473, 8870
0.474, 8869
0.474, 8868
0.478, 8867
0.479, 8866
0.480, 8865
0.481, 8864
0.482, 8863
0.483, 8862
0.483, 8861
0.485, 8860
0.487, 8859
0.487, 8858
0.489, 8857
0.491, 8856
0.493, 8855
0.496, 8854
0.497, 8853
0.499, 8852
0.501, 8851
0.502, 8850
0.506, 8849
0.507, 8848
0.508, 8847
0.509, 8846
0.511, 8845
0.512, 8844
0.514, 8843
0.514, 8842
0.517, 8841
0.517, 8840
0.518, 8839
0.519, 8838
0.521, 8837
0.522, 8836
0.524, 8835
0.525, 8834
0.529, 8833
0.529, 8832
0.530, 8831
0.531, 8830
0.532, 8829
0.534, 8828
0.535, 8827
0.536, 8826
0.538, 8825
0.540, 8824
0.541, 8823
0.543, 8822
0.546, 8821
0.547, 8820
0.549, 8819
0.553, 8818
0.554, 8817
0.555, 8816
0.556, 8815
0.557, 8814
0.558, 8813
0.559, 8812
0.560, 8811
0.561, 8810
0.563, 8809
0.567, 8808
0.568, 8807
0.572, 8806
0.573, 8805
0.577, 8804
0.578, 8803
0.579, 8802
0.581, 8801
0.582, 8800
0.583, 8799
0.585, 8798
0.586, 8797
0.588, 8796
0.588, 8795
0.591, 8794
0.592, 8793
0.596, 8792
0.597, 8791
0.599, 8790
0.601, 8789
0.603, 8788
0.604, 8787
0.605, 8786
0.606, 8785
0.608, 8784
0.609, 8783
0.610, 8782
0.611, 8781
0.614, 8780
0.616, 8779
0.617, 8778
0.617, 8777
0.619, 8776
0.623, 8775
0.630, 8774
0.631, 8773
0.632, 8772
0.634, 8771
0.635, 8770
0.636, 8769
0.637, 8768
0.640, 8767
0.642, 8766
0.643, 8765
0.644, 8764
0.647, 8763
0.649, 8762
0.649, 8761
0.651, 8760
0.651, 8759
0.656, 8758
0.657, 8757
0.658, 8756
0.661, 8755
0.664, 8754
0.665, 8753
0.665, 8752
0.667, 8751
0.668, 8750
0.670, 8749
0.673, 8748
0.675, 8747
0.676, 8746
0.677, 8745
0.680, 8744
0.681, 8743
0.682, 8742
0.683, 8741
0.684, 8740
0.685, 8739
0.688, 8738
0.690, 8737
0.691, 8736
0.691, 8735
0.693, 8734
0.695, 8733
0.695, 8732
0.700, 8731
0.702, 8730
0.705, 8729
0.707, 8728
0.707, 8727
0.708, 8726
0.710, 8725
0.712, 8724
0.713, 8723
0.715, 8722
0.715, 8721
0.716, 8720
0.717, 8719
0.718, 8718
0.719, 8717
0.721, 8716
0.722, 8715
0.724, 8714
0.725, 8713
0.726, 8712
0.727, 8711
0.730, 8710
0.730, 8709
0.733, 8708
0.734, 8707
0.735, 8706
0.736, 8705
0.741, 8704
0.741, 8703
0.744, 8702
0.746, 8701
0.750, 8700
0.752, 8699
0.753, 8698
0.754, 8697
0.754, 8696
0.755, 8695
0.756, 8694
0.756, 8693
0.758, 8692
0.759, 8691
0.760, 8690
0.761, 8689
0.762, 8688
0.765, 8687
0.765, 8686
0.766, 8685
0.768, 8684
0.769, 8683
0.771, 8682
0.772, 8681
0.774, 8680
0.774, 8679
0.778, 8678
0.778, 8677
0.780, 8676
0.783, 8675
0.785, 8674
0.786, 8673
0.787, 8672
0.790, 8671
0.791, 8670
0.793, 8669
0.793, 8668
0.795, 8667
0.795, 8666
0.796, 8665
0.797, 8664
0.800, 8663
0.801, 8662
0.802, 8661
0.804, 8660
0.811, 8659
0.814, 8658
0.815, 8657
0.816, 8656
0.817, 8655
0.818, 8654
0.819, 8653
0.828, 8652
0.832, 8651
0.834, 8650
0.835, 8649
0.836, 8648
0.843, 8647
0.847, 8646
0.849, 8645
0.855, 8644
0.856, 8643
0.857, 8642
0.859, 8641
0.860, 8640
0.862, 8639
0.864, 8638
0.865, 8637
0.866, 8636
0.868, 8635
0.873, 8634
0.879, 8633
0.880, 8632
0.887, 8631
0.887, 8630
0.891, 8629
0.892, 8628
0.893, 8627
0.893, 8626
0.894, 8625
0.895, 8624
0.901, 8623
0.901, 8622
0.902, 8621
0.904, 8620
0.907, 8619
0.908, 8618
0.910, 8617
0.912, 8616
0.913, 8615
0.917, 8614
0.919, 8613
0.919, 8612
0.924, 8611
0.926, 8610
0.926, 8609
0.927, 8608
0.929, 8607
0.930, 8606
0.931, 8605
0.932, 8604
0.935, 8603
0.936, 8602
0.939, 8601
0.940, 8600
0.940, 8599
0.945, 8598
0.948, 8597
0.948, 8596
0.952, 8595
0.954, 8594
0.959, 8593
0.960, 8592
0.960, 8591
0.962, 8590
0.964, 8589
0.969, 8588
0.970, 8587
0.973, 8586
0.988, 8585
1.001, 8584
1.003, 8583
1.008, 8582
1.010, 8581
1.013, 8580
1.015, 8579
1.017, 8578
1.018, 8577
1.022, 8576
1.025, 8575
1.026, 8574
1.027, 8573
1.030, 8572
1.035, 8571
1.036, 8570
1.040, 8569
1.041, 8568
1.043, 8567
1.045, 8566
1.048, 8565
1.052, 8564
1.054, 8563
1.056, 8562
1.058, 8561
1.060, 8560
1.064, 8559
1.073, 8558
1.074, 8557
1.075, 8556
1.076, 8555
1.082, 8554
1.084, 8553
1.084, 8552
1.087, 8551
1.090, 8550
1.091, 8549
1.092, 8548
1.092, 8547
1.096, 8546
1.097, 8545
1.103, 8544
1.105, 8543
1.108, 8542
1.109, 8541
1.111, 8540
1.124, 8539
1.126, 8538
1.133, 8537
1.134, 8536
1.135, 8535
1.136, 8534
1.138, 8533
1.138, 8532
1.139, 8531
1.140, 8530
1.141, 8529
1.150, 8528
1.151, 8527
1.152, 8526
1.153, 8525
1.153, 8524
1.154, 8523
1.156, 8522
1.156, 8521
1.158, 8520
1.159, 8519
1.162, 8518
1.163, 8517
1.165, 8516
1.166, 8515
1.169, 8514
1.170, 8513
1.172, 8512
1.174, 8511
1.175, 8510
1.177, 8509
1.178, 8508
1.179, 8507
1.180, 8506
1.181, 8505
1.184, 8504
1.186, 8503
1.189, 8502
1.191, 8501
1.194, 8500
1.195, 8499
1.199, 8498
1.200, 8497
1.202, 8496
1.204, 8495
1.205, 8494
1.206, 8493
1.208, 8492
1.211, 8491
1.219, 8490
1.221, 8489
1.222, 8488
1.223, 8487
1.226, 8486
1.227, 8485
1.229, 8484
1.231, 8483
1.231, 8482
1.235, 8481
1.238, 8480
1.239, 8479
1.240, 8478
1.241, 8477
1.243, 8476
1.244, 8475
1.250, 8474
1.257, 8473
1.257, 8472
1.259, 8471
1.260, 8470
1.262, 8469
1.263, 8468
1.267, 8467
1.269, 8466
1.271, 8465
1.271, 8464
1.275, 8463
1.276, 8462
1.276, 8461
1.277, 8460
1.278, 8459
1.281, 8458
1.284, 8457
1.291, 8456
1.292, 8455
1.293, 8454
1.294, 8453
1.298, 8452
1.301, 8451
1.304, 8450
1.305, 8449
1.306, 8448
1.309, 8447
1.310, 8446
1.313, 8445
1.315, 8444
1.316, 8443
1.318, 8442
1.320, 8441
1.321, 8440
1.323, 8439
1.324, 8438
1.327, 8437
1.328, 8436
1.330, 8435
1.331, 8434
1.335, 8433
1.337, 8432
1.339, 8431
1.343, 8430
1.344, 8429
1.345, 8428
1.346, 8427
1.347, 8426
1.351, 8425
1.353, 8424
1.359, 8423
1.360, 8422
1.364, 8421
1.367, 8420
1.369, 8419
1.370, 8418
1.372, 8417
1.374, 8416
1.375, 8415
1.376, 8414
1.378, 8413
1.379, 8412
1.382, 8411
1.387, 8410
1.391, 8409
1.392, 8408
1.393, 8407
1.395, 8406
1.398, 8405
1.400, 8404
1.401, 8403
1.404, 8402
1.409, 8401
1.409, 8400
1.412, 8399
1.415, 8398
1.422, 8397
1.423, 8396
1.424, 8395
1.424, 8394
1.431, 8393
1.433, 8392
1.434, 8391
1.436, 8390
1.441, 8389
1.442, 8388
1.445, 8387
1.446, 8386
1.449, 8385
1.452, 8384
1.455, 8383
1.457, 8382
1.458, 8381
1.459, 8380
1.459, 8379
1.461, 8378
1.463, 8377
1.463, 8376
1.464, 8375
1.465, 8374
1.467, 8373
1.467, 8372
1.472, 8371
1.476, 8370
1.483, 8369
1.485, 8368
1.490, 8367
1.497, 8366
1.499, 8365
1.507, 8364
1.508, 8363
1.513, 8362
1.516, 8361
1.518, 8360
1.521, 8359
1.527, 8358
1.528, 8357
1.535, 8356
1.538, 8355
1.555, 8354
1.562, 8353
1.563, 8352
1.564, 8351
1.565, 8350
1.571, 8349
1.584, 8348
1.592, 8347
1.595, 8346
1.598, 8345
1.600, 8344
1.603, 8343
1.609, 8342
1.613, 8341
1.616, 8340
1.618, 8339
1.620, 8338
1.623, 8337
1.624, 8336
1.629, 8335
1.630, 8334
1.631, 8333
1.639, 8332
1.642, 8331
1.643, 8330
1.644, 8329
1.648, 8328
1.650, 8327
1.651, 8326
1.655, 8325
1.657, 8324
1.658, 8323
1.659, 8322
1.660, 8321
1.662, 8320
1.664, 8319
1.664, 8318
1.667, 8317
1.668, 8316
1.670, 8315
1.674, 8314
1.681, 8313
1.684, 8312
1.689, 8311
1.695, 8310
1.696, 8309
1.706, 8308
1.707, 8307
1.707, 8306
1.710, 8305
1.711, 8304
1.711, 8303
1.714, 8302
1.717, 8301
1.718, 8300
1.721, 8299
1.726, 8298
1.728, 8297
1.732, 8296
1.734, 8295
1.743, 8294
1.749, 8293
1.757, 8292
1.760, 8291
1.764, 8290
1.771, 8289
1.773, 8288
1.775, 8287
1.776, 8286
1.781, 8285
1.782, 8284
1.783, 8283
1.787, 8282
1.790, 8281
1.793, 8280
1.796, 8279
1.804, 8278
1.805, 8277
1.807, 8276
1.811, 8275
1.812, 8274
1.818, 8273
1.823, 8272
1.823, 8271
1.827, 8270
1.829, 8269
1.830, 8268
1.836, 8267
1.842, 8266
1.845, 8265
1.848, 8264
1.850, 8263
1.862, 8262
1.863, 8261
1.865, 8260
1.866, 8259
1.868, 8258
1.875, 8257
1.875, 8256
1.876, 8255
1.881, 8254
1.884, 8253
1.890, 8252
1.894, 8251
1.894, 8250
1.895, 8249
1.905, 8248
1.910, 8247
1.911, 8246
1.914, 8245
1.915, 8244
1.916, 8243
1.917, 8242
1.919, 8241
1.920, 8240
1.925, 8239
1.928, 8238
1.928, 8237
1.932, 8236
1.940, 8235
1.942, 8234
1.948, 8233
1.951, 8232
1.953, 8231
1.954, 8230
1.957, 8229
1.958, 8228
1.962, 8227
1.965, 8226
1.965, 8225
1.966, 8224
1.969, 8223
1.971, 8222
1.972, 8221
1.974, 8220
1.989, 8219
1.990, 8218
1.992, 8217
1.999, 8216
2.001, 8215
2.004, 8214
2.007, 8213
2.008, 8212
2.015, 8211
2.021, 8210
2.032, 8209
2.040, 8208
2.046, 8207
2.048, 8206
2.057, 8205
2.058, 8204
2.061, 8203
2.063, 8202
2.067, 8201
2.071, 8200
2.072, 8199
2.081, 8198
2.083, 8197
2.094, 8196
2.096, 8195
2.102, 8194
2.104, 8193
2.105, 8192
2.111, 8191
2.130, 8190
2.130, 8189
2.132, 8188
2.145, 8187
2.148, 8186
2.155, 8185
2.165, 8184
2.184, 8183
2.186, 8182
2.187, 8181
2.192, 8180
2.193, 8179
2.198, 8178
2.199, 8177
2.202, 8176
2.203, 8175
2.204, 8174
2.209, 8173
2.214, 8172
2.215, 8171
2.216, 8170
2.216, 8169
2.220, 8168
2.221, 8167
2.223, 8166
2.224, 8165
2.226, 8164
2.229, 8163
2.232, 8162
2.234, 8161
2.236, 8160
2.246, 8159
2.249, 8158
2.252, 8157
2.254, 8156
2.256, 8155
2.262, 8154
2.263, 8153
2.269, 8152
2.272, 8151
2.277, 8150
2.280, 8149
2.285, 8148
2.291, 8147
2.296, 8146
2.298, 8145
2.300, 8144
2.304, 8143
2.310, 8142
2.317, 8141
2.320, 8140
2.322, 8139
2.324, 8138
2.334, 8137
2.343, 8136
2.347, 8135
2.352, 8134
2.356, 8133
2.363, 8132
2.364, 8131
2.364, 8130
2.374, 8129
2.381, 8128
2.387, 8127
2.395, 8126
2.405, 8125
2.407, 8124
2.410, 8123
2.414, 8122
2.422, 8121
2.426, 8120
2.427, 8119
2.430, 8118
2.433, 8117
2.434, 8116
2.440, 8115
2.441, 8114
2.454, 8113
2.459, 8112
2.461, 8111
2.466, 8110
2.468, 8109
2.474, 8108
2.478, 8107
2.479, 8106
2.481, 8105
2.485, 8104
2.487, 8103
2.496, 8102
2.497, 8101
2.499, 8100
2.504, 8099
2.505, 8098
2.509, 8097
2.518, 8096
2.521, 8095
2.527, 8094
2.533, 8093
2.540, 8092
2.542, 8091
2.544, 8090
2.550, 8089
2.557, 8088
2.559, 8087
2.559, 8086
2.563, 8085
2.566, 8084
2.568, 8083
2.577, 8082
2.584, 8081
2.594, 8080
2.601, 8079
2.602, 8078
2.604, 8077
2.611, 8076
2.611, 8075
2.619, 8074
2.620, 8073
2.628, 8072
2.633, 8071
2.634, 8070
2.639, 8069
2.644, 8068
2.659, 8067
2.662, 8066
2.667, 8065
2.668, 8064
2.674, 8063
2.676, 8062
2.683, 8061
2.684, 8060
2.687, 8059
2.689, 8058
2.693, 8057
2.694, 8056
2.697, 8055
2.705, 8054
2.713, 8053
2.720, 8052
2.724, 8051
2.724, 8050
2.734, 8049
2.743, 8048
2.753, 8047
2.756, 8046
2.757, 8045
2.761, 8044
2.763, 8043
2.765, 8042
2.768, 8041
2.771, 8040
2.776, 8039
2.782, 8038
2.791, 8037
2.795, 8036
2.798, 8035
2.803, 8034
2.806, 8033
2.822, 8032
2.826, 8031
2.828, 8030
2.832, 8029
2.833, 8028
2.840, 8027
2.842, 8026
2.851, 8025
2.855, 8024
2.857, 8023
2.867, 8022
2.870, 8021
2.882, 8020
2.890, 8019
2.897, 8018
2.898, 8017
2.902, 8016
2.905, 8015
2.912, 8014
2.924, 8013
2.939, 8012
2.947, 8011
2.955, 8010
2.957, 8009
2.962, 8008
2.965, 8007
2.965, 8006
2.967, 8005
2.971, 8004
2.974, 8003
2.988, 8002
2.992, 8001
2.998, 8000
3.004, 7999
3.012, 7998
3.015, 7997
3.023, 7996
3.024, 7995
3.024, 7994
3.025, 7993
3.029, 7992
3.035, 7991
3.038, 7990
3.044, 7989
3.048, 7988
3.056, 7987
3.056, 7986
3.058, 7985
3.060, 7984
3.065, 7983
3.075, 7982
3.080, 7981
3.096, 7980
3.097, 7979
3.098, 7978
3.106, 7977
3.109, 7976
3.111, 7975
3.115, 7974
3.118, 7973
3.148, 7972
3.162, 7971
3.173, 7970
3.174, 7969
3.177, 7968
3.184, 7967
3.187, 7966
3.191, 7965
3.199, 7964
3.207, 7963
3.209, 7962
3.212, 7961
3.213, 7960
3.227, 7959
3.231, 7958
3.241, 7957
3.243, 7956
3.247, 7955
3.255, 7954
3.264, 7953
3.271, 7952
3.274, 7951
3.276, 7950
3.278, 7949
3.282, 7948
3.291, 7947
3.315, 7946
3.316, 7945
3.324, 7944
3.338, 7943
3.360, 7942
3.366, 7941
3.368, 7940
3.376, 7939
3.387, 7938
3.391, 7937
3.392, 7936
3.395, 7935
3.400, 7934
3.408, 7933
3.423, 7932
3.434, 7931
3.443, 7930
3.446, 7929
3.452, 7928
3.462, 7927
3.469, 7926
3.476, 7925
3.481, 7924
3.491, 7923
3.493, 7922
3.494, 7921
3.495, 7920
3.512, 7919
3.527, 7918
3.536, 7917
3.539, 7916
3.562, 7915
3.570, 7914
3.577, 7913
3.583, 7912
3.598, 7911
3.601, 7910
3.603, 7909
3.608, 7908
3.627, 7907
3.663, 7906
3.667, 7905
3.675, 7904
3.691, 7903
3.694, 7902
3.701, 7901
3.701, 7900
3.722, 7899
3.730, 7898
3.739, 7897
3.745, 7896
3.756, 7895
3.763, 7894
3.774, 7893
3.775, 7892
3.786, 7891
3.806, 7890
3.813, 7889
3.817, 7888
3.831, 7887
3.837, 7886
3.842, 7885
3.847, 7884
3.848, 7883
3.859, 7882
3.861, 7881
3.918, 7880
3.925, 7879
3.926, 7878
3.932, 7877
3.934, 7876
3.937, 7875
3.938, 7874
3.942, 7873
3.943, 7872
3.962, 7871
3.968, 7870
3.977, 7869
3.984, 7868
3.987, 7867
4.001, 7866
4.006, 7865
4.011, 7864
4.013, 7863
4.015, 7862
4.028, 7861
4.086, 7860
4.087, 7859
4.099, 7858
4.100, 7857
4.113, 7856
4.118, 7855
4.130, 7854
4.132, 7853
4.143, 7852
4.146, 7851
4.168, 7850
4.193, 7849
4.203, 7848
4.216, 7847
4.220, 7846
4.224, 7845
4.225, 7844
4.237, 7843
4.243, 7842
4.257, 7841
4.262, 7840
4.274, 7839
4.282, 7838
4.290, 7837
4.304, 7836
4.309, 7835
4.323, 7834
4.331, 7833
4.333, 7832
4.340, 7831
4.345, 7830
4.353, 7829
4.356, 7828
4.401, 7827
4.426, 7826
4.438, 7825
4.447, 7824
4.459, 7823
4.459, 7822
4.462, 7821
4.479, 7820
4.491, 7819
4.504, 7818
4.511, 7817
4.550, 7816
4.561, 7815
4.570, 7814
4.579, 7813
4.601, 7812
4.618, 7811
4.625, 7810
4.642, 7809
4.644, 7808
4.647, 7807
4.652, 7806
4.670, 7805
4.674, 7804
4.696, 7803
4.755, 7802
4.775, 7801
4.803, 7800
4.812, 7799
4.824, 7798
4.833, 7797
4.838, 7796
4.849, 7795
4.871, 7794
4.899, 7793
4.904, 7792
4.906, 7791
4.935, 7790
4.946, 7789
4.973, 7788
4.977, 7787
4.984, 7786
4.993, 7785
5.043, 7784
5.046, 7783
5.047, 7782
5.055, 7781
5.057, 7780
5.058, 7779
5.063, 7778
5.078, 7777
5.082, 7776
5.124, 7775
5.134, 7774
5.159, 7773
5.233, 7772
5.242, 7771
5.244, 7770
5.285, 7769
5.297, 7768
5.301, 7767
5.318, 7766
5.354, 7765
5.374, 7764
5.391, 7763
5.403, 7762
5.410, 7761
5.424, 7760
5.428, 7759
5.430, 7758
5.464, 7757
5.476, 7756
5.477, 7755
5.520, 7754
5.522, 7753
5.526, 7752
5.531, 7751
5.563, 7750
5.571, 7749
5.573, 7748
5.587, 7747
5.604, 7746
5.638, 7745
5.650, 7744
5.657, 7743
5.663, 7742
5.664, 7741
5.665, 7740
5.670, 7739
5.682, 7738
5.692, 7737
5.737, 7736
5.755, 7735
5.774, 7734
5.848, 7733
5.857, 7732
5.881, 7731
5.894, 7730
5.940, 7729
6.039, 7728
6.072, 7727
6.161, 7726
6.249, 7725
6.262, 7724
6.287, 7723
6.288, 7722
6.347, 7721
6.372, 7720
6.384, 7719
6.396, 7718
6.405, 7717
6.445, 7716
6.453, 7715
6.455, 7714
6.482, 7713
6.491, 7712
6.530, 7711
6.541, 7710
6.550, 7709
6.604, 7708
6.610, 7707
6.661, 7706
6.720, 7705
6.724, 7704
6.782, 7703
6.807, 7702
6.821, 7701
6.856, 7700
6.861, 7699
6.907, 7698
7.011, 7697
7.023, 7696
7.100, 7695
7.194, 7694
7.263, 7693
7.279, 7692
7.297, 7691
7.305, 7690
7.310, 7689
7.328, 7688
7.340, 7687
7.411, 7686
7.423, 7685
7.425, 7684
7.426, 7683
7.537, 7682
7.574, 7681
7.688, 7680
7.754, 7679
7.772, 7678
7.775, 7677
7.816, 7676
7.847, 7675
7.879, 7674
7.921, 7673
7.987, 7672
8.038, 7671
8.045, 7670
8.052, 7669
8.119, 7668
8.140, 7667
8.151, 7666
8.155, 7665
8.223, 7664
8.231, 7663
8.257, 7662
8.262, 7661
8.294, 7660
8.306, 7659
8.454, 7658
8.545, 7657
8.708, 7656
8.749, 7655
8.782, 7654
8.797, 7653
8.798, 7652
8.897, 7651
8.939, 7650
8.945, 7649
9.015, 7648
9.033, 7647
9.087, 7646
9.204, 7645
9.255, 7644
9.329, 7643
9.449, 7642
9.475, 7641
9.485, 7640
9.537, 7639
9.561, 7638
9.644, 7637
9.735, 7636
9.777, 7635
9.840, 7634
9.865, 7633
9.868, 7632
9.875, 7631
10.072, 7630
10.109, 7629
10.138, 7628
10.257, 7627
10.373, 7626
10.468, 7625
10.694, 7624
10.728, 7623
10.792, 7622
10.838, 7621
10.870, 7620
11.061, 7619
11.084, 7618
11.124, 7617
11.216, 7616
11.742, 7615
11.895, 7614
11.911, 7613
12.114, 7612
12.511, 7611
12.518, 7610
12.962, 7609
13.054, 7608
13.703, 7607
14.523, 7606
14.790, 7605
15.093, 7604
15.625, 7603
16.369, 7602
16.871, 7601
17.646, 7600
18.133, 7599
18.684, 7598
18.889, 7597
19.270, 7596
19.346, 7595
19.771, 7594
23.817, 7593
28.123, 7592
