0.004, 9232
0.013, 9231
0.019, 9230
0.021, 9229
0.023, 9228
0.025, 9227
0.027, 9226
0.029, 9225
0.031, 9224
0.033, 9223
0.035, 9222
0.038, 9221
0.041, 9220
0.046, 9219
0.048, 9218
0.050, 9217
0.056, 9216
0.058, 9215
0.065, 9214
0.068, 9213
0.072, 9212
0.074, 9211
0.075, 9210
0.076, 9209
0.077, 9208
0.077, 9207
0.080, 9206
0.081, 9205
0.082, 9204
0.084, 9203
0.085, 9202
0.086, 9201
0.087, 9200
0.088, 9199
0.089, 9198
0.090, 9197
0.091, 9196
0.096, 9195
0.097, 9194
0.099, 9193
0.100, 9192
0.101, 9191
0.103, 9190
0.105, 9189
0.111, 9188
0.114, 9187
0.118, 9186
0.119, 9185
0.129, 9184
0.131, 9183
0.133, 9182
0.135, 9181
0.136, 9180
0.137, 9179
0.156, 9178
0.158, 9177
0.161, 9176
0.163, 9175
0.167, 9174
0.168, 9173
0.170, 9172
0.170, 9171
0.172, 9170
0.173, 9169
0.174, 9168
0.177, 9167
0.178, 9166
0.179, 9165
0.185, 9164
0.186, 9163
0.189, 9162
0.191, 9161
0.192, 9160
0.193, 9159
0.194, 9158
0.194, 9157
0.199, 9156
0.200, 9155
0.201, 9154
0.205, 9153
0.206, 9152
0.208, 9151
0.209, 9150
0.212, 9149
0.213, 9148
0.214, 9147
0.214, 9146
0.215, 9145
0.217, 9144
0.218, 9143
0.221, 9142
0.221, 9141
0.222, 9140
0.226, 9139
0.227, 9138
0.228, 9137
0.228, 9136
0.229, 9135
0.230, 9134
0.231, 9133
0.231, 9132
0.233, 9131
0.234, 9130
0.236, 9129
0.237, 9128
0.239, 9127
0.240, 9126
0.241, 9125
0.241, 9124
0.243, 9123
0.244, 9122
0.245, 9121
0.247, 9120
0.248, 9119
0.249, 9118
0.250, 9117
0.252, 9116
0.253, 9115
0.254, 9114
0.255, 9113
0.256, 9112
0.257, 9111
0.258, 9110
0.260, 9109
0.261, 9108
0.262, 9107
0.263, 9106
0.264, 9105
0.265, 9104
0.266, 9103
0.266, 9102
0.268, 9101
0.270, 9100
0.271, 9099
0.272, 9098
0.272, 9097
0.273, 9096
0.275, 9095
0.277, 9094
0.277, 9093
0.278, 9092
0.279, 9091
0.282, 9090
0.283, 9089
0.283, 9088
0.284, 9087
0.285, 9086
0.286, 9085
0.288, 9084
0.289, 9083
0.290, 9082
0.290, 9081
0.292, 9080
0.292, 9079
0.293, 9078
0.294, 9077
0.296, 9076
0.297, 9075
0.298, 9074
0.299, 9073
0.300, 9072
0.301, 9071
0.303, 9070
0.304, 9069
0.305, 9068
0.305, 9067
0.306, 9066
0.308, 9065
0.308, 9064
0.310, 9063
0.310, 9062
0.311, 9061
0.313, 9060
0.313, 9059
0.315, 9058
0.316, 9057
0.317, 9056
0.319, 9055
0.319, 9054
0.320, 9053
0.322, 9052
0.323, 9051
0.327, 9050
0.328, 9049
0.329, 9048
0.329, 9047
0.331, 9046
0.333, 9045
0.334, 9044
0.335, 9043
0.336, 9042
0.337, 9041
0.340, 9040
0.341, 9039
0.342, 9038
0.344, 9037
0.345, 9036
0.346, 9035
0.347, 9034
0.347, 9033
0.348, 9032
0.349, 9031
0.350, 9030
0.351, 9029
0.352, 9028
0.354, 9027
0.356, 9026
0.357, 9025
0.358, 9024
0.359, 9023
0.361, 9022
0.362, 9021
0.363, 9020
0.364, 9019
0.365, 9018
0.366, 9017
0.366, 9016
0.368, 9015
0.368, 9014
0.369, 9013
0.370, 9012
0.371, 9011
0.373, 9010
0.374, 9009
0.374, 9008
0.375, 9007
0.376, 9006
0.378, 9005
0.380, 9004
0.381, 9003
0.382, 9002
0.383, 9001
0.384, 9000
0.385, 8999
0.386, 8998
0.388, 8997
0.390, 8996
0.391, 8995
0.391, 8994
0.392, 8993
0.393, 8992
0.394, 8991
0.395, 8990
0.397, 8989
0.399, 8988
0.400, 8987
0.402, 8986
0.404, 8985
0.405, 8984
0.405, 8983
0.408, 8982
0.408, 8981
0.410, 8980
0.411, 8979
0.412, 8978
0.412, 8977
0.413, 8976
0.414, 8975
0.416, 8974
0.417, 8973
0.418, 8972
0.419, 8971
0.423, 8970
0.424, 8969
0.425, 8968
0.426, 8967
0.428, 8966
0.428, 8965
0.430, 8964
0.431, 8963
0.432, 8962
0.432, 8961
0.435, 8960
0.436, 8959
0.438, 8958
0.439, 8957
0.440, 8956
0.442, 8955
0.444, 8954
0.444, 8953
0.448, 8952
0.450, 8951
0.451, 8950
0.452, 8949
0.453, 8948
0.454, 8947
0.455, 8946
0.455, 8945
0.456, 8944
0.458, 8943
0.461, 8942
0.462, 8941
0.462, 8940
0.465, 8939
0.466, 8938
0.467, 8937
0.469, 8936
0.470, 8935
0.472, 8934
0.473, 8933
0.473, 8932
0.475, 8931
0.475, 8930
0.476, 8929
0.478, 8928
0.479, 8927
0.480, 8926
0.481, 8925
0.482, 8924
0.483, 8923
0.485, 8922
0.486, 8921
0.489, 8920
0.490, 8919
0.491, 8918
0.494, 8917
0.496, 8916
0.497, 8915
0.498, 8914
0.500, 8913
0.503, 8912
0.504, 8911
0.505, 8910
0.506, 8909
0.508, 8908
0.510, 8907
0.512, 8906
0.513, 8905
0.513, 8904
0.515, 8903
0.515, 8902
0.516, 8901
0.519, 8900
0.522, 8899
0.523, 8898
0.524, 8897
0.524, 8896
0.527, 8895
0.528, 8894
0.529, 8893
0.531, 8892
0.533, 8891
0.535, 8890
0.538, 8889
0.539, 8888
0.540, 8887
0.541, 8886
0.543, 8885
0.544, 8884
0.545, 8883
0.545, 8882
0.546, 8881
0.547, 8880
0.548, 8879
0.549, 8878
0.550, 8877
0.551, 8876
0.554, 8875
0.555, 8874
0.556, 8873
0.557, 8872
0.557, 8871
0.560, 8870
0.561, 8869
0.562, 8868
0.563, 8867
0.567, 8866
0.569, 8865
0.569, 8864
0.570, 8863
0.573, 8862
0.574, 8861
0.575, 8860
0.576, 8859
0.577, 8858
0.578, 8857
0.579, 8856
0.580, 8855
0.583, 8854
0.583, 8853
0.586, 8852
0.586, 8851
0.588, 8850
0.590, 8849
0.591, 8848
0.592, 8847
0.594, 8846
0.597, 8845
0.598, 8844
0.598, 8843
0.604, 8842
0.605, 8841
0.606, 8840
0.606, 8839
0.607, 8838
0.609, 8837
0.610, 8836
0.612, 8835
0.613, 8834
0.614, 8833
0.615, 8832
0.616, 8831
0.618, 8830
0.619, 8829
0.620, 8828
0.622, 8827
0.622, 8826
0.626, 8825
0.627, 8824
0.628, 8823
0.632, 8822
0.632, 8821
0.633, 8820
0.634, 8819
0.635, 8818
0.636, 8817
0.638, 8816
0.640, 8815
0.641, 8814
0.642, 8813
0.644, 8812
0.645, 8811
0.646, 8810
0.648, 8809
0.648, 8808
0.650, 8807
0.651, 8806
0.652, 8805
0.653, 8804
0.654, 8803
0.655, 8802
0.657, 8801
0.659, 8800
0.661, 8799
0.663, 8798
0.664, 8797
0.665, 8796
0.666, 8795
0.668, 8794
0.669, 8793
0.671, 8792
0.672, 8791
0.673, 8790
0.674, 8789
0.677, 8788
0.678, 8787
0.678, 8786
0.679, 8785
0.681, 8784
0.682, 8783
0.683, 8782
0.685, 8781
0.686, 8780
0.687, 8779
0.689, 8778
0.693, 8777
0.695, 8776
0.695, 8775
0.698, 8774
0.699, 8773
0.701, 8772
0.705, 8771
0.707, 8770
0.708, 8769
0.709, 8768
0.710, 8767
0.711, 8766
0.714, 8765
0.716, 8764
0.717, 8763
0.719, 8762
0.720, 8761
0.723, 8760
0.724, 8759
0.725, 8758
0.728, 8757
0.730, 8756
0.730, 8755
0.732, 8754
0.734, 8753
0.735, 8752
0.737, 8751
0.738, 8750
0.739, 8749
0.741, 8748
0.741, 8747
0.744, 8746
0.747, 8745
0.748, 8744
0.749, 8743
0.749, 8742
0.752, 8741
0.753, 8740
0.755, 8739
0.757, 8738
0.758, 8737
0.758, 8736
0.760, 8735
0.761, 8734
0.762, 8733
0.763, 8732
0.769, 8731
0.771, 8730
0.772, 8729
0.773, 8728
0.775, 8727
0.781, 8726
0.782, 8725
0.783, 8724
0.785, 8723
0.786, 8722
0.788, 8721
0.788, 8720
0.789, 8719
0.792, 8718
0.795, 8717
0.795, 8716
0.797, 8715
0.802, 8714
0.803, 8713
0.803, 8712
0.804, 8711
0.805, 8710
0.806, 8709
0.807, 8708
0.809, 8707
0.811, 8706
0.813, 8705
0.814, 8704
0.815, 8703
0.820, 8702
0.821, 8701
0.824, 8700
0.825, 8699
0.826, 8698
0.826, 8697
0.831, 8696
0.833, 8695
0.835, 8694
0.837, 8693
0.838, 8692
0.840, 8691
0.842, 8690
0.843, 8689
0.846, 8688
0.850, 8687
0.853, 8686
0.854, 8685
0.856, 8684
0.858, 8683
0.860, 8682
0.862, 8681
0.864, 8680
0.867, 8679
0.868, 8678
0.871, 8677
0.873, 8676
0.875, 8675
0.878, 8674
0.881, 8673
0.882, 8672
0.885, 8671
0.886, 8670
0.889, 8669
0.891, 8668
0.892, 8667
0.893, 8666
0.895, 8665
0.899, 8664
0.899, 8663
0.901, 8662
0.902, 8661
0.903, 8660
0.905, 8659
0.906, 8658
0.907, 8657
0.908, 8656
0.911, 8655
0.912, 8654
0.913, 8653
0.915, 8652
0.917, 8651
0.918, 8650
0.919, 8649
0.920, 8648
0.925, 8647
0.926, 8646
0.927, 8645
0.928, 8644
0.929, 8643
0.930, 8642
0.932, 8641
0.933, 8640
0.935, 8639
0.935, 8638
0.939, 8637
0.940, 8636
0.941, 8635
0.943, 8634
0.945, 8633
0.946, 8632
0.948, 8631
0.948, 8630
0.950, 8629
0.952, 8628
0.953, 8627
0.957, 8626
0.958, 8625
0.959, 8624
0.961, 8623
0.967, 8622
0.972, 8621
0.976, 8620
0.977, 8619
0.979, 8618
0.983, 8617
0.984, 8616
0.991, 8615
0.992, 8614
0.994, 8613
0.996, 8612
0.997, 8611
0.998, 8610
1.001, 8609
1.002, 8608
1.004, 8607
1.005, 8606
1.007, 8605
1.008, 8604
1.010, 8603
1.010, 8602
1.014, 8601
1.014, 8600
1.015, 8599
1.016, 8598
1.017, 8597
1.018, 8596
1.021, 8595
1.022, 8594
1.026, 8593
1.027, 8592
1.030, 8591
1.031, 8590
1.033, 8589
1.034, 8588
1.036, 8587
1.038, 8586
1.039, 8585
1.040, 8584
1.043, 8583
1.044, 8582
1.047, 8581
1.049, 8580
1.051, 8579
1.052, 8578
1.054, 8577
1.061, 8576
1.063, 8575
1.065, 8574
1.066, 8573
1.068, 8572
1.069, 8571
1.070, 8570
1.071, 8569
1.073, 8568
1.074, 8567
1.077, 8566
1.079, 8565
1.087, 8564
1.090, 8563
1.091, 8562
1.092, 8561
1.092, 8560
1.095, 8559
1.095, 8558
1.104, 8557
1.106, 8556
1.111, 8555
1.112, 8554
1.121, 8553
1.126, 8552
1.128, 8551
1.130, 8550
1.131, 8549
1.133, 8548
1.133, 8547
1.134, 8546
1.135, 8545
1.137, 8544
1.141, 8543
1.143, 8542
1.145, 8541
1.147, 8540
1.148, 8539
1.149, 8538
1.153, 8537
1.154, 8536
1.155, 8535
1.156, 8534
1.160, 8533
1.168, 8532
1.170, 8531
1.172, 8530
1.175, 8529
1.178, 8528
1.180, 8527
1.185, 8526
1.187, 8525
1.188, 8524
1.191, 8523
1.194, 8522
1.197, 8521
1.198, 8520
1.200, 8519
1.206, 8518
1.209, 8517
1.216, 8516
1.218, 8515
1.219, 8514
1.224, 8513
1.229, 8512
1.234, 8511
1.242, 8510
1.243, 8509
1.244, 8508
1.247, 8507
1.249, 8506
1.249, 8505
1.250, 8504
1.251, 8503
1.254, 8502
1.258, 8501
1.262, 8500
1.266, 8499
1.269, 8498
1.276, 8497
1.278, 8496
1.279, 8495
1.284, 8494
1.287, 8493
1.289, 8492
1.289, 8491
1.290, 8490
1.292, 8489
1.299, 8488
1.299, 8487
1.304, 8486
1.307, 8485
1.310, 8484
1.311, 8483
1.314, 8482
1.318, 8481
1.319, 8480
1.320, 8479
1.321, 8478
1.324, 8477
1.325, 8476
1.327, 8475
1.328, 8474
1.334, 8473
1.338, 8472
1.339, 8471
1.341, 8470
1.343, 8469
1.347, 8468
1.347, 8467
1.350, 8466
1.356, 8465
1.358, 8464
1.365, 8463
1.367, 8462
1.369, 8461
1.373, 8460
1.375, 8459
1.377, 8458
1.378, 8457
1.380, 8456
1.382, 8455
1.383, 8454
1.384, 8453
1.391, 8452
1.393, 8451
1.394, 8450
1.399, 8449
1.403, 8448
1.409, 8447
1.411, 8446
1.414, 8445
1.417, 8444
1.418, 8443
1.421, 8442
1.424, 8441
1.425, 8440
1.426, 8439
1.428, 8438
1.432, 8437
1.433, 8436
1.434, 8435
1.438, 8434
1.443, 8433
1.451, 8432
1.453, 8431
1.455, 8430
1.456, 8429
1.457, 8428
1.462, 8427
1.465, 8426
1.469, 8425
1.471, 8424
1.472, 8423
1.474, 8422
1.476, 8421
1.480, 8420
1.488, 8419
1.491, 8418
1.492, 8417
1.493, 8416
1.495, 8415
1.496, 8414
1.499, 8413
1.500, 8412
1.512, 8411
1.516, 8410
1.518, 8409
1.520, 8408
1.527, 8407
1.532, 8406
1.532, 8405
1.540, 8404
1.552, 8403
1.554, 8402
1.555, 8401
1.556, 8400
1.556, 8399
1.558, 8398
1.560, 8397
1.566, 8396
1.569, 8395
1.570, 8394
1.572, 8393
1.573, 8392
1.576, 8391
1.578, 8390
1.578, 8389
1.580, 8388
1.584, 8387
1.586, 8386
1.586, 8385
1.589, 8384
1.591, 8383
1.592, 8382
1.593, 8381
1.595, 8380
1.596, 8379
1.600, 8378
1.601, 8377
1.606, 8376
1.610, 8375
1.612, 8374
1.615, 8373
1.621, 8372
1.622, 8371
1.624, 8370
1.630, 8369
1.632, 8368
1.634, 8367
1.636, 8366
1.640, 8365
1.646, 8364
1.650, 8363
1.653, 8362
1.653, 8361
1.656, 8360
1.658, 8359
1.659, 8358
1.661, 8357
1.669, 8356
1.669, 8355
1.672, 8354
1.674, 8353
1.675, 8352
1.679, 8351
1.684, 8350
1.685, 8349
1.689, 8348
1.691, 8347
1.693, 8346
1.699, 8345
1.701, 8344
1.702, 8343
1.707, 8342
1.708, 8341
1.709, 8340
1.711, 8339
1.711, 8338
1.716, 8337
1.722, 8336
1.728, 8335
1.735, 8334
1.742, 8333
1.743, 8332
1.747, 8331
1.751, 8330
1.753, 8329
1.754, 8328
1.755, 8327
1.757, 8326
1.757, 8325
1.760, 8324
1.764, 8323
1.773, 8322
1.773, 8321
1.777, 8320
1.782, 8319
1.783, 8318
1.786, 8317
1.787, 8316
1.790, 8315
1.791, 8314
1.793, 8313
1.797, 8312
1.805, 8311
1.812, 8310
1.819, 8309
1.822, 8308
1.832, 8307
1.834, 8306
1.835, 8305
1.837, 8304
1.838, 8303
1.839, 8302
1.842, 8301
1.843, 8300
1.851, 8299
1.852, 8298
1.853, 8297
1.854, 8296
1.856, 8295
1.860, 8294
1.861, 8293
1.862, 8292
1.868, 8291
1.874, 8290
1.876, 8289
1.892, 8288
1.893, 8287
1.897, 8286
1.898, 8285
1.899, 8284
1.901, 8283
1.902, 8282
1.904, 8281
1.905, 8280
1.911, 8279
1.911, 8278
1.913, 8277
1.921, 8276
1.926, 8275
1.933, 8274
1.936, 8273
1.937, 8272
1.944, 8271
1.952, 8270
1.958, 8269
1.961, 8268
1.964, 8267
1.965, 8266
1.974, 8265
1.982, 8264
1.984, 8263
1.987, 8262
1.993, 8261
2.000, 8260
2.007, 8259
2.011, 8258
2.015, 8257
2.020, 8256
2.024, 8255
2.025, 8254
2.032, 8253
2.035, 8252
2.036, 8251
2.038, 8250
2.042, 8249
2.046, 8248
2.050, 8247
2.058, 8246
2.064, 8245
2.065, 8244
2.068, 8243
2.078, 8242
2.082, 8241
2.082, 8240
2.083, 8239
2.085, 8238
2.089, 8237
2.090, 8236
2.101, 8235
2.105, 8234
2.109, 8233
2.135, 8232
2.138, 8231
2.143, 8230
2.145, 8229
2.150, 8228
2.153, 8227
2.156, 8226
2.160, 8225
2.161, 8224
2.164, 8223
2.178, 8222
2.179, 8221
2.182, 8220
2.189, 8219
2.191, 8218
2.197, 8217
2.198, 8216
2.203, 8215
2.210, 8214
2.214, 8213
2.215, 8212
2.216, 8211
2.220, 8210
2.222, 8209
2.230, 8208
2.232, 8207
2.233, 8206
2.234, 8205
2.236, 8204
2.237, 8203
2.238, 8202
2.239, 8201
2.242, 8200
2.246, 8199
2.249, 8198
2.261, 8197
2.264, 8196
2.266, 8195
2.268, 8194
2.269, 8193
2.273, 8192
2.278, 8191
2.283, 8190
2.285, 8189
2.287, 8188
2.293, 8187
2.300, 8186
2.301, 8185
2.306, 8184
2.308, 8183
2.310, 8182
2.323, 8181
2.329, 8180
2.334, 8179
2.338, 8178
2.348, 8177
2.350, 8176
2.356, 8175
2.362, 8174
2.376, 8173
2.377, 8172
2.381, 8171
2.388, 8170
2.389, 8169
2.392, 8168
2.393, 8167
2.394, 8166
2.395, 8165
2.396, 8164
2.399, 8163
2.404, 8162
2.408, 8161
2.410, 8160
2.427, 8159
2.436, 8158
2.437, 8157
2.440, 8156
2.443, 8155
2.450, 8154
2.453, 8153
2.464, 8152
2.468, 8151
2.469, 8150
2.471, 8149
2.475, 8148
2.480, 8147
2.481, 8146
2.485, 8145
2.487, 8144
2.491, 8143
2.495, 8142
2.499, 8141
2.503, 8140
2.508, 8139
2.509, 8138
2.510, 8137
2.515, 8136
2.520, 8135
2.523, 8134
2.527, 8133
2.529, 8132
2.537, 8131
2.538, 8130
2.540, 8129
2.543, 8128
2.545, 8127
2.547, 8126
2.555, 8125
2.565, 8124
2.566, 8123
2.573, 8122
2.578, 8121
2.586, 8120
2.598, 8119
2.601, 8118
2.609, 8117
2.614, 8116
2.622, 8115
2.630, 8114
2.637, 8113
2.642, 8112
2.644, 8111
2.646, 8110
2.649, 8109
2.652, 8108
2.654, 8107
2.656, 8106
2.658, 8105
2.670, 8104
2.688, 8103
2.693, 8102
2.696, 8101
2.699, 8100
2.710, 8099
2.736, 8098
2.747, 8097
2.752, 8096
2.775, 8095
2.779, 8094
2.781, 8093
2.787, 8092
2.795, 8091
2.796, 8090
2.797, 8089
2.803, 8088
2.811, 8087
2.813, 8086
2.816, 8085
2.818, 8084
2.819, 8083
2.820, 8082
2.823, 8081
2.830, 8080
2.841, 8079
2.844, 8078
2.852, 8077
2.854, 8076
2.855, 8075
2.862, 8074
2.863, 8073
2.865, 8072
2.873, 8071
2.876, 8070
2.889, 8069
2.891, 8068
2.896, 8067
2.897, 8066
2.899, 8065
2.900, 8064
2.910, 8063
2.918, 8062
2.923, 8061
2.925, 8060
2.930, 8059
2.933, 8058
2.938, 8057
2.943, 8056
2.949, 8055
2.950, 8054
2.955, 8053
2.956, 8052
2.967, 8051
2.970, 8050
2.973, 8049
2.984, 8048
2.996, 8047
3.006, 8046
3.008, 8045
3.026, 8044
3.031, 8043
3.036, 8042
3.050, 8041
3.054, 8040
3.056, 8039
3.058, 8038
3.065, 8037
3.067, 8036
3.072, 8035
3.076, 8034
3.083, 8033
3.085, 8032
3.103, 8031
3.110, 8030
3.111, 8029
3.118, 8028
3.125, 8027
3.130, 8026
3.139, 8025
3.145, 8024
3.148, 8023
3.152, 8022
3.161, 8021
3.163, 8020
3.163, 8019
3.172, 8018
3.174, 8017
3.178, 8016
3.184, 8015
3.193, 8014
3.207, 8013
3.214, 8012
3.234, 8011
3.241, 8010
3.242, 8009
3.244, 8008
3.258, 8007
3.264, 8006
3.268, 8005
3.272, 8004
3.275, 8003
3.276, 8002
3.279, 8001
3.285, 8000
3.286, 7999
3.293, 7998
3.312, 7997
3.322, 7996
3.326, 7995
3.329, 7994
3.334, 7993
3.344, 7992
3.345, 7991
3.358, 7990
3.361, 7989
3.380, 7988
3.381, 7987
3.383, 7986
3.394, 7985
3.396, 7984
3.405, 7983
3.406, 7982
3.408, 7981
3.420, 7980
3.424, 7979
3.427, 7978
3.427, 7977
3.435, 7976
3.437, 7975
3.453, 7974
3.454, 7973
3.459, 7972
3.460, 7971
3.461, 7970
3.467, 7969
3.475, 7968
3.483, 7967
3.491, 7966
3.503, 7965
3.529, 7964
3.538, 7963
3.544, 7962
3.560, 7961
3.577, 7960
3.578, 7959
3.582, 7958
3.584, 7957
3.585, 7956
3.597, 7955
3.599, 7954
3.600, 7953
3.606, 7952
3.612, 7951
3.615, 7950
3.622, 7949
3.626, 7948
3.634, 7947
3.644, 7946
3.646, 7945
3.651, 7944
3.652, 7943
3.657, 7942
3.662, 7941
3.673, 7940
3.683, 7939
3.684, 7938
3.722, 7937
3.730, 7936
3.733, 7935
3.743, 7934
3.745, 7933
3.746, 7932
3.749, 7931
3.752, 7930
3.763, 7929
3.777, 7928
3.782, 7927
3.783, 7926
3.795, 7925
3.805, 7924
3.813, 7923
3.815, 7922
3.829, 7921
3.831, 7920
3.832, 7919
3.833, 7918
3.839, 7917
3.844, 7916
3.847, 7915
3.853, 7914
3.859, 7913
3.868, 7912
3.873, 7911
3.901, 7910
3.904, 7909
3.905, 7908
3.917, 7907
3.921, 7906
3.923, 7905
3.932, 7904
3.933, 7903
3.938, 7902
3.939, 7901
3.940, 7900
3.943, 7899
3.951, 7898
3.952, 7897
3.953, 7896
3.954, 7895
3.961, 7894
3.964, 7893
3.972, 7892
3.973, 7891
3.974, 7890
3.977, 7889
3.982, 7888
3.983, 7887
4.008, 7886
4.010, 7885
4.018, 7884
4.029, 7883
4.039, 7882
4.060, 7881
4.061, 7880
4.082, 7879
4.102, 7878
4.105, 7877
4.109, 7876
4.130, 7875
4.136, 7874
4.156, 7873
4.158, 7872
4.160, 7871
4.161, 7870
4.171, 7869
4.179, 7868
4.197, 7867
4.223, 7866
4.227, 7865
4.252, 7864
4.258, 7863
4.265, 7862
4.266, 7861
4.284, 7860
4.288, 7859
4.289, 7858
4.299, 7857
4.303, 7856
4.311, 7855
4.319, 7854
4.330, 7853
4.336, 7852
4.364, 7851
4.384, 7850
4.391, 7849
4.402, 7848
4.408, 7847
4.445, 7846
4.463, 7845
4.466, 7844
4.475, 7843
4.487, 7842
4.507, 7841
4.587, 7840
4.595, 7839
4.603, 7838
4.612, 7837
4.615, 7836
4.623, 7835
4.679, 7834
4.691, 7833
4.702, 7832
4.707, 7831
4.717, 7830
4.729, 7829
4.736, 7828
4.737, 7827
4.741, 7826
4.746, 7825
4.778, 7824
4.784, 7823
4.790, 7822
4.795, 7821
4.830, 7820
4.838, 7819
4.839, 7818
4.846, 7817
4.847, 7816
4.851, 7815
4.871, 7814
4.876, 7813
4.882, 7812
4.883, 7811
4.901, 7810
4.924, 7809
4.926, 7808
4.938, 7807
4.956, 7806
4.982, 7805
4.983, 7804
4.998, 7803
5.001, 7802
5.018, 7801
5.069, 7800
5.115, 7799
5.116, 7798
5.131, 7797
5.132, 7796
5.142, 7795
5.171, 7794
5.186, 7793
5.205, 7792
5.213, 7791
5.224, 7790
5.254, 7789
5.275, 7788
5.281, 7787
5.289, 7786
5.305, 7785
5.307, 7784
5.330, 7783
5.341, 7782
5.342, 7781
5.350, 7780
5.353, 7779
5.359, 7778
5.371, 7777
5.384, 7776
5.385, 7775
5.402, 7774
5.429, 7773
5.457, 7772
5.487, 7771
5.501, 7770
5.507, 7769
5.512, 7768
5.543, 7767
5.546, 7766
5.561, 7765
5.563, 7764
5.567, 7763
5.590, 7762
5.603, 7761
5.611, 7760
5.657, 7759
5.661, 7758
5.683, 7757
5.703, 7756
5.722, 7755
5.756, 7754
5.793, 7753
5.878, 7752
5.880, 7751
5.883, 7750
5.907, 7749
5.908, 7748
5.912, 7747
5.926, 7746
5.935, 7745
5.981, 7744
6.001, 7743
6.034, 7742
6.042, 7741
6.048, 7740
6.050, 7739
6.075, 7738
6.087, 7737
6.102, 7736
6.120, 7735
6.168, 7734
6.180, 7733
6.195, 7732
6.204, 7731
6.205, 7730
6.207, 7729
6.249, 7728
6.297, 7727
6.308, 7726
6.337, 7725
6.358, 7724
6.420, 7723
6.433, 7722
6.444, 7721
6.448, 7720
6.453, 7719
6.470, 7718
6.474, 7717
6.493, 7716
6.543, 7715
6.549, 7714
6.562, 7713
6.578, 7712
6.593, 7711
6.656, 7710
6.667, 7709
6.669, 7708
6.688, 7707
6.716, 7706
6.739, 7705
6.772, 7704
6.801, 7703
6.835, 7702
6.866, 7701
6.914, 7700
6.915, 7699
6.923, 7698
6.993, 7697
7.033, 7696
7.052, 7695
7.075, 7694
7.208, 7693
7.213, 7692
7.278, 7691
7.309, 7690
7.321, 7689
7.337, 7688
7.366, 7687
7.373, 7686
7.394, 7685
7.403, 7684
7.423, 7683
7.436, 7682
7.451, 7681
7.485, 7680
7.495, 7679
7.500, 7678
7.517, 7677
7.554, 7676
7.609, 7675
7.658, 7674
7.674, 7673
7.677, 7672
7.724, 7671
7.933, 7670
7.935, 7669
7.968, 7668
8.018, 7667
8.067, 7666
8.097, 7665
8.172, 7664
8.178, 7663
8.221, 7662
8.223, 7661
8.454, 7660
8.461, 7659
8.467, 7658
8.732, 7657
8.845, 7656
8.885, 7655
9.040, 7654
9.253, 7653
9.333, 7652
9.334, 7651
9.515, 7650
9.567, 7649
9.629, 7648
9.765, 7647
9.877, 7646
9.928, 7645
10.145, 7644
10.161, 7643
10.174, 7642
10.273, 7641
10.361, 7640
10.682, 7639
10.758, 7638
10.837, 7637
11.018, 7636
11.237, 7635
11.252, 7634
11.270, 7633
11.356, 7632
11.424, 7631
11.694, 7630
11.781, 7629
11.947, 7628
11.970, 7627
12.140, 7626
12.225, 7625
12.369, 7624
12.378, 7623
12.473, 7622
12.528, 7621
12.723, 7620
12.775, 7619
13.323, 7618
14.214, 7617
14.414, 7616
14.533, 7615
14.820, 7614
15.317, 7613
16.756, 7612
16.909, 7611
17.984, 7610
18.216, 7609
18.529, 7608
19.790, 7607
20.342, 7606
21.180, 7605
