0.001, 9232
0.001, 9231
0.003, 9230
0.003, 9229
0.005, 9228
0.005, 9227
0.006, 9226
0.008, 9225
0.009, 9224
0.009, 9223
0.010, 9222
0.010, 9221
0.011, 9220
0.011, 9219
0.013, 9218
0.014, 9217
0.015, 9216
0.016, 9215
0.017, 9214
0.017, 9213
0.018, 9212
0.018, 9211
0.019, 9210
0.020, 9209
0.020, 9208
0.021, 9207
0.022, 9206
0.023, 9205
0.023, 9204
0.024, 9203
0.025, 9202
0.026, 9201
0.027, 9200
0.027, 9199
0.033, 9198
0.033, 9197
0.034, 9196
0.035, 9195
0.036, 9194
0.037, 9193
0.039, 9192
0.039, 9191
0.040, 9190
0.042, 9189
0.042, 9188
0.044, 9187
0.044, 9186
0.045, 9185
0.045, 9184
0.046, 9183
0.048, 9182
0.048, 9181
0.049, 9180
0.049, 9179
0.050, 9178
0.052, 9177
0.053, 9176
0.054, 9175
0.055, 9174
0.055, 9173
0.058, 9172
0.058, 9171
0.059, 9170
0.059, 9169
0.061, 9168
0.062, 9167
0.063, 9166
0.063, 9165
0.064, 9164
0.065, 9163
0.068, 9162
0.069, 9161
0.069, 9160
0.070, 9159
0.070, 9158
0.071, 9157
0.071, 9156
0.072, 9155
0.074, 9154
0.075, 9153
0.080, 9152
0.081, 9151
0.082, 9150
0.085, 9149
0.085, 9148
0.086, 9147
0.087, 9146
0.089, 9145
0.090, 9144
0.091, 9143
0.093, 9142
0.094, 9141
0.096, 9140
0.097, 9139
0.097, 9138
0.098, 9137
0.098, 9136
0.099, 9135
0.099, 9134
0.100, 9133
0.101, 9132
0.102, 9131
0.103, 9130
0.104, 9129
0.104, 9128
0.105, 9127
0.105, 9126
0.106, 9125
0.107, 9124
0.108, 9123
0.108, 9122
0.109, 9121
0.109, 9120
0.111, 9119
0.113, 9118
0.114, 9117
0.115, 9116
0.118, 9115
0.119, 9114
0.120, 9113
0.121, 9112
0.122, 9111
0.122, 9110
0.123, 9109
0.124, 9108
0.125, 9107
0.125, 9106
0.126, 9105
0.127, 9104
0.128, 9103
0.128, 9102
0.129, 9101
0.129, 9100
0.130, 9099
0.130, 9098
0.131, 9097
0.132, 9096
0.132, 9095
0.133, 9094
0.134, 9093
0.134, 9092
0.135, 9091
0.136, 9090
0.136, 9089
0.137, 9088
0.138, 9087
0.138, 9086
0.139, 9085
0.140, 9084
0.141, 9083
0.142, 9082
0.142, 9081
0.143, 9080
0.143, 9079
0.144, 9078
0.145, 9077
0.146, 9076
0.147, 9075
0.148, 9074
0.149, 9073
0.150, 9072
0.150, 9071
0.152, 9070
0.153, 9069
0.156, 9068
0.158, 9067
0.159, 9066
0.160, 9065
0.161, 9064
0.161, 9063
0.162, 9062
0.163, 9061
0.164, 9060
0.167, 9059
0.168, 9058
0.169, 9057
0.170, 9056
0.173, 9055
0.174, 9054
0.174, 9053
0.175, 9052
0.175, 9051
0.176, 9050
0.177, 9049
0.177, 9048
0.178, 9047
0.179, 9046
0.180, 9045
0.181, 9044
0.182, 9043
0.183, 9042
0.183, 9041
0.184, 9040
0.185, 9039
0.186, 9038
0.187, 9037
0.187, 9036
0.189, 9035
0.190, 9034
0.191, 9033
0.192, 9032
0.192, 9031
0.193, 9030
0.193, 9029
0.195, 9028
0.196, 9027
0.196, 9026
0.197, 9025
0.197, 9024
0.198, 9023
0.199, 9022
0.200, 9021
0.200, 9020
0.201, 9019
0.202, 9018
0.203, 9017
0.203, 9016
0.204, 9015
0.205, 9014
0.206, 9013
0.207, 9012
0.208, 9011
0.208, 9010
0.209, 9009
0.210, 9008
0.210, 9007
0.211, 9006
0.212, 9005
0.213, 9004
0.214, 9003
0.215, 9002
0.215, 9001
0.216, 9000
0.217, 8999
0.217, 8998
0.218, 8997
0.218, 8996
0.220, 8995
0.222, 8994
0.222, 8993
0.223, 8992
0.224, 8991
0.225, 8990
0.227, 8989
0.229, 8988
0.229, 8987
0.230, 8986
0.230, 8985
0.231, 8984
0.231, 8983
0.232, 8982
0.234, 8981
0.235, 8980
0.237, 8979
0.238, 8978
0.238, 8977
0.239, 8976
0.240, 8975
0.240, 8974
0.241, 8973
0.242, 8972
0.242, 8971
0.243, 8970
0.243, 8969
0.244, 8968
0.246, 8967
0.246, 8966
0.247, 8965
0.249, 8964
0.250, 8963
0.250, 8962
0.252, 8961
0.253, 8960
0.254, 8959
0.255, 8958
0.256, 8957
0.256, 8956
0.257, 8955
0.258, 8954
0.258, 8953
0.259, 8952
0.260, 8951
0.261, 8950
0.262, 8949
0.263, 8948
0.263, 8947
0.265, 8946
0.266, 8945
0.267, 8944
0.268, 8943
0.269, 8942
0.270, 8941
0.270, 8940
0.272, 8939
0.272, 8938
0.273, 8937
0.273, 8936
0.274, 8935
0.275, 8934
0.277, 8933
0.279, 8932
0.280, 8931
0.282, 8930
0.283, 8929
0.284, 8928
0.286, 8927
0.287, 8926
0.288, 8925
0.289, 8924
0.289, 8923
0.290, 8922
0.290, 8921
0.291, 8920
0.293, 8919
0.295, 8918
0.296, 8917
0.296, 8916
0.297, 8915
0.299, 8914
0.301, 8913
0.301, 8912
0.302, 8911
0.303, 8910
0.304, 8909
0.305, 8908
0.306, 8907
0.307, 8906
0.307, 8905
0.308, 8904
0.308, 8903
0.309, 8902
0.310, 8901
0.311, 8900
0.311, 8899
0.312, 8898
0.312, 8897
0.313, 8896
0.314, 8895
0.315, 8894
0.316, 8893
0.316, 8892
0.317, 8891
0.318, 8890
0.318, 8889
0.319, 8888
0.320, 8887
0.323, 8886
0.324, 8885
0.325, 8884
0.326, 8883
0.326, 8882
0.327, 8881
0.328, 8880
0.329, 8879
0.331, 8878
0.332, 8877
0.333, 8876
0.334, 8875
0.336, 8874
0.336, 8873
0.337, 8872
0.338, 8871
0.338, 8870
0.340, 8869
0.341, 8868
0.342, 8867
0.343, 8866
0.344, 8865
0.345, 8864
0.345, 8863
0.347, 8862
0.348, 8861
0.348, 8860
0.349, 8859
0.350, 8858
0.350, 8857
0.351, 8856
0.351, 8855
0.353, 8854
0.354, 8853
0.354, 8852
0.355, 8851
0.356, 8850
0.359, 8849
0.361, 8848
0.362, 8847
0.363, 8846
0.363, 8845
0.364, 8844
0.366, 8843
0.367, 8842
0.368, 8841
0.368, 8840
0.369, 8839
0.370, 8838
0.371, 8837
0.372, 8836
0.372, 8835
0.374, 8834
0.377, 8833
0.378, 8832
0.379, 8831
0.380, 8830
0.381, 8829
0.382, 8828
0.382, 8827
0.384, 8826
0.385, 8825
0.386, 8824
0.386, 8823
0.387, 8822
0.388, 8821
0.389, 8820
0.389, 8819
0.390, 8818
0.391, 8817
0.391, 8816
0.394, 8815
0.395, 8814
0.395, 8813
0.398, 8812
0.402, 8811
0.403, 8810
0.404, 8809
0.405, 8808
0.405, 8807
0.406, 8806
0.407, 8805
0.407, 8804
0.408, 8803
0.408, 8802
0.409, 8801
0.411, 8800
0.412, 8799
0.412, 8798
0.413, 8797
0.415, 8796
0.416, 8795
0.418, 8794
0.420, 8793
0.421, 8792
0.422, 8791
0.425, 8790
0.426, 8789
0.427, 8788
0.428, 8787
0.428, 8786
0.429, 8785
0.430, 8784
0.430, 8783
0.432, 8782
0.434, 8781
0.434, 8780
0.435, 8779
0.436, 8778
0.437, 8777
0.437, 8776
0.438, 8775
0.439, 8774
0.440, 8773
0.440, 8772
0.443, 8771
0.444, 8770
0.445, 8769
0.447, 8768
0.448, 8767
0.448, 8766
0.449, 8765
0.450, 8764
0.450, 8763
0.451, 8762
0.452, 8761
0.453, 8760
0.454, 8759
0.455, 8758
0.455, 8757
0.456, 8756
0.456, 8755
0.458, 8754
0.459, 8753
0.460, 8752
0.460, 8751
0.461, 8750
0.462, 8749
0.464, 8748
0.465, 8747
0.466, 8746
0.467, 8745
0.467, 8744
0.469, 8743
0.470, 8742
0.472, 8741
0.472, 8740
0.474, 8739
0.475, 8738
0.476, 8737
0.476, 8736
0.477, 8735
0.478, 8734
0.479, 8733
0.479, 8732
0.480, 8731
0.481, 8730
0.481, 8729
0.483, 8728
0.485, 8727
0.486, 8726
0.487, 8725
0.489, 8724
0.489, 8723
0.490, 8722
0.492, 8721
0.493, 8720
0.493, 8719
0.494, 8718
0.495, 8717
0.495, 8716
0.497, 8715
0.498, 8714
0.502, 8713
0.503, 8712
0.503, 8711
0.506, 8710
0.507, 8709
0.508, 8708
0.508, 8707
0.512, 8706
0.513, 8705
0.513, 8704
0.515, 8703
0.516, 8702
0.518, 8701
0.518, 8700
0.519, 8699
0.521, 8698
0.525, 8697
0.526, 8696
0.530, 8695
0.532, 8694
0.533, 8693
0.534, 8692
0.534, 8691
0.536, 8690
0.538, 8689
0.538, 8688
0.541, 8687
0.542, 8686
0.544, 8685
0.545, 8684
0.545, 8683
0.546, 8682
0.547, 8681
0.550, 8680
0.551, 8679
0.553, 8678
0.554, 8677
0.556, 8676
0.558, 8675
0.560, 8674
0.562, 8673
0.563, 8672
0.563, 8671
0.567, 8670
0.569, 8669
0.570, 8668
0.570, 8667
0.572, 8666
0.572, 8665
0.573, 8664
0.574, 8663
0.575, 8662
0.577, 8661
0.581, 8660
0.582, 8659
0.582, 8658
0.583, 8657
0.584, 8656
0.585, 8655
0.587, 8654
0.587, 8653
0.588, 8652
0.592, 8651
0.595, 8650
0.596, 8649
0.597, 8648
0.598, 8647
0.598, 8646
0.599, 8645
0.600, 8644
0.601, 8643
0.602, 8642
0.604, 8641
0.604, 8640
0.605, 8639
0.605, 8638
0.607, 8637
0.607, 8636
0.608, 8635
0.610, 8634
0.611, 8633
0.613, 8632
0.615, 8631
0.617, 8630
0.618, 8629
0.619, 8628
0.620, 8627
0.624, 8626
0.625, 8625
0.627, 8624
0.627, 8623
0.628, 8622
0.629, 8621
0.629, 8620
0.634, 8619
0.639, 8618
0.640, 8617
0.641, 8616
0.644, 8615
0.645, 8614
0.647, 8613
0.649, 8612
0.651, 8611
0.653, 8610
0.654, 8609
0.656, 8608
0.657, 8607
0.658, 8606
0.658, 8605
0.661, 8604
0.663, 8603
0.664, 8602
0.665, 8601
0.666, 8600
0.666, 8599
0.669, 8598
0.670, 8597
0.670, 8596
0.671, 8595
0.673, 8594
0.675, 8593
0.679, 8592
0.680, 8591
0.680, 8590
0.687, 8589
0.689, 8588
0.689, 8587
0.690, 8586
0.692, 8585
0.694, 8584
0.696, 8583
0.699, 8582
0.700, 8581
0.702, 8580
0.704, 8579
0.707, 8578
0.708, 8577
0.710, 8576
0.713, 8575
0.716, 8574
0.717, 8573
0.718, 8572
0.724, 8571
0.724, 8570
0.725, 8569
0.727, 8568
0.728, 8567
0.731, 8566
0.736, 8565
0.738, 8564
0.739, 8563
0.740, 8562
0.743, 8561
0.746, 8560
0.748, 8559
0.753, 8558
0.753, 8557
0.754, 8556
0.755, 8555
0.755, 8554
0.760, 8553
0.761, 8552
0.765, 8551
0.766, 8550
0.769, 8549
0.770, 8548
0.772, 8547
0.773, 8546
0.774, 8545
0.777, 8544
0.777, 8543
0.779, 8542
0.781, 8541
0.781, 8540
0.782, 8539
0.783, 8538
0.786, 8537
0.788, 8536
0.792, 8535
0.794, 8534
0.798, 8533
0.798, 8532
0.802, 8531
0.802, 8530
0.804, 8529
0.805, 8528
0.806, 8527
0.808, 8526
0.808, 8525
0.811, 8524
0.811, 8523
0.814, 8522
0.816, 8521
0.817, 8520
0.819, 8519
0.820, 8518
0.821, 8517
0.822, 8516
0.823, 8515
0.826, 8514
0.827, 8513
0.829, 8512
0.830, 8511
0.831, 8510
0.832, 8509
0.832, 8508
0.833, 8507
0.835, 8506
0.838, 8505
0.839, 8504
0.842, 8503
0.842, 8502
0.846, 8501
0.850, 8500
0.856, 8499
0.858, 8498
0.859, 8497
0.861, 8496
0.863, 8495
0.868, 8494
0.871, 8493
0.877, 8492
0.880, 8491
0.882, 8490
0.884, 8489
0.885, 8488
0.887, 8487
0.888, 8486
0.890, 8485
0.891, 8484
0.894, 8483
0.896, 8482
0.897, 8481
0.902, 8480
0.902, 8479
0.903, 8478
0.907, 8477
0.909, 8476
0.911, 8475
0.912, 8474
0.914, 8473
0.919, 8472
0.919, 8471
0.920, 8470
0.922, 8469
0.923, 8468
0.924, 8467
0.926, 8466
0.928, 8465
0.929, 8464
0.930, 8463
0.933, 8462
0.941, 8461
0.943, 8460
0.943, 8459
0.948, 8458
0.951, 8457
0.952, 8456
0.953, 8455
0.954, 8454
0.955, 8453
0.958, 8452
0.959, 8451
0.960, 8450
0.961, 8449
0.963, 8448
0.968, 8447
0.969, 8446
0.974, 8445
0.975, 8444
0.975, 8443
0.976, 8442
0.979, 8441
0.980, 8440
0.983, 8439
0.985, 8438
0.985, 8437
0.988, 8436
0.989, 8435
0.992, 8434
0.993, 8433
0.994, 8432
0.995, 8431
0.998, 8430
0.998, 8429
0.999, 8428
1.000, 8427
1.001, 8426
1.002, 8425
1.003, 8424
1.004, 8423
1.005, 8422
1.005, 8421
1.006, 8420
1.007, 8419
1.008, 8418
1.008, 8417
1.012, 8416
1.020, 8415
1.021, 8414
1.022, 8413
1.026, 8412
1.029, 8411
1.030, 8410
1.031, 8409
1.034, 8408
1.038, 8407
1.040, 8406
1.040, 8405
1.045, 8404
1.047, 8403
1.048, 8402
1.050, 8401
1.052, 8400
1.053, 8399
1.055, 8398
1.058, 8397
1.059, 8396
1.066, 8395
1.069, 8394
1.071, 8393
1.074, 8392
1.075, 8391
1.079, 8390
1.080, 8389
1.081, 8388
1.082, 8387
1.082, 8386
1.083, 8385
1.085, 8384
1.086, 8383
1.087, 8382
1.094, 8381
1.095, 8380
1.100, 8379
1.100, 8378
1.102, 8377
1.103, 8376
1.104, 8375
1.107, 8374
1.109, 8373
1.111, 8372
1.112, 8371
1.113, 8370
1.115, 8369
1.117, 8368
1.119, 8367
1.121, 8366
1.121, 8365
1.124, 8364
1.125, 8363
1.129, 8362
1.132, 8361
1.136, 8360
1.136, 8359
1.139, 8358
1.140, 8357
1.142, 8356
1.145, 8355
1.146, 8354
1.148, 8353
1.151, 8352
1.151, 8351
1.156, 8350
1.158, 8349
1.162, 8348
1.165, 8347
1.169, 8346
1.170, 8345
1.177, 8344
1.178, 8343
1.180, 8342
1.186, 8341
1.187, 8340
1.188, 8339
1.191, 8338
1.192, 8337
1.196, 8336
1.198, 8335
1.205, 8334
1.208, 8333
1.213, 8332
1.214, 8331
1.215, 8330
1.215, 8329
1.216, 8328
1.217, 8327
1.220, 8326
1.224, 8325
1.230, 8324
1.231, 8323
1.234, 8322
1.240, 8321
1.241, 8320
1.245, 8319
1.247, 8318
1.250, 8317
1.259, 8316
1.261, 8315
1.262, 8314
1.263, 8313
1.267, 8312
1.268, 8311
1.270, 8310
1.271, 8309
1.274, 8308
1.275, 8307
1.276, 8306
1.287, 8305
1.289, 8304
1.304, 8303
1.312, 8302
1.315, 8301
1.315, 8300
1.324, 8299
1.328, 8298
1.329, 8297
1.330, 8296
1.331, 8295
1.333, 8294
1.337, 8293
1.339, 8292
1.339, 8291
1.340, 8290
1.341, 8289
1.342, 8288
1.345, 8287
1.350, 8286
1.351, 8285
1.352, 8284
1.355, 8283
1.356, 8282
1.359, 8281
1.363, 8280
1.366, 8279
1.366, 8278
1.368, 8277
1.372, 8276
1.376, 8275
1.381, 8274
1.383, 8273
1.384, 8272
1.385, 8271
1.389, 8270
1.391, 8269
1.391, 8268
1.395, 8267
1.396, 8266
1.397, 8265
1.398, 8264
1.401, 8263
1.405, 8262
1.406, 8261
1.411, 8260
1.414, 8259
1.418, 8258
1.419, 8257
1.420, 8256
1.420, 8255
1.425, 8254
1.427, 8253
1.428, 8252
1.430, 8251
1.431, 8250
1.431, 8249
1.432, 8248
1.435, 8247
1.438, 8246
1.440, 8245
1.441, 8244
1.443, 8243
1.446, 8242
1.448, 8241
1.452, 8240
1.455, 8239
1.458, 8238
1.461, 8237
1.462, 8236
1.462, 8235
1.463, 8234
1.467, 8233
1.468, 8232
1.470, 8231
1.471, 8230
1.472, 8229
1.477, 8228
1.479, 8227
1.480, 8226
1.484, 8225
1.486, 8224
1.488, 8223
1.492, 8222
1.496, 8221
1.498, 8220
1.499, 8219
1.501, 8218
1.502, 8217
1.505, 8216
1.505, 8215
1.506, 8214
1.507, 8213
1.511, 8212
1.513, 8211
1.517, 8210
1.518, 8209
1.523, 8208
1.524, 8207
1.525, 8206
1.529, 8205
1.537, 8204
1.541, 8203
1.546, 8202
1.548, 8201
1.549, 8200
1.551, 8199
1.551, 8198
1.558, 8197
1.560, 8196
1.561, 8195
1.563, 8194
1.571, 8193
1.583, 8192
1.584, 8191
1.586, 8190
1.589, 8189
1.593, 8188
1.608, 8187
1.610, 8186
1.612, 8185
1.616, 8184
1.620, 8183
1.624, 8182
1.625, 8181
1.627, 8180
1.635, 8179
1.636, 8178
1.637, 8177
1.640, 8176
1.641, 8175
1.642, 8174
1.642, 8173
1.643, 8172
1.649, 8171
1.656, 8170
1.657, 8169
1.660, 8168
1.662, 8167
1.663, 8166
1.664, 8165
1.666, 8164
1.669, 8163
1.670, 8162
1.677, 8161
1.678, 8160
1.679, 8159
1.683, 8158
1.685, 8157
1.686, 8156
1.688, 8155
1.694, 8154
1.701, 8153
1.707, 8152
1.714, 8151
1.715, 8150
1.716, 8149
1.720, 8148
1.724, 8147
1.724, 8146
1.735, 8145
1.735, 8144
1.736, 8143
1.738, 8142
1.739, 8141
1.740, 8140
1.742, 8139
1.744, 8138
1.747, 8137
1.748, 8136
1.750, 8135
1.750, 8134
1.757, 8133
1.758, 8132
1.760, 8131
1.773, 8130
1.776, 8129
1.776, 8128
1.782, 8127
1.787, 8126
1.789, 8125
1.796, 8124
1.798, 8123
1.799, 8122
1.810, 8121
1.812, 8120
1.816, 8119
1.820, 8118
1.830, 8117
1.838, 8116
1.840, 8115
1.841, 8114
1.844, 8113
1.847, 8112
1.847, 8111
1.849, 8110
1.851, 8109
1.851, 8108
1.852, 8107
1.854, 8106
1.857, 8105
1.860, 8104
1.861, 8103
1.880, 8102
1.885, 8101
1.887, 8100
1.888, 8099
1.901, 8098
1.907, 8097
1.910, 8096
1.911, 8095
1.913, 8094
1.914, 8093
1.915, 8092
1.916, 8091
1.918, 8090
1.919, 8089
1.920, 8088
1.923, 8087
1.928, 8086
1.934, 8085
1.941, 8084
1.945, 8083
1.947, 8082
1.951, 8081
1.958, 8080
1.958, 8079
1.959, 8078
1.971, 8077
1.972, 8076
1.972, 8075
1.973, 8074
1.978, 8073
1.980, 8072
1.988, 8071
1.995, 8070
1.997, 8069
1.997, 8068
1.998, 8067
1.999, 8066
2.005, 8065
2.006, 8064
2.009, 8063
2.014, 8062
2.019, 8061
2.022, 8060
2.023, 8059
2.026, 8058
2.028, 8057
2.030, 8056
2.044, 8055
2.059, 8054
2.071, 8053
2.074, 8052
2.076, 8051
2.077, 8050
2.079, 8049
2.084, 8048
2.090, 8047
2.099, 8046
2.118, 8045
2.125, 8044
2.148, 8043
2.154, 8042
2.156, 8041
2.156, 8040
2.157, 8039
2.158, 8038
2.162, 8037
2.168, 8036
2.170, 8035
2.171, 8034
2.175, 8033
2.179, 8032
2.188, 8031
2.192, 8030
2.202, 8029
2.207, 8028
2.211, 8027
2.218, 8026
2.220, 8025
2.220, 8024
2.223, 8023
2.229, 8022
2.233, 8021
2.251, 8020
2.260, 8019
2.264, 8018
2.269, 8017
2.281, 8016
2.282, 8015
2.283, 8014
2.292, 8013
2.296, 8012
2.300, 8011
2.303, 8010
2.306, 8009
2.309, 8008
2.313, 8007
2.317, 8006
2.320, 8005
2.320, 8004
2.329, 8003
2.331, 8002
2.333, 8001
2.337, 8000
2.339, 7999
2.340, 7998
2.342, 7997
2.352, 7996
2.354, 7995
2.356, 7994
2.357, 7993
2.362, 7992
2.365, 7991
2.367, 7990
2.381, 7989
2.382, 7988
2.390, 7987
2.392, 7986
2.392, 7985
2.393, 7984
2.393, 7983
2.397, 7982
2.398, 7981
2.399, 7980
2.405, 7979
2.407, 7978
2.414, 7977
2.418, 7976
2.419, 7975
2.422, 7974
2.423, 7973
2.424, 7972
2.433, 7971
2.444, 7970
2.453, 7969
2.454, 7968
2.455, 7967
2.469, 7966
2.470, 7965
2.472, 7964
2.481, 7963
2.482, 7962
2.496, 7961
2.497, 7960
2.498, 7959
2.505, 7958
2.506, 7957
2.508, 7956
2.515, 7955
2.523, 7954
2.527, 7953
2.530, 7952
2.533, 7951
2.537, 7950
2.547, 7949
2.552, 7948
2.553, 7947
2.561, 7946
2.565, 7945
2.565, 7944
2.578, 7943
2.583, 7942
2.588, 7941
2.591, 7940
2.596, 7939
2.601, 7938
2.608, 7937
2.623, 7936
2.634, 7935
2.640, 7934
2.646, 7933
2.650, 7932
2.653, 7931
2.654, 7930
2.663, 7929
2.665, 7928
2.667, 7927
2.669, 7926
2.671, 7925
2.671, 7924
2.672, 7923
2.675, 7922
2.676, 7921
2.689, 7920
2.699, 7919
2.711, 7918
2.719, 7917
2.721, 7916
2.727, 7915
2.729, 7914
2.735, 7913
2.736, 7912
2.739, 7911
2.747, 7910
2.755, 7909
2.758, 7908
2.760, 7907
2.764, 7906
2.775, 7905
2.776, 7904
2.782, 7903
2.790, 7902
2.793, 7901
2.797, 7900
2.801, 7899
2.806, 7898
2.809, 7897
2.811, 7896
2.813, 7895
2.822, 7894
2.828, 7893
2.829, 7892
2.837, 7891
2.846, 7890
2.856, 7889
2.858, 7888
2.858, 7887
2.863, 7886
2.864, 7885
2.867, 7884
2.867, 7883
2.870, 7882
2.872, 7881
2.873, 7880
2.886, 7879
2.900, 7878
2.903, 7877
2.906, 7876
2.914, 7875
2.918, 7874
2.924, 7873
2.927, 7872
2.931, 7871
2.943, 7870
2.945, 7869
2.956, 7868
2.962, 7867
2.964, 7866
2.967, 7865
2.971, 7864
2.973, 7863
2.994, 7862
2.997, 7861
3.006, 7860
3.007, 7859
3.011, 7858
3.015, 7857
3.018, 7856
3.032, 7855
3.034, 7854
3.037, 7853
3.044, 7852
3.045, 7851
3.070, 7850
3.077, 7849
3.090, 7848
3.099, 7847
3.108, 7846
3.108, 7845
3.109, 7844
3.153, 7843
3.161, 7842
3.162, 7841
3.170, 7840
3.190, 7839
3.197, 7838
3.223, 7837
3.226, 7836
3.228, 7835
3.236, 7834
3.237, 7833
3.250, 7832
3.255, 7831
3.278, 7830
3.279, 7829
3.281, 7828
3.284, 7827
3.287, 7826
3.288, 7825
3.290, 7824
3.292, 7823
3.296, 7822
3.308, 7821
3.312, 7820
3.323, 7819
3.324, 7818
3.330, 7817
3.331, 7816
3.339, 7815
3.340, 7814
3.342, 7813
3.351, 7812
3.356, 7811
3.357, 7810
3.386, 7809
3.389, 7808
3.392, 7807
3.402, 7806
3.429, 7805
3.452, 7804
3.458, 7803
3.465, 7802
3.473, 7801
3.477, 7800
3.491, 7799
3.493, 7798
3.510, 7797
3.523, 7796
3.525, 7795
3.527, 7794
3.553, 7793
3.558, 7792
3.576, 7791
3.586, 7790
3.592, 7789
3.597, 7788
3.605, 7787
3.611, 7786
3.611, 7785
3.624, 7784
3.627, 7783
3.643, 7782
3.646, 7781
3.658, 7780
3.724, 7779
3.728, 7778
3.736, 7777
3.740, 7776
3.747, 7775
3.766, 7774
3.794, 7773
3.798, 7772
3.803, 7771
3.880, 7770
3.893, 7769
3.903, 7768
3.915, 7767
3.917, 7766
3.938, 7765
3.945, 7764
3.964, 7763
3.966, 7762
3.973, 7761
3.975, 7760
3.997, 7759
4.009, 7758
4.018, 7757
4.026, 7756
4.027, 7755
4.030, 7754
4.069, 7753
4.071, 7752
4.109, 7751
4.113, 7750
4.116, 7749
4.128, 7748
4.160, 7747
4.170, 7746
4.174, 7745
4.175, 7744
4.186, 7743
4.188, 7742
4.201, 7741
4.219, 7740
4.222, 7739
4.231, 7738
4.233, 7737
4.235, 7736
4.287, 7735
4.304, 7734
4.309, 7733
4.310, 7732
4.319, 7731
4.330, 7730
4.341, 7729
4.344, 7728
4.388, 7727
4.420, 7726
4.426, 7725
4.441, 7724
4.501, 7723
4.512, 7722
4.527, 7721
4.535, 7720
4.545, 7719
4.561, 7718
4.575, 7717
4.612, 7716
4.648, 7715
4.651, 7714
4.674, 7713
4.693, 7712
4.706, 7711
4.717, 7710
4.724, 7709
4.734, 7708
4.820, 7707
4.877, 7706
4.883, 7705
4.889, 7704
4.901, 7703
4.927, 7702
4.940, 7701
4.988, 7700
5.059, 7699
5.060, 7698
5.069, 7697
5.103, 7696
5.125, 7695
5.137, 7694
5.162, 7693
5.184, 7692
5.187, 7691
5.226, 7690
5.231, 7689
5.240, 7688
5.269, 7687
5.286, 7686
5.287, 7685
5.322, 7684
5.328, 7683
5.348, 7682
5.350, 7681
5.367, 7680
5.488, 7679
5.508, 7678
5.600, 7677
5.611, 7676
5.638, 7675
5.750, 7674
5.764, 7673
5.773, 7672
5.779, 7671
5.820, 7670
5.836, 7669
5.838, 7668
5.841, 7667
5.849, 7666
5.876, 7665
5.888, 7664
5.934, 7663
5.982, 7662
5.999, 7661
6.008, 7660
6.042, 7659
6.057, 7658
6.068, 7657
6.074, 7656
6.109, 7655
6.153, 7654
6.162, 7653
6.180, 7652
6.188, 7651
6.203, 7650
6.313, 7649
6.335, 7648
6.477, 7647
6.518, 7646
6.547, 7645
6.611, 7644
6.655, 7643
6.683, 7642
6.830, 7641
6.845, 7640
6.864, 7639
6.887, 7638
6.925, 7637
6.937, 7636
6.950, 7635
6.975, 7634
7.068, 7633
7.074, 7632
7.102, 7631
7.124, 7630
7.151, 7629
7.162, 7628
7.295, 7627
7.311, 7626
7.388, 7625
7.512, 7624
7.689, 7623
7.743, 7622
7.851, 7621
8.456, 7620
8.470, 7619
8.493, 7618
8.625, 7617
8.868, 7616
8.886, 7615
9.135, 7614
9.476, 7613
9.483, 7612
9.661, 7611
9.841, 7610
11.010, 7609
11.232, 7608
11.493, 7607
11.572, 7606
11.647, 7605
12.441, 7604
12.779, 7603
12.911, 7602
13.161, 7601
13.339, 7600
14.166, 7599
15.525, 7598
16.446, 7597
20.008, 7596
