0.001, 3907
3.974, 3906
3.979, 3905
3.987, 3904
4.038, 3903
4.057, 3902
4.093, 3901
4.134, 3900
4.151, 3899
4.156, 3898
4.158, 3897
4.169, 3896
4.189, 3895
4.196, 3894
4.254, 3893
4.387, 3892
4.450, 3891
4.455, 3890
4.484, 3889
4.550, 3888
4.558, 3887
4.563, 3886
4.580, 3885
4.593, 3884
4.595, 3883
4.598, 3882
4.601, 3881
4.678, 3880
4.815, 3879
4.819, 3878
4.821, 3877
4.892, 3876
4.928, 3875
4.951, 3874
4.969, 3873
4.971, 3872
4.980, 3871
4.987, 3870
4.998, 3869
5.066, 3868
5.145, 3867
5.148, 3866
5.190, 3865
5.219, 3864
5.232, 3863
5.265, 3862
5.276, 3861
5.278, 3860
5.329, 3859
5.360, 3858
5.366, 3857
5.371, 3856
5.374, 3855
5.376, 3854
5.393, 3853
5.421, 3852
5.427, 3851
5.529, 3850
5.579, 3849
5.623, 3848
5.645, 3847
5.691, 3846
5.694, 3845
5.706, 3844
5.728, 3843
5.762, 3842
5.764, 3841
5.797, 3840
5.816, 3839
5.837, 3838
5.845, 3837
5.855, 3836
5.882, 3835
5.887, 3834
5.956, 3833
5.979, 3832
6.022, 3831
6.052, 3830
6.072, 3829
6.089, 3828
6.115, 3827
6.159, 3826
6.163, 3825
6.178, 3824
6.203, 3823
6.207, 3822
6.224, 3821
6.292, 3820
6.297, 3819
6.302, 3818
6.314, 3817
6.352, 3816
6.415, 3815
6.469, 3814
6.505, 3813
6.507, 3812
6.512, 3811
6.567, 3810
6.591, 3809
6.593, 3808
6.598, 3807
6.629, 3806
6.634, 3805
6.677, 3804
6.692, 3803
6.772, 3802
6.807, 3801
6.871, 3800
6.922, 3799
6.935, 3798
6.939, 3797
6.957, 3796
6.987, 3795
7.038, 3794
7.062, 3793
7.074, 3792
7.086, 3791
7.101, 3790
7.112, 3789
7.150, 3788
7.158, 3787
7.185, 3786
7.199, 3785
7.206, 3784
7.209, 3783
7.217, 3782
7.236, 3781
7.299, 3780
7.322, 3779
7.330, 3778
7.410, 3777
7.416, 3776
7.466, 3775
7.494, 3774
7.505, 3773
7.529, 3772
7.539, 3771
7.585, 3770
7.712, 3769
7.761, 3768
7.810, 3767
7.859, 3766
7.869, 3765
7.893, 3764
7.939, 3763
7.971, 3762
8.001, 3761
8.011, 3760
8.044, 3759
8.097, 3758
8.116, 3757
8.132, 3756
8.158, 3755
8.237, 3754
8.268, 3753
8.422, 3752
8.481, 3751
8.495, 3750
8.554, 3749
8.656, 3748
8.662, 3747
8.777, 3746
8.847, 3745
8.868, 3744
8.908, 3743
8.917, 3742
8.936, 3741
9.007, 3740
9.029, 3739
9.032, 3738
9.051, 3737
9.067, 3736
9.141, 3735
9.167, 3734
9.209, 3733
9.221, 3732
9.353, 3731
9.400, 3730
9.474, 3729
9.522, 3728
9.527, 3727
9.539, 3726
9.560, 3725
9.569, 3724
9.585, 3723
9.750, 3722
9.812, 3721
9.830, 3720
9.845, 3719
9.883, 3718
9.892, 3717
10.049, 3716
10.069, 3715
10.159, 3714
10.183, 3713
10.191, 3712
10.209, 3711
10.249, 3710
10.271, 3709
10.310, 3708
10.421, 3707
10.467, 3706
10.474, 3705
10.512, 3704
10.556, 3703
10.640, 3702
10.713, 3701
10.768, 3700
10.769, 3699
10.822, 3698
10.844, 3697
10.872, 3696
10.884, 3695
11.045, 3694
11.059, 3693
11.153, 3692
11.208, 3691
11.244, 3690
11.262, 3689
11.305, 3688
11.322, 3687
11.364, 3686
11.396, 3685
11.449, 3684
11.526, 3683
11.609, 3682
11.629, 3681
11.666, 3680
11.705, 3679
11.715, 3678
11.722, 3677
11.834, 3676
11.924, 3675
11.978, 3674
12.045, 3673
12.125, 3672
12.178, 3671
12.202, 3670
12.224, 3669
12.242, 3668
12.251, 3667
12.268, 3666
12.276, 3665
12.280, 3664
12.329, 3663
12.392, 3662
12.426, 3661
12.501, 3660
12.535, 3659
12.571, 3658
12.576, 3657
12.649, 3656
12.744, 3655
12.760, 3654
12.870, 3653
12.936, 3652
12.995, 3651
12.997, 3650
12.999, 3649
13.025, 3648
13.030, 3647
13.044, 3646
13.172, 3645
13.174, 3644
13.200, 3643
13.212, 3642
13.302, 3641
13.310, 3640
13.340, 3639
13.427, 3638
13.510, 3637
13.540, 3636
13.573, 3635
13.593, 3634
13.601, 3633
13.617, 3632
13.697, 3631
13.784, 3630
13.810, 3629
13.817, 3628
13.867, 3627
14.012, 3626
14.046, 3625
14.053, 3624
14.081, 3623
14.114, 3622
14.211, 3621
14.436, 3620
14.448, 3619
14.476, 3618
14.507, 3617
14.562, 3616
14.662, 3615
14.674, 3614
14.689, 3613
14.858, 3612
14.958, 3611
15.019, 3610
15.025, 3609
15.043, 3608
15.066, 3607
15.088, 3606
15.114, 3605
15.169, 3604
15.212, 3603
15.234, 3602
15.248, 3601
15.269, 3600
15.336, 3599
15.368, 3598
15.393, 3597
15.466, 3596
15.588, 3595
15.601, 3594
15.605, 3593
15.625, 3592
15.678, 3591
15.764, 3590
15.841, 3589
15.886, 3588
15.892, 3587
15.966, 3586
15.985, 3585
16.094, 3584
16.123, 3583
16.154, 3582
16.162, 3581
16.248, 3580
16.256, 3579
16.280, 3578
16.398, 3577
16.406, 3576
16.449, 3575
16.461, 3574
16.595, 3573
16.677, 3572
16.729, 3571
16.821, 3570
16.827, 3569
16.830, 3568
16.857, 3567
16.873, 3566
16.929, 3565
17.001, 3564
17.025, 3563
17.042, 3562
17.098, 3561
17.152, 3560
17.187, 3559
17.199, 3558
17.235, 3557
17.299, 3556
17.312, 3555
17.348, 3554
17.458, 3553
17.541, 3552
17.631, 3551
17.644, 3550
17.648, 3549
17.691, 3548
17.730, 3547
17.750, 3546
17.758, 3545
17.797, 3544
17.819, 3543
17.904, 3542
17.935, 3541
17.940, 3540
17.942, 3539
18.033, 3538
18.034, 3537
18.081, 3536
18.178, 3535
18.387, 3534
18.412, 3533
18.437, 3532
18.524, 3531
18.578, 3530
18.611, 3529
18.636, 3528
18.656, 3527
18.667, 3526
18.716, 3525
18.735, 3524
18.747, 3523
18.993, 3522
19.090, 3521
19.112, 3520
19.144, 3519
19.213, 3518
19.224, 3517
19.249, 3516
19.330, 3515
19.339, 3514
19.558, 3513
19.590, 3512
19.595, 3511
19.623, 3510
19.696, 3509
19.741, 3508
19.840, 3507
20.018, 3506
20.056, 3505
20.109, 3504
20.249, 3503
20.302, 3502
20.324, 3501
20.394, 3500
20.526, 3499
20.655, 3498
20.944, 3497
21.034, 3496
21.162, 3495
21.170, 3494
21.268, 3493
21.322, 3492
21.402, 3491
21.448, 3490
21.484, 3489
21.562, 3488
21.595, 3487
21.631, 3486
21.644, 3485
21.774, 3484
21.825, 3483
21.843, 3482
22.024, 3481
22.233, 3480
22.489, 3479
23.030, 3478
23.032, 3477
23.045, 3476
23.071, 3475
23.107, 3474
23.109, 3473
23.198, 3472
23.286, 3471
23.442, 3470
23.837, 3469
23.845, 3468
24.005, 3467
24.118, 3466
24.206, 3465
24.239, 3464
24.270, 3463
24.296, 3462
24.394, 3461
24.517, 3460
24.559, 3459
24.615, 3458
24.649, 3457
24.737, 3456
24.788, 3455
24.842, 3454
24.897, 3453
25.011, 3452
25.045, 3451
25.119, 3450
25.185, 3449
25.292, 3448
25.637, 3447
25.675, 3446
25.678, 3445
25.763, 3444
25.941, 3443
25.983, 3442
26.087, 3441
26.147, 3440
26.208, 3439
26.217, 3438
26.222, 3437
26.731, 3436
26.845, 3435
26.884, 3434
26.924, 3433
26.928, 3432
27.077, 3431
27.116, 3430
27.256, 3429
27.354, 3428
27.358, 3427
27.392, 3426
27.509, 3425
27.552, 3424
27.747, 3423
27.794, 3422
27.952, 3421
28.074, 3420
28.454, 3419
28.665, 3418
28.742, 3417
28.875, 3416
29.030, 3415
29.047, 3414
29.060, 3413
29.162, 3412
29.229, 3411
29.523, 3410
30.068, 3409
30.378, 3408
30.599, 3407
30.622, 3406
31.495, 3405
31.833, 3404
31.860, 3403
32.572, 3402
32.604, 3401
33.061, 3400
33.235, 3399
33.520, 3398
34.616, 3397
34.754, 3396
34.886, 3395
35.338, 3394
35.635, 3393
35.845, 3392
35.919, 3391
36.198, 3390
36.546, 3389
36.586, 3388
36.648, 3387
36.836, 3386
37.044, 3385
37.179, 3384
37.218, 3383
37.303, 3382
37.330, 3381
37.349, 3380
37.614, 3379
37.761, 3378
37.934, 3377
38.330, 3376
38.423, 3375
39.500, 3374
39.848, 3373
40.168, 3372
40.547, 3371
40.809, 3370
41.744, 3369
41.753, 3368
41.894, 3367
43.081, 3366
43.265, 3365
43.433, 3364
43.786, 3363
44.035, 3362
45.273, 3361
45.693, 3360
45.799, 3359
45.836, 3358
46.461, 3357
47.721, 3356
48.041, 3355
49.122, 3354
49.703, 3353
50.585, 3352
51.387, 3351
51.976, 3350
54.075, 3349
55.846, 3348
56.382, 3347
57.029, 3346
57.485, 3345
58.129, 3344
