0.001, 3907
4.344, 3906
4.376, 3905
4.526, 3904
4.565, 3903
4.568, 3902
4.574, 3901
4.613, 3900
4.679, 3899
4.698, 3898
4.702, 3897
4.705, 3896
4.716, 3895
4.736, 3894
4.739, 3893
4.742, 3892
4.761, 3891
4.786, 3890
4.817, 3889
4.838, 3888
4.842, 3887
4.852, 3886
4.858, 3885
4.890, 3884
4.949, 3883
4.956, 3882
4.982, 3881
5.006, 3880
5.017, 3879
5.029, 3878
5.045, 3877
5.084, 3876
5.132, 3875
5.148, 3874
5.171, 3873
5.174, 3872
5.188, 3871
5.189, 3870
5.196, 3869
5.220, 3868
5.234, 3867
5.245, 3866
5.253, 3865
5.266, 3864
5.274, 3863
5.285, 3862
5.344, 3861
5.429, 3860
5.439, 3859
5.456, 3858
5.483, 3857
5.486, 3856
5.497, 3855
5.506, 3854
5.517, 3853
5.521, 3852
5.525, 3851
5.550, 3850
5.587, 3849
5.595, 3848
5.600, 3847
5.624, 3846
5.655, 3845
5.722, 3844
5.727, 3843
5.754, 3842
5.765, 3841
5.770, 3840
5.802, 3839
5.882, 3838
5.900, 3837
5.949, 3836
5.974, 3835
6.066, 3834
6.084, 3833
6.124, 3832
6.132, 3831
6.179, 3830
6.185, 3829
6.196, 3828
6.286, 3827
6.289, 3826
6.327, 3825
6.344, 3824
6.346, 3823
6.368, 3822
6.384, 3821
6.391, 3820
6.418, 3819
6.443, 3818
6.508, 3817
6.529, 3816
6.536, 3815
6.539, 3814
6.545, 3813
6.638, 3812
6.643, 3811
6.656, 3810
6.688, 3809
6.718, 3808
6.752, 3807
6.827, 3806
6.883, 3805
6.905, 3804
6.916, 3803
6.946, 3802
6.972, 3801
6.993, 3800
7.017, 3799
7.019, 3798
7.025, 3797
7.124, 3796
7.127, 3795
7.155, 3794
7.172, 3793
7.225, 3792
7.278, 3791
7.299, 3790
7.316, 3789
7.318, 3788
7.323, 3787
7.372, 3786
7.402, 3785
7.484, 3784
7.503, 3783
7.583, 3782
7.593, 3781
7.604, 3780
7.631, 3779
7.765, 3778
7.778, 3777
7.794, 3776
7.813, 3775
7.815, 3774
7.817, 3773
7.828, 3772
7.833, 3771
7.839, 3770
7.857, 3769
7.934, 3768
7.951, 3767
7.987, 3766
8.039, 3765
8.124, 3764
8.134, 3763
8.137, 3762
8.225, 3761
8.238, 3760
8.266, 3759
8.268, 3758
8.271, 3757
8.339, 3756
8.387, 3755
8.388, 3754
8.405, 3753
8.440, 3752
8.516, 3751
8.528, 3750
8.555, 3749
8.561, 3748
8.592, 3747
8.619, 3746
8.644, 3745
8.680, 3744
8.701, 3743
8.705, 3742
8.771, 3741
8.828, 3740
8.870, 3739
8.959, 3738
8.982, 3737
9.012, 3736
9.061, 3735
9.079, 3734
9.098, 3733
9.138, 3732
9.145, 3731
9.159, 3730
9.233, 3729
9.237, 3728
9.285, 3727
9.299, 3726
9.305, 3725
9.312, 3724
9.317, 3723
9.408, 3722
9.421, 3721
9.429, 3720
9.432, 3719
9.521, 3718
9.537, 3717
9.559, 3716
9.585, 3715
9.610, 3714
9.624, 3713
9.644, 3712
9.751, 3711
9.764, 3710
9.804, 3709
9.820, 3708
9.846, 3707
9.875, 3706
10.045, 3705
10.053, 3704
10.162, 3703
10.198, 3702
10.205, 3701
10.210, 3700
10.229, 3699
10.355, 3698
10.461, 3697
10.482, 3696
10.493, 3695
10.603, 3694
10.626, 3693
10.659, 3692
10.676, 3691
10.731, 3690
10.765, 3689
10.771, 3688
10.791, 3687
10.793, 3686
10.818, 3685
10.838, 3684
10.908, 3683
10.962, 3682
10.988, 3681
11.048, 3680
11.064, 3679
11.087, 3678
11.092, 3677
11.120, 3676
11.176, 3675
11.203, 3674
11.272, 3673
11.346, 3672
11.396, 3671
11.404, 3670
11.533, 3669
11.567, 3668
11.612, 3667
11.637, 3666
11.682, 3665
11.765, 3664
11.799, 3663
11.864, 3662
11.867, 3661
11.880, 3660
11.979, 3659
11.989, 3658
12.003, 3657
12.023, 3656
12.164, 3655
12.182, 3654
12.222, 3653
12.226, 3652
12.401, 3651
12.406, 3650
12.420, 3649
12.432, 3648
12.571, 3647
12.601, 3646
12.641, 3645
12.868, 3644
12.959, 3643
12.985, 3642
13.070, 3641
13.111, 3640
13.200, 3639
13.221, 3638
13.248, 3637
13.287, 3636
13.344, 3635
13.364, 3634
13.426, 3633
13.471, 3632
13.482, 3631
13.485, 3630
13.628, 3629
13.656, 3628
13.682, 3627
13.726, 3626
13.732, 3625
13.790, 3624
13.792, 3623
13.828, 3622
13.833, 3621
13.994, 3620
14.054, 3619
14.078, 3618
14.234, 3617
14.262, 3616
14.322, 3615
14.369, 3614
14.387, 3613
14.452, 3612
14.460, 3611
14.502, 3610
14.505, 3609
14.510, 3608
14.513, 3607
14.594, 3606
14.644, 3605
14.661, 3604
14.691, 3603
14.698, 3602
14.873, 3601
14.880, 3600
14.894, 3599
14.913, 3598
14.928, 3597
14.955, 3596
14.960, 3595
14.981, 3594
15.042, 3593
15.050, 3592
15.052, 3591
15.062, 3590
15.068, 3589
15.152, 3588
15.160, 3587
15.165, 3586
15.171, 3585
15.240, 3584
15.263, 3583
15.306, 3582
15.666, 3581
15.676, 3580
15.686, 3579
15.706, 3578
15.772, 3577
15.803, 3576
15.927, 3575
15.994, 3574
16.058, 3573
16.090, 3572
16.160, 3571
16.188, 3570
16.235, 3569
16.319, 3568
16.513, 3567
16.583, 3566
16.636, 3565
16.680, 3564
16.766, 3563
16.854, 3562
16.949, 3561
16.996, 3560
17.105, 3559
17.165, 3558
17.240, 3557
17.242, 3556
17.277, 3555
17.292, 3554
17.297, 3553
17.301, 3552
17.498, 3551
17.537, 3550
17.569, 3549
17.589, 3548
17.593, 3547
17.637, 3546
17.720, 3545
17.722, 3544
17.840, 3543
17.870, 3542
17.965, 3541
17.977, 3540
17.992, 3539
18.069, 3538
18.117, 3537
18.176, 3536
18.282, 3535
18.404, 3534
18.498, 3533
18.559, 3532
18.603, 3531
18.723, 3530
18.972, 3529
18.992, 3528
19.012, 3527
19.143, 3526
19.198, 3525
19.229, 3524
19.342, 3523
19.352, 3522
19.362, 3521
19.389, 3520
19.527, 3519
19.675, 3518
19.686, 3517
19.716, 3516
19.850, 3515
19.955, 3514
19.965, 3513
19.989, 3512
20.041, 3511
20.178, 3510
20.221, 3509
20.428, 3508
20.455, 3507
20.606, 3506
20.650, 3505
20.660, 3504
20.810, 3503
20.891, 3502
20.894, 3501
20.929, 3500
21.001, 3499
21.009, 3498
21.034, 3497
21.124, 3496
21.175, 3495
21.182, 3494
21.338, 3493
21.469, 3492
21.585, 3491
21.682, 3490
21.711, 3489
21.743, 3488
21.802, 3487
21.845, 3486
21.850, 3485
21.974, 3484
21.987, 3483
22.016, 3482
22.019, 3481
22.028, 3480
22.120, 3479
22.514, 3478
22.549, 3477
22.770, 3476
22.777, 3475
22.790, 3474
22.857, 3473
23.194, 3472
23.195, 3471
23.208, 3470
23.314, 3469
23.415, 3468
23.430, 3467
23.636, 3466
23.668, 3465
23.677, 3464
23.687, 3463
23.723, 3462
23.759, 3461
23.912, 3460
23.957, 3459
24.001, 3458
24.070, 3457
24.176, 3456
24.291, 3455
24.307, 3454
24.324, 3453
24.424, 3452
24.450, 3451
24.485, 3450
24.650, 3449
24.884, 3448
25.012, 3447
25.080, 3446
25.565, 3445
25.851, 3444
26.271, 3443
26.293, 3442
26.368, 3441
26.492, 3440
26.525, 3439
26.720, 3438
26.763, 3437
26.924, 3436
27.068, 3435
27.151, 3434
27.190, 3433
27.357, 3432
27.460, 3431
27.499, 3430
27.659, 3429
27.708, 3428
27.719, 3427
27.807, 3426
27.836, 3425
27.962, 3424
28.061, 3423
28.138, 3422
28.160, 3421
28.443, 3420
28.546, 3419
28.593, 3418
28.656, 3417
28.799, 3416
28.808, 3415
29.233, 3414
29.367, 3413
29.487, 3412
29.539, 3411
29.547, 3410
29.580, 3409
29.775, 3408
30.391, 3407
30.682, 3406
30.800, 3405
30.805, 3404
31.123, 3403
31.235, 3402
31.439, 3401
31.468, 3400
31.830, 3399
31.970, 3398
32.206, 3397
32.900, 3396
32.916, 3395
33.323, 3394
34.189, 3393
34.248, 3392
34.534, 3391
34.726, 3390
34.759, 3389
35.247, 3388
35.560, 3387
35.564, 3386
35.621, 3385
35.750, 3384
36.043, 3383
36.812, 3382
36.838, 3381
37.100, 3380
37.108, 3379
37.413, 3378
37.439, 3377
37.724, 3376
38.109, 3375
38.196, 3374
38.214, 3373
38.643, 3372
38.663, 3371
38.723, 3370
39.298, 3369
39.575, 3368
39.837, 3367
40.360, 3366
40.365, 3365
40.689, 3364
40.762, 3363
40.949, 3362
41.172, 3361
41.885, 3360
42.473, 3359
42.491, 3358
42.528, 3357
42.761, 3356
43.336, 3355
43.892, 3354
46.004, 3353
46.453, 3352
46.751, 3351
48.282, 3350
50.846, 3349
50.988, 3348
50.999, 3347
53.423, 3346
54.098, 3345
56.323, 3344
