0.001, 3906
4.139, 3905
4.149, 3904
4.197, 3903
4.207, 3902
4.230, 3901
4.254, 3900
4.304, 3899
4.306, 3898
4.367, 3897
4.403, 3896
4.411, 3895
4.476, 3894
4.486, 3893
4.521, 3892
4.524, 3891
4.542, 3890
4.552, 3889
4.582, 3888
4.586, 3887
4.606, 3886
4.620, 3885
4.626, 3884
4.632, 3883
4.672, 3882
4.675, 3881
4.692, 3880
4.695, 3879
4.712, 3878
4.781, 3877
4.798, 3876
4.840, 3875
4.844, 3874
4.850, 3873
4.860, 3872
4.880, 3871
4.898, 3870
4.899, 3869
4.907, 3868
4.917, 3867
4.925, 3866
4.958, 3865
4.964, 3864
4.981, 3863
5.072, 3862
5.080, 3861
5.116, 3860
5.133, 3859
5.135, 3858
5.180, 3857
5.196, 3856
5.211, 3855
5.227, 3854
5.236, 3853
5.242, 3852
5.280, 3851
5.324, 3850
5.382, 3849
5.421, 3848
5.439, 3847
5.471, 3846
5.487, 3845
5.525, 3844
5.529, 3843
5.541, 3842
5.656, 3841
5.664, 3840
5.678, 3839
5.715, 3838
5.738, 3837
5.745, 3836
5.781, 3835
5.788, 3834
5.856, 3833
5.861, 3832
5.896, 3831
5.915, 3830
5.917, 3829
5.918, 3828
5.935, 3827
5.941, 3826
5.953, 3825
5.991, 3824
6.005, 3823
6.069, 3822
6.081, 3821
6.084, 3820
6.100, 3819
6.102, 3818
6.201, 3817
6.265, 3816
6.286, 3815
6.292, 3814
6.298, 3813
6.318, 3812
6.388, 3811
6.397, 3810
6.436, 3809
6.461, 3808
6.515, 3807
6.545, 3806
6.607, 3805
6.655, 3804
6.669, 3803
6.671, 3802
6.686, 3801
6.727, 3800
6.738, 3799
6.812, 3798
6.865, 3797
6.888, 3796
6.910, 3795
6.929, 3794
6.945, 3793
6.980, 3792
6.982, 3791
7.009, 3790
7.014, 3789
7.028, 3788
7.039, 3787
7.064, 3786
7.071, 3785
7.224, 3784
7.260, 3783
7.275, 3782
7.317, 3781
7.326, 3780
7.343, 3779
7.414, 3778
7.443, 3777
7.450, 3776
7.455, 3775
7.511, 3774
7.523, 3773
7.576, 3772
7.595, 3771
7.651, 3770
7.724, 3769
7.732, 3768
7.741, 3767
7.763, 3766
7.786, 3765
7.813, 3764
7.839, 3763
7.865, 3762
7.913, 3761
7.924, 3760
7.946, 3759
7.950, 3758
7.970, 3757
7.987, 3756
7.992, 3755
8.018, 3754
8.038, 3753
8.058, 3752
8.076, 3751
8.078, 3750
8.099, 3749
8.118, 3748
8.165, 3747
8.181, 3746
8.195, 3745
8.215, 3744
8.216, 3743
8.243, 3742
8.245, 3741
8.271, 3740
8.326, 3739
8.377, 3738
8.380, 3737
8.386, 3736
8.454, 3735
8.484, 3734
8.503, 3733
8.565, 3732
8.578, 3731
8.588, 3730
8.622, 3729
8.630, 3728
8.683, 3727
8.712, 3726
8.720, 3725
8.829, 3724
8.850, 3723
8.862, 3722
8.899, 3721
8.922, 3720
8.961, 3719
8.964, 3718
9.000, 3717
9.078, 3716
9.130, 3715
9.191, 3714
9.282, 3713
9.321, 3712
9.336, 3711
9.414, 3710
9.440, 3709
9.508, 3708
9.518, 3707
9.519, 3706
9.694, 3705
9.719, 3704
9.790, 3703
9.850, 3702
9.858, 3701
9.924, 3700
9.949, 3699
9.950, 3698
10.107, 3697
10.113, 3696
10.115, 3695
10.122, 3694
10.126, 3693
10.139, 3692
10.195, 3691
10.198, 3690
10.273, 3689
10.294, 3688
10.508, 3687
10.523, 3686
10.566, 3685
10.583, 3684
10.610, 3683
10.639, 3682
10.684, 3681
10.731, 3680
10.752, 3679
10.759, 3678
10.786, 3677
10.794, 3676
10.900, 3675
10.904, 3674
10.978, 3673
10.991, 3672
10.996, 3671
10.997, 3670
11.028, 3669
11.032, 3668
11.072, 3667
11.083, 3666
11.108, 3665
11.286, 3664
11.306, 3663
11.337, 3662
11.350, 3661
11.366, 3660
11.386, 3659
11.423, 3658
11.431, 3657
11.475, 3656
11.583, 3655
11.601, 3654
11.620, 3653
11.644, 3652
11.668, 3651
11.690, 3650
11.822, 3649
11.825, 3648
11.832, 3647
11.850, 3646
11.859, 3645
11.912, 3644
11.967, 3643
12.012, 3642
12.084, 3641
12.110, 3640
12.137, 3639
12.139, 3638
12.181, 3637
12.335, 3636
12.425, 3635
12.482, 3634
12.514, 3633
12.517, 3632
12.532, 3631
12.660, 3630
12.703, 3629
12.743, 3628
12.929, 3627
13.016, 3626
13.024, 3625
13.059, 3624
13.070, 3623
13.136, 3622
13.149, 3621
13.318, 3620
13.405, 3619
13.411, 3618
13.436, 3617
13.477, 3616
13.490, 3615
13.673, 3614
13.710, 3613
13.744, 3612
13.752, 3611
13.765, 3610
13.784, 3609
13.847, 3608
13.894, 3607
14.012, 3606
14.043, 3605
14.173, 3604
14.208, 3603
14.326, 3602
14.344, 3601
14.453, 3600
14.457, 3599
14.526, 3598
14.538, 3597
14.566, 3596
14.635, 3595
14.665, 3594
14.705, 3593
14.728, 3592
14.754, 3591
14.766, 3590
14.774, 3589
14.856, 3588
14.899, 3587
14.985, 3586
14.988, 3585
15.002, 3584
15.032, 3583
15.051, 3582
15.053, 3581
15.152, 3580
15.229, 3579
15.244, 3578
15.250, 3577
15.278, 3576
15.320, 3575
15.331, 3574
15.396, 3573
15.462, 3572
15.529, 3571
15.559, 3570
15.605, 3569
15.650, 3568
15.771, 3567
15.817, 3566
15.823, 3565
15.844, 3564
15.965, 3563
16.033, 3562
16.058, 3561
16.088, 3560
16.211, 3559
16.261, 3558
16.370, 3557
16.415, 3556
16.421, 3555
16.497, 3554
16.504, 3553
16.543, 3552
16.675, 3551
16.682, 3550
16.686, 3549
16.796, 3548
16.814, 3547
16.858, 3546
16.907, 3545
16.992, 3544
17.005, 3543
17.149, 3542
17.232, 3541
17.252, 3540
17.258, 3539
17.343, 3538
17.386, 3537
17.536, 3536
17.590, 3535
17.662, 3534
17.807, 3533
17.849, 3532
18.003, 3531
18.023, 3530
18.295, 3529
18.300, 3528
18.322, 3527
18.377, 3526
18.386, 3525
18.506, 3524
18.603, 3523
18.636, 3522
18.665, 3521
18.678, 3520
18.688, 3519
18.729, 3518
18.766, 3517
18.881, 3516
18.902, 3515
18.939, 3514
18.961, 3513
19.025, 3512
19.064, 3511
19.151, 3510
19.157, 3509
19.228, 3508
19.293, 3507
19.306, 3506
19.327, 3505
19.364, 3504
19.410, 3503
19.663, 3502
19.669, 3501
19.691, 3500
19.736, 3499
19.949, 3498
20.027, 3497
20.094, 3496
20.152, 3495
20.163, 3494
20.190, 3493
20.235, 3492
20.371, 3491
20.389, 3490
20.390, 3489
20.437, 3488
20.480, 3487
20.485, 3486
20.520, 3485
20.522, 3484
20.599, 3483
20.637, 3482
20.724, 3481
20.847, 3480
20.876, 3479
20.940, 3478
20.954, 3477
21.041, 3476
21.175, 3475
21.255, 3474
21.397, 3473
21.488, 3472
21.665, 3471
21.761, 3470
21.850, 3469
21.965, 3468
22.249, 3467
22.268, 3466
22.457, 3465
22.465, 3464
22.531, 3463
22.677, 3462
22.757, 3461
22.894, 3460
23.073, 3459
23.149, 3458
23.206, 3457
23.225, 3456
23.276, 3455
23.294, 3454
23.439, 3453
23.521, 3452
23.953, 3451
23.977, 3450
24.140, 3449
24.163, 3448
24.275, 3447
24.332, 3446
24.431, 3445
24.487, 3444
24.612, 3443
24.620, 3442
24.800, 3441
24.820, 3440
24.842, 3439
25.002, 3438
25.004, 3437
25.052, 3436
25.132, 3435
25.250, 3434
25.743, 3433
26.033, 3432
26.162, 3431
26.187, 3430
26.288, 3429
26.365, 3428
26.467, 3427
26.527, 3426
26.586, 3425
26.675, 3424
26.862, 3423
26.870, 3422
26.940, 3421
27.082, 3420
27.181, 3419
27.795, 3418
27.870, 3417
28.103, 3416
28.173, 3415
28.187, 3414
28.338, 3413
28.681, 3412
28.911, 3411
29.291, 3410
29.314, 3409
29.431, 3408
29.589, 3407
29.695, 3406
29.801, 3405
29.976, 3404
30.015, 3403
30.524, 3402
30.930, 3401
30.937, 3400
31.034, 3399
31.107, 3398
31.865, 3397
31.929, 3396
32.103, 3395
32.194, 3394
32.397, 3393
32.426, 3392
33.234, 3391
33.761, 3390
34.260, 3389
34.435, 3388
34.610, 3387
35.579, 3386
35.612, 3385
35.935, 3384
36.027, 3383
36.683, 3382
37.072, 3381
37.112, 3380
37.322, 3379
38.023, 3378
38.367, 3377
38.604, 3376
38.681, 3375
39.525, 3374
39.802, 3373
40.363, 3372
40.521, 3371
40.844, 3370
41.434, 3369
41.843, 3368
41.956, 3367
43.158, 3366
43.295, 3365
43.928, 3364
44.322, 3363
45.193, 3362
46.230, 3361
46.315, 3360
47.074, 3359
47.594, 3358
48.921, 3357
50.215, 3356
50.347, 3355
54.098, 3354
55.113, 3353
57.781, 3352
