0.005, 3907
6.197, 3906
6.241, 3905
6.253, 3904
6.273, 3903
6.277, 3902
6.283, 3901
6.289, 3900
6.291, 3899
6.307, 3898
6.319, 3897
6.360, 3896
6.442, 3895
6.475, 3894
6.486, 3893
6.515, 3892
6.550, 3891
6.561, 3890
6.568, 3889
6.577, 3888
6.586, 3887
6.594, 3886
6.600, 3885
6.642, 3884
6.651, 3883
6.663, 3882
6.692, 3881
6.705, 3880
6.733, 3879
6.745, 3878
6.747, 3877
6.801, 3876
6.836, 3875
6.919, 3874
6.931, 3873
6.963, 3872
6.969, 3871
6.973, 3870
6.977, 3869
6.987, 3868
7.022, 3867
7.042, 3866
7.143, 3865
7.157, 3864
7.162, 3863
7.193, 3862
7.199, 3861
7.210, 3860
7.220, 3859
7.225, 3858
7.230, 3857
7.233, 3856
7.269, 3855
7.308, 3854
7.318, 3853
7.334, 3852
7.380, 3851
7.439, 3850
7.444, 3849
7.459, 3848
7.462, 3847
7.477, 3846
7.486, 3845
7.528, 3844
7.543, 3843
7.574, 3842
7.586, 3841
7.588, 3840
7.597, 3839
7.637, 3838
7.656, 3837
7.668, 3836
7.673, 3835
7.702, 3834
7.718, 3833
7.724, 3832
7.727, 3831
7.743, 3830
7.787, 3829
7.792, 3828
7.858, 3827
7.880, 3826
7.893, 3825
7.907, 3824
7.923, 3823
7.931, 3822
7.972, 3821
8.000, 3820
8.071, 3819
8.094, 3818
8.115, 3817
8.195, 3816
8.236, 3815
8.244, 3814
8.246, 3813
8.300, 3812
8.307, 3811
8.378, 3810
8.382, 3809
8.397, 3808
8.425, 3807
8.433, 3806
8.442, 3805
8.512, 3804
8.522, 3803
8.621, 3802
8.627, 3801
8.651, 3800
8.660, 3799
8.705, 3798
8.742, 3797
8.745, 3796
8.903, 3795
8.915, 3794
8.918, 3793
8.933, 3792
8.953, 3791
8.957, 3790
8.963, 3789
8.975, 3788
8.977, 3787
9.021, 3786
9.035, 3785
9.066, 3784
9.076, 3783
9.082, 3782
9.091, 3781
9.151, 3780
9.288, 3779
9.300, 3778
9.305, 3777
9.319, 3776
9.340, 3775
9.345, 3774
9.355, 3773
9.380, 3772
9.426, 3771
9.453, 3770
9.457, 3769
9.467, 3768
9.478, 3767
9.501, 3766
9.573, 3765
9.581, 3764
9.594, 3763
9.638, 3762
9.685, 3761
9.707, 3760
9.712, 3759
9.768, 3758
9.773, 3757
9.795, 3756
9.809, 3755
9.822, 3754
9.865, 3753
9.871, 3752
9.998, 3751
10.043, 3750
10.046, 3749
10.075, 3748
10.118, 3747
10.160, 3746
10.186, 3745
10.217, 3744
10.226, 3743
10.236, 3742
10.244, 3741
10.313, 3740
10.324, 3739
10.331, 3738
10.349, 3737
10.365, 3736
10.381, 3735
10.385, 3734
10.474, 3733
10.492, 3732
10.506, 3731
10.515, 3730
10.531, 3729
10.535, 3728
10.565, 3727
10.576, 3726
10.579, 3725
10.585, 3724
10.635, 3723
10.761, 3722
10.873, 3721
10.931, 3720
10.962, 3719
11.001, 3718
11.024, 3717
11.045, 3716
11.091, 3715
11.111, 3714
11.127, 3713
11.150, 3712
11.157, 3711
11.224, 3710
11.322, 3709
11.363, 3708
11.367, 3707
11.414, 3706
11.433, 3705
11.435, 3704
11.464, 3703
11.567, 3702
11.569, 3701
11.581, 3700
11.683, 3699
11.687, 3698
11.754, 3697
11.771, 3696
11.803, 3695
11.888, 3694
11.892, 3693
12.059, 3692
12.085, 3691
12.086, 3690
12.093, 3689
12.112, 3688
12.246, 3687
12.284, 3686
12.345, 3685
12.410, 3684
12.432, 3683
12.472, 3682
12.516, 3681
12.530, 3680
12.553, 3679
12.631, 3678
12.704, 3677
12.731, 3676
12.855, 3675
12.863, 3674
12.885, 3673
12.888, 3672
12.978, 3671
13.026, 3670
13.073, 3669
13.104, 3668
13.148, 3667
13.152, 3666
13.183, 3665
13.234, 3664
13.249, 3663
13.270, 3662
13.272, 3661
13.313, 3660
13.317, 3659
13.464, 3658
13.672, 3657
13.677, 3656
13.739, 3655
13.769, 3654
13.779, 3653
13.810, 3652
13.825, 3651
13.839, 3650
13.872, 3649
13.921, 3648
13.931, 3647
13.949, 3646
13.966, 3645
14.061, 3644
14.149, 3643
14.158, 3642
14.176, 3641
14.199, 3640
14.215, 3639
14.235, 3638
14.269, 3637
14.293, 3636
14.310, 3635
14.335, 3634
14.375, 3633
14.408, 3632
14.481, 3631
14.488, 3630
14.522, 3629
14.543, 3628
14.646, 3627
14.664, 3626
14.729, 3625
14.762, 3624
14.774, 3623
14.792, 3622
14.823, 3621
14.875, 3620
14.921, 3619
14.946, 3618
15.037, 3617
15.104, 3616
15.133, 3615
15.149, 3614
15.179, 3613
15.186, 3612
15.196, 3611
15.215, 3610
15.257, 3609
15.361, 3608
15.473, 3607
15.475, 3606
15.606, 3605
15.657, 3604
15.704, 3603
15.863, 3602
15.874, 3601
15.885, 3600
15.941, 3599
15.946, 3598
15.999, 3597
16.075, 3596
16.146, 3595
16.191, 3594
16.226, 3593
16.259, 3592
16.327, 3591
16.412, 3590
16.474, 3589
16.479, 3588
16.535, 3587
16.661, 3586
16.677, 3585
16.711, 3584
16.737, 3583
16.750, 3582
16.778, 3581
16.902, 3580
16.906, 3579
16.932, 3578
16.935, 3577
16.960, 3576
17.079, 3575
17.087, 3574
17.092, 3573
17.138, 3572
17.201, 3571
17.330, 3570
17.466, 3569
17.484, 3568
17.501, 3567
17.528, 3566
17.545, 3565
17.612, 3564
17.621, 3563
17.720, 3562
17.762, 3561
17.764, 3560
17.780, 3559
17.859, 3558
17.932, 3557
17.965, 3556
18.034, 3555
18.106, 3554
18.279, 3553
18.304, 3552
18.321, 3551
18.362, 3550
18.391, 3549
18.394, 3548
18.428, 3547
18.481, 3546
18.544, 3545
18.548, 3544
18.614, 3543
18.649, 3542
18.790, 3541
18.812, 3540
18.825, 3539
18.895, 3538
18.964, 3537
19.004, 3536
19.085, 3535
19.105, 3534
19.142, 3533
19.193, 3532
19.267, 3531
19.294, 3530
19.399, 3529
19.415, 3528
19.434, 3527
19.451, 3526
19.505, 3525
19.517, 3524
19.527, 3523
19.677, 3522
19.693, 3521
19.982, 3520
20.243, 3519
20.300, 3518
20.339, 3517
20.373, 3516
20.388, 3515
20.426, 3514
20.445, 3513
20.525, 3512
20.709, 3511
20.711, 3510
20.794, 3509
20.803, 3508
20.867, 3507
20.923, 3506
20.977, 3505
21.091, 3504
21.147, 3503
21.223, 3502
21.262, 3501
21.538, 3500
21.608, 3499
21.615, 3498
21.695, 3497
21.796, 3496
21.813, 3495
21.880, 3494
22.060, 3493
22.089, 3492
22.102, 3491
22.157, 3490
22.167, 3489
22.230, 3488
22.282, 3487
22.296, 3486
22.314, 3485
22.349, 3484
22.491, 3483
22.504, 3482
22.531, 3481
22.553, 3480
22.684, 3479
22.763, 3478
22.920, 3477
22.938, 3476
23.162, 3475
23.251, 3474
23.289, 3473
23.339, 3472
23.418, 3471
23.523, 3470
23.582, 3469
23.699, 3468
23.705, 3467
23.792, 3466
23.957, 3465
24.053, 3464
24.245, 3463
24.271, 3462
24.425, 3461
24.437, 3460
24.450, 3459
24.504, 3458
24.648, 3457
24.849, 3456
24.891, 3455
25.168, 3454
25.339, 3453
25.497, 3452
25.504, 3451
25.594, 3450
25.622, 3449
26.346, 3448
26.391, 3447
26.417, 3446
26.575, 3445
26.669, 3444
26.750, 3443
26.808, 3442
27.058, 3441
27.123, 3440
27.128, 3439
27.274, 3438
27.300, 3437
27.379, 3436
27.557, 3435
27.608, 3434
28.003, 3433
28.062, 3432
28.107, 3431
28.197, 3430
28.207, 3429
28.209, 3428
28.276, 3427
28.332, 3426
28.368, 3425
28.524, 3424
28.541, 3423
28.603, 3422
28.975, 3421
29.311, 3420
29.861, 3419
29.950, 3418
30.357, 3417
30.395, 3416
30.409, 3415
30.483, 3414
30.517, 3413
30.592, 3412
30.806, 3411
31.028, 3410
31.073, 3409
31.162, 3408
31.234, 3407
31.346, 3406
31.351, 3405
31.969, 3404
31.987, 3403
32.385, 3402
32.548, 3401
32.659, 3400
32.707, 3399
33.175, 3398
33.297, 3397
33.456, 3396
33.506, 3395
33.518, 3394
33.788, 3393
33.845, 3392
34.174, 3391
34.249, 3390
34.596, 3389
34.852, 3388
35.187, 3387
35.758, 3386
35.862, 3385
36.171, 3384
36.323, 3383
36.375, 3382
36.526, 3381
36.533, 3380
36.625, 3379
36.684, 3378
36.860, 3377
37.215, 3376
37.314, 3375
37.627, 3374
38.031, 3373
38.323, 3372
38.481, 3371
38.660, 3370
38.674, 3369
39.218, 3368
39.314, 3367
39.442, 3366
39.742, 3365
40.258, 3364
40.489, 3363
41.229, 3362
42.335, 3361
42.761, 3360
42.786, 3359
43.439, 3358
43.985, 3357
44.233, 3356
47.201, 3355
47.265, 3354
47.969, 3353
48.143, 3352
48.276, 3351
48.499, 3350
49.133, 3349
50.178, 3348
51.168, 3347
51.506, 3346
52.533, 3345
52.716, 3344
52.736, 3343
53.954, 3342
55.409, 3341
57.522, 3340
57.714, 3339
59.070, 3338
