0.006, 3906
5.620, 3905
5.628, 3904
5.647, 3903
5.649, 3902
5.689, 3901
5.697, 3900
5.721, 3899
5.748, 3898
5.779, 3897
5.780, 3896
5.806, 3895
5.820, 3894
5.846, 3893
5.874, 3892
5.935, 3891
5.954, 3890
5.974, 3889
5.991, 3888
6.041, 3887
6.076, 3886
6.110, 3885
6.124, 3884
6.148, 3883
6.175, 3882
6.188, 3881
6.192, 3880
6.203, 3879
6.221, 3878
6.243, 3877
6.248, 3876
6.284, 3875
6.286, 3874
6.315, 3873
6.383, 3872
6.409, 3871
6.450, 3870
6.454, 3869
6.458, 3868
6.479, 3867
6.505, 3866
6.550, 3865
6.558, 3864
6.590, 3863
6.614, 3862
6.617, 3861
6.618, 3860
6.621, 3859
6.647, 3858
6.654, 3857
6.661, 3856
6.666, 3855
6.668, 3854
6.690, 3853
6.751, 3852
6.762, 3851
6.808, 3850
6.861, 3849
6.883, 3848
6.888, 3847
6.945, 3846
6.950, 3845
6.963, 3844
6.975, 3843
7.016, 3842
7.037, 3841
7.039, 3840
7.053, 3839
7.056, 3838
7.084, 3837
7.114, 3836
7.128, 3835
7.130, 3834
7.192, 3833
7.194, 3832
7.289, 3831
7.312, 3830
7.319, 3829
7.371, 3828
7.373, 3827
7.382, 3826
7.431, 3825
7.442, 3824
7.446, 3823
7.457, 3822
7.463, 3821
7.471, 3820
7.510, 3819
7.526, 3818
7.531, 3817
7.584, 3816
7.599, 3815
7.620, 3814
7.635, 3813
7.641, 3812
7.652, 3811
7.681, 3810
7.720, 3809
7.732, 3808
7.753, 3807
7.768, 3806
7.778, 3805
7.794, 3804
7.823, 3803
7.826, 3802
7.883, 3801
7.895, 3800
7.902, 3799
7.905, 3798
7.914, 3797
7.920, 3796
7.936, 3795
7.969, 3794
7.982, 3793
8.022, 3792
8.049, 3791
8.051, 3790
8.078, 3789
8.112, 3788
8.115, 3787
8.123, 3786
8.127, 3785
8.140, 3784
8.165, 3783
8.167, 3782
8.183, 3781
8.185, 3780
8.216, 3779
8.243, 3778
8.245, 3777
8.246, 3776
8.294, 3775
8.301, 3774
8.311, 3773
8.316, 3772
8.361, 3771
8.368, 3770
8.392, 3769
8.424, 3768
8.433, 3767
8.464, 3766
8.589, 3765
8.702, 3764
8.723, 3763
8.725, 3762
8.829, 3761
8.841, 3760
8.873, 3759
8.883, 3758
8.927, 3757
8.940, 3756
8.972, 3755
8.981, 3754
8.989, 3753
9.003, 3752
9.049, 3751
9.062, 3750
9.083, 3749
9.152, 3748
9.249, 3747
9.273, 3746
9.320, 3745
9.325, 3744
9.340, 3743
9.345, 3742
9.350, 3741
9.372, 3740
9.383, 3739
9.416, 3738
9.448, 3737
9.514, 3736
9.556, 3735
9.558, 3734
9.600, 3733
9.610, 3732
9.718, 3731
9.739, 3730
9.742, 3729
9.754, 3728
9.775, 3727
9.780, 3726
9.826, 3725
9.970, 3724
10.036, 3723
10.053, 3722
10.096, 3721
10.148, 3720
10.313, 3719
10.400, 3718
10.424, 3717
10.442, 3716
10.450, 3715
10.473, 3714
10.478, 3713
10.483, 3712
10.484, 3711
10.509, 3710
10.510, 3709
10.608, 3708
10.662, 3707
10.704, 3706
10.736, 3705
10.779, 3704
10.823, 3703
10.866, 3702
10.875, 3701
10.962, 3700
10.969, 3699
10.972, 3698
11.003, 3697
11.024, 3696
11.039, 3695
11.043, 3694
11.066, 3693
11.122, 3692
11.151, 3691
11.216, 3690
11.262, 3689
11.314, 3688
11.343, 3687
11.388, 3686
11.418, 3685
11.433, 3684
11.556, 3683
11.577, 3682
11.591, 3681
11.594, 3680
11.604, 3679
11.632, 3678
11.712, 3677
11.717, 3676
11.785, 3675
11.789, 3674
11.791, 3673
11.844, 3672
11.889, 3671
11.937, 3670
11.944, 3669
11.945, 3668
11.958, 3667
11.960, 3666
11.970, 3665
11.985, 3664
11.996, 3663
12.015, 3662
12.027, 3661
12.032, 3660
12.045, 3659
12.049, 3658
12.053, 3657
12.066, 3656
12.130, 3655
12.145, 3654
12.147, 3653
12.197, 3652
12.232, 3651
12.269, 3650
12.409, 3649
12.489, 3648
12.560, 3647
12.670, 3646
12.676, 3645
12.678, 3644
12.702, 3643
12.714, 3642
12.765, 3641
12.800, 3640
12.872, 3639
12.899, 3638
12.961, 3637
12.980, 3636
13.031, 3635
13.066, 3634
13.075, 3633
13.081, 3632
13.084, 3631
13.097, 3630
13.121, 3629
13.313, 3628
13.350, 3627
13.365, 3626
13.392, 3625
13.457, 3624
13.473, 3623
13.511, 3622
13.559, 3621
13.626, 3620
13.729, 3619
13.732, 3618
13.757, 3617
13.793, 3616
13.799, 3615
13.839, 3614
13.888, 3613
13.907, 3612
13.963, 3611
13.968, 3610
14.005, 3609
14.013, 3608
14.093, 3607
14.098, 3606
14.158, 3605
14.231, 3604
14.253, 3603
14.330, 3602
14.335, 3601
14.422, 3600
14.455, 3599
14.545, 3598
14.566, 3597
14.686, 3596
14.704, 3595
14.797, 3594
14.827, 3593
14.881, 3592
14.885, 3591
14.920, 3590
14.924, 3589
15.014, 3588
15.017, 3587
15.067, 3586
15.182, 3585
15.255, 3584
15.302, 3583
15.360, 3582
15.378, 3581
15.467, 3580
15.481, 3579
15.577, 3578
15.606, 3577
15.668, 3576
15.697, 3575
15.710, 3574
15.898, 3573
16.016, 3572
16.118, 3571
16.238, 3570
16.253, 3569
16.358, 3568
16.385, 3567
16.395, 3566
16.439, 3565
16.509, 3564
16.529, 3563
16.546, 3562
16.713, 3561
16.730, 3560
16.769, 3559
16.982, 3558
16.984, 3557
17.037, 3556
17.045, 3555
17.062, 3554
17.068, 3553
17.244, 3552
17.272, 3551
17.364, 3550
17.375, 3549
17.488, 3548
17.522, 3547
17.541, 3546
17.593, 3545
17.636, 3544
17.693, 3543
17.710, 3542
17.761, 3541
17.807, 3540
17.844, 3539
17.871, 3538
17.910, 3537
17.967, 3536
18.014, 3535
18.070, 3534
18.086, 3533
18.282, 3532
18.402, 3531
18.425, 3530
18.447, 3529
18.519, 3528
18.587, 3527
18.721, 3526
18.739, 3525
18.840, 3524
18.894, 3523
18.918, 3522
19.026, 3521
19.056, 3520
19.099, 3519
19.216, 3518
19.320, 3517
19.370, 3516
19.590, 3515
19.722, 3514
19.803, 3513
19.876, 3512
19.892, 3511
19.975, 3510
20.110, 3509
20.149, 3508
20.167, 3507
20.174, 3506
20.265, 3505
20.388, 3504
20.400, 3503
20.426, 3502
20.447, 3501
20.533, 3500
20.586, 3499
20.664, 3498
20.753, 3497
20.935, 3496
20.959, 3495
21.029, 3494
21.075, 3493
21.158, 3492
21.257, 3491
21.295, 3490
21.390, 3489
21.424, 3488
21.525, 3487
21.693, 3486
21.744, 3485
21.825, 3484
21.928, 3483
21.959, 3482
22.019, 3481
22.023, 3480
22.209, 3479
22.297, 3478
22.340, 3477
22.440, 3476
22.581, 3475
22.651, 3474
22.706, 3473
22.939, 3472
22.953, 3471
23.105, 3470
23.225, 3469
23.423, 3468
23.531, 3467
23.790, 3466
23.846, 3465
24.137, 3464
24.559, 3463
24.578, 3462
24.641, 3461
24.703, 3460
24.713, 3459
24.867, 3458
24.924, 3457
24.933, 3456
24.980, 3455
25.060, 3454
25.075, 3453
25.159, 3452
25.253, 3451
25.279, 3450
25.314, 3449
25.327, 3448
25.373, 3447
25.729, 3446
26.016, 3445
26.023, 3444
26.260, 3443
26.335, 3442
26.442, 3441
26.493, 3440
26.548, 3439
26.938, 3438
27.051, 3437
27.222, 3436
27.471, 3435
27.646, 3434
27.775, 3433
27.827, 3432
27.919, 3431
28.105, 3430
28.124, 3429
28.168, 3428
28.355, 3427
28.388, 3426
28.427, 3425
28.531, 3424
28.542, 3423
28.852, 3422
28.882, 3421
28.947, 3420
28.972, 3419
29.221, 3418
29.335, 3417
29.586, 3416
29.601, 3415
29.682, 3414
29.814, 3413
29.828, 3412
29.839, 3411
29.870, 3410
30.080, 3409
30.170, 3408
30.219, 3407
31.690, 3406
31.717, 3405
31.767, 3404
32.075, 3403
32.116, 3402
32.438, 3401
32.676, 3400
32.856, 3399
33.108, 3398
33.151, 3397
33.522, 3396
33.673, 3395
33.746, 3394
33.911, 3393
34.119, 3392
34.182, 3391
34.716, 3390
34.775, 3389
34.904, 3388
35.297, 3387
35.632, 3386
35.659, 3385
35.907, 3384
35.931, 3383
35.947, 3382
36.309, 3381
36.474, 3380
36.572, 3379
36.846, 3378
37.085, 3377
37.148, 3376
37.220, 3375
37.337, 3374
37.846, 3373
38.394, 3372
38.976, 3371
39.112, 3370
39.406, 3369
39.542, 3368
40.146, 3367
40.694, 3366
40.824, 3365
41.247, 3364
41.285, 3363
41.577, 3362
42.099, 3361
42.115, 3360
42.659, 3359
43.732, 3358
43.964, 3357
44.526, 3356
44.567, 3355
44.919, 3354
45.380, 3353
47.937, 3352
49.086, 3351
49.649, 3350
49.731, 3349
49.848, 3348
51.408, 3347
52.478, 3346
53.120, 3345
57.227, 3344
57.562, 3343
59.829, 3342
59.885, 3341
