0.005, 3906
3.571, 3905
3.591, 3904
3.605, 3903
3.610, 3902
3.612, 3901
3.624, 3900
3.712, 3899
3.722, 3898
3.745, 3897
3.762, 3896
3.786, 3895
3.798, 3894
3.801, 3893
3.804, 3892
3.836, 3891
3.907, 3890
3.932, 3889
3.979, 3888
4.007, 3887
4.019, 3886
4.020, 3885
4.068, 3884
4.109, 3883
4.184, 3882
4.217, 3881
4.251, 3880
4.297, 3879
4.301, 3878
4.316, 3877
4.342, 3876
4.360, 3875
4.362, 3874
4.386, 3873
4.417, 3872
4.421, 3871
4.429, 3870
4.442, 3869
4.454, 3868
4.465, 3867
4.495, 3866
4.581, 3865
4.604, 3864
4.611, 3863
4.642, 3862
4.652, 3861
4.692, 3860
4.723, 3859
4.725, 3858
4.778, 3857
4.798, 3856
4.806, 3855
4.816, 3854
4.830, 3853
4.847, 3852
4.860, 3851
4.864, 3850
4.869, 3849
4.894, 3848
4.965, 3847
4.993, 3846
5.071, 3845
5.084, 3844
5.128, 3843
5.131, 3842
5.228, 3841
5.240, 3840
5.287, 3839
5.301, 3838
5.322, 3837
5.329, 3836
5.332, 3835
5.342, 3834
5.358, 3833
5.371, 3832
5.385, 3831
5.398, 3830
5.415, 3829
5.421, 3828
5.436, 3827
5.476, 3826
5.491, 3825
5.542, 3824
5.557, 3823
5.573, 3822
5.579, 3821
5.585, 3820
5.595, 3819
5.599, 3818
5.630, 3817
5.640, 3816
5.644, 3815
5.686, 3814
5.741, 3813
5.750, 3812
5.802, 3811
5.805, 3810
5.809, 3809
5.856, 3808
5.859, 3807
5.866, 3806
5.904, 3805
5.923, 3804
5.963, 3803
5.983, 3802
6.016, 3801
6.023, 3800
6.057, 3799
6.064, 3798
6.070, 3797
6.096, 3796
6.135, 3795
6.158, 3794
6.160, 3793
6.172, 3792
6.251, 3791
6.267, 3790
6.288, 3789
6.300, 3788
6.357, 3787
6.365, 3786
6.392, 3785
6.396, 3784
6.412, 3783
6.430, 3782
6.437, 3781
6.461, 3780
6.547, 3779
6.574, 3778
6.599, 3777
6.666, 3776
6.680, 3775
6.732, 3774
6.735, 3773
6.786, 3772
6.834, 3771
6.849, 3770
6.985, 3769
6.987, 3768
7.067, 3767
7.097, 3766
7.118, 3765
7.190, 3764
7.205, 3763
7.228, 3762
7.232, 3761
7.248, 3760
7.262, 3759
7.365, 3758
7.368, 3757
7.471, 3756
7.523, 3755
7.530, 3754
7.545, 3753
7.608, 3752
7.670, 3751
7.699, 3750
7.726, 3749
7.745, 3748
7.747, 3747
7.763, 3746
7.779, 3745
7.791, 3744
7.798, 3743
7.802, 3742
7.832, 3741
7.847, 3740
7.866, 3739
7.936, 3738
8.031, 3737
8.036, 3736
8.043, 3735
8.110, 3734
8.112, 3733
8.135, 3732
8.161, 3731
8.243, 3730
8.245, 3729
8.271, 3728
8.339, 3727
8.350, 3726
8.386, 3725
8.463, 3724
8.482, 3723
8.504, 3722
8.585, 3721
8.605, 3720
8.696, 3719
8.746, 3718
8.757, 3717
8.890, 3716
8.924, 3715
9.014, 3714
9.046, 3713
9.109, 3712
9.170, 3711
9.247, 3710
9.253, 3709
9.282, 3708
9.316, 3707
9.341, 3706
9.383, 3705
9.428, 3704
9.462, 3703
9.474, 3702
9.490, 3701
9.502, 3700
9.510, 3699
9.571, 3698
9.608, 3697
9.649, 3696
9.656, 3695
9.689, 3694
9.704, 3693
9.713, 3692
9.716, 3691
9.724, 3690
9.753, 3689
9.774, 3688
9.830, 3687
9.878, 3686
9.882, 3685
9.910, 3684
9.979, 3683
9.983, 3682
10.012, 3681
10.028, 3680
10.030, 3679
10.068, 3678
10.110, 3677
10.181, 3676
10.335, 3675
10.417, 3674
10.474, 3673
10.482, 3672
10.585, 3671
10.611, 3670
10.696, 3669
10.717, 3668
10.721, 3667
10.735, 3666
10.751, 3665
10.753, 3664
10.798, 3663
10.820, 3662
10.845, 3661
10.878, 3660
10.881, 3659
10.933, 3658
10.944, 3657
10.995, 3656
11.047, 3655
11.062, 3654
11.071, 3653
11.267, 3652
11.340, 3651
11.367, 3650
11.398, 3649
11.446, 3648
11.457, 3647
11.483, 3646
11.492, 3645
11.519, 3644
11.545, 3643
11.619, 3642
11.625, 3641
11.638, 3640
11.649, 3639
11.730, 3638
11.847, 3637
11.859, 3636
11.893, 3635
11.908, 3634
11.951, 3633
11.956, 3632
11.966, 3631
12.052, 3630
12.058, 3629
12.072, 3628
12.074, 3627
12.114, 3626
12.136, 3625
12.143, 3624
12.155, 3623
12.180, 3622
12.268, 3621
12.286, 3620
12.288, 3619
12.296, 3618
12.384, 3617
12.403, 3616
12.445, 3615
12.477, 3614
12.538, 3613
12.546, 3612
12.576, 3611
12.600, 3610
12.645, 3609
12.660, 3608
12.684, 3607
12.781, 3606
12.793, 3605
12.798, 3604
12.801, 3603
12.809, 3602
12.945, 3601
13.051, 3600
13.130, 3599
13.135, 3598
13.143, 3597
13.208, 3596
13.236, 3595
13.335, 3594
13.341, 3593
13.350, 3592
13.381, 3591
13.400, 3590
13.446, 3589
13.534, 3588
13.573, 3587
13.575, 3586
13.743, 3585
13.760, 3584
13.762, 3583
13.813, 3582
13.853, 3581
13.964, 3580
13.995, 3579
14.102, 3578
14.183, 3577
14.198, 3576
14.253, 3575
14.347, 3574
14.361, 3573
14.365, 3572
14.373, 3571
14.381, 3570
14.396, 3569
14.571, 3568
14.655, 3567
14.701, 3566
14.710, 3565
14.721, 3564
14.769, 3563
14.789, 3562
14.829, 3561
14.831, 3560
14.860, 3559
14.949, 3558
15.288, 3557
15.332, 3556
15.432, 3555
15.505, 3554
15.641, 3553
15.919, 3552
16.035, 3551
16.051, 3550
16.226, 3549
16.291, 3548
16.433, 3547
16.594, 3546
16.635, 3545
16.683, 3544
16.701, 3543
16.745, 3542
16.787, 3541
16.841, 3540
16.916, 3539
16.974, 3538
16.991, 3537
17.023, 3536
17.160, 3535
17.204, 3534
17.207, 3533
17.276, 3532
17.326, 3531
17.403, 3530
17.446, 3529
17.453, 3528
17.486, 3527
17.499, 3526
17.548, 3525
17.731, 3524
17.788, 3523
17.834, 3522
17.838, 3521
17.880, 3520
18.050, 3519
18.232, 3518
18.246, 3517
18.350, 3516
18.359, 3515
18.374, 3514
18.429, 3513
18.451, 3512
18.732, 3511
18.821, 3510
18.834, 3509
18.923, 3508
19.065, 3507
19.077, 3506
19.088, 3505
19.164, 3504
19.265, 3503
19.284, 3502
19.322, 3501
19.377, 3500
19.387, 3499
19.404, 3498
19.448, 3497
19.468, 3496
19.600, 3495
19.764, 3494
19.804, 3493
19.891, 3492
19.906, 3491
19.934, 3490
20.008, 3489
20.050, 3488
20.143, 3487
20.234, 3486
20.291, 3485
20.384, 3484
20.399, 3483
20.409, 3482
20.438, 3481
20.441, 3480
20.465, 3479
20.512, 3478
20.648, 3477
20.674, 3476
20.732, 3475
20.741, 3474
20.963, 3473
21.109, 3472
21.121, 3471
21.160, 3470
21.199, 3469
21.255, 3468
21.297, 3467
21.352, 3466
21.395, 3465
21.413, 3464
21.477, 3463
21.564, 3462
21.573, 3461
21.637, 3460
21.835, 3459
21.843, 3458
21.926, 3457
21.989, 3456
22.011, 3455
22.188, 3454
22.222, 3453
22.374, 3452
22.431, 3451
22.524, 3450
22.538, 3449
22.577, 3448
22.689, 3447
22.815, 3446
23.133, 3445
23.137, 3444
23.206, 3443
23.263, 3442
23.742, 3441
23.751, 3440
23.824, 3439
23.957, 3438
24.295, 3437
24.306, 3436
24.475, 3435
24.512, 3434
24.717, 3433
24.847, 3432
24.987, 3431
25.018, 3430
25.192, 3429
25.243, 3428
25.289, 3427
25.328, 3426
25.427, 3425
25.867, 3424
26.039, 3423
26.068, 3422
26.920, 3421
26.963, 3420
27.037, 3419
27.200, 3418
27.202, 3417
27.287, 3416
27.391, 3415
27.461, 3414
27.620, 3413
27.769, 3412
27.895, 3411
27.930, 3410
27.968, 3409
28.250, 3408
28.550, 3407
28.669, 3406
28.791, 3405
28.854, 3404
28.893, 3403
28.920, 3402
29.092, 3401
29.232, 3400
29.611, 3399
29.831, 3398
29.890, 3397
30.049, 3396
30.076, 3395
30.280, 3394
30.296, 3393
30.441, 3392
30.503, 3391
30.549, 3390
31.178, 3389
31.211, 3388
31.630, 3387
31.814, 3386
32.112, 3385
32.151, 3384
32.213, 3383
32.454, 3382
33.119, 3381
33.307, 3380
33.349, 3379
33.641, 3378
33.676, 3377
33.822, 3376
34.306, 3375
34.541, 3374
34.898, 3373
35.501, 3372
36.485, 3371
36.497, 3370
37.326, 3369
37.818, 3368
38.039, 3367
38.824, 3366
38.870, 3365
39.145, 3364
41.190, 3363
41.333, 3362
43.072, 3361
43.732, 3360
44.492, 3359
44.668, 3358
45.080, 3357
45.259, 3356
45.529, 3355
45.729, 3354
46.701, 3353
47.162, 3352
47.617, 3351
48.023, 3350
48.486, 3349
49.154, 3348
49.864, 3347
50.346, 3346
51.894, 3345
52.002, 3344
56.545, 3343
58.449, 3342
