0.001, 3907
3.392, 3906
3.404, 3905
3.423, 3904
3.455, 3903
3.458, 3902
3.467, 3901
3.472, 3900
3.485, 3899
3.491, 3898
3.503, 3897
3.547, 3896
3.586, 3895
3.590, 3894
3.608, 3893
3.626, 3892
3.637, 3891
3.658, 3890
3.689, 3889
3.702, 3888
3.704, 3887
3.710, 3886
3.714, 3885
3.765, 3884
3.811, 3883
3.819, 3882
3.861, 3881
3.894, 3880
3.934, 3879
3.946, 3878
3.990, 3877
4.004, 3876
4.007, 3875
4.075, 3874
4.109, 3873
4.117, 3872
4.126, 3871
4.160, 3870
4.163, 3869
4.173, 3868
4.183, 3867
4.213, 3866
4.215, 3865
4.217, 3864
4.219, 3863
4.256, 3862
4.280, 3861
4.284, 3860
4.297, 3859
4.305, 3858
4.307, 3857
4.309, 3856
4.327, 3855
4.330, 3854
4.356, 3853
4.369, 3852
4.385, 3851
4.464, 3850
4.465, 3849
4.483, 3848
4.514, 3847
4.517, 3846
4.544, 3845
4.559, 3844
4.572, 3843
4.578, 3842
4.588, 3841
4.642, 3840
4.690, 3839
4.774, 3838
4.795, 3837
4.823, 3836
4.832, 3835
4.885, 3834
4.890, 3833
4.892, 3832
4.924, 3831
4.950, 3830
4.973, 3829
4.975, 3828
5.048, 3827
5.066, 3826
5.078, 3825
5.088, 3824
5.142, 3823
5.169, 3822
5.171, 3821
5.215, 3820
5.283, 3819
5.319, 3818
5.369, 3817
5.401, 3816
5.408, 3815
5.417, 3814
5.446, 3813
5.472, 3812
5.500, 3811
5.520, 3810
5.528, 3809
5.534, 3808
5.537, 3807
5.571, 3806
5.657, 3805
5.667, 3804
5.681, 3803
5.708, 3802
5.742, 3801
5.754, 3800
5.767, 3799
5.862, 3798
5.873, 3797
5.983, 3796
6.127, 3795
6.195, 3794
6.206, 3793
6.249, 3792
6.280, 3791
6.314, 3790
6.321, 3789
6.331, 3788
6.375, 3787
6.399, 3786
6.431, 3785
6.470, 3784
6.492, 3783
6.560, 3782
6.578, 3781
6.580, 3780
6.611, 3779
6.640, 3778
6.654, 3777
6.657, 3776
6.690, 3775
6.699, 3774
6.708, 3773
6.714, 3772
6.722, 3771
6.745, 3770
6.759, 3769
6.774, 3768
6.801, 3767
6.830, 3766
6.841, 3765
6.860, 3764
6.879, 3763
6.934, 3762
7.094, 3761
7.120, 3760
7.149, 3759
7.167, 3758
7.293, 3757
7.334, 3756
7.357, 3755
7.386, 3754
7.396, 3753
7.412, 3752
7.439, 3751
7.454, 3750
7.468, 3749
7.499, 3748
7.504, 3747
7.571, 3746
7.579, 3745
7.635, 3744
7.638, 3743
7.650, 3742
7.711, 3741
7.719, 3740
7.735, 3739
7.757, 3738
7.790, 3737
7.841, 3736
7.852, 3735
7.855, 3734
7.902, 3733
7.904, 3732
7.978, 3731
8.005, 3730
8.082, 3729
8.171, 3728
8.189, 3727
8.228, 3726
8.305, 3725
8.327, 3724
8.343, 3723
8.366, 3722
8.466, 3721
8.518, 3720
8.530, 3719
8.535, 3718
8.550, 3717
8.589, 3716
8.605, 3715
8.661, 3714
8.700, 3713
8.723, 3712
8.753, 3711
8.768, 3710
8.777, 3709
8.782, 3708
8.795, 3707
8.844, 3706
8.888, 3705
8.917, 3704
8.942, 3703
8.981, 3702
8.986, 3701
8.992, 3700
9.059, 3699
9.081, 3698
9.095, 3697
9.108, 3696
9.136, 3695
9.189, 3694
9.210, 3693
9.345, 3692
9.357, 3691
9.364, 3690
9.389, 3689
9.401, 3688
9.463, 3687
9.506, 3686
9.582, 3685
9.591, 3684
9.629, 3683
9.708, 3682
9.807, 3681
9.829, 3680
9.858, 3679
9.902, 3678
10.101, 3677
10.123, 3676
10.132, 3675
10.148, 3674
10.205, 3673
10.240, 3672
10.275, 3671
10.323, 3670
10.383, 3669
10.443, 3668
10.510, 3667
10.608, 3666
10.611, 3665
10.668, 3664
10.676, 3663
10.884, 3662
10.909, 3661
10.911, 3660
11.051, 3659
11.135, 3658
11.248, 3657
11.335, 3656
11.343, 3655
11.422, 3654
11.433, 3653
11.464, 3652
11.548, 3651
11.609, 3650
11.615, 3649
11.624, 3648
11.638, 3647
11.642, 3646
11.647, 3645
11.659, 3644
11.690, 3643
11.709, 3642
11.728, 3641
11.763, 3640
11.863, 3639
11.916, 3638
11.953, 3637
11.968, 3636
11.971, 3635
12.080, 3634
12.081, 3633
12.094, 3632
12.123, 3631
12.246, 3630
12.290, 3629
12.375, 3628
12.383, 3627
12.431, 3626
12.439, 3625
12.452, 3624
12.585, 3623
12.642, 3622
12.722, 3621
12.887, 3620
12.899, 3619
12.913, 3618
12.923, 3617
13.002, 3616
13.009, 3615
13.094, 3614
13.139, 3613
13.169, 3612
13.290, 3611
13.400, 3610
13.405, 3609
13.481, 3608
13.494, 3607
13.515, 3606
13.576, 3605
13.579, 3604
13.607, 3603
13.640, 3602
13.644, 3601
13.647, 3600
13.649, 3599
13.705, 3598
13.759, 3597
13.851, 3596
13.925, 3595
14.007, 3594
14.397, 3593
14.418, 3592
14.421, 3591
14.438, 3590
14.464, 3589
14.470, 3588
14.492, 3587
14.529, 3586
14.566, 3585
14.597, 3584
14.715, 3583
14.763, 3582
14.778, 3581
14.831, 3580
14.841, 3579
14.910, 3578
14.912, 3577
15.026, 3576
15.108, 3575
15.225, 3574
15.236, 3573
15.246, 3572
15.250, 3571
15.351, 3570
15.388, 3569
15.446, 3568
15.524, 3567
15.660, 3566
15.677, 3565
15.737, 3564
15.752, 3563
15.766, 3562
15.828, 3561
15.836, 3560
15.923, 3559
16.067, 3558
16.132, 3557
16.176, 3556
16.242, 3555
16.248, 3554
16.255, 3553
16.300, 3552
16.327, 3551
16.362, 3550
16.425, 3549
16.518, 3548
16.524, 3547
16.530, 3546
16.539, 3545
16.541, 3544
16.618, 3543
16.724, 3542
16.881, 3541
17.005, 3540
17.038, 3539
17.069, 3538
17.142, 3537
17.264, 3536
17.372, 3535
17.622, 3534
17.688, 3533
17.718, 3532
17.722, 3531
17.819, 3530
17.835, 3529
17.869, 3528
18.090, 3527
18.126, 3526
18.206, 3525
18.219, 3524
18.288, 3523
18.336, 3522
18.404, 3521
18.448, 3520
18.458, 3519
18.479, 3518
18.598, 3517
18.621, 3516
18.625, 3515
18.741, 3514
18.821, 3513
18.841, 3512
18.866, 3511
18.881, 3510
18.926, 3509
18.937, 3508
18.961, 3507
18.972, 3506
19.079, 3505
19.209, 3504
19.270, 3503
19.427, 3502
19.441, 3501
19.499, 3500
19.508, 3499
19.511, 3498
19.651, 3497
19.800, 3496
19.962, 3495
19.982, 3494
20.018, 3493
20.176, 3492
20.269, 3491
20.339, 3490
20.374, 3489
20.414, 3488
20.464, 3487
20.510, 3486
20.579, 3485
20.593, 3484
20.620, 3483
20.659, 3482
20.709, 3481
20.741, 3480
20.826, 3479
20.850, 3478
20.898, 3477
20.933, 3476
20.986, 3475
21.106, 3474
21.124, 3473
21.173, 3472
21.187, 3471
21.191, 3470
21.320, 3469
21.366, 3468
21.604, 3467
21.706, 3466
21.709, 3465
21.716, 3464
21.752, 3463
21.766, 3462
21.935, 3461
21.940, 3460
21.983, 3459
22.023, 3458
22.039, 3457
22.068, 3456
22.193, 3455
22.372, 3454
22.423, 3453
22.486, 3452
22.619, 3451
22.644, 3450
22.970, 3449
23.103, 3448
23.135, 3447
23.486, 3446
23.651, 3445
23.724, 3444
23.911, 3443
23.923, 3442
24.187, 3441
24.215, 3440
24.376, 3439
24.407, 3438
24.415, 3437
24.467, 3436
24.514, 3435
24.614, 3434
24.697, 3433
24.737, 3432
24.846, 3431
24.923, 3430
25.287, 3429
25.364, 3428
25.441, 3427
25.530, 3426
25.904, 3425
26.246, 3424
26.268, 3423
26.347, 3422
26.506, 3421
26.679, 3420
26.699, 3419
26.722, 3418
26.902, 3417
26.922, 3416
26.954, 3415
27.053, 3414
27.099, 3413
27.145, 3412
27.250, 3411
27.396, 3410
27.733, 3409
28.208, 3408
28.220, 3407
28.252, 3406
28.621, 3405
28.641, 3404
29.050, 3403
29.216, 3402
29.320, 3401
29.413, 3400
29.501, 3399
29.649, 3398
29.763, 3397
30.101, 3396
30.289, 3395
30.554, 3394
30.678, 3393
30.824, 3392
31.101, 3391
31.524, 3390
31.660, 3389
32.234, 3388
33.037, 3387
33.181, 3386
33.325, 3385
33.356, 3384
33.437, 3383
33.711, 3382
33.923, 3381
34.283, 3380
34.299, 3379
34.307, 3378
34.390, 3377
34.468, 3376
34.959, 3375
35.061, 3374
35.464, 3373
35.607, 3372
35.993, 3371
36.430, 3370
36.957, 3369
38.071, 3368
38.606, 3367
38.925, 3366
39.346, 3365
39.522, 3364
39.548, 3363
41.065, 3362
41.603, 3361
43.414, 3360
44.004, 3359
44.942, 3358
44.946, 3357
45.732, 3356
46.239, 3355
47.311, 3354
48.345, 3353
48.708, 3352
49.119, 3351
49.641, 3350
50.809, 3349
51.313, 3348
52.234, 3347
52.247, 3346
52.886, 3345
53.217, 3344
53.777, 3343
54.264, 3342
55.520, 3341
55.950, 3340
