0.000, 950
0.016, 949
0.017, 948
0.017, 947
0.018, 946
0.019, 945
0.020, 944
0.021, 943
0.021, 942
0.024, 941
0.025, 940
0.025, 939
0.025, 938
0.027, 937
0.027, 936
0.029, 935
0.029, 934
0.030, 933
0.031, 932
0.031, 931
0.031, 930
0.031, 929
0.032, 928
0.032, 927
0.032, 926
0.033, 925
0.033, 924
0.034, 923
0.034, 922
0.034, 921
0.035, 920
0.035, 919
0.036, 918
0.039, 917
0.040, 916
0.040, 915
0.040, 914
0.040, 913
0.041, 912
0.041, 911
0.041, 910
0.041, 909
0.041, 908
0.042, 907
0.042, 906
0.043, 905
0.043, 904
0.044, 903
0.044, 902
0.044, 901
0.044, 900
0.045, 899
0.045, 898
0.045, 897
0.046, 896
0.046, 895
0.046, 894
0.046, 893
0.047, 892
0.047, 891
0.048, 890
0.048, 889
0.049, 888
0.049, 887
0.049, 886
0.049, 885
0.050, 884
0.050, 883
0.051, 882
0.052, 881
0.053, 880
0.053, 879
0.054, 878
0.055, 877
0.056, 876
0.056, 875
0.056, 874
0.057, 873
0.057, 872
0.057, 871
0.057, 870
0.058, 869
0.059, 868
0.059, 867
0.059, 866
0.060, 865
0.060, 864
0.060, 863
0.061, 862
0.061, 861
0.062, 860
0.062, 859
0.062, 858
0.063, 857
0.063, 856
0.064, 855
0.064, 854
0.064, 853
0.064, 852
0.065, 851
0.065, 850
0.065, 849
0.066, 848
0.066, 847
0.066, 846
0.066, 845
0.066, 844
0.066, 843
0.067, 842
0.067, 841
0.067, 840
0.067, 839
0.068, 838
0.069, 837
0.069, 836
0.069, 835
0.070, 834
0.070, 833
0.070, 832
0.071, 831
0.071, 830
0.072, 829
0.073, 828
0.073, 827
0.074, 826
0.075, 825
0.076, 824
0.076, 823
0.076, 822
0.076, 821
0.077, 820
0.078, 819
0.078, 818
0.079, 817
0.079, 816
0.079, 815
0.079, 814
0.080, 813
0.081, 812
0.082, 811
0.083, 810
0.084, 809
0.085, 808
0.086, 807
0.088, 806
0.088, 805
0.090, 804
0.092, 803
0.093, 802
0.094, 801
0.094, 800
0.094, 799
0.097, 798
0.097, 797
0.098, 796
0.100, 795
0.102, 794
0.104, 793
0.104, 792
0.104, 791
0.106, 790
0.106, 789
0.110, 788
0.121, 787
0.137, 786
0.142, 785
0.153, 784
0.160, 783
0.183, 782
0.190, 781
0.210, 780
0.217, 779
