0.000, 950
0.000, 949
0.000, 948
0.000, 947
0.000, 946
0.000, 945
0.000, 944
0.001, 943
0.001, 942
0.001, 941
0.001, 940
0.001, 939
0.001, 938
0.001, 937
0.001, 936
0.002, 935
0.002, 934
0.002, 933
0.003, 932
0.003, 931
0.003, 930
0.003, 929
0.003, 928
0.003, 927
0.003, 926
0.004, 925
0.004, 924
0.004, 923
0.005, 922
0.005, 921
0.005, 920
0.005, 919
0.006, 918
0.006, 917
0.006, 916
0.006, 915
0.006, 914
0.006, 913
0.007, 912
0.007, 911
0.007, 910
0.007, 909
0.007, 908
0.007, 907
0.007, 906
0.008, 905
0.008, 904
0.008, 903
0.008, 902
0.008, 901
0.008, 900
0.009, 899
0.009, 898
0.009, 897
0.011, 896
0.012, 895
0.012, 894
0.013, 893
0.013, 892
0.013, 891
0.014, 890
0.014, 889
0.014, 888
0.015, 887
0.015, 886
0.015, 885
0.015, 884
0.015, 883
0.016, 882
0.016, 881
0.016, 880
0.016, 879
0.017, 878
0.017, 877
0.017, 876
0.018, 875
0.018, 874
0.018, 873
0.018, 872
0.018, 871
0.018, 870
0.019, 869
0.019, 868
0.019, 867
0.019, 866
0.019, 865
0.019, 864
0.020, 863
0.020, 862
0.020, 861
0.021, 860
0.021, 859
0.021, 858
0.021, 857
0.021, 856
0.022, 855
0.022, 854
0.022, 853
0.022, 852
0.022, 851
0.023, 850
0.023, 849
0.024, 848
0.024, 847
0.025, 846
0.025, 845
0.026, 844
0.027, 843
0.027, 842
0.027, 841
0.027, 840
0.028, 839
0.028, 838
0.028, 837
0.030, 836
0.030, 835
0.030, 834
0.031, 833
0.032, 832
0.032, 831
0.033, 830
0.033, 829
0.033, 828
0.034, 827
0.034, 826
0.034, 825
0.034, 824
0.035, 823
0.035, 822
0.035, 821
0.036, 820
0.036, 819
0.037, 818
0.037, 817
0.038, 816
0.039, 815
0.039, 814
0.039, 813
0.039, 812
0.040, 811
0.040, 810
0.040, 809
0.041, 808
0.042, 807
0.042, 806
0.044, 805
0.044, 804
0.045, 803
0.048, 802
0.050, 801
0.052, 800
0.053, 799
0.053, 798
0.054, 797
0.056, 796
0.056, 795
0.056, 794
0.057, 793
0.058, 792
0.060, 791
0.061, 790
0.061, 789
0.064, 788
0.066, 787
0.069, 786
0.080, 785
0.082, 784
0.086, 783
0.092, 782
0.093, 781
0.096, 780
0.097, 779
0.118, 778
0.122, 777
0.124, 776
0.138, 775
0.149, 774
0.182, 773
0.210, 772
0.216, 771
