0.001, 1022
0.001, 1021
0.001, 1020
0.001, 1019
0.001, 1018
0.001, 1017
0.001, 1016
0.001, 1015
0.001, 1014
0.001, 1013
0.001, 1012
0.001, 1011
0.001, 1010
0.001, 1009
0.001, 1008
0.001, 1007
0.001, 1006
0.001, 1005
0.001, 1004
0.001, 1003
0.001, 1002
0.001, 1001
0.001, 1000
0.001, 999
0.001, 998
0.001, 997
0.001, 996
0.001, 995
0.001, 994
0.001, 993
0.001, 992
0.001, 991
0.001, 990
0.001, 989
0.002, 988
0.002, 987
0.002, 986
0.002, 985
0.002, 984
0.002, 983
0.002, 982
0.002, 981
0.002, 980
0.002, 979
0.002, 978
0.002, 977
0.002, 976
0.002, 975
0.002, 974
0.002, 973
0.002, 972
0.002, 971
0.002, 970
0.002, 969
0.002, 968
0.002, 967
0.002, 966
0.002, 965
0.002, 964
0.002, 963
0.002, 962
0.002, 961
0.002, 960
0.002, 959
0.002, 958
0.002, 957
0.002, 956
0.002, 955
0.002, 954
0.002, 953
0.002, 952
0.002, 951
0.002, 950
0.002, 949
0.002, 948
0.002, 947
0.002, 946
0.002, 945
0.002, 944
0.002, 943
0.002, 942
0.002, 941
0.002, 940
0.002, 939
0.002, 938
0.002, 937
0.002, 936
0.002, 935
0.002, 934
0.002, 933
0.002, 932
0.002, 931
0.002, 930
0.002, 929
0.002, 928
0.002, 927
0.002, 926
0.002, 925
0.002, 924
0.002, 923
0.002, 922
0.002, 921
0.002, 920
0.002, 919
0.002, 918
0.002, 917
0.002, 916
0.002, 915
0.002, 914
0.002, 913
0.002, 912
0.002, 911
0.002, 910
0.002, 909
0.002, 908
0.002, 907
0.002, 906
0.002, 905
0.002, 904
0.002, 903
0.002, 902
0.002, 901
0.002, 900
0.002, 899
0.002, 898
0.002, 897
0.002, 896
0.002, 895
0.002, 894
0.002, 893
0.002, 892
0.002, 891
0.002, 890
0.003, 889
0.003, 888
0.003, 887
0.003, 886
0.003, 885
0.003, 884
0.003, 883
0.003, 882
0.003, 881
0.003, 880
0.003, 879
0.003, 878
0.003, 877
0.003, 876
0.003, 875
0.003, 874
0.003, 873
0.003, 872
0.003, 871
0.003, 870
0.003, 869
0.003, 868
0.003, 867
0.003, 866
0.003, 865
0.003, 864
0.003, 863
0.003, 862
0.003, 861
0.003, 860
0.003, 859
0.003, 858
0.003, 857
0.003, 856
0.003, 855
0.003, 854
0.003, 853
0.003, 852
0.003, 851
0.003, 850
0.003, 849
0.003, 848
0.003, 847
0.003, 846
0.003, 845
0.003, 844
0.003, 843
0.003, 842
0.003, 841
0.003, 840
0.003, 839
0.003, 838
0.003, 837
0.003, 836
0.003, 835
0.003, 834
0.003, 833
0.003, 832
0.003, 831
0.003, 830
0.003, 829
0.003, 828
0.003, 827
0.003, 826
0.003, 825
0.003, 824
0.003, 823
0.003, 822
0.003, 821
0.003, 820
0.003, 819
0.003, 818
0.003, 817
0.003, 816
0.003, 815
0.003, 814
0.003, 813
0.003, 812
0.003, 811
0.003, 810
0.003, 809
0.003, 808
0.003, 807
0.004, 806
0.004, 805
0.004, 804
0.004, 803
0.004, 802
0.004, 801
0.004, 800
0.004, 799
0.004, 798
0.004, 797
0.004, 796
0.004, 795
0.004, 794
0.004, 793
0.004, 792
0.004, 791
0.004, 790
0.004, 789
0.004, 788
0.004, 787
0.004, 786
0.004, 785
0.004, 784
0.004, 783
0.004, 782
0.004, 781
0.004, 780
0.004, 779
0.004, 778
0.004, 777
0.004, 776
0.004, 775
0.004, 774
0.004, 773
0.004, 772
0.004, 771
0.004, 770
0.004, 769
0.004, 768
0.004, 767
0.004, 766
0.004, 765
0.004, 764
0.004, 763
0.004, 762
0.004, 761
0.004, 760
0.004, 759
0.004, 758
0.004, 757
0.004, 756
0.005, 755
0.005, 754
0.005, 753
0.005, 752
0.005, 751
0.005, 750
0.005, 749
0.005, 748
0.005, 747
0.005, 746
0.005, 745
