0.000, 950
0.015, 949
0.016, 948
0.016, 947
0.017, 946
0.018, 945
0.018, 944
0.019, 943
0.019, 942
0.021, 941
0.021, 940
0.022, 939
0.022, 938
0.023, 937
0.024, 936
0.024, 935
0.025, 934
0.025, 933
0.026, 932
0.026, 931
0.027, 930
0.027, 929
0.028, 928
0.028, 927
0.029, 926
0.029, 925
0.030, 924
0.030, 923
0.030, 922
0.031, 921
0.031, 920
0.031, 919
0.032, 918
0.032, 917
0.033, 916
0.033, 915
0.034, 914
0.035, 913
0.035, 912
0.036, 911
0.036, 910
0.036, 909
0.037, 908
0.037, 907
0.037, 906
0.038, 905
0.038, 904
0.041, 903
0.041, 902
0.041, 901
0.041, 900
0.041, 899
0.042, 898
0.042, 897
0.043, 896
0.043, 895
0.043, 894
0.044, 893
0.044, 892
0.044, 891
0.045, 890
0.045, 889
0.045, 888
0.046, 887
0.046, 886
0.046, 885
0.047, 884
0.047, 883
0.049, 882
0.049, 881
0.049, 880
0.053, 879
0.053, 878
0.054, 877
0.055, 876
0.055, 875
0.055, 874
0.056, 873
0.057, 872
0.060, 871
0.061, 870
0.061, 869
0.061, 868
0.061, 867
0.062, 866
0.062, 865
0.062, 864
0.062, 863
0.063, 862
0.063, 861
0.063, 860
0.064, 859
0.064, 858
0.064, 857
0.064, 856
0.065, 855
0.065, 854
0.065, 853
0.065, 852
0.066, 851
0.066, 850
0.066, 849
0.066, 848
0.067, 847
0.067, 846
0.067, 845
0.068, 844
0.068, 843
0.068, 842
0.068, 841
0.069, 840
0.070, 839
0.070, 838
0.071, 837
0.072, 836
0.072, 835
0.072, 834
0.072, 833
0.073, 832
0.073, 831
0.074, 830
0.075, 829
0.075, 828
0.075, 827
0.076, 826
0.076, 825
0.076, 824
0.077, 823
0.078, 822
0.078, 821
0.078, 820
0.079, 819
0.080, 818
0.080, 817
0.081, 816
0.081, 815
0.082, 814
0.082, 813
0.084, 812
0.085, 811
0.087, 810
0.087, 809
0.088, 808
0.088, 807
0.088, 806
0.090, 805
0.090, 804
0.091, 803
0.093, 802
0.095, 801
0.098, 800
0.098, 799
0.104, 798
0.107, 797
0.107, 796
0.108, 795
0.109, 794
0.109, 793
0.113, 792
0.113, 791
0.119, 790
0.119, 789
0.120, 788
0.120, 787
0.123, 786
0.124, 785
0.124, 784
0.126, 783
0.127, 782
0.131, 781
0.132, 780
0.135, 779
0.146, 778
0.148, 777
0.154, 776
0.157, 775
0.157, 774
0.217, 773
0.300, 772
0.312, 771
