0.002, 1022
0.002, 1021
0.002, 1020
0.002, 1019
0.002, 1018
0.002, 1017
0.002, 1016
0.002, 1015
0.002, 1014
0.002, 1013
0.003, 1012
0.003, 1011
0.003, 1010
0.003, 1009
0.003, 1008
0.003, 1007
0.003, 1006
0.003, 1005
0.003, 1004
0.003, 1003
0.003, 1002
0.003, 1001
0.003, 1000
0.003, 999
0.003, 998
0.004, 997
0.004, 996
0.004, 995
0.004, 994
0.004, 993
0.004, 992
0.004, 991
0.004, 990
0.004, 989
0.004, 988
0.004, 987
0.004, 986
0.004, 985
0.004, 984
0.004, 983
0.004, 982
0.004, 981
0.004, 980
0.004, 979
0.005, 978
0.005, 977
0.005, 976
0.005, 975
0.005, 974
0.005, 973
0.005, 972
0.005, 971
0.005, 970
0.005, 969
0.005, 968
0.005, 967
0.005, 966
0.005, 965
0.005, 964
0.005, 963
0.005, 962
0.006, 961
0.006, 960
0.006, 959
0.006, 958
0.006, 957
0.006, 956
0.006, 955
0.006, 954
0.006, 953
0.006, 952
0.006, 951
0.006, 950
0.006, 949
0.006, 948
0.006, 947
0.006, 946
0.006, 945
0.006, 944
0.006, 943
0.007, 942
0.007, 941
0.007, 940
0.007, 939
0.007, 938
0.007, 937
0.007, 936
0.007, 935
0.007, 934
0.007, 933
0.007, 932
0.007, 931
0.007, 930
0.007, 929
0.007, 928
0.007, 927
0.007, 926
0.007, 925
0.008, 924
0.008, 923
0.008, 922
0.008, 921
0.008, 920
0.008, 919
0.008, 918
0.008, 917
0.008, 916
0.008, 915
0.008, 914
0.008, 913
0.008, 912
0.008, 911
0.008, 910
0.008, 909
0.008, 908
0.008, 907
0.008, 906
0.008, 905
0.009, 904
0.009, 903
0.009, 902
0.009, 901
0.009, 900
0.009, 899
0.009, 898
0.009, 897
0.009, 896
0.009, 895
0.009, 894
0.009, 893
0.009, 892
0.009, 891
0.009, 890
0.009, 889
0.009, 888
0.010, 887
0.010, 886
0.010, 885
0.010, 884
0.010, 883
0.010, 882
0.010, 881
0.010, 880
0.010, 879
0.010, 878
0.010, 877
0.010, 876
0.010, 875
0.010, 874
0.010, 873
0.010, 872
0.010, 871
0.010, 870
0.010, 869
0.010, 868
0.011, 867
0.011, 866
0.011, 865
0.011, 864
0.011, 863
0.011, 862
0.011, 861
0.011, 860
0.011, 859
0.011, 858
0.011, 857
0.011, 856
0.011, 855
0.011, 854
0.011, 853
0.011, 852
0.011, 851
0.011, 850
0.012, 849
0.012, 848
0.012, 847
0.012, 846
0.012, 845
0.012, 844
0.012, 843
0.012, 842
0.012, 841
0.012, 840
0.012, 839
0.012, 838
0.012, 837
0.012, 836
0.012, 835
0.012, 834
0.012, 833
0.012, 832
0.013, 831
0.013, 830
0.013, 829
0.013, 828
0.013, 827
0.013, 826
0.013, 825
0.013, 824
0.013, 823
0.013, 822
0.013, 821
0.013, 820
0.013, 819
0.013, 818
0.013, 817
0.013, 816
0.013, 815
0.013, 814
0.014, 813
0.014, 812
0.014, 811
0.014, 810
0.014, 809
0.014, 808
0.014, 807
0.014, 806
0.014, 805
0.014, 804
0.014, 803
0.014, 802
0.014, 801
0.014, 800
0.014, 799
0.015, 798
0.015, 797
0.015, 796
0.015, 795
0.015, 794
0.015, 793
0.015, 792
0.015, 791
0.015, 790
0.015, 789
0.015, 788
0.015, 787
0.015, 786
0.015, 785
0.015, 784
0.015, 783
0.015, 782
0.015, 781
0.015, 780
0.015, 779
0.015, 778
0.016, 777
0.016, 776
0.016, 775
0.016, 774
0.016, 773
0.016, 772
0.016, 771
0.016, 770
0.016, 769
0.016, 768
0.016, 767
0.016, 766
0.016, 765
0.017, 764
0.017, 763
0.017, 762
0.017, 761
0.017, 760
0.017, 759
0.017, 758
0.017, 757
0.017, 756
0.017, 755
0.017, 754
0.017, 753
0.017, 752
0.017, 751
0.017, 750
0.018, 749
0.018, 748
0.018, 747
0.018, 746
0.018, 745
