0.012, 1022
0.016, 1021
0.016, 1020
0.016, 1019
0.016, 1018
0.017, 1017
0.017, 1016
0.017, 1015
0.017, 1014
0.017, 1013
0.017, 1012
0.017, 1011
0.017, 1010
0.018, 1009
0.018, 1008
0.018, 1007
0.018, 1006
0.018, 1005
0.018, 1004
0.018, 1003
0.018, 1002
0.019, 1001
0.019, 1000
0.019, 999
0.019, 998
0.019, 997
0.019, 996
0.020, 995
0.020, 994
0.020, 993
0.020, 992
0.020, 991
0.020, 990
0.020, 989
0.020, 988
0.021, 987
0.021, 986
0.021, 985
0.021, 984
0.021, 983
0.021, 982
0.021, 981
0.021, 980
0.021, 979
0.022, 978
0.022, 977
0.022, 976
0.022, 975
0.022, 974
0.022, 973
0.022, 972
0.022, 971
0.022, 970
0.023, 969
0.023, 968
0.023, 967
0.023, 966
0.023, 965
0.023, 964
0.023, 963
0.023, 962
0.024, 961
0.024, 960
0.024, 959
0.024, 958
0.024, 957
0.024, 956
0.024, 955
0.024, 954
0.024, 953
0.024, 952
0.025, 951
0.025, 950
0.025, 949
0.025, 948
0.025, 947
0.025, 946
0.025, 945
0.025, 944
0.025, 943
0.025, 942
0.026, 941
0.026, 940
0.026, 939
0.026, 938
0.026, 937
0.026, 936
0.026, 935
0.026, 934
0.026, 933
0.027, 932
0.027, 931
0.027, 930
0.027, 929
0.027, 928
0.027, 927
0.027, 926
0.027, 925
0.027, 924
0.027, 923
0.027, 922
0.027, 921
0.028, 920
0.028, 919
0.028, 918
0.028, 917
0.028, 916
0.028, 915
0.028, 914
0.028, 913
0.028, 912
0.028, 911
0.028, 910
0.028, 909
0.028, 908
0.028, 907
0.029, 906
0.029, 905
0.029, 904
0.029, 903
0.029, 902
0.029, 901
0.029, 900
0.029, 899
0.029, 898
0.029, 897
0.029, 896
0.029, 895
0.030, 894
0.030, 893
0.030, 892
0.030, 891
0.030, 890
0.030, 889
0.030, 888
0.030, 887
0.030, 886
0.030, 885
0.030, 884
0.031, 883
0.031, 882
0.031, 881
0.031, 880
0.031, 879
0.031, 878
0.031, 877
0.031, 876
0.031, 875
0.031, 874
0.032, 873
0.032, 872
0.032, 871
0.032, 870
0.032, 869
0.032, 868
0.032, 867
0.032, 866
0.032, 865
0.032, 864
0.032, 863
0.033, 862
0.033, 861
0.033, 860
0.033, 859
0.033, 858
0.033, 857
0.033, 856
0.033, 855
0.033, 854
0.033, 853
0.034, 852
0.034, 851
0.034, 850
0.034, 849
0.034, 848
0.034, 847
0.034, 846
0.034, 845
0.034, 844
0.034, 843
0.034, 842
0.035, 841
0.035, 840
0.035, 839
0.035, 838
0.035, 837
0.035, 836
0.035, 835
0.035, 834
0.035, 833
0.035, 832
0.035, 831
0.036, 830
0.036, 829
0.036, 828
0.036, 827
0.036, 826
0.036, 825
0.036, 824
0.036, 823
0.036, 822
0.036, 821
0.036, 820
0.036, 819
0.037, 818
0.037, 817
0.037, 816
0.037, 815
0.037, 814
0.037, 813
0.037, 812
0.037, 811
0.037, 810
0.037, 809
0.037, 808
0.038, 807
0.038, 806
0.038, 805
0.038, 804
0.038, 803
0.038, 802
0.038, 801
0.038, 800
0.038, 799
0.038, 798
0.038, 797
0.038, 796
0.039, 795
0.039, 794
0.039, 793
0.039, 792
0.039, 791
0.039, 790
0.039, 789
0.039, 788
0.039, 787
0.039, 786
0.039, 785
0.039, 784
0.040, 783
0.040, 782
0.040, 781
0.040, 780
0.040, 779
0.040, 778
0.040, 777
0.040, 776
0.040, 775
0.041, 774
0.041, 773
0.041, 772
0.041, 771
0.041, 770
0.041, 769
0.041, 768
0.041, 767
0.042, 766
0.042, 765
0.042, 764
0.042, 763
0.042, 762
0.042, 761
0.042, 760
0.042, 759
0.042, 758
0.042, 757
0.043, 756
0.043, 755
0.043, 754
0.043, 753
0.043, 752
0.043, 751
0.043, 750
0.044, 749
0.044, 748
0.044, 747
0.044, 746
