0.305, 746
0.315, 746
0.328, 744
0.333, 744
0.339, 744
0.347, 744
0.356, 744
0.365, 744
0.374, 744
0.384, 744
0.394, 744
0.404, 744
0.416, 744
0.427, 744
0.437, 744
0.451, 744
0.462, 744
0.475, 744
0.487, 744
0.499, 744
0.513, 744
0.527, 744
0.542, 744
0.564, 744
0.586, 744
0.607, 744
0.629, 744
0.646, 744
0.664, 744
0.682, 744
0.700, 744
0.722, 744
0.742, 744
0.763, 744
0.784, 744
0.806, 744
0.828, 744
0.854, 744
0.877, 744
0.901, 744
0.926, 744
0.951, 744
0.981, 744
1.007, 744
1.035, 744
1.062, 744
1.090, 744
1.128, 744
1.168, 744
1.199, 744
1.229, 744
1.260, 744
1.295, 744
1.327, 744
1.360, 744
1.394, 744
1.428, 744
1.465, 744
1.500, 744
1.535, 744
1.571, 744
1.612, 744
1.651, 744
1.689, 744
1.729, 744
1.777, 744
1.832, 744
1.875, 744
1.916, 744
1.956, 744
2.000, 744
2.042, 744
2.084, 744
2.126, 744
2.173, 744
2.217, 744
2.261, 744
2.306, 744
2.354, 744
71.702, 743
71.706, 743
71.710, 743
71.715, 743
71.721, 743
71.727, 743
71.734, 743
71.745, 743
71.755, 743
71.766, 743
71.776, 743
71.787, 743
71.798, 743
71.811, 743
71.823, 743
71.835, 743
71.846, 743
71.860, 743
71.872, 743
71.888, 743
71.901, 743
71.916, 743
71.931, 743
71.946, 743
71.962, 743
71.978, 743
71.996, 743
72.013, 743
72.031, 743
72.051, 743
72.072, 743
72.092, 743
72.113, 743
72.134, 743
72.155, 743
72.178, 743
72.200, 743
72.224, 743
72.248, 743
72.274, 743
72.300, 743
72.325, 743
72.352, 743
72.378, 743
72.406, 743
72.433, 743
72.464, 743
72.493, 743
72.523, 743
72.554, 743
72.584, 743
72.615, 743
72.649, 743
72.681, 743
72.714, 743
72.748, 743
72.782, 743
72.816, 743
72.853, 743
72.888, 743
72.924, 743
72.961, 743
72.998, 743
73.037, 743
73.077, 743
73.116, 743
73.156, 743
73.198, 743
73.239, 743
73.280, 743
73.322, 743
73.365, 743
73.410, 743
73.453, 743
73.497, 743
73.542, 743
73.589, 743
