0.007, 1022
0.009, 1021
0.009, 1020
0.009, 1019
0.009, 1018
0.009, 1017
0.009, 1016
0.009, 1015
0.010, 1014
0.010, 1013
0.010, 1012
0.010, 1011
0.010, 1010
0.010, 1009
0.010, 1008
0.010, 1007
0.010, 1006
0.010, 1005
0.010, 1004
0.010, 1003
0.010, 1002
0.010, 1001
0.010, 1000
0.011, 999
0.011, 998
0.011, 997
0.011, 996
0.011, 995
0.011, 994
0.011, 993
0.011, 992
0.011, 991
0.011, 990
0.011, 989
0.011, 988
0.011, 987
0.011, 986
0.012, 985
0.012, 984
0.012, 983
0.012, 982
0.012, 981
0.012, 980
0.012, 979
0.012, 978
0.012, 977
0.012, 976
0.012, 975
0.012, 974
0.012, 973
0.012, 972
0.012, 971
0.012, 970
0.013, 969
0.013, 968
0.013, 967
0.013, 966
0.013, 965
0.013, 964
0.013, 963
0.013, 962
0.013, 961
0.013, 960
0.013, 959
0.013, 958
0.013, 957
0.013, 956
0.013, 955
0.013, 954
0.013, 953
0.013, 952
0.014, 951
0.014, 950
0.014, 949
0.014, 948
0.014, 947
0.014, 946
0.014, 945
0.014, 944
0.014, 943
0.014, 942
0.014, 941
0.014, 940
0.014, 939
0.014, 938
0.014, 937
0.014, 936
0.014, 935
0.014, 934
0.014, 933
0.015, 932
0.015, 931
0.015, 930
0.015, 929
0.015, 928
0.015, 927
0.015, 926
0.015, 925
0.015, 924
0.015, 923
0.015, 922
0.015, 921
0.015, 920
0.015, 919
0.015, 918
0.015, 917
0.015, 916
0.015, 915
0.015, 914
0.016, 913
0.016, 912
0.016, 911
0.016, 910
0.016, 909
0.016, 908
0.016, 907
0.016, 906
0.016, 905
0.016, 904
0.016, 903
0.016, 902
0.016, 901
0.016, 900
0.016, 899
0.016, 898
0.016, 897
0.016, 896
0.016, 895
0.016, 894
0.017, 893
0.017, 892
0.017, 891
0.017, 890
0.017, 889
0.017, 888
0.017, 887
0.017, 886
0.017, 885
0.017, 884
0.017, 883
0.017, 882
0.017, 881
0.017, 880
0.017, 879
0.017, 878
0.017, 877
0.017, 876
0.017, 875
0.017, 874
0.017, 873
0.017, 872
0.018, 871
0.018, 870
0.018, 869
0.018, 868
0.018, 867
0.018, 866
0.018, 865
0.018, 864
0.018, 863
0.018, 862
0.018, 861
0.018, 860
0.018, 859
0.018, 858
0.018, 857
0.018, 856
0.018, 855
0.018, 854
0.018, 853
0.018, 852
0.019, 851
0.019, 850
0.019, 849
0.019, 848
0.019, 847
0.019, 846
0.019, 845
0.019, 844
0.019, 843
0.019, 842
0.019, 841
0.019, 840
0.019, 839
0.019, 838
0.019, 837
0.019, 836
0.019, 835
0.019, 834
0.019, 833
0.019, 832
0.019, 831
0.020, 830
0.020, 829
0.020, 828
0.020, 827
0.020, 826
0.020, 825
0.020, 824
0.020, 823
0.020, 822
0.020, 821
0.020, 820
0.020, 819
0.020, 818
0.020, 817
0.020, 816
0.020, 815
0.020, 814
0.020, 813
0.020, 812
0.020, 811
0.020, 810
0.020, 809
0.021, 808
0.021, 807
0.021, 806
0.021, 805
0.021, 804
0.021, 803
0.021, 802
0.021, 801
0.021, 800
0.021, 799
0.021, 798
0.021, 797
0.021, 796
0.021, 795
0.021, 794
0.021, 793
0.021, 792
0.021, 791
0.021, 790
0.021, 789
0.021, 788
0.021, 787
0.022, 786
0.022, 785
0.022, 784
0.022, 783
0.022, 782
0.022, 781
0.022, 780
0.022, 779
0.022, 778
0.022, 777
0.022, 776
0.022, 775
0.022, 774
0.022, 773
0.022, 772
0.022, 771
0.022, 770
0.022, 769
0.022, 768
0.023, 767
0.023, 766
0.023, 765
0.023, 764
0.023, 763
0.023, 762
0.023, 761
0.023, 760
0.023, 759
0.023, 758
0.023, 757
0.023, 756
0.023, 755
0.023, 754
0.024, 753
0.024, 752
0.024, 751
0.024, 750
0.024, 749
0.024, 748
0.024, 747
0.024, 746
