0.002, 1022
0.002, 1021
0.002, 1020
0.002, 1019
0.002, 1018
0.002, 1017
0.002, 1016
0.002, 1015
0.002, 1014
0.002, 1013
0.002, 1012
0.002, 1011
0.002, 1010
0.002, 1009
0.002, 1008
0.002, 1007
0.002, 1006
0.002, 1005
0.002, 1004
0.002, 1003
0.002, 1002
0.002, 1001
0.002, 1000
0.002, 999
0.002, 998
0.002, 997
0.002, 996
0.002, 995
0.002, 994
0.002, 993
0.002, 992
0.002, 991
0.002, 990
0.002, 989
0.002, 988
0.002, 987
0.002, 986
0.002, 985
0.002, 984
0.002, 983
0.002, 982
0.002, 981
0.002, 980
0.002, 979
0.002, 978
0.002, 977
0.002, 976
0.002, 975
0.002, 974
0.002, 973
0.002, 972
0.002, 971
0.002, 970
0.002, 969
0.002, 968
0.002, 967
0.002, 966
0.002, 965
0.002, 964
0.002, 963
0.002, 962
0.002, 961
0.002, 960
0.002, 959
0.002, 958
0.002, 957
0.002, 956
0.002, 955
0.002, 954
0.002, 953
0.002, 952
0.002, 951
0.002, 950
0.002, 949
0.002, 948
0.002, 947
0.002, 946
0.003, 945
0.003, 944
0.003, 943
0.003, 942
0.003, 941
0.003, 940
0.003, 939
0.003, 938
0.003, 937
0.003, 936
0.003, 935
0.003, 934
0.003, 933
0.003, 932
0.003, 931
0.003, 930
0.003, 929
0.003, 928
0.003, 927
0.003, 926
0.003, 925
0.003, 924
0.003, 923
0.003, 922
0.003, 921
0.003, 920
0.003, 919
0.003, 918
0.003, 917
0.003, 916
0.003, 915
0.003, 914
0.003, 913
0.003, 912
0.003, 911
0.003, 910
0.003, 909
0.003, 908
0.003, 907
0.003, 906
0.003, 905
0.003, 904
0.003, 903
0.003, 902
0.003, 901
0.003, 900
0.003, 899
0.003, 898
0.003, 897
0.003, 896
0.003, 895
0.003, 894
0.003, 893
0.003, 892
0.003, 891
0.003, 890
0.003, 889
0.003, 888
0.003, 887
0.003, 886
0.003, 885
0.003, 884
0.003, 883
0.003, 882
0.003, 881
0.003, 880
0.003, 879
0.004, 878
0.004, 877
0.004, 876
0.004, 875
0.004, 874
0.004, 873
0.004, 872
0.004, 871
0.004, 870
0.004, 869
0.004, 868
0.004, 867
0.004, 866
0.004, 865
0.004, 864
0.004, 863
0.004, 862
0.004, 861
0.004, 860
0.004, 859
0.004, 858
0.004, 857
0.004, 856
0.004, 855
0.004, 854
0.004, 853
0.004, 852
0.004, 851
0.004, 850
0.004, 849
0.004, 848
0.004, 847
0.004, 846
0.004, 845
0.004, 844
0.004, 843
0.004, 842
0.004, 841
0.004, 840
0.004, 839
0.004, 838
0.004, 837
0.004, 836
0.004, 835
0.004, 834
0.004, 833
0.004, 832
0.004, 831
0.004, 830
0.004, 829
0.004, 828
0.004, 827
0.004, 826
0.004, 825
0.004, 824
0.004, 823
0.004, 822
0.004, 821
0.004, 820
0.004, 819
0.004, 818
0.004, 817
0.004, 816
0.004, 815
0.005, 814
0.005, 813
0.005, 812
0.005, 811
0.005, 810
0.005, 809
0.005, 808
0.005, 807
0.005, 806
0.005, 805
0.005, 804
0.005, 803
0.005, 802
0.005, 801
0.005, 800
0.005, 799
0.005, 798
0.005, 797
0.005, 796
0.005, 795
0.005, 794
0.005, 793
0.005, 792
0.005, 791
0.005, 790
0.005, 789
0.005, 788
0.005, 787
0.005, 786
0.005, 785
0.005, 784
0.005, 783
0.005, 782
0.005, 781
0.005, 780
0.005, 779
0.005, 778
0.005, 777
0.005, 776
0.005, 775
0.005, 774
0.005, 773
0.005, 772
0.005, 771
0.005, 770
0.005, 769
0.005, 768
0.005, 767
0.005, 766
0.005, 765
0.005, 764
0.005, 763
0.005, 762
0.005, 761
0.005, 760
0.005, 759
0.005, 758
0.006, 757
0.006, 756
0.006, 755
0.006, 754
0.006, 753
0.006, 752
0.006, 751
0.006, 750
0.006, 749
0.006, 748
0.006, 747
0.006, 746
