0.001, 950
0.001, 949
0.001, 948
0.001, 947
0.001, 946
0.001, 945
0.002, 944
0.002, 943
0.002, 942
0.002, 941
0.002, 940
0.002, 939
0.003, 938
0.003, 937
0.003, 936
0.003, 935
0.003, 934
0.003, 933
0.004, 932
0.004, 931
0.004, 930
0.004, 929
0.004, 928
0.005, 927
0.005, 926
0.005, 925
0.005, 924
0.005, 923
0.006, 922
0.006, 921
0.006, 920
0.006, 919
0.007, 918
0.007, 917
0.007, 916
0.007, 915
0.007, 914
0.007, 913
0.008, 912
0.008, 911
0.009, 910
0.010, 909
0.010, 908
0.011, 907
0.011, 906
0.011, 905
0.012, 904
0.012, 903
0.012, 902
0.013, 901
0.013, 900
0.013, 899
0.013, 898
0.013, 897
0.014, 896
0.014, 895
0.014, 894
0.014, 893
0.014, 892
0.014, 891
0.015, 890
0.015, 889
0.015, 888
0.015, 887
0.016, 886
0.016, 885
0.019, 884
0.019, 883
0.019, 882
0.019, 881
0.020, 880
0.020, 879
0.020, 878
0.021, 877
0.021, 876
0.021, 875
0.021, 874
0.021, 873
0.022, 872
0.022, 871
0.022, 870
0.022, 869
0.023, 868
0.023, 867
0.023, 866
0.024, 865
0.024, 864
0.024, 863
0.025, 862
0.025, 861
0.025, 860
0.026, 859
0.026, 858
0.026, 857
0.026, 856
0.027, 855
0.027, 854
0.027, 853
0.028, 852
0.028, 851
0.029, 850
0.029, 849
0.029, 848
0.029, 847
0.030, 846
0.030, 845
0.030, 844
0.031, 843
0.031, 842
0.032, 841
0.032, 840
0.034, 839
0.034, 838
0.035, 837
0.035, 836
0.035, 835
0.035, 834
0.035, 833
0.036, 832
0.037, 831
0.037, 830
0.037, 829
0.037, 828
0.038, 827
0.039, 826
0.040, 825
0.040, 824
0.041, 823
0.041, 822
0.041, 821
0.042, 820
0.043, 819
0.044, 818
0.044, 817
0.045, 816
0.045, 815
0.046, 814
0.047, 813
0.047, 812
0.048, 811
0.048, 810
0.049, 809
0.050, 808
0.051, 807
0.051, 806
0.051, 805
0.052, 804
0.053, 803
0.055, 802
0.055, 801
0.056, 800
0.058, 799
0.059, 798
0.060, 797
0.060, 796
0.062, 795
0.064, 794
0.067, 793
0.068, 792
0.068, 791
0.071, 790
0.073, 789
0.074, 788
0.075, 787
0.076, 786
0.078, 785
0.080, 784
0.083, 783
0.094, 782
0.103, 781
0.104, 780
0.105, 779
0.105, 778
0.106, 777
0.110, 776
0.117, 775
0.120, 774
0.124, 773
0.135, 772
0.138, 771
0.146, 770
0.156, 769
0.373, 768
