0.000, 950
0.000, 949
0.000, 948
0.000, 947
0.000, 946
0.000, 945
0.000, 944
0.000, 943
0.001, 942
0.001, 941
0.001, 940
0.001, 939
0.001, 938
0.002, 937
0.002, 936
0.002, 935
0.002, 934
0.002, 933
0.002, 932
0.002, 931
0.002, 930
0.002, 929
0.002, 928
0.003, 927
0.004, 926
0.004, 925
0.004, 924
0.004, 923
0.005, 922
0.005, 921
0.005, 920
0.005, 919
0.005, 918
0.005, 917
0.005, 916
0.005, 915
0.005, 914
0.005, 913
0.006, 912
0.006, 911
0.006, 910
0.006, 909
0.006, 908
0.007, 907
0.007, 906
0.007, 905
0.007, 904
0.007, 903
0.008, 902
0.008, 901
0.008, 900
0.009, 899
0.009, 898
0.009, 897
0.010, 896
0.010, 895
0.010, 894
0.010, 893
0.010, 892
0.010, 891
0.011, 890
0.011, 889
0.011, 888
0.011, 887
0.011, 886
0.012, 885
0.012, 884
0.012, 883
0.013, 882
0.013, 881
0.013, 880
0.014, 879
0.014, 878
0.015, 877
0.015, 876
0.015, 875
0.015, 874
0.015, 873
0.015, 872
0.016, 871
0.016, 870
0.016, 869
0.016, 868
0.017, 867
0.017, 866
0.017, 865
0.017, 864
0.017, 863
0.017, 862
0.018, 861
0.018, 860
0.018, 859
0.018, 858
0.018, 857
0.019, 856
0.019, 855
0.020, 854
0.020, 853
0.021, 852
0.021, 851
0.022, 850
0.022, 849
0.022, 848
0.022, 847
0.023, 846
0.023, 845
0.024, 844
0.024, 843
0.024, 842
0.025, 841
0.025, 840
0.025, 839
0.026, 838
0.026, 837
0.026, 836
0.027, 835
0.027, 834
0.027, 833
0.027, 832
0.028, 831
0.028, 830
0.029, 829
0.030, 828
0.030, 827
0.030, 826
0.030, 825
0.031, 824
0.031, 823
0.031, 822
0.031, 821
0.033, 820
0.033, 819
0.034, 818
0.034, 817
0.035, 816
0.035, 815
0.036, 814
0.036, 813
0.038, 812
0.038, 811
0.038, 810
0.039, 809
0.039, 808
0.040, 807
0.040, 806
0.041, 805
0.042, 804
0.043, 803
0.044, 802
0.047, 801
0.047, 800
0.050, 799
0.050, 798
0.054, 797
0.056, 796
0.057, 795
0.059, 794
0.062, 793
0.064, 792
0.065, 791
0.067, 790
0.068, 789
0.070, 788
0.079, 787
0.079, 786
0.081, 785
0.082, 784
0.083, 783
0.085, 782
0.091, 781
0.092, 780
0.101, 779
0.102, 778
0.107, 777
0.109, 776
0.115, 775
0.149, 774
0.162, 773
0.192, 772
