0.000, 950
0.000, 949
0.000, 948
0.000, 947
0.000, 946
0.000, 945
0.001, 944
0.001, 943
0.001, 942
0.001, 941
0.001, 940
0.001, 939
0.002, 938
0.002, 937
0.002, 936
0.002, 935
0.002, 934
0.002, 933
0.002, 932
0.003, 931
0.003, 930
0.003, 929
0.003, 928
0.003, 927
0.003, 926
0.003, 925
0.003, 924
0.004, 923
0.004, 922
0.004, 921
0.004, 920
0.004, 919
0.004, 918
0.004, 917
0.005, 916
0.005, 915
0.005, 914
0.006, 913
0.006, 912
0.007, 911
0.007, 910
0.007, 909
0.007, 908
0.007, 907
0.008, 906
0.008, 905
0.008, 904
0.008, 903
0.008, 902
0.009, 901
0.009, 900
0.009, 899
0.009, 898
0.009, 897
0.010, 896
0.010, 895
0.010, 894
0.010, 893
0.011, 892
0.011, 891
0.011, 890
0.012, 889
0.012, 888
0.012, 887
0.013, 886
0.013, 885
0.013, 884
0.013, 883
0.013, 882
0.013, 881
0.014, 880
0.014, 879
0.014, 878
0.015, 877
0.015, 876
0.015, 875
0.015, 874
0.016, 873
0.016, 872
0.016, 871
0.016, 870
0.016, 869
0.017, 868
0.017, 867
0.018, 866
0.018, 865
0.019, 864
0.019, 863
0.019, 862
0.020, 861
0.020, 860
0.020, 859
0.020, 858
0.020, 857
0.020, 856
0.020, 855
0.020, 854
0.020, 853
0.020, 852
0.021, 851
0.021, 850
0.022, 849
0.022, 848
0.022, 847
0.022, 846
0.023, 845
0.023, 844
0.023, 843
0.023, 842
0.023, 841
0.023, 840
0.023, 839
0.024, 838
0.024, 837
0.024, 836
0.024, 835
0.025, 834
0.025, 833
0.025, 832
0.026, 831
0.026, 830
0.027, 829
0.027, 828
0.028, 827
0.028, 826
0.028, 825
0.028, 824
0.029, 823
0.029, 822
0.030, 821
0.030, 820
0.031, 819
0.031, 818
0.033, 817
0.033, 816
0.034, 815
0.034, 814
0.035, 813
0.036, 812
0.036, 811
0.037, 810
0.037, 809
0.038, 808
0.041, 807
0.041, 806
0.041, 805
0.044, 804
0.047, 803
0.048, 802
0.049, 801
0.051, 800
0.051, 799
0.054, 798
0.054, 797
0.055, 796
0.055, 795
0.056, 794
0.060, 793
0.063, 792
0.065, 791
0.066, 790
0.067, 789
0.068, 788
0.075, 787
0.081, 786
0.086, 785
0.087, 784
0.091, 783
0.091, 782
0.106, 781
0.108, 780
0.112, 779
0.113, 778
0.131, 777
0.137, 776
0.140, 775
0.144, 774
0.156, 773
0.173, 772
0.223, 771
