0.477, 744
0.539, 744
0.590, 744
0.625, 744
0.662, 744
0.701, 744
0.739, 744
0.776, 744
0.814, 744
0.851, 744
0.904, 744
0.963, 744
1.022, 744
1.090, 744
1.145, 744
1.188, 744
1.230, 744
1.271, 744
1.316, 744
1.355, 744
1.388, 744
1.421, 744
1.457, 744
1.490, 744
1.523, 744
1.556, 744
1.590, 744
1.623, 744
1.656, 744
1.690, 744
1.734, 744
1.789, 744
1.844, 744
1.899, 744
1.952, 744
2.007, 744
2.063, 744
2.117, 744
2.163, 744
2.195, 744
2.228, 744
2.261, 744
2.294, 744
2.327, 744
2.360, 744
2.393, 744
2.426, 744
2.459, 744
2.491, 744
2.525, 744
2.558, 744
2.591, 744
2.624, 744
2.657, 744
2.692, 744
2.725, 744
2.757, 744
2.791, 744
2.824, 744
2.857, 744
2.890, 744
2.923, 744
2.956, 744
2.988, 744
3.021, 744
3.055, 744
3.088, 744
3.121, 744
3.154, 744
3.188, 744
3.221, 744
3.253, 744
3.287, 744
3.320, 744
3.354, 744
3.388, 744
3.422, 744
3.455, 744
3.488, 744
114.071, 743
114.110, 743
114.150, 743
114.187, 743
114.226, 743
114.278, 743
114.316, 743
114.357, 743
114.395, 743
114.434, 743
114.475, 743
114.515, 743
114.553, 743
114.590, 743
114.632, 743
114.670, 743
114.708, 743
114.748, 743
114.788, 743
114.829, 743
114.869, 743
114.917, 743
114.957, 743
114.997, 743
115.037, 743
115.074, 743
115.113, 743
115.150, 743
115.199, 743
115.249, 743
115.293, 743
115.343, 743
115.390, 743
115.447, 743
115.492, 743
115.536, 743
115.581, 743
115.623, 743
115.672, 743
115.724, 743
115.772, 743
115.818, 743
115.865, 743
115.913, 743
115.957, 743
116.000, 743
116.052, 743
116.094, 743
116.136, 743
116.181, 743
116.221, 743
116.263, 743
116.304, 743
116.346, 743
116.387, 743
116.434, 743
116.475, 743
116.515, 743
116.558, 743
116.600, 743
116.638, 743
116.680, 743
116.718, 743
116.758, 743
116.797, 743
116.835, 743
116.874, 743
116.913, 743
116.951, 743
116.992, 743
117.039, 743
117.080, 743
117.121, 743
117.159, 743
117.198, 743
117.238, 743
117.277, 743
117.315, 743
117.354, 743
