0.313, 746
0.322, 746
0.333, 744
0.336, 744
0.341, 744
0.345, 744
0.351, 744
0.357, 744
0.364, 744
0.371, 744
0.379, 744
0.388, 744
0.397, 744
0.405, 744
0.414, 744
0.428, 744
0.438, 744
0.448, 744
0.458, 744
0.470, 744
0.482, 744
0.494, 744
0.507, 744
0.520, 744
0.544, 744
0.565, 744
0.586, 744
0.608, 744
0.630, 744
0.648, 744
0.665, 744
0.682, 744
0.704, 744
0.723, 744
0.742, 744
0.762, 744
0.783, 744
0.805, 744
0.826, 744
0.853, 744
0.876, 744
0.899, 744
0.923, 744
0.948, 744
0.972, 744
1.000, 744
1.025, 744
1.053, 744
1.079, 744
1.105, 744
1.147, 744
1.186, 744
1.214, 744
1.243, 744
1.272, 744
1.307, 744
1.337, 744
1.368, 744
1.399, 744
1.431, 744
1.467, 744
1.500, 744
1.533, 744
1.567, 744
1.601, 744
1.640, 744
1.676, 744
1.712, 744
1.749, 744
1.793, 744
1.847, 744
1.890, 744
1.929, 744
1.969, 744
2.012, 744
2.052, 744
2.093, 744
2.134, 744
2.176, 744
