0.008, 1022
0.010, 1021
0.010, 1020
0.010, 1019
0.010, 1018
0.010, 1017
0.011, 1016
0.011, 1015
0.011, 1014
0.011, 1013
0.011, 1012
0.011, 1011
0.011, 1010
0.011, 1009
0.011, 1008
0.011, 1007
0.011, 1006
0.011, 1005
0.011, 1004
0.011, 1003
0.012, 1002
0.012, 1001
0.012, 1000
0.012, 999
0.012, 998
0.012, 997
0.012, 996
0.012, 995
0.012, 994
0.012, 993
0.012, 992
0.012, 991
0.012, 990
0.012, 989
0.013, 988
0.013, 987
0.013, 986
0.013, 985
0.013, 984
0.013, 983
0.013, 982
0.013, 981
0.013, 980
0.013, 979
0.013, 978
0.013, 977
0.013, 976
0.013, 975
0.013, 974
0.013, 973
0.014, 972
0.014, 971
0.014, 970
0.014, 969
0.014, 968
0.014, 967
0.014, 966
0.014, 965
0.014, 964
0.014, 963
0.014, 962
0.014, 961
0.014, 960
0.014, 959
0.014, 958
0.014, 957
0.014, 956
0.015, 955
0.015, 954
0.015, 953
0.015, 952
0.015, 951
0.015, 950
0.015, 949
0.015, 948
0.015, 947
0.015, 946
0.015, 945
0.015, 944
0.015, 943
0.015, 942
0.015, 941
0.015, 940
0.015, 939
0.015, 938
0.016, 937
0.016, 936
0.016, 935
0.016, 934
0.016, 933
0.016, 932
0.016, 931
0.016, 930
0.016, 929
0.016, 928
0.016, 927
0.016, 926
0.016, 925
0.016, 924
0.016, 923
0.016, 922
0.016, 921
0.016, 920
0.016, 919
0.016, 918
0.017, 917
0.017, 916
0.017, 915
0.017, 914
0.017, 913
0.017, 912
0.017, 911
0.017, 910
0.017, 909
0.017, 908
0.017, 907
0.017, 906
0.017, 905
0.017, 904
0.017, 903
0.017, 902
0.017, 901
0.017, 900
0.017, 899
0.017, 898
0.017, 897
0.018, 896
0.018, 895
0.018, 894
0.018, 893
0.018, 892
0.018, 891
0.018, 890
0.018, 889
0.018, 888
0.018, 887
0.018, 886
0.018, 885
0.018, 884
0.018, 883
0.018, 882
0.018, 881
0.018, 880
0.018, 879
0.018, 878
0.018, 877
0.018, 876
0.019, 875
0.019, 874
0.019, 873
0.019, 872
0.019, 871
0.019, 870
0.019, 869
0.019, 868
0.019, 867
0.019, 866
0.019, 865
0.019, 864
0.019, 863
0.019, 862
0.019, 861
0.019, 860
0.019, 859
0.019, 858
0.019, 857
0.019, 856
0.019, 855
0.020, 854
0.020, 853
0.020, 852
0.020, 851
0.020, 850
0.020, 849
0.020, 848
0.020, 847
0.020, 846
0.020, 845
0.020, 844
0.020, 843
0.020, 842
0.020, 841
0.020, 840
0.020, 839
0.020, 838
0.020, 837
0.020, 836
0.020, 835
0.020, 834
0.020, 833
0.021, 832
0.021, 831
0.021, 830
0.021, 829
0.021, 828
0.021, 827
0.021, 826
0.021, 825
0.021, 824
0.021, 823
0.021, 822
0.021, 821
0.021, 820
0.021, 819
0.021, 818
0.021, 817
0.021, 816
0.021, 815
0.021, 814
0.021, 813
0.021, 812
0.022, 811
0.022, 810
0.022, 809
0.022, 808
0.022, 807
0.022, 806
0.022, 805
0.022, 804
0.022, 803
0.022, 802
0.022, 801
0.022, 800
0.022, 799
0.022, 798
0.022, 797
0.022, 796
0.022, 795
0.022, 794
0.022, 793
0.022, 792
0.022, 791
0.022, 790
0.023, 789
0.023, 788
0.023, 787
0.023, 786
0.023, 785
0.023, 784
0.023, 783
0.023, 782
0.023, 781
0.023, 780
0.023, 779
0.023, 778
0.023, 777
0.023, 776
0.023, 775
0.023, 774
0.023, 773
0.023, 772
0.023, 771
0.023, 770
0.024, 769
0.024, 768
0.024, 767
0.024, 766
0.024, 765
0.024, 764
0.024, 763
0.024, 762
0.024, 761
0.024, 760
0.024, 759
0.024, 758
0.024, 757
0.024, 756
0.024, 755
0.024, 754
0.024, 753
0.024, 752
0.025, 751
0.025, 750
0.025, 749
0.025, 748
0.025, 747
0.025, 746
