0.000, 951
0.000, 950
0.001, 949
0.001, 948
0.001, 947
0.001, 946
0.001, 945
0.001, 944
0.001, 943
0.002, 942
0.002, 941
0.002, 940
0.002, 939
0.002, 938
0.002, 937
0.002, 936
0.003, 935
0.003, 934
0.003, 933
0.003, 932
0.003, 931
0.003, 930
0.003, 929
0.003, 928
0.003, 927
0.004, 926
0.004, 925
0.004, 924
0.004, 923
0.004, 922
0.004, 921
0.004, 920
0.005, 919
0.005, 918
0.005, 917
0.006, 916
0.006, 915
0.006, 914
0.006, 913
0.006, 912
0.007, 911
0.007, 910
0.007, 909
0.008, 908
0.008, 907
0.008, 906
0.008, 905
0.008, 904
0.008, 903
0.008, 902
0.009, 901
0.010, 900
0.010, 899
0.010, 898
0.010, 897
0.011, 896
0.011, 895
0.011, 894
0.011, 893
0.011, 892
0.011, 891
0.011, 890
0.011, 889
0.011, 888
0.011, 887
0.012, 886
0.012, 885
0.012, 884
0.013, 883
0.013, 882
0.013, 881
0.013, 880
0.014, 879
0.014, 878
0.014, 877
0.014, 876
0.014, 875
0.014, 874
0.014, 873
0.014, 872
0.015, 871
0.016, 870
0.016, 869
0.016, 868
0.016, 867
0.016, 866
0.016, 865
0.017, 864
0.017, 863
0.017, 862
0.018, 861
0.018, 860
0.018, 859
0.019, 858
0.019, 857
0.019, 856
0.020, 855
0.020, 854
0.020, 853
0.021, 852
0.022, 851
0.022, 850
0.022, 849
0.023, 848
0.023, 847
0.023, 846
0.024, 845
0.024, 844
0.025, 843
0.026, 842
0.026, 841
0.026, 840
0.027, 839
0.028, 838
0.028, 837
0.028, 836
0.029, 835
0.029, 834
0.029, 833
0.029, 832
0.030, 831
0.030, 830
0.031, 829
0.031, 828
0.032, 827
0.032, 826
0.032, 825
0.034, 824
0.034, 823
0.034, 822
0.036, 821
0.036, 820
0.036, 819
0.037, 818
0.039, 817
0.040, 816
0.041, 815
0.042, 814
0.043, 813
0.044, 812
0.045, 811
0.045, 810
0.046, 809
0.047, 808
0.047, 807
0.047, 806
0.050, 805
0.052, 804
0.052, 803
0.057, 802
0.060, 801
0.060, 800
0.062, 799
0.063, 798
0.063, 797
0.063, 796
0.063, 795
0.066, 794
0.074, 793
0.079, 792
0.079, 791
0.083, 790
0.084, 789
0.085, 788
0.088, 787
0.092, 786
0.092, 785
0.100, 784
0.103, 783
0.104, 782
0.105, 781
0.110, 780
0.114, 779
0.118, 778
0.120, 777
0.131, 776
0.164, 775
0.208, 774
