0.001, 1022
0.001, 1021
0.001, 1020
0.001, 1019
0.001, 1018
0.001, 1017
0.001, 1016
0.001, 1015
0.001, 1014
0.001, 1013
0.001, 1012
0.001, 1011
0.001, 1010
0.001, 1009
0.001, 1008
0.001, 1007
0.001, 1006
0.001, 1005
0.001, 1004
0.001, 1003
0.001, 1002
0.001, 1001
0.001, 1000
0.001, 999
0.001, 998
0.001, 997
0.001, 996
0.001, 995
0.001, 994
0.001, 993
0.001, 992
0.001, 991
0.001, 990
0.001, 989
0.001, 988
0.001, 987
0.001, 986
0.001, 985
0.001, 984
0.001, 983
0.001, 982
0.001, 981
0.001, 980
0.001, 979
0.001, 978
0.001, 977
0.001, 976
0.001, 975
0.001, 974
0.001, 973
0.001, 972
0.001, 971
0.001, 970
0.001, 969
0.001, 968
0.001, 967
0.001, 966
0.001, 965
0.002, 964
0.002, 963
0.002, 962
0.002, 961
0.002, 960
0.002, 959
0.002, 958
0.002, 957
0.002, 956
0.002, 955
0.002, 954
0.002, 953
0.002, 952
0.002, 951
0.002, 950
0.002, 949
0.002, 948
0.002, 947
0.002, 946
0.002, 945
0.002, 944
0.002, 943
0.002, 942
0.002, 941
0.002, 940
0.002, 939
0.002, 938
0.002, 937
0.002, 936
0.002, 935
0.002, 934
0.002, 933
0.002, 932
0.002, 931
0.002, 930
0.002, 929
0.002, 928
0.002, 927
0.002, 926
0.002, 925
0.002, 924
0.002, 923
0.002, 922
0.002, 921
0.002, 920
0.002, 919
0.002, 918
0.002, 917
0.002, 916
0.002, 915
0.002, 914
0.002, 913
0.002, 912
0.002, 911
0.002, 910
0.002, 909
0.002, 908
0.002, 907
0.002, 906
0.002, 905
0.002, 904
0.002, 903
0.002, 902
0.002, 901
0.002, 900
0.002, 899
0.002, 898
0.002, 897
0.002, 896
0.002, 895
0.002, 894
0.002, 893
0.002, 892
0.002, 891
0.002, 890
0.002, 889
0.002, 888
0.002, 887
0.002, 886
0.002, 885
0.002, 884
0.002, 883
0.002, 882
0.002, 881
0.002, 880
0.002, 879
0.002, 878
0.002, 877
0.002, 876
0.002, 875
0.002, 874
0.002, 873
0.002, 872
0.002, 871
0.002, 870
0.002, 869
0.002, 868
0.002, 867
0.002, 866
0.002, 865
0.002, 864
0.002, 863
0.002, 862
0.002, 861
0.002, 860
0.002, 859
0.002, 858
0.002, 857
0.002, 856
0.002, 855
0.002, 854
0.002, 853
0.002, 852
0.002, 851
0.002, 850
0.002, 849
0.002, 848
0.002, 847
0.002, 846
0.002, 845
0.002, 844
0.002, 843
0.002, 842
0.002, 841
0.002, 840
0.002, 839
0.002, 838
0.002, 837
0.002, 836
0.002, 835
0.002, 834
0.002, 833
0.002, 832
0.002, 831
0.002, 830
0.002, 829
0.002, 828
0.002, 827
0.002, 826
0.002, 825
0.002, 824
0.002, 823
0.002, 822
0.002, 821
0.002, 820
0.002, 819
0.002, 818
0.002, 817
0.002, 816
0.002, 815
0.002, 814
0.002, 813
0.002, 812
0.002, 811
0.002, 810
0.002, 809
0.002, 808
0.002, 807
0.002, 806
0.002, 805
0.002, 804
0.002, 803
0.002, 802
0.002, 801
0.002, 800
0.002, 799
0.002, 798
0.002, 797
0.002, 796
0.003, 795
0.003, 794
0.003, 793
0.003, 792
0.003, 791
0.003, 790
0.003, 789
0.003, 788
0.003, 787
0.003, 786
0.003, 785
0.003, 784
0.003, 783
0.003, 782
0.003, 781
0.003, 780
0.003, 779
0.003, 778
0.003, 777
0.003, 776
0.003, 775
0.003, 774
0.003, 773
0.003, 772
0.003, 771
0.003, 770
0.003, 769
0.003, 768
0.003, 767
0.003, 766
0.003, 765
0.003, 764
0.003, 763
0.003, 762
0.003, 761
0.003, 760
0.003, 759
0.003, 758
0.003, 757
0.003, 756
0.003, 755
0.003, 754
0.003, 753
0.003, 752
0.003, 751
0.003, 750
0.003, 749
0.003, 748
0.003, 747
0.003, 746
