0.008, 1131
0.010, 1130
0.010, 1129
0.010, 1128
0.011, 1127
0.011, 1126
0.011, 1125
0.011, 1124
0.011, 1123
0.011, 1122
0.011, 1121
0.011, 1120
0.011, 1119
0.011, 1118
0.011, 1117
0.011, 1116
0.011, 1115
0.011, 1114
0.011, 1113
0.012, 1112
0.012, 1111
0.012, 1110
0.012, 1109
0.012, 1108
0.012, 1107
0.012, 1106
0.012, 1105
0.012, 1104
0.012, 1103
0.012, 1102
0.012, 1101
0.012, 1100
0.012, 1099
0.012, 1098
0.013, 1097
0.013, 1096
0.013, 1095
0.013, 1094
0.013, 1093
0.013, 1092
0.013, 1091
0.013, 1090
0.013, 1089
0.013, 1088
0.013, 1087
0.013, 1086
0.013, 1085
0.013, 1084
0.013, 1083
0.013, 1082
0.013, 1081
0.013, 1080
0.014, 1079
0.014, 1078
0.014, 1077
0.014, 1076
0.014, 1075
0.014, 1074
0.014, 1073
0.014, 1072
0.014, 1071
0.014, 1070
0.014, 1069
0.014, 1068
0.014, 1067
0.014, 1066
0.014, 1065
0.014, 1064
0.014, 1063
0.014, 1062
0.014, 1061
0.015, 1060
0.015, 1059
0.015, 1058
0.015, 1057
0.015, 1056
0.015, 1055
0.015, 1054
0.015, 1053
0.015, 1052
0.015, 1051
0.015, 1050
0.015, 1049
0.015, 1048
0.015, 1047
0.015, 1046
0.015, 1045
0.015, 1044
0.015, 1043
0.015, 1042
0.015, 1041
0.016, 1040
0.016, 1039
0.016, 1038
0.016, 1037
0.016, 1036
0.016, 1035
0.016, 1034
0.016, 1033
0.016, 1032
0.016, 1031
0.016, 1030
0.016, 1029
0.016, 1028
0.016, 1027
0.016, 1026
0.016, 1025
0.016, 1024
0.016, 1023
0.016, 1022
0.016, 1021
0.016, 1020
0.016, 1019
0.017, 1018
0.017, 1017
0.017, 1016
0.017, 1015
0.017, 1014
0.017, 1013
0.017, 1012
0.017, 1011
0.017, 1010
0.017, 1009
0.017, 1008
0.017, 1007
0.017, 1006
0.017, 1005
0.017, 1004
0.017, 1003
0.017, 1002
0.017, 1001
0.017, 1000
0.017, 999
0.017, 998
0.018, 997
0.018, 996
0.018, 995
0.018, 994
0.018, 993
0.018, 992
0.018, 991
0.018, 990
0.018, 989
0.018, 988
0.018, 987
0.018, 986
0.018, 985
0.018, 984
0.018, 983
0.018, 982
0.018, 981
0.018, 980
0.018, 979
0.018, 978
0.018, 977
0.018, 976
0.018, 975
0.018, 974
0.019, 973
0.019, 972
0.019, 971
0.019, 970
0.019, 969
0.019, 968
0.019, 967
0.019, 966
0.019, 965
0.019, 964
0.019, 963
0.019, 962
0.019, 961
0.019, 960
0.019, 959
0.019, 958
0.019, 957
0.019, 956
0.019, 955
0.019, 954
0.019, 953
0.019, 952
0.020, 951
0.020, 950
0.020, 949
0.020, 948
0.020, 947
0.020, 946
0.020, 945
0.020, 944
0.020, 943
0.020, 942
0.020, 941
0.020, 940
0.020, 939
0.020, 938
0.020, 937
0.020, 936
0.020, 935
0.020, 934
0.020, 933
0.020, 932
0.020, 931
0.020, 930
0.020, 929
0.021, 928
0.021, 927
0.021, 926
0.021, 925
0.021, 924
0.021, 923
0.021, 922
0.021, 921
0.021, 920
0.021, 919
0.021, 918
0.021, 917
0.021, 916
0.021, 915
0.021, 914
0.021, 913
0.021, 912
0.021, 911
0.021, 910
0.021, 909
0.021, 908
0.021, 907
0.021, 906
0.021, 905
0.021, 904
0.022, 903
0.022, 902
0.022, 901
0.022, 900
0.022, 899
0.022, 898
0.022, 897
0.022, 896
0.022, 895
0.022, 894
0.022, 893
0.022, 892
0.022, 891
0.022, 890
0.022, 889
0.022, 888
0.022, 887
0.022, 886
0.022, 885
0.022, 884
0.022, 883
0.023, 882
0.023, 881
0.023, 880
0.023, 879
0.023, 878
0.023, 877
0.023, 876
0.023, 875
0.023, 874
0.023, 873
0.023, 872
0.023, 871
0.023, 870
0.023, 869
0.023, 868
0.023, 867
0.023, 866
0.023, 865
0.023, 864
0.023, 863
0.023, 862
0.023, 861
0.023, 860
0.024, 859
0.024, 858
0.024, 857
0.024, 856
0.024, 855
0.024, 854
0.024, 853
0.024, 852
0.024, 851
0.024, 850
0.024, 849
0.024, 848
0.024, 847
0.024, 846
0.024, 845
0.024, 844
0.024, 843
0.024, 842
0.024, 841
0.024, 840
0.024, 839
0.024, 838
0.024, 837
0.024, 836
0.024, 835
0.024, 834
0.024, 833
0.024, 832
0.025, 831
0.025, 830
0.025, 829
0.025, 828
0.025, 827
0.025, 826
0.025, 825
0.025, 824
0.025, 823
0.025, 822
0.025, 821
0.025, 820
0.025, 819
0.025, 818
0.025, 817
0.025, 816
0.025, 815
0.025, 814
0.025, 813
0.025, 812
0.025, 811
0.025, 810
0.025, 809
0.025, 808
0.025, 807
0.025, 806
0.025, 805
0.025, 804
0.025, 803
0.025, 802
0.026, 801
0.026, 800
0.026, 799
0.026, 798
0.026, 797
0.026, 796
0.026, 795
0.026, 794
0.026, 793
0.026, 792
0.026, 791
0.026, 790
0.026, 789
0.026, 788
0.026, 787
0.026, 786
0.026, 785
0.026, 784
0.026, 783
0.026, 782
0.026, 781
0.026, 780
0.026, 779
0.026, 778
0.026, 777
0.026, 776
0.026, 775
0.026, 774
0.026, 773
0.026, 772
0.026, 771
0.027, 770
0.027, 769
0.027, 768
0.027, 767
0.027, 766
0.027, 765
0.027, 764
0.027, 763
0.027, 762
0.027, 761
0.027, 760
0.027, 759
0.027, 758
0.027, 757
0.027, 756
0.027, 755
0.027, 754
0.027, 753
0.027, 752
0.027, 751
0.027, 750
0.027, 749
0.027, 748
0.027, 747
0.027, 746
0.027, 745
0.027, 744
0.027, 743
0.027, 742
0.027, 741
0.027, 740
0.028, 739
0.028, 738
0.028, 737
0.028, 736
0.028, 735
0.028, 734
0.028, 733
0.028, 732
0.028, 731
0.028, 730
0.028, 729
0.028, 728
0.028, 727
0.028, 726
0.028, 725
0.028, 724
0.028, 723
0.028, 722
0.028, 721
0.028, 720
0.028, 719
0.028, 718
0.028, 717
0.028, 716
0.028, 715
0.028, 714
0.028, 713
0.028, 712
0.028, 711
0.028, 710
0.028, 709
0.028, 708
0.029, 707
0.029, 706
0.029, 705
0.029, 704
0.029, 703
0.029, 702
0.029, 701
0.029, 700
0.029, 699
0.029, 698
0.029, 697
0.029, 696
0.029, 695
0.029, 694
0.029, 693
0.029, 692
0.029, 691
0.029, 690
0.029, 689
0.029, 688
0.029, 687
0.029, 686
0.029, 685
0.029, 684
0.029, 683
0.029, 682
0.029, 681
0.029, 680
0.029, 679
0.029, 678
0.029, 677
0.029, 676
0.029, 675
0.029, 674
0.030, 673
0.030, 672
0.030, 671
0.030, 670
0.030, 669
0.030, 668
0.030, 667
0.030, 666
0.030, 665
0.030, 664
0.030, 663
0.030, 662
0.030, 661
0.030, 660
0.030, 659
0.030, 658
0.030, 657
0.030, 656
0.030, 655
0.030, 654
0.030, 653
0.030, 652
0.030, 651
0.030, 650
0.030, 649
0.030, 648
0.030, 647
0.030, 646
0.030, 645
0.030, 644
0.030, 643
0.030, 642
0.030, 641
0.030, 640
0.030, 639
0.031, 638
0.031, 637
0.031, 636
0.031, 635
0.031, 634
0.031, 633
0.031, 632
0.031, 631
0.031, 630
0.031, 629
0.031, 628
0.031, 627
0.031, 626
0.031, 625
0.031, 624
0.031, 623
0.031, 622
0.031, 621
0.031, 620
0.031, 619
0.031, 618
0.032, 617
0.032, 616
0.032, 615
0.032, 614
0.032, 613
