0.000, 1131
0.000, 1130
0.001, 1129
0.001, 1128
0.001, 1127
0.001, 1126
0.001, 1125
0.001, 1124
0.001, 1123
0.001, 1122
0.001, 1121
0.001, 1120
0.001, 1119
0.001, 1118
0.001, 1117
0.001, 1116
0.001, 1115
0.001, 1114
0.001, 1113
0.001, 1112
0.001, 1111
0.001, 1110
0.001, 1109
0.001, 1108
0.001, 1107
0.001, 1106
0.001, 1105
0.001, 1104
0.001, 1103
0.001, 1102
0.001, 1101
0.001, 1100
0.001, 1099
0.001, 1098
0.001, 1097
0.001, 1096
0.001, 1095
0.001, 1094
0.001, 1093
0.001, 1092
0.001, 1091
0.001, 1090
0.001, 1089
0.002, 1088
0.002, 1087
0.002, 1086
0.002, 1085
0.002, 1084
0.002, 1083
0.002, 1082
0.002, 1081
0.002, 1080
0.002, 1079
0.002, 1078
0.002, 1077
0.002, 1076
0.002, 1075
0.002, 1074
0.002, 1073
0.002, 1072
0.002, 1071
0.002, 1070
0.002, 1069
0.002, 1068
0.002, 1067
0.002, 1066
0.002, 1065
0.002, 1064
0.002, 1063
0.002, 1062
0.002, 1061
0.002, 1060
0.002, 1059
0.002, 1058
0.002, 1057
0.002, 1056
0.002, 1055
0.002, 1054
0.002, 1053
0.002, 1052
0.002, 1051
0.002, 1050
0.002, 1049
0.002, 1048
0.002, 1047
0.002, 1046
0.002, 1045
0.002, 1044
0.002, 1043
0.002, 1042
0.002, 1041
0.002, 1040
0.002, 1039
0.002, 1038
0.002, 1037
0.002, 1036
0.002, 1035
0.002, 1034
0.002, 1033
0.002, 1032
0.002, 1031
0.002, 1030
0.002, 1029
0.002, 1028
0.002, 1027
0.002, 1026
0.002, 1025
0.002, 1024
0.002, 1023
0.002, 1022
0.002, 1021
0.002, 1020
0.002, 1019
0.002, 1018
0.002, 1017
0.002, 1016
0.002, 1015
0.002, 1014
0.003, 1013
0.003, 1012
0.003, 1011
0.003, 1010
0.003, 1009
0.003, 1008
0.003, 1007
0.003, 1006
0.003, 1005
0.003, 1004
0.003, 1003
0.003, 1002
0.003, 1001
0.003, 1000
0.003, 999
0.003, 998
0.003, 997
0.003, 996
0.003, 995
0.003, 994
0.003, 993
0.003, 992
0.003, 991
0.003, 990
0.003, 989
0.003, 988
0.003, 987
0.003, 986
0.003, 985
0.003, 984
0.003, 983
0.003, 982
0.003, 981
0.003, 980
0.003, 979
0.003, 978
0.003, 977
0.003, 976
0.003, 975
0.003, 974
0.003, 973
0.003, 972
0.003, 971
0.003, 970
0.003, 969
0.003, 968
0.003, 967
0.003, 966
0.003, 965
0.003, 964
0.003, 963
0.003, 962
0.003, 961
0.003, 960
0.003, 959
0.003, 958
0.003, 957
0.003, 956
0.003, 955
0.003, 954
0.003, 953
0.003, 952
0.003, 951
0.003, 950
0.003, 949
0.003, 948
0.003, 947
0.003, 946
0.003, 945
0.003, 944
0.003, 943
0.003, 942
0.003, 941
0.004, 940
0.004, 939
0.004, 938
0.004, 937
0.004, 936
0.004, 935
0.004, 934
0.004, 933
0.004, 932
0.004, 931
0.004, 930
0.004, 929
0.004, 928
0.004, 927
0.004, 926
0.004, 925
0.004, 924
0.004, 923
0.004, 922
0.004, 921
0.004, 920
0.004, 919
0.004, 918
0.004, 917
0.004, 916
0.004, 915
0.004, 914
0.004, 913
0.004, 912
0.004, 911
0.004, 910
0.004, 909
0.004, 908
0.004, 907
0.004, 906
0.004, 905
0.004, 904
0.004, 903
0.004, 902
0.004, 901
0.004, 900
0.004, 899
0.004, 898
0.004, 897
0.004, 896
0.004, 895
0.004, 894
0.004, 893
0.004, 892
0.004, 891
0.004, 890
0.004, 889
0.004, 888
0.004, 887
0.004, 886
0.004, 885
0.004, 884
0.004, 883
0.004, 882
0.004, 881
0.004, 880
0.004, 879
0.004, 878
0.004, 877
0.004, 876
0.004, 875
0.004, 874
0.004, 873
0.004, 872
0.004, 871
0.004, 870
0.004, 869
0.004, 868
0.004, 867
0.004, 866
0.004, 865
0.004, 864
0.004, 863
0.004, 862
0.004, 861
0.004, 860
0.005, 859
0.005, 858
0.005, 857
0.005, 856
0.005, 855
0.005, 854
0.005, 853
0.005, 852
0.005, 851
0.005, 850
0.005, 849
0.005, 848
0.005, 847
0.005, 846
0.005, 845
0.005, 844
0.005, 843
0.005, 842
0.005, 841
0.005, 840
0.005, 839
0.005, 838
0.005, 837
0.005, 836
0.005, 835
0.005, 834
0.005, 833
0.005, 832
0.005, 831
0.005, 830
0.005, 829
0.005, 828
0.005, 827
0.005, 826
0.005, 825
0.005, 824
0.005, 823
0.005, 822
0.005, 821
0.005, 820
0.005, 819
0.005, 818
0.005, 817
0.005, 816
0.005, 815
0.005, 814
0.005, 813
0.005, 812
0.005, 811
0.005, 810
0.005, 809
0.005, 808
0.005, 807
0.005, 806
0.005, 805
0.005, 804
0.005, 803
0.005, 802
0.005, 801
0.005, 800
0.005, 799
0.005, 798
0.005, 797
0.005, 796
0.005, 795
0.005, 794
0.005, 793
0.005, 792
0.005, 791
0.005, 790
0.005, 789
0.005, 788
0.005, 787
0.005, 786
0.005, 785
0.005, 784
0.005, 783
0.005, 782
0.005, 781
0.005, 780
0.005, 779
0.005, 778
0.005, 777
0.005, 776
0.005, 775
0.005, 774
0.005, 773
0.005, 772
0.005, 771
0.005, 770
0.005, 769
0.005, 768
0.005, 767
0.005, 766
0.005, 765
0.005, 764
0.005, 763
0.005, 762
0.005, 761
0.005, 760
0.005, 759
0.005, 758
0.006, 757
0.006, 756
0.006, 755
0.006, 754
0.006, 753
0.006, 752
0.006, 751
0.006, 750
0.006, 749
0.006, 748
0.006, 747
0.006, 746
0.006, 745
0.006, 744
0.006, 743
0.006, 742
0.006, 741
0.006, 740
0.006, 739
0.006, 738
0.006, 737
0.006, 736
0.006, 735
0.006, 734
0.006, 733
0.006, 732
0.006, 731
0.006, 730
0.006, 729
0.006, 728
0.006, 727
0.006, 726
0.006, 725
0.006, 724
0.006, 723
0.006, 722
0.006, 721
0.006, 720
0.006, 719
0.006, 718
0.006, 717
0.006, 716
0.006, 715
0.006, 714
0.006, 713
0.006, 712
0.006, 711
0.006, 710
0.006, 709
0.006, 708
0.006, 707
0.006, 706
0.006, 705
0.006, 704
0.006, 703
0.006, 702
0.006, 701
0.006, 700
0.006, 699
0.006, 698
0.006, 697
0.006, 696
0.006, 695
0.006, 694
0.006, 693
0.006, 692
0.006, 691
0.006, 690
0.006, 689
0.006, 688
0.006, 687
0.006, 686
0.006, 685
0.006, 684
0.006, 683
0.006, 682
0.006, 681
0.006, 680
0.006, 679
0.006, 678
0.006, 677
0.006, 676
0.006, 675
0.006, 674
0.006, 673
0.006, 672
0.006, 671
0.006, 670
0.006, 669
0.006, 668
0.006, 667
0.006, 666
0.006, 665
0.006, 664
0.006, 663
0.006, 662
0.006, 661
0.006, 660
0.007, 659
0.007, 658
0.007, 657
0.007, 656
0.007, 655
0.007, 654
0.007, 653
0.007, 652
0.007, 651
0.007, 650
0.007, 649
0.007, 648
0.007, 647
0.007, 646
0.007, 645
0.007, 644
0.007, 643
0.007, 642
0.007, 641
0.007, 640
0.007, 639
0.007, 638
0.007, 637
0.007, 636
0.007, 635
0.007, 634
0.007, 633
0.007, 632
0.007, 631
0.007, 630
0.007, 629
0.007, 628
0.007, 627
0.007, 626
0.007, 625
0.007, 624
0.007, 623
0.007, 622
0.007, 621
0.007, 620
0.007, 619
0.007, 618
