0.000, 762
0.000, 761
0.017, 760
0.017, 759
0.017, 758
0.017, 757
0.018, 756
0.018, 755
0.018, 754
0.018, 753
0.019, 752
0.019, 751
0.019, 750
0.019, 749
0.019, 748
0.019, 747
0.020, 746
0.020, 745
0.021, 744
0.021, 743
0.021, 742
0.021, 741
0.021, 740
0.022, 739
0.022, 738
0.022, 737
0.022, 736
0.022, 735
0.022, 734
0.023, 733
0.023, 732
0.023, 731
0.023, 730
0.023, 729
0.024, 728
0.024, 727
0.024, 726
0.025, 725
0.025, 724
0.025, 723
0.025, 722
0.026, 721
0.026, 720
0.026, 719
0.026, 718
0.027, 717
0.027, 716
0.027, 715
0.028, 714
0.029, 713
0.029, 712
0.029, 711
0.030, 710
0.030, 709
0.031, 708
0.031, 707
0.032, 706
0.032, 705
0.032, 704
0.034, 703
0.034, 702
0.034, 701
0.035, 700
0.036, 699
0.036, 698
0.036, 697
0.036, 696
0.037, 695
0.037, 694
0.037, 693
0.037, 692
0.037, 691
0.038, 690
0.038, 689
0.040, 688
0.040, 687
0.040, 686
0.041, 685
0.041, 684
0.042, 683
0.043, 682
0.044, 681
0.044, 680
0.045, 679
0.045, 678
0.045, 677
0.047, 676
0.047, 675
0.049, 674
0.051, 673
0.054, 672
0.055, 671
0.056, 670
0.058, 669
0.058, 668
0.058, 667
0.060, 666
0.060, 665
0.061, 664
0.065, 663
0.069, 662
0.070, 661
0.072, 660
0.072, 659
0.073, 658
0.076, 657
0.077, 656
0.077, 655
0.080, 654
0.080, 653
0.084, 652
0.085, 651
0.087, 650
0.090, 649
0.090, 648
0.093, 647
0.094, 646
0.094, 645
0.096, 644
0.099, 643
0.100, 642
0.111, 641
0.121, 640
0.156, 639
0.189, 638
