0.000, 761
0.000, 760
0.000, 759
0.015, 758
0.015, 757
0.015, 756
0.015, 755
0.016, 754
0.016, 753
0.016, 752
0.016, 751
0.017, 750
0.017, 749
0.017, 748
0.017, 747
0.018, 746
0.018, 745
0.018, 744
0.018, 743
0.019, 742
0.019, 741
0.019, 740
0.019, 739
0.019, 738
0.020, 737
0.020, 736
0.021, 735
0.021, 734
0.021, 733
0.022, 732
0.022, 731
0.022, 730
0.024, 729
0.024, 728
0.025, 727
0.025, 726
0.026, 725
0.026, 724
0.027, 723
0.027, 722
0.027, 721
0.028, 720
0.028, 719
0.028, 718
0.029, 717
0.029, 716
0.032, 715
0.032, 714
0.032, 713
0.032, 712
0.033, 711
0.033, 710
0.033, 709
0.034, 708
0.034, 707
0.034, 706
0.034, 705
0.034, 704
0.034, 703
0.034, 702
0.035, 701
0.036, 700
0.037, 699
0.037, 698
0.038, 697
0.038, 696
0.039, 695
0.039, 694
0.039, 693
0.040, 692
0.040, 691
0.041, 690
0.041, 689
0.041, 688
0.041, 687
0.042, 686
0.042, 685
0.043, 684
0.043, 683
0.044, 682
0.044, 681
0.045, 680
0.046, 679
0.047, 678
0.047, 677
0.047, 676
0.047, 675
0.048, 674
0.049, 673
0.050, 672
0.050, 671
0.050, 670
0.051, 669
0.051, 668
0.052, 667
0.053, 666
0.054, 665
0.054, 664
0.054, 663
0.055, 662
0.055, 661
0.056, 660
0.056, 659
0.058, 658
0.059, 657
0.059, 656
0.062, 655
0.063, 654
0.064, 653
0.064, 652
0.069, 651
0.069, 650
0.075, 649
0.075, 648
0.076, 647
0.077, 646
0.077, 645
0.079, 644
0.084, 643
0.085, 642
0.092, 641
0.093, 640
0.095, 639
0.097, 638
0.100, 637
0.102, 636
0.111, 635
0.115, 634
0.132, 633
0.133, 632
0.136, 631
0.146, 630
0.146, 629
0.163, 628
