0.000, 761
0.012, 760
0.012, 759
0.012, 758
0.012, 757
0.013, 756
0.013, 755
0.013, 754
0.014, 753
0.014, 752
0.014, 751
0.014, 750
0.014, 749
0.014, 748
0.015, 747
0.015, 746
0.016, 745
0.016, 744
0.016, 743
0.016, 742
0.017, 741
0.017, 740
0.017, 739
0.017, 738
0.017, 737
0.018, 736
0.018, 735
0.018, 734
0.019, 733
0.019, 732
0.019, 731
0.020, 730
0.020, 729
0.021, 728
0.021, 727
0.021, 726
0.021, 725
0.021, 724
0.021, 723
0.022, 722
0.022, 721
0.022, 720
0.022, 719
0.023, 718
0.023, 717
0.024, 716
0.025, 715
0.025, 714
0.025, 713
0.025, 712
0.025, 711
0.026, 710
0.026, 709
0.027, 708
0.027, 707
0.027, 706
0.027, 705
0.028, 704
0.028, 703
0.029, 702
0.030, 701
0.031, 700
0.031, 699
0.032, 698
0.032, 697
0.033, 696
0.034, 695
0.034, 694
0.034, 693
0.034, 692
0.035, 691
0.036, 690
0.037, 689
0.038, 688
0.038, 687
0.039, 686
0.040, 685
0.040, 684
0.040, 683
0.041, 682
0.041, 681
0.041, 680
0.041, 679
0.043, 678
0.043, 677
0.044, 676
0.044, 675
0.045, 674
0.045, 673
0.047, 672
0.048, 671
0.049, 670
0.049, 669
0.050, 668
0.050, 667
0.050, 666
0.050, 665
0.050, 664
0.054, 663
0.058, 662
0.058, 661
0.059, 660
0.061, 659
0.062, 658
0.063, 657
0.065, 656
0.066, 655
0.066, 654
0.067, 653
0.067, 652
0.069, 651
0.076, 650
0.077, 649
0.078, 648
0.078, 647
0.082, 646
0.082, 645
0.087, 644
0.088, 643
0.091, 642
0.092, 641
0.094, 640
0.098, 639
0.100, 638
0.100, 637
0.109, 636
0.124, 635
0.143, 634
0.184, 633
0.185, 632
0.192, 631
