0.000, 761
0.000, 760
0.000, 759
0.020, 758
0.020, 757
0.020, 756
0.020, 755
0.020, 754
0.021, 753
0.021, 752
0.021, 751
0.021, 750
0.021, 749
0.022, 748
0.023, 747
0.023, 746
0.023, 745
0.023, 744
0.024, 743
0.024, 742
0.024, 741
0.025, 740
0.025, 739
0.025, 738
0.026, 737
0.026, 736
0.026, 735
0.026, 734
0.026, 733
0.027, 732
0.027, 731
0.027, 730
0.028, 729
0.028, 728
0.028, 727
0.028, 726
0.028, 725
0.029, 724
0.029, 723
0.029, 722
0.030, 721
0.031, 720
0.031, 719
0.032, 718
0.032, 717
0.032, 716
0.033, 715
0.033, 714
0.033, 713
0.034, 712
0.034, 711
0.034, 710
0.034, 709
0.035, 708
0.035, 707
0.035, 706
0.036, 705
0.036, 704
0.037, 703
0.037, 702
0.037, 701
0.037, 700
0.038, 699
0.038, 698
0.038, 697
0.039, 696
0.039, 695
0.039, 694
0.040, 693
0.041, 692
0.042, 691
0.042, 690
0.042, 689
0.043, 688
0.044, 687
0.044, 686
0.045, 685
0.046, 684
0.047, 683
0.047, 682
0.047, 681
0.048, 680
0.048, 679
0.049, 678
0.050, 677
0.051, 676
0.052, 675
0.053, 674
0.055, 673
0.056, 672
0.057, 671
0.058, 670
0.058, 669
0.059, 668
0.059, 667
0.060, 666
0.063, 665
0.063, 664
0.065, 663
0.067, 662
0.068, 661
0.070, 660
0.073, 659
0.073, 658
0.075, 657
0.075, 656
0.076, 655
0.079, 654
0.084, 653
0.088, 652
0.090, 651
0.090, 650
0.091, 649
0.094, 648
0.099, 647
0.100, 646
0.106, 645
0.110, 644
0.112, 643
0.117, 642
0.121, 641
0.125, 640
0.146, 639
0.149, 638
