0.008, 1131
0.011, 1130
0.011, 1129
0.011, 1128
0.011, 1127
0.011, 1126
0.011, 1125
0.011, 1124
0.011, 1123
0.011, 1122
0.011, 1121
0.011, 1120
0.011, 1119
0.011, 1118
0.011, 1117
0.012, 1116
0.012, 1115
0.012, 1114
0.012, 1113
0.012, 1112
0.012, 1111
0.012, 1110
0.012, 1109
0.012, 1108
0.012, 1107
0.012, 1106
0.012, 1105
0.012, 1104
0.012, 1103
0.013, 1102
0.013, 1101
0.013, 1100
0.013, 1099
0.013, 1098
0.013, 1097
0.013, 1096
0.013, 1095
0.013, 1094
0.013, 1093
0.013, 1092
0.013, 1091
0.013, 1090
0.013, 1089
0.013, 1088
0.014, 1087
0.014, 1086
0.014, 1085
0.014, 1084
0.014, 1083
0.014, 1082
0.014, 1081
0.014, 1080
0.014, 1079
0.014, 1078
0.014, 1077
0.014, 1076
0.014, 1075
0.014, 1074
0.014, 1073
0.014, 1072
0.014, 1071
0.015, 1070
0.015, 1069
0.015, 1068
0.015, 1067
0.015, 1066
0.015, 1065
0.015, 1064
0.015, 1063
0.015, 1062
0.015, 1061
0.015, 1060
0.015, 1059
0.015, 1058
0.015, 1057
0.015, 1056
0.015, 1055
0.015, 1054
0.015, 1053
0.016, 1052
0.016, 1051
0.016, 1050
0.016, 1049
0.016, 1048
0.016, 1047
0.016, 1046
0.016, 1045
0.016, 1044
0.016, 1043
0.016, 1042
0.016, 1041
0.016, 1040
0.016, 1039
0.016, 1038
0.016, 1037
0.016, 1036
0.016, 1035
0.017, 1034
0.017, 1033
0.017, 1032
0.017, 1031
0.017, 1030
0.017, 1029
0.017, 1028
0.017, 1027
0.017, 1026
0.017, 1025
0.017, 1024
0.017, 1023
0.017, 1022
0.017, 1021
0.017, 1020
0.017, 1019
0.017, 1018
0.017, 1017
0.017, 1016
0.017, 1015
0.017, 1014
0.018, 1013
0.018, 1012
0.018, 1011
0.018, 1010
0.018, 1009
0.018, 1008
0.018, 1007
0.018, 1006
0.018, 1005
0.018, 1004
0.018, 1003
0.018, 1002
0.018, 1001
0.018, 1000
0.018, 999
0.018, 998
0.018, 997
0.018, 996
0.018, 995
0.018, 994
0.019, 993
0.019, 992
0.019, 991
0.019, 990
0.019, 989
0.019, 988
0.019, 987
0.019, 986
0.019, 985
0.019, 984
0.019, 983
0.019, 982
0.019, 981
0.019, 980
0.019, 979
0.019, 978
0.019, 977
0.019, 976
0.019, 975
0.019, 974
0.019, 973
0.020, 972
0.020, 971
0.020, 970
0.020, 969
0.020, 968
0.020, 967
0.020, 966
0.020, 965
0.020, 964
0.020, 963
0.020, 962
0.020, 961
0.020, 960
0.020, 959
0.020, 958
0.020, 957
0.020, 956
0.020, 955
0.020, 954
0.020, 953
0.020, 952
0.020, 951
0.021, 950
0.021, 949
0.021, 948
0.021, 947
0.021, 946
0.021, 945
0.021, 944
0.021, 943
0.021, 942
0.021, 941
0.021, 940
0.021, 939
0.021, 938
0.021, 937
0.021, 936
0.021, 935
0.021, 934
0.021, 933
0.021, 932
0.021, 931
0.021, 930
0.021, 929
0.022, 928
0.022, 927
0.022, 926
0.022, 925
0.022, 924
0.022, 923
0.022, 922
0.022, 921
0.022, 920
0.022, 919
0.022, 918
0.022, 917
0.022, 916
0.022, 915
0.022, 914
0.022, 913
0.022, 912
0.022, 911
0.022, 910
0.022, 909
0.022, 908
0.022, 907
0.023, 906
0.023, 905
0.023, 904
0.023, 903
0.023, 902
0.023, 901
0.023, 900
0.023, 899
0.023, 898
0.023, 897
0.023, 896
0.023, 895
0.023, 894
0.023, 893
0.023, 892
0.023, 891
0.023, 890
0.023, 889
0.023, 888
0.023, 887
0.023, 886
0.023, 885
0.023, 884
0.023, 883
0.023, 882
0.024, 881
0.024, 880
0.024, 879
0.024, 878
0.024, 877
0.024, 876
0.024, 875
0.024, 874
0.024, 873
0.024, 872
0.024, 871
0.024, 870
0.024, 869
0.024, 868
0.024, 867
0.024, 866
0.024, 865
0.024, 864
0.024, 863
0.024, 862
0.024, 861
0.024, 860
0.025, 859
0.025, 858
0.025, 857
0.025, 856
0.025, 855
0.025, 854
0.025, 853
0.025, 852
0.025, 851
0.025, 850
0.025, 849
0.025, 848
0.025, 847
0.025, 846
0.025, 845
0.025, 844
0.025, 843
0.025, 842
0.025, 841
0.025, 840
0.025, 839
0.025, 838
0.025, 837
0.025, 836
0.025, 835
0.025, 834
0.025, 833
0.026, 832
0.026, 831
0.026, 830
0.026, 829
0.026, 828
0.026, 827
0.026, 826
0.026, 825
0.026, 824
0.026, 823
0.026, 822
0.026, 821
0.026, 820
0.026, 819
0.026, 818
0.026, 817
0.026, 816
0.026, 815
0.026, 814
0.026, 813
0.026, 812
0.026, 811
0.026, 810
0.026, 809
0.026, 808
0.027, 807
0.027, 806
0.027, 805
0.027, 804
0.027, 803
0.027, 802
0.027, 801
0.027, 800
0.027, 799
0.027, 798
0.027, 797
0.027, 796
0.027, 795
0.027, 794
0.027, 793
0.027, 792
0.027, 791
0.027, 790
0.027, 789
0.027, 788
0.027, 787
0.027, 786
0.027, 785
0.027, 784
0.027, 783
0.027, 782
0.028, 781
0.028, 780
0.028, 779
0.028, 778
0.028, 777
0.028, 776
0.028, 775
0.028, 774
0.028, 773
0.028, 772
0.028, 771
0.028, 770
0.028, 769
0.028, 768
0.028, 767
0.028, 766
0.028, 765
0.028, 764
0.028, 763
0.028, 762
0.028, 761
0.028, 760
0.028, 759
0.028, 758
0.028, 757
0.028, 756
0.029, 755
0.029, 754
0.029, 753
0.029, 752
0.029, 751
0.029, 750
0.029, 749
0.029, 748
0.029, 747
0.029, 746
0.029, 745
0.029, 744
0.029, 743
0.029, 742
0.029, 741
0.029, 740
0.029, 739
0.029, 738
0.029, 737
0.029, 736
0.029, 735
0.029, 734
0.029, 733
0.029, 732
0.029, 731
0.029, 730
0.030, 729
0.030, 728
0.030, 727
0.030, 726
0.030, 725
0.030, 724
0.030, 723
0.030, 722
0.030, 721
0.030, 720
0.030, 719
0.030, 718
0.030, 717
0.030, 716
0.030, 715
0.030, 714
0.030, 713
0.030, 712
0.030, 711
0.030, 710
0.030, 709
0.030, 708
0.030, 707
0.030, 706
0.030, 705
0.030, 704
0.030, 703
0.030, 702
0.031, 701
0.031, 700
0.031, 699
0.031, 698
0.031, 697
0.031, 696
0.031, 695
0.031, 694
0.031, 693
0.031, 692
0.031, 691
0.031, 690
0.031, 689
0.031, 688
0.031, 687
0.031, 686
0.031, 685
0.031, 684
0.031, 683
0.031, 682
0.031, 681
0.031, 680
0.031, 679
0.031, 678
0.031, 677
0.031, 676
0.031, 675
0.031, 674
0.031, 673
0.031, 672
0.031, 671
0.032, 670
0.032, 669
0.032, 668
0.032, 667
0.032, 666
0.032, 665
0.032, 664
0.032, 663
0.032, 662
0.032, 661
0.032, 660
0.032, 659
0.032, 658
0.032, 657
0.032, 656
0.032, 655
0.032, 654
0.032, 653
0.032, 652
0.032, 651
0.032, 650
0.032, 649
0.032, 648
0.032, 647
0.032, 646
0.032, 645
0.032, 644
0.032, 643
0.032, 642
0.032, 641
0.033, 640
0.033, 639
0.033, 638
0.033, 637
0.033, 636
0.033, 635
0.033, 634
0.033, 633
0.033, 632
0.033, 631
0.033, 630
0.033, 629
0.033, 628
0.033, 627
0.033, 626
0.033, 625
0.033, 624
0.033, 623
0.033, 622
0.033, 621
0.033, 620
0.033, 619
0.033, 618
0.033, 617
0.034, 616
0.034, 615
0.034, 614
