0.002, 1131
0.002, 1130
0.002, 1129
0.002, 1128
0.002, 1127
0.002, 1126
0.002, 1125
0.002, 1124
0.002, 1123
0.002, 1122
0.002, 1121
0.002, 1120
0.002, 1119
0.002, 1118
0.002, 1117
0.002, 1116
0.002, 1115
0.002, 1114
0.002, 1113
0.002, 1112
0.002, 1111
0.002, 1110
0.002, 1109
0.002, 1108
0.002, 1107
0.002, 1106
0.002, 1105
0.002, 1104
0.002, 1103
0.002, 1102
0.002, 1101
0.002, 1100
0.002, 1099
0.002, 1098
0.002, 1097
0.002, 1096
0.002, 1095
0.002, 1094
0.002, 1093
0.002, 1092
0.002, 1091
0.002, 1090
0.002, 1089
0.002, 1088
0.002, 1087
0.002, 1086
0.002, 1085
0.002, 1084
0.003, 1083
0.003, 1082
0.003, 1081
0.003, 1080
0.003, 1079
0.003, 1078
0.003, 1077
0.003, 1076
0.003, 1075
0.003, 1074
0.003, 1073
0.003, 1072
0.003, 1071
0.003, 1070
0.003, 1069
0.003, 1068
0.003, 1067
0.003, 1066
0.003, 1065
0.003, 1064
0.003, 1063
0.003, 1062
0.003, 1061
0.003, 1060
0.003, 1059
0.003, 1058
0.003, 1057
0.003, 1056
0.003, 1055
0.003, 1054
0.003, 1053
0.003, 1052
0.003, 1051
0.003, 1050
0.003, 1049
0.003, 1048
0.003, 1047
0.003, 1046
0.003, 1045
0.003, 1044
0.003, 1043
0.003, 1042
0.003, 1041
0.003, 1040
0.003, 1039
0.003, 1038
0.003, 1037
0.003, 1036
0.003, 1035
0.003, 1034
0.003, 1033
0.003, 1032
0.003, 1031
0.003, 1030
0.003, 1029
0.003, 1028
0.003, 1027
0.003, 1026
0.003, 1025
0.003, 1024
0.003, 1023
0.003, 1022
0.003, 1021
0.003, 1020
0.003, 1019
0.003, 1018
0.003, 1017
0.003, 1016
0.003, 1015
0.003, 1014
0.003, 1013
0.003, 1012
0.003, 1011
0.003, 1010
0.003, 1009
0.003, 1008
0.003, 1007
0.003, 1006
0.003, 1005
0.003, 1004
0.003, 1003
0.004, 1002
0.004, 1001
0.004, 1000
0.004, 999
0.004, 998
0.004, 997
0.004, 996
0.004, 995
0.004, 994
0.004, 993
0.004, 992
0.004, 991
0.004, 990
0.004, 989
0.004, 988
0.004, 987
0.004, 986
0.004, 985
0.004, 984
0.004, 983
0.004, 982
0.004, 981
0.004, 980
0.004, 979
0.004, 978
0.004, 977
0.004, 976
0.004, 975
0.004, 974
0.004, 973
0.004, 972
0.004, 971
0.004, 970
0.004, 969
0.004, 968
0.004, 967
0.004, 966
0.004, 965
0.004, 964
0.004, 963
0.004, 962
0.004, 961
0.004, 960
0.004, 959
0.004, 958
0.004, 957
0.004, 956
0.004, 955
0.004, 954
0.004, 953
0.004, 952
0.004, 951
0.004, 950
0.004, 949
0.004, 948
0.004, 947
0.004, 946
0.004, 945
0.004, 944
0.004, 943
0.004, 942
0.004, 941
0.004, 940
0.004, 939
0.004, 938
0.004, 937
0.004, 936
0.004, 935
0.004, 934
0.004, 933
0.004, 932
0.004, 931
0.004, 930
0.004, 929
0.004, 928
0.004, 927
0.004, 926
0.005, 925
0.005, 924
0.005, 923
0.005, 922
0.005, 921
0.005, 920
0.005, 919
0.005, 918
0.005, 917
0.005, 916
0.005, 915
0.005, 914
0.005, 913
0.005, 912
0.005, 911
0.005, 910
0.005, 909
0.005, 908
0.005, 907
0.005, 906
0.005, 905
0.005, 904
0.005, 903
0.005, 902
0.005, 901
0.005, 900
0.005, 899
0.005, 898
0.005, 897
0.005, 896
0.005, 895
0.005, 894
0.005, 893
0.005, 892
0.005, 891
0.005, 890
0.005, 889
0.005, 888
0.005, 887
0.005, 886
0.005, 885
0.005, 884
0.005, 883
0.005, 882
0.005, 881
0.005, 880
0.005, 879
0.005, 878
0.005, 877
0.005, 876
0.005, 875
0.005, 874
0.005, 873
0.005, 872
0.005, 871
0.005, 870
0.005, 869
0.005, 868
0.005, 867
0.005, 866
0.005, 865
0.005, 864
0.005, 863
0.005, 862
0.005, 861
0.005, 860
0.005, 859
0.005, 858
0.005, 857
0.005, 856
0.005, 855
0.005, 854
0.005, 853
0.005, 852
0.005, 851
0.005, 850
0.005, 849
0.005, 848
0.005, 847
0.005, 846
0.005, 845
0.005, 844
0.005, 843
0.005, 842
0.005, 841
0.005, 840
0.005, 839
0.005, 838
0.005, 837
0.005, 836
0.005, 835
0.005, 834
0.005, 833
0.005, 832
0.005, 831
0.005, 830
0.005, 829
0.005, 828
0.005, 827
0.005, 826
0.006, 825
0.006, 824
0.006, 823
0.006, 822
0.006, 821
0.006, 820
0.006, 819
0.006, 818
0.006, 817
0.006, 816
0.006, 815
0.006, 814
0.006, 813
0.006, 812
0.006, 811
0.006, 810
0.006, 809
0.006, 808
0.006, 807
0.006, 806
0.006, 805
0.006, 804
0.006, 803
0.006, 802
0.006, 801
0.006, 800
0.006, 799
0.006, 798
0.006, 797
0.006, 796
0.006, 795
0.006, 794
0.006, 793
0.006, 792
0.006, 791
0.006, 790
0.006, 789
0.006, 788
0.006, 787
0.006, 786
0.006, 785
0.006, 784
0.006, 783
0.006, 782
0.006, 781
0.006, 780
0.006, 779
0.006, 778
0.006, 777
0.006, 776
0.006, 775
0.006, 774
0.006, 773
0.006, 772
0.006, 771
0.006, 770
0.006, 769
0.006, 768
0.006, 767
0.006, 766
0.006, 765
0.006, 764
0.006, 763
0.006, 762
0.006, 761
0.006, 760
0.006, 759
0.006, 758
0.006, 757
0.006, 756
0.006, 755
0.006, 754
0.006, 753
0.006, 752
0.006, 751
0.006, 750
0.006, 749
0.006, 748
0.006, 747
0.006, 746
0.006, 745
0.006, 744
0.006, 743
0.006, 742
0.006, 741
0.006, 740
0.006, 739
0.006, 738
0.006, 737
0.006, 736
0.006, 735
0.006, 734
0.006, 733
0.006, 732
0.006, 731
0.006, 730
0.006, 729
0.006, 728
0.007, 727
0.007, 726
0.007, 725
0.007, 724
0.007, 723
0.007, 722
0.007, 721
0.007, 720
0.007, 719
0.007, 718
0.007, 717
0.007, 716
0.007, 715
0.007, 714
0.007, 713
0.007, 712
0.007, 711
0.007, 710
0.007, 709
0.007, 708
0.007, 707
0.007, 706
0.007, 705
0.007, 704
0.007, 703
0.007, 702
0.007, 701
0.007, 700
0.007, 699
0.007, 698
0.007, 697
0.007, 696
0.007, 695
0.007, 694
0.007, 693
0.007, 692
0.007, 691
0.007, 690
0.007, 689
0.007, 688
0.007, 687
0.007, 686
0.007, 685
0.007, 684
0.007, 683
0.007, 682
0.007, 681
0.007, 680
0.007, 679
0.007, 678
0.007, 677
0.007, 676
0.007, 675
0.007, 674
0.007, 673
0.007, 672
0.007, 671
0.007, 670
0.007, 669
0.007, 668
0.007, 667
0.007, 666
0.007, 665
0.007, 664
0.007, 663
0.007, 662
0.007, 661
0.007, 660
0.007, 659
0.007, 658
0.007, 657
0.007, 656
0.007, 655
0.007, 654
0.007, 653
0.008, 652
0.008, 651
0.008, 650
0.008, 649
0.008, 648
0.008, 647
0.008, 646
0.008, 645
0.008, 644
0.008, 643
0.008, 642
0.008, 641
0.008, 640
0.008, 639
0.008, 638
0.008, 637
0.008, 636
0.008, 635
0.008, 634
0.008, 633
0.008, 632
0.008, 631
0.008, 630
0.008, 629
0.008, 628
0.008, 627
0.008, 626
0.008, 625
0.008, 624
0.008, 623
0.008, 622
0.008, 621
0.008, 620
0.009, 619
0.009, 618
0.009, 617
