0.000, 761
0.018, 760
0.018, 759
0.018, 758
0.018, 757
0.019, 756
0.019, 755
0.020, 754
0.021, 753
0.021, 752
0.021, 751
0.022, 750
0.022, 749
0.023, 748
0.023, 747
0.023, 746
0.024, 745
0.024, 744
0.024, 743
0.024, 742
0.025, 741
0.025, 740
0.025, 739
0.025, 738
0.025, 737
0.025, 736
0.026, 735
0.026, 734
0.027, 733
0.027, 732
0.027, 731
0.027, 730
0.027, 729
0.027, 728
0.027, 727
0.028, 726
0.028, 725
0.029, 724
0.029, 723
0.029, 722
0.030, 721
0.030, 720
0.030, 719
0.030, 718
0.030, 717
0.031, 716
0.032, 715
0.032, 714
0.032, 713
0.033, 712
0.034, 711
0.034, 710
0.035, 709
0.036, 708
0.036, 707
0.037, 706
0.037, 705
0.039, 704
0.040, 703
0.041, 702
0.042, 701
0.042, 700
0.042, 699
0.042, 698
0.043, 697
0.044, 696
0.044, 695
0.045, 694
0.045, 693
0.046, 692
0.046, 691
0.047, 690
0.048, 689
0.048, 688
0.049, 687
0.049, 686
0.050, 685
0.050, 684
0.050, 683
0.051, 682
0.052, 681
0.053, 680
0.054, 679
0.054, 678
0.055, 677
0.055, 676
0.056, 675
0.057, 674
0.057, 673
0.058, 672
0.060, 671
0.061, 670
0.063, 669
0.063, 668
0.065, 667
0.066, 666
0.066, 665
0.067, 664
0.068, 663
0.069, 662
0.070, 661
0.071, 660
0.075, 659
0.080, 658
0.080, 657
0.083, 656
0.084, 655
0.086, 654
0.087, 653
0.087, 652
0.088, 651
0.088, 650
0.088, 649
0.089, 648
0.091, 647
0.105, 646
0.106, 645
0.106, 644
0.108, 643
0.109, 642
0.112, 641
0.120, 640
0.126, 639
0.130, 638
0.139, 637
0.183, 636
