0.011, 1131
0.014, 1130
0.014, 1129
0.015, 1128
0.015, 1127
0.015, 1126
0.015, 1125
0.015, 1124
0.015, 1123
0.015, 1122
0.015, 1121
0.015, 1120
0.015, 1119
0.015, 1118
0.015, 1117
0.016, 1116
0.016, 1115
0.016, 1114
0.016, 1113
0.016, 1112
0.016, 1111
0.016, 1110
0.016, 1109
0.016, 1108
0.016, 1107
0.017, 1106
0.017, 1105
0.017, 1104
0.017, 1103
0.017, 1102
0.017, 1101
0.017, 1100
0.017, 1099
0.017, 1098
0.017, 1097
0.018, 1096
0.018, 1095
0.018, 1094
0.018, 1093
0.018, 1092
0.018, 1091
0.018, 1090
0.018, 1089
0.018, 1088
0.018, 1087
0.018, 1086
0.018, 1085
0.019, 1084
0.019, 1083
0.019, 1082
0.019, 1081
0.019, 1080
0.019, 1079
0.019, 1078
0.019, 1077
0.019, 1076
0.019, 1075
0.019, 1074
0.019, 1073
0.019, 1072
0.019, 1071
0.020, 1070
0.020, 1069
0.020, 1068
0.020, 1067
0.020, 1066
0.020, 1065
0.020, 1064
0.020, 1063
0.020, 1062
0.020, 1061
0.020, 1060
0.020, 1059
0.021, 1058
0.021, 1057
0.021, 1056
0.021, 1055
0.021, 1054
0.021, 1053
0.021, 1052
0.021, 1051
0.021, 1050
0.021, 1049
0.021, 1048
0.021, 1047
0.021, 1046
0.021, 1045
0.021, 1044
0.022, 1043
0.022, 1042
0.022, 1041
0.022, 1040
0.022, 1039
0.022, 1038
0.022, 1037
0.022, 1036
0.022, 1035
0.022, 1034
0.022, 1033
0.022, 1032
0.022, 1031
0.022, 1030
0.023, 1029
0.023, 1028
0.023, 1027
0.023, 1026
0.023, 1025
0.023, 1024
0.023, 1023
0.023, 1022
0.023, 1021
0.023, 1020
0.023, 1019
0.023, 1018
0.023, 1017
0.023, 1016
0.023, 1015
0.023, 1014
0.024, 1013
0.024, 1012
0.024, 1011
0.024, 1010
0.024, 1009
0.024, 1008
0.024, 1007
0.024, 1006
0.024, 1005
0.024, 1004
0.024, 1003
0.024, 1002
0.024, 1001
0.024, 1000
0.025, 999
0.025, 998
0.025, 997
0.025, 996
0.025, 995
0.025, 994
0.025, 993
0.025, 992
0.025, 991
0.025, 990
0.025, 989
0.025, 988
0.025, 987
0.025, 986
0.025, 985
0.025, 984
0.025, 983
0.026, 982
0.026, 981
0.026, 980
0.026, 979
0.026, 978
0.026, 977
0.026, 976
0.026, 975
0.026, 974
0.026, 973
0.026, 972
0.026, 971
0.026, 970
0.026, 969
0.026, 968
0.026, 967
0.027, 966
0.027, 965
0.027, 964
0.027, 963
0.027, 962
0.027, 961
0.027, 960
0.027, 959
0.027, 958
0.027, 957
0.027, 956
0.027, 955
0.027, 954
0.027, 953
0.027, 952
0.027, 951
0.027, 950
0.028, 949
0.028, 948
0.028, 947
0.028, 946
0.028, 945
0.028, 944
0.028, 943
0.028, 942
0.028, 941
0.028, 940
0.028, 939
0.028, 938
0.028, 937
0.028, 936
0.029, 935
0.029, 934
0.029, 933
0.029, 932
0.029, 931
0.029, 930
0.029, 929
0.029, 928
0.029, 927
0.029, 926
0.029, 925
0.029, 924
0.029, 923
0.029, 922
0.029, 921
0.030, 920
0.030, 919
0.030, 918
0.030, 917
0.030, 916
0.030, 915
0.030, 914
0.030, 913
0.030, 912
0.030, 911
0.030, 910
0.030, 909
0.030, 908
0.030, 907
0.030, 906
0.030, 905
0.030, 904
0.030, 903
0.031, 902
0.031, 901
0.031, 900
0.031, 899
0.031, 898
0.031, 897
0.031, 896
0.031, 895
0.031, 894
0.031, 893
0.031, 892
0.031, 891
0.031, 890
0.031, 889
0.031, 888
0.031, 887
0.031, 886
0.031, 885
0.031, 884
0.031, 883
0.031, 882
0.032, 881
0.032, 880
0.032, 879
0.032, 878
0.032, 877
0.032, 876
0.032, 875
0.032, 874
0.032, 873
0.032, 872
0.032, 871
0.032, 870
0.032, 869
0.032, 868
0.033, 867
0.033, 866
0.033, 865
0.033, 864
0.033, 863
0.033, 862
0.033, 861
0.033, 860
0.033, 859
0.033, 858
0.033, 857
0.033, 856
0.033, 855
0.033, 854
0.033, 853
0.033, 852
0.033, 851
0.033, 850
0.033, 849
0.033, 848
0.033, 847
0.034, 846
0.034, 845
0.034, 844
0.034, 843
0.034, 842
0.034, 841
0.034, 840
0.034, 839
0.034, 838
0.034, 837
0.034, 836
0.034, 835
0.034, 834
0.034, 833
0.034, 832
0.034, 831
0.034, 830
0.034, 829
0.034, 828
0.035, 827
0.035, 826
0.035, 825
0.035, 824
0.035, 823
0.035, 822
0.035, 821
0.035, 820
0.035, 819
0.035, 818
0.035, 817
0.035, 816
0.035, 815
0.035, 814
0.035, 813
0.035, 812
0.035, 811
0.035, 810
0.035, 809
0.035, 808
0.035, 807
0.036, 806
0.036, 805
0.036, 804
0.036, 803
0.036, 802
0.036, 801
0.036, 800
0.036, 799
0.036, 798
0.036, 797
0.036, 796
0.036, 795
0.036, 794
0.036, 793
0.036, 792
0.036, 791
0.036, 790
0.036, 789
0.036, 788
0.036, 787
0.036, 786
0.037, 785
0.037, 784
0.037, 783
0.037, 782
0.037, 781
0.037, 780
0.037, 779
0.037, 778
0.037, 777
0.037, 776
0.037, 775
0.037, 774
0.037, 773
0.037, 772
0.037, 771
0.037, 770
0.037, 769
0.037, 768
0.037, 767
0.037, 766
0.037, 765
0.037, 764
0.037, 763
0.038, 762
0.038, 761
0.038, 760
0.038, 759
0.038, 758
0.038, 757
0.038, 756
0.038, 755
0.038, 754
0.038, 753
0.038, 752
0.038, 751
0.038, 750
0.038, 749
0.038, 748
0.038, 747
0.038, 746
0.038, 745
0.038, 744
0.038, 743
0.038, 742
0.038, 741
0.039, 740
0.039, 739
0.039, 738
0.039, 737
0.039, 736
0.039, 735
0.039, 734
0.039, 733
0.039, 732
0.039, 731
0.039, 730
0.039, 729
0.039, 728
0.039, 727
0.039, 726
0.039, 725
0.039, 724
0.039, 723
0.039, 722
0.039, 721
0.039, 720
0.039, 719
0.040, 718
0.040, 717
0.040, 716
0.040, 715
0.040, 714
0.040, 713
0.040, 712
0.040, 711
0.040, 710
0.040, 709
0.040, 708
0.040, 707
0.040, 706
0.040, 705
0.040, 704
0.040, 703
0.040, 702
0.040, 701
0.040, 700
0.040, 699
0.040, 698
0.040, 697
0.040, 696
0.041, 695
0.041, 694
0.041, 693
0.041, 692
0.041, 691
0.041, 690
0.041, 689
0.041, 688
0.041, 687
0.041, 686
0.041, 685
0.041, 684
0.041, 683
0.041, 682
0.041, 681
0.041, 680
0.041, 679
0.041, 678
0.041, 677
0.041, 676
0.041, 675
0.041, 674
0.041, 673
0.042, 672
0.042, 671
0.042, 670
0.042, 669
0.042, 668
0.042, 667
0.042, 666
0.042, 665
0.042, 664
0.042, 663
0.042, 662
0.042, 661
0.042, 660
0.042, 659
0.042, 658
0.042, 657
0.042, 656
0.043, 655
0.043, 654
0.043, 653
0.043, 652
0.043, 651
0.043, 650
0.043, 649
0.043, 648
0.043, 647
0.043, 646
0.043, 645
0.043, 644
0.043, 643
0.043, 642
0.043, 641
0.043, 640
0.043, 639
0.043, 638
0.043, 637
0.043, 636
0.043, 635
0.043, 634
0.043, 633
0.044, 632
0.044, 631
0.044, 630
0.044, 629
0.044, 628
0.044, 627
0.044, 626
0.044, 625
0.044, 624
0.044, 623
0.044, 622
0.044, 621
0.044, 620
0.044, 619
0.044, 618
0.044, 617
0.044, 616
0.044, 615
0.045, 614
