0.000, 760
0.045, 759
0.046, 758
0.046, 757
0.046, 756
0.046, 755
0.046, 754
0.047, 753
0.047, 752
0.048, 751
0.048, 750
0.048, 749
0.048, 748
0.049, 747
0.049, 746
0.050, 745
0.050, 744
0.050, 743
0.051, 742
0.051, 741
0.052, 740
0.053, 739
0.053, 738
0.053, 737
0.053, 736
0.055, 735
0.056, 734
0.056, 733
0.056, 732
0.057, 731
0.058, 730
0.058, 729
0.058, 728
0.059, 727
0.060, 726
0.060, 725
0.060, 724
0.061, 723
0.061, 722
0.062, 721
0.063, 720
0.063, 719
0.063, 718
0.063, 717
0.063, 716
0.063, 715
0.064, 714
0.064, 713
0.065, 712
0.065, 711
0.065, 710
0.066, 709
0.066, 708
0.066, 707
0.067, 706
0.068, 705
0.069, 704
0.069, 703
0.070, 702
0.070, 701
0.070, 700
0.070, 699
0.070, 698
0.071, 697
0.073, 696
0.074, 695
0.074, 694
0.076, 693
0.077, 692
0.078, 691
0.079, 690
0.079, 689
0.079, 688
0.080, 687
0.080, 686
0.081, 685
0.082, 684
0.082, 683
0.083, 682
0.084, 681
0.084, 680
0.085, 679
0.086, 678
0.087, 677
0.088, 676
0.088, 675
0.088, 674
0.089, 673
0.089, 672
0.090, 671
0.092, 670
0.093, 669
0.094, 668
0.094, 667
0.094, 666
0.094, 665
0.095, 664
0.095, 663
0.096, 662
0.097, 661
0.100, 660
0.101, 659
0.102, 658
0.102, 657
0.104, 656
0.104, 655
0.105, 654
0.109, 653
0.114, 652
0.115, 651
0.119, 650
0.120, 649
0.123, 648
0.134, 647
0.136, 646
0.141, 645
0.147, 644
0.151, 643
0.152, 642
0.155, 641
0.168, 640
0.173, 639
0.175, 638
0.176, 637
0.176, 636
0.243, 635
