0.001, 761
0.018, 760
0.060, 759
0.060, 758
0.060, 757
0.060, 756
0.061, 755
0.061, 754
0.062, 753
0.062, 752
0.062, 751
0.063, 750
0.063, 749
0.063, 748
0.064, 747
0.064, 746
0.065, 745
0.065, 744
0.066, 743
0.066, 742
0.067, 741
0.067, 740
0.067, 739
0.068, 738
0.068, 737
0.069, 736
0.069, 735
0.069, 734
0.069, 733
0.069, 732
0.070, 731
0.070, 730
0.070, 729
0.071, 728
0.071, 727
0.071, 726
0.072, 725
0.072, 724
0.072, 723
0.072, 722
0.073, 721
0.073, 720
0.073, 719
0.074, 718
0.075, 717
0.075, 716
0.076, 715
0.076, 714
0.077, 713
0.077, 712
0.077, 711
0.078, 710
0.078, 709
0.079, 708
0.079, 707
0.079, 706
0.079, 705
0.080, 704
0.080, 703
0.081, 702
0.082, 701
0.083, 700
0.084, 699
0.085, 698
0.085, 697
0.086, 696
0.086, 695
0.087, 694
0.088, 693
0.088, 692
0.088, 691
0.088, 690
0.089, 689
0.089, 688
0.090, 687
0.091, 686
0.091, 685
0.091, 684
0.092, 683
0.092, 682
0.092, 681
0.093, 680
0.093, 679
0.094, 678
0.094, 677
0.095, 676
0.095, 675
0.100, 674
0.101, 673
0.101, 672
0.102, 671
0.102, 670
0.103, 669
0.105, 668
0.106, 667
0.107, 666
0.107, 665
0.109, 664
0.109, 663
0.110, 662
0.110, 661
0.111, 660
0.112, 659
0.113, 658
0.115, 657
0.116, 656
0.116, 655
0.117, 654
0.118, 653
0.118, 652
0.119, 651
0.119, 650
0.120, 649
0.120, 648
0.123, 647
0.124, 646
0.125, 645
0.125, 644
0.129, 643
0.130, 642
0.132, 641
0.135, 640
0.136, 639
0.140, 638
0.144, 637
0.148, 636
0.157, 635
0.164, 634
0.166, 633
0.175, 632
0.183, 631
0.222, 630
