0.000, 761
0.018, 760
0.024, 759
0.067, 758
0.067, 757
0.068, 756
0.068, 755
0.068, 754
0.068, 753
0.069, 752
0.069, 751
0.070, 750
0.070, 749
0.071, 748
0.071, 747
0.071, 746
0.071, 745
0.072, 744
0.072, 743
0.072, 742
0.073, 741
0.073, 740
0.073, 739
0.073, 738
0.074, 737
0.074, 736
0.074, 735
0.075, 734
0.076, 733
0.076, 732
0.077, 731
0.077, 730
0.077, 729
0.078, 728
0.078, 727
0.079, 726
0.079, 725
0.079, 724
0.080, 723
0.081, 722
0.081, 721
0.082, 720
0.083, 719
0.083, 718
0.083, 717
0.084, 716
0.084, 715
0.085, 714
0.085, 713
0.086, 712
0.086, 711
0.086, 710
0.087, 709
0.088, 708
0.088, 707
0.089, 706
0.090, 705
0.090, 704
0.091, 703
0.092, 702
0.092, 701
0.092, 700
0.093, 699
0.094, 698
0.094, 697
0.094, 696
0.096, 695
0.096, 694
0.096, 693
0.096, 692
0.096, 691
0.097, 690
0.098, 689
0.098, 688
0.099, 687
0.099, 686
0.100, 685
0.100, 684
0.101, 683
0.101, 682
0.102, 681
0.102, 680
0.103, 679
0.103, 678
0.104, 677
0.104, 676
0.104, 675
0.105, 674
0.106, 673
0.106, 672
0.107, 671
0.110, 670
0.111, 669
0.115, 668
0.115, 667
0.117, 666
0.119, 665
0.119, 664
0.120, 663
0.123, 662
0.125, 661
0.128, 660
0.129, 659
0.134, 658
0.135, 657
0.138, 656
0.139, 655
0.140, 654
0.140, 653
0.142, 652
0.147, 651
0.148, 650
0.150, 649
0.150, 648
0.151, 647
0.154, 646
0.157, 645
0.159, 644
0.159, 643
0.165, 642
0.171, 641
0.179, 640
0.182, 639
0.197, 638
0.216, 637
0.224, 636
