0.001, 1131
0.002, 1130
0.002, 1129
0.002, 1128
0.002, 1127
0.002, 1126
0.002, 1125
0.002, 1124
0.002, 1123
0.002, 1122
0.002, 1121
0.002, 1120
0.002, 1119
0.002, 1118
0.002, 1117
0.002, 1116
0.002, 1115
0.002, 1114
0.002, 1113
0.002, 1112
0.002, 1111
0.002, 1110
0.002, 1109
0.002, 1108
0.002, 1107
0.003, 1106
0.003, 1105
0.003, 1104
0.003, 1103
0.003, 1102
0.003, 1101
0.003, 1100
0.003, 1099
0.003, 1098
0.003, 1097
0.003, 1096
0.003, 1095
0.003, 1094
0.003, 1093
0.003, 1092
0.003, 1091
0.003, 1090
0.003, 1089
0.003, 1088
0.003, 1087
0.003, 1086
0.003, 1085
0.003, 1084
0.003, 1083
0.003, 1082
0.003, 1081
0.003, 1080
0.003, 1079
0.003, 1078
0.003, 1077
0.003, 1076
0.003, 1075
0.003, 1074
0.003, 1073
0.003, 1072
0.004, 1071
0.004, 1070
0.004, 1069
0.004, 1068
0.004, 1067
0.004, 1066
0.004, 1065
0.004, 1064
0.004, 1063
0.004, 1062
0.004, 1061
0.004, 1060
0.004, 1059
0.004, 1058
0.004, 1057
0.004, 1056
0.004, 1055
0.004, 1054
0.004, 1053
0.004, 1052
0.004, 1051
0.004, 1050
0.004, 1049
0.004, 1048
0.004, 1047
0.004, 1046
0.004, 1045
0.004, 1044
0.004, 1043
0.004, 1042
0.004, 1041
0.005, 1040
0.005, 1039
0.005, 1038
0.005, 1037
0.005, 1036
0.005, 1035
0.005, 1034
0.005, 1033
0.005, 1032
0.005, 1031
0.005, 1030
0.005, 1029
0.005, 1028
0.005, 1027
0.005, 1026
0.005, 1025
0.005, 1024
0.005, 1023
0.005, 1022
0.005, 1021
0.006, 1020
0.006, 1019
0.006, 1018
0.006, 1017
0.006, 1016
0.006, 1015
0.006, 1014
0.006, 1013
0.006, 1012
0.006, 1011
0.006, 1010
0.006, 1009
0.006, 1008
0.006, 1007
0.006, 1006
0.006, 1005
0.006, 1004
0.006, 1003
0.007, 1002
0.007, 1001
0.007, 1000
0.007, 999
0.007, 998
0.007, 997
0.007, 996
0.007, 995
0.007, 994
0.007, 993
0.007, 992
0.007, 991
0.007, 990
0.007, 989
0.007, 988
0.007, 987
0.007, 986
0.007, 985
0.007, 984
0.007, 983
0.007, 982
0.007, 981
0.007, 980
0.007, 979
0.007, 978
0.007, 977
0.007, 976
0.007, 975
0.007, 974
0.007, 973
0.007, 972
0.007, 971
0.007, 970
0.007, 969
0.008, 968
0.008, 967
0.008, 966
0.008, 965
0.008, 964
0.008, 963
0.008, 962
0.008, 961
0.008, 960
0.008, 959
0.008, 958
0.008, 957
0.008, 956
0.008, 955
0.008, 954
0.008, 953
0.008, 952
0.008, 951
0.008, 950
0.008, 949
0.008, 948
0.008, 947
0.008, 946
0.008, 945
0.008, 944
0.008, 943
0.008, 942
0.008, 941
0.008, 940
0.008, 939
0.008, 938
0.008, 937
0.008, 936
0.008, 935
0.008, 934
0.008, 933
0.008, 932
0.008, 931
0.008, 930
0.009, 929
0.009, 928
0.009, 927
0.009, 926
0.009, 925
0.009, 924
0.009, 923
0.009, 922
0.009, 921
0.009, 920
0.009, 919
0.009, 918
0.009, 917
0.009, 916
0.009, 915
0.009, 914
0.009, 913
0.009, 912
0.009, 911
0.009, 910
0.009, 909
0.009, 908
0.009, 907
0.009, 906
0.009, 905
0.009, 904
0.009, 903
0.009, 902
0.009, 901
0.009, 900
0.009, 899
0.009, 898
0.009, 897
0.009, 896
0.009, 895
0.009, 894
0.009, 893
0.009, 892
0.010, 891
0.010, 890
0.010, 889
0.010, 888
0.010, 887
0.010, 886
0.010, 885
0.010, 884
0.010, 883
0.010, 882
0.010, 881
0.010, 880
0.010, 879
0.010, 878
0.010, 877
0.010, 876
0.010, 875
0.010, 874
0.010, 873
0.010, 872
0.010, 871
0.010, 870
0.010, 869
0.010, 868
0.010, 867
0.010, 866
0.010, 865
0.010, 864
0.010, 863
0.010, 862
0.010, 861
0.010, 860
0.010, 859
0.010, 858
0.010, 857
0.010, 856
0.011, 855
0.011, 854
0.011, 853
0.011, 852
0.011, 851
0.011, 850
0.011, 849
0.011, 848
0.011, 847
0.011, 846
0.011, 845
0.011, 844
0.011, 843
0.011, 842
0.011, 841
0.011, 840
0.011, 839
0.011, 838
0.011, 837
0.011, 836
0.011, 835
0.011, 834
0.011, 833
0.011, 832
0.011, 831
0.011, 830
0.011, 829
0.011, 828
0.011, 827
0.011, 826
0.011, 825
0.011, 824
0.011, 823
0.011, 822
0.011, 821
0.011, 820
0.011, 819
0.011, 818
0.011, 817
0.011, 816
0.011, 815
0.012, 814
0.012, 813
0.012, 812
0.012, 811
0.012, 810
0.012, 809
0.012, 808
0.012, 807
0.012, 806
0.012, 805
0.012, 804
0.012, 803
0.012, 802
0.012, 801
0.012, 800
0.012, 799
0.012, 798
0.012, 797
0.012, 796
0.012, 795
0.012, 794
0.012, 793
0.012, 792
0.012, 791
0.012, 790
0.012, 789
0.012, 788
0.012, 787
0.012, 786
0.012, 785
0.012, 784
0.012, 783
0.012, 782
0.012, 781
0.012, 780
0.012, 779
0.012, 778
0.012, 777
0.012, 776
0.012, 775
0.012, 774
0.012, 773
0.012, 772
0.012, 771
0.012, 770
0.012, 769
0.012, 768
0.012, 767
0.013, 766
0.013, 765
0.013, 764
0.013, 763
0.013, 762
0.013, 761
0.013, 760
0.013, 759
0.013, 758
0.013, 757
0.013, 756
0.013, 755
0.013, 754
0.013, 753
0.013, 752
0.013, 751
0.013, 750
0.013, 749
0.013, 748
0.013, 747
0.013, 746
0.013, 745
0.013, 744
0.013, 743
0.013, 742
0.013, 741
0.013, 740
0.013, 739
0.013, 738
0.013, 737
0.013, 736
0.013, 735
0.013, 734
0.013, 733
0.013, 732
0.013, 731
0.013, 730
0.013, 729
0.013, 728
0.014, 727
0.014, 726
0.014, 725
0.014, 724
0.014, 723
0.014, 722
0.014, 721
0.014, 720
0.014, 719
0.014, 718
0.014, 717
0.014, 716
0.014, 715
0.014, 714
0.014, 713
0.014, 712
0.014, 711
0.014, 710
0.014, 709
0.014, 708
0.014, 707
0.014, 706
0.014, 705
0.014, 704
0.014, 703
0.014, 702
0.014, 701
0.014, 700
0.014, 699
0.014, 698
0.014, 697
0.014, 696
0.014, 695
0.014, 694
0.014, 693
0.014, 692
0.014, 691
0.014, 690
0.014, 689
0.014, 688
0.014, 687
0.014, 686
0.014, 685
0.014, 684
0.014, 683
0.014, 682
0.014, 681
0.015, 680
0.015, 679
0.015, 678
0.015, 677
0.015, 676
0.015, 675
0.015, 674
0.015, 673
0.015, 672
0.015, 671
0.015, 670
0.015, 669
0.015, 668
0.015, 667
0.015, 666
0.015, 665
0.015, 664
0.015, 663
0.015, 662
0.015, 661
0.015, 660
0.015, 659
0.015, 658
0.015, 657
0.015, 656
0.015, 655
0.015, 654
0.015, 653
0.015, 652
0.015, 651
0.015, 650
0.015, 649
0.015, 648
0.015, 647
0.015, 646
0.015, 645
0.015, 644
0.015, 643
0.015, 642
0.015, 641
0.015, 640
0.015, 639
0.015, 638
0.016, 637
0.016, 636
0.016, 635
0.016, 634
0.016, 633
0.016, 632
0.016, 631
0.016, 630
0.016, 629
0.016, 628
0.016, 627
0.016, 626
0.016, 625
0.016, 624
0.016, 623
0.016, 622
0.016, 621
0.016, 620
0.016, 619
0.016, 618
0.016, 617
0.016, 616
