0.001, 4534
0.332, 4533
0.333, 4532
0.334, 4531
0.345, 4530
0.355, 4529
0.361, 4528
0.363, 4527
0.368, 4526
0.373, 4525
0.374, 4524
0.376, 4523
0.377, 4522
0.378, 4521
0.379, 4520
0.381, 4519
0.381, 4518
0.386, 4517
0.388, 4516
0.402, 4515
0.404, 4514
0.408, 4513
0.410, 4512
0.413, 4511
0.414, 4510
0.415, 4509
0.417, 4508
0.419, 4507
0.421, 4506
0.426, 4505
0.427, 4504
0.429, 4503
0.438, 4502
0.440, 4501
0.445, 4500
0.446, 4499
0.450, 4498
0.452, 4497
0.457, 4496
0.459, 4495
0.461, 4494
0.464, 4493
0.467, 4492
0.470, 4491
0.471, 4490
0.471, 4489
0.474, 4488
0.477, 4487
0.483, 4486
0.485, 4485
0.489, 4484
0.491, 4483
0.497, 4482
0.503, 4481
0.506, 4480
0.507, 4479
0.511, 4478
0.512, 4477
0.513, 4476
0.514, 4475
0.518, 4474
0.525, 4473
0.529, 4472
0.537, 4471
0.538, 4470
0.539, 4469
0.542, 4468
0.543, 4467
0.545, 4466
0.546, 4465
0.549, 4464
0.550, 4463
0.553, 4462
0.556, 4461
0.562, 4460
0.566, 4459
0.566, 4458
0.570, 4457
0.578, 4456
0.579, 4455
0.583, 4454
0.586, 4453
0.590, 4452
0.592, 4451
0.596, 4450
0.599, 4449
0.605, 4448
0.607, 4447
0.609, 4446
0.611, 4445
0.626, 4444
0.633, 4443
0.636, 4442
0.639, 4441
0.640, 4440
0.645, 4439
0.648, 4438
0.652, 4437
0.656, 4436
0.658, 4435
0.659, 4434
0.662, 4433
0.663, 4432
0.668, 4431
0.669, 4430
0.672, 4429
0.676, 4428
0.677, 4427
0.678, 4426
0.679, 4425
0.685, 4424
0.687, 4423
0.692, 4422
0.697, 4421
0.711, 4420
0.714, 4419
0.717, 4418
0.722, 4417
0.725, 4416
0.728, 4415
0.732, 4414
0.740, 4413
0.743, 4412
0.746, 4411
0.747, 4410
0.761, 4409
0.769, 4408
0.770, 4407
0.773, 4406
0.777, 4405
0.782, 4404
0.785, 4403
0.785, 4402
0.786, 4401
0.787, 4400
0.789, 4399
0.792, 4398
0.809, 4397
0.816, 4396
0.821, 4395
0.826, 4394
0.836, 4393
0.841, 4392
0.844, 4391
0.853, 4390
0.854, 4389
0.858, 4388
0.860, 4387
0.867, 4386
0.870, 4385
0.889, 4384
0.901, 4383
0.904, 4382
0.905, 4381
0.908, 4380
0.920, 4379
0.937, 4378
0.938, 4377
0.940, 4376
0.940, 4375
0.944, 4374
0.948, 4373
0.950, 4372
0.952, 4371
0.957, 4370
0.963, 4369
0.965, 4368
0.978, 4367
0.983, 4366
0.984, 4365
0.990, 4364
0.995, 4363
1.002, 4362
1.003, 4361
1.005, 4360
1.005, 4359
1.010, 4358
1.011, 4357
1.024, 4356
1.027, 4355
1.037, 4354
1.039, 4353
1.043, 4352
1.050, 4351
1.058, 4350
1.063, 4349
1.074, 4348
1.075, 4347
1.080, 4346
1.084, 4345
1.085, 4344
1.086, 4343
1.090, 4342
1.090, 4341
1.092, 4340
1.104, 4339
1.105, 4338
1.112, 4337
1.115, 4336
1.126, 4335
1.133, 4334
1.139, 4333
1.145, 4332
1.147, 4331
1.150, 4330
1.161, 4329
1.179, 4328
1.186, 4327
1.191, 4326
1.199, 4325
1.201, 4324
1.207, 4323
1.209, 4322
1.211, 4321
1.214, 4320
1.234, 4319
1.237, 4318
1.239, 4317
1.251, 4316
1.255, 4315
1.258, 4314
1.267, 4313
1.277, 4312
1.280, 4311
1.282, 4310
1.292, 4309
1.302, 4308
1.302, 4307
1.310, 4306
1.311, 4305
1.315, 4304
1.319, 4303
1.320, 4302
1.321, 4301
1.323, 4300
1.326, 4299
1.330, 4298
1.330, 4297
1.332, 4296
1.337, 4295
1.351, 4294
1.362, 4293
1.363, 4292
1.365, 4291
1.370, 4290
1.371, 4289
1.374, 4288
1.377, 4287
1.379, 4286
1.384, 4285
1.386, 4284
1.394, 4283
1.397, 4282
1.419, 4281
1.427, 4280
1.429, 4279
1.440, 4278
1.447, 4277
1.451, 4276
1.468, 4275
1.470, 4274
1.471, 4273
1.484, 4272
1.485, 4271
1.497, 4270
1.498, 4269
1.499, 4268
1.502, 4267
1.503, 4266
1.515, 4265
1.532, 4264
1.537, 4263
1.538, 4262
1.544, 4261
1.556, 4260
1.560, 4259
1.578, 4258
1.603, 4257
1.615, 4256
1.616, 4255
1.617, 4254
1.631, 4253
1.633, 4252
1.641, 4251
1.643, 4250
1.643, 4249
1.645, 4248
1.651, 4247
1.656, 4246
1.658, 4245
1.671, 4244
1.680, 4243
1.712, 4242
1.721, 4241
1.729, 4240
1.749, 4239
1.763, 4238
1.782, 4237
1.786, 4236
1.798, 4235
1.816, 4234
1.834, 4233
1.835, 4232
1.843, 4231
1.844, 4230
1.851, 4229
1.855, 4228
1.856, 4227
1.857, 4226
1.859, 4225
1.859, 4224
1.866, 4223
1.866, 4222
1.870, 4221
1.891, 4220
1.893, 4219
1.906, 4218
1.909, 4217
1.911, 4216
1.925, 4215
1.928, 4214
1.937, 4213
1.944, 4212
1.961, 4211
1.969, 4210
1.975, 4209
1.991, 4208
2.005, 4207
2.006, 4206
2.007, 4205
2.014, 4204
2.015, 4203
2.017, 4202
2.020, 4201
2.047, 4200
2.056, 4199
2.059, 4198
2.077, 4197
2.091, 4196
2.108, 4195
2.115, 4194
2.135, 4193
2.138, 4192
2.150, 4191
2.180, 4190
2.194, 4189
2.203, 4188
2.211, 4187
2.212, 4186
2.216, 4185
2.218, 4184
2.219, 4183
2.224, 4182
2.227, 4181
2.238, 4180
2.289, 4179
2.292, 4178
2.304, 4177
2.322, 4176
2.323, 4175
2.344, 4174
2.345, 4173
2.362, 4172
2.375, 4171
2.378, 4170
2.379, 4169
2.381, 4168
2.392, 4167
2.403, 4166
2.416, 4165
2.435, 4164
2.438, 4163
2.448, 4162
2.461, 4161
2.477, 4160
2.484, 4159
2.496, 4158
2.498, 4157
2.521, 4156
2.530, 4155
2.537, 4154
2.541, 4153
2.555, 4152
2.557, 4151
2.566, 4150
2.584, 4149
2.593, 4148
2.602, 4147
2.620, 4146
2.652, 4145
2.671, 4144
2.674, 4143
2.681, 4142
2.720, 4141
2.724, 4140
2.730, 4139
2.743, 4138
2.748, 4137
2.748, 4136
2.768, 4135
2.771, 4134
2.774, 4133
2.778, 4132
2.787, 4131
2.807, 4130
2.811, 4129
2.828, 4128
2.832, 4127
2.845, 4126
2.857, 4125
2.858, 4124
2.866, 4123
2.867, 4122
2.872, 4121
2.888, 4120
2.907, 4119
2.921, 4118
2.967, 4117
3.009, 4116
3.019, 4115
3.042, 4114
3.062, 4113
3.084, 4112
3.116, 4111
3.121, 4110
3.123, 4109
3.138, 4108
3.150, 4107
3.177, 4106
3.193, 4105
3.200, 4104
3.205, 4103
3.243, 4102
3.282, 4101
3.286, 4100
3.293, 4099
3.352, 4098
3.375, 4097
3.410, 4096
3.427, 4095
3.428, 4094
3.444, 4093
3.471, 4092
3.481, 4091
3.520, 4090
3.534, 4089
3.544, 4088
3.550, 4087
3.594, 4086
3.622, 4085
3.631, 4084
3.648, 4083
3.663, 4082
3.674, 4081
3.677, 4080
3.709, 4079
3.719, 4078
3.741, 4077
3.785, 4076
3.790, 4075
3.790, 4074
3.825, 4073
3.832, 4072
3.842, 4071
3.887, 4070
3.896, 4069
3.899, 4068
3.919, 4067
3.926, 4066
3.979, 4065
4.010, 4064
4.042, 4063
4.068, 4062
4.097, 4061
4.127, 4060
4.139, 4059
4.146, 4058
4.199, 4057
4.232, 4056
4.276, 4055
4.290, 4054
4.330, 4053
4.348, 4052
4.365, 4051
4.376, 4050
4.425, 4049
4.427, 4048
4.436, 4047
4.463, 4046
4.475, 4045
4.491, 4044
4.552, 4043
4.562, 4042
4.582, 4041
4.645, 4040
4.685, 4039
4.727, 4038
4.729, 4037
4.856, 4036
4.881, 4035
4.889, 4034
4.892, 4033
4.929, 4032
5.031, 4031
5.049, 4030
5.184, 4029
5.348, 4028
5.372, 4027
5.412, 4026
5.430, 4025
5.882, 4024
6.047, 4023
6.127, 4022
6.183, 4021
6.237, 4020
6.418, 4019
6.627, 4018
6.653, 4017
6.682, 4016
6.731, 4015
6.980, 4014
7.144, 4013
7.168, 4012
7.172, 4011
7.386, 4010
7.504, 4009
7.522, 4008
7.544, 4007
7.563, 4006
7.673, 4005
7.699, 4004
7.716, 4003
8.003, 4002
8.130, 4001
8.142, 4000
8.607, 3999
8.650, 3998
8.755, 3997
8.843, 3996
8.856, 3995
8.919, 3994
9.159, 3993
9.718, 3992
9.865, 3991
10.237, 3990
10.386, 3989
10.399, 3988
10.735, 3987
11.100, 3986
12.150, 3985
12.880, 3984
13.248, 3983
