0.002, 4534
0.703, 4533
0.704, 4532
0.708, 4531
0.708, 4530
0.709, 4529
0.710, 4528
0.716, 4527
0.720, 4526
0.727, 4525
0.728, 4524
0.732, 4523
0.738, 4522
0.742, 4521
0.743, 4520
0.748, 4519
0.754, 4518
0.755, 4517
0.769, 4516
0.773, 4515
0.776, 4514
0.779, 4513
0.780, 4512
0.781, 4511
0.782, 4510
0.786, 4509
0.793, 4508
0.809, 4507
0.811, 4506
0.816, 4505
0.821, 4504
0.827, 4503
0.834, 4502
0.835, 4501
0.842, 4500
0.844, 4499
0.848, 4498
0.854, 4497
0.858, 4496
0.859, 4495
0.868, 4494
0.880, 4493
0.883, 4492
0.885, 4491
0.887, 4490
0.889, 4489
0.895, 4488
0.897, 4487
0.899, 4486
0.903, 4485
0.904, 4484
0.907, 4483
0.908, 4482
0.909, 4481
0.910, 4480
0.912, 4479
0.917, 4478
0.921, 4477
0.929, 4476
0.930, 4475
0.934, 4474
0.947, 4473
0.951, 4472
0.955, 4471
0.956, 4470
0.967, 4469
0.971, 4468
0.973, 4467
0.973, 4466
0.974, 4465
0.981, 4464
0.982, 4463
0.985, 4462
0.989, 4461
0.991, 4460
1.011, 4459
1.015, 4458
1.020, 4457
1.022, 4456
1.023, 4455
1.025, 4454
1.030, 4453
1.036, 4452
1.041, 4451
1.042, 4450
1.056, 4449
1.058, 4448
1.059, 4447
1.072, 4446
1.076, 4445
1.083, 4444
1.086, 4443
1.088, 4442
1.094, 4441
1.101, 4440
1.105, 4439
1.108, 4438
1.110, 4437
1.116, 4436
1.118, 4435
1.119, 4434
1.158, 4433
1.160, 4432
1.161, 4431
1.166, 4430
1.167, 4429
1.168, 4428
1.171, 4427
1.172, 4426
1.177, 4425
1.182, 4424
1.184, 4423
1.189, 4422
1.206, 4421
1.218, 4420
1.220, 4419
1.229, 4418
1.242, 4417
1.248, 4416
1.249, 4415
1.250, 4414
1.252, 4413
1.264, 4412
1.279, 4411
1.282, 4410
1.287, 4409
1.288, 4408
1.294, 4407
1.303, 4406
1.305, 4405
1.311, 4404
1.314, 4403
1.318, 4402
1.319, 4401
1.320, 4400
1.330, 4399
1.333, 4398
1.334, 4397
1.335, 4396
1.348, 4395
1.349, 4394
1.368, 4393
1.371, 4392
1.380, 4391
1.395, 4390
1.397, 4389
1.403, 4388
1.414, 4387
1.427, 4386
1.430, 4385
1.436, 4384
1.441, 4383
1.444, 4382
1.451, 4381
1.452, 4380
1.456, 4379
1.466, 4378
1.470, 4377
1.474, 4376
1.502, 4375
1.505, 4374
1.516, 4373
1.519, 4372
1.520, 4371
1.536, 4370
1.547, 4369
1.548, 4368
1.550, 4367
1.550, 4366
1.557, 4365
1.567, 4364
1.580, 4363
1.581, 4362
1.584, 4361
1.585, 4360
1.588, 4359
1.596, 4358
1.601, 4357
1.605, 4356
1.607, 4355
1.611, 4354
1.612, 4353
1.616, 4352
1.627, 4351
1.642, 4350
1.646, 4349
1.651, 4348
1.653, 4347
1.654, 4346
1.662, 4345
1.678, 4344
1.684, 4343
1.688, 4342
1.689, 4341
1.693, 4340
1.703, 4339
1.706, 4338
1.707, 4337
1.714, 4336
1.715, 4335
1.719, 4334
1.726, 4333
1.729, 4332
1.737, 4331
1.738, 4330
1.740, 4329
1.753, 4328
1.758, 4327
1.764, 4326
1.774, 4325
1.775, 4324
1.800, 4323
1.808, 4322
1.817, 4321
1.825, 4320
1.835, 4319
1.839, 4318
1.848, 4317
1.852, 4316
1.858, 4315
1.859, 4314
1.866, 4313
1.868, 4312
1.872, 4311
1.875, 4310
1.883, 4309
1.886, 4308
1.897, 4307
1.899, 4306
1.901, 4305
1.921, 4304
1.923, 4303
1.933, 4302
1.937, 4301
1.939, 4300
1.945, 4299
1.958, 4298
1.963, 4297
1.972, 4296
1.974, 4295
1.976, 4294
1.977, 4293
1.987, 4292
1.991, 4291
1.995, 4290
1.999, 4289
2.002, 4288
2.007, 4287
2.011, 4286
2.012, 4285
2.028, 4284
2.032, 4283
2.042, 4282
2.049, 4281
2.052, 4280
2.054, 4279
2.062, 4278
2.069, 4277
2.075, 4276
2.080, 4275
2.081, 4274
2.087, 4273
2.110, 4272
2.126, 4271
2.143, 4270
2.144, 4269
2.146, 4268
2.147, 4267
2.147, 4266
2.150, 4265
2.151, 4264
2.158, 4263
2.165, 4262
2.171, 4261
2.176, 4260
2.188, 4259
2.201, 4258
2.204, 4257
2.215, 4256
2.219, 4255
2.221, 4254
2.238, 4253
2.244, 4252
2.247, 4251
2.255, 4250
2.259, 4249
2.271, 4248
2.280, 4247
2.299, 4246
2.300, 4245
2.303, 4244
2.325, 4243
2.329, 4242
2.342, 4241
2.352, 4240
2.358, 4239
2.360, 4238
2.365, 4237
2.392, 4236
2.434, 4235
2.438, 4234
2.439, 4233
2.441, 4232
2.459, 4231
2.464, 4230
2.470, 4229
2.479, 4228
2.493, 4227
2.496, 4226
2.509, 4225
2.521, 4224
2.521, 4223
2.538, 4222
2.539, 4221
2.542, 4220
2.547, 4219
2.552, 4218
2.554, 4217
2.556, 4216
2.557, 4215
2.559, 4214
2.561, 4213
2.583, 4212
2.585, 4211
2.605, 4210
2.606, 4209
2.621, 4208
2.624, 4207
2.637, 4206
2.645, 4205
2.670, 4204
2.671, 4203
2.673, 4202
2.682, 4201
2.694, 4200
2.700, 4199
2.706, 4198
2.708, 4197
2.711, 4196
2.714, 4195
2.723, 4194
2.729, 4193
2.735, 4192
2.739, 4191
2.748, 4190
2.751, 4189
2.754, 4188
2.760, 4187
2.762, 4186
2.766, 4185
2.787, 4184
2.793, 4183
2.801, 4182
2.805, 4181
2.807, 4180
2.808, 4179
2.812, 4178
2.832, 4177
2.843, 4176
2.878, 4175
2.896, 4174
2.901, 4173
2.920, 4172
2.934, 4171
2.974, 4170
2.979, 4169
2.981, 4168
2.982, 4167
2.998, 4166
3.007, 4165
3.014, 4164
3.027, 4163
3.078, 4162
3.101, 4161
3.114, 4160
3.116, 4159
3.119, 4158
3.129, 4157
3.131, 4156
3.132, 4155
3.150, 4154
3.156, 4153
3.162, 4152
3.164, 4151
3.174, 4150
3.204, 4149
3.204, 4148
3.208, 4147
3.231, 4146
3.234, 4145
3.276, 4144
3.281, 4143
3.287, 4142
3.292, 4141
3.329, 4140
3.345, 4139
3.346, 4138
3.363, 4137
3.366, 4136
3.367, 4135
3.377, 4134
3.384, 4133
3.386, 4132
3.413, 4131
3.417, 4130
3.423, 4129
3.428, 4128
3.438, 4127
3.454, 4126
3.462, 4125
3.469, 4124
3.495, 4123
3.506, 4122
3.524, 4121
3.534, 4120
3.536, 4119
3.545, 4118
3.561, 4117
3.600, 4116
3.601, 4115
3.667, 4114
3.671, 4113
3.714, 4112
3.735, 4111
3.739, 4110
3.752, 4109
3.838, 4108
3.898, 4107
3.899, 4106
3.905, 4105
3.929, 4104
3.939, 4103
3.948, 4102
3.953, 4101
3.960, 4100
3.999, 4099
4.016, 4098
4.052, 4097
4.064, 4096
4.077, 4095
4.087, 4094
4.169, 4093
4.183, 4092
4.202, 4091
4.249, 4090
4.265, 4089
4.285, 4088
4.311, 4087
4.314, 4086
4.327, 4085
4.346, 4084
4.377, 4083
4.390, 4082
4.397, 4081
4.402, 4080
4.408, 4079
4.409, 4078
4.414, 4077
4.441, 4076
4.459, 4075
4.475, 4074
4.483, 4073
4.496, 4072
4.542, 4071
4.573, 4070
4.580, 4069
4.598, 4068
4.659, 4067
4.673, 4066
4.747, 4065
4.762, 4064
4.821, 4063
4.826, 4062
4.931, 4061
4.965, 4060
4.984, 4059
4.988, 4058
5.044, 4057
5.066, 4056
5.093, 4055
5.105, 4054
5.131, 4053
5.169, 4052
5.237, 4051
5.319, 4050
5.327, 4049
5.334, 4048
5.377, 4047
5.413, 4046
5.460, 4045
5.461, 4044
5.484, 4043
5.490, 4042
5.575, 4041
5.634, 4040
5.638, 4039
5.648, 4038
5.681, 4037
5.787, 4036
5.843, 4035
5.848, 4034
5.858, 4033
5.863, 4032
5.929, 4031
5.952, 4030
6.006, 4029
6.159, 4028
6.196, 4027
6.206, 4026
6.279, 4025
6.338, 4024
6.542, 4023
6.567, 4022
6.659, 4021
6.696, 4020
6.702, 4019
6.718, 4018
6.820, 4017
6.992, 4016
7.047, 4015
7.153, 4014
7.164, 4013
7.417, 4012
7.527, 4011
7.538, 4010
7.772, 4009
7.829, 4008
7.886, 4007
7.977, 4006
8.251, 4005
8.335, 4004
8.394, 4003
8.509, 4002
8.567, 4001
8.757, 4000
8.776, 3999
9.059, 3998
9.179, 3997
9.192, 3996
9.315, 3995
9.367, 3994
9.533, 3993
10.372, 3992
10.646, 3991
10.732, 3990
11.137, 3989
11.152, 3988
11.790, 3987
13.436, 3986
15.850, 3985
20.492, 3984
