0.005, 8359
0.005, 8358
0.005, 8357
0.005, 8356
0.005, 8355
0.005, 8354
0.005, 8353
0.005, 8352
0.005, 8351
0.005, 8350
0.005, 8349
0.005, 8348
0.005, 8347
0.005, 8346
0.005, 8345
0.005, 8344
0.005, 8343
0.005, 8342
0.005, 8341
0.005, 8340
0.005, 8339
0.005, 8338
0.005, 8337
0.005, 8336
0.005, 8335
0.005, 8334
0.005, 8333
0.005, 8332
0.005, 8331
0.005, 8330
0.005, 8329
0.005, 8328
0.005, 8327
0.005, 8326
0.005, 8325
0.005, 8324
0.005, 8323
0.005, 8322
0.005, 8321
0.006, 8320
0.006, 8319
0.006, 8318
0.006, 8317
0.006, 8316
0.006, 8315
0.006, 8314
0.006, 8313
0.006, 8312
0.006, 8311
0.006, 8310
0.006, 8309
0.006, 8308
0.006, 8307
0.006, 8306
0.006, 8305
0.006, 8304
0.006, 8303
0.006, 8302
0.006, 8301
0.006, 8300
0.006, 8299
0.006, 8298
0.006, 8297
0.006, 8296
0.006, 8295
0.006, 8294
0.006, 8293
0.006, 8292
0.006, 8291
0.006, 8290
0.006, 8289
0.006, 8288
0.006, 8287
0.006, 8286
0.006, 8285
0.006, 8284
0.006, 8283
0.006, 8282
0.006, 8281
0.006, 8280
0.006, 8279
0.006, 8278
0.006, 8277
0.006, 8276
0.006, 8275
0.006, 8274
0.006, 8273
0.006, 8272
0.006, 8271
0.006, 8270
0.006, 8269
0.006, 8268
0.006, 8267
0.006, 8266
0.006, 8265
0.006, 8264
0.006, 8263
0.006, 8262
0.006, 8261
0.006, 8260
0.006, 8259
0.006, 8258
0.006, 8257
0.006, 8256
0.006, 8255
0.006, 8254
0.006, 8253
0.006, 8252
0.006, 8251
0.006, 8250
0.006, 8249
0.006, 8248
0.006, 8247
0.006, 8246
0.006, 8245
0.006, 8244
0.006, 8243
0.006, 8242
0.006, 8241
0.006, 8240
0.006, 8239
0.006, 8238
0.006, 8237
0.006, 8236
0.006, 8235
0.006, 8234
0.006, 8233
0.006, 8232
0.006, 8231
0.006, 8230
0.006, 8229
0.006, 8228
0.006, 8227
0.006, 8226
0.006, 8225
0.006, 8224
0.006, 8223
0.006, 8222
0.006, 8221
0.006, 8220
0.006, 8219
0.006, 8218
0.006, 8217
0.007, 8216
0.007, 8215
0.007, 8214
0.007, 8213
0.007, 8212
0.007, 8211
0.007, 8210
0.007, 8209
0.007, 8208
0.007, 8207
0.007, 8206
0.007, 8205
0.007, 8204
0.007, 8203
0.007, 8202
0.007, 8201
0.007, 8200
0.007, 8199
0.007, 8198
0.007, 8197
0.007, 8196
0.007, 8195
0.007, 8194
0.007, 8193
0.007, 8192
0.007, 8191
0.007, 8190
0.007, 8189
0.007, 8188
0.007, 8187
0.007, 8186
0.007, 8185
0.007, 8184
0.007, 8183
0.007, 8182
0.007, 8181
0.007, 8180
0.007, 8179
0.007, 8178
0.007, 8177
0.007, 8176
0.007, 8175
0.007, 8174
0.007, 8173
0.007, 8172
0.007, 8171
0.007, 8170
0.007, 8169
0.007, 8168
0.007, 8167
0.007, 8166
0.007, 8165
0.007, 8164
0.007, 8163
0.007, 8162
0.007, 8161
0.007, 8160
0.007, 8159
0.007, 8158
0.007, 8157
0.007, 8156
0.007, 8155
0.007, 8154
0.007, 8153
0.007, 8152
0.007, 8151
0.007, 8150
0.007, 8149
0.007, 8148
0.007, 8147
0.007, 8146
0.007, 8145
0.007, 8144
0.007, 8143
0.007, 8142
0.007, 8141
0.007, 8140
0.007, 8139
0.007, 8138
0.007, 8137
0.007, 8136
0.007, 8135
0.007, 8134
0.007, 8133
0.007, 8132
0.007, 8131
0.007, 8130
0.007, 8129
0.007, 8128
0.007, 8127
0.007, 8126
0.007, 8125
0.007, 8124
0.007, 8123
0.007, 8122
0.007, 8121
0.007, 8120
0.007, 8119
0.007, 8118
0.007, 8117
0.007, 8116
0.007, 8115
0.007, 8114
0.007, 8113
0.007, 8112
0.007, 8111
0.007, 8110
0.007, 8109
0.007, 8108
0.007, 8107
0.007, 8106
0.007, 8105
0.007, 8104
0.007, 8103
0.007, 8102
0.007, 8101
0.007, 8100
0.007, 8099
0.007, 8098
0.007, 8097
0.007, 8096
0.007, 8095
0.007, 8094
0.007, 8093
0.007, 8092
0.007, 8091
0.007, 8090
0.007, 8089
0.007, 8088
0.007, 8087
0.007, 8086
0.007, 8085
0.007, 8084
0.007, 8083
0.007, 8082
0.007, 8081
0.007, 8080
0.007, 8079
0.007, 8078
0.007, 8077
0.007, 8076
0.007, 8075
0.007, 8074
0.007, 8073
0.007, 8072
0.007, 8071
0.007, 8070
0.007, 8069
0.007, 8068
0.007, 8067
0.007, 8066
0.007, 8065
0.007, 8064
0.007, 8063
0.007, 8062
0.007, 8061
0.007, 8060
0.007, 8059
0.007, 8058
0.007, 8057
0.007, 8056
0.007, 8055
0.007, 8054
0.007, 8053
0.007, 8052
0.007, 8051
0.007, 8050
0.007, 8049
0.007, 8048
0.007, 8047
0.007, 8046
0.007, 8045
0.007, 8044
0.007, 8043
0.007, 8042
0.007, 8041
0.007, 8040
0.007, 8039
0.007, 8038
0.007, 8037
0.007, 8036
0.007, 8035
0.007, 8034
0.007, 8033
0.007, 8032
0.008, 8031
0.008, 8030
0.008, 8029
0.008, 8028
0.008, 8027
0.008, 8026
0.008, 8025
0.008, 8024
0.008, 8023
0.008, 8022
0.008, 8021
0.008, 8020
0.008, 8019
0.008, 8018
0.008, 8017
0.008, 8016
0.008, 8015
0.008, 8014
0.008, 8013
0.008, 8012
0.008, 8011
0.008, 8010
0.008, 8009
0.008, 8008
0.008, 8007
0.008, 8006
0.008, 8005
0.008, 8004
0.008, 8003
0.008, 8002
0.008, 8001
0.008, 8000
0.008, 7999
0.008, 7998
0.008, 7997
0.008, 7996
0.008, 7995
0.008, 7994
0.008, 7993
0.008, 7992
0.008, 7991
0.008, 7990
0.008, 7989
0.008, 7988
0.008, 7987
0.008, 7986
0.008, 7985
0.008, 7984
0.008, 7983
0.008, 7982
0.008, 7981
0.008, 7980
0.008, 7979
0.008, 7978
0.008, 7977
0.008, 7976
0.008, 7975
0.008, 7974
0.008, 7973
0.008, 7972
0.008, 7971
0.008, 7970
0.008, 7969
0.008, 7968
0.008, 7967
0.008, 7966
0.008, 7965
0.008, 7964
0.008, 7963
0.008, 7962
0.008, 7961
0.008, 7960
0.008, 7959
0.008, 7958
0.008, 7957
0.008, 7956
0.008, 7955
0.008, 7954
0.008, 7953
0.008, 7952
0.008, 7951
0.008, 7950
0.008, 7949
0.008, 7948
0.008, 7947
0.008, 7946
0.008, 7945
0.008, 7944
0.008, 7943
0.008, 7942
0.008, 7941
0.008, 7940
0.008, 7939
0.008, 7938
0.008, 7937
0.008, 7936
0.008, 7935
0.008, 7934
0.008, 7933
0.008, 7932
0.008, 7931
0.008, 7930
0.008, 7929
0.008, 7928
0.008, 7927
0.008, 7926
0.008, 7925
0.008, 7924
0.008, 7923
0.008, 7922
0.008, 7921
0.008, 7920
0.008, 7919
0.008, 7918
0.008, 7917
0.008, 7916
0.008, 7915
0.008, 7914
0.008, 7913
0.008, 7912
0.008, 7911
0.008, 7910
0.008, 7909
0.008, 7908
0.008, 7907
0.008, 7906
0.008, 7905
0.008, 7904
0.008, 7903
0.008, 7902
0.008, 7901
0.008, 7900
0.008, 7899
0.008, 7898
0.008, 7897
0.008, 7896
0.008, 7895
0.008, 7894
0.008, 7893
0.008, 7892
0.008, 7891
0.008, 7890
0.008, 7889
0.008, 7888
0.008, 7887
0.008, 7886
0.008, 7885
0.008, 7884
0.008, 7883
0.008, 7882
0.008, 7881
0.008, 7880
0.008, 7879
0.008, 7878
0.008, 7877
0.008, 7876
0.008, 7875
0.008, 7874
0.008, 7873
0.008, 7872
0.008, 7871
0.008, 7870
0.008, 7869
0.008, 7868
0.008, 7867
0.008, 7866
0.008, 7865
0.008, 7864
0.008, 7863
0.008, 7862
0.008, 7861
0.008, 7860
0.008, 7859
0.008, 7858
0.008, 7857
0.008, 7856
0.008, 7855
0.008, 7854
0.008, 7853
0.008, 7852
0.008, 7851
0.008, 7850
0.008, 7849
0.008, 7848
0.008, 7847
0.008, 7846
0.008, 7845
0.008, 7844
0.008, 7843
0.008, 7842
0.008, 7841
0.008, 7840
0.008, 7839
0.008, 7838
0.008, 7837
0.008, 7836
0.008, 7835
0.008, 7834
0.008, 7833
0.008, 7832
0.008, 7831
0.009, 7830
0.009, 7829
0.009, 7828
0.009, 7827
0.009, 7826
0.009, 7825
0.009, 7824
0.009, 7823
0.009, 7822
0.009, 7821
0.009, 7820
0.009, 7819
0.009, 7818
0.009, 7817
0.009, 7816
0.009, 7815
0.009, 7814
0.009, 7813
0.009, 7812
0.009, 7811
0.009, 7810
0.009, 7809
0.009, 7808
0.009, 7807
0.009, 7806
0.009, 7805
0.009, 7804
0.009, 7803
0.009, 7802
0.009, 7801
0.009, 7800
0.009, 7799
0.009, 7798
0.009, 7797
0.009, 7796
0.009, 7795
0.009, 7794
0.009, 7793
0.009, 7792
0.009, 7791
0.009, 7790
0.009, 7789
0.009, 7788
0.009, 7787
0.009, 7786
0.009, 7785
0.009, 7784
0.009, 7783
0.009, 7782
0.009, 7781
0.009, 7780
0.009, 7779
0.009, 7778
0.009, 7777
0.009, 7776
0.009, 7775
0.009, 7774
0.009, 7773
0.009, 7772
0.009, 7771
0.009, 7770
0.009, 7769
0.009, 7768
0.009, 7767
0.009, 7766
0.009, 7765
0.009, 7764
0.009, 7763
0.009, 7762
0.009, 7761
0.009, 7760
0.009, 7759
0.009, 7758
0.009, 7757
0.009, 7756
0.009, 7755
0.009, 7754
0.009, 7753
0.009, 7752
0.009, 7751
0.009, 7750
0.009, 7749
0.009, 7748
0.009, 7747
0.009, 7746
0.009, 7745
0.009, 7744
0.009, 7743
0.009, 7742
0.009, 7741
0.009, 7740
0.009, 7739
0.009, 7738
0.009, 7737
0.009, 7736
0.009, 7735
0.009, 7734
0.009, 7733
0.009, 7732
0.009, 7731
0.009, 7730
0.009, 7729
0.009, 7728
0.009, 7727
0.009, 7726
0.009, 7725
0.009, 7724
0.009, 7723
0.009, 7722
0.009, 7721
0.009, 7720
0.009, 7719
0.009, 7718
0.009, 7717
0.009, 7716
0.009, 7715
0.009, 7714
0.009, 7713
0.009, 7712
0.009, 7711
0.009, 7710
0.009, 7709
0.009, 7708
0.009, 7707
0.009, 7706
0.009, 7705
0.009, 7704
0.009, 7703
0.009, 7702
0.009, 7701
0.009, 7700
0.009, 7699
0.009, 7698
0.009, 7697
0.009, 7696
0.009, 7695
0.009, 7694
0.009, 7693
0.009, 7692
0.009, 7691
0.009, 7690
0.009, 7689
0.009, 7688
0.009, 7687
0.009, 7686
0.009, 7685
0.009, 7684
0.009, 7683
0.009, 7682
0.009, 7681
0.009, 7680
0.009, 7679
0.009, 7678
0.009, 7677
0.009, 7676
0.009, 7675
0.009, 7674
0.009, 7673
0.009, 7672
0.009, 7671
0.009, 7670
0.009, 7669
0.009, 7668
0.009, 7667
0.009, 7666
0.009, 7665
0.009, 7664
0.009, 7663
0.009, 7662
0.009, 7661
0.009, 7660
0.009, 7659
0.009, 7658
0.009, 7657
0.009, 7656
0.009, 7655
0.009, 7654
0.009, 7653
0.009, 7652
0.009, 7651
0.009, 7650
0.009, 7649
0.009, 7648
0.009, 7647
0.009, 7646
0.009, 7645
0.009, 7644
0.009, 7643
0.009, 7642
0.009, 7641
0.009, 7640
0.009, 7639
0.009, 7638
0.009, 7637
0.009, 7636
0.009, 7635
0.009, 7634
0.009, 7633
0.009, 7632
0.009, 7631
0.009, 7630
0.009, 7629
0.009, 7628
0.009, 7627
0.009, 7626
0.010, 7625
0.010, 7624
0.010, 7623
0.010, 7622
0.010, 7621
0.010, 7620
0.010, 7619
0.010, 7618
0.010, 7617
0.010, 7616
0.010, 7615
0.010, 7614
0.010, 7613
0.010, 7612
0.010, 7611
0.010, 7610
0.010, 7609
0.010, 7608
0.010, 7607
0.010, 7606
0.010, 7605
0.010, 7604
0.010, 7603
0.010, 7602
0.010, 7601
0.010, 7600
0.010, 7599
0.010, 7598
0.010, 7597
0.010, 7596
0.010, 7595
0.010, 7594
0.010, 7593
0.010, 7592
0.010, 7591
0.010, 7590
0.010, 7589
0.010, 7588
0.010, 7587
0.010, 7586
0.010, 7585
0.010, 7584
0.010, 7583
0.010, 7582
0.010, 7581
0.010, 7580
0.010, 7579
0.010, 7578
0.010, 7577
0.010, 7576
0.010, 7575
0.010, 7574
0.010, 7573
0.010, 7572
0.010, 7571
0.010, 7570
0.010, 7569
0.010, 7568
0.010, 7567
0.010, 7566
0.010, 7565
0.010, 7564
0.010, 7563
0.010, 7562
0.010, 7561
0.010, 7560
0.010, 7559
0.010, 7558
0.010, 7557
0.010, 7556
0.010, 7555
0.010, 7554
0.010, 7553
0.010, 7552
0.010, 7551
0.010, 7550
0.010, 7549
0.010, 7548
0.010, 7547
0.010, 7546
0.010, 7545
0.010, 7544
0.010, 7543
0.010, 7542
0.010, 7541
0.010, 7540
0.010, 7539
0.010, 7538
0.010, 7537
0.010, 7536
0.010, 7535
0.010, 7534
0.010, 7533
0.010, 7532
0.010, 7531
0.010, 7530
0.010, 7529
0.010, 7528
0.010, 7527
0.010, 7526
0.010, 7525
0.010, 7524
0.010, 7523
0.010, 7522
0.010, 7521
0.010, 7520
0.010, 7519
0.010, 7518
0.010, 7517
0.010, 7516
0.010, 7515
0.010, 7514
0.010, 7513
0.010, 7512
0.010, 7511
0.010, 7510
0.010, 7509
0.010, 7508
0.010, 7507
0.010, 7506
0.010, 7505
0.010, 7504
0.010, 7503
0.010, 7502
0.010, 7501
0.010, 7500
0.010, 7499
0.010, 7498
0.010, 7497
0.010, 7496
0.010, 7495
0.010, 7494
0.010, 7493
0.010, 7492
0.010, 7491
0.010, 7490
0.010, 7489
0.010, 7488
0.010, 7487
0.010, 7486
0.010, 7485
0.010, 7484
0.010, 7483
0.010, 7482
0.010, 7481
0.010, 7480
0.010, 7479
0.010, 7478
0.010, 7477
0.010, 7476
0.010, 7475
0.010, 7474
0.010, 7473
0.010, 7472
0.010, 7471
0.010, 7470
0.010, 7469
0.010, 7468
0.010, 7467
0.010, 7466
0.010, 7465
0.010, 7464
0.010, 7463
0.010, 7462
0.010, 7461
0.010, 7460
0.010, 7459
0.010, 7458
0.010, 7457
0.010, 7456
0.010, 7455
0.010, 7454
0.010, 7453
0.010, 7452
0.010, 7451
0.010, 7450
0.010, 7449
0.010, 7448
0.010, 7447
0.010, 7446
0.010, 7445
0.010, 7444
0.010, 7443
0.010, 7442
0.010, 7441
0.010, 7440
0.010, 7439
0.010, 7438
0.010, 7437
0.010, 7436
0.010, 7435
0.010, 7434
0.010, 7433
0.010, 7432
0.010, 7431
0.011, 7430
0.011, 7429
0.011, 7428
0.011, 7427
0.011, 7426
0.011, 7425
0.011, 7424
0.011, 7423
0.011, 7422
0.011, 7421
0.011, 7420
0.011, 7419
0.011, 7418
0.011, 7417
0.011, 7416
0.011, 7415
0.011, 7414
0.011, 7413
0.011, 7412
0.011, 7411
0.011, 7410
0.011, 7409
0.011, 7408
0.011, 7407
0.011, 7406
0.011, 7405
0.011, 7404
0.011, 7403
0.011, 7402
0.011, 7401
0.011, 7400
0.011, 7399
0.011, 7398
0.011, 7397
0.011, 7396
0.011, 7395
0.011, 7394
0.011, 7393
0.011, 7392
0.011, 7391
0.011, 7390
0.011, 7389
0.011, 7388
0.011, 7387
0.011, 7386
0.011, 7385
0.011, 7384
0.011, 7383
0.011, 7382
0.011, 7381
0.011, 7380
0.011, 7379
0.011, 7378
0.011, 7377
0.011, 7376
0.011, 7375
0.011, 7374
0.011, 7373
0.011, 7372
0.011, 7371
0.011, 7370
0.011, 7369
0.011, 7368
0.011, 7367
0.011, 7366
0.011, 7365
0.011, 7364
0.011, 7363
0.011, 7362
0.011, 7361
0.011, 7360
0.011, 7359
0.011, 7358
0.011, 7357
0.011, 7356
0.011, 7355
0.011, 7354
0.011, 7353
0.011, 7352
0.011, 7351
0.011, 7350
0.011, 7349
0.011, 7348
0.011, 7347
0.011, 7346
0.011, 7345
0.011, 7344
0.011, 7343
0.011, 7342
0.011, 7341
0.011, 7340
0.011, 7339
0.011, 7338
0.011, 7337
0.011, 7336
0.011, 7335
0.011, 7334
0.011, 7333
0.011, 7332
0.011, 7331
0.011, 7330
0.011, 7329
0.011, 7328
0.011, 7327
0.011, 7326
0.011, 7325
0.011, 7324
0.011, 7323
0.011, 7322
0.011, 7321
0.011, 7320
0.011, 7319
0.011, 7318
0.011, 7317
0.011, 7316
0.011, 7315
0.011, 7314
0.011, 7313
0.011, 7312
0.011, 7311
0.011, 7310
0.011, 7309
0.011, 7308
0.011, 7307
0.011, 7306
0.011, 7305
0.011, 7304
0.011, 7303
0.011, 7302
0.011, 7301
0.011, 7300
0.011, 7299
0.011, 7298
0.011, 7297
0.011, 7296
0.011, 7295
0.011, 7294
0.011, 7293
0.011, 7292
0.011, 7291
0.011, 7290
0.011, 7289
0.011, 7288
0.011, 7287
0.011, 7286
0.011, 7285
0.011, 7284
0.011, 7283
0.011, 7282
0.011, 7281
0.011, 7280
0.011, 7279
0.011, 7278
0.011, 7277
0.011, 7276
0.011, 7275
0.011, 7274
0.011, 7273
0.011, 7272
0.011, 7271
0.011, 7270
0.011, 7269
0.011, 7268
0.011, 7267
0.011, 7266
0.011, 7265
0.011, 7264
0.011, 7263
0.011, 7262
0.011, 7261
0.011, 7260
0.011, 7259
0.011, 7258
0.011, 7257
0.011, 7256
0.011, 7255
0.011, 7254
0.011, 7253
0.011, 7252
0.011, 7251
0.011, 7250
0.011, 7249
0.011, 7248
0.011, 7247
0.011, 7246
0.011, 7245
0.011, 7244
0.011, 7243
0.011, 7242
0.011, 7241
0.011, 7240
0.011, 7239
0.011, 7238
0.011, 7237
0.011, 7236
0.011, 7235
0.011, 7234
0.011, 7233
0.011, 7232
0.012, 7231
0.012, 7230
0.012, 7229
0.012, 7228
0.012, 7227
0.012, 7226
0.012, 7225
0.012, 7224
0.012, 7223
0.012, 7222
0.012, 7221
0.012, 7220
0.012, 7219
0.012, 7218
0.012, 7217
0.012, 7216
0.012, 7215
0.012, 7214
0.012, 7213
0.012, 7212
0.012, 7211
0.012, 7210
0.012, 7209
0.012, 7208
0.012, 7207
0.012, 7206
0.012, 7205
0.012, 7204
0.012, 7203
0.012, 7202
0.012, 7201
0.012, 7200
0.012, 7199
0.012, 7198
0.012, 7197
0.012, 7196
0.012, 7195
0.012, 7194
0.012, 7193
0.012, 7192
0.012, 7191
0.012, 7190
0.012, 7189
0.012, 7188
0.012, 7187
0.012, 7186
0.012, 7185
0.012, 7184
0.012, 7183
0.012, 7182
0.012, 7181
0.012, 7180
0.012, 7179
0.012, 7178
0.012, 7177
0.012, 7176
0.012, 7175
0.012, 7174
0.012, 7173
0.012, 7172
0.012, 7171
0.012, 7170
0.012, 7169
0.012, 7168
0.012, 7167
0.012, 7166
0.012, 7165
0.012, 7164
0.012, 7163
0.012, 7162
0.012, 7161
0.012, 7160
0.012, 7159
0.012, 7158
0.012, 7157
0.012, 7156
0.012, 7155
0.012, 7154
0.012, 7153
0.012, 7152
0.012, 7151
0.012, 7150
0.012, 7149
0.012, 7148
0.012, 7147
0.012, 7146
0.012, 7145
0.012, 7144
0.012, 7143
0.012, 7142
0.012, 7141
0.012, 7140
0.012, 7139
0.012, 7138
0.012, 7137
0.012, 7136
0.012, 7135
0.012, 7134
0.012, 7133
0.012, 7132
0.012, 7131
0.012, 7130
0.012, 7129
0.012, 7128
0.012, 7127
0.012, 7126
0.012, 7125
0.012, 7124
0.012, 7123
0.012, 7122
0.012, 7121
0.012, 7120
0.012, 7119
0.012, 7118
0.012, 7117
0.012, 7116
0.012, 7115
0.012, 7114
0.012, 7113
0.012, 7112
0.012, 7111
0.012, 7110
0.012, 7109
0.012, 7108
0.012, 7107
0.012, 7106
0.012, 7105
0.012, 7104
0.012, 7103
0.012, 7102
0.012, 7101
0.012, 7100
0.012, 7099
0.012, 7098
0.012, 7097
0.012, 7096
0.012, 7095
0.012, 7094
0.012, 7093
0.012, 7092
0.012, 7091
0.012, 7090
0.012, 7089
0.012, 7088
0.012, 7087
0.012, 7086
0.012, 7085
0.012, 7084
0.012, 7083
0.012, 7082
0.012, 7081
0.012, 7080
0.012, 7079
0.012, 7078
0.012, 7077
0.012, 7076
0.012, 7075
0.012, 7074
0.012, 7073
0.012, 7072
0.012, 7071
0.012, 7070
0.012, 7069
0.012, 7068
0.012, 7067
0.012, 7066
0.012, 7065
0.012, 7064
0.012, 7063
0.012, 7062
0.012, 7061
0.012, 7060
0.012, 7059
0.012, 7058
0.012, 7057
0.012, 7056
0.012, 7055
0.012, 7054
0.012, 7053
0.012, 7052
0.012, 7051
0.012, 7050
0.012, 7049
0.012, 7048
0.012, 7047
0.012, 7046
0.012, 7045
0.012, 7044
0.012, 7043
0.012, 7042
0.012, 7041
0.012, 7040
0.012, 7039
0.012, 7038
0.013, 7037
0.013, 7036
0.013, 7035
0.013, 7034
0.013, 7033
0.013, 7032
0.013, 7031
0.013, 7030
0.013, 7029
0.013, 7028
0.013, 7027
0.013, 7026
0.013, 7025
0.013, 7024
0.013, 7023
0.013, 7022
0.013, 7021
0.013, 7020
0.013, 7019
0.013, 7018
0.013, 7017
0.013, 7016
0.013, 7015
0.013, 7014
0.013, 7013
0.013, 7012
0.013, 7011
0.013, 7010
0.013, 7009
0.013, 7008
0.013, 7007
0.013, 7006
0.013, 7005
0.013, 7004
0.013, 7003
0.013, 7002
0.013, 7001
0.013, 7000
0.013, 6999
0.013, 6998
0.013, 6997
0.013, 6996
0.013, 6995
0.013, 6994
0.013, 6993
0.013, 6992
0.013, 6991
0.013, 6990
0.013, 6989
0.013, 6988
0.013, 6987
0.013, 6986
0.013, 6985
0.013, 6984
0.013, 6983
0.013, 6982
0.013, 6981
0.013, 6980
0.013, 6979
0.013, 6978
0.013, 6977
0.013, 6976
0.013, 6975
0.013, 6974
0.013, 6973
0.013, 6972
0.013, 6971
0.013, 6970
0.013, 6969
0.013, 6968
0.013, 6967
0.013, 6966
0.013, 6965
0.013, 6964
0.013, 6963
0.013, 6962
0.013, 6961
0.013, 6960
0.013, 6959
0.013, 6958
0.013, 6957
0.013, 6956
0.013, 6955
0.013, 6954
0.013, 6953
0.013, 6952
0.013, 6951
0.013, 6950
0.013, 6949
0.013, 6948
0.013, 6947
0.013, 6946
0.013, 6945
0.013, 6944
0.013, 6943
0.013, 6942
0.013, 6941
0.013, 6940
0.013, 6939
0.013, 6938
0.013, 6937
0.013, 6936
0.013, 6935
0.013, 6934
0.013, 6933
0.013, 6932
0.013, 6931
0.013, 6930
0.013, 6929
0.013, 6928
0.013, 6927
0.013, 6926
0.013, 6925
0.013, 6924
0.013, 6923
0.013, 6922
0.013, 6921
0.013, 6920
0.013, 6919
0.013, 6918
0.013, 6917
0.013, 6916
0.013, 6915
0.013, 6914
0.013, 6913
0.013, 6912
0.013, 6911
0.013, 6910
0.013, 6909
0.013, 6908
0.013, 6907
0.013, 6906
0.013, 6905
0.013, 6904
0.013, 6903
0.013, 6902
0.013, 6901
0.013, 6900
0.013, 6899
0.013, 6898
0.013, 6897
0.013, 6896
0.013, 6895
0.013, 6894
0.013, 6893
0.013, 6892
0.013, 6891
0.013, 6890
0.013, 6889
0.013, 6888
0.013, 6887
0.013, 6886
0.013, 6885
0.013, 6884
0.013, 6883
0.013, 6882
0.013, 6881
0.013, 6880
0.013, 6879
0.013, 6878
0.013, 6877
0.013, 6876
0.013, 6875
0.013, 6874
0.013, 6873
0.013, 6872
0.013, 6871
0.013, 6870
0.013, 6869
0.013, 6868
0.013, 6867
0.013, 6866
0.013, 6865
0.013, 6864
0.013, 6863
0.013, 6862
0.013, 6861
0.013, 6860
0.013, 6859
0.014, 6858
0.014, 6857
0.014, 6856
0.014, 6855
0.014, 6854
0.014, 6853
0.014, 6852
0.014, 6851
0.014, 6850
0.014, 6849
0.014, 6848
0.014, 6847
0.014, 6846
0.014, 6845
0.014, 6844
0.014, 6843
0.014, 6842
0.014, 6841
0.014, 6840
0.014, 6839
0.014, 6838
0.014, 6837
0.014, 6836
0.014, 6835
0.014, 6834
0.014, 6833
0.014, 6832
0.014, 6831
0.014, 6830
0.014, 6829
0.014, 6828
0.014, 6827
0.014, 6826
0.014, 6825
0.014, 6824
0.014, 6823
0.014, 6822
0.014, 6821
0.014, 6820
0.014, 6819
0.014, 6818
0.014, 6817
0.014, 6816
0.014, 6815
0.014, 6814
0.014, 6813
0.014, 6812
0.014, 6811
0.014, 6810
0.014, 6809
0.014, 6808
0.014, 6807
0.014, 6806
0.014, 6805
0.014, 6804
0.014, 6803
0.014, 6802
0.014, 6801
0.014, 6800
0.014, 6799
0.014, 6798
0.014, 6797
0.014, 6796
0.014, 6795
0.014, 6794
0.014, 6793
0.014, 6792
0.014, 6791
0.014, 6790
0.014, 6789
0.014, 6788
0.014, 6787
0.014, 6786
0.014, 6785
0.014, 6784
0.014, 6783
0.014, 6782
0.014, 6781
0.014, 6780
0.014, 6779
0.014, 6778
0.014, 6777
0.014, 6776
0.014, 6775
0.014, 6774
0.014, 6773
0.014, 6772
0.014, 6771
0.014, 6770
0.014, 6769
0.014, 6768
0.014, 6767
0.014, 6766
0.014, 6765
0.014, 6764
0.014, 6763
0.014, 6762
0.014, 6761
0.014, 6760
0.014, 6759
0.014, 6758
0.014, 6757
0.014, 6756
0.014, 6755
0.014, 6754
0.014, 6753
0.014, 6752
0.014, 6751
0.014, 6750
0.014, 6749
0.014, 6748
0.014, 6747
0.014, 6746
0.014, 6745
0.014, 6744
0.014, 6743
0.014, 6742
0.014, 6741
0.014, 6740
0.014, 6739
0.014, 6738
0.014, 6737
0.014, 6736
0.014, 6735
0.014, 6734
0.014, 6733
0.014, 6732
0.014, 6731
0.014, 6730
0.014, 6729
0.014, 6728
0.014, 6727
0.014, 6726
0.014, 6725
0.014, 6724
0.014, 6723
0.014, 6722
0.014, 6721
0.014, 6720
0.014, 6719
0.014, 6718
0.014, 6717
0.014, 6716
0.014, 6715
0.014, 6714
0.014, 6713
0.014, 6712
0.014, 6711
0.014, 6710
0.014, 6709
0.014, 6708
0.014, 6707
0.014, 6706
0.014, 6705
0.014, 6704
0.014, 6703
0.014, 6702
0.014, 6701
0.014, 6700
0.014, 6699
0.014, 6698
0.014, 6697
0.014, 6696
0.014, 6695
0.014, 6694
0.014, 6693
0.014, 6692
0.014, 6691
0.014, 6690
0.014, 6689
0.014, 6688
0.014, 6687
0.014, 6686
0.014, 6685
0.014, 6684
0.014, 6683
0.014, 6682
0.015, 6681
0.015, 6680
0.015, 6679
0.015, 6678
0.015, 6677
0.015, 6676
0.015, 6675
0.015, 6674
0.015, 6673
0.015, 6672
0.015, 6671
0.015, 6670
0.015, 6669
0.015, 6668
0.015, 6667
0.015, 6666
0.015, 6665
0.015, 6664
0.015, 6663
0.015, 6662
0.015, 6661
0.015, 6660
0.015, 6659
0.015, 6658
0.015, 6657
0.015, 6656
0.015, 6655
0.015, 6654
0.015, 6653
0.015, 6652
0.015, 6651
0.015, 6650
0.015, 6649
0.015, 6648
0.015, 6647
0.015, 6646
0.015, 6645
0.015, 6644
0.015, 6643
0.015, 6642
0.015, 6641
0.015, 6640
0.015, 6639
0.015, 6638
0.015, 6637
0.015, 6636
0.015, 6635
0.015, 6634
0.015, 6633
0.015, 6632
0.015, 6631
0.015, 6630
0.015, 6629
0.015, 6628
0.015, 6627
0.015, 6626
0.015, 6625
0.015, 6624
0.015, 6623
0.015, 6622
0.015, 6621
0.015, 6620
0.015, 6619
0.015, 6618
0.015, 6617
0.015, 6616
0.015, 6615
0.015, 6614
0.015, 6613
0.015, 6612
0.015, 6611
0.015, 6610
0.015, 6609
0.015, 6608
0.015, 6607
0.015, 6606
0.015, 6605
0.015, 6604
0.015, 6603
0.015, 6602
0.015, 6601
0.015, 6600
0.015, 6599
0.015, 6598
0.015, 6597
0.015, 6596
0.015, 6595
0.015, 6594
0.015, 6593
0.015, 6592
0.015, 6591
0.015, 6590
0.015, 6589
0.015, 6588
0.015, 6587
0.015, 6586
0.015, 6585
0.015, 6584
0.015, 6583
0.015, 6582
0.015, 6581
0.015, 6580
0.015, 6579
0.015, 6578
0.015, 6577
0.015, 6576
0.015, 6575
0.015, 6574
0.015, 6573
0.015, 6572
0.015, 6571
0.015, 6570
0.015, 6569
0.015, 6568
0.015, 6567
0.015, 6566
0.015, 6565
0.015, 6564
0.015, 6563
0.015, 6562
0.015, 6561
0.015, 6560
0.015, 6559
0.015, 6558
0.015, 6557
0.015, 6556
0.015, 6555
0.015, 6554
0.015, 6553
0.015, 6552
0.015, 6551
0.015, 6550
0.015, 6549
0.015, 6548
0.015, 6547
0.015, 6546
0.015, 6545
0.015, 6544
0.015, 6543
0.015, 6542
0.015, 6541
0.015, 6540
0.015, 6539
0.015, 6538
0.015, 6537
0.015, 6536
0.015, 6535
0.015, 6534
0.015, 6533
0.015, 6532
0.015, 6531
0.015, 6530
0.015, 6529
0.015, 6528
0.015, 6527
0.015, 6526
0.015, 6525
0.015, 6524
0.015, 6523
0.015, 6522
0.015, 6521
0.015, 6520
0.015, 6519
0.015, 6518
0.015, 6517
0.015, 6516
0.015, 6515
0.015, 6514
0.015, 6513
0.015, 6512
0.015, 6511
0.015, 6510
0.015, 6509
0.015, 6508
0.015, 6507
0.015, 6506
0.015, 6505
0.015, 6504
0.016, 6503
0.016, 6502
0.016, 6501
0.016, 6500
0.016, 6499
0.016, 6498
0.016, 6497
0.016, 6496
0.016, 6495
0.016, 6494
0.016, 6493
0.016, 6492
0.016, 6491
0.016, 6490
0.016, 6489
0.016, 6488
0.016, 6487
0.016, 6486
0.016, 6485
0.016, 6484
0.016, 6483
0.016, 6482
0.016, 6481
0.016, 6480
0.016, 6479
0.016, 6478
0.016, 6477
0.016, 6476
0.016, 6475
0.016, 6474
0.016, 6473
0.016, 6472
0.016, 6471
0.016, 6470
0.016, 6469
0.016, 6468
0.016, 6467
0.016, 6466
0.016, 6465
0.016, 6464
0.016, 6463
0.016, 6462
0.016, 6461
0.016, 6460
0.016, 6459
0.016, 6458
0.016, 6457
0.016, 6456
0.016, 6455
0.016, 6454
0.016, 6453
0.016, 6452
0.016, 6451
0.016, 6450
0.016, 6449
0.016, 6448
0.016, 6447
0.016, 6446
0.016, 6445
0.016, 6444
0.016, 6443
0.016, 6442
0.016, 6441
0.016, 6440
0.016, 6439
0.016, 6438
0.016, 6437
0.016, 6436
0.016, 6435
0.016, 6434
0.016, 6433
0.016, 6432
0.016, 6431
0.016, 6430
0.016, 6429
0.016, 6428
0.016, 6427
0.016, 6426
0.016, 6425
0.016, 6424
0.016, 6423
0.016, 6422
0.016, 6421
0.016, 6420
0.016, 6419
0.016, 6418
0.016, 6417
0.016, 6416
0.016, 6415
0.016, 6414
0.016, 6413
0.016, 6412
0.016, 6411
0.016, 6410
0.016, 6409
0.016, 6408
0.016, 6407
0.016, 6406
0.016, 6405
0.016, 6404
0.016, 6403
0.016, 6402
0.016, 6401
0.016, 6400
0.016, 6399
0.016, 6398
0.016, 6397
0.016, 6396
0.016, 6395
0.016, 6394
0.016, 6393
0.016, 6392
0.016, 6391
0.016, 6390
0.016, 6389
0.016, 6388
0.016, 6387
0.016, 6386
0.016, 6385
0.016, 6384
0.016, 6383
0.016, 6382
0.016, 6381
0.016, 6380
0.016, 6379
0.016, 6378
0.016, 6377
0.016, 6376
0.016, 6375
0.016, 6374
0.016, 6373
0.016, 6372
0.016, 6371
0.016, 6370
0.016, 6369
0.016, 6368
0.016, 6367
0.016, 6366
0.016, 6365
0.016, 6364
0.016, 6363
0.016, 6362
0.016, 6361
0.016, 6360
0.016, 6359
0.016, 6358
0.016, 6357
0.016, 6356
0.016, 6355
0.016, 6354
0.016, 6353
0.016, 6352
0.016, 6351
0.016, 6350
0.016, 6349
0.016, 6348
0.016, 6347
0.016, 6346
0.016, 6345
0.016, 6344
0.016, 6343
0.016, 6342
0.016, 6341
0.016, 6340
0.016, 6339
0.016, 6338
0.016, 6337
0.016, 6336
0.016, 6335
0.016, 6334
0.016, 6333
0.016, 6332
0.016, 6331
0.016, 6330
0.016, 6329
0.016, 6328
0.016, 6327
0.016, 6326
0.016, 6325
0.016, 6324
0.016, 6323
0.016, 6322
0.016, 6321
0.016, 6320
0.016, 6319
0.016, 6318
0.016, 6317
0.016, 6316
0.016, 6315
0.016, 6314
0.016, 6313
0.016, 6312
0.017, 6311
0.017, 6310
0.017, 6309
0.017, 6308
0.017, 6307
0.017, 6306
0.017, 6305
0.017, 6304
0.017, 6303
0.017, 6302
0.017, 6301
0.017, 6300
0.017, 6299
0.017, 6298
0.017, 6297
0.017, 6296
0.017, 6295
0.017, 6294
0.017, 6293
0.017, 6292
0.017, 6291
0.017, 6290
0.017, 6289
0.017, 6288
0.017, 6287
0.017, 6286
0.017, 6285
0.017, 6284
0.017, 6283
0.017, 6282
0.017, 6281
0.017, 6280
0.017, 6279
0.017, 6278
0.017, 6277
0.017, 6276
0.017, 6275
0.017, 6274
0.017, 6273
0.017, 6272
0.017, 6271
0.017, 6270
0.017, 6269
0.017, 6268
0.017, 6267
0.017, 6266
0.017, 6265
0.017, 6264
0.017, 6263
0.017, 6262
0.017, 6261
0.017, 6260
0.017, 6259
0.017, 6258
0.017, 6257
0.017, 6256
0.017, 6255
0.017, 6254
0.017, 6253
0.017, 6252
0.017, 6251
0.017, 6250
0.017, 6249
0.017, 6248
0.017, 6247
0.017, 6246
0.017, 6245
0.017, 6244
0.017, 6243
0.017, 6242
0.017, 6241
0.017, 6240
0.017, 6239
0.017, 6238
0.017, 6237
0.017, 6236
0.017, 6235
0.017, 6234
0.017, 6233
0.017, 6232
0.017, 6231
0.017, 6230
0.017, 6229
0.017, 6228
0.017, 6227
0.017, 6226
0.017, 6225
0.017, 6224
0.017, 6223
0.017, 6222
0.017, 6221
0.017, 6220
0.017, 6219
0.017, 6218
0.017, 6217
0.017, 6216
0.017, 6215
0.017, 6214
0.017, 6213
0.017, 6212
0.017, 6211
0.017, 6210
0.017, 6209
0.017, 6208
0.017, 6207
0.017, 6206
0.017, 6205
0.017, 6204
0.017, 6203
0.017, 6202
0.017, 6201
0.017, 6200
0.017, 6199
0.017, 6198
0.017, 6197
0.017, 6196
0.017, 6195
0.017, 6194
0.017, 6193
0.017, 6192
0.017, 6191
0.017, 6190
0.017, 6189
0.017, 6188
0.017, 6187
0.017, 6186
0.017, 6185
0.017, 6184
0.017, 6183
0.017, 6182
0.017, 6181
0.017, 6180
0.017, 6179
0.017, 6178
0.017, 6177
0.017, 6176
0.017, 6175
0.017, 6174
0.017, 6173
0.017, 6172
0.017, 6171
0.017, 6170
0.017, 6169
0.017, 6168
0.017, 6167
0.017, 6166
0.017, 6165
0.017, 6164
0.017, 6163
0.017, 6162
0.017, 6161
0.017, 6160
0.017, 6159
0.017, 6158
0.017, 6157
0.017, 6156
0.017, 6155
0.017, 6154
0.017, 6153
0.017, 6152
0.017, 6151
0.017, 6150
0.017, 6149
0.018, 6148
0.018, 6147
0.018, 6146
0.018, 6145
0.018, 6144
0.018, 6143
0.018, 6142
0.018, 6141
0.018, 6140
0.018, 6139
0.018, 6138
0.018, 6137
0.018, 6136
0.018, 6135
0.018, 6134
0.018, 6133
0.018, 6132
0.018, 6131
0.018, 6130
0.018, 6129
0.018, 6128
0.018, 6127
0.018, 6126
0.018, 6125
0.018, 6124
0.018, 6123
0.018, 6122
0.018, 6121
0.018, 6120
0.018, 6119
0.018, 6118
0.018, 6117
0.018, 6116
0.018, 6115
0.018, 6114
0.018, 6113
0.018, 6112
0.018, 6111
0.018, 6110
0.018, 6109
0.018, 6108
0.018, 6107
0.018, 6106
0.018, 6105
0.018, 6104
0.018, 6103
0.018, 6102
0.018, 6101
0.018, 6100
0.018, 6099
0.018, 6098
0.018, 6097
0.018, 6096
0.018, 6095
0.018, 6094
0.018, 6093
0.018, 6092
0.018, 6091
0.018, 6090
0.018, 6089
0.018, 6088
0.018, 6087
0.018, 6086
0.018, 6085
0.018, 6084
0.018, 6083
0.018, 6082
0.018, 6081
0.018, 6080
0.018, 6079
0.018, 6078
0.018, 6077
0.018, 6076
0.018, 6075
0.018, 6074
0.018, 6073
0.018, 6072
0.018, 6071
0.018, 6070
0.018, 6069
0.018, 6068
0.018, 6067
0.018, 6066
0.018, 6065
0.018, 6064
0.018, 6063
0.018, 6062
0.018, 6061
0.018, 6060
0.018, 6059
0.018, 6058
0.018, 6057
0.018, 6056
0.018, 6055
0.018, 6054
0.018, 6053
0.018, 6052
0.018, 6051
0.018, 6050
0.018, 6049
0.018, 6048
0.018, 6047
0.018, 6046
0.018, 6045
0.018, 6044
0.018, 6043
0.018, 6042
0.018, 6041
0.018, 6040
0.018, 6039
0.018, 6038
0.018, 6037
0.018, 6036
0.018, 6035
0.018, 6034
0.018, 6033
0.018, 6032
0.018, 6031
0.018, 6030
0.018, 6029
0.018, 6028
0.018, 6027
0.018, 6026
0.018, 6025
0.018, 6024
0.018, 6023
0.018, 6022
0.018, 6021
0.018, 6020
0.018, 6019
0.018, 6018
0.018, 6017
0.018, 6016
0.018, 6015
0.018, 6014
0.018, 6013
0.018, 6012
0.018, 6011
0.018, 6010
0.018, 6009
0.018, 6008
0.018, 6007
0.018, 6006
0.018, 6005
0.018, 6004
0.018, 6003
0.018, 6002
0.018, 6001
0.018, 6000
0.018, 5999
0.018, 5998
0.018, 5997
0.018, 5996
0.018, 5995
0.018, 5994
0.018, 5993
0.018, 5992
0.018, 5991
0.018, 5990
0.018, 5989
0.018, 5988
0.018, 5987
0.018, 5986
0.018, 5985
0.018, 5984
0.018, 5983
0.018, 5982
0.018, 5981
0.018, 5980
0.018, 5979
0.018, 5978
0.018, 5977
0.018, 5976
0.018, 5975
0.018, 5974
0.018, 5973
0.018, 5972
0.018, 5971
0.018, 5970
0.019, 5969
0.019, 5968
0.019, 5967
0.019, 5966
0.019, 5965
0.019, 5964
0.019, 5963
0.019, 5962
0.019, 5961
0.019, 5960
0.019, 5959
0.019, 5958
0.019, 5957
0.019, 5956
0.019, 5955
0.019, 5954
0.019, 5953
0.019, 5952
0.019, 5951
0.019, 5950
0.019, 5949
0.019, 5948
0.019, 5947
0.019, 5946
0.019, 5945
0.019, 5944
0.019, 5943
0.019, 5942
0.019, 5941
0.019, 5940
0.019, 5939
0.019, 5938
0.019, 5937
0.019, 5936
0.019, 5935
0.019, 5934
0.019, 5933
0.019, 5932
0.019, 5931
0.019, 5930
0.019, 5929
0.019, 5928
0.019, 5927
0.019, 5926
0.019, 5925
0.019, 5924
0.019, 5923
0.019, 5922
0.019, 5921
0.019, 5920
0.019, 5919
0.019, 5918
0.019, 5917
0.019, 5916
0.019, 5915
0.019, 5914
0.019, 5913
0.019, 5912
0.019, 5911
0.019, 5910
0.019, 5909
0.019, 5908
0.019, 5907
0.019, 5906
0.019, 5905
0.019, 5904
0.019, 5903
0.019, 5902
0.019, 5901
0.019, 5900
0.019, 5899
0.019, 5898
0.019, 5897
0.019, 5896
0.019, 5895
0.019, 5894
0.019, 5893
0.019, 5892
0.019, 5891
0.019, 5890
0.019, 5889
0.019, 5888
0.019, 5887
0.019, 5886
0.019, 5885
0.019, 5884
0.019, 5883
0.019, 5882
0.019, 5881
0.019, 5880
0.019, 5879
0.019, 5878
0.019, 5877
0.019, 5876
0.019, 5875
0.019, 5874
0.019, 5873
0.019, 5872
0.019, 5871
0.019, 5870
0.019, 5869
0.019, 5868
0.019, 5867
0.019, 5866
0.019, 5865
0.019, 5864
0.019, 5863
0.019, 5862
0.019, 5861
0.019, 5860
0.019, 5859
0.019, 5858
0.019, 5857
0.019, 5856
0.019, 5855
0.019, 5854
0.019, 5853
0.019, 5852
0.019, 5851
0.019, 5850
0.019, 5849
0.019, 5848
0.019, 5847
0.019, 5846
0.019, 5845
0.019, 5844
0.019, 5843
0.019, 5842
0.019, 5841
0.019, 5840
0.019, 5839
0.019, 5838
0.019, 5837
0.019, 5836
0.019, 5835
0.019, 5834
0.019, 5833
0.019, 5832
0.019, 5831
0.019, 5830
0.019, 5829
0.019, 5828
0.019, 5827
0.019, 5826
0.019, 5825
0.019, 5824
0.019, 5823
0.019, 5822
0.019, 5821
0.019, 5820
0.019, 5819
0.019, 5818
0.019, 5817
0.019, 5816
0.019, 5815
0.019, 5814
0.019, 5813
0.019, 5812
0.019, 5811
0.019, 5810
0.019, 5809
0.019, 5808
0.019, 5807
0.019, 5806
0.019, 5805
0.019, 5804
0.019, 5803
0.019, 5802
0.019, 5801
0.019, 5800
0.019, 5799
0.019, 5798
0.019, 5797
0.019, 5796
0.019, 5795
0.019, 5794
0.019, 5793
0.019, 5792
0.019, 5791
0.019, 5790
0.019, 5789
0.019, 5788
0.019, 5787
0.019, 5786
0.019, 5785
0.019, 5784
0.019, 5783
0.020, 5782
0.020, 5781
0.020, 5780
0.020, 5779
0.020, 5778
0.020, 5777
0.020, 5776
0.020, 5775
0.020, 5774
0.020, 5773
0.020, 5772
0.020, 5771
0.020, 5770
0.020, 5769
0.020, 5768
0.020, 5767
0.020, 5766
0.020, 5765
0.020, 5764
0.020, 5763
0.020, 5762
0.020, 5761
0.020, 5760
0.020, 5759
0.020, 5758
0.020, 5757
0.020, 5756
0.020, 5755
0.020, 5754
0.020, 5753
0.020, 5752
0.020, 5751
0.020, 5750
0.020, 5749
0.020, 5748
0.020, 5747
0.020, 5746
0.020, 5745
0.020, 5744
0.020, 5743
0.020, 5742
0.020, 5741
0.020, 5740
0.020, 5739
0.020, 5738
0.020, 5737
0.020, 5736
0.020, 5735
0.020, 5734
0.020, 5733
0.020, 5732
0.020, 5731
0.020, 5730
0.020, 5729
0.020, 5728
0.020, 5727
0.020, 5726
0.020, 5725
0.020, 5724
0.020, 5723
0.020, 5722
0.020, 5721
0.020, 5720
0.020, 5719
0.020, 5718
0.020, 5717
0.020, 5716
0.020, 5715
0.020, 5714
0.020, 5713
0.020, 5712
0.020, 5711
0.020, 5710
0.020, 5709
0.020, 5708
0.020, 5707
0.020, 5706
0.020, 5705
0.020, 5704
0.020, 5703
0.020, 5702
0.020, 5701
0.020, 5700
0.020, 5699
0.020, 5698
0.020, 5697
0.020, 5696
0.020, 5695
0.020, 5694
0.020, 5693
0.020, 5692
0.020, 5691
0.020, 5690
0.020, 5689
0.020, 5688
0.020, 5687
0.020, 5686
0.020, 5685
0.020, 5684
0.020, 5683
0.020, 5682
0.020, 5681
0.020, 5680
0.020, 5679
0.020, 5678
0.020, 5677
0.020, 5676
0.020, 5675
0.020, 5674
0.020, 5673
0.020, 5672
0.020, 5671
0.020, 5670
0.020, 5669
0.020, 5668
0.020, 5667
0.020, 5666
0.020, 5665
0.020, 5664
0.020, 5663
0.020, 5662
0.020, 5661
0.020, 5660
0.020, 5659
0.020, 5658
0.020, 5657
0.020, 5656
0.020, 5655
0.020, 5654
0.020, 5653
0.020, 5652
0.020, 5651
0.020, 5650
0.020, 5649
0.020, 5648
0.020, 5647
0.020, 5646
0.020, 5645
0.020, 5644
0.020, 5643
0.020, 5642
0.020, 5641
0.020, 5640
0.020, 5639
0.020, 5638
0.020, 5637
0.020, 5636
0.020, 5635
0.020, 5634
0.020, 5633
0.020, 5632
0.020, 5631
0.020, 5630
0.020, 5629
0.020, 5628
0.020, 5627
0.020, 5626
0.020, 5625
0.020, 5624
0.020, 5623
0.020, 5622
0.020, 5621
0.020, 5620
0.020, 5619
0.020, 5618
0.020, 5617
0.020, 5616
0.020, 5615
0.020, 5614
0.020, 5613
0.021, 5612
0.021, 5611
0.021, 5610
0.021, 5609
0.021, 5608
0.021, 5607
0.021, 5606
0.021, 5605
0.021, 5604
0.021, 5603
0.021, 5602
0.021, 5601
0.021, 5600
0.021, 5599
0.021, 5598
0.021, 5597
0.021, 5596
0.021, 5595
0.021, 5594
0.021, 5593
0.021, 5592
0.021, 5591
0.021, 5590
0.021, 5589
0.021, 5588
0.021, 5587
0.021, 5586
0.021, 5585
0.021, 5584
0.021, 5583
0.021, 5582
0.021, 5581
0.021, 5580
0.021, 5579
0.021, 5578
0.021, 5577
0.021, 5576
0.021, 5575
0.021, 5574
0.021, 5573
0.021, 5572
0.021, 5571
0.021, 5570
0.021, 5569
0.021, 5568
0.021, 5567
0.021, 5566
0.021, 5565
0.021, 5564
0.021, 5563
0.021, 5562
0.021, 5561
0.021, 5560
0.021, 5559
0.021, 5558
0.021, 5557
0.021, 5556
0.021, 5555
0.021, 5554
0.021, 5553
0.021, 5552
0.021, 5551
0.021, 5550
0.021, 5549
0.021, 5548
0.021, 5547
0.021, 5546
0.021, 5545
0.021, 5544
0.021, 5543
0.021, 5542
0.021, 5541
0.021, 5540
0.021, 5539
0.021, 5538
0.021, 5537
0.021, 5536
0.021, 5535
0.021, 5534
0.021, 5533
0.021, 5532
0.021, 5531
0.021, 5530
0.021, 5529
0.021, 5528
0.021, 5527
0.021, 5526
0.021, 5525
0.021, 5524
0.021, 5523
0.021, 5522
0.021, 5521
0.021, 5520
0.021, 5519
0.021, 5518
0.021, 5517
0.021, 5516
0.021, 5515
0.021, 5514
0.021, 5513
0.021, 5512
0.021, 5511
0.021, 5510
0.021, 5509
0.021, 5508
0.021, 5507
0.021, 5506
0.021, 5505
0.021, 5504
0.021, 5503
0.021, 5502
0.021, 5501
0.021, 5500
0.021, 5499
0.021, 5498
0.021, 5497
0.021, 5496
0.021, 5495
0.021, 5494
0.021, 5493
0.021, 5492
0.021, 5491
0.021, 5490
0.021, 5489
0.021, 5488
0.021, 5487
0.021, 5486
0.021, 5485
0.021, 5484
0.021, 5483
0.021, 5482
0.021, 5481
0.021, 5480
0.021, 5479
0.021, 5478
0.021, 5477
0.021, 5476
0.021, 5475
0.021, 5474
0.021, 5473
0.021, 5472
0.021, 5471
0.021, 5470
0.021, 5469
0.021, 5468
0.021, 5467
0.021, 5466
0.021, 5465
0.021, 5464
0.021, 5463
0.021, 5462
0.021, 5461
0.021, 5460
0.021, 5459
0.021, 5458
0.021, 5457
0.021, 5456
0.021, 5455
0.021, 5454
0.021, 5453
0.022, 5452
0.022, 5451
0.022, 5450
0.022, 5449
0.022, 5448
0.022, 5447
0.022, 5446
0.022, 5445
0.022, 5444
0.022, 5443
0.022, 5442
0.022, 5441
0.022, 5440
0.022, 5439
0.022, 5438
0.022, 5437
0.022, 5436
0.022, 5435
0.022, 5434
0.022, 5433
0.022, 5432
0.022, 5431
0.022, 5430
0.022, 5429
0.022, 5428
0.022, 5427
0.022, 5426
0.022, 5425
0.022, 5424
0.022, 5423
0.022, 5422
0.022, 5421
0.022, 5420
0.022, 5419
0.022, 5418
0.022, 5417
0.022, 5416
0.022, 5415
0.022, 5414
0.022, 5413
0.022, 5412
0.022, 5411
0.022, 5410
0.022, 5409
0.022, 5408
0.022, 5407
0.022, 5406
0.022, 5405
0.022, 5404
0.022, 5403
0.022, 5402
0.022, 5401
0.022, 5400
0.022, 5399
0.022, 5398
0.022, 5397
0.022, 5396
0.022, 5395
0.022, 5394
0.022, 5393
0.022, 5392
0.022, 5391
0.022, 5390
0.022, 5389
0.022, 5388
0.022, 5387
0.022, 5386
0.022, 5385
0.022, 5384
0.022, 5383
0.022, 5382
0.022, 5381
0.022, 5380
0.022, 5379
0.022, 5378
0.022, 5377
0.022, 5376
0.022, 5375
0.022, 5374
0.022, 5373
0.022, 5372
0.022, 5371
0.022, 5370
0.022, 5369
0.022, 5368
0.022, 5367
0.022, 5366
0.022, 5365
0.022, 5364
0.022, 5363
0.022, 5362
0.022, 5361
0.022, 5360
0.022, 5359
0.022, 5358
0.022, 5357
0.022, 5356
0.022, 5355
0.022, 5354
0.022, 5353
0.022, 5352
0.022, 5351
0.022, 5350
0.022, 5349
0.022, 5348
0.022, 5347
0.022, 5346
0.022, 5345
0.022, 5344
0.022, 5343
0.022, 5342
0.022, 5341
0.022, 5340
0.022, 5339
0.022, 5338
0.022, 5337
0.022, 5336
0.022, 5335
0.022, 5334
0.022, 5333
0.022, 5332
0.022, 5331
0.022, 5330
0.022, 5329
0.022, 5328
0.022, 5327
0.022, 5326
0.022, 5325
0.022, 5324
0.022, 5323
0.022, 5322
0.022, 5321
0.022, 5320
0.022, 5319
0.022, 5318
0.022, 5317
0.022, 5316
0.022, 5315
0.022, 5314
0.022, 5313
0.022, 5312
0.022, 5311
0.022, 5310
0.022, 5309
0.022, 5308
0.022, 5307
0.022, 5306
0.022, 5305
0.022, 5304
0.022, 5303
0.022, 5302
0.022, 5301
0.022, 5300
0.022, 5299
0.023, 5298
0.023, 5297
0.023, 5296
0.023, 5295
0.023, 5294
0.023, 5293
0.023, 5292
0.023, 5291
0.023, 5290
0.023, 5289
0.023, 5288
0.023, 5287
0.023, 5286
0.023, 5285
0.023, 5284
0.023, 5283
0.023, 5282
0.023, 5281
0.023, 5280
0.023, 5279
0.023, 5278
0.023, 5277
0.023, 5276
0.023, 5275
0.023, 5274
0.023, 5273
0.023, 5272
0.023, 5271
0.023, 5270
0.023, 5269
0.023, 5268
0.023, 5267
0.023, 5266
0.023, 5265
0.023, 5264
0.023, 5263
0.023, 5262
0.023, 5261
0.023, 5260
0.023, 5259
0.023, 5258
0.023, 5257
0.023, 5256
0.023, 5255
0.023, 5254
0.023, 5253
0.023, 5252
0.023, 5251
0.023, 5250
0.023, 5249
0.023, 5248
0.023, 5247
0.023, 5246
0.023, 5245
0.023, 5244
0.023, 5243
0.023, 5242
0.023, 5241
0.023, 5240
0.023, 5239
0.023, 5238
0.023, 5237
0.023, 5236
0.023, 5235
0.023, 5234
0.023, 5233
0.023, 5232
0.023, 5231
0.023, 5230
0.023, 5229
0.023, 5228
0.023, 5227
0.023, 5226
0.023, 5225
0.023, 5224
0.023, 5223
0.023, 5222
0.023, 5221
0.023, 5220
0.023, 5219
0.023, 5218
0.023, 5217
0.023, 5216
0.023, 5215
0.023, 5214
0.023, 5213
0.023, 5212
0.023, 5211
0.023, 5210
0.023, 5209
0.023, 5208
0.023, 5207
0.023, 5206
0.023, 5205
0.023, 5204
0.023, 5203
0.023, 5202
0.023, 5201
0.023, 5200
0.023, 5199
0.023, 5198
0.023, 5197
0.023, 5196
0.023, 5195
0.023, 5194
0.023, 5193
0.023, 5192
0.023, 5191
0.023, 5190
0.023, 5189
0.023, 5188
0.023, 5187
0.023, 5186
0.023, 5185
0.023, 5184
0.023, 5183
0.023, 5182
0.023, 5181
0.023, 5180
0.023, 5179
0.023, 5178
0.023, 5177
0.023, 5176
0.023, 5175
0.023, 5174
0.023, 5173
0.023, 5172
0.023, 5171
0.023, 5170
0.023, 5169
0.023, 5168
0.023, 5167
0.023, 5166
0.023, 5165
0.023, 5164
0.023, 5163
0.023, 5162
0.023, 5161
0.023, 5160
0.023, 5159
0.023, 5158
0.023, 5157
0.023, 5156
0.023, 5155
0.023, 5154
0.023, 5153
0.023, 5152
0.023, 5151
0.023, 5150
0.023, 5149
0.023, 5148
0.023, 5147
0.023, 5146
0.023, 5145
0.023, 5144
0.023, 5143
0.023, 5142
0.023, 5141
0.023, 5140
0.023, 5139
0.023, 5138
0.023, 5137
0.023, 5136
0.023, 5135
0.023, 5134
0.023, 5133
0.023, 5132
0.023, 5131
0.023, 5130
0.023, 5129
0.023, 5128
0.023, 5127
0.023, 5126
0.023, 5125
0.023, 5124
0.023, 5123
0.023, 5122
0.023, 5121
0.023, 5120
0.023, 5119
0.023, 5118
0.023, 5117
0.023, 5116
0.023, 5115
0.023, 5114
0.024, 5113
0.024, 5112
0.024, 5111
0.024, 5110
0.024, 5109
0.024, 5108
0.024, 5107
0.024, 5106
0.024, 5105
0.024, 5104
0.024, 5103
0.024, 5102
0.024, 5101
0.024, 5100
0.024, 5099
0.024, 5098
0.024, 5097
0.024, 5096
0.024, 5095
0.024, 5094
0.024, 5093
0.024, 5092
0.024, 5091
0.024, 5090
0.024, 5089
0.024, 5088
0.024, 5087
0.024, 5086
0.024, 5085
0.024, 5084
0.024, 5083
0.024, 5082
0.024, 5081
0.024, 5080
0.024, 5079
0.024, 5078
0.024, 5077
0.024, 5076
0.024, 5075
0.024, 5074
0.024, 5073
0.024, 5072
0.024, 5071
0.024, 5070
0.024, 5069
0.024, 5068
0.024, 5067
0.024, 5066
0.024, 5065
0.024, 5064
0.024, 5063
0.024, 5062
0.024, 5061
0.024, 5060
0.024, 5059
0.024, 5058
0.024, 5057
0.024, 5056
0.024, 5055
0.024, 5054
0.024, 5053
0.024, 5052
0.024, 5051
0.024, 5050
0.024, 5049
0.024, 5048
0.024, 5047
0.024, 5046
0.024, 5045
0.024, 5044
0.024, 5043
0.024, 5042
0.024, 5041
0.024, 5040
0.024, 5039
0.024, 5038
0.024, 5037
0.024, 5036
0.024, 5035
0.024, 5034
0.024, 5033
0.024, 5032
0.024, 5031
0.024, 5030
0.024, 5029
0.024, 5028
0.024, 5027
0.024, 5026
0.024, 5025
0.024, 5024
0.024, 5023
0.024, 5022
0.024, 5021
0.024, 5020
0.024, 5019
0.024, 5018
0.024, 5017
0.024, 5016
0.024, 5015
0.024, 5014
0.024, 5013
0.024, 5012
0.024, 5011
0.024, 5010
0.024, 5009
0.024, 5008
0.024, 5007
0.024, 5006
0.024, 5005
0.024, 5004
0.024, 5003
0.024, 5002
0.024, 5001
0.024, 5000
0.024, 4999
0.024, 4998
0.024, 4997
0.024, 4996
0.024, 4995
0.024, 4994
0.024, 4993
0.024, 4992
0.024, 4991
0.024, 4990
0.024, 4989
0.024, 4988
0.024, 4987
0.024, 4986
0.024, 4985
0.024, 4984
0.024, 4983
0.024, 4982
0.024, 4981
0.024, 4980
0.024, 4979
0.024, 4978
0.024, 4977
0.024, 4976
0.024, 4975
0.024, 4974
0.024, 4973
0.024, 4972
0.024, 4971
0.024, 4970
0.024, 4969
0.024, 4968
0.024, 4967
0.024, 4966
0.024, 4965
0.024, 4964
0.024, 4963
0.024, 4962
0.024, 4961
0.024, 4960
0.024, 4959
0.024, 4958
0.024, 4957
0.024, 4956
0.024, 4955
0.024, 4954
0.024, 4953
0.024, 4952
0.024, 4951
0.024, 4950
0.024, 4949
0.024, 4948
0.024, 4947
0.024, 4946
0.025, 4945
0.025, 4944
0.025, 4943
0.025, 4942
0.025, 4941
0.025, 4940
0.025, 4939
0.025, 4938
0.025, 4937
0.025, 4936
0.025, 4935
0.025, 4934
0.025, 4933
0.025, 4932
0.025, 4931
0.025, 4930
0.025, 4929
0.025, 4928
0.025, 4927
0.025, 4926
0.025, 4925
0.025, 4924
0.025, 4923
0.025, 4922
0.025, 4921
0.025, 4920
0.025, 4919
0.025, 4918
0.025, 4917
0.025, 4916
0.025, 4915
0.025, 4914
0.025, 4913
0.025, 4912
0.025, 4911
0.025, 4910
0.025, 4909
0.025, 4908
0.025, 4907
0.025, 4906
0.025, 4905
0.025, 4904
0.025, 4903
0.025, 4902
0.025, 4901
0.025, 4900
0.025, 4899
0.025, 4898
0.025, 4897
0.025, 4896
0.025, 4895
0.025, 4894
0.025, 4893
0.025, 4892
0.025, 4891
0.025, 4890
0.025, 4889
0.025, 4888
0.025, 4887
0.025, 4886
0.025, 4885
0.025, 4884
0.025, 4883
0.025, 4882
0.025, 4881
0.025, 4880
0.025, 4879
0.025, 4878
0.025, 4877
0.025, 4876
0.025, 4875
0.025, 4874
0.025, 4873
0.025, 4872
0.025, 4871
0.025, 4870
0.025, 4869
0.025, 4868
0.025, 4867
0.025, 4866
0.025, 4865
0.025, 4864
0.025, 4863
0.025, 4862
0.025, 4861
0.025, 4860
0.025, 4859
0.025, 4858
0.025, 4857
0.025, 4856
0.025, 4855
0.025, 4854
0.025, 4853
0.025, 4852
0.025, 4851
0.025, 4850
0.025, 4849
0.025, 4848
0.025, 4847
0.025, 4846
0.025, 4845
0.025, 4844
0.025, 4843
0.025, 4842
0.025, 4841
0.025, 4840
0.025, 4839
0.025, 4838
0.025, 4837
0.025, 4836
0.025, 4835
0.025, 4834
0.025, 4833
0.025, 4832
0.025, 4831
0.025, 4830
0.025, 4829
0.025, 4828
0.025, 4827
0.025, 4826
0.025, 4825
0.025, 4824
0.025, 4823
0.025, 4822
0.025, 4821
0.025, 4820
0.025, 4819
0.025, 4818
0.025, 4817
0.025, 4816
0.025, 4815
0.025, 4814
0.025, 4813
0.025, 4812
0.025, 4811
0.025, 4810
0.025, 4809
0.025, 4808
0.025, 4807
0.025, 4806
0.025, 4805
0.025, 4804
0.025, 4803
0.025, 4802
0.025, 4801
0.025, 4800
0.025, 4799
0.025, 4798
0.025, 4797
0.025, 4796
0.025, 4795
0.025, 4794
0.025, 4793
0.025, 4792
0.025, 4791
0.025, 4790
0.025, 4789
0.026, 4788
0.026, 4787
0.026, 4786
0.026, 4785
0.026, 4784
0.026, 4783
0.026, 4782
0.026, 4781
0.026, 4780
0.026, 4779
0.026, 4778
0.026, 4777
0.026, 4776
0.026, 4775
0.026, 4774
0.026, 4773
0.026, 4772
0.026, 4771
0.026, 4770
0.026, 4769
0.026, 4768
0.026, 4767
0.026, 4766
0.026, 4765
0.026, 4764
0.026, 4763
0.026, 4762
0.026, 4761
0.026, 4760
0.026, 4759
0.026, 4758
0.026, 4757
0.026, 4756
0.026, 4755
0.026, 4754
0.026, 4753
0.026, 4752
0.026, 4751
0.026, 4750
0.026, 4749
0.026, 4748
0.026, 4747
0.026, 4746
0.026, 4745
0.026, 4744
0.026, 4743
0.026, 4742
0.026, 4741
0.026, 4740
0.026, 4739
0.026, 4738
0.026, 4737
0.026, 4736
0.026, 4735
0.026, 4734
0.026, 4733
0.026, 4732
0.026, 4731
0.026, 4730
0.026, 4729
0.026, 4728
0.026, 4727
0.026, 4726
0.026, 4725
0.026, 4724
0.026, 4723
0.026, 4722
0.026, 4721
0.026, 4720
0.026, 4719
0.026, 4718
0.026, 4717
0.026, 4716
0.026, 4715
0.026, 4714
0.026, 4713
0.026, 4712
0.026, 4711
0.026, 4710
0.026, 4709
0.026, 4708
0.026, 4707
0.026, 4706
0.026, 4705
0.026, 4704
0.026, 4703
0.026, 4702
0.026, 4701
0.026, 4700
0.026, 4699
0.026, 4698
0.026, 4697
0.026, 4696
0.026, 4695
0.026, 4694
0.026, 4693
0.026, 4692
0.026, 4691
0.026, 4690
0.026, 4689
0.026, 4688
0.026, 4687
0.026, 4686
0.026, 4685
0.026, 4684
0.026, 4683
0.026, 4682
0.026, 4681
0.026, 4680
0.026, 4679
0.026, 4678
0.026, 4677
0.026, 4676
0.026, 4675
0.026, 4674
0.026, 4673
0.026, 4672
0.026, 4671
0.026, 4670
0.026, 4669
0.026, 4668
0.026, 4667
0.026, 4666
0.026, 4665
0.026, 4664
0.026, 4663
0.026, 4662
0.026, 4661
0.026, 4660
0.026, 4659
0.026, 4658
0.026, 4657
0.026, 4656
0.026, 4655
0.026, 4654
0.026, 4653
0.026, 4652
0.026, 4651
0.026, 4650
0.026, 4649
0.026, 4648
0.026, 4647
0.026, 4646
0.026, 4645
0.026, 4644
0.026, 4643
0.026, 4642
0.026, 4641
0.026, 4640
0.026, 4639
0.026, 4638
0.026, 4637
0.026, 4636
0.026, 4635
0.026, 4634
0.026, 4633
0.026, 4632
0.026, 4631
0.026, 4630
0.026, 4629
0.026, 4628
0.026, 4627
0.026, 4626
0.026, 4625
0.026, 4624
0.026, 4623
0.026, 4622
0.027, 4621
0.027, 4620
0.027, 4619
0.027, 4618
0.027, 4617
0.027, 4616
0.027, 4615
0.027, 4614
0.027, 4613
0.027, 4612
0.027, 4611
0.027, 4610
0.027, 4609
0.027, 4608
0.027, 4607
0.027, 4606
0.027, 4605
0.027, 4604
0.027, 4603
0.027, 4602
0.027, 4601
0.027, 4600
0.027, 4599
0.027, 4598
0.027, 4597
0.027, 4596
0.027, 4595
0.027, 4594
0.027, 4593
0.027, 4592
0.027, 4591
0.027, 4590
0.027, 4589
0.027, 4588
0.027, 4587
0.027, 4586
0.027, 4585
0.027, 4584
0.027, 4583
0.027, 4582
0.027, 4581
0.027, 4580
0.027, 4579
0.027, 4578
0.027, 4577
0.027, 4576
0.027, 4575
0.027, 4574
0.027, 4573
0.027, 4572
0.027, 4571
0.027, 4570
0.027, 4569
0.027, 4568
0.027, 4567
0.027, 4566
0.027, 4565
0.027, 4564
0.027, 4563
0.027, 4562
0.027, 4561
0.027, 4560
0.027, 4559
0.027, 4558
0.027, 4557
0.027, 4556
0.027, 4555
0.027, 4554
0.027, 4553
0.027, 4552
0.027, 4551
0.027, 4550
0.027, 4549
0.027, 4548
0.027, 4547
0.027, 4546
0.027, 4545
0.027, 4544
0.027, 4543
0.027, 4542
0.027, 4541
0.027, 4540
0.027, 4539
0.027, 4538
0.027, 4537
0.027, 4536
0.027, 4535
0.027, 4534
0.027, 4533
0.027, 4532
0.027, 4531
0.027, 4530
0.027, 4529
0.027, 4528
0.027, 4527
0.027, 4526
0.027, 4525
0.027, 4524
0.027, 4523
0.027, 4522
0.027, 4521
0.027, 4520
0.027, 4519
0.027, 4518
0.027, 4517
0.027, 4516
0.027, 4515
0.027, 4514
0.027, 4513
0.027, 4512
0.027, 4511
0.027, 4510
0.027, 4509
0.027, 4508
0.027, 4507
0.027, 4506
0.027, 4505
0.027, 4504
0.027, 4503
0.027, 4502
0.027, 4501
0.027, 4500
0.027, 4499
0.027, 4498
0.027, 4497
0.027, 4496
0.027, 4495
0.027, 4494
0.027, 4493
0.027, 4492
0.027, 4491
0.027, 4490
0.027, 4489
0.027, 4488
0.027, 4487
0.027, 4486
0.027, 4485
0.027, 4484
0.027, 4483
0.027, 4482
0.027, 4481
0.027, 4480
0.027, 4479
0.027, 4478
0.027, 4477
0.027, 4476
0.027, 4475
0.027, 4474
0.027, 4473
0.027, 4472
0.027, 4471
0.027, 4470
0.027, 4469
0.028, 4468
0.028, 4467
0.028, 4466
0.028, 4465
0.028, 4464
0.028, 4463
0.028, 4462
0.028, 4461
0.028, 4460
0.028, 4459
0.028, 4458
0.028, 4457
0.028, 4456
0.028, 4455
0.028, 4454
0.028, 4453
0.028, 4452
0.028, 4451
0.028, 4450
0.028, 4449
0.028, 4448
0.028, 4447
0.028, 4446
0.028, 4445
0.028, 4444
0.028, 4443
0.028, 4442
0.028, 4441
0.028, 4440
0.028, 4439
0.028, 4438
0.028, 4437
0.028, 4436
0.028, 4435
0.028, 4434
0.028, 4433
0.028, 4432
0.028, 4431
0.028, 4430
0.028, 4429
0.028, 4428
0.028, 4427
0.028, 4426
0.028, 4425
0.028, 4424
0.028, 4423
0.028, 4422
0.028, 4421
0.028, 4420
0.028, 4419
0.028, 4418
0.028, 4417
0.028, 4416
0.028, 4415
0.028, 4414
0.028, 4413
0.028, 4412
0.028, 4411
0.028, 4410
0.028, 4409
0.028, 4408
0.028, 4407
0.028, 4406
0.028, 4405
0.028, 4404
0.028, 4403
0.028, 4402
0.028, 4401
0.028, 4400
0.028, 4399
0.028, 4398
0.028, 4397
0.028, 4396
0.028, 4395
0.028, 4394
0.028, 4393
0.028, 4392
0.028, 4391
0.028, 4390
0.028, 4389
0.028, 4388
0.028, 4387
0.028, 4386
0.028, 4385
0.028, 4384
0.028, 4383
0.028, 4382
0.028, 4381
0.028, 4380
0.028, 4379
0.028, 4378
0.028, 4377
0.028, 4376
0.028, 4375
0.028, 4374
0.028, 4373
0.028, 4372
0.028, 4371
0.028, 4370
0.028, 4369
0.028, 4368
0.028, 4367
0.028, 4366
0.028, 4365
0.028, 4364
0.028, 4363
0.028, 4362
0.028, 4361
0.028, 4360
0.028, 4359
0.028, 4358
0.028, 4357
0.028, 4356
0.028, 4355
0.028, 4354
0.028, 4353
0.028, 4352
0.028, 4351
0.028, 4350
0.028, 4349
0.028, 4348
0.028, 4347
0.028, 4346
0.028, 4345
0.028, 4344
0.028, 4343
0.028, 4342
0.028, 4341
0.028, 4340
0.028, 4339
0.028, 4338
0.028, 4337
0.028, 4336
0.028, 4335
0.028, 4334
0.028, 4333
0.028, 4332
0.028, 4331
0.028, 4330
0.028, 4329
0.028, 4328
0.028, 4327
0.028, 4326
0.028, 4325
0.028, 4324
0.028, 4323
0.028, 4322
0.028, 4321
0.028, 4320
0.028, 4319
0.028, 4318
0.028, 4317
0.028, 4316
0.028, 4315
0.028, 4314
0.028, 4313
0.028, 4312
0.028, 4311
0.029, 4310
0.029, 4309
0.029, 4308
0.029, 4307
0.029, 4306
0.029, 4305
0.029, 4304
0.029, 4303
0.029, 4302
0.029, 4301
0.029, 4300
0.029, 4299
0.029, 4298
0.029, 4297
0.029, 4296
0.029, 4295
0.029, 4294
0.029, 4293
0.029, 4292
0.029, 4291
0.029, 4290
0.029, 4289
0.029, 4288
0.029, 4287
0.029, 4286
0.029, 4285
0.029, 4284
0.029, 4283
0.029, 4282
0.029, 4281
0.029, 4280
0.029, 4279
0.029, 4278
0.029, 4277
0.029, 4276
0.029, 4275
0.029, 4274
0.029, 4273
0.029, 4272
0.029, 4271
0.029, 4270
0.029, 4269
0.029, 4268
0.029, 4267
0.029, 4266
0.029, 4265
0.029, 4264
0.029, 4263
0.029, 4262
0.029, 4261
0.029, 4260
0.029, 4259
0.029, 4258
0.029, 4257
0.029, 4256
0.029, 4255
0.029, 4254
0.029, 4253
0.029, 4252
0.029, 4251
0.029, 4250
0.029, 4249
0.029, 4248
0.029, 4247
0.029, 4246
0.029, 4245
0.029, 4244
0.029, 4243
0.029, 4242
0.029, 4241
0.029, 4240
0.029, 4239
0.029, 4238
0.029, 4237
0.029, 4236
0.029, 4235
0.029, 4234
0.029, 4233
0.029, 4232
0.029, 4231
0.029, 4230
0.029, 4229
0.029, 4228
0.029, 4227
0.029, 4226
0.029, 4225
0.029, 4224
0.029, 4223
0.029, 4222
0.029, 4221
0.029, 4220
0.029, 4219
0.029, 4218
0.029, 4217
0.029, 4216
0.029, 4215
0.029, 4214
0.029, 4213
0.029, 4212
0.029, 4211
0.029, 4210
0.029, 4209
0.029, 4208
0.029, 4207
0.029, 4206
0.029, 4205
0.029, 4204
0.029, 4203
0.029, 4202
0.029, 4201
0.029, 4200
0.029, 4199
0.029, 4198
0.029, 4197
0.029, 4196
0.029, 4195
0.029, 4194
0.029, 4193
0.029, 4192
0.029, 4191
0.029, 4190
0.029, 4189
0.029, 4188
0.029, 4187
0.029, 4186
0.029, 4185
0.029, 4184
0.029, 4183
0.029, 4182
0.029, 4181
0.029, 4180
0.029, 4179
0.029, 4178
0.029, 4177
0.029, 4176
0.029, 4175
0.029, 4174
0.029, 4173
0.029, 4172
0.030, 4171
0.030, 4170
0.030, 4169
0.030, 4168
0.030, 4167
0.030, 4166
0.030, 4165
0.030, 4164
0.030, 4163
0.030, 4162
0.030, 4161
0.030, 4160
0.030, 4159
0.030, 4158
0.030, 4157
0.030, 4156
0.030, 4155
0.030, 4154
0.030, 4153
0.030, 4152
0.030, 4151
0.030, 4150
0.030, 4149
0.030, 4148
0.030, 4147
0.030, 4146
0.030, 4145
0.030, 4144
0.030, 4143
0.030, 4142
0.030, 4141
0.030, 4140
0.030, 4139
0.030, 4138
0.030, 4137
0.030, 4136
0.030, 4135
0.030, 4134
0.030, 4133
0.030, 4132
0.030, 4131
0.030, 4130
0.030, 4129
0.030, 4128
0.030, 4127
0.030, 4126
0.030, 4125
0.030, 4124
0.030, 4123
0.030, 4122
0.030, 4121
0.030, 4120
0.030, 4119
0.030, 4118
0.030, 4117
0.030, 4116
0.030, 4115
0.030, 4114
0.030, 4113
0.030, 4112
0.030, 4111
0.030, 4110
0.030, 4109
0.030, 4108
0.030, 4107
0.030, 4106
0.030, 4105
0.030, 4104
0.030, 4103
0.030, 4102
0.030, 4101
0.030, 4100
0.030, 4099
0.030, 4098
0.030, 4097
0.030, 4096
0.030, 4095
0.030, 4094
0.030, 4093
0.030, 4092
0.030, 4091
0.030, 4090
0.030, 4089
0.030, 4088
0.030, 4087
0.030, 4086
0.030, 4085
0.030, 4084
0.030, 4083
0.030, 4082
0.030, 4081
0.030, 4080
0.030, 4079
0.030, 4078
0.030, 4077
0.030, 4076
0.030, 4075
0.030, 4074
0.030, 4073
0.030, 4072
0.030, 4071
0.030, 4070
0.030, 4069
0.030, 4068
0.030, 4067
0.030, 4066
0.030, 4065
0.030, 4064
0.030, 4063
0.030, 4062
0.030, 4061
0.030, 4060
0.030, 4059
0.030, 4058
0.030, 4057
0.030, 4056
0.030, 4055
0.030, 4054
0.030, 4053
0.030, 4052
0.030, 4051
0.030, 4050
0.030, 4049
0.030, 4048
0.030, 4047
0.030, 4046
0.030, 4045
0.030, 4044
0.030, 4043
0.030, 4042
0.030, 4041
0.030, 4040
0.030, 4039
0.031, 4038
0.031, 4037
0.031, 4036
0.031, 4035
0.031, 4034
0.031, 4033
0.031, 4032
0.031, 4031
0.031, 4030
0.031, 4029
0.031, 4028
0.031, 4027
0.031, 4026
0.031, 4025
0.031, 4024
0.031, 4023
0.031, 4022
0.031, 4021
0.031, 4020
0.031, 4019
0.031, 4018
0.031, 4017
0.031, 4016
0.031, 4015
0.031, 4014
0.031, 4013
0.031, 4012
0.031, 4011
0.031, 4010
0.031, 4009
0.031, 4008
0.031, 4007
0.031, 4006
0.031, 4005
0.031, 4004
0.031, 4003
0.031, 4002
0.031, 4001
0.031, 4000
0.031, 3999
0.031, 3998
0.031, 3997
0.031, 3996
0.031, 3995
0.031, 3994
0.031, 3993
0.031, 3992
0.031, 3991
0.031, 3990
0.031, 3989
0.031, 3988
0.031, 3987
0.031, 3986
0.031, 3985
0.031, 3984
0.031, 3983
0.031, 3982
0.031, 3981
0.031, 3980
0.031, 3979
0.031, 3978
0.031, 3977
0.031, 3976
0.031, 3975
0.031, 3974
0.031, 3973
0.031, 3972
0.031, 3971
0.031, 3970
0.031, 3969
0.031, 3968
0.031, 3967
0.031, 3966
0.031, 3965
0.031, 3964
0.031, 3963
0.031, 3962
0.031, 3961
0.031, 3960
0.031, 3959
0.031, 3958
0.031, 3957
0.031, 3956
0.031, 3955
0.031, 3954
0.031, 3953
0.031, 3952
0.032, 3951
0.032, 3950
0.032, 3949
0.032, 3948
0.032, 3947
0.032, 3946
0.032, 3945
0.032, 3944
0.032, 3943
0.032, 3942
