0.016, 8359
0.018, 8358
0.018, 8357
0.019, 8356
0.019, 8355
0.019, 8354
0.019, 8353
0.019, 8352
0.019, 8351
0.019, 8350
0.019, 8349
0.019, 8348
0.019, 8347
0.019, 8346
0.019, 8345
0.019, 8344
0.019, 8343
0.020, 8342
0.020, 8341
0.020, 8340
0.020, 8339
0.020, 8338
0.020, 8337
0.020, 8336
0.020, 8335
0.020, 8334
0.020, 8333
0.020, 8332
0.020, 8331
0.020, 8330
0.020, 8329
0.020, 8328
0.020, 8327
0.020, 8326
0.021, 8325
0.021, 8324
0.021, 8323
0.021, 8322
0.021, 8321
0.021, 8320
0.021, 8319
0.021, 8318
0.021, 8317
0.021, 8316
0.021, 8315
0.021, 8314
0.021, 8313
0.021, 8312
0.021, 8311
0.021, 8310
0.021, 8309
0.022, 8308
0.022, 8307
0.022, 8306
0.022, 8305
0.022, 8304
0.022, 8303
0.022, 8302
0.022, 8301
0.022, 8300
0.022, 8299
0.022, 8298
0.022, 8297
0.022, 8296
0.022, 8295
0.022, 8294
0.022, 8293
0.022, 8292
0.022, 8291
0.022, 8290
0.022, 8289
0.023, 8288
0.023, 8287
0.023, 8286
0.023, 8285
0.023, 8284
0.023, 8283
0.023, 8282
0.023, 8281
0.023, 8280
0.023, 8279
0.023, 8278
0.023, 8277
0.023, 8276
0.023, 8275
0.023, 8274
0.023, 8273
0.023, 8272
0.023, 8271
0.023, 8270
0.023, 8269
0.023, 8268
0.024, 8267
0.024, 8266
0.024, 8265
0.024, 8264
0.024, 8263
0.024, 8262
0.024, 8261
0.024, 8260
0.024, 8259
0.024, 8258
0.024, 8257
0.024, 8256
0.024, 8255
0.024, 8254
0.024, 8253
0.024, 8252
0.024, 8251
0.024, 8250
0.024, 8249
0.024, 8248
0.024, 8247
0.024, 8246
0.025, 8245
0.025, 8244
0.025, 8243
0.025, 8242
0.025, 8241
0.025, 8240
0.025, 8239
0.025, 8238
0.025, 8237
0.025, 8236
0.025, 8235
0.025, 8234
0.025, 8233
0.025, 8232
0.025, 8231
0.025, 8230
0.025, 8229
0.025, 8228
0.025, 8227
0.025, 8226
0.025, 8225
0.025, 8224
0.026, 8223
0.026, 8222
0.026, 8221
0.026, 8220
0.026, 8219
0.026, 8218
0.026, 8217
0.026, 8216
0.026, 8215
0.026, 8214
0.026, 8213
0.026, 8212
0.026, 8211
0.026, 8210
0.026, 8209
0.026, 8208
0.026, 8207
0.026, 8206
0.026, 8205
0.026, 8204
0.026, 8203
0.026, 8202
0.026, 8201
0.026, 8200
0.026, 8199
0.026, 8198
0.027, 8197
0.027, 8196
0.027, 8195
0.027, 8194
0.027, 8193
0.027, 8192
0.027, 8191
0.027, 8190
0.027, 8189
0.027, 8188
0.027, 8187
0.027, 8186
0.027, 8185
0.027, 8184
0.027, 8183
0.027, 8182
0.027, 8181
0.027, 8180
0.027, 8179
0.027, 8178
0.027, 8177
0.027, 8176
0.027, 8175
0.027, 8174
0.027, 8173
0.028, 8172
0.028, 8171
0.028, 8170
0.028, 8169
0.028, 8168
0.028, 8167
0.028, 8166
0.028, 8165
0.028, 8164
0.028, 8163
0.028, 8162
0.028, 8161
0.028, 8160
0.028, 8159
0.028, 8158
0.028, 8157
0.028, 8156
0.028, 8155
0.028, 8154
0.028, 8153
0.028, 8152
0.028, 8151
0.028, 8150
0.028, 8149
0.028, 8148
0.029, 8147
0.029, 8146
0.029, 8145
0.029, 8144
0.029, 8143
0.029, 8142
0.029, 8141
0.029, 8140
0.029, 8139
0.029, 8138
0.029, 8137
0.029, 8136
0.029, 8135
0.029, 8134
0.029, 8133
0.029, 8132
0.029, 8131
0.029, 8130
0.029, 8129
0.029, 8128
0.029, 8127
0.029, 8126
0.029, 8125
0.029, 8124
0.029, 8123
0.029, 8122
0.029, 8121
0.029, 8120
0.030, 8119
0.030, 8118
0.030, 8117
0.030, 8116
0.030, 8115
0.030, 8114
0.030, 8113
0.030, 8112
0.030, 8111
0.030, 8110
0.030, 8109
0.030, 8108
0.030, 8107
0.030, 8106
0.030, 8105
0.030, 8104
0.030, 8103
0.030, 8102
0.030, 8101
0.030, 8100
0.030, 8099
0.030, 8098
0.030, 8097
0.030, 8096
0.030, 8095
0.030, 8094
0.030, 8093
0.031, 8092
0.031, 8091
0.031, 8090
0.031, 8089
0.031, 8088
0.031, 8087
0.031, 8086
0.031, 8085
0.031, 8084
0.031, 8083
0.031, 8082
0.031, 8081
0.031, 8080
0.031, 8079
0.031, 8078
0.031, 8077
0.031, 8076
0.031, 8075
0.031, 8074
0.031, 8073
0.031, 8072
0.031, 8071
0.031, 8070
0.031, 8069
0.031, 8068
0.031, 8067
0.031, 8066
0.031, 8065
0.031, 8064
0.031, 8063
0.032, 8062
0.032, 8061
0.032, 8060
0.032, 8059
0.032, 8058
0.032, 8057
0.032, 8056
0.032, 8055
0.032, 8054
0.032, 8053
0.032, 8052
0.032, 8051
0.032, 8050
0.032, 8049
0.032, 8048
0.032, 8047
0.032, 8046
0.032, 8045
0.032, 8044
0.032, 8043
0.032, 8042
0.032, 8041
0.032, 8040
0.032, 8039
0.032, 8038
0.032, 8037
0.032, 8036
0.032, 8035
0.032, 8034
0.032, 8033
0.032, 8032
0.032, 8031
0.033, 8030
0.033, 8029
0.033, 8028
0.033, 8027
0.033, 8026
0.033, 8025
0.033, 8024
0.033, 8023
0.033, 8022
0.033, 8021
0.033, 8020
0.033, 8019
0.033, 8018
0.033, 8017
0.033, 8016
0.033, 8015
0.033, 8014
0.033, 8013
0.033, 8012
0.033, 8011
0.033, 8010
0.033, 8009
0.033, 8008
0.033, 8007
0.033, 8006
0.033, 8005
0.033, 8004
0.033, 8003
0.033, 8002
0.033, 8001
0.033, 8000
0.033, 7999
0.033, 7998
0.034, 7997
0.034, 7996
0.034, 7995
0.034, 7994
0.034, 7993
0.034, 7992
0.034, 7991
0.034, 7990
0.034, 7989
0.034, 7988
0.034, 7987
0.034, 7986
0.034, 7985
0.034, 7984
0.034, 7983
0.034, 7982
0.034, 7981
0.034, 7980
0.034, 7979
0.034, 7978
0.034, 7977
0.034, 7976
0.034, 7975
0.034, 7974
0.034, 7973
0.034, 7972
0.034, 7971
0.034, 7970
0.034, 7969
0.034, 7968
0.034, 7967
0.034, 7966
0.034, 7965
0.035, 7964
0.035, 7963
0.035, 7962
0.035, 7961
0.035, 7960
0.035, 7959
0.035, 7958
0.035, 7957
0.035, 7956
0.035, 7955
0.035, 7954
0.035, 7953
0.035, 7952
0.035, 7951
0.035, 7950
0.035, 7949
0.035, 7948
0.035, 7947
0.035, 7946
0.035, 7945
0.035, 7944
0.035, 7943
0.035, 7942
0.035, 7941
0.035, 7940
0.035, 7939
0.035, 7938
0.035, 7937
0.035, 7936
0.035, 7935
0.035, 7934
0.035, 7933
0.035, 7932
0.035, 7931
0.035, 7930
0.035, 7929
0.035, 7928
0.035, 7927
0.035, 7926
0.036, 7925
0.036, 7924
0.036, 7923
0.036, 7922
0.036, 7921
0.036, 7920
0.036, 7919
0.036, 7918
0.036, 7917
0.036, 7916
0.036, 7915
0.036, 7914
0.036, 7913
0.036, 7912
0.036, 7911
0.036, 7910
0.036, 7909
0.036, 7908
0.036, 7907
0.036, 7906
0.036, 7905
0.036, 7904
0.036, 7903
0.036, 7902
0.036, 7901
0.036, 7900
0.036, 7899
0.036, 7898
0.036, 7897
0.036, 7896
0.036, 7895
0.036, 7894
0.036, 7893
0.036, 7892
0.036, 7891
0.036, 7890
0.036, 7889
0.036, 7888
0.036, 7887
0.036, 7886
0.037, 7885
0.037, 7884
0.037, 7883
0.037, 7882
0.037, 7881
0.037, 7880
0.037, 7879
0.037, 7878
0.037, 7877
0.037, 7876
0.037, 7875
0.037, 7874
0.037, 7873
0.037, 7872
0.037, 7871
0.037, 7870
0.037, 7869
0.037, 7868
0.037, 7867
0.037, 7866
0.037, 7865
0.037, 7864
0.037, 7863
0.037, 7862
0.037, 7861
0.037, 7860
0.037, 7859
0.037, 7858
0.037, 7857
0.037, 7856
0.037, 7855
0.037, 7854
0.037, 7853
0.037, 7852
0.037, 7851
0.037, 7850
0.037, 7849
0.037, 7848
0.037, 7847
0.037, 7846
0.037, 7845
0.038, 7844
0.038, 7843
0.038, 7842
0.038, 7841
0.038, 7840
0.038, 7839
0.038, 7838
0.038, 7837
0.038, 7836
0.038, 7835
0.038, 7834
0.038, 7833
0.038, 7832
0.038, 7831
0.038, 7830
0.038, 7829
0.038, 7828
0.038, 7827
0.038, 7826
0.038, 7825
0.038, 7824
0.038, 7823
0.038, 7822
0.038, 7821
0.038, 7820
0.038, 7819
0.038, 7818
0.038, 7817
0.038, 7816
0.038, 7815
0.038, 7814
0.038, 7813
0.038, 7812
0.038, 7811
0.038, 7810
0.038, 7809
0.038, 7808
0.038, 7807
0.038, 7806
0.038, 7805
0.038, 7804
0.038, 7803
0.038, 7802
0.038, 7801
0.038, 7800
0.038, 7799
0.039, 7798
0.039, 7797
0.039, 7796
0.039, 7795
0.039, 7794
0.039, 7793
0.039, 7792
0.039, 7791
0.039, 7790
0.039, 7789
0.039, 7788
0.039, 7787
0.039, 7786
0.039, 7785
0.039, 7784
0.039, 7783
0.039, 7782
0.039, 7781
0.039, 7780
0.039, 7779
0.039, 7778
0.039, 7777
0.039, 7776
0.039, 7775
0.039, 7774
0.039, 7773
0.039, 7772
0.039, 7771
0.039, 7770
0.039, 7769
0.039, 7768
0.039, 7767
0.039, 7766
0.039, 7765
0.039, 7764
0.039, 7763
0.039, 7762
0.039, 7761
0.039, 7760
0.039, 7759
0.039, 7758
0.039, 7757
0.039, 7756
0.039, 7755
0.039, 7754
0.039, 7753
0.039, 7752
0.039, 7751
0.039, 7750
0.039, 7749
0.040, 7748
0.040, 7747
0.040, 7746
0.040, 7745
0.040, 7744
0.040, 7743
0.040, 7742
0.040, 7741
0.040, 7740
0.040, 7739
0.040, 7738
0.040, 7737
0.040, 7736
0.040, 7735
0.040, 7734
0.040, 7733
0.040, 7732
0.040, 7731
0.040, 7730
0.040, 7729
0.040, 7728
0.040, 7727
0.040, 7726
0.040, 7725
0.040, 7724
0.040, 7723
0.040, 7722
0.040, 7721
0.040, 7720
0.040, 7719
0.040, 7718
0.040, 7717
0.040, 7716
0.040, 7715
0.040, 7714
0.040, 7713
0.040, 7712
0.040, 7711
0.040, 7710
0.040, 7709
0.040, 7708
0.040, 7707
0.040, 7706
0.040, 7705
0.040, 7704
0.041, 7703
0.041, 7702
0.041, 7701
0.041, 7700
0.041, 7699
0.041, 7698
0.041, 7697
0.041, 7696
0.041, 7695
0.041, 7694
0.041, 7693
0.041, 7692
0.041, 7691
0.041, 7690
0.041, 7689
0.041, 7688
0.041, 7687
0.041, 7686
0.041, 7685
0.041, 7684
0.041, 7683
0.041, 7682
0.041, 7681
0.041, 7680
0.041, 7679
0.041, 7678
0.041, 7677
0.041, 7676
0.041, 7675
0.041, 7674
0.041, 7673
0.041, 7672
0.041, 7671
0.041, 7670
0.041, 7669
0.041, 7668
0.041, 7667
0.041, 7666
0.041, 7665
0.041, 7664
0.041, 7663
0.041, 7662
0.041, 7661
0.042, 7660
0.042, 7659
0.042, 7658
0.042, 7657
0.042, 7656
0.042, 7655
0.042, 7654
0.042, 7653
0.042, 7652
0.042, 7651
0.042, 7650
0.042, 7649
0.042, 7648
0.042, 7647
0.042, 7646
0.042, 7645
0.042, 7644
0.042, 7643
0.042, 7642
0.042, 7641
0.042, 7640
0.042, 7639
0.042, 7638
0.042, 7637
0.042, 7636
0.042, 7635
0.042, 7634
0.042, 7633
0.042, 7632
0.042, 7631
0.042, 7630
0.042, 7629
0.042, 7628
0.042, 7627
0.042, 7626
0.042, 7625
0.042, 7624
0.042, 7623
0.042, 7622
0.042, 7621
0.042, 7620
0.042, 7619
0.042, 7618
0.042, 7617
0.042, 7616
0.042, 7615
0.042, 7614
0.042, 7613
0.042, 7612
0.042, 7611
0.042, 7610
0.042, 7609
0.042, 7608
0.042, 7607
0.043, 7606
0.043, 7605
0.043, 7604
0.043, 7603
0.043, 7602
0.043, 7601
0.043, 7600
0.043, 7599
0.043, 7598
0.043, 7597
0.043, 7596
0.043, 7595
0.043, 7594
0.043, 7593
0.043, 7592
0.043, 7591
0.043, 7590
0.043, 7589
0.043, 7588
0.043, 7587
0.043, 7586
0.043, 7585
0.043, 7584
0.043, 7583
0.043, 7582
0.043, 7581
0.043, 7580
0.043, 7579
0.043, 7578
0.043, 7577
0.043, 7576
0.043, 7575
0.043, 7574
0.043, 7573
0.043, 7572
0.043, 7571
0.043, 7570
0.043, 7569
0.043, 7568
0.043, 7567
0.043, 7566
0.043, 7565
0.043, 7564
0.043, 7563
0.043, 7562
0.043, 7561
0.043, 7560
0.043, 7559
0.043, 7558
0.043, 7557
0.043, 7556
0.043, 7555
0.043, 7554
0.043, 7553
0.043, 7552
0.043, 7551
0.043, 7550
0.044, 7549
0.044, 7548
0.044, 7547
0.044, 7546
0.044, 7545
0.044, 7544
0.044, 7543
0.044, 7542
0.044, 7541
0.044, 7540
0.044, 7539
0.044, 7538
0.044, 7537
0.044, 7536
0.044, 7535
0.044, 7534
0.044, 7533
0.044, 7532
0.044, 7531
0.044, 7530
0.044, 7529
0.044, 7528
0.044, 7527
0.044, 7526
0.044, 7525
0.044, 7524
0.044, 7523
0.044, 7522
0.044, 7521
0.044, 7520
0.044, 7519
0.044, 7518
0.044, 7517
0.044, 7516
0.044, 7515
0.044, 7514
0.044, 7513
0.044, 7512
0.044, 7511
0.044, 7510
0.044, 7509
0.044, 7508
0.044, 7507
0.044, 7506
0.044, 7505
0.044, 7504
0.044, 7503
0.044, 7502
0.044, 7501
0.044, 7500
0.044, 7499
0.044, 7498
0.044, 7497
0.044, 7496
0.044, 7495
0.044, 7494
0.044, 7493
0.044, 7492
0.044, 7491
0.044, 7490
0.044, 7489
0.044, 7488
0.044, 7487
0.044, 7486
0.045, 7485
0.045, 7484
0.045, 7483
0.045, 7482
0.045, 7481
0.045, 7480
0.045, 7479
0.045, 7478
0.045, 7477
0.045, 7476
0.045, 7475
0.045, 7474
0.045, 7473
0.045, 7472
0.045, 7471
0.045, 7470
0.045, 7469
0.045, 7468
0.045, 7467
0.045, 7466
0.045, 7465
0.045, 7464
0.045, 7463
0.045, 7462
0.045, 7461
0.045, 7460
0.045, 7459
0.045, 7458
0.045, 7457
0.045, 7456
0.045, 7455
0.045, 7454
0.045, 7453
0.045, 7452
0.045, 7451
0.045, 7450
0.045, 7449
0.045, 7448
0.045, 7447
0.045, 7446
0.045, 7445
0.045, 7444
0.045, 7443
0.045, 7442
0.045, 7441
0.045, 7440
0.045, 7439
0.045, 7438
0.045, 7437
0.045, 7436
0.045, 7435
0.045, 7434
0.045, 7433
0.045, 7432
0.045, 7431
0.045, 7430
0.045, 7429
0.045, 7428
0.045, 7427
0.045, 7426
0.045, 7425
0.045, 7424
0.045, 7423
0.045, 7422
0.045, 7421
0.045, 7420
0.045, 7419
0.045, 7418
0.046, 7417
0.046, 7416
0.046, 7415
0.046, 7414
0.046, 7413
0.046, 7412
0.046, 7411
0.046, 7410
0.046, 7409
0.046, 7408
0.046, 7407
0.046, 7406
0.046, 7405
0.046, 7404
0.046, 7403
0.046, 7402
0.046, 7401
0.046, 7400
0.046, 7399
0.046, 7398
0.046, 7397
0.046, 7396
0.046, 7395
0.046, 7394
0.046, 7393
0.046, 7392
0.046, 7391
0.046, 7390
0.046, 7389
0.046, 7388
0.046, 7387
0.046, 7386
0.046, 7385
0.046, 7384
0.046, 7383
0.046, 7382
0.046, 7381
0.046, 7380
0.046, 7379
0.046, 7378
0.046, 7377
0.046, 7376
0.046, 7375
0.046, 7374
0.046, 7373
0.046, 7372
0.046, 7371
0.046, 7370
0.046, 7369
0.046, 7368
0.046, 7367
0.046, 7366
0.046, 7365
0.046, 7364
0.046, 7363
0.046, 7362
0.046, 7361
0.046, 7360
0.046, 7359
0.046, 7358
0.046, 7357
0.046, 7356
0.046, 7355
0.046, 7354
0.046, 7353
0.046, 7352
0.046, 7351
0.046, 7350
0.046, 7349
0.046, 7348
0.046, 7347
0.046, 7346
0.046, 7345
0.046, 7344
0.046, 7343
0.046, 7342
0.046, 7341
0.046, 7340
0.046, 7339
0.047, 7338
0.047, 7337
0.047, 7336
0.047, 7335
0.047, 7334
0.047, 7333
0.047, 7332
0.047, 7331
0.047, 7330
0.047, 7329
0.047, 7328
0.047, 7327
0.047, 7326
0.047, 7325
0.047, 7324
0.047, 7323
0.047, 7322
0.047, 7321
0.047, 7320
0.047, 7319
0.047, 7318
0.047, 7317
0.047, 7316
0.047, 7315
0.047, 7314
0.047, 7313
0.047, 7312
0.047, 7311
0.047, 7310
0.047, 7309
0.047, 7308
0.047, 7307
0.047, 7306
0.047, 7305
0.047, 7304
0.047, 7303
0.047, 7302
0.047, 7301
0.047, 7300
0.047, 7299
0.047, 7298
0.047, 7297
0.047, 7296
0.047, 7295
0.047, 7294
0.047, 7293
0.047, 7292
0.047, 7291
0.047, 7290
0.047, 7289
0.047, 7288
0.047, 7287
0.047, 7286
0.047, 7285
0.047, 7284
0.047, 7283
0.047, 7282
0.047, 7281
0.047, 7280
0.047, 7279
0.047, 7278
0.047, 7277
0.047, 7276
0.047, 7275
0.047, 7274
0.047, 7273
0.047, 7272
0.047, 7271
0.047, 7270
0.047, 7269
0.047, 7268
0.047, 7267
0.047, 7266
0.047, 7265
0.047, 7264
0.047, 7263
0.047, 7262
0.047, 7261
0.047, 7260
0.047, 7259
0.047, 7258
0.047, 7257
0.047, 7256
0.047, 7255
0.048, 7254
0.048, 7253
0.048, 7252
0.048, 7251
0.048, 7250
0.048, 7249
0.048, 7248
0.048, 7247
0.048, 7246
0.048, 7245
0.048, 7244
0.048, 7243
0.048, 7242
0.048, 7241
0.048, 7240
0.048, 7239
0.048, 7238
0.048, 7237
0.048, 7236
0.048, 7235
0.048, 7234
0.048, 7233
0.048, 7232
0.048, 7231
0.048, 7230
0.048, 7229
0.048, 7228
0.048, 7227
0.048, 7226
0.048, 7225
0.048, 7224
0.048, 7223
0.048, 7222
0.048, 7221
0.048, 7220
0.048, 7219
0.048, 7218
0.048, 7217
0.048, 7216
0.048, 7215
0.048, 7214
0.048, 7213
0.048, 7212
0.048, 7211
0.048, 7210
0.048, 7209
0.048, 7208
0.048, 7207
0.048, 7206
0.048, 7205
0.048, 7204
0.048, 7203
0.048, 7202
0.048, 7201
0.048, 7200
0.048, 7199
0.048, 7198
0.048, 7197
0.048, 7196
0.048, 7195
0.048, 7194
0.048, 7193
0.048, 7192
0.048, 7191
0.048, 7190
0.048, 7189
0.048, 7188
0.048, 7187
0.048, 7186
0.048, 7185
0.048, 7184
0.048, 7183
0.048, 7182
0.048, 7181
0.048, 7180
0.048, 7179
0.048, 7178
0.048, 7177
0.048, 7176
0.048, 7175
0.048, 7174
0.048, 7173
0.048, 7172
0.048, 7171
0.048, 7170
0.048, 7169
0.048, 7168
0.048, 7167
0.048, 7166
0.048, 7165
0.048, 7164
0.048, 7163
0.048, 7162
0.049, 7161
0.049, 7160
0.049, 7159
0.049, 7158
0.049, 7157
0.049, 7156
0.049, 7155
0.049, 7154
0.049, 7153
0.049, 7152
0.049, 7151
0.049, 7150
0.049, 7149
0.049, 7148
0.049, 7147
0.049, 7146
0.049, 7145
0.049, 7144
0.049, 7143
0.049, 7142
0.049, 7141
0.049, 7140
0.049, 7139
0.049, 7138
0.049, 7137
0.049, 7136
0.049, 7135
0.049, 7134
0.049, 7133
0.049, 7132
0.049, 7131
0.049, 7130
0.049, 7129
0.049, 7128
0.049, 7127
0.049, 7126
0.049, 7125
0.049, 7124
0.049, 7123
0.049, 7122
0.049, 7121
0.049, 7120
0.049, 7119
0.049, 7118
0.049, 7117
0.049, 7116
0.049, 7115
0.049, 7114
0.049, 7113
0.049, 7112
0.049, 7111
0.049, 7110
0.049, 7109
0.049, 7108
0.049, 7107
0.049, 7106
0.049, 7105
0.049, 7104
0.049, 7103
0.049, 7102
0.049, 7101
0.049, 7100
0.049, 7099
0.049, 7098
0.049, 7097
0.049, 7096
0.049, 7095
0.049, 7094
0.049, 7093
0.049, 7092
0.049, 7091
0.049, 7090
0.049, 7089
0.049, 7088
0.049, 7087
0.049, 7086
0.049, 7085
0.049, 7084
0.049, 7083
0.049, 7082
0.049, 7081
0.049, 7080
0.049, 7079
0.049, 7078
0.049, 7077
0.049, 7076
0.049, 7075
0.049, 7074
0.049, 7073
0.049, 7072
0.049, 7071
0.049, 7070
0.049, 7069
0.049, 7068
0.049, 7067
0.049, 7066
0.049, 7065
0.050, 7064
0.050, 7063
0.050, 7062
0.050, 7061
0.050, 7060
0.050, 7059
0.050, 7058
0.050, 7057
0.050, 7056
0.050, 7055
0.050, 7054
0.050, 7053
0.050, 7052
0.050, 7051
0.050, 7050
0.050, 7049
0.050, 7048
0.050, 7047
0.050, 7046
0.050, 7045
0.050, 7044
0.050, 7043
0.050, 7042
0.050, 7041
0.050, 7040
0.050, 7039
0.050, 7038
0.050, 7037
0.050, 7036
0.050, 7035
0.050, 7034
0.050, 7033
0.050, 7032
0.050, 7031
0.050, 7030
0.050, 7029
0.050, 7028
0.050, 7027
0.050, 7026
0.050, 7025
0.050, 7024
0.050, 7023
0.050, 7022
0.050, 7021
0.050, 7020
0.050, 7019
0.050, 7018
0.050, 7017
0.050, 7016
0.050, 7015
0.050, 7014
0.050, 7013
0.050, 7012
0.050, 7011
0.050, 7010
0.050, 7009
0.050, 7008
0.050, 7007
0.050, 7006
0.050, 7005
0.050, 7004
0.050, 7003
0.050, 7002
0.050, 7001
0.050, 7000
0.050, 6999
0.050, 6998
0.050, 6997
0.050, 6996
0.050, 6995
0.050, 6994
0.051, 6993
0.051, 6992
0.051, 6991
0.051, 6990
0.051, 6989
0.051, 6988
0.051, 6987
0.051, 6986
0.051, 6985
0.051, 6984
0.051, 6983
0.051, 6982
0.051, 6981
0.051, 6980
0.051, 6979
0.051, 6978
0.051, 6977
0.051, 6976
0.051, 6975
0.051, 6974
0.051, 6973
0.051, 6972
0.051, 6971
0.051, 6970
0.051, 6969
0.051, 6968
0.051, 6967
0.051, 6966
0.051, 6965
0.051, 6964
0.051, 6963
0.051, 6962
0.051, 6961
0.051, 6960
0.051, 6959
0.051, 6958
0.051, 6957
0.051, 6956
0.051, 6955
0.051, 6954
0.051, 6953
0.051, 6952
0.051, 6951
0.051, 6950
0.051, 6949
0.051, 6948
0.051, 6947
0.051, 6946
0.051, 6945
0.051, 6944
0.051, 6943
0.051, 6942
0.051, 6941
0.051, 6940
0.051, 6939
0.051, 6938
0.051, 6937
0.051, 6936
0.051, 6935
0.051, 6934
0.051, 6933
0.051, 6932
0.051, 6931
0.051, 6930
0.051, 6929
0.051, 6928
0.051, 6927
0.051, 6926
0.051, 6925
0.051, 6924
0.051, 6923
0.051, 6922
0.051, 6921
0.051, 6920
0.051, 6919
0.051, 6918
0.051, 6917
0.051, 6916
0.051, 6915
0.051, 6914
0.051, 6913
0.051, 6912
0.052, 6911
0.052, 6910
0.052, 6909
0.052, 6908
0.052, 6907
0.052, 6906
0.052, 6905
0.052, 6904
0.052, 6903
0.052, 6902
0.052, 6901
0.052, 6900
0.052, 6899
0.052, 6898
0.052, 6897
0.052, 6896
0.052, 6895
0.052, 6894
0.052, 6893
0.052, 6892
0.052, 6891
0.052, 6890
0.052, 6889
0.052, 6888
0.052, 6887
0.052, 6886
0.052, 6885
0.052, 6884
0.052, 6883
0.052, 6882
0.052, 6881
0.052, 6880
0.052, 6879
0.052, 6878
0.052, 6877
0.052, 6876
0.052, 6875
0.052, 6874
0.052, 6873
0.052, 6872
0.052, 6871
0.052, 6870
0.052, 6869
0.052, 6868
0.052, 6867
0.052, 6866
0.052, 6865
0.052, 6864
0.052, 6863
0.052, 6862
0.052, 6861
0.052, 6860
0.052, 6859
0.052, 6858
0.052, 6857
0.052, 6856
0.052, 6855
0.052, 6854
0.052, 6853
0.052, 6852
0.052, 6851
0.052, 6850
0.052, 6849
0.052, 6848
0.052, 6847
0.052, 6846
0.052, 6845
0.052, 6844
0.052, 6843
0.052, 6842
0.052, 6841
0.052, 6840
0.052, 6839
0.052, 6838
0.052, 6837
0.052, 6836
0.052, 6835
0.052, 6834
0.052, 6833
0.052, 6832
0.052, 6831
0.052, 6830
0.052, 6829
0.052, 6828
0.052, 6827
0.052, 6826
0.052, 6825
0.052, 6824
0.052, 6823
0.052, 6822
0.052, 6821
0.052, 6820
0.052, 6819
0.053, 6818
0.053, 6817
0.053, 6816
0.053, 6815
0.053, 6814
0.053, 6813
0.053, 6812
0.053, 6811
0.053, 6810
0.053, 6809
0.053, 6808
0.053, 6807
0.053, 6806
0.053, 6805
0.053, 6804
0.053, 6803
0.053, 6802
0.053, 6801
0.053, 6800
0.053, 6799
0.053, 6798
0.053, 6797
0.053, 6796
0.053, 6795
0.053, 6794
0.053, 6793
0.053, 6792
0.053, 6791
0.053, 6790
0.053, 6789
0.053, 6788
0.053, 6787
0.053, 6786
0.053, 6785
0.053, 6784
0.053, 6783
0.053, 6782
0.053, 6781
0.053, 6780
0.053, 6779
0.053, 6778
0.053, 6777
0.053, 6776
0.053, 6775
0.053, 6774
0.053, 6773
0.053, 6772
0.053, 6771
0.053, 6770
0.053, 6769
0.053, 6768
0.053, 6767
0.053, 6766
0.053, 6765
0.053, 6764
0.053, 6763
0.053, 6762
0.053, 6761
0.053, 6760
0.053, 6759
0.053, 6758
0.053, 6757
0.053, 6756
0.053, 6755
0.053, 6754
0.053, 6753
0.053, 6752
0.053, 6751
0.053, 6750
0.053, 6749
0.053, 6748
0.053, 6747
0.053, 6746
0.053, 6745
0.053, 6744
0.053, 6743
0.053, 6742
0.053, 6741
0.053, 6740
0.053, 6739
0.053, 6738
0.053, 6737
0.053, 6736
0.053, 6735
0.053, 6734
0.053, 6733
0.053, 6732
0.053, 6731
0.053, 6730
0.053, 6729
0.053, 6728
0.053, 6727
0.053, 6726
0.053, 6725
0.053, 6724
0.053, 6723
0.053, 6722
0.053, 6721
0.053, 6720
0.053, 6719
0.053, 6718
0.053, 6717
0.053, 6716
0.053, 6715
0.054, 6714
0.054, 6713
0.054, 6712
0.054, 6711
0.054, 6710
0.054, 6709
0.054, 6708
0.054, 6707
0.054, 6706
0.054, 6705
0.054, 6704
0.054, 6703
0.054, 6702
0.054, 6701
0.054, 6700
0.054, 6699
0.054, 6698
0.054, 6697
0.054, 6696
0.054, 6695
0.054, 6694
0.054, 6693
0.054, 6692
0.054, 6691
0.054, 6690
0.054, 6689
0.054, 6688
0.054, 6687
0.054, 6686
0.054, 6685
0.054, 6684
0.054, 6683
0.054, 6682
0.054, 6681
0.054, 6680
0.054, 6679
0.054, 6678
0.054, 6677
0.054, 6676
0.054, 6675
0.054, 6674
0.054, 6673
0.054, 6672
0.054, 6671
0.054, 6670
0.054, 6669
0.054, 6668
0.054, 6667
0.054, 6666
0.054, 6665
0.054, 6664
0.054, 6663
0.054, 6662
0.054, 6661
0.054, 6660
0.054, 6659
0.054, 6658
0.054, 6657
0.054, 6656
0.054, 6655
0.054, 6654
0.054, 6653
0.054, 6652
0.054, 6651
0.054, 6650
0.054, 6649
0.054, 6648
0.054, 6647
0.054, 6646
0.054, 6645
0.054, 6644
0.054, 6643
0.054, 6642
0.054, 6641
0.054, 6640
0.054, 6639
0.054, 6638
0.054, 6637
0.054, 6636
0.054, 6635
0.054, 6634
0.054, 6633
0.054, 6632
0.054, 6631
0.054, 6630
0.054, 6629
0.054, 6628
0.054, 6627
0.054, 6626
0.054, 6625
0.054, 6624
0.054, 6623
0.054, 6622
0.054, 6621
0.054, 6620
0.054, 6619
0.054, 6618
0.054, 6617
0.054, 6616
0.054, 6615
0.054, 6614
0.054, 6613
0.054, 6612
0.054, 6611
0.054, 6610
0.054, 6609
0.054, 6608
0.054, 6607
0.054, 6606
0.054, 6605
0.054, 6604
0.054, 6603
0.054, 6602
0.054, 6601
0.054, 6600
0.054, 6599
0.054, 6598
0.054, 6597
0.054, 6596
0.054, 6595
0.054, 6594
0.054, 6593
0.054, 6592
0.054, 6591
0.054, 6590
0.054, 6589
0.054, 6588
0.054, 6587
0.054, 6586
0.054, 6585
0.054, 6584
0.054, 6583
0.054, 6582
0.054, 6581
0.054, 6580
0.054, 6579
0.054, 6578
0.054, 6577
0.055, 6576
0.055, 6575
0.055, 6574
0.055, 6573
0.055, 6572
0.055, 6571
0.055, 6570
0.055, 6569
0.055, 6568
0.055, 6567
0.055, 6566
0.055, 6565
0.055, 6564
0.055, 6563
0.055, 6562
0.055, 6561
0.055, 6560
0.055, 6559
0.055, 6558
0.055, 6557
0.055, 6556
0.055, 6555
0.055, 6554
0.055, 6553
0.055, 6552
0.055, 6551
0.055, 6550
0.055, 6549
0.055, 6548
0.055, 6547
0.055, 6546
0.055, 6545
0.055, 6544
0.055, 6543
0.055, 6542
0.055, 6541
0.055, 6540
0.055, 6539
0.055, 6538
0.055, 6537
0.055, 6536
0.055, 6535
0.055, 6534
0.055, 6533
0.055, 6532
0.055, 6531
0.055, 6530
0.055, 6529
0.055, 6528
0.055, 6527
0.055, 6526
0.055, 6525
0.055, 6524
0.055, 6523
0.055, 6522
0.055, 6521
0.055, 6520
0.055, 6519
0.055, 6518
0.055, 6517
0.055, 6516
0.055, 6515
0.055, 6514
0.055, 6513
0.055, 6512
0.055, 6511
0.055, 6510
0.055, 6509
0.055, 6508
0.055, 6507
0.055, 6506
0.055, 6505
0.055, 6504
0.055, 6503
0.055, 6502
0.055, 6501
0.055, 6500
0.055, 6499
0.055, 6498
0.055, 6497
0.055, 6496
0.055, 6495
0.055, 6494
0.055, 6493
0.055, 6492
0.055, 6491
0.055, 6490
0.055, 6489
0.055, 6488
0.055, 6487
0.055, 6486
0.055, 6485
0.055, 6484
0.055, 6483
0.055, 6482
0.055, 6481
0.055, 6480
0.055, 6479
0.055, 6478
0.055, 6477
0.055, 6476
0.055, 6475
0.055, 6474
0.055, 6473
0.055, 6472
0.055, 6471
0.055, 6470
0.055, 6469
0.055, 6468
0.055, 6467
0.055, 6466
0.055, 6465
0.055, 6464
0.055, 6463
0.055, 6462
0.055, 6461
0.055, 6460
0.055, 6459
0.055, 6458
0.055, 6457
0.055, 6456
0.055, 6455
0.055, 6454
0.055, 6453
0.055, 6452
0.055, 6451
0.055, 6450
0.055, 6449
0.055, 6448
0.055, 6447
0.055, 6446
0.055, 6445
0.055, 6444
0.055, 6443
0.055, 6442
0.055, 6441
0.055, 6440
0.055, 6439
0.056, 6438
0.056, 6437
0.056, 6436
0.056, 6435
0.056, 6434
0.056, 6433
0.056, 6432
0.056, 6431
0.056, 6430
0.056, 6429
0.056, 6428
0.056, 6427
0.056, 6426
0.056, 6425
0.056, 6424
0.056, 6423
0.056, 6422
0.056, 6421
0.056, 6420
0.056, 6419
0.056, 6418
0.056, 6417
0.056, 6416
0.056, 6415
0.056, 6414
0.056, 6413
0.056, 6412
0.056, 6411
0.056, 6410
0.056, 6409
0.056, 6408
0.056, 6407
0.056, 6406
0.056, 6405
0.056, 6404
0.056, 6403
0.056, 6402
0.056, 6401
0.056, 6400
0.056, 6399
0.056, 6398
0.056, 6397
0.056, 6396
0.056, 6395
0.056, 6394
0.056, 6393
0.056, 6392
0.056, 6391
0.056, 6390
0.056, 6389
0.056, 6388
0.056, 6387
0.056, 6386
0.056, 6385
0.056, 6384
0.056, 6383
0.056, 6382
0.056, 6381
0.056, 6380
0.056, 6379
0.056, 6378
0.056, 6377
0.056, 6376
0.056, 6375
0.056, 6374
0.056, 6373
0.056, 6372
0.056, 6371
0.056, 6370
0.056, 6369
0.056, 6368
0.056, 6367
0.056, 6366
0.056, 6365
0.056, 6364
0.056, 6363
0.056, 6362
0.056, 6361
0.056, 6360
0.056, 6359
0.056, 6358
0.056, 6357
0.056, 6356
0.056, 6355
0.056, 6354
0.056, 6353
0.056, 6352
0.056, 6351
0.056, 6350
0.056, 6349
0.056, 6348
0.056, 6347
0.056, 6346
0.056, 6345
0.056, 6344
0.056, 6343
0.056, 6342
0.056, 6341
0.056, 6340
0.056, 6339
0.056, 6338
0.056, 6337
0.056, 6336
0.056, 6335
0.056, 6334
0.056, 6333
0.056, 6332
0.056, 6331
0.056, 6330
0.056, 6329
0.056, 6328
0.056, 6327
0.056, 6326
0.056, 6325
0.056, 6324
0.056, 6323
0.056, 6322
0.056, 6321
0.056, 6320
0.056, 6319
0.056, 6318
0.056, 6317
0.056, 6316
0.056, 6315
0.056, 6314
0.056, 6313
0.056, 6312
0.057, 6311
0.057, 6310
0.057, 6309
0.057, 6308
0.057, 6307
0.057, 6306
0.057, 6305
0.057, 6304
0.057, 6303
0.057, 6302
0.057, 6301
0.057, 6300
0.057, 6299
0.057, 6298
0.057, 6297
0.057, 6296
0.057, 6295
0.057, 6294
0.057, 6293
0.057, 6292
0.057, 6291
0.057, 6290
0.057, 6289
0.057, 6288
0.057, 6287
0.057, 6286
0.057, 6285
0.057, 6284
0.057, 6283
0.057, 6282
0.057, 6281
0.057, 6280
0.057, 6279
0.057, 6278
0.057, 6277
0.057, 6276
0.057, 6275
0.057, 6274
0.057, 6273
0.057, 6272
0.057, 6271
0.057, 6270
0.057, 6269
0.057, 6268
0.057, 6267
0.057, 6266
0.057, 6265
0.057, 6264
0.057, 6263
0.057, 6262
0.057, 6261
0.057, 6260
0.057, 6259
0.057, 6258
0.057, 6257
0.057, 6256
0.057, 6255
0.057, 6254
0.057, 6253
0.057, 6252
0.057, 6251
0.057, 6250
0.057, 6249
0.057, 6248
0.057, 6247
0.057, 6246
0.057, 6245
0.057, 6244
0.057, 6243
0.057, 6242
0.057, 6241
0.057, 6240
0.057, 6239
0.057, 6238
0.057, 6237
0.057, 6236
0.057, 6235
0.057, 6234
0.057, 6233
0.057, 6232
0.057, 6231
0.057, 6230
0.057, 6229
0.057, 6228
0.057, 6227
0.057, 6226
0.057, 6225
0.057, 6224
0.057, 6223
0.057, 6222
0.057, 6221
0.057, 6220
0.057, 6219
0.057, 6218
0.057, 6217
0.057, 6216
0.057, 6215
0.057, 6214
0.057, 6213
0.057, 6212
0.057, 6211
0.057, 6210
0.057, 6209
0.057, 6208
0.057, 6207
0.057, 6206
0.057, 6205
0.057, 6204
0.057, 6203
0.057, 6202
0.058, 6201
0.058, 6200
0.058, 6199
0.058, 6198
0.058, 6197
0.058, 6196
0.058, 6195
0.058, 6194
0.058, 6193
0.058, 6192
0.058, 6191
0.058, 6190
0.058, 6189
0.058, 6188
0.058, 6187
0.058, 6186
0.058, 6185
0.058, 6184
0.058, 6183
0.058, 6182
0.058, 6181
0.058, 6180
0.058, 6179
0.058, 6178
0.058, 6177
0.058, 6176
0.058, 6175
0.058, 6174
0.058, 6173
0.058, 6172
0.058, 6171
0.058, 6170
0.058, 6169
0.058, 6168
0.058, 6167
0.058, 6166
0.058, 6165
0.058, 6164
0.058, 6163
0.058, 6162
0.058, 6161
0.058, 6160
0.058, 6159
0.058, 6158
0.058, 6157
0.058, 6156
0.058, 6155
0.058, 6154
0.058, 6153
0.058, 6152
0.058, 6151
0.058, 6150
0.058, 6149
0.058, 6148
0.058, 6147
0.058, 6146
0.058, 6145
0.058, 6144
0.058, 6143
0.058, 6142
0.058, 6141
0.058, 6140
0.058, 6139
0.058, 6138
0.058, 6137
0.058, 6136
0.058, 6135
0.058, 6134
0.058, 6133
0.058, 6132
0.058, 6131
0.058, 6130
0.058, 6129
0.058, 6128
0.058, 6127
0.058, 6126
0.058, 6125
0.058, 6124
0.058, 6123
0.058, 6122
0.058, 6121
0.058, 6120
0.058, 6119
0.058, 6118
0.058, 6117
0.058, 6116
0.058, 6115
0.058, 6114
0.058, 6113
0.058, 6112
0.058, 6111
0.058, 6110
0.058, 6109
0.058, 6108
0.058, 6107
0.058, 6106
0.058, 6105
0.058, 6104
0.058, 6103
0.058, 6102
0.058, 6101
0.058, 6100
0.058, 6099
0.058, 6098
0.058, 6097
0.058, 6096
0.058, 6095
0.058, 6094
0.058, 6093
0.058, 6092
0.058, 6091
0.058, 6090
0.058, 6089
0.058, 6088
0.058, 6087
0.058, 6086
0.058, 6085
0.058, 6084
0.058, 6083
0.058, 6082
0.058, 6081
0.058, 6080
0.058, 6079
0.058, 6078
0.058, 6077
0.058, 6076
0.058, 6075
0.058, 6074
0.058, 6073
0.058, 6072
0.058, 6071
0.058, 6070
0.058, 6069
0.058, 6068
0.058, 6067
0.058, 6066
0.058, 6065
0.058, 6064
0.058, 6063
0.058, 6062
0.058, 6061
0.058, 6060
0.058, 6059
0.058, 6058
0.058, 6057
0.058, 6056
0.058, 6055
0.058, 6054
0.058, 6053
0.058, 6052
0.058, 6051
0.059, 6050
0.059, 6049
0.059, 6048
0.059, 6047
0.059, 6046
0.059, 6045
0.059, 6044
0.059, 6043
0.059, 6042
0.059, 6041
0.059, 6040
0.059, 6039
0.059, 6038
0.059, 6037
0.059, 6036
0.059, 6035
0.059, 6034
0.059, 6033
0.059, 6032
0.059, 6031
0.059, 6030
0.059, 6029
0.059, 6028
0.059, 6027
0.059, 6026
0.059, 6025
0.059, 6024
0.059, 6023
0.059, 6022
0.059, 6021
0.059, 6020
0.059, 6019
0.059, 6018
0.059, 6017
0.059, 6016
0.059, 6015
0.059, 6014
0.059, 6013
0.059, 6012
0.059, 6011
0.059, 6010
0.059, 6009
0.059, 6008
0.059, 6007
0.059, 6006
0.059, 6005
0.059, 6004
0.059, 6003
0.059, 6002
0.059, 6001
0.059, 6000
0.059, 5999
0.059, 5998
0.059, 5997
0.059, 5996
0.059, 5995
0.059, 5994
0.059, 5993
0.059, 5992
0.059, 5991
0.059, 5990
0.059, 5989
0.059, 5988
0.059, 5987
0.059, 5986
0.059, 5985
0.059, 5984
0.059, 5983
0.059, 5982
0.059, 5981
0.059, 5980
0.059, 5979
0.059, 5978
0.059, 5977
0.059, 5976
0.059, 5975
0.059, 5974
0.059, 5973
0.059, 5972
0.059, 5971
0.059, 5970
0.059, 5969
0.059, 5968
0.059, 5967
0.059, 5966
0.059, 5965
0.059, 5964
0.059, 5963
0.059, 5962
0.059, 5961
0.059, 5960
0.059, 5959
0.059, 5958
0.059, 5957
0.059, 5956
0.059, 5955
0.059, 5954
0.059, 5953
0.059, 5952
0.059, 5951
0.059, 5950
0.059, 5949
0.059, 5948
0.059, 5947
0.059, 5946
0.059, 5945
0.059, 5944
0.059, 5943
0.059, 5942
0.059, 5941
0.059, 5940
0.059, 5939
0.059, 5938
0.059, 5937
0.059, 5936
0.059, 5935
0.059, 5934
0.059, 5933
0.059, 5932
0.059, 5931
0.059, 5930
0.059, 5929
0.059, 5928
0.059, 5927
0.059, 5926
0.059, 5925
0.059, 5924
0.059, 5923
0.059, 5922
0.059, 5921
0.059, 5920
0.059, 5919
0.059, 5918
0.059, 5917
0.059, 5916
0.059, 5915
0.059, 5914
0.059, 5913
0.059, 5912
0.059, 5911
0.059, 5910
0.059, 5909
0.059, 5908
0.059, 5907
0.059, 5906
0.059, 5905
0.059, 5904
0.059, 5903
0.059, 5902
0.059, 5901
0.059, 5900
0.059, 5899
0.059, 5898
0.059, 5897
0.059, 5896
0.059, 5895
0.059, 5894
0.059, 5893
0.059, 5892
0.059, 5891
0.059, 5890
0.059, 5889
0.059, 5888
0.059, 5887
0.059, 5886
0.059, 5885
0.059, 5884
0.059, 5883
0.059, 5882
0.059, 5881
0.059, 5880
0.059, 5879
0.060, 5878
0.060, 5877
0.060, 5876
0.060, 5875
0.060, 5874
0.060, 5873
0.060, 5872
0.060, 5871
0.060, 5870
0.060, 5869
0.060, 5868
0.060, 5867
0.060, 5866
0.060, 5865
0.060, 5864
0.060, 5863
0.060, 5862
0.060, 5861
0.060, 5860
0.060, 5859
0.060, 5858
0.060, 5857
0.060, 5856
0.060, 5855
0.060, 5854
0.060, 5853
0.060, 5852
0.060, 5851
0.060, 5850
0.060, 5849
0.060, 5848
0.060, 5847
0.060, 5846
0.060, 5845
0.060, 5844
0.060, 5843
0.060, 5842
0.060, 5841
0.060, 5840
0.060, 5839
0.060, 5838
0.060, 5837
0.060, 5836
0.060, 5835
0.060, 5834
0.060, 5833
0.060, 5832
0.060, 5831
0.060, 5830
0.060, 5829
0.060, 5828
0.060, 5827
0.060, 5826
0.060, 5825
0.060, 5824
0.060, 5823
0.060, 5822
0.060, 5821
0.060, 5820
0.060, 5819
0.060, 5818
0.060, 5817
0.060, 5816
0.060, 5815
0.060, 5814
0.060, 5813
0.060, 5812
0.060, 5811
0.060, 5810
0.060, 5809
0.060, 5808
0.060, 5807
0.060, 5806
0.060, 5805
0.060, 5804
0.060, 5803
0.060, 5802
0.060, 5801
0.060, 5800
0.060, 5799
0.060, 5798
0.060, 5797
0.060, 5796
0.060, 5795
0.060, 5794
0.060, 5793
0.060, 5792
0.060, 5791
0.060, 5790
0.060, 5789
0.060, 5788
0.060, 5787
0.060, 5786
0.060, 5785
0.060, 5784
0.060, 5783
0.060, 5782
0.060, 5781
0.060, 5780
0.060, 5779
0.060, 5778
0.060, 5777
0.060, 5776
0.060, 5775
0.060, 5774
0.060, 5773
0.060, 5772
0.060, 5771
0.060, 5770
0.060, 5769
0.060, 5768
0.060, 5767
0.060, 5766
0.060, 5765
0.060, 5764
0.060, 5763
0.060, 5762
0.060, 5761
0.060, 5760
0.060, 5759
0.060, 5758
0.060, 5757
0.060, 5756
0.060, 5755
0.060, 5754
0.060, 5753
0.060, 5752
0.060, 5751
0.060, 5750
0.060, 5749
0.060, 5748
0.060, 5747
0.060, 5746
0.060, 5745
0.060, 5744
0.060, 5743
0.060, 5742
0.060, 5741
0.060, 5740
0.060, 5739
0.060, 5738
0.060, 5737
0.060, 5736
0.060, 5735
0.060, 5734
0.060, 5733
0.060, 5732
0.060, 5731
0.060, 5730
0.060, 5729
0.060, 5728
0.060, 5727
0.060, 5726
0.060, 5725
0.060, 5724
0.060, 5723
0.060, 5722
0.060, 5721
0.060, 5720
0.060, 5719
0.060, 5718
0.060, 5717
0.060, 5716
0.060, 5715
0.060, 5714
0.060, 5713
0.060, 5712
0.061, 5711
0.061, 5710
0.061, 5709
0.061, 5708
0.061, 5707
0.061, 5706
0.061, 5705
0.061, 5704
0.061, 5703
0.061, 5702
0.061, 5701
0.061, 5700
0.061, 5699
0.061, 5698
0.061, 5697
0.061, 5696
0.061, 5695
0.061, 5694
0.061, 5693
0.061, 5692
0.061, 5691
0.061, 5690
0.061, 5689
0.061, 5688
0.061, 5687
0.061, 5686
0.061, 5685
0.061, 5684
0.061, 5683
0.061, 5682
0.061, 5681
0.061, 5680
0.061, 5679
0.061, 5678
0.061, 5677
0.061, 5676
0.061, 5675
0.061, 5674
0.061, 5673
0.061, 5672
0.061, 5671
0.061, 5670
0.061, 5669
0.061, 5668
0.061, 5667
0.061, 5666
0.061, 5665
0.061, 5664
0.061, 5663
0.061, 5662
0.061, 5661
0.061, 5660
0.061, 5659
0.061, 5658
0.061, 5657
0.061, 5656
0.061, 5655
0.061, 5654
0.061, 5653
0.061, 5652
0.061, 5651
0.061, 5650
0.061, 5649
0.061, 5648
0.061, 5647
0.061, 5646
0.061, 5645
0.061, 5644
0.061, 5643
0.061, 5642
0.061, 5641
0.061, 5640
0.061, 5639
0.061, 5638
0.061, 5637
0.061, 5636
0.061, 5635
0.061, 5634
0.061, 5633
0.061, 5632
0.061, 5631
0.061, 5630
0.061, 5629
0.061, 5628
0.061, 5627
0.061, 5626
0.061, 5625
0.061, 5624
0.061, 5623
0.061, 5622
0.061, 5621
0.061, 5620
0.061, 5619
0.061, 5618
0.061, 5617
0.061, 5616
0.061, 5615
0.061, 5614
0.061, 5613
0.061, 5612
0.061, 5611
0.061, 5610
0.061, 5609
0.061, 5608
0.061, 5607
0.061, 5606
0.061, 5605
0.061, 5604
0.061, 5603
0.061, 5602
0.061, 5601
0.061, 5600
0.061, 5599
0.061, 5598
0.061, 5597
0.061, 5596
0.061, 5595
0.062, 5594
0.062, 5593
0.062, 5592
0.062, 5591
0.062, 5590
0.062, 5589
0.062, 5588
0.062, 5587
0.062, 5586
0.062, 5585
0.062, 5584
0.062, 5583
0.062, 5582
0.062, 5581
0.062, 5580
0.062, 5579
0.062, 5578
0.062, 5577
0.062, 5576
0.062, 5575
0.062, 5574
0.062, 5573
0.062, 5572
0.062, 5571
0.062, 5570
0.062, 5569
0.062, 5568
0.062, 5567
0.062, 5566
0.062, 5565
0.062, 5564
0.062, 5563
0.062, 5562
0.062, 5561
0.062, 5560
0.062, 5559
0.062, 5558
0.062, 5557
0.062, 5556
0.062, 5555
0.062, 5554
0.062, 5553
0.062, 5552
0.062, 5551
0.062, 5550
0.062, 5549
0.062, 5548
0.062, 5547
0.062, 5546
0.062, 5545
0.062, 5544
0.062, 5543
0.062, 5542
0.062, 5541
0.062, 5540
0.062, 5539
0.062, 5538
0.062, 5537
0.062, 5536
0.062, 5535
0.062, 5534
0.062, 5533
0.062, 5532
0.062, 5531
0.062, 5530
0.062, 5529
0.062, 5528
0.062, 5527
0.062, 5526
0.062, 5525
0.062, 5524
0.062, 5523
0.062, 5522
0.062, 5521
0.062, 5520
0.062, 5519
0.062, 5518
0.062, 5517
0.062, 5516
0.062, 5515
0.062, 5514
0.062, 5513
0.062, 5512
0.062, 5511
0.062, 5510
0.062, 5509
0.062, 5508
0.062, 5507
0.062, 5506
0.062, 5505
0.062, 5504
0.062, 5503
0.062, 5502
0.062, 5501
0.062, 5500
0.062, 5499
0.062, 5498
0.062, 5497
0.062, 5496
0.062, 5495
0.062, 5494
0.062, 5493
0.062, 5492
0.062, 5491
0.062, 5490
0.062, 5489
0.062, 5488
0.062, 5487
0.062, 5486
0.062, 5485
0.062, 5484
0.062, 5483
0.062, 5482
0.062, 5481
0.062, 5480
0.062, 5479
0.062, 5478
0.062, 5477
0.062, 5476
0.062, 5475
0.062, 5474
0.062, 5473
0.062, 5472
0.062, 5471
0.062, 5470
0.062, 5469
0.062, 5468
0.062, 5467
0.062, 5466
0.062, 5465
0.062, 5464
0.062, 5463
0.062, 5462
0.062, 5461
0.062, 5460
0.062, 5459
0.062, 5458
0.062, 5457
0.062, 5456
0.062, 5455
0.062, 5454
0.062, 5453
0.062, 5452
0.062, 5451
0.062, 5450
0.062, 5449
0.062, 5448
0.062, 5447
0.062, 5446
0.063, 5445
0.063, 5444
0.063, 5443
0.063, 5442
0.063, 5441
0.063, 5440
0.063, 5439
0.063, 5438
0.063, 5437
0.063, 5436
0.063, 5435
0.063, 5434
0.063, 5433
0.063, 5432
0.063, 5431
0.063, 5430
0.063, 5429
0.063, 5428
0.063, 5427
0.063, 5426
0.063, 5425
0.063, 5424
0.063, 5423
0.063, 5422
0.063, 5421
0.063, 5420
0.063, 5419
0.063, 5418
0.063, 5417
0.063, 5416
0.063, 5415
0.063, 5414
0.063, 5413
0.063, 5412
0.063, 5411
0.063, 5410
0.063, 5409
0.063, 5408
0.063, 5407
0.063, 5406
0.063, 5405
0.063, 5404
0.063, 5403
0.063, 5402
0.063, 5401
0.063, 5400
0.063, 5399
0.063, 5398
0.063, 5397
0.063, 5396
0.063, 5395
0.063, 5394
0.063, 5393
0.063, 5392
0.063, 5391
0.063, 5390
0.063, 5389
0.063, 5388
0.063, 5387
0.063, 5386
0.063, 5385
0.063, 5384
0.063, 5383
0.063, 5382
0.063, 5381
0.063, 5380
0.063, 5379
0.063, 5378
0.063, 5377
0.063, 5376
0.063, 5375
0.063, 5374
0.063, 5373
0.063, 5372
0.063, 5371
0.063, 5370
0.063, 5369
0.063, 5368
0.063, 5367
0.063, 5366
0.063, 5365
0.063, 5364
0.063, 5363
0.063, 5362
0.063, 5361
0.063, 5360
0.063, 5359
0.063, 5358
0.063, 5357
0.063, 5356
0.063, 5355
0.063, 5354
0.063, 5353
0.063, 5352
0.063, 5351
0.063, 5350
0.063, 5349
0.063, 5348
0.063, 5347
0.063, 5346
0.063, 5345
0.063, 5344
0.063, 5343
0.063, 5342
0.063, 5341
0.063, 5340
0.063, 5339
0.063, 5338
0.063, 5337
0.063, 5336
0.063, 5335
0.063, 5334
0.063, 5333
0.063, 5332
0.063, 5331
0.063, 5330
0.063, 5329
0.063, 5328
0.063, 5327
0.063, 5326
0.063, 5325
0.063, 5324
0.063, 5323
0.063, 5322
0.063, 5321
0.063, 5320
0.063, 5319
0.064, 5318
0.064, 5317
0.064, 5316
0.064, 5315
0.064, 5314
0.064, 5313
0.064, 5312
0.064, 5311
0.064, 5310
0.064, 5309
0.064, 5308
0.064, 5307
0.064, 5306
0.064, 5305
0.064, 5304
0.064, 5303
0.064, 5302
0.064, 5301
0.064, 5300
0.064, 5299
0.064, 5298
0.064, 5297
0.064, 5296
0.064, 5295
0.064, 5294
0.064, 5293
0.064, 5292
0.064, 5291
0.064, 5290
0.064, 5289
0.064, 5288
0.064, 5287
0.064, 5286
0.064, 5285
0.064, 5284
0.064, 5283
0.064, 5282
0.064, 5281
0.064, 5280
0.064, 5279
0.064, 5278
0.064, 5277
0.064, 5276
0.064, 5275
0.064, 5274
0.064, 5273
0.064, 5272
0.064, 5271
0.064, 5270
0.064, 5269
0.064, 5268
0.064, 5267
0.064, 5266
0.064, 5265
0.064, 5264
0.064, 5263
0.064, 5262
0.064, 5261
0.064, 5260
0.064, 5259
0.064, 5258
0.064, 5257
0.064, 5256
0.064, 5255
0.064, 5254
0.064, 5253
0.064, 5252
0.064, 5251
0.064, 5250
0.064, 5249
0.064, 5248
0.064, 5247
0.064, 5246
0.064, 5245
0.064, 5244
0.064, 5243
0.064, 5242
0.064, 5241
0.064, 5240
0.064, 5239
0.064, 5238
0.064, 5237
0.064, 5236
0.064, 5235
0.064, 5234
0.064, 5233
0.064, 5232
0.064, 5231
0.064, 5230
0.064, 5229
0.064, 5228
0.064, 5227
0.064, 5226
0.064, 5225
0.064, 5224
0.064, 5223
0.064, 5222
0.064, 5221
0.064, 5220
0.064, 5219
0.064, 5218
0.064, 5217
0.064, 5216
0.064, 5215
0.064, 5214
0.064, 5213
0.064, 5212
0.064, 5211
0.064, 5210
0.064, 5209
0.064, 5208
0.064, 5207
0.064, 5206
0.064, 5205
0.064, 5204
0.064, 5203
0.064, 5202
0.064, 5201
0.064, 5200
0.064, 5199
0.064, 5198
0.064, 5197
0.064, 5196
0.064, 5195
0.064, 5194
0.064, 5193
0.064, 5192
0.064, 5191
0.064, 5190
0.064, 5189
0.064, 5188
0.064, 5187
0.064, 5186
0.064, 5185
0.064, 5184
0.064, 5183
0.064, 5182
0.064, 5181
0.064, 5180
0.064, 5179
0.064, 5178
0.064, 5177
0.064, 5176
0.064, 5175
0.064, 5174
0.064, 5173
0.064, 5172
0.064, 5171
0.064, 5170
0.064, 5169
0.064, 5168
0.064, 5167
0.064, 5166
0.064, 5165
0.064, 5164
0.064, 5163
0.064, 5162
0.064, 5161
0.064, 5160
0.064, 5159
0.064, 5158
0.064, 5157
0.064, 5156
0.064, 5155
0.064, 5154
0.064, 5153
0.064, 5152
0.064, 5151
0.064, 5150
0.064, 5149
0.064, 5148
0.064, 5147
0.064, 5146
0.064, 5145
0.064, 5144
0.064, 5143
0.065, 5142
0.065, 5141
0.065, 5140
0.065, 5139
0.065, 5138
0.065, 5137
0.065, 5136
0.065, 5135
0.065, 5134
0.065, 5133
0.065, 5132
0.065, 5131
0.065, 5130
0.065, 5129
0.065, 5128
0.065, 5127
0.065, 5126
0.065, 5125
0.065, 5124
0.065, 5123
0.065, 5122
0.065, 5121
0.065, 5120
0.065, 5119
0.065, 5118
0.065, 5117
0.065, 5116
0.065, 5115
0.065, 5114
0.065, 5113
0.065, 5112
0.065, 5111
0.065, 5110
0.065, 5109
0.065, 5108
0.065, 5107
0.065, 5106
0.065, 5105
0.065, 5104
0.065, 5103
0.065, 5102
0.065, 5101
0.065, 5100
0.065, 5099
0.065, 5098
0.065, 5097
0.065, 5096
0.065, 5095
0.065, 5094
0.065, 5093
0.065, 5092
0.065, 5091
0.065, 5090
0.065, 5089
0.065, 5088
0.065, 5087
0.065, 5086
0.065, 5085
0.065, 5084
0.065, 5083
0.065, 5082
0.065, 5081
0.065, 5080
0.065, 5079
0.065, 5078
0.065, 5077
0.065, 5076
0.065, 5075
0.065, 5074
0.065, 5073
0.065, 5072
0.065, 5071
0.065, 5070
0.065, 5069
0.065, 5068
0.065, 5067
0.065, 5066
0.065, 5065
0.065, 5064
0.065, 5063
0.065, 5062
0.065, 5061
0.065, 5060
0.065, 5059
0.065, 5058
0.065, 5057
0.065, 5056
0.065, 5055
0.065, 5054
0.065, 5053
0.065, 5052
0.065, 5051
0.065, 5050
0.065, 5049
0.065, 5048
0.065, 5047
0.065, 5046
0.065, 5045
0.065, 5044
0.065, 5043
0.065, 5042
0.065, 5041
0.065, 5040
0.065, 5039
0.065, 5038
0.065, 5037
0.065, 5036
0.065, 5035
0.065, 5034
0.065, 5033
0.065, 5032
0.065, 5031
0.065, 5030
0.065, 5029
0.065, 5028
0.065, 5027
0.065, 5026
0.065, 5025
0.065, 5024
0.065, 5023
0.065, 5022
0.065, 5021
0.065, 5020
0.065, 5019
0.065, 5018
0.065, 5017
0.065, 5016
0.065, 5015
0.065, 5014
0.065, 5013
0.065, 5012
0.065, 5011
0.065, 5010
0.065, 5009
0.065, 5008
0.065, 5007
0.065, 5006
0.065, 5005
0.065, 5004
0.065, 5003
0.065, 5002
0.065, 5001
0.065, 5000
0.065, 4999
0.065, 4998
0.065, 4997
0.065, 4996
0.065, 4995
0.065, 4994
0.065, 4993
0.065, 4992
0.065, 4991
0.065, 4990
0.065, 4989
0.065, 4988
0.065, 4987
0.065, 4986
0.065, 4985
0.065, 4984
0.065, 4983
0.065, 4982
0.065, 4981
0.065, 4980
0.065, 4979
0.065, 4978
0.065, 4977
0.065, 4976
0.065, 4975
0.065, 4974
0.065, 4973
0.065, 4972
0.065, 4971
0.065, 4970
0.065, 4969
0.065, 4968
0.065, 4967
0.065, 4966
0.065, 4965
0.065, 4964
0.065, 4963
0.065, 4962
0.065, 4961
0.065, 4960
0.065, 4959
0.065, 4958
0.065, 4957
0.065, 4956
0.065, 4955
0.065, 4954
0.065, 4953
0.065, 4952
0.065, 4951
0.066, 4950
0.066, 4949
0.066, 4948
0.066, 4947
0.066, 4946
0.066, 4945
0.066, 4944
0.066, 4943
0.066, 4942
0.066, 4941
0.066, 4940
0.066, 4939
0.066, 4938
0.066, 4937
0.066, 4936
0.066, 4935
0.066, 4934
0.066, 4933
0.066, 4932
0.066, 4931
0.066, 4930
0.066, 4929
0.066, 4928
0.066, 4927
0.066, 4926
0.066, 4925
0.066, 4924
0.066, 4923
0.066, 4922
0.066, 4921
0.066, 4920
0.066, 4919
0.066, 4918
0.066, 4917
0.066, 4916
0.066, 4915
0.066, 4914
0.066, 4913
0.066, 4912
0.066, 4911
0.066, 4910
0.066, 4909
0.066, 4908
0.066, 4907
0.066, 4906
0.066, 4905
0.066, 4904
0.066, 4903
0.066, 4902
0.066, 4901
0.066, 4900
0.066, 4899
0.066, 4898
0.066, 4897
0.066, 4896
0.066, 4895
0.066, 4894
0.066, 4893
0.066, 4892
0.066, 4891
0.066, 4890
0.066, 4889
0.066, 4888
0.066, 4887
0.066, 4886
0.066, 4885
0.066, 4884
0.066, 4883
0.066, 4882
0.066, 4881
0.066, 4880
0.066, 4879
0.066, 4878
0.066, 4877
0.066, 4876
0.066, 4875
0.066, 4874
0.066, 4873
0.066, 4872
0.066, 4871
0.066, 4870
0.066, 4869
0.066, 4868
0.066, 4867
0.066, 4866
0.066, 4865
0.066, 4864
0.066, 4863
0.066, 4862
0.066, 4861
0.066, 4860
0.066, 4859
0.066, 4858
0.066, 4857
0.066, 4856
0.066, 4855
0.066, 4854
0.066, 4853
0.066, 4852
0.066, 4851
0.066, 4850
0.066, 4849
0.066, 4848
0.066, 4847
0.066, 4846
0.066, 4845
0.066, 4844
0.066, 4843
0.066, 4842
0.066, 4841
0.066, 4840
0.066, 4839
0.066, 4838
0.066, 4837
0.066, 4836
0.066, 4835
0.066, 4834
0.066, 4833
0.066, 4832
0.066, 4831
0.066, 4830
0.066, 4829
0.066, 4828
0.066, 4827
0.066, 4826
0.066, 4825
0.066, 4824
0.067, 4823
0.067, 4822
0.067, 4821
0.067, 4820
0.067, 4819
0.067, 4818
0.067, 4817
0.067, 4816
0.067, 4815
0.067, 4814
0.067, 4813
0.067, 4812
0.067, 4811
0.067, 4810
0.067, 4809
0.067, 4808
0.067, 4807
0.067, 4806
0.067, 4805
0.067, 4804
0.067, 4803
0.067, 4802
0.067, 4801
0.067, 4800
0.067, 4799
0.067, 4798
0.067, 4797
0.067, 4796
0.067, 4795
0.067, 4794
0.067, 4793
0.067, 4792
0.067, 4791
0.067, 4790
0.067, 4789
0.067, 4788
0.067, 4787
0.067, 4786
0.067, 4785
0.067, 4784
0.067, 4783
0.067, 4782
0.067, 4781
0.067, 4780
0.067, 4779
0.067, 4778
0.067, 4777
0.067, 4776
0.067, 4775
0.067, 4774
0.067, 4773
0.067, 4772
0.067, 4771
0.067, 4770
0.067, 4769
0.067, 4768
0.067, 4767
0.067, 4766
0.067, 4765
0.067, 4764
0.067, 4763
0.067, 4762
0.067, 4761
0.067, 4760
0.067, 4759
0.067, 4758
0.067, 4757
0.067, 4756
0.067, 4755
0.067, 4754
0.067, 4753
0.067, 4752
0.067, 4751
0.067, 4750
0.067, 4749
0.067, 4748
0.067, 4747
0.067, 4746
0.067, 4745
0.067, 4744
0.067, 4743
0.067, 4742
0.067, 4741
0.067, 4740
0.067, 4739
0.067, 4738
0.067, 4737
0.067, 4736
0.067, 4735
0.067, 4734
0.067, 4733
0.067, 4732
0.067, 4731
0.067, 4730
0.067, 4729
0.067, 4728
0.067, 4727
0.067, 4726
0.067, 4725
0.067, 4724
0.067, 4723
0.067, 4722
0.067, 4721
0.067, 4720
0.067, 4719
0.067, 4718
0.067, 4717
0.067, 4716
0.067, 4715
0.067, 4714
0.067, 4713
0.067, 4712
0.067, 4711
0.067, 4710
0.067, 4709
0.067, 4708
0.067, 4707
0.067, 4706
0.067, 4705
0.067, 4704
0.067, 4703
0.067, 4702
0.067, 4701
0.067, 4700
0.067, 4699
0.067, 4698
0.067, 4697
0.067, 4696
0.067, 4695
0.067, 4694
0.067, 4693
0.067, 4692
0.067, 4691
0.067, 4690
0.067, 4689
0.067, 4688
0.067, 4687
0.067, 4686
0.067, 4685
0.067, 4684
0.067, 4683
0.067, 4682
0.067, 4681
0.067, 4680
0.067, 4679
0.067, 4678
0.067, 4677
0.067, 4676
0.067, 4675
0.067, 4674
0.067, 4673
0.067, 4672
0.067, 4671
0.067, 4670
0.067, 4669
0.067, 4668
0.067, 4667
0.067, 4666
0.067, 4665
0.067, 4664
0.067, 4663
0.067, 4662
0.067, 4661
0.067, 4660
0.067, 4659
0.067, 4658
0.067, 4657
0.067, 4656
0.067, 4655
0.067, 4654
0.067, 4653
0.067, 4652
0.067, 4651
0.067, 4650
0.067, 4649
0.067, 4648
0.067, 4647
0.067, 4646
0.067, 4645
0.067, 4644
0.067, 4643
0.067, 4642
0.067, 4641
0.067, 4640
0.067, 4639
0.067, 4638
0.067, 4637
0.067, 4636
0.067, 4635
0.067, 4634
0.067, 4633
0.067, 4632
0.067, 4631
0.067, 4630
0.067, 4629
0.067, 4628
0.067, 4627
0.067, 4626
0.067, 4625
0.068, 4624
0.068, 4623
0.068, 4622
0.068, 4621
0.068, 4620
0.068, 4619
0.068, 4618
0.068, 4617
0.068, 4616
0.068, 4615
0.068, 4614
0.068, 4613
0.068, 4612
0.068, 4611
0.068, 4610
0.068, 4609
0.068, 4608
0.068, 4607
0.068, 4606
0.068, 4605
0.068, 4604
0.068, 4603
0.068, 4602
0.068, 4601
0.068, 4600
0.068, 4599
0.068, 4598
0.068, 4597
0.068, 4596
0.068, 4595
0.068, 4594
0.068, 4593
0.068, 4592
0.068, 4591
0.068, 4590
0.068, 4589
0.068, 4588
0.068, 4587
0.068, 4586
0.068, 4585
0.068, 4584
0.068, 4583
0.068, 4582
0.068, 4581
0.068, 4580
0.068, 4579
0.068, 4578
0.068, 4577
0.068, 4576
0.068, 4575
0.068, 4574
0.068, 4573
0.068, 4572
0.068, 4571
0.068, 4570
0.068, 4569
0.068, 4568
0.068, 4567
0.068, 4566
0.068, 4565
0.068, 4564
0.068, 4563
0.068, 4562
0.068, 4561
0.068, 4560
0.068, 4559
0.068, 4558
0.068, 4557
0.068, 4556
0.068, 4555
0.068, 4554
0.068, 4553
0.068, 4552
0.068, 4551
0.068, 4550
0.068, 4549
0.068, 4548
0.068, 4547
0.068, 4546
0.068, 4545
0.068, 4544
0.068, 4543
0.068, 4542
0.068, 4541
0.068, 4540
0.068, 4539
0.068, 4538
0.068, 4537
0.068, 4536
0.068, 4535
0.068, 4534
0.068, 4533
0.068, 4532
0.068, 4531
0.068, 4530
0.068, 4529
0.068, 4528
0.068, 4527
0.068, 4526
0.068, 4525
0.068, 4524
0.068, 4523
0.068, 4522
0.068, 4521
0.068, 4520
0.068, 4519
0.068, 4518
0.068, 4517
0.068, 4516
0.068, 4515
0.068, 4514
0.068, 4513
0.068, 4512
0.068, 4511
0.068, 4510
0.068, 4509
0.068, 4508
0.068, 4507
0.068, 4506
0.068, 4505
0.068, 4504
0.068, 4503
0.068, 4502
0.068, 4501
0.068, 4500
0.068, 4499
0.068, 4498
0.068, 4497
0.068, 4496
0.068, 4495
0.068, 4494
0.068, 4493
0.068, 4492
0.068, 4491
0.068, 4490
0.068, 4489
0.068, 4488
0.068, 4487
0.068, 4486
0.068, 4485
0.068, 4484
0.068, 4483
0.068, 4482
0.068, 4481
0.068, 4480
0.068, 4479
0.068, 4478
0.068, 4477
0.068, 4476
0.068, 4475
0.068, 4474
0.068, 4473
0.068, 4472
0.068, 4471
0.068, 4470
0.068, 4469
0.068, 4468
0.068, 4467
0.068, 4466
0.068, 4465
0.068, 4464
0.068, 4463
0.068, 4462
0.068, 4461
0.068, 4460
0.068, 4459
0.068, 4458
0.068, 4457
0.068, 4456
0.068, 4455
0.068, 4454
0.068, 4453
0.068, 4452
0.068, 4451
0.068, 4450
0.068, 4449
0.068, 4448
0.068, 4447
0.068, 4446
0.068, 4445
0.068, 4444
0.068, 4443
0.068, 4442
0.068, 4441
0.068, 4440
0.068, 4439
0.068, 4438
0.068, 4437
0.068, 4436
0.068, 4435
0.068, 4434
0.068, 4433
0.068, 4432
0.068, 4431
0.068, 4430
0.068, 4429
0.068, 4428
0.068, 4427
0.068, 4426
0.068, 4425
0.068, 4424
0.068, 4423
0.068, 4422
0.068, 4421
0.068, 4420
0.068, 4419
0.068, 4418
0.068, 4417
0.068, 4416
0.068, 4415
0.068, 4414
0.068, 4413
0.068, 4412
0.068, 4411
0.068, 4410
0.068, 4409
0.069, 4408
0.069, 4407
0.069, 4406
0.069, 4405
0.069, 4404
0.069, 4403
0.069, 4402
0.069, 4401
0.069, 4400
0.069, 4399
0.069, 4398
0.069, 4397
0.069, 4396
0.069, 4395
0.069, 4394
0.069, 4393
0.069, 4392
0.069, 4391
0.069, 4390
0.069, 4389
0.069, 4388
0.069, 4387
0.069, 4386
0.069, 4385
0.069, 4384
0.069, 4383
0.069, 4382
0.069, 4381
0.069, 4380
0.069, 4379
0.069, 4378
0.069, 4377
0.069, 4376
0.069, 4375
0.069, 4374
0.069, 4373
0.069, 4372
0.069, 4371
0.069, 4370
0.069, 4369
0.069, 4368
0.069, 4367
0.069, 4366
0.069, 4365
0.069, 4364
0.069, 4363
0.069, 4362
0.069, 4361
0.069, 4360
0.069, 4359
0.069, 4358
0.069, 4357
0.069, 4356
0.069, 4355
0.069, 4354
0.069, 4353
0.069, 4352
0.069, 4351
0.069, 4350
0.069, 4349
0.069, 4348
0.069, 4347
0.069, 4346
0.069, 4345
0.069, 4344
0.069, 4343
0.069, 4342
0.069, 4341
0.069, 4340
0.069, 4339
0.069, 4338
0.069, 4337
0.069, 4336
0.069, 4335
0.069, 4334
0.069, 4333
0.069, 4332
0.069, 4331
0.069, 4330
0.069, 4329
0.069, 4328
0.069, 4327
0.069, 4326
0.069, 4325
0.069, 4324
0.069, 4323
0.069, 4322
0.069, 4321
0.069, 4320
0.069, 4319
0.069, 4318
0.069, 4317
0.069, 4316
0.069, 4315
0.069, 4314
0.069, 4313
0.069, 4312
0.069, 4311
0.069, 4310
0.069, 4309
0.069, 4308
0.069, 4307
0.069, 4306
0.069, 4305
0.069, 4304
0.069, 4303
0.069, 4302
0.069, 4301
0.069, 4300
0.069, 4299
0.069, 4298
0.069, 4297
0.069, 4296
0.069, 4295
0.069, 4294
0.069, 4293
0.069, 4292
0.069, 4291
0.069, 4290
0.069, 4289
0.069, 4288
0.069, 4287
0.069, 4286
0.069, 4285
0.069, 4284
0.069, 4283
0.069, 4282
0.069, 4281
0.069, 4280
0.069, 4279
0.069, 4278
0.069, 4277
0.069, 4276
0.069, 4275
0.069, 4274
0.069, 4273
0.069, 4272
0.069, 4271
0.069, 4270
0.069, 4269
0.069, 4268
0.069, 4267
0.069, 4266
0.069, 4265
0.069, 4264
0.069, 4263
0.069, 4262
0.069, 4261
0.070, 4260
0.070, 4259
0.070, 4258
0.070, 4257
0.070, 4256
0.070, 4255
0.070, 4254
0.070, 4253
0.070, 4252
0.070, 4251
0.070, 4250
0.070, 4249
0.070, 4248
0.070, 4247
0.070, 4246
0.070, 4245
0.070, 4244
0.070, 4243
0.070, 4242
0.070, 4241
0.070, 4240
0.070, 4239
0.070, 4238
0.070, 4237
0.070, 4236
0.070, 4235
0.070, 4234
0.070, 4233
0.070, 4232
0.070, 4231
0.070, 4230
0.070, 4229
0.070, 4228
0.070, 4227
0.070, 4226
0.070, 4225
0.070, 4224
0.070, 4223
0.070, 4222
0.070, 4221
0.070, 4220
0.070, 4219
0.070, 4218
0.070, 4217
0.070, 4216
0.070, 4215
0.070, 4214
0.070, 4213
0.070, 4212
0.070, 4211
0.070, 4210
0.070, 4209
0.070, 4208
0.070, 4207
0.070, 4206
0.070, 4205
0.070, 4204
0.070, 4203
0.070, 4202
0.070, 4201
0.070, 4200
0.070, 4199
0.070, 4198
0.070, 4197
0.070, 4196
0.070, 4195
0.070, 4194
0.070, 4193
0.070, 4192
0.070, 4191
0.070, 4190
0.070, 4189
0.070, 4188
0.070, 4187
0.070, 4186
0.070, 4185
0.070, 4184
0.070, 4183
0.070, 4182
0.070, 4181
0.070, 4180
0.070, 4179
0.070, 4178
0.070, 4177
0.070, 4176
0.070, 4175
0.070, 4174
0.070, 4173
0.070, 4172
0.070, 4171
0.070, 4170
0.070, 4169
0.070, 4168
0.070, 4167
0.070, 4166
0.070, 4165
0.070, 4164
0.070, 4163
0.070, 4162
0.070, 4161
0.070, 4160
0.070, 4159
0.070, 4158
0.070, 4157
0.070, 4156
0.070, 4155
0.070, 4154
0.070, 4153
0.070, 4152
0.070, 4151
0.070, 4150
0.070, 4149
0.070, 4148
0.070, 4147
0.070, 4146
0.070, 4145
0.070, 4144
0.070, 4143
0.070, 4142
0.070, 4141
0.070, 4140
0.070, 4139
0.070, 4138
0.070, 4137
0.070, 4136
0.070, 4135
0.070, 4134
0.070, 4133
0.070, 4132
0.070, 4131
0.070, 4130
0.070, 4129
0.070, 4128
0.070, 4127
0.070, 4126
0.070, 4125
0.070, 4124
0.070, 4123
0.070, 4122
0.070, 4121
0.070, 4120
0.070, 4119
0.070, 4118
0.070, 4117
0.070, 4116
0.070, 4115
0.070, 4114
0.070, 4113
0.070, 4112
0.070, 4111
0.070, 4110
0.070, 4109
0.070, 4108
0.070, 4107
0.070, 4106
0.070, 4105
0.070, 4104
0.071, 4103
0.071, 4102
0.071, 4101
0.071, 4100
0.071, 4099
0.071, 4098
0.071, 4097
0.071, 4096
0.071, 4095
0.071, 4094
0.071, 4093
0.071, 4092
0.071, 4091
0.071, 4090
0.071, 4089
0.071, 4088
0.071, 4087
0.071, 4086
0.071, 4085
0.071, 4084
0.071, 4083
0.071, 4082
0.071, 4081
0.071, 4080
0.071, 4079
0.071, 4078
0.071, 4077
0.071, 4076
0.071, 4075
0.071, 4074
0.071, 4073
0.071, 4072
0.071, 4071
0.071, 4070
0.071, 4069
0.071, 4068
0.071, 4067
0.071, 4066
0.071, 4065
0.071, 4064
0.071, 4063
0.071, 4062
0.071, 4061
0.071, 4060
0.071, 4059
0.071, 4058
0.071, 4057
0.071, 4056
0.071, 4055
0.071, 4054
0.071, 4053
0.071, 4052
0.071, 4051
0.071, 4050
0.071, 4049
0.071, 4048
0.071, 4047
0.071, 4046
0.071, 4045
0.071, 4044
0.071, 4043
0.071, 4042
0.071, 4041
0.071, 4040
0.071, 4039
0.071, 4038
0.071, 4037
0.071, 4036
0.071, 4035
0.071, 4034
0.071, 4033
0.071, 4032
0.071, 4031
0.071, 4030
0.071, 4029
0.071, 4028
0.071, 4027
0.071, 4026
0.071, 4025
0.071, 4024
0.071, 4023
0.071, 4022
0.071, 4021
0.071, 4020
0.071, 4019
0.071, 4018
0.071, 4017
0.071, 4016
0.071, 4015
0.071, 4014
0.071, 4013
0.071, 4012
0.071, 4011
0.071, 4010
0.071, 4009
0.071, 4008
0.071, 4007
0.071, 4006
0.071, 4005
0.071, 4004
0.071, 4003
0.071, 4002
0.071, 4001
0.071, 4000
0.071, 3999
0.071, 3998
0.071, 3997
0.071, 3996
0.071, 3995
0.071, 3994
0.071, 3993
0.071, 3992
0.071, 3991
0.071, 3990
0.071, 3989
0.071, 3988
0.071, 3987
0.071, 3986
0.071, 3985
0.071, 3984
0.071, 3983
0.071, 3982
0.071, 3981
0.071, 3980
0.071, 3979
0.071, 3978
0.071, 3977
0.071, 3976
0.071, 3975
0.071, 3974
0.071, 3973
0.071, 3972
0.071, 3971
0.071, 3970
0.071, 3969
0.072, 3968
0.072, 3967
0.072, 3966
0.072, 3965
0.072, 3964
0.072, 3963
0.072, 3962
0.072, 3961
0.072, 3960
0.072, 3959
0.072, 3958
0.072, 3957
0.072, 3956
0.072, 3955
0.072, 3954
0.072, 3953
0.072, 3952
0.072, 3951
0.072, 3950
0.072, 3949
0.072, 3948
0.072, 3947
0.072, 3946
0.072, 3945
0.072, 3944
0.072, 3943
0.072, 3942
