0.000, 4535
0.331, 4534
0.332, 4533
0.336, 4532
0.336, 4531
0.337, 4530
0.338, 4529
0.348, 4528
0.355, 4527
0.359, 4526
0.362, 4525
0.369, 4524
0.372, 4523
0.382, 4522
0.386, 4521
0.388, 4520
0.392, 4519
0.395, 4518
0.398, 4517
0.400, 4516
0.400, 4515
0.402, 4514
0.407, 4513
0.409, 4512
0.410, 4511
0.417, 4510
0.419, 4509
0.423, 4508
0.428, 4507
0.432, 4506
0.438, 4505
0.441, 4504
0.454, 4503
0.456, 4502
0.458, 4501
0.460, 4500
0.463, 4499
0.467, 4498
0.468, 4497
0.469, 4496
0.475, 4495
0.478, 4494
0.480, 4493
0.485, 4492
0.491, 4491
0.495, 4490
0.499, 4489
0.503, 4488
0.505, 4487
0.508, 4486
0.509, 4485
0.511, 4484
0.514, 4483
0.525, 4482
0.526, 4481
0.535, 4480
0.540, 4479
0.543, 4478
0.545, 4477
0.551, 4476
0.558, 4475
0.565, 4474
0.565, 4473
0.572, 4472
0.579, 4471
0.581, 4470
0.585, 4469
0.595, 4468
0.597, 4467
0.599, 4466
0.607, 4465
0.609, 4464
0.615, 4463
0.616, 4462
0.622, 4461
0.624, 4460
0.626, 4459
0.630, 4458
0.632, 4457
0.641, 4456
0.650, 4455
0.651, 4454
0.655, 4453
0.655, 4452
0.659, 4451
0.666, 4450
0.673, 4449
0.679, 4448
0.683, 4447
0.687, 4446
0.691, 4445
0.692, 4444
0.694, 4443
0.701, 4442
0.704, 4441
0.708, 4440
0.718, 4439
0.723, 4438
0.729, 4437
0.732, 4436
0.740, 4435
0.742, 4434
0.743, 4433
0.745, 4432
0.752, 4431
0.753, 4430
0.755, 4429
0.769, 4428
0.770, 4427
0.784, 4426
0.789, 4425
0.795, 4424
0.806, 4423
0.807, 4422
0.809, 4421
0.810, 4420
0.811, 4419
0.813, 4418
0.816, 4417
0.822, 4416
0.824, 4415
0.832, 4414
0.846, 4413
0.848, 4412
0.853, 4411
0.856, 4410
0.869, 4409
0.873, 4408
0.886, 4407
0.888, 4406
0.892, 4405
0.901, 4404
0.905, 4403
0.908, 4402
0.910, 4401
0.913, 4400
0.930, 4399
0.933, 4398
0.940, 4397
0.946, 4396
0.947, 4395
0.962, 4394
0.978, 4393
0.989, 4392
0.990, 4391
0.992, 4390
0.995, 4389
0.998, 4388
1.000, 4387
1.005, 4386
1.028, 4385
1.030, 4384
1.032, 4383
1.035, 4382
1.036, 4381
1.038, 4380
1.040, 4379
1.049, 4378
1.050, 4377
1.065, 4376
1.066, 4375
1.070, 4374
1.074, 4373
1.088, 4372
1.090, 4371
1.095, 4370
1.097, 4369
1.100, 4368
1.107, 4367
1.116, 4366
1.129, 4365
1.130, 4364
1.146, 4363
1.152, 4362
1.156, 4361
1.158, 4360
1.173, 4359
1.177, 4358
1.178, 4357
1.179, 4356
1.200, 4355
1.208, 4354
1.209, 4353
1.210, 4352
1.211, 4351
1.212, 4350
1.215, 4349
1.223, 4348
1.226, 4347
1.230, 4346
1.243, 4345
1.252, 4344
1.255, 4343
1.257, 4342
1.258, 4341
1.262, 4340
1.269, 4339
1.272, 4338
1.286, 4337
1.291, 4336
1.304, 4335
1.309, 4334
1.310, 4333
1.319, 4332
1.321, 4331
1.323, 4330
1.331, 4329
1.334, 4328
1.335, 4327
1.339, 4326
1.349, 4325
1.356, 4324
1.361, 4323
1.365, 4322
1.370, 4321
1.379, 4320
1.388, 4319
1.391, 4318
1.392, 4317
1.392, 4316
1.395, 4315
1.401, 4314
1.402, 4313
1.426, 4312
1.434, 4311
1.440, 4310
1.440, 4309
1.442, 4308
1.447, 4307
1.447, 4306
1.457, 4305
1.459, 4304
1.483, 4303
1.490, 4302
1.496, 4301
1.498, 4300
1.503, 4299
1.508, 4298
1.511, 4297
1.513, 4296
1.519, 4295
1.520, 4294
1.555, 4293
1.567, 4292
1.569, 4291
1.579, 4290
1.596, 4289
1.606, 4288
1.612, 4287
1.616, 4286
1.618, 4285
1.620, 4284
1.622, 4283
1.622, 4282
1.625, 4281
1.627, 4280
1.641, 4279
1.644, 4278
1.652, 4277
1.653, 4276
1.658, 4275
1.668, 4274
1.669, 4273
1.684, 4272
1.685, 4271
1.692, 4270
1.696, 4269
1.708, 4268
1.731, 4267
1.733, 4266
1.741, 4265
1.751, 4264
1.755, 4263
1.761, 4262
1.763, 4261
1.770, 4260
1.781, 4259
1.790, 4258
1.806, 4257
1.819, 4256
1.833, 4255
1.840, 4254
1.841, 4253
1.874, 4252
1.876, 4251
1.877, 4250
1.880, 4249
1.886, 4248
1.898, 4247
1.903, 4246
1.903, 4245
1.908, 4244
1.912, 4243
1.916, 4242
1.935, 4241
1.940, 4240
1.944, 4239
1.954, 4238
1.959, 4237
1.976, 4236
1.980, 4235
1.987, 4234
1.993, 4233
2.015, 4232
2.030, 4231
2.032, 4230
2.036, 4229
2.039, 4228
2.054, 4227
2.060, 4226
2.062, 4225
2.066, 4224
2.084, 4223
2.085, 4222
2.088, 4221
2.128, 4220
2.134, 4219
2.136, 4218
2.151, 4217
2.160, 4216
2.172, 4215
2.179, 4214
2.192, 4213
2.198, 4212
2.199, 4211
2.201, 4210
2.202, 4209
2.231, 4208
2.247, 4207
2.251, 4206
2.266, 4205
2.270, 4204
2.296, 4203
2.306, 4202
2.307, 4201
2.313, 4200
2.317, 4199
2.324, 4198
2.332, 4197
2.337, 4196
2.344, 4195
2.368, 4194
2.370, 4193
2.393, 4192
2.399, 4191
2.406, 4190
2.415, 4189
2.426, 4188
2.428, 4187
2.438, 4186
2.446, 4185
2.447, 4184
2.461, 4183
2.485, 4182
2.501, 4181
2.506, 4180
2.526, 4179
2.529, 4178
2.536, 4177
2.544, 4176
2.554, 4175
2.564, 4174
2.572, 4173
2.575, 4172
2.589, 4171
2.604, 4170
2.611, 4169
2.620, 4168
2.620, 4167
2.625, 4166
2.627, 4165
2.630, 4164
2.646, 4163
2.649, 4162
2.663, 4161
2.670, 4160
2.677, 4159
2.678, 4158
2.703, 4157
2.709, 4156
2.715, 4155
2.735, 4154
2.749, 4153
2.756, 4152
2.763, 4151
2.791, 4150
2.804, 4149
2.812, 4148
2.835, 4147
2.857, 4146
2.868, 4145
2.874, 4144
2.880, 4143
2.889, 4142
2.894, 4141
2.959, 4140
2.966, 4139
2.973, 4138
3.007, 4137
3.047, 4136
3.052, 4135
3.055, 4134
3.071, 4133
3.091, 4132
3.092, 4131
3.095, 4130
3.135, 4129
3.142, 4128
3.144, 4127
3.177, 4126
3.181, 4125
3.196, 4124
3.235, 4123
3.243, 4122
3.259, 4121
3.262, 4120
3.269, 4119
3.296, 4118
3.312, 4117
3.329, 4116
3.330, 4115
3.332, 4114
3.367, 4113
3.387, 4112
3.404, 4111
3.407, 4110
3.408, 4109
3.410, 4108
3.413, 4107
3.423, 4106
3.429, 4105
3.483, 4104
3.494, 4103
3.501, 4102
3.515, 4101
3.526, 4100
3.565, 4099
3.632, 4098
3.641, 4097
3.642, 4096
3.675, 4095
3.725, 4094
3.737, 4093
3.746, 4092
3.750, 4091
3.756, 4090
3.766, 4089
3.767, 4088
3.774, 4087
3.791, 4086
3.796, 4085
3.836, 4084
3.848, 4083
3.883, 4082
3.942, 4081
3.991, 4080
3.993, 4079
3.996, 4078
4.013, 4077
4.032, 4076
4.041, 4075
4.066, 4074
4.136, 4073
4.181, 4072
4.214, 4071
4.231, 4070
4.259, 4069
4.291, 4068
4.348, 4067
4.355, 4066
4.358, 4065
4.412, 4064
4.420, 4063
4.459, 4062
4.537, 4061
4.618, 4060
4.629, 4059
4.629, 4058
4.664, 4057
4.673, 4056
4.706, 4055
4.709, 4054
4.818, 4053
4.828, 4052
4.835, 4051
4.839, 4050
4.868, 4049
4.883, 4048
4.919, 4047
5.038, 4046
5.078, 4045
5.189, 4044
5.285, 4043
5.314, 4042
5.321, 4041
5.353, 4040
5.360, 4039
5.437, 4038
5.470, 4037
5.608, 4036
5.647, 4035
5.662, 4034
5.719, 4033
5.732, 4032
5.780, 4031
5.798, 4030
5.847, 4029
5.882, 4028
6.043, 4027
6.048, 4026
6.057, 4025
6.065, 4024
6.242, 4023
6.289, 4022
6.317, 4021
6.345, 4020
6.366, 4019
6.537, 4018
6.554, 4017
6.579, 4016
6.841, 4015
7.016, 4014
7.134, 4013
7.223, 4012
7.252, 4011
7.273, 4010
7.274, 4009
7.311, 4008
7.327, 4007
7.341, 4006
7.409, 4005
7.643, 4004
7.662, 4003
7.723, 4002
7.730, 4001
7.757, 4000
7.798, 3999
8.019, 3998
8.036, 3997
8.128, 3996
8.640, 3995
8.749, 3994
8.814, 3993
9.007, 3992
9.570, 3991
9.822, 3990
10.022, 3989
11.640, 3988
12.393, 3987
15.418, 3986
19.164, 3985
