0.001, 4534
0.357, 4533
0.358, 4532
0.364, 4531
0.366, 4530
0.369, 4529
0.371, 4528
0.372, 4527
0.380, 4526
0.383, 4525
0.386, 4524
0.387, 4523
0.390, 4522
0.391, 4521
0.393, 4520
0.400, 4519
0.402, 4518
0.417, 4517
0.420, 4516
0.425, 4515
0.427, 4514
0.428, 4513
0.430, 4512
0.431, 4511
0.431, 4510
0.434, 4509
0.440, 4508
0.441, 4507
0.442, 4506
0.444, 4505
0.453, 4504
0.458, 4503
0.463, 4502
0.464, 4501
0.466, 4500
0.467, 4499
0.469, 4498
0.472, 4497
0.476, 4496
0.476, 4495
0.479, 4494
0.484, 4493
0.486, 4492
0.496, 4491
0.497, 4490
0.506, 4489
0.520, 4488
0.526, 4487
0.532, 4486
0.536, 4485
0.539, 4484
0.539, 4483
0.542, 4482
0.543, 4481
0.545, 4480
0.551, 4479
0.552, 4478
0.555, 4477
0.556, 4476
0.560, 4475
0.562, 4474
0.566, 4473
0.573, 4472
0.581, 4471
0.582, 4470
0.583, 4469
0.585, 4468
0.589, 4467
0.590, 4466
0.594, 4465
0.598, 4464
0.602, 4463
0.607, 4462
0.609, 4461
0.611, 4460
0.612, 4459
0.615, 4458
0.625, 4457
0.628, 4456
0.642, 4455
0.649, 4454
0.650, 4453
0.653, 4452
0.657, 4451
0.659, 4450
0.662, 4449
0.668, 4448
0.669, 4447
0.672, 4446
0.679, 4445
0.685, 4444
0.687, 4443
0.688, 4442
0.695, 4441
0.697, 4440
0.698, 4439
0.699, 4438
0.724, 4437
0.724, 4436
0.743, 4435
0.749, 4434
0.750, 4433
0.751, 4432
0.753, 4431
0.757, 4430
0.758, 4429
0.761, 4428
0.762, 4427
0.766, 4426
0.775, 4425
0.784, 4424
0.789, 4423
0.791, 4422
0.793, 4421
0.801, 4420
0.802, 4419
0.810, 4418
0.815, 4417
0.817, 4416
0.820, 4415
0.821, 4414
0.822, 4413
0.827, 4412
0.833, 4411
0.840, 4410
0.850, 4409
0.851, 4408
0.852, 4407
0.853, 4406
0.854, 4405
0.861, 4404
0.862, 4403
0.869, 4402
0.871, 4401
0.874, 4400
0.875, 4399
0.888, 4398
0.898, 4397
0.900, 4396
0.902, 4395
0.903, 4394
0.906, 4393
0.918, 4392
0.927, 4391
0.930, 4390
0.933, 4389
0.936, 4388
0.938, 4387
0.946, 4386
0.950, 4385
0.957, 4384
0.964, 4383
0.965, 4382
0.965, 4381
0.966, 4380
0.967, 4379
0.974, 4378
0.978, 4377
0.981, 4376
0.984, 4375
0.992, 4374
0.994, 4373
0.995, 4372
0.996, 4371
1.004, 4370
1.005, 4369
1.009, 4368
1.012, 4367
1.023, 4366
1.024, 4365
1.029, 4364
1.030, 4363
1.032, 4362
1.033, 4361
1.035, 4360
1.042, 4359
1.044, 4358
1.047, 4357
1.056, 4356
1.061, 4355
1.062, 4354
1.077, 4353
1.079, 4352
1.085, 4351
1.097, 4350
1.102, 4349
1.105, 4348
1.106, 4347
1.107, 4346
1.108, 4345
1.110, 4344
1.113, 4343
1.119, 4342
1.120, 4341
1.121, 4340
1.127, 4339
1.130, 4338
1.134, 4337
1.143, 4336
1.145, 4335
1.148, 4334
1.151, 4333
1.166, 4332
1.168, 4331
1.175, 4330
1.176, 4329
1.179, 4328
1.180, 4327
1.188, 4326
1.196, 4325
1.215, 4324
1.226, 4323
1.227, 4322
1.233, 4321
1.239, 4320
1.251, 4319
1.256, 4318
1.263, 4317
1.264, 4316
1.266, 4315
1.267, 4314
1.295, 4313
1.297, 4312
1.316, 4311
1.324, 4310
1.328, 4309
1.329, 4308
1.342, 4307
1.350, 4306
1.357, 4305
1.360, 4304
1.365, 4303
1.368, 4302
1.372, 4301
1.374, 4300
1.380, 4299
1.381, 4298
1.383, 4297
1.385, 4296
1.386, 4295
1.387, 4294
1.399, 4293
1.402, 4292
1.419, 4291
1.437, 4290
1.443, 4289
1.444, 4288
1.448, 4287
1.449, 4286
1.466, 4285
1.471, 4284
1.509, 4283
1.512, 4282
1.513, 4281
1.523, 4280
1.546, 4279
1.548, 4278
1.550, 4277
1.561, 4276
1.571, 4275
1.578, 4274
1.592, 4273
1.595, 4272
1.607, 4271
1.629, 4270
1.636, 4269
1.657, 4268
1.674, 4267
1.678, 4266
1.679, 4265
1.712, 4264
1.713, 4263
1.714, 4262
1.735, 4261
1.737, 4260
1.783, 4259
1.798, 4258
1.799, 4257
1.825, 4256
1.836, 4255
1.837, 4254
1.857, 4253
1.885, 4252
1.918, 4251
1.934, 4250
1.944, 4249
1.953, 4248
1.961, 4247
1.966, 4246
1.966, 4245
1.967, 4244
1.969, 4243
1.979, 4242
1.981, 4241
1.998, 4240
2.007, 4239
2.010, 4238
2.017, 4237
2.059, 4236
2.060, 4235
2.063, 4234
2.096, 4233
2.100, 4232
2.104, 4231
2.106, 4230
2.115, 4229
2.127, 4228
2.136, 4227
2.153, 4226
2.155, 4225
2.160, 4224
2.171, 4223
2.188, 4222
2.195, 4221
2.214, 4220
2.216, 4219
2.221, 4218
2.226, 4217
2.251, 4216
2.260, 4215
2.270, 4214
2.272, 4213
2.278, 4212
2.280, 4211
2.298, 4210
2.318, 4209
2.337, 4208
2.338, 4207
2.357, 4206
2.364, 4205
2.385, 4204
2.387, 4203
2.388, 4202
2.398, 4201
2.401, 4200
2.406, 4199
2.412, 4198
2.418, 4197
2.431, 4196
2.456, 4195
2.458, 4194
2.460, 4193
2.481, 4192
2.493, 4191
2.502, 4190
2.526, 4189
2.530, 4188
2.540, 4187
2.554, 4186
2.559, 4185
2.560, 4184
2.570, 4183
2.571, 4182
2.588, 4181
2.592, 4180
2.612, 4179
2.639, 4178
2.725, 4177
2.735, 4176
2.743, 4175
2.744, 4174
2.755, 4173
2.757, 4172
2.769, 4171
2.771, 4170
2.776, 4169
2.785, 4168
2.787, 4167
2.793, 4166
2.800, 4165
2.804, 4164
2.836, 4163
2.852, 4162
2.856, 4161
2.865, 4160
2.876, 4159
2.880, 4158
2.881, 4157
2.900, 4156
2.900, 4155
2.906, 4154
2.917, 4153
2.924, 4152
2.928, 4151
2.950, 4150
2.987, 4149
2.996, 4148
2.997, 4147
3.002, 4146
3.003, 4145
3.025, 4144
3.035, 4143
3.052, 4142
3.057, 4141
3.068, 4140
3.071, 4139
3.094, 4138
3.098, 4137
3.099, 4136
3.106, 4135
3.126, 4134
3.147, 4133
3.149, 4132
3.164, 4131
3.174, 4130
3.219, 4129
3.241, 4128
3.253, 4127
3.267, 4126
3.269, 4125
3.297, 4124
3.316, 4123
3.325, 4122
3.328, 4121
3.342, 4120
3.345, 4119
3.347, 4118
3.384, 4117
3.446, 4116
3.450, 4115
3.465, 4114
3.475, 4113
3.482, 4112
3.483, 4111
3.486, 4110
3.492, 4109
3.505, 4108
3.517, 4107
3.546, 4106
3.589, 4105
3.601, 4104
3.612, 4103
3.625, 4102
3.637, 4101
3.645, 4100
3.669, 4099
3.711, 4098
3.723, 4097
3.747, 4096
3.752, 4095
3.786, 4094
3.788, 4093
3.844, 4092
3.847, 4091
3.852, 4090
3.858, 4089
3.871, 4088
3.888, 4087
3.895, 4086
3.903, 4085
3.923, 4084
3.939, 4083
3.951, 4082
3.970, 4081
3.978, 4080
3.985, 4079
4.006, 4078
4.022, 4077
4.029, 4076
4.067, 4075
4.082, 4074
4.111, 4073
4.120, 4072
4.239, 4071
4.243, 4070
4.257, 4069
4.266, 4068
4.287, 4067
4.302, 4066
4.409, 4065
4.423, 4064
4.449, 4063
4.454, 4062
4.479, 4061
4.484, 4060
4.511, 4059
4.513, 4058
4.533, 4057
4.556, 4056
4.596, 4055
4.629, 4054
4.684, 4053
4.703, 4052
4.743, 4051
4.759, 4050
4.777, 4049
4.826, 4048
4.831, 4047
4.838, 4046
4.883, 4045
4.925, 4044
4.954, 4043
4.973, 4042
4.987, 4041
4.998, 4040
5.012, 4039
5.035, 4038
5.044, 4037
5.069, 4036
5.107, 4035
5.204, 4034
5.224, 4033
5.260, 4032
5.373, 4031
5.479, 4030
5.526, 4029
5.531, 4028
5.674, 4027
5.710, 4026
5.718, 4025
5.784, 4024
5.873, 4023
5.911, 4022
5.968, 4021
6.027, 4020
6.070, 4019
6.300, 4018
6.311, 4017
6.513, 4016
6.569, 4015
6.611, 4014
6.635, 4013
6.670, 4012
6.742, 4011
6.926, 4010
6.944, 4009
7.088, 4008
7.136, 4007
7.233, 4006
7.284, 4005
7.331, 4004
7.335, 4003
7.396, 4002
7.471, 4001
7.790, 4000
8.132, 3999
8.295, 3998
8.479, 3997
8.527, 3996
8.532, 3995
8.646, 3994
8.685, 3993
8.826, 3992
9.157, 3991
9.456, 3990
10.149, 3989
10.446, 3988
11.357, 3987
12.195, 3986
13.721, 3985
