0.001, 4535
0.493, 4534
0.496, 4533
0.497, 4532
0.500, 4531
0.505, 4530
0.509, 4529
0.509, 4528
0.515, 4527
0.521, 4526
0.521, 4525
0.522, 4524
0.534, 4523
0.535, 4522
0.538, 4521
0.540, 4520
0.543, 4519
0.544, 4518
0.553, 4517
0.559, 4516
0.562, 4515
0.565, 4514
0.571, 4513
0.576, 4512
0.577, 4511
0.580, 4510
0.584, 4509
0.587, 4508
0.597, 4507
0.599, 4506
0.603, 4505
0.605, 4504
0.609, 4503
0.613, 4502
0.616, 4501
0.624, 4500
0.626, 4499
0.633, 4498
0.637, 4497
0.639, 4496
0.640, 4495
0.647, 4494
0.653, 4493
0.654, 4492
0.656, 4491
0.660, 4490
0.669, 4489
0.674, 4488
0.679, 4487
0.689, 4486
0.692, 4485
0.694, 4484
0.699, 4483
0.699, 4482
0.702, 4481
0.708, 4480
0.717, 4479
0.726, 4478
0.730, 4477
0.734, 4476
0.741, 4475
0.746, 4474
0.748, 4473
0.754, 4472
0.756, 4471
0.769, 4470
0.773, 4469
0.780, 4468
0.785, 4467
0.786, 4466
0.789, 4465
0.795, 4464
0.797, 4463
0.798, 4462
0.802, 4461
0.803, 4460
0.805, 4459
0.807, 4458
0.809, 4457
0.812, 4456
0.816, 4455
0.819, 4454
0.830, 4453
0.834, 4452
0.835, 4451
0.842, 4450
0.846, 4449
0.848, 4448
0.851, 4447
0.856, 4446
0.863, 4445
0.864, 4444
0.868, 4443
0.868, 4442
0.873, 4441
0.874, 4440
0.887, 4439
0.890, 4438
0.892, 4437
0.894, 4436
0.895, 4435
0.900, 4434
0.902, 4433
0.902, 4432
0.911, 4431
0.913, 4430
0.914, 4429
0.917, 4428
0.920, 4427
0.921, 4426
0.923, 4425
0.927, 4424
0.928, 4423
0.930, 4422
0.931, 4421
0.933, 4420
0.935, 4419
0.939, 4418
0.941, 4417
0.943, 4416
0.949, 4415
0.953, 4414
0.961, 4413
0.962, 4412
0.963, 4411
0.965, 4410
0.969, 4409
0.973, 4408
0.975, 4407
0.982, 4406
0.985, 4405
0.989, 4404
0.990, 4403
0.994, 4402
0.995, 4401
0.996, 4400
0.998, 4399
1.004, 4398
1.008, 4397
1.009, 4396
1.011, 4395
1.015, 4394
1.037, 4393
1.041, 4392
1.041, 4391
1.058, 4390
1.071, 4389
1.073, 4388
1.076, 4387
1.077, 4386
1.079, 4385
1.083, 4384
1.090, 4383
1.097, 4382
1.100, 4381
1.101, 4380
1.108, 4379
1.120, 4378
1.121, 4377
1.125, 4376
1.126, 4375
1.134, 4374
1.137, 4373
1.143, 4372
1.158, 4371
1.167, 4370
1.168, 4369
1.177, 4368
1.182, 4367
1.189, 4366
1.197, 4365
1.199, 4364
1.207, 4363
1.211, 4362
1.214, 4361
1.215, 4360
1.217, 4359
1.219, 4358
1.220, 4357
1.224, 4356
1.236, 4355
1.246, 4354
1.251, 4353
1.262, 4352
1.264, 4351
1.265, 4350
1.266, 4349
1.270, 4348
1.274, 4347
1.275, 4346
1.277, 4345
1.289, 4344
1.292, 4343
1.293, 4342
1.295, 4341
1.311, 4340
1.319, 4339
1.323, 4338
1.336, 4337
1.365, 4336
1.367, 4335
1.374, 4334
1.374, 4333
1.378, 4332
1.392, 4331
1.394, 4330
1.411, 4329
1.430, 4328
1.431, 4327
1.432, 4326
1.448, 4325
1.467, 4324
1.471, 4323
1.472, 4322
1.475, 4321
1.479, 4320
1.484, 4319
1.495, 4318
1.511, 4317
1.512, 4316
1.516, 4315
1.524, 4314
1.530, 4313
1.560, 4312
1.569, 4311
1.573, 4310
1.596, 4309
1.602, 4308
1.608, 4307
1.617, 4306
1.619, 4305
1.625, 4304
1.626, 4303
1.633, 4302
1.633, 4301
1.638, 4300
1.648, 4299
1.663, 4298
1.667, 4297
1.673, 4296
1.692, 4295
1.694, 4294
1.702, 4293
1.708, 4292
1.712, 4291
1.713, 4290
1.714, 4289
1.719, 4288
1.727, 4287
1.730, 4286
1.731, 4285
1.737, 4284
1.738, 4283
1.766, 4282
1.768, 4281
1.773, 4280
1.778, 4279
1.788, 4278
1.789, 4277
1.792, 4276
1.796, 4275
1.797, 4274
1.805, 4273
1.816, 4272
1.817, 4271
1.828, 4270
1.833, 4269
1.840, 4268
1.840, 4267
1.844, 4266
1.844, 4265
1.869, 4264
1.872, 4263
1.873, 4262
1.882, 4261
1.890, 4260
1.892, 4259
1.893, 4258
1.895, 4257
1.896, 4256
1.900, 4255
1.902, 4254
1.908, 4253
1.909, 4252
1.910, 4251
1.916, 4250
1.920, 4249
1.931, 4248
1.932, 4247
1.943, 4246
1.950, 4245
1.972, 4244
1.975, 4243
1.980, 4242
1.985, 4241
1.991, 4240
2.007, 4239
2.007, 4238
2.025, 4237
2.028, 4236
2.031, 4235
2.032, 4234
2.036, 4233
2.046, 4232
2.047, 4231
2.060, 4230
2.061, 4229
2.063, 4228
2.070, 4227
2.079, 4226
2.085, 4225
2.105, 4224
2.106, 4223
2.110, 4222
2.114, 4221
2.124, 4220
2.128, 4219
2.135, 4218
2.136, 4217
2.147, 4216
2.155, 4215
2.162, 4214
2.167, 4213
2.189, 4212
2.196, 4211
2.212, 4210
2.216, 4209
2.226, 4208
2.238, 4207
2.262, 4206
2.268, 4205
2.274, 4204
2.285, 4203
2.299, 4202
2.300, 4201
2.309, 4200
2.326, 4199
2.330, 4198
2.332, 4197
2.357, 4196
2.383, 4195
2.386, 4194
2.389, 4193
2.394, 4192
2.399, 4191
2.407, 4190
2.423, 4189
2.429, 4188
2.435, 4187
2.439, 4186
2.466, 4185
2.472, 4184
2.491, 4183
2.512, 4182
2.517, 4181
2.518, 4180
2.529, 4179
2.539, 4178
2.542, 4177
2.549, 4176
2.550, 4175
2.561, 4174
2.563, 4173
2.572, 4172
2.579, 4171
2.580, 4170
2.582, 4169
2.590, 4168
2.603, 4167
2.615, 4166
2.667, 4165
2.675, 4164
2.676, 4163
2.692, 4162
2.693, 4161
2.704, 4160
2.718, 4159
2.731, 4158
2.732, 4157
2.737, 4156
2.739, 4155
2.743, 4154
2.782, 4153
2.790, 4152
2.794, 4151
2.798, 4150
2.841, 4149
2.849, 4148
2.854, 4147
2.859, 4146
2.876, 4145
2.881, 4144
2.883, 4143
2.890, 4142
2.915, 4141
2.950, 4140
2.965, 4139
2.974, 4138
2.977, 4137
2.979, 4136
3.022, 4135
3.041, 4134
3.064, 4133
3.068, 4132
3.075, 4131
3.083, 4130
3.087, 4129
3.098, 4128
3.177, 4127
3.193, 4126
3.200, 4125
3.209, 4124
3.210, 4123
3.212, 4122
3.221, 4121
3.223, 4120
3.226, 4119
3.230, 4118
3.256, 4117
3.261, 4116
3.331, 4115
3.332, 4114
3.344, 4113
3.355, 4112
3.361, 4111
3.387, 4110
3.393, 4109
3.415, 4108
3.447, 4107
3.466, 4106
3.478, 4105
3.523, 4104
3.570, 4103
3.591, 4102
3.619, 4101
3.649, 4100
3.657, 4099
3.675, 4098
3.739, 4097
3.753, 4096
3.763, 4095
3.765, 4094
3.769, 4093
3.782, 4092
3.816, 4091
3.841, 4090
3.866, 4089
3.869, 4088
3.883, 4087
3.924, 4086
3.959, 4085
3.998, 4084
4.009, 4083
4.015, 4082
4.025, 4081
4.039, 4080
4.046, 4079
4.080, 4078
4.086, 4077
4.096, 4076
4.113, 4075
4.148, 4074
4.165, 4073
4.183, 4072
4.237, 4071
4.254, 4070
4.271, 4069
4.323, 4068
4.349, 4067
4.358, 4066
4.371, 4065
4.385, 4064
4.386, 4063
4.389, 4062
4.399, 4061
4.501, 4060
4.503, 4059
4.553, 4058
4.586, 4057
4.677, 4056
4.697, 4055
4.769, 4054
4.789, 4053
4.809, 4052
4.815, 4051
4.822, 4050
4.831, 4049
4.841, 4048
4.863, 4047
4.882, 4046
4.897, 4045
4.898, 4044
4.912, 4043
4.924, 4042
5.042, 4041
5.071, 4040
5.133, 4039
5.270, 4038
5.278, 4037
5.279, 4036
5.307, 4035
5.322, 4034
5.382, 4033
5.404, 4032
5.412, 4031
5.484, 4030
5.534, 4029
5.573, 4028
5.661, 4027
5.824, 4026
5.858, 4025
5.888, 4024
5.901, 4023
5.902, 4022
6.073, 4021
6.169, 4020
6.428, 4019
6.482, 4018
6.520, 4017
6.675, 4016
6.782, 4015
6.846, 4014
7.017, 4013
7.163, 4012
7.203, 4011
7.309, 4010
7.374, 4009
7.468, 4008
7.595, 4007
7.728, 4006
8.133, 4005
8.179, 4004
8.271, 4003
8.375, 4002
8.742, 4001
9.117, 4000
9.256, 3999
9.732, 3998
10.415, 3997
10.644, 3996
10.657, 3995
10.822, 3994
12.406, 3993
12.449, 3992
14.942, 3991
15.325, 3990
24.976, 3989
