0.005, 8359
0.005, 8358
0.005, 8357
0.005, 8356
0.005, 8355
0.005, 8354
0.005, 8353
0.005, 8352
0.005, 8351
0.005, 8350
0.005, 8349
0.005, 8348
0.005, 8347
0.005, 8346
0.005, 8345
0.005, 8344
0.005, 8343
0.005, 8342
0.005, 8341
0.005, 8340
0.005, 8339
0.005, 8338
0.005, 8337
0.005, 8336
0.005, 8335
0.005, 8334
0.005, 8333
0.005, 8332
0.005, 8331
0.005, 8330
0.005, 8329
0.005, 8328
0.005, 8327
0.005, 8326
0.005, 8325
0.005, 8324
0.005, 8323
0.005, 8322
0.005, 8321
0.005, 8320
0.005, 8319
0.005, 8318
0.005, 8317
0.005, 8316
0.005, 8315
0.005, 8314
0.005, 8313
0.005, 8312
0.005, 8311
0.005, 8310
0.005, 8309
0.005, 8308
0.005, 8307
0.005, 8306
0.005, 8305
0.005, 8304
0.005, 8303
0.005, 8302
0.005, 8301
0.005, 8300
0.005, 8299
0.005, 8298
0.005, 8297
0.005, 8296
0.005, 8295
0.005, 8294
0.005, 8293
0.005, 8292
0.005, 8291
0.005, 8290
0.005, 8289
0.005, 8288
0.005, 8287
0.005, 8286
0.005, 8285
0.005, 8284
0.005, 8283
0.005, 8282
0.005, 8281
0.005, 8280
0.005, 8279
0.005, 8278
0.005, 8277
0.005, 8276
0.006, 8275
0.006, 8274
0.006, 8273
0.006, 8272
0.006, 8271
0.006, 8270
0.006, 8269
0.006, 8268
0.006, 8267
0.006, 8266
0.006, 8265
0.006, 8264
0.006, 8263
0.006, 8262
0.006, 8261
0.006, 8260
0.006, 8259
0.006, 8258
0.006, 8257
0.006, 8256
0.006, 8255
0.006, 8254
0.006, 8253
0.006, 8252
0.006, 8251
0.006, 8250
0.006, 8249
0.006, 8248
0.006, 8247
0.006, 8246
0.006, 8245
0.006, 8244
0.006, 8243
0.006, 8242
0.006, 8241
0.006, 8240
0.006, 8239
0.006, 8238
0.006, 8237
0.006, 8236
0.006, 8235
0.006, 8234
0.006, 8233
0.006, 8232
0.006, 8231
0.006, 8230
0.006, 8229
0.006, 8228
0.006, 8227
0.006, 8226
0.006, 8225
0.006, 8224
0.006, 8223
0.006, 8222
0.006, 8221
0.006, 8220
0.006, 8219
0.006, 8218
0.006, 8217
0.006, 8216
0.006, 8215
0.006, 8214
0.006, 8213
0.006, 8212
0.006, 8211
0.006, 8210
0.006, 8209
0.006, 8208
0.006, 8207
0.006, 8206
0.006, 8205
0.006, 8204
0.006, 8203
0.006, 8202
0.006, 8201
0.006, 8200
0.006, 8199
0.006, 8198
0.006, 8197
0.006, 8196
0.006, 8195
0.006, 8194
0.006, 8193
0.006, 8192
0.006, 8191
0.006, 8190
0.006, 8189
0.006, 8188
0.006, 8187
0.006, 8186
0.006, 8185
0.006, 8184
0.006, 8183
0.006, 8182
0.006, 8181
0.006, 8180
0.006, 8179
0.006, 8178
0.006, 8177
0.006, 8176
0.006, 8175
0.006, 8174
0.006, 8173
0.006, 8172
0.006, 8171
0.006, 8170
0.006, 8169
0.006, 8168
0.006, 8167
0.006, 8166
0.006, 8165
0.006, 8164
0.006, 8163
0.006, 8162
0.006, 8161
0.006, 8160
0.006, 8159
0.006, 8158
0.006, 8157
0.006, 8156
0.006, 8155
0.006, 8154
0.006, 8153
0.006, 8152
0.007, 8151
0.007, 8150
0.007, 8149
0.007, 8148
0.007, 8147
0.007, 8146
0.007, 8145
0.007, 8144
0.007, 8143
0.007, 8142
0.007, 8141
0.007, 8140
0.007, 8139
0.007, 8138
0.007, 8137
0.007, 8136
0.007, 8135
0.007, 8134
0.007, 8133
0.007, 8132
0.007, 8131
0.007, 8130
0.007, 8129
0.007, 8128
0.007, 8127
0.007, 8126
0.007, 8125
0.007, 8124
0.007, 8123
0.007, 8122
0.007, 8121
0.007, 8120
0.007, 8119
0.007, 8118
0.007, 8117
0.007, 8116
0.007, 8115
0.007, 8114
0.007, 8113
0.007, 8112
0.007, 8111
0.007, 8110
0.007, 8109
0.007, 8108
0.007, 8107
0.007, 8106
0.007, 8105
0.007, 8104
0.007, 8103
0.007, 8102
0.007, 8101
0.007, 8100
0.007, 8099
0.007, 8098
0.007, 8097
0.007, 8096
0.007, 8095
0.007, 8094
0.007, 8093
0.007, 8092
0.007, 8091
0.007, 8090
0.007, 8089
0.007, 8088
0.007, 8087
0.007, 8086
0.007, 8085
0.007, 8084
0.007, 8083
0.007, 8082
0.007, 8081
0.007, 8080
0.007, 8079
0.007, 8078
0.007, 8077
0.007, 8076
0.007, 8075
0.007, 8074
0.007, 8073
0.007, 8072
0.007, 8071
0.007, 8070
0.007, 8069
0.007, 8068
0.007, 8067
0.007, 8066
0.007, 8065
0.007, 8064
0.007, 8063
0.007, 8062
0.007, 8061
0.007, 8060
0.007, 8059
0.007, 8058
0.007, 8057
0.007, 8056
0.007, 8055
0.007, 8054
0.007, 8053
0.007, 8052
0.007, 8051
0.007, 8050
0.007, 8049
0.007, 8048
0.007, 8047
0.007, 8046
0.007, 8045
0.007, 8044
0.007, 8043
0.007, 8042
0.007, 8041
0.007, 8040
0.007, 8039
0.007, 8038
0.007, 8037
0.007, 8036
0.007, 8035
0.007, 8034
0.007, 8033
0.007, 8032
0.007, 8031
0.007, 8030
0.007, 8029
0.007, 8028
0.007, 8027
0.007, 8026
0.007, 8025
0.007, 8024
0.007, 8023
0.007, 8022
0.007, 8021
0.007, 8020
0.007, 8019
0.007, 8018
0.007, 8017
0.007, 8016
0.007, 8015
0.008, 8014
0.008, 8013
0.008, 8012
0.008, 8011
0.008, 8010
0.008, 8009
0.008, 8008
0.008, 8007
0.008, 8006
0.008, 8005
0.008, 8004
0.008, 8003
0.008, 8002
0.008, 8001
0.008, 8000
0.008, 7999
0.008, 7998
0.008, 7997
0.008, 7996
0.008, 7995
0.008, 7994
0.008, 7993
0.008, 7992
0.008, 7991
0.008, 7990
0.008, 7989
0.008, 7988
0.008, 7987
0.008, 7986
0.008, 7985
0.008, 7984
0.008, 7983
0.008, 7982
0.008, 7981
0.008, 7980
0.008, 7979
0.008, 7978
0.008, 7977
0.008, 7976
0.008, 7975
0.008, 7974
0.008, 7973
0.008, 7972
0.008, 7971
0.008, 7970
0.008, 7969
0.008, 7968
0.008, 7967
0.008, 7966
0.008, 7965
0.008, 7964
0.008, 7963
0.008, 7962
0.008, 7961
0.008, 7960
0.008, 7959
0.008, 7958
0.008, 7957
0.008, 7956
0.008, 7955
0.008, 7954
0.008, 7953
0.008, 7952
0.008, 7951
0.008, 7950
0.008, 7949
0.008, 7948
0.008, 7947
0.008, 7946
0.008, 7945
0.008, 7944
0.008, 7943
0.008, 7942
0.008, 7941
0.008, 7940
0.008, 7939
0.008, 7938
0.008, 7937
0.008, 7936
0.008, 7935
0.008, 7934
0.008, 7933
0.008, 7932
0.008, 7931
0.008, 7930
0.008, 7929
0.008, 7928
0.008, 7927
0.008, 7926
0.008, 7925
0.008, 7924
0.008, 7923
0.008, 7922
0.008, 7921
0.008, 7920
0.008, 7919
0.008, 7918
0.008, 7917
0.008, 7916
0.008, 7915
0.008, 7914
0.008, 7913
0.008, 7912
0.008, 7911
0.008, 7910
0.008, 7909
0.008, 7908
0.008, 7907
0.008, 7906
0.008, 7905
0.008, 7904
0.008, 7903
0.008, 7902
0.008, 7901
0.008, 7900
0.008, 7899
0.008, 7898
0.008, 7897
0.008, 7896
0.008, 7895
0.008, 7894
0.008, 7893
0.008, 7892
0.008, 7891
0.008, 7890
0.008, 7889
0.008, 7888
0.008, 7887
0.008, 7886
0.008, 7885
0.008, 7884
0.008, 7883
0.008, 7882
0.008, 7881
0.008, 7880
0.008, 7879
0.008, 7878
0.008, 7877
0.008, 7876
0.008, 7875
0.008, 7874
0.008, 7873
0.008, 7872
0.008, 7871
0.008, 7870
0.008, 7869
0.008, 7868
0.008, 7867
0.008, 7866
0.008, 7865
0.008, 7864
0.008, 7863
0.008, 7862
0.009, 7861
0.009, 7860
0.009, 7859
0.009, 7858
0.009, 7857
0.009, 7856
0.009, 7855
0.009, 7854
0.009, 7853
0.009, 7852
0.009, 7851
0.009, 7850
0.009, 7849
0.009, 7848
0.009, 7847
0.009, 7846
0.009, 7845
0.009, 7844
0.009, 7843
0.009, 7842
0.009, 7841
0.009, 7840
0.009, 7839
0.009, 7838
0.009, 7837
0.009, 7836
0.009, 7835
0.009, 7834
0.009, 7833
0.009, 7832
0.009, 7831
0.009, 7830
0.009, 7829
0.009, 7828
0.009, 7827
0.009, 7826
0.009, 7825
0.009, 7824
0.009, 7823
0.009, 7822
0.009, 7821
0.009, 7820
0.009, 7819
0.009, 7818
0.009, 7817
0.009, 7816
0.009, 7815
0.009, 7814
0.009, 7813
0.009, 7812
0.009, 7811
0.009, 7810
0.009, 7809
0.009, 7808
0.009, 7807
0.009, 7806
0.009, 7805
0.009, 7804
0.009, 7803
0.009, 7802
0.009, 7801
0.009, 7800
0.009, 7799
0.009, 7798
0.009, 7797
0.009, 7796
0.009, 7795
0.009, 7794
0.009, 7793
0.009, 7792
0.009, 7791
0.009, 7790
0.009, 7789
0.009, 7788
0.009, 7787
0.009, 7786
0.009, 7785
0.009, 7784
0.009, 7783
0.009, 7782
0.009, 7781
0.009, 7780
0.009, 7779
0.009, 7778
0.009, 7777
0.009, 7776
0.009, 7775
0.009, 7774
0.009, 7773
0.009, 7772
0.009, 7771
0.009, 7770
0.009, 7769
0.009, 7768
0.009, 7767
0.009, 7766
0.009, 7765
0.009, 7764
0.009, 7763
0.009, 7762
0.009, 7761
0.009, 7760
0.009, 7759
0.009, 7758
0.009, 7757
0.009, 7756
0.009, 7755
0.009, 7754
0.009, 7753
0.009, 7752
0.009, 7751
0.009, 7750
0.009, 7749
0.009, 7748
0.009, 7747
0.009, 7746
0.009, 7745
0.009, 7744
0.009, 7743
0.009, 7742
0.009, 7741
0.009, 7740
0.009, 7739
0.009, 7738
0.009, 7737
0.009, 7736
0.009, 7735
0.009, 7734
0.009, 7733
0.009, 7732
0.009, 7731
0.009, 7730
0.009, 7729
0.009, 7728
0.009, 7727
0.009, 7726
0.009, 7725
0.009, 7724
0.009, 7723
0.009, 7722
0.009, 7721
0.009, 7720
0.009, 7719
0.009, 7718
0.009, 7717
0.009, 7716
0.009, 7715
0.009, 7714
0.009, 7713
0.009, 7712
0.009, 7711
0.009, 7710
0.009, 7709
0.009, 7708
0.009, 7707
0.009, 7706
0.009, 7705
0.009, 7704
0.009, 7703
0.009, 7702
0.009, 7701
0.009, 7700
0.009, 7699
0.009, 7698
0.009, 7697
0.009, 7696
0.010, 7695
0.010, 7694
0.010, 7693
0.010, 7692
0.010, 7691
0.010, 7690
0.010, 7689
0.010, 7688
0.010, 7687
0.010, 7686
0.010, 7685
0.010, 7684
0.010, 7683
0.010, 7682
0.010, 7681
0.010, 7680
0.010, 7679
0.010, 7678
0.010, 7677
0.010, 7676
0.010, 7675
0.010, 7674
0.010, 7673
0.010, 7672
0.010, 7671
0.010, 7670
0.010, 7669
0.010, 7668
0.010, 7667
0.010, 7666
0.010, 7665
0.010, 7664
0.010, 7663
0.010, 7662
0.010, 7661
0.010, 7660
0.010, 7659
0.010, 7658
0.010, 7657
0.010, 7656
0.010, 7655
0.010, 7654
0.010, 7653
0.010, 7652
0.010, 7651
0.010, 7650
0.010, 7649
0.010, 7648
0.010, 7647
0.010, 7646
0.010, 7645
0.010, 7644
0.010, 7643
0.010, 7642
0.010, 7641
0.010, 7640
0.010, 7639
0.010, 7638
0.010, 7637
0.010, 7636
0.010, 7635
0.010, 7634
0.010, 7633
0.010, 7632
0.010, 7631
0.010, 7630
0.010, 7629
0.010, 7628
0.010, 7627
0.010, 7626
0.010, 7625
0.010, 7624
0.010, 7623
0.010, 7622
0.010, 7621
0.010, 7620
0.010, 7619
0.011, 7618
0.011, 7617
0.011, 7616
0.011, 7615
0.011, 7614
0.011, 7613
0.011, 7612
0.011, 7611
0.011, 7610
0.011, 7609
0.011, 7608
0.011, 7607
0.011, 7606
0.011, 7605
0.011, 7604
0.011, 7603
0.011, 7602
0.011, 7601
0.011, 7600
0.011, 7599
0.011, 7598
0.011, 7597
0.011, 7596
0.011, 7595
0.011, 7594
0.011, 7593
0.011, 7592
0.011, 7591
0.011, 7590
0.011, 7589
0.011, 7588
0.011, 7587
0.011, 7586
0.011, 7585
0.011, 7584
0.011, 7583
0.011, 7582
0.011, 7581
0.011, 7580
0.011, 7579
0.011, 7578
0.011, 7577
0.011, 7576
0.011, 7575
0.011, 7574
0.011, 7573
0.011, 7572
0.011, 7571
0.011, 7570
0.011, 7569
0.011, 7568
0.011, 7567
0.011, 7566
0.011, 7565
0.011, 7564
0.011, 7563
0.011, 7562
0.011, 7561
0.011, 7560
0.011, 7559
0.011, 7558
0.011, 7557
0.011, 7556
0.011, 7555
0.011, 7554
0.011, 7553
0.011, 7552
0.011, 7551
0.011, 7550
0.011, 7549
0.011, 7548
0.011, 7547
0.011, 7546
0.011, 7545
0.011, 7544
0.011, 7543
0.011, 7542
0.011, 7541
0.011, 7540
0.011, 7539
0.011, 7538
0.011, 7537
0.011, 7536
0.011, 7535
0.011, 7534
0.011, 7533
0.011, 7532
0.011, 7531
0.011, 7530
0.011, 7529
0.011, 7528
0.011, 7527
0.011, 7526
0.011, 7525
0.011, 7524
0.011, 7523
0.011, 7522
0.011, 7521
0.011, 7520
0.011, 7519
0.011, 7518
0.011, 7517
0.011, 7516
0.012, 7515
0.012, 7514
0.012, 7513
0.012, 7512
0.012, 7511
0.012, 7510
0.012, 7509
0.012, 7508
0.012, 7507
0.012, 7506
0.012, 7505
0.012, 7504
0.012, 7503
0.012, 7502
0.012, 7501
0.012, 7500
0.012, 7499
0.012, 7498
0.012, 7497
0.012, 7496
0.012, 7495
0.012, 7494
0.012, 7493
0.012, 7492
0.012, 7491
0.012, 7490
0.012, 7489
0.012, 7488
0.012, 7487
0.012, 7486
0.012, 7485
0.012, 7484
0.012, 7483
0.012, 7482
0.012, 7481
0.012, 7480
0.012, 7479
0.012, 7478
0.012, 7477
0.012, 7476
0.012, 7475
0.012, 7474
0.012, 7473
0.012, 7472
0.012, 7471
0.012, 7470
0.012, 7469
0.012, 7468
0.012, 7467
0.012, 7466
0.012, 7465
0.012, 7464
0.012, 7463
0.012, 7462
0.012, 7461
0.012, 7460
0.012, 7459
0.012, 7458
0.012, 7457
0.012, 7456
0.012, 7455
0.012, 7454
0.012, 7453
0.012, 7452
0.012, 7451
0.012, 7450
0.012, 7449
0.012, 7448
0.012, 7447
0.012, 7446
0.012, 7445
0.012, 7444
0.012, 7443
0.012, 7442
0.012, 7441
0.012, 7440
0.012, 7439
0.012, 7438
0.012, 7437
0.012, 7436
0.012, 7435
0.012, 7434
0.012, 7433
0.012, 7432
0.012, 7431
0.012, 7430
0.012, 7429
0.012, 7428
0.012, 7427
0.012, 7426
0.012, 7425
0.013, 7424
0.013, 7423
0.013, 7422
0.013, 7421
0.013, 7420
0.013, 7419
0.013, 7418
0.013, 7417
0.013, 7416
0.013, 7415
0.013, 7414
0.013, 7413
0.013, 7412
0.013, 7411
0.013, 7410
0.013, 7409
0.013, 7408
0.013, 7407
0.013, 7406
0.013, 7405
0.013, 7404
0.013, 7403
0.013, 7402
0.013, 7401
0.013, 7400
0.013, 7399
0.013, 7398
0.013, 7397
0.013, 7396
0.013, 7395
0.013, 7394
0.013, 7393
0.013, 7392
0.013, 7391
0.013, 7390
0.013, 7389
0.013, 7388
0.013, 7387
0.013, 7386
0.013, 7385
0.013, 7384
0.013, 7383
0.013, 7382
0.013, 7381
0.013, 7380
0.013, 7379
0.013, 7378
0.013, 7377
0.013, 7376
0.013, 7375
0.013, 7374
0.013, 7373
0.013, 7372
0.013, 7371
0.013, 7370
0.013, 7369
0.013, 7368
0.013, 7367
0.013, 7366
0.013, 7365
0.013, 7364
0.013, 7363
0.013, 7362
0.013, 7361
0.013, 7360
0.013, 7359
0.013, 7358
0.013, 7357
0.013, 7356
0.013, 7355
0.013, 7354
0.013, 7353
0.013, 7352
0.013, 7351
0.013, 7350
0.013, 7349
0.013, 7348
0.013, 7347
0.013, 7346
0.013, 7345
0.013, 7344
0.013, 7343
0.014, 7342
0.014, 7341
0.014, 7340
0.014, 7339
0.014, 7338
0.014, 7337
0.014, 7336
0.014, 7335
0.014, 7334
0.014, 7333
0.014, 7332
0.014, 7331
0.014, 7330
0.014, 7329
0.014, 7328
0.014, 7327
0.014, 7326
0.014, 7325
0.014, 7324
0.014, 7323
0.014, 7322
0.014, 7321
0.014, 7320
0.014, 7319
0.014, 7318
0.014, 7317
0.014, 7316
0.014, 7315
0.014, 7314
0.014, 7313
0.014, 7312
0.014, 7311
0.014, 7310
0.014, 7309
0.014, 7308
0.014, 7307
0.014, 7306
0.014, 7305
0.014, 7304
0.014, 7303
0.014, 7302
0.014, 7301
0.014, 7300
0.014, 7299
0.014, 7298
0.014, 7297
0.014, 7296
0.014, 7295
0.014, 7294
0.014, 7293
0.014, 7292
0.014, 7291
0.014, 7290
0.014, 7289
0.014, 7288
0.014, 7287
0.014, 7286
0.014, 7285
0.014, 7284
0.014, 7283
0.014, 7282
0.014, 7281
0.014, 7280
0.014, 7279
0.014, 7278
0.014, 7277
0.014, 7276
0.014, 7275
0.014, 7274
0.014, 7273
0.014, 7272
0.014, 7271
0.014, 7270
0.014, 7269
0.014, 7268
0.014, 7267
0.014, 7266
0.014, 7265
0.014, 7264
0.014, 7263
0.014, 7262
0.014, 7261
0.014, 7260
0.014, 7259
0.014, 7258
0.014, 7257
0.014, 7256
0.014, 7255
0.014, 7254
0.014, 7253
0.014, 7252
0.014, 7251
0.014, 7250
0.014, 7249
0.014, 7248
0.014, 7247
0.014, 7246
0.014, 7245
0.014, 7244
0.014, 7243
0.015, 7242
0.015, 7241
0.015, 7240
0.015, 7239
0.015, 7238
0.015, 7237
0.015, 7236
0.015, 7235
0.015, 7234
0.015, 7233
0.015, 7232
0.015, 7231
0.015, 7230
0.015, 7229
0.015, 7228
0.015, 7227
0.015, 7226
0.015, 7225
0.015, 7224
0.015, 7223
0.015, 7222
0.015, 7221
0.015, 7220
0.015, 7219
0.015, 7218
0.015, 7217
0.015, 7216
0.015, 7215
0.015, 7214
0.015, 7213
0.015, 7212
0.015, 7211
0.015, 7210
0.015, 7209
0.015, 7208
0.015, 7207
0.015, 7206
0.015, 7205
0.015, 7204
0.015, 7203
0.015, 7202
0.015, 7201
0.015, 7200
0.015, 7199
0.015, 7198
0.015, 7197
0.015, 7196
0.015, 7195
0.015, 7194
0.015, 7193
0.015, 7192
0.015, 7191
0.015, 7190
0.015, 7189
0.015, 7188
0.015, 7187
0.015, 7186
0.015, 7185
0.015, 7184
0.015, 7183
0.015, 7182
0.015, 7181
0.015, 7180
0.015, 7179
0.015, 7178
0.015, 7177
0.015, 7176
0.015, 7175
0.015, 7174
0.015, 7173
0.015, 7172
0.015, 7171
0.015, 7170
0.015, 7169
0.015, 7168
0.015, 7167
0.015, 7166
0.015, 7165
0.015, 7164
0.015, 7163
0.015, 7162
0.015, 7161
0.015, 7160
0.015, 7159
0.015, 7158
0.015, 7157
0.015, 7156
0.015, 7155
0.015, 7154
0.016, 7153
0.016, 7152
0.016, 7151
0.016, 7150
0.016, 7149
0.016, 7148
0.016, 7147
0.016, 7146
0.016, 7145
0.016, 7144
0.016, 7143
0.016, 7142
0.016, 7141
0.016, 7140
0.016, 7139
0.016, 7138
0.016, 7137
0.016, 7136
0.016, 7135
0.016, 7134
0.016, 7133
0.016, 7132
0.016, 7131
0.016, 7130
0.016, 7129
0.016, 7128
0.016, 7127
0.016, 7126
0.016, 7125
0.016, 7124
0.016, 7123
0.016, 7122
0.016, 7121
0.016, 7120
0.016, 7119
0.016, 7118
0.016, 7117
0.016, 7116
0.016, 7115
0.016, 7114
0.016, 7113
0.016, 7112
0.016, 7111
0.016, 7110
0.016, 7109
0.016, 7108
0.016, 7107
0.016, 7106
0.016, 7105
0.016, 7104
0.016, 7103
0.016, 7102
0.016, 7101
0.016, 7100
0.016, 7099
0.016, 7098
0.016, 7097
0.016, 7096
0.016, 7095
0.016, 7094
0.016, 7093
0.016, 7092
0.016, 7091
0.016, 7090
0.016, 7089
0.016, 7088
0.016, 7087
0.016, 7086
0.016, 7085
0.016, 7084
0.016, 7083
0.016, 7082
0.016, 7081
0.016, 7080
0.016, 7079
0.016, 7078
0.016, 7077
0.016, 7076
0.016, 7075
0.016, 7074
0.016, 7073
0.016, 7072
0.016, 7071
0.016, 7070
0.016, 7069
0.016, 7068
0.016, 7067
0.016, 7066
0.016, 7065
0.016, 7064
0.016, 7063
0.016, 7062
0.016, 7061
0.016, 7060
0.016, 7059
0.016, 7058
0.016, 7057
0.016, 7056
0.017, 7055
0.017, 7054
0.017, 7053
0.017, 7052
0.017, 7051
0.017, 7050
0.017, 7049
0.017, 7048
0.017, 7047
0.017, 7046
0.017, 7045
0.017, 7044
0.017, 7043
0.017, 7042
0.017, 7041
0.017, 7040
0.017, 7039
0.017, 7038
0.017, 7037
0.017, 7036
0.017, 7035
0.017, 7034
0.017, 7033
0.017, 7032
0.017, 7031
0.017, 7030
0.017, 7029
0.017, 7028
0.017, 7027
0.017, 7026
0.017, 7025
0.017, 7024
0.017, 7023
0.017, 7022
0.017, 7021
0.017, 7020
0.017, 7019
0.017, 7018
0.017, 7017
0.017, 7016
0.017, 7015
0.017, 7014
0.017, 7013
0.017, 7012
0.017, 7011
0.017, 7010
0.017, 7009
0.017, 7008
0.017, 7007
0.017, 7006
0.017, 7005
0.017, 7004
0.017, 7003
0.017, 7002
0.017, 7001
0.017, 7000
0.017, 6999
0.017, 6998
0.017, 6997
0.017, 6996
0.017, 6995
0.017, 6994
0.017, 6993
0.017, 6992
0.017, 6991
0.017, 6990
0.017, 6989
0.017, 6988
0.017, 6987
0.017, 6986
0.017, 6985
0.017, 6984
0.017, 6983
0.017, 6982
0.017, 6981
0.017, 6980
0.017, 6979
0.017, 6978
0.017, 6977
0.017, 6976
0.017, 6975
0.018, 6974
0.018, 6973
0.018, 6972
0.018, 6971
0.018, 6970
0.018, 6969
0.018, 6968
0.018, 6967
0.018, 6966
0.018, 6965
0.018, 6964
0.018, 6963
0.018, 6962
0.018, 6961
0.018, 6960
0.018, 6959
0.018, 6958
0.018, 6957
0.018, 6956
0.018, 6955
0.018, 6954
0.018, 6953
0.018, 6952
0.018, 6951
0.018, 6950
0.018, 6949
0.018, 6948
0.018, 6947
0.018, 6946
0.018, 6945
0.018, 6944
0.018, 6943
0.018, 6942
0.018, 6941
0.018, 6940
0.018, 6939
0.018, 6938
0.018, 6937
0.018, 6936
0.018, 6935
0.018, 6934
0.018, 6933
0.018, 6932
0.018, 6931
0.018, 6930
0.018, 6929
0.018, 6928
0.018, 6927
0.018, 6926
0.018, 6925
0.018, 6924
0.018, 6923
0.018, 6922
0.018, 6921
0.018, 6920
0.018, 6919
0.018, 6918
0.018, 6917
0.018, 6916
0.018, 6915
0.018, 6914
0.018, 6913
0.018, 6912
0.018, 6911
0.018, 6910
0.018, 6909
0.018, 6908
0.018, 6907
0.018, 6906
0.018, 6905
0.018, 6904
0.018, 6903
0.018, 6902
0.018, 6901
0.018, 6900
0.018, 6899
0.018, 6898
0.018, 6897
0.018, 6896
0.018, 6895
0.018, 6894
0.018, 6893
0.018, 6892
0.018, 6891
0.019, 6890
0.019, 6889
0.019, 6888
0.019, 6887
0.019, 6886
0.019, 6885
0.019, 6884
0.019, 6883
0.019, 6882
0.019, 6881
0.019, 6880
0.019, 6879
0.019, 6878
0.019, 6877
0.019, 6876
0.019, 6875
0.019, 6874
0.019, 6873
0.019, 6872
0.019, 6871
0.019, 6870
0.019, 6869
0.019, 6868
0.019, 6867
0.019, 6866
0.019, 6865
0.019, 6864
0.019, 6863
0.019, 6862
0.019, 6861
0.019, 6860
0.019, 6859
0.019, 6858
0.019, 6857
0.019, 6856
0.019, 6855
0.019, 6854
0.019, 6853
0.019, 6852
0.019, 6851
0.019, 6850
0.019, 6849
0.019, 6848
0.019, 6847
0.019, 6846
0.019, 6845
0.019, 6844
0.019, 6843
0.019, 6842
0.019, 6841
0.019, 6840
0.019, 6839
0.019, 6838
0.019, 6837
0.019, 6836
0.019, 6835
0.019, 6834
0.019, 6833
0.019, 6832
0.019, 6831
0.019, 6830
0.019, 6829
0.019, 6828
0.019, 6827
0.019, 6826
0.019, 6825
0.019, 6824
0.019, 6823
0.019, 6822
0.019, 6821
0.019, 6820
0.019, 6819
0.019, 6818
0.019, 6817
0.019, 6816
0.019, 6815
0.019, 6814
0.019, 6813
0.019, 6812
0.019, 6811
0.019, 6810
0.019, 6809
0.019, 6808
0.019, 6807
0.019, 6806
0.019, 6805
0.019, 6804
0.019, 6803
0.019, 6802
0.019, 6801
0.019, 6800
0.019, 6799
0.019, 6798
0.019, 6797
0.019, 6796
0.019, 6795
0.019, 6794
0.019, 6793
0.019, 6792
0.019, 6791
0.019, 6790
0.019, 6789
0.019, 6788
0.019, 6787
0.019, 6786
0.019, 6785
0.019, 6784
0.019, 6783
0.019, 6782
0.019, 6781
0.019, 6780
0.019, 6779
0.019, 6778
0.019, 6777
0.019, 6776
0.019, 6775
0.019, 6774
0.019, 6773
0.019, 6772
0.019, 6771
0.019, 6770
0.019, 6769
0.019, 6768
0.020, 6767
0.020, 6766
0.020, 6765
0.020, 6764
0.020, 6763
0.020, 6762
0.020, 6761
0.020, 6760
0.020, 6759
0.020, 6758
0.020, 6757
0.020, 6756
0.020, 6755
0.020, 6754
0.020, 6753
0.020, 6752
0.020, 6751
0.020, 6750
0.020, 6749
0.020, 6748
0.020, 6747
0.020, 6746
0.020, 6745
0.020, 6744
0.020, 6743
0.020, 6742
0.020, 6741
0.020, 6740
0.020, 6739
0.020, 6738
0.020, 6737
0.020, 6736
0.020, 6735
0.020, 6734
0.020, 6733
0.020, 6732
0.020, 6731
0.020, 6730
0.020, 6729
0.020, 6728
0.020, 6727
0.020, 6726
0.020, 6725
0.020, 6724
0.020, 6723
0.020, 6722
0.020, 6721
0.020, 6720
0.020, 6719
0.020, 6718
0.020, 6717
0.020, 6716
0.020, 6715
0.020, 6714
0.020, 6713
0.020, 6712
0.020, 6711
0.020, 6710
0.020, 6709
0.020, 6708
0.020, 6707
0.020, 6706
0.020, 6705
0.020, 6704
0.020, 6703
0.020, 6702
0.020, 6701
0.020, 6700
0.020, 6699
0.020, 6698
0.020, 6697
0.020, 6696
0.020, 6695
0.020, 6694
0.020, 6693
0.020, 6692
0.020, 6691
0.020, 6690
0.020, 6689
0.020, 6688
0.020, 6687
0.020, 6686
0.020, 6685
0.020, 6684
0.020, 6683
0.020, 6682
0.020, 6681
0.020, 6680
0.020, 6679
0.020, 6678
0.020, 6677
0.020, 6676
0.020, 6675
0.020, 6674
0.020, 6673
0.020, 6672
0.020, 6671
0.020, 6670
0.020, 6669
0.020, 6668
0.020, 6667
0.020, 6666
0.020, 6665
0.020, 6664
0.020, 6663
0.020, 6662
0.020, 6661
0.020, 6660
0.020, 6659
0.020, 6658
0.020, 6657
0.020, 6656
0.020, 6655
0.020, 6654
0.020, 6653
0.020, 6652
0.020, 6651
0.020, 6650
0.020, 6649
0.020, 6648
0.020, 6647
0.020, 6646
0.020, 6645
0.020, 6644
0.020, 6643
0.020, 6642
0.020, 6641
0.020, 6640
0.020, 6639
0.020, 6638
0.020, 6637
0.020, 6636
0.020, 6635
0.020, 6634
0.020, 6633
0.020, 6632
0.020, 6631
0.020, 6630
0.021, 6629
0.021, 6628
0.021, 6627
0.021, 6626
0.021, 6625
0.021, 6624
0.021, 6623
0.021, 6622
0.021, 6621
0.021, 6620
0.021, 6619
0.021, 6618
0.021, 6617
0.021, 6616
0.021, 6615
0.021, 6614
0.021, 6613
0.021, 6612
0.021, 6611
0.021, 6610
0.021, 6609
0.021, 6608
0.021, 6607
0.021, 6606
0.021, 6605
0.021, 6604
0.021, 6603
0.021, 6602
0.021, 6601
0.021, 6600
0.021, 6599
0.021, 6598
0.021, 6597
0.021, 6596
0.021, 6595
0.021, 6594
0.021, 6593
0.021, 6592
0.021, 6591
0.021, 6590
0.021, 6589
0.021, 6588
0.021, 6587
0.021, 6586
0.021, 6585
0.021, 6584
0.021, 6583
0.021, 6582
0.021, 6581
0.021, 6580
0.021, 6579
0.021, 6578
0.021, 6577
0.021, 6576
0.021, 6575
0.021, 6574
0.021, 6573
0.021, 6572
0.021, 6571
0.021, 6570
0.021, 6569
0.021, 6568
0.021, 6567
0.021, 6566
0.021, 6565
0.021, 6564
0.021, 6563
0.021, 6562
0.021, 6561
0.021, 6560
0.021, 6559
0.021, 6558
0.021, 6557
0.021, 6556
0.021, 6555
0.021, 6554
0.021, 6553
0.021, 6552
0.021, 6551
0.021, 6550
0.021, 6549
0.021, 6548
0.021, 6547
0.021, 6546
0.021, 6545
0.021, 6544
0.021, 6543
0.021, 6542
0.021, 6541
0.021, 6540
0.021, 6539
0.021, 6538
0.021, 6537
0.021, 6536
0.021, 6535
0.021, 6534
0.021, 6533
0.021, 6532
0.021, 6531
0.021, 6530
0.021, 6529
0.021, 6528
0.021, 6527
0.021, 6526
0.021, 6525
0.021, 6524
0.021, 6523
0.021, 6522
0.021, 6521
0.021, 6520
0.021, 6519
0.021, 6518
0.021, 6517
0.021, 6516
0.021, 6515
0.021, 6514
0.021, 6513
0.021, 6512
0.021, 6511
0.021, 6510
0.021, 6509
0.021, 6508
0.021, 6507
0.021, 6506
0.021, 6505
0.021, 6504
0.021, 6503
0.021, 6502
0.021, 6501
0.021, 6500
0.022, 6499
0.022, 6498
0.022, 6497
0.022, 6496
0.022, 6495
0.022, 6494
0.022, 6493
0.022, 6492
0.022, 6491
0.022, 6490
0.022, 6489
0.022, 6488
0.022, 6487
0.022, 6486
0.022, 6485
0.022, 6484
0.022, 6483
0.022, 6482
0.022, 6481
0.022, 6480
0.022, 6479
0.022, 6478
0.022, 6477
0.022, 6476
0.022, 6475
0.022, 6474
0.022, 6473
0.022, 6472
0.022, 6471
0.022, 6470
0.022, 6469
0.022, 6468
0.022, 6467
0.022, 6466
0.022, 6465
0.022, 6464
0.022, 6463
0.022, 6462
0.022, 6461
0.022, 6460
0.022, 6459
0.022, 6458
0.022, 6457
0.022, 6456
0.022, 6455
0.022, 6454
0.022, 6453
0.022, 6452
0.022, 6451
0.022, 6450
0.022, 6449
0.022, 6448
0.022, 6447
0.022, 6446
0.022, 6445
0.022, 6444
0.022, 6443
0.022, 6442
0.022, 6441
0.022, 6440
0.022, 6439
0.022, 6438
0.022, 6437
0.022, 6436
0.022, 6435
0.022, 6434
0.022, 6433
0.022, 6432
0.022, 6431
0.022, 6430
0.022, 6429
0.022, 6428
0.022, 6427
0.022, 6426
0.022, 6425
0.022, 6424
0.022, 6423
0.022, 6422
0.022, 6421
0.022, 6420
0.022, 6419
0.022, 6418
0.022, 6417
0.022, 6416
0.022, 6415
0.022, 6414
0.022, 6413
0.022, 6412
0.022, 6411
0.022, 6410
0.022, 6409
0.022, 6408
0.022, 6407
0.022, 6406
0.022, 6405
0.022, 6404
0.022, 6403
0.022, 6402
0.022, 6401
0.022, 6400
0.022, 6399
0.022, 6398
0.022, 6397
0.022, 6396
0.022, 6395
0.022, 6394
0.022, 6393
0.022, 6392
0.022, 6391
0.022, 6390
0.022, 6389
0.022, 6388
0.022, 6387
0.022, 6386
0.022, 6385
0.022, 6384
0.022, 6383
0.022, 6382
0.022, 6381
0.022, 6380
0.022, 6379
0.022, 6378
0.022, 6377
0.022, 6376
0.022, 6375
0.022, 6374
0.022, 6373
0.022, 6372
0.022, 6371
0.022, 6370
0.022, 6369
0.022, 6368
0.022, 6367
0.023, 6366
0.023, 6365
0.023, 6364
0.023, 6363
0.023, 6362
0.023, 6361
0.023, 6360
0.023, 6359
0.023, 6358
0.023, 6357
0.023, 6356
0.023, 6355
0.023, 6354
0.023, 6353
0.023, 6352
0.023, 6351
0.023, 6350
0.023, 6349
0.023, 6348
0.023, 6347
0.023, 6346
0.023, 6345
0.023, 6344
0.023, 6343
0.023, 6342
0.023, 6341
0.023, 6340
0.023, 6339
0.023, 6338
0.023, 6337
0.023, 6336
0.023, 6335
0.023, 6334
0.023, 6333
0.023, 6332
0.023, 6331
0.023, 6330
0.023, 6329
0.023, 6328
0.023, 6327
0.023, 6326
0.023, 6325
0.023, 6324
0.023, 6323
0.023, 6322
0.023, 6321
0.023, 6320
0.023, 6319
0.023, 6318
0.023, 6317
0.023, 6316
0.023, 6315
0.023, 6314
0.023, 6313
0.023, 6312
0.023, 6311
0.023, 6310
0.023, 6309
0.023, 6308
0.023, 6307
0.023, 6306
0.023, 6305
0.023, 6304
0.023, 6303
0.023, 6302
0.023, 6301
0.023, 6300
0.023, 6299
0.023, 6298
0.023, 6297
0.023, 6296
0.023, 6295
0.023, 6294
0.023, 6293
0.023, 6292
0.023, 6291
0.023, 6290
0.023, 6289
0.023, 6288
0.023, 6287
0.023, 6286
0.023, 6285
0.023, 6284
0.023, 6283
0.023, 6282
0.023, 6281
0.023, 6280
0.023, 6279
0.023, 6278
0.023, 6277
0.023, 6276
0.023, 6275
0.023, 6274
0.023, 6273
0.023, 6272
0.023, 6271
0.023, 6270
0.024, 6269
0.024, 6268
0.024, 6267
0.024, 6266
0.024, 6265
0.024, 6264
0.024, 6263
0.024, 6262
0.024, 6261
0.024, 6260
0.024, 6259
0.024, 6258
0.024, 6257
0.024, 6256
0.024, 6255
0.024, 6254
0.024, 6253
0.024, 6252
0.024, 6251
0.024, 6250
0.024, 6249
0.024, 6248
0.024, 6247
0.024, 6246
0.024, 6245
0.024, 6244
0.024, 6243
0.024, 6242
0.024, 6241
0.024, 6240
0.024, 6239
0.024, 6238
0.024, 6237
0.024, 6236
0.024, 6235
0.024, 6234
0.024, 6233
0.024, 6232
0.024, 6231
0.024, 6230
0.024, 6229
0.024, 6228
0.024, 6227
0.024, 6226
0.024, 6225
0.024, 6224
0.024, 6223
0.024, 6222
0.024, 6221
0.024, 6220
0.024, 6219
0.024, 6218
0.024, 6217
0.024, 6216
0.024, 6215
0.024, 6214
0.024, 6213
0.024, 6212
0.024, 6211
0.024, 6210
0.024, 6209
0.024, 6208
0.024, 6207
0.024, 6206
0.024, 6205
0.024, 6204
0.024, 6203
0.024, 6202
0.024, 6201
0.024, 6200
0.024, 6199
0.024, 6198
0.024, 6197
0.024, 6196
0.024, 6195
0.024, 6194
0.024, 6193
0.024, 6192
0.024, 6191
0.024, 6190
0.024, 6189
0.024, 6188
0.024, 6187
0.024, 6186
0.024, 6185
0.024, 6184
0.024, 6183
0.024, 6182
0.024, 6181
0.024, 6180
0.024, 6179
0.024, 6178
0.024, 6177
0.024, 6176
0.024, 6175
0.024, 6174
0.024, 6173
0.024, 6172
0.024, 6171
0.024, 6170
0.024, 6169
0.024, 6168
0.024, 6167
0.024, 6166
0.024, 6165
0.024, 6164
0.024, 6163
0.024, 6162
0.024, 6161
0.024, 6160
0.024, 6159
0.024, 6158
0.024, 6157
0.024, 6156
0.024, 6155
0.024, 6154
0.024, 6153
0.024, 6152
0.024, 6151
0.024, 6150
0.024, 6149
0.024, 6148
0.024, 6147
0.024, 6146
0.025, 6145
0.025, 6144
0.025, 6143
0.025, 6142
0.025, 6141
0.025, 6140
0.025, 6139
0.025, 6138
0.025, 6137
0.025, 6136
0.025, 6135
0.025, 6134
0.025, 6133
0.025, 6132
0.025, 6131
0.025, 6130
0.025, 6129
0.025, 6128
0.025, 6127
0.025, 6126
0.025, 6125
0.025, 6124
0.025, 6123
0.025, 6122
0.025, 6121
0.025, 6120
0.025, 6119
0.025, 6118
0.025, 6117
0.025, 6116
0.025, 6115
0.025, 6114
0.025, 6113
0.025, 6112
0.025, 6111
0.025, 6110
0.025, 6109
0.025, 6108
0.025, 6107
0.025, 6106
0.025, 6105
0.025, 6104
0.025, 6103
0.025, 6102
0.025, 6101
0.025, 6100
0.025, 6099
0.025, 6098
0.025, 6097
0.025, 6096
0.025, 6095
0.025, 6094
0.025, 6093
0.025, 6092
0.025, 6091
0.025, 6090
0.025, 6089
0.025, 6088
0.025, 6087
0.025, 6086
0.025, 6085
0.025, 6084
0.025, 6083
0.025, 6082
0.025, 6081
0.025, 6080
0.025, 6079
0.025, 6078
0.025, 6077
0.025, 6076
0.025, 6075
0.025, 6074
0.025, 6073
0.025, 6072
0.025, 6071
0.025, 6070
0.025, 6069
0.025, 6068
0.025, 6067
0.025, 6066
0.025, 6065
0.025, 6064
0.025, 6063
0.025, 6062
0.025, 6061
0.025, 6060
0.025, 6059
0.025, 6058
0.025, 6057
0.025, 6056
0.025, 6055
0.025, 6054
0.025, 6053
0.025, 6052
0.025, 6051
0.025, 6050
0.025, 6049
0.025, 6048
0.025, 6047
0.025, 6046
0.025, 6045
0.025, 6044
0.025, 6043
0.025, 6042
0.025, 6041
0.025, 6040
0.025, 6039
0.025, 6038
0.025, 6037
0.025, 6036
0.025, 6035
0.025, 6034
0.025, 6033
0.025, 6032
0.025, 6031
0.025, 6030
0.026, 6029
0.026, 6028
0.026, 6027
0.026, 6026
0.026, 6025
0.026, 6024
0.026, 6023
0.026, 6022
0.026, 6021
0.026, 6020
0.026, 6019
0.026, 6018
0.026, 6017
0.026, 6016
0.026, 6015
0.026, 6014
0.026, 6013
0.026, 6012
0.026, 6011
0.026, 6010
0.026, 6009
0.026, 6008
0.026, 6007
0.026, 6006
0.026, 6005
0.026, 6004
0.026, 6003
0.026, 6002
0.026, 6001
0.026, 6000
0.026, 5999
0.026, 5998
0.026, 5997
0.026, 5996
0.026, 5995
0.026, 5994
0.026, 5993
0.026, 5992
0.026, 5991
0.026, 5990
0.026, 5989
0.026, 5988
0.026, 5987
0.026, 5986
0.026, 5985
0.026, 5984
0.026, 5983
0.026, 5982
0.026, 5981
0.026, 5980
0.026, 5979
0.026, 5978
0.026, 5977
0.026, 5976
0.026, 5975
0.026, 5974
0.026, 5973
0.026, 5972
0.026, 5971
0.026, 5970
0.026, 5969
0.026, 5968
0.026, 5967
0.026, 5966
0.026, 5965
0.026, 5964
0.026, 5963
0.026, 5962
0.026, 5961
0.026, 5960
0.026, 5959
0.026, 5958
0.026, 5957
0.026, 5956
0.026, 5955
0.026, 5954
0.026, 5953
0.026, 5952
0.026, 5951
0.026, 5950
0.026, 5949
0.026, 5948
0.026, 5947
0.026, 5946
0.026, 5945
0.026, 5944
0.026, 5943
0.026, 5942
0.026, 5941
0.026, 5940
0.026, 5939
0.026, 5938
0.026, 5937
0.026, 5936
0.026, 5935
0.026, 5934
0.026, 5933
0.026, 5932
0.026, 5931
0.026, 5930
0.026, 5929
0.026, 5928
0.026, 5927
0.026, 5926
0.026, 5925
0.026, 5924
0.026, 5923
0.026, 5922
0.026, 5921
0.026, 5920
0.026, 5919
0.026, 5918
0.026, 5917
0.026, 5916
0.026, 5915
0.026, 5914
0.026, 5913
0.026, 5912
0.026, 5911
0.026, 5910
0.026, 5909
0.026, 5908
0.026, 5907
0.027, 5906
0.027, 5905
0.027, 5904
0.027, 5903
0.027, 5902
0.027, 5901
0.027, 5900
0.027, 5899
0.027, 5898
0.027, 5897
0.027, 5896
0.027, 5895
0.027, 5894
0.027, 5893
0.027, 5892
0.027, 5891
0.027, 5890
0.027, 5889
0.027, 5888
0.027, 5887
0.027, 5886
0.027, 5885
0.027, 5884
0.027, 5883
0.027, 5882
0.027, 5881
0.027, 5880
0.027, 5879
0.027, 5878
0.027, 5877
0.027, 5876
0.027, 5875
0.027, 5874
0.027, 5873
0.027, 5872
0.027, 5871
0.027, 5870
0.027, 5869
0.027, 5868
0.027, 5867
0.027, 5866
0.027, 5865
0.027, 5864
0.027, 5863
0.027, 5862
0.027, 5861
0.027, 5860
0.027, 5859
0.027, 5858
0.027, 5857
0.027, 5856
0.027, 5855
0.027, 5854
0.027, 5853
0.027, 5852
0.027, 5851
0.027, 5850
0.027, 5849
0.027, 5848
0.027, 5847
0.027, 5846
0.027, 5845
0.027, 5844
0.027, 5843
0.027, 5842
0.027, 5841
0.027, 5840
0.027, 5839
0.027, 5838
0.027, 5837
0.027, 5836
0.027, 5835
0.027, 5834
0.027, 5833
0.027, 5832
0.027, 5831
0.027, 5830
0.027, 5829
0.027, 5828
0.027, 5827
0.027, 5826
0.027, 5825
0.027, 5824
0.027, 5823
0.027, 5822
0.027, 5821
0.027, 5820
0.027, 5819
0.027, 5818
0.027, 5817
0.027, 5816
0.027, 5815
0.027, 5814
0.027, 5813
0.027, 5812
0.027, 5811
0.027, 5810
0.027, 5809
0.027, 5808
0.027, 5807
0.027, 5806
0.027, 5805
0.027, 5804
0.027, 5803
0.027, 5802
0.027, 5801
0.027, 5800
0.027, 5799
0.027, 5798
0.027, 5797
0.027, 5796
0.027, 5795
0.027, 5794
0.027, 5793
0.027, 5792
0.027, 5791
0.027, 5790
0.027, 5789
0.027, 5788
0.027, 5787
0.027, 5786
0.027, 5785
0.027, 5784
0.027, 5783
0.027, 5782
0.028, 5781
0.028, 5780
0.028, 5779
0.028, 5778
0.028, 5777
0.028, 5776
0.028, 5775
0.028, 5774
0.028, 5773
0.028, 5772
0.028, 5771
0.028, 5770
0.028, 5769
0.028, 5768
0.028, 5767
0.028, 5766
0.028, 5765
0.028, 5764
0.028, 5763
0.028, 5762
0.028, 5761
0.028, 5760
0.028, 5759
0.028, 5758
0.028, 5757
0.028, 5756
0.028, 5755
0.028, 5754
0.028, 5753
0.028, 5752
0.028, 5751
0.028, 5750
0.028, 5749
0.028, 5748
0.028, 5747
0.028, 5746
0.028, 5745
0.028, 5744
0.028, 5743
0.028, 5742
0.028, 5741
0.028, 5740
0.028, 5739
0.028, 5738
0.028, 5737
0.028, 5736
0.028, 5735
0.028, 5734
0.028, 5733
0.028, 5732
0.028, 5731
0.028, 5730
0.028, 5729
0.028, 5728
0.028, 5727
0.028, 5726
0.028, 5725
0.028, 5724
0.028, 5723
0.028, 5722
0.028, 5721
0.028, 5720
0.028, 5719
0.028, 5718
0.028, 5717
0.028, 5716
0.028, 5715
0.028, 5714
0.028, 5713
0.028, 5712
0.028, 5711
0.028, 5710
0.028, 5709
0.028, 5708
0.028, 5707
0.028, 5706
0.028, 5705
0.028, 5704
0.028, 5703
0.028, 5702
0.028, 5701
0.028, 5700
0.028, 5699
0.028, 5698
0.028, 5697
0.028, 5696
0.028, 5695
0.028, 5694
0.028, 5693
0.028, 5692
0.028, 5691
0.028, 5690
0.028, 5689
0.028, 5688
0.028, 5687
0.028, 5686
0.028, 5685
0.028, 5684
0.028, 5683
0.028, 5682
0.028, 5681
0.028, 5680
0.028, 5679
0.028, 5678
0.028, 5677
0.028, 5676
0.028, 5675
0.028, 5674
0.028, 5673
0.028, 5672
0.028, 5671
0.028, 5670
0.028, 5669
0.028, 5668
0.028, 5667
0.028, 5666
0.028, 5665
0.028, 5664
0.028, 5663
0.028, 5662
0.028, 5661
0.028, 5660
0.028, 5659
0.028, 5658
0.028, 5657
0.028, 5656
0.028, 5655
0.028, 5654
0.028, 5653
0.028, 5652
0.029, 5651
0.029, 5650
0.029, 5649
0.029, 5648
0.029, 5647
0.029, 5646
0.029, 5645
0.029, 5644
0.029, 5643
0.029, 5642
0.029, 5641
0.029, 5640
0.029, 5639
0.029, 5638
0.029, 5637
0.029, 5636
0.029, 5635
0.029, 5634
0.029, 5633
0.029, 5632
0.029, 5631
0.029, 5630
0.029, 5629
0.029, 5628
0.029, 5627
0.029, 5626
0.029, 5625
0.029, 5624
0.029, 5623
0.029, 5622
0.029, 5621
0.029, 5620
0.029, 5619
0.029, 5618
0.029, 5617
0.029, 5616
0.029, 5615
0.029, 5614
0.029, 5613
0.029, 5612
0.029, 5611
0.029, 5610
0.029, 5609
0.029, 5608
0.029, 5607
0.029, 5606
0.029, 5605
0.029, 5604
0.029, 5603
0.029, 5602
0.029, 5601
0.029, 5600
0.029, 5599
0.029, 5598
0.029, 5597
0.029, 5596
0.029, 5595
0.029, 5594
0.029, 5593
0.029, 5592
0.029, 5591
0.029, 5590
0.029, 5589
0.029, 5588
0.029, 5587
0.029, 5586
0.029, 5585
0.029, 5584
0.029, 5583
0.029, 5582
0.029, 5581
0.029, 5580
0.029, 5579
0.029, 5578
0.029, 5577
0.029, 5576
0.029, 5575
0.029, 5574
0.029, 5573
0.029, 5572
0.029, 5571
0.029, 5570
0.029, 5569
0.029, 5568
0.029, 5567
0.029, 5566
0.029, 5565
0.029, 5564
0.029, 5563
0.029, 5562
0.029, 5561
0.029, 5560
0.029, 5559
0.029, 5558
0.029, 5557
0.029, 5556
0.029, 5555
0.029, 5554
0.029, 5553
0.029, 5552
0.029, 5551
0.029, 5550
0.030, 5549
0.030, 5548
0.030, 5547
0.030, 5546
0.030, 5545
0.030, 5544
0.030, 5543
0.030, 5542
0.030, 5541
0.030, 5540
0.030, 5539
0.030, 5538
0.030, 5537
0.030, 5536
0.030, 5535
0.030, 5534
0.030, 5533
0.030, 5532
0.030, 5531
0.030, 5530
0.030, 5529
0.030, 5528
0.030, 5527
0.030, 5526
0.030, 5525
0.030, 5524
0.030, 5523
0.030, 5522
0.030, 5521
0.030, 5520
0.030, 5519
0.030, 5518
0.030, 5517
0.030, 5516
0.030, 5515
0.030, 5514
0.030, 5513
0.030, 5512
0.030, 5511
0.030, 5510
0.030, 5509
0.030, 5508
0.030, 5507
0.030, 5506
0.030, 5505
0.030, 5504
0.030, 5503
0.030, 5502
0.030, 5501
0.030, 5500
0.030, 5499
0.030, 5498
0.030, 5497
0.030, 5496
0.030, 5495
0.030, 5494
0.030, 5493
0.030, 5492
0.030, 5491
0.030, 5490
0.030, 5489
0.030, 5488
0.030, 5487
0.030, 5486
0.030, 5485
0.030, 5484
0.030, 5483
0.030, 5482
0.030, 5481
0.030, 5480
0.030, 5479
0.030, 5478
0.030, 5477
0.030, 5476
0.030, 5475
0.030, 5474
0.030, 5473
0.030, 5472
0.030, 5471
0.030, 5470
0.030, 5469
0.030, 5468
0.030, 5467
0.030, 5466
0.030, 5465
0.030, 5464
0.030, 5463
0.030, 5462
0.030, 5461
0.030, 5460
0.030, 5459
0.030, 5458
0.030, 5457
0.030, 5456
0.030, 5455
0.030, 5454
0.030, 5453
0.030, 5452
0.030, 5451
0.030, 5450
0.030, 5449
0.030, 5448
0.030, 5447
0.030, 5446
0.030, 5445
0.030, 5444
0.030, 5443
0.030, 5442
0.030, 5441
0.030, 5440
0.030, 5439
0.030, 5438
0.030, 5437
0.030, 5436
0.030, 5435
0.030, 5434
0.030, 5433
0.031, 5432
0.031, 5431
0.031, 5430
0.031, 5429
0.031, 5428
0.031, 5427
0.031, 5426
0.031, 5425
0.031, 5424
0.031, 5423
0.031, 5422
0.031, 5421
0.031, 5420
0.031, 5419
0.031, 5418
0.031, 5417
0.031, 5416
0.031, 5415
0.031, 5414
0.031, 5413
0.031, 5412
0.031, 5411
0.031, 5410
0.031, 5409
0.031, 5408
0.031, 5407
0.031, 5406
0.031, 5405
0.031, 5404
0.031, 5403
0.031, 5402
0.031, 5401
0.031, 5400
0.031, 5399
0.031, 5398
0.031, 5397
0.031, 5396
0.031, 5395
0.031, 5394
0.031, 5393
0.031, 5392
0.031, 5391
0.031, 5390
0.031, 5389
0.031, 5388
0.031, 5387
0.031, 5386
0.031, 5385
0.031, 5384
0.031, 5383
0.031, 5382
0.031, 5381
0.031, 5380
0.031, 5379
0.031, 5378
0.031, 5377
0.031, 5376
0.031, 5375
0.031, 5374
0.031, 5373
0.031, 5372
0.031, 5371
0.031, 5370
0.031, 5369
0.031, 5368
0.031, 5367
0.031, 5366
0.031, 5365
0.031, 5364
0.031, 5363
0.031, 5362
0.031, 5361
0.031, 5360
0.031, 5359
0.031, 5358
0.031, 5357
0.031, 5356
0.031, 5355
0.031, 5354
0.031, 5353
0.031, 5352
0.031, 5351
0.031, 5350
0.031, 5349
0.031, 5348
0.031, 5347
0.031, 5346
0.031, 5345
0.031, 5344
0.031, 5343
0.031, 5342
0.031, 5341
0.031, 5340
0.031, 5339
0.031, 5338
0.031, 5337
0.031, 5336
0.031, 5335
0.031, 5334
0.031, 5333
0.031, 5332
0.031, 5331
0.031, 5330
0.031, 5329
0.031, 5328
0.031, 5327
0.031, 5326
0.031, 5325
0.031, 5324
0.031, 5323
0.031, 5322
0.031, 5321
0.031, 5320
0.031, 5319
0.031, 5318
0.032, 5317
0.032, 5316
0.032, 5315
0.032, 5314
0.032, 5313
0.032, 5312
0.032, 5311
0.032, 5310
0.032, 5309
0.032, 5308
0.032, 5307
0.032, 5306
0.032, 5305
0.032, 5304
0.032, 5303
0.032, 5302
0.032, 5301
0.032, 5300
0.032, 5299
0.032, 5298
0.032, 5297
0.032, 5296
0.032, 5295
0.032, 5294
0.032, 5293
0.032, 5292
0.032, 5291
0.032, 5290
0.032, 5289
0.032, 5288
0.032, 5287
0.032, 5286
0.032, 5285
0.032, 5284
0.032, 5283
0.032, 5282
0.032, 5281
0.032, 5280
0.032, 5279
0.032, 5278
0.032, 5277
0.032, 5276
0.032, 5275
0.032, 5274
0.032, 5273
0.032, 5272
0.032, 5271
0.032, 5270
0.032, 5269
0.032, 5268
0.032, 5267
0.032, 5266
0.032, 5265
0.032, 5264
0.032, 5263
0.032, 5262
0.032, 5261
0.032, 5260
0.032, 5259
0.032, 5258
0.032, 5257
0.032, 5256
0.032, 5255
0.032, 5254
0.032, 5253
0.032, 5252
0.032, 5251
0.032, 5250
0.032, 5249
0.032, 5248
0.032, 5247
0.032, 5246
0.032, 5245
0.032, 5244
0.032, 5243
0.032, 5242
0.032, 5241
0.032, 5240
0.032, 5239
0.032, 5238
0.032, 5237
0.032, 5236
0.032, 5235
0.032, 5234
0.032, 5233
0.032, 5232
0.032, 5231
0.032, 5230
0.032, 5229
0.032, 5228
0.032, 5227
0.032, 5226
0.032, 5225
0.032, 5224
0.032, 5223
0.032, 5222
0.032, 5221
0.032, 5220
0.032, 5219
0.032, 5218
0.032, 5217
0.032, 5216
0.032, 5215
0.032, 5214
0.032, 5213
0.032, 5212
0.032, 5211
0.032, 5210
0.032, 5209
0.032, 5208
0.032, 5207
0.032, 5206
0.032, 5205
0.032, 5204
0.032, 5203
0.032, 5202
0.032, 5201
0.032, 5200
0.032, 5199
0.032, 5198
0.032, 5197
0.032, 5196
0.032, 5195
0.032, 5194
0.033, 5193
0.033, 5192
0.033, 5191
0.033, 5190
0.033, 5189
0.033, 5188
0.033, 5187
0.033, 5186
0.033, 5185
0.033, 5184
0.033, 5183
0.033, 5182
0.033, 5181
0.033, 5180
0.033, 5179
0.033, 5178
0.033, 5177
0.033, 5176
0.033, 5175
0.033, 5174
0.033, 5173
0.033, 5172
0.033, 5171
0.033, 5170
0.033, 5169
0.033, 5168
0.033, 5167
0.033, 5166
0.033, 5165
0.033, 5164
0.033, 5163
0.033, 5162
0.033, 5161
0.033, 5160
0.033, 5159
0.033, 5158
0.033, 5157
0.033, 5156
0.033, 5155
0.033, 5154
0.033, 5153
0.033, 5152
0.033, 5151
0.033, 5150
0.033, 5149
0.033, 5148
0.033, 5147
0.033, 5146
0.033, 5145
0.033, 5144
0.033, 5143
0.033, 5142
0.033, 5141
0.033, 5140
0.033, 5139
0.033, 5138
0.033, 5137
0.033, 5136
0.033, 5135
0.033, 5134
0.033, 5133
0.033, 5132
0.033, 5131
0.033, 5130
0.033, 5129
0.033, 5128
0.033, 5127
0.033, 5126
0.033, 5125
0.033, 5124
0.033, 5123
0.033, 5122
0.033, 5121
0.033, 5120
0.033, 5119
0.033, 5118
0.033, 5117
0.033, 5116
0.033, 5115
0.033, 5114
0.033, 5113
0.033, 5112
0.033, 5111
0.033, 5110
0.033, 5109
0.033, 5108
0.033, 5107
0.033, 5106
0.033, 5105
0.033, 5104
0.033, 5103
0.033, 5102
0.033, 5101
0.033, 5100
0.033, 5099
0.033, 5098
0.033, 5097
0.033, 5096
0.033, 5095
0.033, 5094
0.033, 5093
0.033, 5092
0.033, 5091
0.033, 5090
0.033, 5089
0.033, 5088
0.033, 5087
0.033, 5086
0.033, 5085
0.034, 5084
0.034, 5083
0.034, 5082
0.034, 5081
0.034, 5080
0.034, 5079
0.034, 5078
0.034, 5077
0.034, 5076
0.034, 5075
0.034, 5074
0.034, 5073
0.034, 5072
0.034, 5071
0.034, 5070
0.034, 5069
0.034, 5068
0.034, 5067
0.034, 5066
0.034, 5065
0.034, 5064
0.034, 5063
0.034, 5062
0.034, 5061
0.034, 5060
0.034, 5059
0.034, 5058
0.034, 5057
0.034, 5056
0.034, 5055
0.034, 5054
0.034, 5053
0.034, 5052
0.034, 5051
0.034, 5050
0.034, 5049
0.034, 5048
0.034, 5047
0.034, 5046
0.034, 5045
0.034, 5044
0.034, 5043
0.034, 5042
0.034, 5041
0.034, 5040
0.034, 5039
0.034, 5038
0.034, 5037
0.034, 5036
0.034, 5035
0.034, 5034
0.034, 5033
0.034, 5032
0.034, 5031
0.034, 5030
0.034, 5029
0.034, 5028
0.034, 5027
0.034, 5026
0.034, 5025
0.034, 5024
0.034, 5023
0.034, 5022
0.034, 5021
0.034, 5020
0.034, 5019
0.034, 5018
0.034, 5017
0.034, 5016
0.034, 5015
0.034, 5014
0.034, 5013
0.034, 5012
0.034, 5011
0.034, 5010
0.034, 5009
0.034, 5008
0.034, 5007
0.034, 5006
0.034, 5005
0.034, 5004
0.034, 5003
0.034, 5002
0.034, 5001
0.034, 5000
0.034, 4999
0.034, 4998
0.034, 4997
0.034, 4996
0.034, 4995
0.034, 4994
0.034, 4993
0.034, 4992
0.034, 4991
0.034, 4990
0.034, 4989
0.034, 4988
0.034, 4987
0.034, 4986
0.034, 4985
0.034, 4984
0.034, 4983
0.034, 4982
0.034, 4981
0.034, 4980
0.034, 4979
0.034, 4978
0.034, 4977
0.034, 4976
0.034, 4975
0.034, 4974
0.034, 4973
0.034, 4972
0.034, 4971
0.034, 4970
0.034, 4969
0.034, 4968
0.035, 4967
0.035, 4966
0.035, 4965
0.035, 4964
0.035, 4963
0.035, 4962
0.035, 4961
0.035, 4960
0.035, 4959
0.035, 4958
0.035, 4957
0.035, 4956
0.035, 4955
0.035, 4954
0.035, 4953
0.035, 4952
0.035, 4951
0.035, 4950
0.035, 4949
0.035, 4948
0.035, 4947
0.035, 4946
0.035, 4945
0.035, 4944
0.035, 4943
0.035, 4942
0.035, 4941
0.035, 4940
0.035, 4939
0.035, 4938
0.035, 4937
0.035, 4936
0.035, 4935
0.035, 4934
0.035, 4933
0.035, 4932
0.035, 4931
0.035, 4930
0.035, 4929
0.035, 4928
0.035, 4927
0.035, 4926
0.035, 4925
0.035, 4924
0.035, 4923
0.035, 4922
0.035, 4921
0.035, 4920
0.035, 4919
0.035, 4918
0.035, 4917
0.035, 4916
0.035, 4915
0.035, 4914
0.035, 4913
0.035, 4912
0.035, 4911
0.035, 4910
0.035, 4909
0.035, 4908
0.035, 4907
0.035, 4906
0.035, 4905
0.035, 4904
0.035, 4903
0.035, 4902
0.035, 4901
0.035, 4900
0.035, 4899
0.035, 4898
0.035, 4897
0.035, 4896
0.035, 4895
0.035, 4894
0.035, 4893
0.035, 4892
0.035, 4891
0.035, 4890
0.035, 4889
0.035, 4888
0.035, 4887
0.035, 4886
0.035, 4885
0.035, 4884
0.035, 4883
0.035, 4882
0.035, 4881
0.035, 4880
0.035, 4879
0.035, 4878
0.035, 4877
0.035, 4876
0.035, 4875
0.035, 4874
0.035, 4873
0.035, 4872
0.036, 4871
0.036, 4870
0.036, 4869
0.036, 4868
0.036, 4867
0.036, 4866
0.036, 4865
0.036, 4864
0.036, 4863
0.036, 4862
0.036, 4861
0.036, 4860
0.036, 4859
0.036, 4858
0.036, 4857
0.036, 4856
0.036, 4855
0.036, 4854
0.036, 4853
0.036, 4852
0.036, 4851
0.036, 4850
0.036, 4849
0.036, 4848
0.036, 4847
0.036, 4846
0.036, 4845
0.036, 4844
0.036, 4843
0.036, 4842
0.036, 4841
0.036, 4840
0.036, 4839
0.036, 4838
0.036, 4837
0.036, 4836
0.036, 4835
0.036, 4834
0.036, 4833
0.036, 4832
0.036, 4831
0.036, 4830
0.036, 4829
0.036, 4828
0.036, 4827
0.036, 4826
0.036, 4825
0.036, 4824
0.036, 4823
0.036, 4822
0.036, 4821
0.036, 4820
0.036, 4819
0.036, 4818
0.036, 4817
0.036, 4816
0.036, 4815
0.036, 4814
0.036, 4813
0.036, 4812
0.036, 4811
0.036, 4810
0.036, 4809
0.036, 4808
0.036, 4807
0.036, 4806
0.036, 4805
0.036, 4804
0.036, 4803
0.036, 4802
0.036, 4801
0.036, 4800
0.036, 4799
0.036, 4798
0.036, 4797
0.036, 4796
0.036, 4795
0.036, 4794
0.036, 4793
0.036, 4792
0.036, 4791
0.036, 4790
0.036, 4789
0.036, 4788
0.036, 4787
0.036, 4786
0.036, 4785
0.036, 4784
0.036, 4783
0.036, 4782
0.036, 4781
0.036, 4780
0.036, 4779
0.036, 4778
0.036, 4777
0.036, 4776
0.036, 4775
0.036, 4774
0.036, 4773
0.036, 4772
0.036, 4771
0.036, 4770
0.036, 4769
0.036, 4768
0.036, 4767
0.036, 4766
0.036, 4765
0.036, 4764
0.036, 4763
0.036, 4762
0.036, 4761
0.036, 4760
0.036, 4759
0.036, 4758
0.036, 4757
0.036, 4756
0.036, 4755
0.037, 4754
0.037, 4753
0.037, 4752
0.037, 4751
0.037, 4750
0.037, 4749
0.037, 4748
0.037, 4747
0.037, 4746
0.037, 4745
0.037, 4744
0.037, 4743
0.037, 4742
0.037, 4741
0.037, 4740
0.037, 4739
0.037, 4738
0.037, 4737
0.037, 4736
0.037, 4735
0.037, 4734
0.037, 4733
0.037, 4732
0.037, 4731
0.037, 4730
0.037, 4729
0.037, 4728
0.037, 4727
0.037, 4726
0.037, 4725
0.037, 4724
0.037, 4723
0.037, 4722
0.037, 4721
0.037, 4720
0.037, 4719
0.037, 4718
0.037, 4717
0.037, 4716
0.037, 4715
0.037, 4714
0.037, 4713
0.037, 4712
0.037, 4711
0.037, 4710
0.037, 4709
0.037, 4708
0.037, 4707
0.037, 4706
0.037, 4705
0.037, 4704
0.037, 4703
0.037, 4702
0.037, 4701
0.037, 4700
0.037, 4699
0.037, 4698
0.037, 4697
0.037, 4696
0.037, 4695
0.037, 4694
0.037, 4693
0.037, 4692
0.037, 4691
0.037, 4690
0.037, 4689
0.037, 4688
0.037, 4687
0.037, 4686
0.037, 4685
0.037, 4684
0.037, 4683
0.037, 4682
0.037, 4681
0.037, 4680
0.037, 4679
0.037, 4678
0.037, 4677
0.037, 4676
0.037, 4675
0.037, 4674
0.037, 4673
0.037, 4672
0.037, 4671
0.037, 4670
0.037, 4669
0.037, 4668
0.037, 4667
0.037, 4666
0.037, 4665
0.037, 4664
0.037, 4663
0.037, 4662
0.037, 4661
0.037, 4660
0.037, 4659
0.037, 4658
0.037, 4657
0.037, 4656
0.037, 4655
0.037, 4654
0.037, 4653
0.037, 4652
0.037, 4651
0.037, 4650
0.037, 4649
0.037, 4648
0.037, 4647
0.037, 4646
0.038, 4645
0.038, 4644
0.038, 4643
0.038, 4642
0.038, 4641
0.038, 4640
0.038, 4639
0.038, 4638
0.038, 4637
0.038, 4636
0.038, 4635
0.038, 4634
0.038, 4633
0.038, 4632
0.038, 4631
0.038, 4630
0.038, 4629
0.038, 4628
0.038, 4627
0.038, 4626
0.038, 4625
0.038, 4624
0.038, 4623
0.038, 4622
0.038, 4621
0.038, 4620
0.038, 4619
0.038, 4618
0.038, 4617
0.038, 4616
0.038, 4615
0.038, 4614
0.038, 4613
0.038, 4612
0.038, 4611
0.038, 4610
0.038, 4609
0.038, 4608
0.038, 4607
0.038, 4606
0.038, 4605
0.038, 4604
0.038, 4603
0.038, 4602
0.038, 4601
0.038, 4600
0.038, 4599
0.038, 4598
0.038, 4597
0.038, 4596
0.038, 4595
0.038, 4594
0.038, 4593
0.038, 4592
0.038, 4591
0.038, 4590
0.038, 4589
0.038, 4588
0.038, 4587
0.038, 4586
0.038, 4585
0.038, 4584
0.038, 4583
0.038, 4582
0.038, 4581
0.038, 4580
0.038, 4579
0.038, 4578
0.038, 4577
0.038, 4576
0.038, 4575
0.038, 4574
0.038, 4573
0.038, 4572
0.038, 4571
0.038, 4570
0.038, 4569
0.038, 4568
0.038, 4567
0.038, 4566
0.038, 4565
0.038, 4564
0.038, 4563
0.038, 4562
0.038, 4561
0.038, 4560
0.038, 4559
0.038, 4558
0.038, 4557
0.038, 4556
0.038, 4555
0.038, 4554
0.038, 4553
0.038, 4552
0.038, 4551
0.038, 4550
0.038, 4549
0.038, 4548
0.038, 4547
0.038, 4546
0.038, 4545
0.038, 4544
0.038, 4543
0.038, 4542
0.038, 4541
0.038, 4540
0.038, 4539
0.038, 4538
0.038, 4537
0.038, 4536
0.038, 4535
0.038, 4534
0.038, 4533
0.039, 4532
0.039, 4531
0.039, 4530
0.039, 4529
0.039, 4528
0.039, 4527
0.039, 4526
0.039, 4525
0.039, 4524
0.039, 4523
0.039, 4522
0.039, 4521
0.039, 4520
0.039, 4519
0.039, 4518
0.039, 4517
0.039, 4516
0.039, 4515
0.039, 4514
0.039, 4513
0.039, 4512
0.039, 4511
0.039, 4510
0.039, 4509
0.039, 4508
0.039, 4507
0.039, 4506
0.039, 4505
0.039, 4504
0.039, 4503
0.039, 4502
0.039, 4501
0.039, 4500
0.039, 4499
0.039, 4498
0.039, 4497
0.039, 4496
0.039, 4495
0.039, 4494
0.039, 4493
0.039, 4492
0.039, 4491
0.039, 4490
0.039, 4489
0.039, 4488
0.039, 4487
0.039, 4486
0.039, 4485
0.039, 4484
0.039, 4483
0.039, 4482
0.039, 4481
0.039, 4480
0.039, 4479
0.039, 4478
0.039, 4477
0.039, 4476
0.039, 4475
0.039, 4474
0.039, 4473
0.039, 4472
0.039, 4471
0.039, 4470
0.039, 4469
0.039, 4468
0.039, 4467
0.039, 4466
0.039, 4465
0.039, 4464
0.039, 4463
0.039, 4462
0.039, 4461
0.039, 4460
0.039, 4459
0.039, 4458
0.039, 4457
0.039, 4456
0.039, 4455
0.039, 4454
0.039, 4453
0.039, 4452
0.039, 4451
0.039, 4450
0.039, 4449
0.039, 4448
0.039, 4447
0.039, 4446
0.039, 4445
0.039, 4444
0.039, 4443
0.039, 4442
0.039, 4441
0.039, 4440
0.039, 4439
0.039, 4438
0.039, 4437
0.039, 4436
0.039, 4435
0.039, 4434
0.039, 4433
0.039, 4432
0.039, 4431
0.039, 4430
0.039, 4429
0.039, 4428
0.039, 4427
0.039, 4426
0.039, 4425
0.039, 4424
0.039, 4423
0.039, 4422
0.039, 4421
0.039, 4420
0.039, 4419
0.039, 4418
0.039, 4417
0.040, 4416
0.040, 4415
0.040, 4414
0.040, 4413
0.040, 4412
0.040, 4411
0.040, 4410
0.040, 4409
0.040, 4408
0.040, 4407
0.040, 4406
0.040, 4405
0.040, 4404
0.040, 4403
0.040, 4402
0.040, 4401
0.040, 4400
0.040, 4399
0.040, 4398
0.040, 4397
0.040, 4396
0.040, 4395
0.040, 4394
0.040, 4393
0.040, 4392
0.040, 4391
0.040, 4390
0.040, 4389
0.040, 4388
0.040, 4387
0.040, 4386
0.040, 4385
0.040, 4384
0.040, 4383
0.040, 4382
0.040, 4381
0.040, 4380
0.040, 4379
0.040, 4378
0.040, 4377
0.040, 4376
0.040, 4375
0.040, 4374
0.040, 4373
0.040, 4372
0.040, 4371
0.040, 4370
0.040, 4369
0.040, 4368
0.040, 4367
0.040, 4366
0.040, 4365
0.040, 4364
0.040, 4363
0.040, 4362
0.040, 4361
0.040, 4360
0.040, 4359
0.040, 4358
0.040, 4357
0.040, 4356
0.040, 4355
0.040, 4354
0.040, 4353
0.040, 4352
0.040, 4351
0.040, 4350
0.040, 4349
0.040, 4348
0.040, 4347
0.040, 4346
0.040, 4345
0.040, 4344
0.040, 4343
0.040, 4342
0.040, 4341
0.040, 4340
0.040, 4339
0.040, 4338
0.040, 4337
0.040, 4336
0.040, 4335
0.040, 4334
0.040, 4333
0.040, 4332
0.040, 4331
0.040, 4330
0.040, 4329
0.040, 4328
0.040, 4327
0.040, 4326
0.040, 4325
0.040, 4324
0.040, 4323
0.040, 4322
0.040, 4321
0.040, 4320
0.040, 4319
0.040, 4318
0.040, 4317
0.040, 4316
0.040, 4315
0.040, 4314
0.040, 4313
0.040, 4312
0.040, 4311
0.040, 4310
0.040, 4309
0.040, 4308
0.040, 4307
0.041, 4306
0.041, 4305
0.041, 4304
0.041, 4303
0.041, 4302
0.041, 4301
0.041, 4300
0.041, 4299
0.041, 4298
0.041, 4297
0.041, 4296
0.041, 4295
0.041, 4294
0.041, 4293
0.041, 4292
0.041, 4291
0.041, 4290
0.041, 4289
0.041, 4288
0.041, 4287
0.041, 4286
0.041, 4285
0.041, 4284
0.041, 4283
0.041, 4282
0.041, 4281
0.041, 4280
0.041, 4279
0.041, 4278
0.041, 4277
0.041, 4276
0.041, 4275
0.041, 4274
0.041, 4273
0.041, 4272
0.041, 4271
0.041, 4270
0.041, 4269
0.041, 4268
0.041, 4267
0.041, 4266
0.041, 4265
0.041, 4264
0.041, 4263
0.041, 4262
0.041, 4261
0.041, 4260
0.041, 4259
0.041, 4258
0.041, 4257
0.041, 4256
0.041, 4255
0.041, 4254
0.041, 4253
0.041, 4252
0.041, 4251
0.041, 4250
0.041, 4249
0.041, 4248
0.041, 4247
0.041, 4246
0.041, 4245
0.041, 4244
0.041, 4243
0.041, 4242
0.041, 4241
0.041, 4240
0.041, 4239
0.041, 4238
0.041, 4237
0.041, 4236
0.041, 4235
0.041, 4234
0.041, 4233
0.041, 4232
0.041, 4231
0.041, 4230
0.041, 4229
0.041, 4228
0.041, 4227
0.041, 4226
0.042, 4225
0.042, 4224
0.042, 4223
0.042, 4222
0.042, 4221
0.042, 4220
0.042, 4219
0.042, 4218
0.042, 4217
0.042, 4216
0.042, 4215
0.042, 4214
0.042, 4213
0.042, 4212
0.042, 4211
0.042, 4210
0.042, 4209
0.042, 4208
0.042, 4207
0.042, 4206
0.042, 4205
0.042, 4204
0.042, 4203
0.042, 4202
0.042, 4201
0.042, 4200
0.042, 4199
0.042, 4198
0.042, 4197
0.042, 4196
0.042, 4195
0.042, 4194
0.042, 4193
0.042, 4192
0.042, 4191
0.042, 4190
0.042, 4189
0.042, 4188
0.042, 4187
0.042, 4186
0.042, 4185
0.042, 4184
0.042, 4183
0.042, 4182
0.042, 4181
0.042, 4180
0.042, 4179
0.042, 4178
0.042, 4177
0.042, 4176
0.042, 4175
0.042, 4174
0.042, 4173
0.042, 4172
0.042, 4171
0.042, 4170
0.042, 4169
0.042, 4168
0.042, 4167
0.042, 4166
0.042, 4165
0.042, 4164
0.042, 4163
0.042, 4162
0.042, 4161
0.042, 4160
0.042, 4159
0.042, 4158
0.042, 4157
0.042, 4156
0.042, 4155
0.042, 4154
0.042, 4153
0.042, 4152
0.042, 4151
0.042, 4150
0.042, 4149
0.042, 4148
0.042, 4147
0.042, 4146
0.042, 4145
0.042, 4144
0.042, 4143
0.042, 4142
0.042, 4141
0.042, 4140
0.042, 4139
0.042, 4138
0.042, 4137
0.042, 4136
0.042, 4135
0.042, 4134
0.042, 4133
0.042, 4132
0.042, 4131
0.042, 4130
0.042, 4129
0.042, 4128
0.042, 4127
0.043, 4126
0.043, 4125
0.043, 4124
0.043, 4123
0.043, 4122
0.043, 4121
0.043, 4120
0.043, 4119
0.043, 4118
0.043, 4117
0.043, 4116
0.043, 4115
0.043, 4114
0.043, 4113
0.043, 4112
0.043, 4111
0.043, 4110
0.043, 4109
0.043, 4108
0.043, 4107
0.043, 4106
0.043, 4105
0.043, 4104
0.043, 4103
0.043, 4102
0.043, 4101
0.043, 4100
0.043, 4099
0.043, 4098
0.043, 4097
0.043, 4096
0.043, 4095
0.043, 4094
0.043, 4093
0.043, 4092
0.043, 4091
0.043, 4090
0.043, 4089
0.043, 4088
0.043, 4087
0.043, 4086
0.043, 4085
0.043, 4084
0.043, 4083
0.043, 4082
0.043, 4081
0.043, 4080
0.043, 4079
0.043, 4078
0.043, 4077
0.043, 4076
0.043, 4075
0.043, 4074
0.043, 4073
0.043, 4072
0.043, 4071
0.043, 4070
0.043, 4069
0.043, 4068
0.043, 4067
0.043, 4066
0.043, 4065
0.043, 4064
0.043, 4063
0.043, 4062
0.043, 4061
0.043, 4060
0.043, 4059
0.043, 4058
0.043, 4057
0.043, 4056
0.043, 4055
0.043, 4054
0.043, 4053
0.043, 4052
0.043, 4051
0.043, 4050
0.043, 4049
0.043, 4048
0.043, 4047
0.043, 4046
0.043, 4045
0.043, 4044
0.043, 4043
0.043, 4042
0.044, 4041
0.044, 4040
0.044, 4039
0.044, 4038
0.044, 4037
0.044, 4036
0.044, 4035
0.044, 4034
0.044, 4033
0.044, 4032
0.044, 4031
0.044, 4030
0.044, 4029
0.044, 4028
0.044, 4027
0.044, 4026
0.044, 4025
0.044, 4024
0.044, 4023
0.044, 4022
0.044, 4021
0.044, 4020
0.044, 4019
0.044, 4018
0.044, 4017
0.044, 4016
0.044, 4015
0.044, 4014
0.044, 4013
0.044, 4012
0.044, 4011
0.044, 4010
0.044, 4009
0.044, 4008
0.044, 4007
0.044, 4006
0.044, 4005
0.044, 4004
0.044, 4003
0.044, 4002
0.044, 4001
0.044, 4000
0.044, 3999
0.044, 3998
0.044, 3997
0.044, 3996
0.044, 3995
0.044, 3994
0.044, 3993
0.044, 3992
0.044, 3991
0.044, 3990
0.044, 3989
0.044, 3988
0.044, 3987
0.044, 3986
0.044, 3985
0.044, 3984
0.044, 3983
0.044, 3982
0.044, 3981
0.044, 3980
0.044, 3979
0.044, 3978
0.044, 3977
0.044, 3976
0.044, 3975
0.044, 3974
0.044, 3973
0.044, 3972
0.044, 3971
0.044, 3970
0.044, 3969
0.044, 3968
0.044, 3967
0.044, 3966
0.044, 3965
0.044, 3964
0.044, 3963
0.044, 3962
0.044, 3961
0.044, 3960
0.045, 3959
0.045, 3958
0.045, 3957
0.045, 3956
0.045, 3955
0.045, 3954
0.045, 3953
0.045, 3952
0.045, 3951
0.045, 3950
0.045, 3949
0.045, 3948
0.045, 3947
0.045, 3946
0.045, 3945
0.045, 3944
0.045, 3943
0.045, 3942
