30.356, 3942
30.384, 3942
30.404, 3942
30.429, 3942
30.459, 3942
30.497, 3942
30.532, 3942
30.573, 3942
30.618, 3942
30.666, 3942
30.718, 3942
30.778, 3942
30.837, 3942
30.915, 3942
30.973, 3942
31.031, 3942
31.097, 3942
31.174, 3942
31.264, 3942
31.356, 3942
31.450, 3942
31.547, 3942
31.655, 3942
31.761, 3942
31.872, 3942
31.979, 3942
32.073, 3942
32.180, 3942
32.321, 3942
32.454, 3942
32.597, 3942
32.739, 3942
32.886, 3942
33.026, 3942
33.156, 3942
33.327, 3942
33.492, 3942
33.666, 3942
33.844, 3942
34.020, 3942
34.180, 3942
34.423, 3942
34.621, 3942
34.830, 3942
35.009, 3942
35.221, 3942
35.432, 3942
35.653, 3942
35.871, 3942
36.057, 3942
36.281, 3942
36.516, 3942
36.754, 3942
36.963, 3942
37.216, 3942
37.464, 3942
37.728, 3942
37.946, 3942
38.207, 3942
38.483, 3942
38.753, 3942
38.988, 3942
39.275, 3942
39.557, 3942
39.837, 3942
40.117, 3942
40.413, 3942
40.721, 3942
40.988, 3942
41.311, 3942
41.626, 3942
41.929, 3942
42.257, 3942
42.594, 3942
42.893, 3942
43.251, 3942
43.598, 3942
43.913, 3942
44.303, 3942
44.669, 3942
44.990, 3942
45.370, 3942
45.756, 3942
46.108, 3942
46.494, 3942
46.847, 3942
47.235, 3942
47.633, 3942
48.001, 3942
48.413, 3942
48.791, 3942
49.207, 3942
49.625, 3942
50.034, 3942
50.465, 3942
50.879, 3942
51.321, 3942
51.734, 3942
52.188, 3942
52.626, 3942
53.070, 3942
53.540, 3942
53.991, 3942
54.458, 3942
54.912, 3942
55.392, 3942
55.865, 3942
56.336, 3942
56.801, 3942
57.286, 3942
57.754, 3942
58.245, 3942
58.722, 3942
59.222, 3942
59.702, 3942
60.202, 3942
60.694, 3942
61.211, 3942
61.727, 3942
62.234, 3942
62.772, 3942
63.313, 3942
63.850, 3942
64.390, 3942
64.931, 3942
65.470, 3942
66.019, 3942
66.563, 3942
67.115, 3942
67.690, 3942
68.237, 3942
68.817, 3942
69.384, 3942
69.967, 3942
70.553, 3942
71.149, 3942
71.757, 3942
72.344, 3942
72.952, 3942
73.554, 3942
74.164, 3942
74.793, 3942
75.418, 3942
76.057, 3942
76.685, 3942
77.311, 3942
77.974, 3942
78.624, 3942
79.289, 3942
79.931, 3942
80.593, 3942
81.272, 3942
81.933, 3942
82.617, 3942
83.328, 3942
83.996, 3942
84.696, 3942
85.409, 3942
86.091, 3942
86.817, 3942
87.524, 3942
88.241, 3942
88.963, 3942
89.701, 3942
