22.694, 3942
22.703, 3942
22.713, 3942
22.724, 3942
22.740, 3942
22.758, 3942
22.779, 3942
22.802, 3942
22.829, 3942
22.860, 3942
22.892, 3942
22.929, 3942
22.972, 3942
23.013, 3942
23.057, 3942
23.104, 3942
23.153, 3942
23.204, 3942
23.263, 3942
23.322, 3942
23.382, 3942
23.445, 3942
23.510, 3942
23.579, 3942
23.651, 3942
23.731, 3942
23.808, 3942
23.888, 3942
23.972, 3942
24.059, 3942
24.148, 3942
24.239, 3942
24.338, 3942
24.441, 3942
24.541, 3942
24.645, 3942
24.753, 3942
24.862, 3942
24.975, 3942
25.089, 3942
25.207, 3942
25.328, 3942
25.452, 3942
25.584, 3942
25.716, 3942
25.848, 3942
25.984, 3942
26.121, 3942
26.262, 3942
26.406, 3942
26.553, 3942
26.708, 3942
26.860, 3942
27.023, 3942
27.181, 3942
27.343, 3942
27.506, 3942
27.679, 3942
27.848, 3942
28.019, 3942
28.195, 3942
28.373, 3942
28.554, 3942
28.745, 3942
28.935, 3942
29.128, 3942
29.325, 3942
29.521, 3942
29.725, 3942
29.927, 3942
30.131, 3942
30.340, 3942
30.554, 3942
30.768, 3942
30.991, 3942
31.221, 3942
31.449, 3942
31.676, 3942
31.906, 3942
32.146, 3942
32.382, 3942
32.619, 3942
32.861, 3942
33.111, 3942
33.354, 3942
33.605, 3942
33.858, 3942
34.110, 3942
34.370, 3942
34.629, 3942
34.890, 3942
35.169, 3942
35.437, 3942
35.712, 3942
35.983, 3942
36.259, 3942
36.541, 3942
36.824, 3942
37.112, 3942
37.399, 3942
37.695, 3942
37.994, 3942
38.292, 3942
38.596, 3942
38.901, 3942
39.220, 3942
39.532, 3942
39.844, 3942
40.163, 3942
40.483, 3942
40.811, 3942
41.136, 3942
41.466, 3942
41.800, 3942
42.139, 3942
42.477, 3942
42.815, 3942
43.168, 3942
43.516, 3942
43.867, 3942
44.221, 3942
44.577, 3942
44.937, 3942
45.298, 3942
45.663, 3942
46.033, 3942
46.405, 3942
46.787, 3942
47.179, 3942
47.559, 3942
47.943, 3942
48.331, 3942
48.720, 3942
49.108, 3942
49.505, 3942
49.906, 3942
50.325, 3942
50.738, 3942
51.251, 3942
51.721, 3942
52.204, 3942
52.637, 3942
53.067, 3942
53.547, 3942
54.014, 3942
54.481, 3942
54.944, 3942
55.477, 3942
55.991, 3942
56.468, 3942
56.939, 3942
57.409, 3942
57.865, 3942
58.350, 3942
58.809, 3942
59.294, 3942
59.771, 3942
60.250, 3942
60.739, 3942
61.221, 3942
61.705, 3942
62.204, 3942
62.688, 3942
63.187, 3942
