0.000, 4535
0.359, 4534
0.363, 4533
0.364, 4532
0.368, 4531
0.374, 4530
0.375, 4529
0.383, 4528
0.384, 4527
0.385, 4526
0.387, 4525
0.393, 4524
0.397, 4523
0.400, 4522
0.400, 4521
0.410, 4520
0.416, 4519
0.422, 4518
0.431, 4517
0.434, 4516
0.437, 4515
0.439, 4514
0.440, 4513
0.443, 4512
0.449, 4511
0.452, 4510
0.463, 4509
0.466, 4508
0.471, 4507
0.473, 4506
0.474, 4505
0.476, 4504
0.477, 4503
0.482, 4502
0.486, 4501
0.489, 4500
0.490, 4499
0.492, 4498
0.498, 4497
0.502, 4496
0.521, 4495
0.523, 4494
0.525, 4493
0.525, 4492
0.529, 4491
0.537, 4490
0.543, 4489
0.548, 4488
0.549, 4487
0.551, 4486
0.552, 4485
0.556, 4484
0.563, 4483
0.563, 4482
0.564, 4481
0.568, 4480
0.569, 4479
0.577, 4478
0.582, 4477
0.596, 4476
0.599, 4475
0.602, 4474
0.605, 4473
0.606, 4472
0.609, 4471
0.612, 4470
0.613, 4469
0.615, 4468
0.616, 4467
0.619, 4466
0.626, 4465
0.627, 4464
0.634, 4463
0.634, 4462
0.637, 4461
0.642, 4460
0.646, 4459
0.650, 4458
0.653, 4457
0.661, 4456
0.667, 4455
0.679, 4454
0.680, 4453
0.687, 4452
0.688, 4451
0.689, 4450
0.693, 4449
0.694, 4448
0.699, 4447
0.702, 4446
0.705, 4445
0.707, 4444
0.714, 4443
0.717, 4442
0.719, 4441
0.721, 4440
0.721, 4439
0.722, 4438
0.728, 4437
0.734, 4436
0.735, 4435
0.737, 4434
0.743, 4433
0.746, 4432
0.747, 4431
0.756, 4430
0.757, 4429
0.758, 4428
0.766, 4427
0.768, 4426
0.781, 4425
0.782, 4424
0.784, 4423
0.784, 4422
0.788, 4421
0.794, 4420
0.796, 4419
0.799, 4418
0.800, 4417
0.801, 4416
0.806, 4415
0.808, 4414
0.816, 4413
0.818, 4412
0.819, 4411
0.820, 4410
0.821, 4409
0.823, 4408
0.828, 4407
0.832, 4406
0.835, 4405
0.837, 4404
0.843, 4403
0.846, 4402
0.847, 4401
0.850, 4400
0.854, 4399
0.861, 4398
0.867, 4397
0.872, 4396
0.877, 4395
0.878, 4394
0.879, 4393
0.883, 4392
0.885, 4391
0.887, 4390
0.892, 4389
0.893, 4388
0.898, 4387
0.908, 4386
0.909, 4385
0.913, 4384
0.916, 4383
0.920, 4382
0.926, 4381
0.934, 4380
0.938, 4379
0.939, 4378
0.943, 4377
0.945, 4376
0.947, 4375
0.950, 4374
0.953, 4373
0.955, 4372
0.957, 4371
0.958, 4370
0.973, 4369
0.975, 4368
0.985, 4367
0.996, 4366
0.997, 4365
0.999, 4364
1.012, 4363
1.018, 4362
1.030, 4361
1.038, 4360
1.051, 4359
1.056, 4358
1.063, 4357
1.063, 4356
1.066, 4355
1.068, 4354
1.074, 4353
1.075, 4352
1.076, 4351
1.079, 4350
1.086, 4349
1.089, 4348
1.092, 4347
1.096, 4346
1.098, 4345
1.101, 4344
1.104, 4343
1.105, 4342
1.107, 4341
1.113, 4340
1.135, 4339
1.150, 4338
1.158, 4337
1.161, 4336
1.171, 4335
1.176, 4334
1.179, 4333
1.194, 4332
1.195, 4331
1.201, 4330
1.209, 4329
1.210, 4328
1.220, 4327
1.220, 4326
1.225, 4325
1.226, 4324
1.228, 4323
1.232, 4322
1.236, 4321
1.238, 4320
1.241, 4319
1.259, 4318
1.261, 4317
1.270, 4316
1.272, 4315
1.275, 4314
1.278, 4313
1.280, 4312
1.281, 4311
1.283, 4310
1.286, 4309
1.290, 4308
1.299, 4307
1.299, 4306
1.309, 4305
1.322, 4304
1.331, 4303
1.332, 4302
1.341, 4301
1.342, 4300
1.355, 4299
1.357, 4298
1.358, 4297
1.369, 4296
1.373, 4295
1.388, 4294
1.399, 4293
1.402, 4292
1.417, 4291
1.417, 4290
1.418, 4289
1.420, 4288
1.431, 4287
1.439, 4286
1.440, 4285
1.445, 4284
1.460, 4283
1.462, 4282
1.470, 4281
1.480, 4280
1.486, 4279
1.487, 4278
1.490, 4277
1.503, 4276
1.505, 4275
1.511, 4274
1.512, 4273
1.514, 4272
1.522, 4271
1.526, 4270
1.540, 4269
1.550, 4268
1.552, 4267
1.566, 4266
1.567, 4265
1.569, 4264
1.570, 4263
1.577, 4262
1.581, 4261
1.594, 4260
1.598, 4259
1.610, 4258
1.611, 4257
1.643, 4256
1.645, 4255
1.648, 4254
1.658, 4253
1.659, 4252
1.659, 4251
1.668, 4250
1.670, 4249
1.678, 4248
1.678, 4247
1.682, 4246
1.698, 4245
1.710, 4244
1.711, 4243
1.719, 4242
1.719, 4241
1.723, 4240
1.736, 4239
1.737, 4238
1.743, 4237
1.746, 4236
1.755, 4235
1.766, 4234
1.768, 4233
1.787, 4232
1.788, 4231
1.788, 4230
1.806, 4229
1.807, 4228
1.814, 4227
1.818, 4226
1.826, 4225
1.829, 4224
1.851, 4223
1.853, 4222
1.875, 4221
1.875, 4220
1.880, 4219
1.881, 4218
1.885, 4217
1.886, 4216
1.887, 4215
1.891, 4214
1.894, 4213
1.900, 4212
1.906, 4211
1.907, 4210
1.924, 4209
1.936, 4208
1.936, 4207
1.944, 4206
1.945, 4205
1.960, 4204
1.968, 4203
1.969, 4202
1.981, 4201
1.990, 4200
2.002, 4199
2.015, 4198
2.036, 4197
2.041, 4196
2.042, 4195
2.052, 4194
2.058, 4193
2.067, 4192
2.087, 4191
2.091, 4190
2.095, 4189
2.098, 4188
2.101, 4187
2.112, 4186
2.121, 4185
2.124, 4184
2.128, 4183
2.134, 4182
2.142, 4181
2.144, 4180
2.182, 4179
2.197, 4178
2.207, 4177
2.221, 4176
2.225, 4175
2.240, 4174
2.244, 4173
2.267, 4172
2.270, 4171
2.282, 4170
2.288, 4169
2.306, 4168
2.308, 4167
2.309, 4166
2.311, 4165
2.315, 4164
2.322, 4163
2.332, 4162
2.338, 4161
2.369, 4160
2.375, 4159
2.383, 4158
2.385, 4157
2.388, 4156
2.389, 4155
2.400, 4154
2.410, 4153
2.452, 4152
2.469, 4151
2.496, 4150
2.499, 4149
2.511, 4148
2.522, 4147
2.525, 4146
2.532, 4145
2.564, 4144
2.579, 4143
2.589, 4142
2.593, 4141
2.601, 4140
2.624, 4139
2.629, 4138
2.635, 4137
2.636, 4136
2.645, 4135
2.647, 4134
2.653, 4133
2.660, 4132
2.685, 4131
2.700, 4130
2.705, 4129
2.710, 4128
2.738, 4127
2.762, 4126
2.795, 4125
2.801, 4124
2.802, 4123
2.805, 4122
2.807, 4121
2.820, 4120
2.836, 4119
2.840, 4118
2.845, 4117
2.853, 4116
2.871, 4115
2.884, 4114
2.891, 4113
2.895, 4112
2.907, 4111
2.912, 4110
2.961, 4109
2.965, 4108
2.981, 4107
2.983, 4106
2.997, 4105
3.010, 4104
3.019, 4103
3.021, 4102
3.028, 4101
3.032, 4100
3.044, 4099
3.045, 4098
3.051, 4097
3.085, 4096
3.093, 4095
3.099, 4094
3.148, 4093
3.156, 4092
3.178, 4091
3.200, 4090
3.206, 4089
3.218, 4088
3.224, 4087
3.234, 4086
3.291, 4085
3.300, 4084
3.343, 4083
3.349, 4082
3.414, 4081
3.416, 4080
3.418, 4079
3.423, 4078
3.425, 4077
3.452, 4076
3.453, 4075
3.485, 4074
3.524, 4073
3.581, 4072
3.597, 4071
3.610, 4070
3.617, 4069
3.641, 4068
3.651, 4067
3.685, 4066
3.710, 4065
3.724, 4064
3.742, 4063
3.765, 4062
3.801, 4061
3.812, 4060
3.885, 4059
3.896, 4058
3.955, 4057
3.985, 4056
3.987, 4055
4.046, 4054
4.050, 4053
4.065, 4052
4.092, 4051
4.094, 4050
4.103, 4049
4.111, 4048
4.132, 4047
4.147, 4046
4.217, 4045
4.272, 4044
4.280, 4043
4.285, 4042
4.285, 4041
4.291, 4040
4.309, 4039
4.385, 4038
4.390, 4037
4.409, 4036
4.433, 4035
4.445, 4034
4.466, 4033
4.553, 4032
4.612, 4031
4.663, 4030
4.736, 4029
4.771, 4028
4.803, 4027
4.829, 4026
4.895, 4025
4.934, 4024
4.936, 4023
4.940, 4022
4.988, 4021
5.000, 4020
5.031, 4019
5.160, 4018
5.239, 4017
5.287, 4016
5.314, 4015
5.364, 4014
5.379, 4013
5.518, 4012
5.674, 4011
5.753, 4010
5.832, 4009
5.905, 4008
5.959, 4007
6.021, 4006
6.024, 4005
6.093, 4004
6.223, 4003
6.252, 4002
6.266, 4001
6.358, 4000
6.440, 3999
6.794, 3998
6.866, 3997
6.916, 3996
7.040, 3995
7.118, 3994
7.851, 3993
7.894, 3992
8.157, 3991
8.230, 3990
8.287, 3989
8.373, 3988
8.712, 3987
8.903, 3986
9.189, 3985
9.476, 3984
10.378, 3983
10.476, 3982
10.756, 3981
10.804, 3980
11.340, 3979
11.528, 3978
