0.017, 8359
0.021, 8358
0.021, 8357
0.021, 8356
0.021, 8355
0.021, 8354
0.021, 8353
0.021, 8352
0.021, 8351
0.022, 8350
0.022, 8349
0.022, 8348
0.022, 8347
0.022, 8346
0.022, 8345
0.022, 8344
0.022, 8343
0.022, 8342
0.022, 8341
0.022, 8340
0.022, 8339
0.022, 8338
0.022, 8337
0.023, 8336
0.023, 8335
0.023, 8334
0.023, 8333
0.023, 8332
0.023, 8331
0.023, 8330
0.023, 8329
0.023, 8328
0.023, 8327
0.023, 8326
0.023, 8325
0.023, 8324
0.024, 8323
0.024, 8322
0.024, 8321
0.024, 8320
0.024, 8319
0.024, 8318
0.024, 8317
0.024, 8316
0.024, 8315
0.024, 8314
0.024, 8313
0.024, 8312
0.024, 8311
0.024, 8310
0.024, 8309
0.025, 8308
0.025, 8307
0.025, 8306
0.025, 8305
0.025, 8304
0.025, 8303
0.025, 8302
0.025, 8301
0.025, 8300
0.025, 8299
0.025, 8298
0.025, 8297
0.025, 8296
0.025, 8295
0.025, 8294
0.025, 8293
0.025, 8292
0.026, 8291
0.026, 8290
0.026, 8289
0.026, 8288
0.026, 8287
0.026, 8286
0.026, 8285
0.026, 8284
0.026, 8283
0.026, 8282
0.026, 8281
0.026, 8280
0.026, 8279
0.026, 8278
0.026, 8277
0.026, 8276
0.027, 8275
0.027, 8274
0.027, 8273
0.027, 8272
0.027, 8271
0.027, 8270
0.027, 8269
0.027, 8268
0.027, 8267
0.027, 8266
0.027, 8265
0.027, 8264
0.027, 8263
0.028, 8262
0.028, 8261
0.028, 8260
0.028, 8259
0.028, 8258
0.028, 8257
0.028, 8256
0.028, 8255
0.028, 8254
0.028, 8253
0.028, 8252
0.028, 8251
0.029, 8250
0.029, 8249
0.029, 8248
0.029, 8247
0.029, 8246
0.029, 8245
0.029, 8244
0.029, 8243
0.029, 8242
0.029, 8241
0.029, 8240
0.029, 8239
0.029, 8238
0.029, 8237
0.029, 8236
0.030, 8235
0.030, 8234
0.030, 8233
0.030, 8232
0.030, 8231
0.030, 8230
0.030, 8229
0.030, 8228
0.030, 8227
0.030, 8226
0.030, 8225
0.030, 8224
0.030, 8223
0.030, 8222
0.030, 8221
0.030, 8220
0.030, 8219
0.030, 8218
0.030, 8217
0.030, 8216
0.031, 8215
0.031, 8214
0.031, 8213
0.031, 8212
0.031, 8211
0.031, 8210
0.031, 8209
0.031, 8208
0.031, 8207
0.031, 8206
0.031, 8205
0.031, 8204
0.031, 8203
0.031, 8202
0.031, 8201
0.031, 8200
0.031, 8199
0.031, 8198
0.031, 8197
0.031, 8196
0.031, 8195
0.032, 8194
0.032, 8193
0.032, 8192
0.032, 8191
0.032, 8190
0.032, 8189
0.032, 8188
0.032, 8187
0.032, 8186
0.032, 8185
0.032, 8184
0.032, 8183
0.032, 8182
0.032, 8181
0.032, 8180
0.032, 8179
0.032, 8178
0.032, 8177
0.032, 8176
0.032, 8175
0.032, 8174
0.032, 8173
0.033, 8172
0.033, 8171
0.033, 8170
0.033, 8169
0.033, 8168
0.033, 8167
0.033, 8166
0.033, 8165
0.033, 8164
0.033, 8163
0.033, 8162
0.033, 8161
0.033, 8160
0.033, 8159
0.033, 8158
0.033, 8157
0.033, 8156
0.033, 8155
0.033, 8154
0.033, 8153
0.033, 8152
0.034, 8151
0.034, 8150
0.034, 8149
0.034, 8148
0.034, 8147
0.034, 8146
0.034, 8145
0.034, 8144
0.034, 8143
0.034, 8142
0.034, 8141
0.034, 8140
0.034, 8139
0.034, 8138
0.034, 8137
0.034, 8136
0.034, 8135
0.034, 8134
0.034, 8133
0.034, 8132
0.034, 8131
0.034, 8130
0.034, 8129
0.035, 8128
0.035, 8127
0.035, 8126
0.035, 8125
0.035, 8124
0.035, 8123
0.035, 8122
0.035, 8121
0.035, 8120
0.035, 8119
0.035, 8118
0.035, 8117
0.035, 8116
0.035, 8115
0.035, 8114
0.035, 8113
0.035, 8112
0.036, 8111
0.036, 8110
0.036, 8109
0.036, 8108
0.036, 8107
0.036, 8106
0.036, 8105
0.036, 8104
0.036, 8103
0.036, 8102
0.036, 8101
0.036, 8100
0.036, 8099
0.036, 8098
0.036, 8097
0.036, 8096
0.036, 8095
0.036, 8094
0.036, 8093
0.036, 8092
0.036, 8091
0.036, 8090
0.036, 8089
0.037, 8088
0.037, 8087
0.037, 8086
0.037, 8085
0.037, 8084
0.037, 8083
0.037, 8082
0.037, 8081
0.037, 8080
0.037, 8079
0.037, 8078
0.037, 8077
0.037, 8076
0.037, 8075
0.037, 8074
0.037, 8073
0.037, 8072
0.037, 8071
0.037, 8070
0.037, 8069
0.037, 8068
0.037, 8067
0.037, 8066
0.038, 8065
0.038, 8064
0.038, 8063
0.038, 8062
0.038, 8061
0.038, 8060
0.038, 8059
0.038, 8058
0.038, 8057
0.038, 8056
0.038, 8055
0.038, 8054
0.038, 8053
0.038, 8052
0.038, 8051
0.038, 8050
0.038, 8049
0.038, 8048
0.038, 8047
0.038, 8046
0.038, 8045
0.038, 8044
0.038, 8043
0.038, 8042
0.038, 8041
0.038, 8040
0.039, 8039
0.039, 8038
0.039, 8037
0.039, 8036
0.039, 8035
0.039, 8034
0.039, 8033
0.039, 8032
0.039, 8031
0.039, 8030
0.039, 8029
0.039, 8028
0.039, 8027
0.039, 8026
0.039, 8025
0.039, 8024
0.039, 8023
0.039, 8022
0.039, 8021
0.039, 8020
0.039, 8019
0.039, 8018
0.039, 8017
0.039, 8016
0.039, 8015
0.039, 8014
0.040, 8013
0.040, 8012
0.040, 8011
0.040, 8010
0.040, 8009
0.040, 8008
0.040, 8007
0.040, 8006
0.040, 8005
0.040, 8004
0.040, 8003
0.040, 8002
0.040, 8001
0.040, 8000
0.040, 7999
0.040, 7998
0.040, 7997
0.040, 7996
0.040, 7995
0.040, 7994
0.040, 7993
0.040, 7992
0.040, 7991
0.040, 7990
0.040, 7989
0.040, 7988
0.040, 7987
0.041, 7986
0.041, 7985
0.041, 7984
0.041, 7983
0.041, 7982
0.041, 7981
0.041, 7980
0.041, 7979
0.041, 7978
0.041, 7977
0.041, 7976
0.041, 7975
0.041, 7974
0.041, 7973
0.041, 7972
0.041, 7971
0.041, 7970
0.041, 7969
0.041, 7968
0.041, 7967
0.041, 7966
0.041, 7965
0.041, 7964
0.042, 7963
0.042, 7962
0.042, 7961
0.042, 7960
0.042, 7959
0.042, 7958
0.042, 7957
0.042, 7956
0.042, 7955
0.042, 7954
0.042, 7953
0.042, 7952
0.042, 7951
0.042, 7950
0.042, 7949
0.042, 7948
0.042, 7947
0.042, 7946
0.042, 7945
0.042, 7944
0.042, 7943
0.042, 7942
0.042, 7941
0.042, 7940
0.042, 7939
0.042, 7938
0.042, 7937
0.043, 7936
0.043, 7935
0.043, 7934
0.043, 7933
0.043, 7932
0.043, 7931
0.043, 7930
0.043, 7929
0.043, 7928
0.043, 7927
0.043, 7926
0.043, 7925
0.043, 7924
0.043, 7923
0.043, 7922
0.043, 7921
0.043, 7920
0.043, 7919
0.043, 7918
0.043, 7917
0.043, 7916
0.043, 7915
0.043, 7914
0.043, 7913
0.043, 7912
0.043, 7911
0.043, 7910
0.043, 7909
0.043, 7908
0.043, 7907
0.043, 7906
0.043, 7905
0.044, 7904
0.044, 7903
0.044, 7902
0.044, 7901
0.044, 7900
0.044, 7899
0.044, 7898
0.044, 7897
0.044, 7896
0.044, 7895
0.044, 7894
0.044, 7893
0.044, 7892
0.044, 7891
0.044, 7890
0.044, 7889
0.044, 7888
0.044, 7887
0.044, 7886
0.044, 7885
0.044, 7884
0.044, 7883
0.044, 7882
0.045, 7881
0.045, 7880
0.045, 7879
0.045, 7878
0.045, 7877
0.045, 7876
0.045, 7875
0.045, 7874
0.045, 7873
0.045, 7872
0.045, 7871
0.045, 7870
0.045, 7869
0.045, 7868
0.045, 7867
0.045, 7866
0.045, 7865
0.045, 7864
0.045, 7863
0.045, 7862
0.045, 7861
0.045, 7860
0.045, 7859
0.045, 7858
0.045, 7857
0.045, 7856
0.046, 7855
0.046, 7854
0.046, 7853
0.046, 7852
0.046, 7851
0.046, 7850
0.046, 7849
0.046, 7848
0.046, 7847
0.046, 7846
0.046, 7845
0.046, 7844
0.046, 7843
0.046, 7842
0.046, 7841
0.046, 7840
0.046, 7839
0.046, 7838
0.046, 7837
0.046, 7836
0.046, 7835
0.046, 7834
0.046, 7833
0.046, 7832
0.046, 7831
0.046, 7830
0.046, 7829
0.046, 7828
0.046, 7827
0.047, 7826
0.047, 7825
0.047, 7824
0.047, 7823
0.047, 7822
0.047, 7821
0.047, 7820
0.047, 7819
0.047, 7818
0.047, 7817
0.047, 7816
0.047, 7815
0.047, 7814
0.047, 7813
0.047, 7812
0.047, 7811
0.047, 7810
0.047, 7809
0.047, 7808
0.047, 7807
0.047, 7806
0.047, 7805
0.047, 7804
0.047, 7803
0.047, 7802
0.047, 7801
0.047, 7800
0.047, 7799
0.047, 7798
0.047, 7797
0.047, 7796
0.047, 7795
0.048, 7794
0.048, 7793
0.048, 7792
0.048, 7791
0.048, 7790
0.048, 7789
0.048, 7788
0.048, 7787
0.048, 7786
0.048, 7785
0.048, 7784
0.048, 7783
0.048, 7782
0.048, 7781
0.048, 7780
0.048, 7779
0.048, 7778
0.048, 7777
0.048, 7776
0.048, 7775
0.048, 7774
0.048, 7773
0.048, 7772
0.048, 7771
0.048, 7770
0.048, 7769
0.048, 7768
0.048, 7767
0.048, 7766
0.048, 7765
0.048, 7764
0.048, 7763
0.048, 7762
0.048, 7761
0.048, 7760
0.048, 7759
0.048, 7758
0.049, 7757
0.049, 7756
0.049, 7755
0.049, 7754
0.049, 7753
0.049, 7752
0.049, 7751
0.049, 7750
0.049, 7749
0.049, 7748
0.049, 7747
0.049, 7746
0.049, 7745
0.049, 7744
0.049, 7743
0.049, 7742
0.049, 7741
0.049, 7740
0.049, 7739
0.049, 7738
0.049, 7737
0.049, 7736
0.049, 7735
0.049, 7734
0.049, 7733
0.049, 7732
0.049, 7731
0.049, 7730
0.049, 7729
0.049, 7728
0.049, 7727
0.049, 7726
0.049, 7725
0.049, 7724
0.049, 7723
0.049, 7722
0.049, 7721
0.049, 7720
0.049, 7719
0.049, 7718
0.049, 7717
0.050, 7716
0.050, 7715
0.050, 7714
0.050, 7713
0.050, 7712
0.050, 7711
0.050, 7710
0.050, 7709
0.050, 7708
0.050, 7707
0.050, 7706
0.050, 7705
0.050, 7704
0.050, 7703
0.050, 7702
0.050, 7701
0.050, 7700
0.050, 7699
0.050, 7698
0.050, 7697
0.050, 7696
0.050, 7695
0.050, 7694
0.050, 7693
0.050, 7692
0.050, 7691
0.050, 7690
0.050, 7689
0.050, 7688
0.050, 7687
0.050, 7686
0.050, 7685
0.050, 7684
0.050, 7683
0.050, 7682
0.050, 7681
0.050, 7680
0.050, 7679
0.050, 7678
0.050, 7677
0.051, 7676
0.051, 7675
0.051, 7674
0.051, 7673
0.051, 7672
0.051, 7671
0.051, 7670
0.051, 7669
0.051, 7668
0.051, 7667
0.051, 7666
0.051, 7665
0.051, 7664
0.051, 7663
0.051, 7662
0.051, 7661
0.051, 7660
0.052, 7659
0.052, 7658
0.052, 7657
0.052, 7656
0.052, 7655
0.052, 7654
0.052, 7653
0.052, 7652
0.052, 7651
0.052, 7650
0.052, 7649
0.052, 7648
0.052, 7647
0.052, 7646
0.052, 7645
0.052, 7644
0.052, 7643
0.052, 7642
0.052, 7641
0.052, 7640
0.052, 7639
0.052, 7638
0.052, 7637
0.052, 7636
0.052, 7635
0.052, 7634
0.052, 7633
0.052, 7632
0.052, 7631
0.052, 7630
0.052, 7629
0.052, 7628
0.052, 7627
0.052, 7626
0.052, 7625
0.052, 7624
0.052, 7623
0.052, 7622
0.053, 7621
0.053, 7620
0.053, 7619
0.053, 7618
0.053, 7617
0.053, 7616
0.053, 7615
0.053, 7614
0.053, 7613
0.053, 7612
0.053, 7611
0.053, 7610
0.053, 7609
0.053, 7608
0.053, 7607
0.053, 7606
0.053, 7605
0.053, 7604
0.053, 7603
0.053, 7602
0.053, 7601
0.053, 7600
0.053, 7599
0.053, 7598
0.053, 7597
0.053, 7596
0.053, 7595
0.053, 7594
0.053, 7593
0.053, 7592
0.053, 7591
0.053, 7590
0.053, 7589
0.053, 7588
0.053, 7587
0.053, 7586
0.053, 7585
0.053, 7584
0.053, 7583
0.053, 7582
0.053, 7581
0.053, 7580
0.053, 7579
0.053, 7578
0.054, 7577
0.054, 7576
0.054, 7575
0.054, 7574
0.054, 7573
0.054, 7572
0.054, 7571
0.054, 7570
0.054, 7569
0.054, 7568
0.054, 7567
0.054, 7566
0.054, 7565
0.054, 7564
0.054, 7563
0.054, 7562
0.054, 7561
0.054, 7560
0.054, 7559
0.054, 7558
0.054, 7557
0.054, 7556
0.054, 7555
0.054, 7554
0.054, 7553
0.054, 7552
0.054, 7551
0.054, 7550
0.054, 7549
0.054, 7548
0.054, 7547
0.054, 7546
0.054, 7545
0.054, 7544
0.054, 7543
0.054, 7542
0.054, 7541
0.054, 7540
0.054, 7539
0.054, 7538
0.054, 7537
0.054, 7536
0.054, 7535
0.055, 7534
0.055, 7533
0.055, 7532
0.055, 7531
0.055, 7530
0.055, 7529
0.055, 7528
0.055, 7527
0.055, 7526
0.055, 7525
0.055, 7524
0.055, 7523
0.055, 7522
0.055, 7521
0.055, 7520
0.055, 7519
0.055, 7518
0.055, 7517
0.055, 7516
0.055, 7515
0.055, 7514
0.055, 7513
0.055, 7512
0.055, 7511
0.055, 7510
0.055, 7509
0.055, 7508
0.055, 7507
0.055, 7506
0.055, 7505
0.055, 7504
0.055, 7503
0.055, 7502
0.055, 7501
0.055, 7500
0.055, 7499
0.055, 7498
0.055, 7497
0.055, 7496
0.055, 7495
0.055, 7494
0.055, 7493
0.055, 7492
0.055, 7491
0.056, 7490
0.056, 7489
0.056, 7488
0.056, 7487
0.056, 7486
0.056, 7485
0.056, 7484
0.056, 7483
0.056, 7482
0.056, 7481
0.056, 7480
0.056, 7479
0.056, 7478
0.056, 7477
0.056, 7476
0.056, 7475
0.056, 7474
0.056, 7473
0.056, 7472
0.056, 7471
0.056, 7470
0.056, 7469
0.056, 7468
0.056, 7467
0.056, 7466
0.056, 7465
0.056, 7464
0.056, 7463
0.056, 7462
0.056, 7461
0.056, 7460
0.056, 7459
0.056, 7458
0.056, 7457
0.056, 7456
0.056, 7455
0.056, 7454
0.056, 7453
0.056, 7452
0.056, 7451
0.056, 7450
0.056, 7449
0.056, 7448
0.056, 7447
0.056, 7446
0.056, 7445
0.056, 7444
0.056, 7443
0.056, 7442
0.056, 7441
0.056, 7440
0.056, 7439
0.056, 7438
0.056, 7437
0.056, 7436
0.056, 7435
0.056, 7434
0.056, 7433
0.056, 7432
0.056, 7431
0.056, 7430
0.057, 7429
0.057, 7428
0.057, 7427
0.057, 7426
0.057, 7425
0.057, 7424
0.057, 7423
0.057, 7422
0.057, 7421
0.057, 7420
0.057, 7419
0.057, 7418
0.057, 7417
0.057, 7416
0.057, 7415
0.057, 7414
0.057, 7413
0.057, 7412
0.057, 7411
0.057, 7410
0.057, 7409
0.057, 7408
0.057, 7407
0.057, 7406
0.057, 7405
0.057, 7404
0.057, 7403
0.057, 7402
0.057, 7401
0.057, 7400
0.057, 7399
0.057, 7398
0.057, 7397
0.057, 7396
0.057, 7395
0.057, 7394
0.057, 7393
0.057, 7392
0.057, 7391
0.057, 7390
0.057, 7389
0.057, 7388
0.057, 7387
0.057, 7386
0.057, 7385
0.057, 7384
0.057, 7383
0.057, 7382
0.057, 7381
0.057, 7380
0.057, 7379
0.057, 7378
0.057, 7377
0.057, 7376
0.057, 7375
0.057, 7374
0.057, 7373
0.057, 7372
0.057, 7371
0.058, 7370
0.058, 7369
0.058, 7368
0.058, 7367
0.058, 7366
0.058, 7365
0.058, 7364
0.058, 7363
0.058, 7362
0.058, 7361
0.058, 7360
0.058, 7359
0.058, 7358
0.058, 7357
0.058, 7356
0.058, 7355
0.058, 7354
0.058, 7353
0.058, 7352
0.058, 7351
0.058, 7350
0.058, 7349
0.058, 7348
0.058, 7347
0.058, 7346
0.058, 7345
0.058, 7344
0.058, 7343
0.058, 7342
0.058, 7341
0.058, 7340
0.058, 7339
0.058, 7338
0.058, 7337
0.058, 7336
0.058, 7335
0.058, 7334
0.058, 7333
0.058, 7332
0.058, 7331
0.058, 7330
0.058, 7329
0.058, 7328
0.058, 7327
0.058, 7326
0.058, 7325
0.058, 7324
0.058, 7323
0.058, 7322
0.058, 7321
0.058, 7320
0.058, 7319
0.058, 7318
0.058, 7317
0.058, 7316
0.058, 7315
0.058, 7314
0.059, 7313
0.059, 7312
0.059, 7311
0.059, 7310
0.059, 7309
0.059, 7308
0.059, 7307
0.059, 7306
0.059, 7305
0.059, 7304
0.059, 7303
0.059, 7302
0.059, 7301
0.059, 7300
0.059, 7299
0.059, 7298
0.059, 7297
0.059, 7296
0.059, 7295
0.059, 7294
0.059, 7293
0.059, 7292
0.059, 7291
0.059, 7290
0.059, 7289
0.059, 7288
0.059, 7287
0.059, 7286
0.059, 7285
0.059, 7284
0.059, 7283
0.059, 7282
0.059, 7281
0.059, 7280
0.059, 7279
0.059, 7278
0.059, 7277
0.059, 7276
0.059, 7275
0.059, 7274
0.059, 7273
0.059, 7272
0.059, 7271
0.059, 7270
0.059, 7269
0.059, 7268
0.059, 7267
0.059, 7266
0.059, 7265
0.059, 7264
0.059, 7263
0.059, 7262
0.059, 7261
0.059, 7260
0.059, 7259
0.059, 7258
0.059, 7257
0.059, 7256
0.059, 7255
0.059, 7254
0.059, 7253
0.059, 7252
0.059, 7251
0.059, 7250
0.059, 7249
0.059, 7248
0.059, 7247
0.059, 7246
0.059, 7245
0.059, 7244
0.059, 7243
0.059, 7242
0.059, 7241
0.059, 7240
0.059, 7239
0.059, 7238
0.059, 7237
0.059, 7236
0.059, 7235
0.059, 7234
0.060, 7233
0.060, 7232
0.060, 7231
0.060, 7230
0.060, 7229
0.060, 7228
0.060, 7227
0.060, 7226
0.060, 7225
0.060, 7224
0.060, 7223
0.060, 7222
0.060, 7221
0.060, 7220
0.060, 7219
0.060, 7218
0.060, 7217
0.060, 7216
0.060, 7215
0.060, 7214
0.060, 7213
0.060, 7212
0.060, 7211
0.060, 7210
0.060, 7209
0.060, 7208
0.060, 7207
0.060, 7206
0.060, 7205
0.060, 7204
0.060, 7203
0.060, 7202
0.060, 7201
0.060, 7200
0.060, 7199
0.060, 7198
0.060, 7197
0.060, 7196
0.060, 7195
0.060, 7194
0.060, 7193
0.060, 7192
0.060, 7191
0.060, 7190
0.060, 7189
0.060, 7188
0.060, 7187
0.060, 7186
0.060, 7185
0.060, 7184
0.060, 7183
0.060, 7182
0.060, 7181
0.060, 7180
0.060, 7179
0.060, 7178
0.060, 7177
0.060, 7176
0.060, 7175
0.060, 7174
0.060, 7173
0.060, 7172
0.060, 7171
0.060, 7170
0.060, 7169
0.060, 7168
0.060, 7167
0.060, 7166
0.060, 7165
0.060, 7164
0.060, 7163
0.060, 7162
0.060, 7161
0.060, 7160
0.060, 7159
0.060, 7158
0.060, 7157
0.060, 7156
0.060, 7155
0.060, 7154
0.060, 7153
0.060, 7152
0.061, 7151
0.061, 7150
0.061, 7149
0.061, 7148
0.061, 7147
0.061, 7146
0.061, 7145
0.061, 7144
0.061, 7143
0.061, 7142
0.061, 7141
0.061, 7140
0.061, 7139
0.061, 7138
0.061, 7137
0.061, 7136
0.061, 7135
0.061, 7134
0.061, 7133
0.061, 7132
0.061, 7131
0.061, 7130
0.061, 7129
0.061, 7128
0.061, 7127
0.061, 7126
0.061, 7125
0.061, 7124
0.061, 7123
0.061, 7122
0.061, 7121
0.061, 7120
0.061, 7119
0.061, 7118
0.061, 7117
0.061, 7116
0.061, 7115
0.061, 7114
0.061, 7113
0.061, 7112
0.061, 7111
0.061, 7110
0.061, 7109
0.061, 7108
0.061, 7107
0.061, 7106
0.061, 7105
0.062, 7104
0.062, 7103
0.062, 7102
0.062, 7101
0.062, 7100
0.062, 7099
0.062, 7098
0.062, 7097
0.062, 7096
0.062, 7095
0.062, 7094
0.062, 7093
0.062, 7092
0.062, 7091
0.062, 7090
0.062, 7089
0.062, 7088
0.062, 7087
0.062, 7086
0.062, 7085
0.062, 7084
0.062, 7083
0.062, 7082
0.062, 7081
0.062, 7080
0.062, 7079
0.062, 7078
0.062, 7077
0.062, 7076
0.062, 7075
0.062, 7074
0.062, 7073
0.062, 7072
0.062, 7071
0.062, 7070
0.062, 7069
0.062, 7068
0.062, 7067
0.062, 7066
0.062, 7065
0.062, 7064
0.062, 7063
0.062, 7062
0.062, 7061
0.063, 7060
0.063, 7059
0.063, 7058
0.063, 7057
0.063, 7056
0.063, 7055
0.063, 7054
0.063, 7053
0.063, 7052
0.063, 7051
0.063, 7050
0.063, 7049
0.063, 7048
0.063, 7047
0.063, 7046
0.063, 7045
0.063, 7044
0.063, 7043
0.063, 7042
0.063, 7041
0.063, 7040
0.063, 7039
0.063, 7038
0.063, 7037
0.063, 7036
0.063, 7035
0.063, 7034
0.063, 7033
0.063, 7032
0.063, 7031
0.063, 7030
0.063, 7029
0.063, 7028
0.063, 7027
0.063, 7026
0.063, 7025
0.063, 7024
0.063, 7023
0.063, 7022
0.063, 7021
0.063, 7020
0.063, 7019
0.063, 7018
0.063, 7017
0.063, 7016
0.063, 7015
0.063, 7014
0.063, 7013
0.063, 7012
0.063, 7011
0.063, 7010
0.063, 7009
0.063, 7008
0.063, 7007
0.063, 7006
0.063, 7005
0.063, 7004
0.063, 7003
0.063, 7002
0.063, 7001
0.063, 7000
0.063, 6999
0.063, 6998
0.063, 6997
0.063, 6996
0.063, 6995
0.063, 6994
0.064, 6993
0.064, 6992
0.064, 6991
0.064, 6990
0.064, 6989
0.064, 6988
0.064, 6987
0.064, 6986
0.064, 6985
0.064, 6984
0.064, 6983
0.064, 6982
0.064, 6981
0.064, 6980
0.064, 6979
0.064, 6978
0.064, 6977
0.064, 6976
0.064, 6975
0.064, 6974
0.064, 6973
0.064, 6972
0.064, 6971
0.064, 6970
0.064, 6969
0.064, 6968
0.064, 6967
0.064, 6966
0.064, 6965
0.064, 6964
0.064, 6963
0.064, 6962
0.064, 6961
0.064, 6960
0.064, 6959
0.064, 6958
0.064, 6957
0.064, 6956
0.064, 6955
0.064, 6954
0.064, 6953
0.064, 6952
0.064, 6951
0.064, 6950
0.064, 6949
0.064, 6948
0.064, 6947
0.064, 6946
0.064, 6945
0.064, 6944
0.064, 6943
0.064, 6942
0.064, 6941
0.064, 6940
0.064, 6939
0.064, 6938
0.065, 6937
0.065, 6936
0.065, 6935
0.065, 6934
0.065, 6933
0.065, 6932
0.065, 6931
0.065, 6930
0.065, 6929
0.065, 6928
0.065, 6927
0.065, 6926
0.065, 6925
0.065, 6924
0.065, 6923
0.065, 6922
0.065, 6921
0.065, 6920
0.065, 6919
0.065, 6918
0.065, 6917
0.065, 6916
0.065, 6915
0.065, 6914
0.065, 6913
0.065, 6912
0.065, 6911
0.065, 6910
0.065, 6909
0.065, 6908
0.065, 6907
0.065, 6906
0.065, 6905
0.065, 6904
0.065, 6903
0.065, 6902
0.065, 6901
0.065, 6900
0.065, 6899
0.065, 6898
0.065, 6897
0.065, 6896
0.065, 6895
0.065, 6894
0.065, 6893
0.065, 6892
0.065, 6891
0.065, 6890
0.065, 6889
0.065, 6888
0.065, 6887
0.065, 6886
0.065, 6885
0.065, 6884
0.065, 6883
0.065, 6882
0.065, 6881
0.065, 6880
0.065, 6879
0.065, 6878
0.065, 6877
0.065, 6876
0.065, 6875
0.065, 6874
0.065, 6873
0.065, 6872
0.065, 6871
0.065, 6870
0.065, 6869
0.065, 6868
0.065, 6867
0.065, 6866
0.065, 6865
0.065, 6864
0.065, 6863
0.065, 6862
0.065, 6861
0.065, 6860
0.065, 6859
0.065, 6858
0.065, 6857
0.065, 6856
0.065, 6855
0.065, 6854
0.065, 6853
0.065, 6852
0.065, 6851
0.065, 6850
0.065, 6849
0.065, 6848
0.065, 6847
0.065, 6846
0.066, 6845
0.066, 6844
0.066, 6843
0.066, 6842
0.066, 6841
0.066, 6840
0.066, 6839
0.066, 6838
0.066, 6837
0.066, 6836
0.066, 6835
0.066, 6834
0.066, 6833
0.066, 6832
0.066, 6831
0.066, 6830
0.066, 6829
0.066, 6828
0.066, 6827
0.066, 6826
0.066, 6825
0.066, 6824
0.066, 6823
0.066, 6822
0.066, 6821
0.066, 6820
0.066, 6819
0.066, 6818
0.066, 6817
0.066, 6816
0.066, 6815
0.066, 6814
0.066, 6813
0.066, 6812
0.066, 6811
0.066, 6810
0.066, 6809
0.066, 6808
0.066, 6807
0.066, 6806
0.066, 6805
0.066, 6804
0.066, 6803
0.066, 6802
0.066, 6801
0.066, 6800
0.066, 6799
0.066, 6798
0.066, 6797
0.066, 6796
0.066, 6795
0.066, 6794
0.066, 6793
0.066, 6792
0.066, 6791
0.066, 6790
0.066, 6789
0.066, 6788
0.066, 6787
0.066, 6786
0.066, 6785
0.066, 6784
0.066, 6783
0.066, 6782
0.066, 6781
0.066, 6780
0.066, 6779
0.066, 6778
0.066, 6777
0.066, 6776
0.066, 6775
0.066, 6774
0.066, 6773
0.066, 6772
0.066, 6771
0.066, 6770
0.066, 6769
0.066, 6768
0.066, 6767
0.066, 6766
0.066, 6765
0.066, 6764
0.066, 6763
0.066, 6762
0.066, 6761
0.066, 6760
0.066, 6759
0.066, 6758
0.066, 6757
0.066, 6756
0.066, 6755
0.066, 6754
0.066, 6753
0.066, 6752
0.066, 6751
0.066, 6750
0.067, 6749
0.067, 6748
0.067, 6747
0.067, 6746
0.067, 6745
0.067, 6744
0.067, 6743
0.067, 6742
0.067, 6741
0.067, 6740
0.067, 6739
0.067, 6738
0.067, 6737
0.067, 6736
0.067, 6735
0.067, 6734
0.067, 6733
0.067, 6732
0.067, 6731
0.067, 6730
0.067, 6729
0.067, 6728
0.067, 6727
0.067, 6726
0.067, 6725
0.067, 6724
0.067, 6723
0.067, 6722
0.067, 6721
0.067, 6720
0.067, 6719
0.067, 6718
0.067, 6717
0.067, 6716
0.067, 6715
0.067, 6714
0.067, 6713
0.067, 6712
0.067, 6711
0.067, 6710
0.067, 6709
0.067, 6708
0.067, 6707
0.067, 6706
0.067, 6705
0.067, 6704
0.067, 6703
0.067, 6702
0.067, 6701
0.067, 6700
0.067, 6699
0.067, 6698
0.067, 6697
0.067, 6696
0.067, 6695
0.067, 6694
0.067, 6693
0.067, 6692
0.067, 6691
0.067, 6690
0.067, 6689
0.067, 6688
0.067, 6687
0.067, 6686
0.067, 6685
0.067, 6684
0.067, 6683
0.067, 6682
0.067, 6681
0.067, 6680
0.067, 6679
0.067, 6678
0.068, 6677
0.068, 6676
0.068, 6675
0.068, 6674
0.068, 6673
0.068, 6672
0.068, 6671
0.068, 6670
0.068, 6669
0.068, 6668
0.068, 6667
0.068, 6666
0.068, 6665
0.068, 6664
0.068, 6663
0.068, 6662
0.068, 6661
0.068, 6660
0.068, 6659
0.068, 6658
0.068, 6657
0.068, 6656
0.068, 6655
0.068, 6654
0.068, 6653
0.068, 6652
0.068, 6651
0.068, 6650
0.068, 6649
0.068, 6648
0.068, 6647
0.068, 6646
0.068, 6645
0.068, 6644
0.068, 6643
0.068, 6642
0.068, 6641
0.068, 6640
0.068, 6639
0.068, 6638
0.068, 6637
0.068, 6636
0.068, 6635
0.068, 6634
0.068, 6633
0.068, 6632
0.068, 6631
0.068, 6630
0.068, 6629
0.068, 6628
0.068, 6627
0.068, 6626
0.068, 6625
0.068, 6624
0.068, 6623
0.068, 6622
0.068, 6621
0.068, 6620
0.068, 6619
0.068, 6618
0.068, 6617
0.068, 6616
0.068, 6615
0.068, 6614
0.068, 6613
0.068, 6612
0.068, 6611
0.068, 6610
0.068, 6609
0.068, 6608
0.069, 6607
0.069, 6606
0.069, 6605
0.069, 6604
0.069, 6603
0.069, 6602
0.069, 6601
0.069, 6600
0.069, 6599
0.069, 6598
0.069, 6597
0.069, 6596
0.069, 6595
0.069, 6594
0.069, 6593
0.069, 6592
0.069, 6591
0.069, 6590
0.069, 6589
0.069, 6588
0.069, 6587
0.069, 6586
0.069, 6585
0.069, 6584
0.069, 6583
0.069, 6582
0.069, 6581
0.069, 6580
0.069, 6579
0.069, 6578
0.069, 6577
0.069, 6576
0.069, 6575
0.069, 6574
0.069, 6573
0.069, 6572
0.069, 6571
0.069, 6570
0.069, 6569
0.069, 6568
0.069, 6567
0.069, 6566
0.069, 6565
0.069, 6564
0.069, 6563
0.069, 6562
0.069, 6561
0.069, 6560
0.069, 6559
0.069, 6558
0.069, 6557
0.069, 6556
0.069, 6555
0.069, 6554
0.069, 6553
0.069, 6552
0.069, 6551
0.069, 6550
0.069, 6549
0.069, 6548
0.069, 6547
0.069, 6546
0.069, 6545
0.069, 6544
0.070, 6543
0.070, 6542
0.070, 6541
0.070, 6540
0.070, 6539
0.070, 6538
0.070, 6537
0.070, 6536
0.070, 6535
0.070, 6534
0.070, 6533
0.070, 6532
0.070, 6531
0.070, 6530
0.070, 6529
0.070, 6528
0.070, 6527
0.070, 6526
0.070, 6525
0.070, 6524
0.070, 6523
0.070, 6522
0.070, 6521
0.070, 6520
0.070, 6519
0.070, 6518
0.070, 6517
0.070, 6516
0.070, 6515
0.070, 6514
0.070, 6513
0.070, 6512
0.070, 6511
0.070, 6510
0.070, 6509
0.070, 6508
0.070, 6507
0.070, 6506
0.070, 6505
0.070, 6504
0.070, 6503
0.070, 6502
0.070, 6501
0.070, 6500
0.070, 6499
0.070, 6498
0.070, 6497
0.070, 6496
0.070, 6495
0.070, 6494
0.070, 6493
0.070, 6492
0.070, 6491
0.070, 6490
0.070, 6489
0.070, 6488
0.070, 6487
0.070, 6486
0.070, 6485
0.070, 6484
0.070, 6483
0.070, 6482
0.070, 6481
0.070, 6480
0.070, 6479
0.070, 6478
0.070, 6477
0.070, 6476
0.070, 6475
0.070, 6474
0.070, 6473
0.070, 6472
0.070, 6471
0.070, 6470
0.070, 6469
0.070, 6468
0.070, 6467
0.070, 6466
0.070, 6465
0.070, 6464
0.070, 6463
0.070, 6462
0.070, 6461
0.070, 6460
0.070, 6459
0.070, 6458
0.070, 6457
0.071, 6456
0.071, 6455
0.071, 6454
0.071, 6453
0.071, 6452
0.071, 6451
0.071, 6450
0.071, 6449
0.071, 6448
0.071, 6447
0.071, 6446
0.071, 6445
0.071, 6444
0.071, 6443
0.071, 6442
0.071, 6441
0.071, 6440
0.071, 6439
0.071, 6438
0.071, 6437
0.071, 6436
0.071, 6435
0.071, 6434
0.071, 6433
0.071, 6432
0.071, 6431
0.071, 6430
0.071, 6429
0.071, 6428
0.071, 6427
0.071, 6426
0.071, 6425
0.071, 6424
0.071, 6423
0.071, 6422
0.071, 6421
0.071, 6420
0.071, 6419
0.071, 6418
0.071, 6417
0.071, 6416
0.071, 6415
0.071, 6414
0.071, 6413
0.071, 6412
0.071, 6411
0.071, 6410
0.071, 6409
0.071, 6408
0.071, 6407
0.071, 6406
0.071, 6405
0.071, 6404
0.071, 6403
0.071, 6402
0.071, 6401
0.071, 6400
0.071, 6399
0.071, 6398
0.071, 6397
0.071, 6396
0.071, 6395
0.071, 6394
0.071, 6393
0.071, 6392
0.071, 6391
0.071, 6390
0.071, 6389
0.071, 6388
0.071, 6387
0.071, 6386
0.071, 6385
0.071, 6384
0.071, 6383
0.072, 6382
0.072, 6381
0.072, 6380
0.072, 6379
0.072, 6378
0.072, 6377
0.072, 6376
0.072, 6375
0.072, 6374
0.072, 6373
0.072, 6372
0.072, 6371
0.072, 6370
0.072, 6369
0.072, 6368
0.072, 6367
0.072, 6366
0.072, 6365
0.072, 6364
0.072, 6363
0.072, 6362
0.072, 6361
0.072, 6360
0.072, 6359
0.072, 6358
0.072, 6357
0.072, 6356
0.072, 6355
0.072, 6354
0.072, 6353
0.072, 6352
0.072, 6351
0.072, 6350
0.072, 6349
0.072, 6348
0.072, 6347
0.072, 6346
0.072, 6345
0.072, 6344
0.072, 6343
0.072, 6342
0.072, 6341
0.072, 6340
0.072, 6339
0.072, 6338
0.072, 6337
0.072, 6336
0.072, 6335
0.072, 6334
0.072, 6333
0.072, 6332
0.072, 6331
0.072, 6330
0.072, 6329
0.072, 6328
0.072, 6327
0.072, 6326
0.072, 6325
0.072, 6324
0.072, 6323
0.072, 6322
0.072, 6321
0.072, 6320
0.072, 6319
0.072, 6318
0.072, 6317
0.072, 6316
0.072, 6315
0.072, 6314
0.072, 6313
0.072, 6312
0.073, 6311
0.073, 6310
0.073, 6309
0.073, 6308
0.073, 6307
0.073, 6306
0.073, 6305
0.073, 6304
0.073, 6303
0.073, 6302
0.073, 6301
0.073, 6300
0.073, 6299
0.073, 6298
0.073, 6297
0.073, 6296
0.073, 6295
0.073, 6294
0.073, 6293
0.073, 6292
0.073, 6291
0.073, 6290
0.073, 6289
0.073, 6288
0.073, 6287
0.073, 6286
0.073, 6285
0.073, 6284
0.073, 6283
0.073, 6282
0.073, 6281
0.073, 6280
0.073, 6279
0.073, 6278
0.073, 6277
0.073, 6276
0.073, 6275
0.073, 6274
0.073, 6273
0.073, 6272
0.073, 6271
0.073, 6270
0.073, 6269
0.073, 6268
0.073, 6267
0.073, 6266
0.073, 6265
0.073, 6264
0.073, 6263
0.073, 6262
0.073, 6261
0.073, 6260
0.073, 6259
0.073, 6258
0.073, 6257
0.073, 6256
0.073, 6255
0.073, 6254
0.073, 6253
0.073, 6252
0.073, 6251
0.073, 6250
0.073, 6249
0.073, 6248
0.073, 6247
0.073, 6246
0.073, 6245
0.073, 6244
0.073, 6243
0.073, 6242
0.073, 6241
0.074, 6240
0.074, 6239
0.074, 6238
0.074, 6237
0.074, 6236
0.074, 6235
0.074, 6234
0.074, 6233
0.074, 6232
0.074, 6231
0.074, 6230
0.074, 6229
0.074, 6228
0.074, 6227
0.074, 6226
0.074, 6225
0.074, 6224
0.074, 6223
0.074, 6222
0.074, 6221
0.074, 6220
0.074, 6219
0.074, 6218
0.074, 6217
0.074, 6216
0.074, 6215
0.074, 6214
0.074, 6213
0.074, 6212
0.074, 6211
0.074, 6210
0.074, 6209
0.074, 6208
0.074, 6207
0.074, 6206
0.074, 6205
0.074, 6204
0.074, 6203
0.074, 6202
0.074, 6201
0.074, 6200
0.074, 6199
0.074, 6198
0.074, 6197
0.074, 6196
0.074, 6195
0.074, 6194
0.074, 6193
0.074, 6192
0.074, 6191
0.074, 6190
0.074, 6189
0.074, 6188
0.074, 6187
0.074, 6186
0.074, 6185
0.074, 6184
0.074, 6183
0.074, 6182
0.074, 6181
0.074, 6180
0.074, 6179
0.074, 6178
0.074, 6177
0.074, 6176
0.074, 6175
0.074, 6174
0.074, 6173
0.074, 6172
0.074, 6171
0.074, 6170
0.074, 6169
0.074, 6168
0.074, 6167
0.074, 6166
0.074, 6165
0.074, 6164
0.074, 6163
0.074, 6162
0.074, 6161
0.074, 6160
0.074, 6159
0.074, 6158
0.074, 6157
0.074, 6156
0.074, 6155
0.074, 6154
0.074, 6153
0.074, 6152
0.074, 6151
0.074, 6150
0.074, 6149
0.074, 6148
0.074, 6147
0.074, 6146
0.074, 6145
0.074, 6144
0.074, 6143
0.074, 6142
0.074, 6141
0.074, 6140
0.075, 6139
0.075, 6138
0.075, 6137
0.075, 6136
0.075, 6135
0.075, 6134
0.075, 6133
0.075, 6132
0.075, 6131
0.075, 6130
0.075, 6129
0.075, 6128
0.075, 6127
0.075, 6126
0.075, 6125
0.075, 6124
0.075, 6123
0.075, 6122
0.075, 6121
0.075, 6120
0.075, 6119
0.075, 6118
0.075, 6117
0.075, 6116
0.075, 6115
0.075, 6114
0.075, 6113
0.075, 6112
0.075, 6111
0.075, 6110
0.075, 6109
0.075, 6108
0.075, 6107
0.075, 6106
0.075, 6105
0.075, 6104
0.075, 6103
0.075, 6102
0.075, 6101
0.075, 6100
0.075, 6099
0.075, 6098
0.075, 6097
0.075, 6096
0.075, 6095
0.075, 6094
0.075, 6093
0.075, 6092
0.075, 6091
0.075, 6090
0.075, 6089
0.075, 6088
0.075, 6087
0.075, 6086
0.075, 6085
0.075, 6084
0.075, 6083
0.075, 6082
0.075, 6081
0.075, 6080
0.075, 6079
0.075, 6078
0.075, 6077
0.075, 6076
0.075, 6075
0.075, 6074
0.075, 6073
0.075, 6072
0.075, 6071
0.075, 6070
0.075, 6069
0.075, 6068
0.075, 6067
0.075, 6066
0.075, 6065
0.075, 6064
0.075, 6063
0.075, 6062
0.075, 6061
0.075, 6060
0.075, 6059
0.075, 6058
0.075, 6057
0.075, 6056
0.075, 6055
0.075, 6054
0.075, 6053
0.075, 6052
0.075, 6051
0.075, 6050
0.075, 6049
0.075, 6048
0.075, 6047
0.075, 6046
0.075, 6045
0.075, 6044
0.075, 6043
0.075, 6042
0.075, 6041
0.075, 6040
0.075, 6039
0.075, 6038
0.075, 6037
0.075, 6036
0.075, 6035
0.076, 6034
0.076, 6033
0.076, 6032
0.076, 6031
0.076, 6030
0.076, 6029
0.076, 6028
0.076, 6027
0.076, 6026
0.076, 6025
0.076, 6024
0.076, 6023
0.076, 6022
0.076, 6021
0.076, 6020
0.076, 6019
0.076, 6018
0.076, 6017
0.076, 6016
0.076, 6015
0.076, 6014
0.076, 6013
0.076, 6012
0.076, 6011
0.076, 6010
0.076, 6009
0.076, 6008
0.076, 6007
0.076, 6006
0.076, 6005
0.076, 6004
0.076, 6003
0.076, 6002
0.076, 6001
0.076, 6000
0.076, 5999
0.076, 5998
0.076, 5997
0.076, 5996
0.076, 5995
0.076, 5994
0.076, 5993
0.076, 5992
0.076, 5991
0.076, 5990
0.076, 5989
0.076, 5988
0.076, 5987
0.076, 5986
0.076, 5985
0.076, 5984
0.076, 5983
0.076, 5982
0.076, 5981
0.076, 5980
0.076, 5979
0.076, 5978
0.076, 5977
0.076, 5976
0.076, 5975
0.076, 5974
0.076, 5973
0.076, 5972
0.076, 5971
0.076, 5970
0.076, 5969
0.076, 5968
0.076, 5967
0.076, 5966
0.076, 5965
0.076, 5964
0.076, 5963
0.076, 5962
0.076, 5961
0.076, 5960
0.076, 5959
0.076, 5958
0.076, 5957
0.076, 5956
0.076, 5955
0.076, 5954
0.076, 5953
0.076, 5952
0.076, 5951
0.076, 5950
0.076, 5949
0.076, 5948
0.076, 5947
0.076, 5946
0.076, 5945
0.076, 5944
0.076, 5943
0.076, 5942
0.076, 5941
0.076, 5940
0.076, 5939
0.076, 5938
0.076, 5937
0.076, 5936
0.076, 5935
0.076, 5934
0.076, 5933
0.076, 5932
0.076, 5931
0.076, 5930
0.076, 5929
0.076, 5928
0.076, 5927
0.076, 5926
0.076, 5925
0.076, 5924
0.076, 5923
0.076, 5922
0.077, 5921
0.077, 5920
0.077, 5919
0.077, 5918
0.077, 5917
0.077, 5916
0.077, 5915
0.077, 5914
0.077, 5913
0.077, 5912
0.077, 5911
0.077, 5910
0.077, 5909
0.077, 5908
0.077, 5907
0.077, 5906
0.077, 5905
0.077, 5904
0.077, 5903
0.077, 5902
0.077, 5901
0.077, 5900
0.077, 5899
0.077, 5898
0.077, 5897
0.077, 5896
0.077, 5895
0.077, 5894
0.077, 5893
0.077, 5892
0.077, 5891
0.077, 5890
0.077, 5889
0.077, 5888
0.077, 5887
0.077, 5886
0.077, 5885
0.077, 5884
0.077, 5883
0.077, 5882
0.077, 5881
0.077, 5880
0.077, 5879
0.077, 5878
0.077, 5877
0.077, 5876
0.077, 5875
0.077, 5874
0.077, 5873
0.077, 5872
0.077, 5871
0.077, 5870
0.077, 5869
0.077, 5868
0.077, 5867
0.077, 5866
0.077, 5865
0.077, 5864
0.077, 5863
0.077, 5862
0.077, 5861
0.077, 5860
0.077, 5859
0.077, 5858
0.077, 5857
0.077, 5856
0.077, 5855
0.077, 5854
0.077, 5853
0.077, 5852
0.077, 5851
0.077, 5850
0.077, 5849
0.077, 5848
0.077, 5847
0.077, 5846
0.077, 5845
0.077, 5844
0.077, 5843
0.077, 5842
0.077, 5841
0.077, 5840
0.077, 5839
0.077, 5838
0.077, 5837
0.077, 5836
0.077, 5835
0.077, 5834
0.077, 5833
0.077, 5832
0.077, 5831
0.077, 5830
0.077, 5829
0.077, 5828
0.077, 5827
0.077, 5826
0.077, 5825
0.077, 5824
0.077, 5823
0.077, 5822
0.078, 5821
0.078, 5820
0.078, 5819
0.078, 5818
0.078, 5817
0.078, 5816
0.078, 5815
0.078, 5814
0.078, 5813
0.078, 5812
0.078, 5811
0.078, 5810
0.078, 5809
0.078, 5808
0.078, 5807
0.078, 5806
0.078, 5805
0.078, 5804
0.078, 5803
0.078, 5802
0.078, 5801
0.078, 5800
0.078, 5799
0.078, 5798
0.078, 5797
0.078, 5796
0.078, 5795
0.078, 5794
0.078, 5793
0.078, 5792
0.078, 5791
0.078, 5790
0.078, 5789
0.078, 5788
0.078, 5787
0.078, 5786
0.078, 5785
0.078, 5784
0.078, 5783
0.078, 5782
0.078, 5781
0.078, 5780
0.078, 5779
0.078, 5778
0.078, 5777
0.078, 5776
0.078, 5775
0.078, 5774
0.078, 5773
0.078, 5772
0.078, 5771
0.078, 5770
0.078, 5769
0.078, 5768
0.078, 5767
0.078, 5766
0.078, 5765
0.078, 5764
0.078, 5763
0.078, 5762
0.078, 5761
0.078, 5760
0.078, 5759
0.078, 5758
0.078, 5757
0.078, 5756
0.078, 5755
0.078, 5754
0.078, 5753
0.078, 5752
0.078, 5751
0.078, 5750
0.078, 5749
0.078, 5748
0.078, 5747
0.078, 5746
0.078, 5745
0.078, 5744
0.078, 5743
0.078, 5742
0.078, 5741
0.078, 5740
0.078, 5739
0.078, 5738
0.078, 5737
0.078, 5736
0.078, 5735
0.078, 5734
0.078, 5733
0.078, 5732
0.078, 5731
0.078, 5730
0.078, 5729
0.079, 5728
0.079, 5727
0.079, 5726
0.079, 5725
0.079, 5724
0.079, 5723
0.079, 5722
0.079, 5721
0.079, 5720
0.079, 5719
0.079, 5718
0.079, 5717
0.079, 5716
0.079, 5715
0.079, 5714
0.079, 5713
0.079, 5712
0.079, 5711
0.079, 5710
0.079, 5709
0.079, 5708
0.079, 5707
0.079, 5706
0.079, 5705
0.079, 5704
0.079, 5703
0.079, 5702
0.079, 5701
0.079, 5700
0.079, 5699
0.079, 5698
0.079, 5697
0.079, 5696
0.079, 5695
0.079, 5694
0.079, 5693
0.079, 5692
0.079, 5691
0.079, 5690
0.079, 5689
0.079, 5688
0.079, 5687
0.079, 5686
0.079, 5685
0.079, 5684
0.079, 5683
0.079, 5682
0.079, 5681
0.079, 5680
0.079, 5679
0.079, 5678
0.079, 5677
0.079, 5676
0.079, 5675
0.079, 5674
0.079, 5673
0.079, 5672
0.079, 5671
0.079, 5670
0.079, 5669
0.079, 5668
0.079, 5667
0.079, 5666
0.079, 5665
0.079, 5664
0.079, 5663
0.079, 5662
0.079, 5661
0.079, 5660
0.079, 5659
0.079, 5658
0.079, 5657
0.079, 5656
0.079, 5655
0.079, 5654
0.079, 5653
0.079, 5652
0.079, 5651
0.079, 5650
0.079, 5649
0.079, 5648
0.079, 5647
0.079, 5646
0.079, 5645
0.079, 5644
0.079, 5643
0.079, 5642
0.079, 5641
0.079, 5640
0.079, 5639
0.079, 5638
0.079, 5637
0.079, 5636
0.079, 5635
0.079, 5634
0.079, 5633
0.079, 5632
0.079, 5631
0.079, 5630
0.079, 5629
0.080, 5628
0.080, 5627
0.080, 5626
0.080, 5625
0.080, 5624
0.080, 5623
0.080, 5622
0.080, 5621
0.080, 5620
0.080, 5619
0.080, 5618
0.080, 5617
0.080, 5616
0.080, 5615
0.080, 5614
0.080, 5613
0.080, 5612
0.080, 5611
0.080, 5610
0.080, 5609
0.080, 5608
0.080, 5607
0.080, 5606
0.080, 5605
0.080, 5604
0.080, 5603
0.080, 5602
0.080, 5601
0.080, 5600
0.080, 5599
0.080, 5598
0.080, 5597
0.080, 5596
0.080, 5595
0.080, 5594
0.080, 5593
0.080, 5592
0.080, 5591
0.080, 5590
0.080, 5589
0.080, 5588
0.080, 5587
0.080, 5586
0.080, 5585
0.080, 5584
0.080, 5583
0.080, 5582
0.080, 5581
0.080, 5580
0.080, 5579
0.080, 5578
0.080, 5577
0.080, 5576
0.080, 5575
0.080, 5574
0.080, 5573
0.080, 5572
0.080, 5571
0.080, 5570
0.080, 5569
0.080, 5568
0.080, 5567
0.080, 5566
0.080, 5565
0.080, 5564
0.080, 5563
0.080, 5562
0.080, 5561
0.080, 5560
0.080, 5559
0.080, 5558
0.080, 5557
0.080, 5556
0.080, 5555
0.080, 5554
0.080, 5553
0.080, 5552
0.080, 5551
0.080, 5550
0.081, 5549
0.081, 5548
0.081, 5547
0.081, 5546
0.081, 5545
0.081, 5544
0.081, 5543
0.081, 5542
0.081, 5541
0.081, 5540
0.081, 5539
0.081, 5538
0.081, 5537
0.081, 5536
0.081, 5535
0.081, 5534
0.081, 5533
0.081, 5532
0.081, 5531
0.081, 5530
0.081, 5529
0.081, 5528
0.081, 5527
0.081, 5526
0.081, 5525
0.081, 5524
0.081, 5523
0.081, 5522
0.081, 5521
0.081, 5520
0.081, 5519
0.081, 5518
0.081, 5517
0.081, 5516
0.081, 5515
0.081, 5514
0.081, 5513
0.081, 5512
0.081, 5511
0.081, 5510
0.081, 5509
0.081, 5508
0.081, 5507
0.081, 5506
0.081, 5505
0.081, 5504
0.081, 5503
0.081, 5502
0.081, 5501
0.081, 5500
0.081, 5499
0.081, 5498
0.081, 5497
0.081, 5496
0.081, 5495
0.081, 5494
0.081, 5493
0.081, 5492
0.081, 5491
0.081, 5490
0.081, 5489
0.081, 5488
0.081, 5487
0.081, 5486
0.081, 5485
0.081, 5484
0.081, 5483
0.081, 5482
0.081, 5481
0.081, 5480
0.081, 5479
0.081, 5478
0.081, 5477
0.081, 5476
0.081, 5475
0.081, 5474
0.081, 5473
0.081, 5472
0.081, 5471
0.081, 5470
0.081, 5469
0.081, 5468
0.081, 5467
0.081, 5466
0.081, 5465
0.081, 5464
0.081, 5463
0.081, 5462
0.081, 5461
0.082, 5460
0.082, 5459
0.082, 5458
0.082, 5457
0.082, 5456
0.082, 5455
0.082, 5454
0.082, 5453
0.082, 5452
0.082, 5451
0.082, 5450
0.082, 5449
0.082, 5448
0.082, 5447
0.082, 5446
0.082, 5445
0.082, 5444
0.082, 5443
0.082, 5442
0.082, 5441
0.082, 5440
0.082, 5439
0.082, 5438
0.082, 5437
0.082, 5436
0.082, 5435
0.082, 5434
0.082, 5433
0.082, 5432
0.082, 5431
0.082, 5430
0.082, 5429
0.082, 5428
0.082, 5427
0.082, 5426
0.082, 5425
0.082, 5424
0.082, 5423
0.082, 5422
0.082, 5421
0.082, 5420
0.082, 5419
0.082, 5418
0.082, 5417
0.082, 5416
0.082, 5415
0.082, 5414
0.082, 5413
0.082, 5412
0.082, 5411
0.082, 5410
0.082, 5409
0.082, 5408
0.082, 5407
0.082, 5406
0.082, 5405
0.082, 5404
0.082, 5403
0.082, 5402
0.082, 5401
0.082, 5400
0.082, 5399
0.082, 5398
0.082, 5397
0.082, 5396
0.082, 5395
0.082, 5394
0.082, 5393
0.082, 5392
0.082, 5391
0.082, 5390
0.082, 5389
0.082, 5388
0.082, 5387
0.082, 5386
0.082, 5385
0.082, 5384
0.082, 5383
0.082, 5382
0.082, 5381
0.082, 5380
0.082, 5379
0.082, 5378
0.082, 5377
0.082, 5376
0.082, 5375
0.082, 5374
0.082, 5373
0.082, 5372
0.082, 5371
0.082, 5370
0.082, 5369
0.082, 5368
0.082, 5367
0.082, 5366
0.082, 5365
0.082, 5364
0.082, 5363
0.083, 5362
0.083, 5361
0.083, 5360
0.083, 5359
0.083, 5358
0.083, 5357
0.083, 5356
0.083, 5355
0.083, 5354
0.083, 5353
0.083, 5352
0.083, 5351
0.083, 5350
0.083, 5349
0.083, 5348
0.083, 5347
0.083, 5346
0.083, 5345
0.083, 5344
0.083, 5343
0.083, 5342
0.083, 5341
0.083, 5340
0.083, 5339
0.083, 5338
0.083, 5337
0.083, 5336
0.083, 5335
0.083, 5334
0.083, 5333
0.083, 5332
0.083, 5331
0.083, 5330
0.083, 5329
0.083, 5328
0.083, 5327
0.083, 5326
0.083, 5325
0.083, 5324
0.083, 5323
0.083, 5322
0.083, 5321
0.083, 5320
0.083, 5319
0.083, 5318
0.083, 5317
0.083, 5316
0.083, 5315
0.083, 5314
0.083, 5313
0.083, 5312
0.083, 5311
0.083, 5310
0.083, 5309
0.083, 5308
0.083, 5307
0.083, 5306
0.083, 5305
0.083, 5304
0.083, 5303
0.083, 5302
0.083, 5301
0.083, 5300
0.083, 5299
0.083, 5298
0.083, 5297
0.083, 5296
0.083, 5295
0.083, 5294
0.083, 5293
0.083, 5292
0.083, 5291
0.083, 5290
0.083, 5289
0.083, 5288
0.083, 5287
0.083, 5286
0.083, 5285
0.083, 5284
0.083, 5283
0.083, 5282
0.083, 5281
0.083, 5280
0.083, 5279
0.083, 5278
0.083, 5277
0.083, 5276
0.083, 5275
0.083, 5274
0.083, 5273
0.083, 5272
0.083, 5271
0.083, 5270
0.083, 5269
0.083, 5268
0.084, 5267
0.084, 5266
0.084, 5265
0.084, 5264
0.084, 5263
0.084, 5262
0.084, 5261
0.084, 5260
0.084, 5259
0.084, 5258
0.084, 5257
0.084, 5256
0.084, 5255
0.084, 5254
0.084, 5253
0.084, 5252
0.084, 5251
0.084, 5250
0.084, 5249
0.084, 5248
0.084, 5247
0.084, 5246
0.084, 5245
0.084, 5244
0.084, 5243
0.084, 5242
0.084, 5241
0.084, 5240
0.084, 5239
0.084, 5238
0.084, 5237
0.084, 5236
0.084, 5235
0.084, 5234
0.084, 5233
0.084, 5232
0.084, 5231
0.084, 5230
0.084, 5229
0.084, 5228
0.084, 5227
0.084, 5226
0.084, 5225
0.084, 5224
0.084, 5223
0.084, 5222
0.084, 5221
0.084, 5220
0.084, 5219
0.084, 5218
0.084, 5217
0.084, 5216
0.084, 5215
0.084, 5214
0.084, 5213
0.084, 5212
0.084, 5211
0.084, 5210
0.084, 5209
0.084, 5208
0.084, 5207
0.084, 5206
0.084, 5205
0.084, 5204
0.084, 5203
0.084, 5202
0.084, 5201
0.084, 5200
0.084, 5199
0.084, 5198
0.084, 5197
0.084, 5196
0.084, 5195
0.084, 5194
0.084, 5193
0.084, 5192
0.084, 5191
0.084, 5190
0.084, 5189
0.084, 5188
0.084, 5187
0.084, 5186
0.084, 5185
0.084, 5184
0.084, 5183
0.084, 5182
0.084, 5181
0.084, 5180
0.084, 5179
0.084, 5178
0.084, 5177
0.084, 5176
0.084, 5175
0.084, 5174
0.084, 5173
0.084, 5172
0.084, 5171
0.084, 5170
0.084, 5169
0.084, 5168
0.084, 5167
0.084, 5166
0.084, 5165
0.084, 5164
0.084, 5163
0.084, 5162
0.084, 5161
0.084, 5160
0.084, 5159
0.084, 5158
0.084, 5157
0.084, 5156
0.084, 5155
0.084, 5154
0.084, 5153
0.084, 5152
0.084, 5151
0.084, 5150
0.084, 5149
0.084, 5148
0.084, 5147
0.084, 5146
0.084, 5145
0.084, 5144
0.084, 5143
0.084, 5142
0.084, 5141
0.084, 5140
0.084, 5139
0.084, 5138
0.084, 5137
0.084, 5136
0.084, 5135
0.084, 5134
0.084, 5133
0.084, 5132
0.084, 5131
0.084, 5130
0.085, 5129
0.085, 5128
0.085, 5127
0.085, 5126
0.085, 5125
0.085, 5124
0.085, 5123
0.085, 5122
0.085, 5121
0.085, 5120
0.085, 5119
0.085, 5118
0.085, 5117
0.085, 5116
0.085, 5115
0.085, 5114
0.085, 5113
0.085, 5112
0.085, 5111
0.085, 5110
0.085, 5109
0.085, 5108
0.085, 5107
0.085, 5106
0.085, 5105
0.085, 5104
0.085, 5103
0.085, 5102
0.085, 5101
0.085, 5100
0.085, 5099
0.085, 5098
0.085, 5097
0.085, 5096
0.085, 5095
0.085, 5094
0.085, 5093
0.085, 5092
0.085, 5091
0.085, 5090
0.085, 5089
0.085, 5088
0.085, 5087
0.085, 5086
0.085, 5085
0.085, 5084
0.085, 5083
0.085, 5082
0.085, 5081
0.085, 5080
0.085, 5079
0.085, 5078
0.085, 5077
0.085, 5076
0.085, 5075
0.085, 5074
0.085, 5073
0.085, 5072
0.085, 5071
0.085, 5070
0.085, 5069
0.085, 5068
0.085, 5067
0.085, 5066
0.085, 5065
0.085, 5064
0.085, 5063
0.085, 5062
0.085, 5061
0.085, 5060
0.085, 5059
0.085, 5058
0.085, 5057
0.085, 5056
0.085, 5055
0.085, 5054
0.085, 5053
0.085, 5052
0.085, 5051
0.085, 5050
0.085, 5049
0.085, 5048
0.085, 5047
0.085, 5046
0.085, 5045
0.085, 5044
0.085, 5043
0.085, 5042
0.085, 5041
0.085, 5040
0.085, 5039
0.085, 5038
0.085, 5037
0.085, 5036
0.085, 5035
0.085, 5034
0.085, 5033
0.085, 5032
0.085, 5031
0.085, 5030
0.085, 5029
0.085, 5028
0.085, 5027
0.085, 5026
0.085, 5025
0.085, 5024
0.085, 5023
0.085, 5022
0.085, 5021
0.085, 5020
0.085, 5019
0.085, 5018
0.085, 5017
0.085, 5016
0.085, 5015
0.085, 5014
0.085, 5013
0.085, 5012
0.085, 5011
0.085, 5010
0.086, 5009
0.086, 5008
0.086, 5007
0.086, 5006
0.086, 5005
0.086, 5004
0.086, 5003
0.086, 5002
0.086, 5001
0.086, 5000
0.086, 4999
0.086, 4998
0.086, 4997
0.086, 4996
0.086, 4995
0.086, 4994
0.086, 4993
0.086, 4992
0.086, 4991
0.086, 4990
0.086, 4989
0.086, 4988
0.086, 4987
0.086, 4986
0.086, 4985
0.086, 4984
0.086, 4983
0.086, 4982
0.086, 4981
0.086, 4980
0.086, 4979
0.086, 4978
0.086, 4977
0.086, 4976
0.086, 4975
0.086, 4974
0.086, 4973
0.086, 4972
0.086, 4971
0.086, 4970
0.086, 4969
0.086, 4968
0.086, 4967
0.086, 4966
0.086, 4965
0.086, 4964
0.086, 4963
0.086, 4962
0.086, 4961
0.086, 4960
0.086, 4959
0.086, 4958
0.086, 4957
0.086, 4956
0.086, 4955
0.086, 4954
0.086, 4953
0.086, 4952
0.086, 4951
0.086, 4950
0.086, 4949
0.086, 4948
0.086, 4947
0.086, 4946
0.087, 4945
0.087, 4944
0.087, 4943
0.087, 4942
0.087, 4941
0.087, 4940
0.087, 4939
0.087, 4938
0.087, 4937
0.087, 4936
0.087, 4935
0.087, 4934
0.087, 4933
0.087, 4932
0.087, 4931
0.087, 4930
0.087, 4929
0.087, 4928
0.087, 4927
0.087, 4926
0.087, 4925
0.087, 4924
0.087, 4923
0.087, 4922
0.087, 4921
0.087, 4920
0.087, 4919
0.087, 4918
0.087, 4917
0.087, 4916
0.087, 4915
0.087, 4914
0.087, 4913
0.087, 4912
0.087, 4911
0.087, 4910
0.087, 4909
0.087, 4908
0.087, 4907
0.087, 4906
0.087, 4905
0.087, 4904
0.087, 4903
0.087, 4902
0.087, 4901
0.087, 4900
0.087, 4899
0.087, 4898
0.087, 4897
0.087, 4896
0.087, 4895
0.087, 4894
0.087, 4893
0.087, 4892
0.087, 4891
0.087, 4890
0.087, 4889
0.087, 4888
0.087, 4887
0.087, 4886
0.087, 4885
0.087, 4884
0.087, 4883
0.087, 4882
0.087, 4881
0.087, 4880
0.087, 4879
0.087, 4878
0.087, 4877
0.087, 4876
0.087, 4875
0.087, 4874
0.087, 4873
0.087, 4872
0.087, 4871
0.087, 4870
0.088, 4869
0.088, 4868
0.088, 4867
0.088, 4866
0.088, 4865
0.088, 4864
0.088, 4863
0.088, 4862
0.088, 4861
0.088, 4860
0.088, 4859
0.088, 4858
0.088, 4857
0.088, 4856
0.088, 4855
0.088, 4854
0.088, 4853
0.088, 4852
0.088, 4851
0.088, 4850
0.088, 4849
0.088, 4848
0.088, 4847
0.088, 4846
0.088, 4845
0.088, 4844
0.088, 4843
0.088, 4842
0.088, 4841
0.088, 4840
0.088, 4839
0.088, 4838
0.088, 4837
0.088, 4836
0.088, 4835
0.088, 4834
0.088, 4833
0.088, 4832
0.088, 4831
0.088, 4830
0.088, 4829
0.088, 4828
0.088, 4827
0.088, 4826
0.088, 4825
0.088, 4824
0.088, 4823
0.088, 4822
0.088, 4821
0.088, 4820
0.088, 4819
0.088, 4818
0.088, 4817
0.088, 4816
0.088, 4815
0.088, 4814
0.088, 4813
0.088, 4812
0.088, 4811
0.088, 4810
0.088, 4809
0.088, 4808
0.088, 4807
0.088, 4806
0.088, 4805
0.088, 4804
0.088, 4803
0.088, 4802
0.088, 4801
0.088, 4800
0.088, 4799
0.088, 4798
0.088, 4797
0.088, 4796
0.088, 4795
0.088, 4794
0.088, 4793
0.088, 4792
0.088, 4791
0.088, 4790
0.088, 4789
0.088, 4788
0.088, 4787
0.088, 4786
0.088, 4785
0.088, 4784
0.088, 4783
0.088, 4782
0.088, 4781
0.088, 4780
0.088, 4779
0.088, 4778
0.088, 4777
0.088, 4776
0.088, 4775
0.088, 4774
0.088, 4773
0.088, 4772
0.088, 4771
0.088, 4770
0.088, 4769
0.088, 4768
0.088, 4767
0.088, 4766
0.088, 4765
0.088, 4764
0.088, 4763
0.088, 4762
0.088, 4761
0.088, 4760
0.088, 4759
0.088, 4758
0.089, 4757
0.089, 4756
0.089, 4755
0.089, 4754
0.089, 4753
0.089, 4752
0.089, 4751
0.089, 4750
0.089, 4749
0.089, 4748
0.089, 4747
0.089, 4746
0.089, 4745
0.089, 4744
0.089, 4743
0.089, 4742
0.089, 4741
0.089, 4740
0.089, 4739
0.089, 4738
0.089, 4737
0.089, 4736
0.089, 4735
0.089, 4734
0.089, 4733
0.089, 4732
0.089, 4731
0.089, 4730
0.089, 4729
0.089, 4728
0.089, 4727
0.089, 4726
0.089, 4725
0.089, 4724
0.089, 4723
0.089, 4722
0.089, 4721
0.089, 4720
0.089, 4719
0.089, 4718
0.089, 4717
0.089, 4716
0.089, 4715
0.089, 4714
0.089, 4713
0.089, 4712
0.089, 4711
0.089, 4710
0.089, 4709
0.089, 4708
0.089, 4707
0.089, 4706
0.089, 4705
0.089, 4704
0.089, 4703
0.089, 4702
0.089, 4701
0.089, 4700
0.089, 4699
0.089, 4698
0.089, 4697
0.089, 4696
0.089, 4695
0.089, 4694
0.089, 4693
0.089, 4692
0.089, 4691
0.089, 4690
0.089, 4689
0.089, 4688
0.089, 4687
0.089, 4686
0.089, 4685
0.089, 4684
0.089, 4683
0.089, 4682
0.089, 4681
0.089, 4680
0.089, 4679
0.089, 4678
0.089, 4677
0.089, 4676
0.089, 4675
0.089, 4674
0.089, 4673
0.089, 4672
0.089, 4671
0.089, 4670
0.089, 4669
0.089, 4668
0.089, 4667
0.089, 4666
0.089, 4665
0.089, 4664
0.089, 4663
0.089, 4662
0.089, 4661
0.089, 4660
0.089, 4659
0.089, 4658
0.089, 4657
0.089, 4656
0.089, 4655
0.089, 4654
0.089, 4653
0.089, 4652
0.089, 4651
0.089, 4650
0.089, 4649
0.089, 4648
0.089, 4647
0.089, 4646
0.089, 4645
0.089, 4644
0.089, 4643
0.089, 4642
0.089, 4641
0.089, 4640
0.090, 4639
0.090, 4638
0.090, 4637
0.090, 4636
0.090, 4635
0.090, 4634
0.090, 4633
0.090, 4632
0.090, 4631
0.090, 4630
0.090, 4629
0.090, 4628
0.090, 4627
0.090, 4626
0.090, 4625
0.090, 4624
0.090, 4623
0.090, 4622
0.090, 4621
0.090, 4620
0.090, 4619
0.090, 4618
0.090, 4617
0.090, 4616
0.090, 4615
0.090, 4614
0.090, 4613
0.090, 4612
0.090, 4611
0.090, 4610
0.090, 4609
0.090, 4608
0.090, 4607
0.090, 4606
0.090, 4605
0.090, 4604
0.090, 4603
0.090, 4602
0.090, 4601
0.090, 4600
0.090, 4599
0.090, 4598
0.090, 4597
0.090, 4596
0.090, 4595
0.090, 4594
0.090, 4593
0.090, 4592
0.090, 4591
0.090, 4590
0.090, 4589
0.090, 4588
0.090, 4587
0.090, 4586
0.090, 4585
0.090, 4584
0.090, 4583
0.090, 4582
0.090, 4581
0.090, 4580
0.090, 4579
0.090, 4578
0.090, 4577
0.090, 4576
0.090, 4575
0.090, 4574
0.090, 4573
0.090, 4572
0.090, 4571
0.090, 4570
0.090, 4569
0.090, 4568
0.090, 4567
0.090, 4566
0.090, 4565
0.090, 4564
0.090, 4563
0.090, 4562
0.090, 4561
0.090, 4560
0.090, 4559
0.090, 4558
0.090, 4557
0.090, 4556
0.090, 4555
0.090, 4554
0.090, 4553
0.090, 4552
0.090, 4551
0.090, 4550
0.090, 4549
0.090, 4548
0.090, 4547
0.090, 4546
0.090, 4545
0.090, 4544
0.090, 4543
0.090, 4542
0.090, 4541
0.090, 4540
0.090, 4539
0.090, 4538
0.090, 4537
0.090, 4536
0.090, 4535
0.090, 4534
0.090, 4533
0.090, 4532
0.090, 4531
0.090, 4530
0.090, 4529
0.090, 4528
0.090, 4527
0.090, 4526
0.090, 4525
0.090, 4524
0.090, 4523
0.090, 4522
0.090, 4521
0.090, 4520
0.090, 4519
0.090, 4518
0.090, 4517
0.090, 4516
0.090, 4515
0.090, 4514
0.090, 4513
0.090, 4512
0.090, 4511
0.090, 4510
0.090, 4509
0.091, 4508
0.091, 4507
0.091, 4506
0.091, 4505
0.091, 4504
0.091, 4503
0.091, 4502
0.091, 4501
0.091, 4500
0.091, 4499
0.091, 4498
0.091, 4497
0.091, 4496
0.091, 4495
0.091, 4494
0.091, 4493
0.091, 4492
0.091, 4491
0.091, 4490
0.091, 4489
0.091, 4488
0.091, 4487
0.091, 4486
0.091, 4485
0.091, 4484
0.091, 4483
0.091, 4482
0.091, 4481
0.091, 4480
0.091, 4479
0.091, 4478
0.091, 4477
0.091, 4476
0.091, 4475
0.091, 4474
0.091, 4473
0.091, 4472
0.091, 4471
0.091, 4470
0.091, 4469
0.091, 4468
0.091, 4467
0.091, 4466
0.091, 4465
0.091, 4464
0.091, 4463
0.091, 4462
0.091, 4461
0.091, 4460
0.091, 4459
0.091, 4458
0.091, 4457
0.091, 4456
0.091, 4455
0.091, 4454
0.091, 4453
0.091, 4452
0.091, 4451
0.091, 4450
0.091, 4449
0.091, 4448
0.091, 4447
0.091, 4446
0.091, 4445
0.091, 4444
0.091, 4443
0.091, 4442
0.091, 4441
0.091, 4440
0.091, 4439
0.091, 4438
0.091, 4437
0.091, 4436
0.091, 4435
0.091, 4434
0.091, 4433
0.091, 4432
0.091, 4431
0.091, 4430
0.091, 4429
0.091, 4428
0.091, 4427
0.091, 4426
0.091, 4425
0.091, 4424
0.091, 4423
0.091, 4422
0.091, 4421
0.091, 4420
0.091, 4419
0.091, 4418
0.091, 4417
0.091, 4416
0.091, 4415
0.091, 4414
0.091, 4413
0.091, 4412
0.091, 4411
0.091, 4410
0.091, 4409
0.091, 4408
0.091, 4407
0.091, 4406
0.091, 4405
0.091, 4404
0.091, 4403
0.091, 4402
0.091, 4401
0.091, 4400
0.091, 4399
0.091, 4398
0.091, 4397
0.091, 4396
0.091, 4395
0.091, 4394
0.091, 4393
0.091, 4392
0.091, 4391
0.091, 4390
0.091, 4389
0.091, 4388
0.091, 4387
0.091, 4386
0.091, 4385
0.091, 4384
0.091, 4383
0.091, 4382
0.091, 4381
0.091, 4380
0.091, 4379
0.091, 4378
0.091, 4377
0.091, 4376
0.091, 4375
0.091, 4374
0.091, 4373
0.092, 4372
0.092, 4371
0.092, 4370
0.092, 4369
0.092, 4368
0.092, 4367
0.092, 4366
0.092, 4365
0.092, 4364
0.092, 4363
0.092, 4362
0.092, 4361
0.092, 4360
0.092, 4359
0.092, 4358
0.092, 4357
0.092, 4356
0.092, 4355
0.092, 4354
0.092, 4353
0.092, 4352
0.092, 4351
0.092, 4350
0.092, 4349
0.092, 4348
0.092, 4347
0.092, 4346
0.092, 4345
0.092, 4344
0.092, 4343
0.092, 4342
0.092, 4341
0.092, 4340
0.092, 4339
0.092, 4338
0.092, 4337
0.092, 4336
0.092, 4335
0.092, 4334
0.092, 4333
0.092, 4332
0.092, 4331
0.092, 4330
0.092, 4329
0.092, 4328
0.092, 4327
0.092, 4326
0.092, 4325
0.092, 4324
0.092, 4323
0.092, 4322
0.092, 4321
0.092, 4320
0.092, 4319
0.092, 4318
0.092, 4317
0.092, 4316
0.092, 4315
0.092, 4314
0.092, 4313
0.092, 4312
0.092, 4311
0.092, 4310
0.092, 4309
0.092, 4308
0.092, 4307
0.092, 4306
0.092, 4305
0.092, 4304
0.092, 4303
0.092, 4302
0.092, 4301
0.092, 4300
0.092, 4299
0.092, 4298
0.092, 4297
0.092, 4296
0.092, 4295
0.092, 4294
0.092, 4293
0.092, 4292
0.092, 4291
0.092, 4290
0.092, 4289
0.092, 4288
0.092, 4287
0.092, 4286
0.092, 4285
0.092, 4284
0.092, 4283
0.092, 4282
0.092, 4281
0.092, 4280
0.092, 4279
0.092, 4278
0.092, 4277
0.092, 4276
0.092, 4275
0.092, 4274
0.092, 4273
0.092, 4272
0.092, 4271
0.092, 4270
0.092, 4269
0.092, 4268
0.092, 4267
0.092, 4266
0.092, 4265
0.092, 4264
0.093, 4263
0.093, 4262
0.093, 4261
0.093, 4260
0.093, 4259
0.093, 4258
0.093, 4257
0.093, 4256
0.093, 4255
0.093, 4254
0.093, 4253
0.093, 4252
0.093, 4251
0.093, 4250
0.093, 4249
0.093, 4248
0.093, 4247
0.093, 4246
0.093, 4245
0.093, 4244
0.093, 4243
0.093, 4242
0.093, 4241
0.093, 4240
0.093, 4239
0.093, 4238
0.093, 4237
0.093, 4236
0.093, 4235
0.093, 4234
0.093, 4233
0.093, 4232
0.093, 4231
0.093, 4230
0.093, 4229
0.093, 4228
0.093, 4227
0.093, 4226
0.093, 4225
0.093, 4224
0.093, 4223
0.093, 4222
0.093, 4221
0.093, 4220
0.093, 4219
0.093, 4218
0.093, 4217
0.093, 4216
0.093, 4215
0.093, 4214
0.093, 4213
0.093, 4212
0.093, 4211
0.093, 4210
0.093, 4209
0.093, 4208
0.093, 4207
0.093, 4206
0.093, 4205
0.093, 4204
0.093, 4203
0.093, 4202
0.093, 4201
0.093, 4200
0.093, 4199
0.093, 4198
0.093, 4197
0.093, 4196
0.094, 4195
0.094, 4194
0.094, 4193
0.094, 4192
0.094, 4191
0.094, 4190
0.094, 4189
0.094, 4188
0.094, 4187
0.094, 4186
0.094, 4185
0.094, 4184
0.094, 4183
0.094, 4182
0.094, 4181
0.094, 4180
0.094, 4179
0.094, 4178
0.094, 4177
0.094, 4176
0.094, 4175
0.094, 4174
0.094, 4173
0.094, 4172
0.094, 4171
0.094, 4170
0.094, 4169
0.094, 4168
0.094, 4167
0.094, 4166
0.094, 4165
0.094, 4164
0.094, 4163
0.094, 4162
0.094, 4161
0.094, 4160
0.094, 4159
0.094, 4158
0.094, 4157
0.094, 4156
0.094, 4155
0.094, 4154
0.094, 4153
0.094, 4152
0.094, 4151
0.094, 4150
0.094, 4149
0.094, 4148
0.094, 4147
0.094, 4146
0.094, 4145
0.094, 4144
0.094, 4143
0.094, 4142
0.094, 4141
0.094, 4140
0.094, 4139
0.094, 4138
0.094, 4137
0.094, 4136
0.094, 4135
0.094, 4134
0.094, 4133
0.094, 4132
0.094, 4131
0.094, 4130
0.094, 4129
0.094, 4128
0.094, 4127
0.094, 4126
0.094, 4125
0.094, 4124
0.094, 4123
0.094, 4122
0.094, 4121
0.094, 4120
0.094, 4119
0.094, 4118
0.094, 4117
0.094, 4116
0.094, 4115
0.094, 4114
0.094, 4113
0.094, 4112
0.094, 4111
0.094, 4110
0.094, 4109
0.094, 4108
0.094, 4107
0.094, 4106
0.094, 4105
0.094, 4104
0.094, 4103
0.094, 4102
0.095, 4101
0.095, 4100
0.095, 4099
0.095, 4098
0.095, 4097
0.095, 4096
0.095, 4095
0.095, 4094
0.095, 4093
0.095, 4092
0.095, 4091
0.095, 4090
0.095, 4089
0.095, 4088
0.095, 4087
0.095, 4086
0.095, 4085
0.095, 4084
0.095, 4083
0.095, 4082
0.095, 4081
0.095, 4080
0.095, 4079
0.095, 4078
0.095, 4077
0.095, 4076
0.095, 4075
0.095, 4074
0.095, 4073
0.095, 4072
0.095, 4071
0.095, 4070
0.095, 4069
0.095, 4068
0.095, 4067
0.095, 4066
0.095, 4065
0.095, 4064
0.095, 4063
0.095, 4062
0.095, 4061
0.095, 4060
0.095, 4059
0.095, 4058
0.095, 4057
0.095, 4056
0.095, 4055
0.095, 4054
0.095, 4053
0.095, 4052
0.095, 4051
0.095, 4050
0.095, 4049
0.095, 4048
0.095, 4047
0.095, 4046
0.095, 4045
0.095, 4044
0.095, 4043
0.095, 4042
0.095, 4041
0.095, 4040
0.095, 4039
0.095, 4038
0.095, 4037
0.095, 4036
0.095, 4035
0.095, 4034
0.095, 4033
0.095, 4032
0.095, 4031
0.095, 4030
0.095, 4029
0.095, 4028
0.095, 4027
0.095, 4026
0.095, 4025
0.095, 4024
0.095, 4023
0.095, 4022
0.095, 4021
0.095, 4020
0.095, 4019
0.095, 4018
0.095, 4017
0.095, 4016
0.095, 4015
0.095, 4014
0.095, 4013
0.096, 4012
0.096, 4011
0.096, 4010
0.096, 4009
0.096, 4008
0.096, 4007
0.096, 4006
0.096, 4005
0.096, 4004
0.096, 4003
0.096, 4002
0.096, 4001
0.096, 4000
0.096, 3999
0.096, 3998
0.096, 3997
0.096, 3996
0.096, 3995
0.096, 3994
0.096, 3993
0.096, 3992
0.096, 3991
0.096, 3990
0.096, 3989
0.096, 3988
0.096, 3987
0.096, 3986
0.096, 3985
0.096, 3984
0.096, 3983
0.096, 3982
0.096, 3981
0.096, 3980
0.096, 3979
0.096, 3978
0.096, 3977
0.096, 3976
0.096, 3975
0.096, 3974
0.096, 3973
0.096, 3972
0.096, 3971
0.096, 3970
0.096, 3969
0.096, 3968
0.096, 3967
0.096, 3966
0.096, 3965
0.096, 3964
0.096, 3963
0.096, 3962
0.096, 3961
0.096, 3960
0.096, 3959
0.096, 3958
0.096, 3957
0.096, 3956
0.096, 3955
0.096, 3954
0.096, 3953
0.096, 3952
0.097, 3951
0.097, 3950
0.097, 3949
0.097, 3948
0.097, 3947
0.097, 3946
0.097, 3945
0.097, 3944
0.097, 3943
0.097, 3942
