0.002, 8359
0.002, 8358
0.002, 8357
0.002, 8356
0.002, 8355
0.002, 8354
0.002, 8353
0.002, 8352
0.002, 8351
0.002, 8350
0.002, 8349
0.002, 8348
0.002, 8347
0.002, 8346
0.002, 8345
0.002, 8344
0.002, 8343
0.002, 8342
0.002, 8341
0.002, 8340
0.002, 8339
0.002, 8338
0.002, 8337
0.002, 8336
0.002, 8335
0.002, 8334
0.002, 8333
0.002, 8332
0.002, 8331
0.002, 8330
0.002, 8329
0.002, 8328
0.002, 8327
0.002, 8326
0.002, 8325
0.002, 8324
0.002, 8323
0.002, 8322
0.002, 8321
0.002, 8320
0.002, 8319
0.002, 8318
0.002, 8317
0.002, 8316
0.002, 8315
0.002, 8314
0.002, 8313
0.002, 8312
0.002, 8311
0.002, 8310
0.002, 8309
0.002, 8308
0.002, 8307
0.002, 8306
0.002, 8305
0.002, 8304
0.002, 8303
0.002, 8302
0.002, 8301
0.002, 8300
0.002, 8299
0.002, 8298
0.002, 8297
0.002, 8296
0.002, 8295
0.002, 8294
0.002, 8293
0.002, 8292
0.002, 8291
0.002, 8290
0.002, 8289
0.002, 8288
0.002, 8287
0.002, 8286
0.002, 8285
0.002, 8284
0.002, 8283
0.002, 8282
0.002, 8281
0.002, 8280
0.002, 8279
0.002, 8278
0.002, 8277
0.002, 8276
0.002, 8275
0.002, 8274
0.002, 8273
0.002, 8272
0.002, 8271
0.002, 8270
0.002, 8269
0.002, 8268
0.002, 8267
0.002, 8266
0.002, 8265
0.002, 8264
0.002, 8263
0.002, 8262
0.002, 8261
0.002, 8260
0.002, 8259
0.002, 8258
0.002, 8257
0.002, 8256
0.002, 8255
0.002, 8254
0.002, 8253
0.002, 8252
0.002, 8251
0.002, 8250
0.002, 8249
0.002, 8248
0.002, 8247
0.002, 8246
0.002, 8245
0.002, 8244
0.002, 8243
0.002, 8242
0.002, 8241
0.002, 8240
0.002, 8239
0.002, 8238
0.002, 8237
0.002, 8236
0.002, 8235
0.002, 8234
0.002, 8233
0.002, 8232
0.002, 8231
0.002, 8230
0.002, 8229
0.002, 8228
0.002, 8227
0.002, 8226
0.002, 8225
0.002, 8224
0.002, 8223
0.002, 8222
0.002, 8221
0.002, 8220
0.002, 8219
0.002, 8218
0.002, 8217
0.002, 8216
0.002, 8215
0.002, 8214
0.002, 8213
0.002, 8212
0.002, 8211
0.002, 8210
0.002, 8209
0.002, 8208
0.002, 8207
0.002, 8206
0.002, 8205
0.002, 8204
0.002, 8203
0.002, 8202
0.002, 8201
0.002, 8200
0.002, 8199
0.002, 8198
0.002, 8197
0.002, 8196
0.002, 8195
0.002, 8194
0.002, 8193
0.002, 8192
0.002, 8191
0.002, 8190
0.002, 8189
0.002, 8188
0.002, 8187
0.002, 8186
0.002, 8185
0.002, 8184
0.002, 8183
0.002, 8182
0.002, 8181
0.002, 8180
0.002, 8179
0.002, 8178
0.002, 8177
0.002, 8176
0.002, 8175
0.002, 8174
0.002, 8173
0.002, 8172
0.002, 8171
0.002, 8170
0.002, 8169
0.002, 8168
0.002, 8167
0.002, 8166
0.002, 8165
0.002, 8164
0.002, 8163
0.002, 8162
0.002, 8161
0.002, 8160
0.002, 8159
0.002, 8158
0.002, 8157
0.002, 8156
0.002, 8155
0.002, 8154
0.002, 8153
0.002, 8152
0.002, 8151
0.002, 8150
0.002, 8149
0.002, 8148
0.002, 8147
0.002, 8146
0.002, 8145
0.002, 8144
0.002, 8143
0.002, 8142
0.002, 8141
0.002, 8140
0.002, 8139
0.002, 8138
0.002, 8137
0.002, 8136
0.002, 8135
0.002, 8134
0.002, 8133
0.002, 8132
0.002, 8131
0.002, 8130
0.002, 8129
0.002, 8128
0.002, 8127
0.002, 8126
0.002, 8125
0.002, 8124
0.002, 8123
0.002, 8122
0.002, 8121
0.002, 8120
0.002, 8119
0.002, 8118
0.002, 8117
0.002, 8116
0.002, 8115
0.002, 8114
0.002, 8113
0.002, 8112
0.002, 8111
0.002, 8110
0.002, 8109
0.002, 8108
0.002, 8107
0.002, 8106
0.002, 8105
0.002, 8104
0.002, 8103
0.002, 8102
0.002, 8101
0.002, 8100
0.002, 8099
0.002, 8098
0.002, 8097
0.002, 8096
0.002, 8095
0.002, 8094
0.002, 8093
0.002, 8092
0.002, 8091
0.002, 8090
0.002, 8089
0.002, 8088
0.002, 8087
0.002, 8086
0.002, 8085
0.002, 8084
0.002, 8083
0.002, 8082
0.002, 8081
0.002, 8080
0.002, 8079
0.002, 8078
0.002, 8077
0.002, 8076
0.002, 8075
0.002, 8074
0.002, 8073
0.002, 8072
0.002, 8071
0.002, 8070
0.002, 8069
0.002, 8068
0.002, 8067
0.002, 8066
0.002, 8065
0.002, 8064
0.002, 8063
0.002, 8062
0.002, 8061
0.002, 8060
0.002, 8059
0.002, 8058
0.002, 8057
0.002, 8056
0.002, 8055
0.002, 8054
0.002, 8053
0.002, 8052
0.002, 8051
0.002, 8050
0.002, 8049
0.002, 8048
0.002, 8047
0.002, 8046
0.002, 8045
0.002, 8044
0.002, 8043
0.002, 8042
0.002, 8041
0.002, 8040
0.002, 8039
0.002, 8038
0.002, 8037
0.002, 8036
0.002, 8035
0.002, 8034
0.002, 8033
0.002, 8032
0.002, 8031
0.002, 8030
0.002, 8029
0.002, 8028
0.002, 8027
0.002, 8026
0.002, 8025
0.002, 8024
0.002, 8023
0.002, 8022
0.002, 8021
0.002, 8020
0.002, 8019
0.002, 8018
0.002, 8017
0.002, 8016
0.002, 8015
0.002, 8014
0.002, 8013
0.002, 8012
0.002, 8011
0.002, 8010
0.002, 8009
0.002, 8008
0.002, 8007
0.002, 8006
0.002, 8005
0.002, 8004
0.002, 8003
0.002, 8002
0.002, 8001
0.002, 8000
0.002, 7999
0.002, 7998
0.002, 7997
0.002, 7996
0.002, 7995
0.002, 7994
0.002, 7993
0.002, 7992
0.002, 7991
0.002, 7990
0.002, 7989
0.002, 7988
0.002, 7987
0.002, 7986
0.002, 7985
0.002, 7984
0.002, 7983
0.002, 7982
0.002, 7981
0.002, 7980
0.002, 7979
0.002, 7978
0.002, 7977
0.002, 7976
0.002, 7975
0.002, 7974
0.002, 7973
0.002, 7972
0.002, 7971
0.002, 7970
0.002, 7969
0.002, 7968
0.002, 7967
0.002, 7966
0.002, 7965
0.002, 7964
0.002, 7963
0.002, 7962
0.002, 7961
0.002, 7960
0.002, 7959
0.002, 7958
0.002, 7957
0.002, 7956
0.002, 7955
0.002, 7954
0.003, 7953
0.003, 7952
0.003, 7951
0.003, 7950
0.003, 7949
0.003, 7948
0.003, 7947
0.003, 7946
0.003, 7945
0.003, 7944
0.003, 7943
0.003, 7942
0.003, 7941
0.003, 7940
0.003, 7939
0.003, 7938
0.003, 7937
0.003, 7936
0.003, 7935
0.003, 7934
0.003, 7933
0.003, 7932
0.003, 7931
0.003, 7930
0.003, 7929
0.003, 7928
0.003, 7927
0.003, 7926
0.003, 7925
0.003, 7924
0.003, 7923
0.003, 7922
0.003, 7921
0.003, 7920
0.003, 7919
0.003, 7918
0.003, 7917
0.003, 7916
0.003, 7915
0.003, 7914
0.003, 7913
0.003, 7912
0.003, 7911
0.003, 7910
0.003, 7909
0.003, 7908
0.003, 7907
0.003, 7906
0.003, 7905
0.003, 7904
0.003, 7903
0.003, 7902
0.003, 7901
0.003, 7900
0.003, 7899
0.003, 7898
0.003, 7897
0.003, 7896
0.003, 7895
0.003, 7894
0.003, 7893
0.003, 7892
0.003, 7891
0.003, 7890
0.003, 7889
0.003, 7888
0.003, 7887
0.003, 7886
0.003, 7885
0.003, 7884
0.003, 7883
0.003, 7882
0.003, 7881
0.003, 7880
0.003, 7879
0.003, 7878
0.003, 7877
0.003, 7876
0.003, 7875
0.003, 7874
0.003, 7873
0.003, 7872
0.003, 7871
0.003, 7870
0.003, 7869
0.003, 7868
0.003, 7867
0.003, 7866
0.003, 7865
0.003, 7864
0.003, 7863
0.003, 7862
0.003, 7861
0.003, 7860
0.003, 7859
0.003, 7858
0.003, 7857
0.003, 7856
0.003, 7855
0.003, 7854
0.003, 7853
0.003, 7852
0.003, 7851
0.003, 7850
0.003, 7849
0.003, 7848
0.003, 7847
0.003, 7846
0.003, 7845
0.003, 7844
0.003, 7843
0.003, 7842
0.003, 7841
0.003, 7840
0.003, 7839
0.003, 7838
0.003, 7837
0.003, 7836
0.003, 7835
0.003, 7834
0.003, 7833
0.003, 7832
0.003, 7831
0.003, 7830
0.003, 7829
0.003, 7828
0.003, 7827
0.003, 7826
0.003, 7825
0.003, 7824
0.003, 7823
0.003, 7822
0.003, 7821
0.003, 7820
0.003, 7819
0.003, 7818
0.003, 7817
0.003, 7816
0.003, 7815
0.003, 7814
0.003, 7813
0.003, 7812
0.003, 7811
0.003, 7810
0.003, 7809
0.003, 7808
0.003, 7807
0.003, 7806
0.003, 7805
0.003, 7804
0.003, 7803
0.003, 7802
0.003, 7801
0.003, 7800
0.003, 7799
0.003, 7798
0.003, 7797
0.003, 7796
0.003, 7795
0.003, 7794
0.003, 7793
0.003, 7792
0.003, 7791
0.003, 7790
0.003, 7789
0.003, 7788
0.003, 7787
0.003, 7786
0.003, 7785
0.003, 7784
0.003, 7783
0.003, 7782
0.003, 7781
0.003, 7780
0.003, 7779
0.003, 7778
0.003, 7777
0.003, 7776
0.003, 7775
0.003, 7774
0.003, 7773
0.003, 7772
0.003, 7771
0.003, 7770
0.003, 7769
0.003, 7768
0.003, 7767
0.003, 7766
0.003, 7765
0.003, 7764
0.003, 7763
0.003, 7762
0.003, 7761
0.003, 7760
0.003, 7759
0.003, 7758
0.003, 7757
0.003, 7756
0.003, 7755
0.003, 7754
0.003, 7753
0.003, 7752
0.003, 7751
0.003, 7750
0.003, 7749
0.003, 7748
0.003, 7747
0.003, 7746
0.003, 7745
0.003, 7744
0.003, 7743
0.003, 7742
0.003, 7741
0.003, 7740
0.003, 7739
0.003, 7738
0.003, 7737
0.003, 7736
0.003, 7735
0.003, 7734
0.003, 7733
0.003, 7732
0.003, 7731
0.003, 7730
0.003, 7729
0.003, 7728
0.003, 7727
0.003, 7726
0.003, 7725
0.003, 7724
0.003, 7723
0.003, 7722
0.003, 7721
0.003, 7720
0.003, 7719
0.003, 7718
0.003, 7717
0.003, 7716
0.003, 7715
0.003, 7714
0.003, 7713
0.003, 7712
0.003, 7711
0.003, 7710
0.003, 7709
0.003, 7708
0.003, 7707
0.003, 7706
0.003, 7705
0.003, 7704
0.003, 7703
0.003, 7702
0.003, 7701
0.003, 7700
0.003, 7699
0.003, 7698
0.003, 7697
0.003, 7696
0.003, 7695
0.003, 7694
0.003, 7693
0.003, 7692
0.003, 7691
0.003, 7690
0.003, 7689
0.003, 7688
0.003, 7687
0.003, 7686
0.003, 7685
0.003, 7684
0.003, 7683
0.003, 7682
0.003, 7681
0.003, 7680
0.003, 7679
0.003, 7678
0.003, 7677
0.003, 7676
0.003, 7675
0.003, 7674
0.003, 7673
0.003, 7672
0.003, 7671
0.003, 7670
0.003, 7669
0.003, 7668
0.003, 7667
0.003, 7666
0.003, 7665
0.003, 7664
0.003, 7663
0.003, 7662
0.003, 7661
0.003, 7660
0.003, 7659
0.003, 7658
0.003, 7657
0.003, 7656
0.003, 7655
0.003, 7654
0.003, 7653
0.003, 7652
0.003, 7651
0.003, 7650
0.003, 7649
0.003, 7648
0.003, 7647
0.003, 7646
0.003, 7645
0.003, 7644
0.003, 7643
0.003, 7642
0.003, 7641
0.003, 7640
0.003, 7639
0.003, 7638
0.003, 7637
0.003, 7636
0.003, 7635
0.003, 7634
0.003, 7633
0.003, 7632
0.003, 7631
0.003, 7630
0.003, 7629
0.003, 7628
0.003, 7627
0.003, 7626
0.003, 7625
0.003, 7624
0.003, 7623
0.003, 7622
0.003, 7621
0.003, 7620
0.003, 7619
0.003, 7618
0.003, 7617
0.003, 7616
0.003, 7615
0.003, 7614
0.003, 7613
0.003, 7612
0.003, 7611
0.003, 7610
0.003, 7609
0.003, 7608
0.003, 7607
0.003, 7606
0.003, 7605
0.003, 7604
0.003, 7603
0.003, 7602
0.003, 7601
0.003, 7600
0.003, 7599
0.003, 7598
0.003, 7597
0.003, 7596
0.003, 7595
0.003, 7594
0.003, 7593
0.003, 7592
0.003, 7591
0.003, 7590
0.003, 7589
0.003, 7588
0.003, 7587
0.003, 7586
0.003, 7585
0.003, 7584
0.003, 7583
0.003, 7582
0.003, 7581
0.003, 7580
0.003, 7579
0.003, 7578
0.003, 7577
0.003, 7576
0.003, 7575
0.003, 7574
0.003, 7573
0.003, 7572
0.003, 7571
0.003, 7570
0.003, 7569
0.003, 7568
0.003, 7567
0.003, 7566
0.003, 7565
0.003, 7564
0.003, 7563
0.003, 7562
0.003, 7561
0.003, 7560
0.003, 7559
0.003, 7558
0.003, 7557
0.003, 7556
0.003, 7555
0.003, 7554
0.003, 7553
0.003, 7552
0.003, 7551
0.003, 7550
0.003, 7549
0.003, 7548
0.003, 7547
0.003, 7546
0.003, 7545
0.003, 7544
0.003, 7543
0.003, 7542
0.003, 7541
0.003, 7540
0.003, 7539
0.003, 7538
0.003, 7537
0.003, 7536
0.003, 7535
0.003, 7534
0.003, 7533
0.003, 7532
0.003, 7531
0.003, 7530
0.003, 7529
0.003, 7528
0.003, 7527
0.003, 7526
0.003, 7525
0.003, 7524
0.003, 7523
0.003, 7522
0.003, 7521
0.003, 7520
0.003, 7519
0.003, 7518
0.003, 7517
0.003, 7516
0.003, 7515
0.003, 7514
0.003, 7513
0.003, 7512
0.003, 7511
0.003, 7510
0.003, 7509
0.003, 7508
0.003, 7507
0.003, 7506
0.003, 7505
0.003, 7504
0.003, 7503
0.003, 7502
0.003, 7501
0.003, 7500
0.003, 7499
0.003, 7498
0.003, 7497
0.003, 7496
0.003, 7495
0.003, 7494
0.003, 7493
0.003, 7492
0.003, 7491
0.003, 7490
0.003, 7489
0.003, 7488
0.003, 7487
0.003, 7486
0.003, 7485
0.003, 7484
0.003, 7483
0.003, 7482
0.003, 7481
0.003, 7480
0.003, 7479
0.003, 7478
0.003, 7477
0.003, 7476
0.003, 7475
0.003, 7474
0.003, 7473
0.003, 7472
0.003, 7471
0.003, 7470
0.003, 7469
0.003, 7468
0.003, 7467
0.003, 7466
0.003, 7465
0.003, 7464
0.003, 7463
0.003, 7462
0.003, 7461
0.003, 7460
0.003, 7459
0.003, 7458
0.003, 7457
0.003, 7456
0.003, 7455
0.003, 7454
0.003, 7453
0.003, 7452
0.003, 7451
0.003, 7450
0.003, 7449
0.003, 7448
0.003, 7447
0.003, 7446
0.003, 7445
0.003, 7444
0.003, 7443
0.003, 7442
0.003, 7441
0.003, 7440
0.003, 7439
0.003, 7438
0.003, 7437
0.003, 7436
0.003, 7435
0.003, 7434
0.003, 7433
0.003, 7432
0.003, 7431
0.003, 7430
0.003, 7429
0.003, 7428
0.003, 7427
0.003, 7426
0.003, 7425
0.003, 7424
0.003, 7423
0.003, 7422
0.003, 7421
0.003, 7420
0.003, 7419
0.003, 7418
0.003, 7417
0.003, 7416
0.003, 7415
0.003, 7414
0.003, 7413
0.003, 7412
0.003, 7411
0.003, 7410
0.003, 7409
0.003, 7408
0.003, 7407
0.003, 7406
0.003, 7405
0.003, 7404
0.003, 7403
0.003, 7402
0.003, 7401
0.003, 7400
0.003, 7399
0.003, 7398
0.003, 7397
0.003, 7396
0.003, 7395
0.003, 7394
0.003, 7393
0.003, 7392
0.003, 7391
0.003, 7390
0.003, 7389
0.003, 7388
0.003, 7387
0.003, 7386
0.003, 7385
0.003, 7384
0.003, 7383
0.003, 7382
0.003, 7381
0.003, 7380
0.003, 7379
0.003, 7378
0.003, 7377
0.003, 7376
0.003, 7375
0.003, 7374
0.003, 7373
0.003, 7372
0.003, 7371
0.003, 7370
0.003, 7369
0.003, 7368
0.003, 7367
0.003, 7366
0.003, 7365
0.003, 7364
0.003, 7363
0.003, 7362
0.003, 7361
0.003, 7360
0.003, 7359
0.003, 7358
0.003, 7357
0.003, 7356
0.003, 7355
0.003, 7354
0.003, 7353
0.003, 7352
0.003, 7351
0.003, 7350
0.003, 7349
0.003, 7348
0.003, 7347
0.003, 7346
0.003, 7345
0.003, 7344
0.003, 7343
0.003, 7342
0.003, 7341
0.003, 7340
0.003, 7339
0.003, 7338
0.003, 7337
0.003, 7336
0.003, 7335
0.003, 7334
0.003, 7333
0.003, 7332
0.003, 7331
0.003, 7330
0.003, 7329
0.003, 7328
0.003, 7327
0.003, 7326
0.003, 7325
0.003, 7324
0.003, 7323
0.003, 7322
0.003, 7321
0.003, 7320
0.003, 7319
0.003, 7318
0.003, 7317
0.003, 7316
0.003, 7315
0.003, 7314
0.003, 7313
0.004, 7312
0.004, 7311
0.004, 7310
0.004, 7309
0.004, 7308
0.004, 7307
0.004, 7306
0.004, 7305
0.004, 7304
0.004, 7303
0.004, 7302
0.004, 7301
0.004, 7300
0.004, 7299
0.004, 7298
0.004, 7297
0.004, 7296
0.004, 7295
0.004, 7294
0.004, 7293
0.004, 7292
0.004, 7291
0.004, 7290
0.004, 7289
0.004, 7288
0.004, 7287
0.004, 7286
0.004, 7285
0.004, 7284
0.004, 7283
0.004, 7282
0.004, 7281
0.004, 7280
0.004, 7279
0.004, 7278
0.004, 7277
0.004, 7276
0.004, 7275
0.004, 7274
0.004, 7273
0.004, 7272
0.004, 7271
0.004, 7270
0.004, 7269
0.004, 7268
0.004, 7267
0.004, 7266
0.004, 7265
0.004, 7264
0.004, 7263
0.004, 7262
0.004, 7261
0.004, 7260
0.004, 7259
0.004, 7258
0.004, 7257
0.004, 7256
0.004, 7255
0.004, 7254
0.004, 7253
0.004, 7252
0.004, 7251
0.004, 7250
0.004, 7249
0.004, 7248
0.004, 7247
0.004, 7246
0.004, 7245
0.004, 7244
0.004, 7243
0.004, 7242
0.004, 7241
0.004, 7240
0.004, 7239
0.004, 7238
0.004, 7237
0.004, 7236
0.004, 7235
0.004, 7234
0.004, 7233
0.004, 7232
0.004, 7231
0.004, 7230
0.004, 7229
0.004, 7228
0.004, 7227
0.004, 7226
0.004, 7225
0.004, 7224
0.004, 7223
0.004, 7222
0.004, 7221
0.004, 7220
0.004, 7219
0.004, 7218
0.004, 7217
0.004, 7216
0.004, 7215
0.004, 7214
0.004, 7213
0.004, 7212
0.004, 7211
0.004, 7210
0.004, 7209
0.004, 7208
0.004, 7207
0.004, 7206
0.004, 7205
0.004, 7204
0.004, 7203
0.004, 7202
0.004, 7201
0.004, 7200
0.004, 7199
0.004, 7198
0.004, 7197
0.004, 7196
0.004, 7195
0.004, 7194
0.004, 7193
0.004, 7192
0.004, 7191
0.004, 7190
0.004, 7189
0.004, 7188
0.004, 7187
0.004, 7186
0.004, 7185
0.004, 7184
0.004, 7183
0.004, 7182
0.004, 7181
0.004, 7180
0.004, 7179
0.004, 7178
0.004, 7177
0.004, 7176
0.004, 7175
0.004, 7174
0.004, 7173
0.004, 7172
0.004, 7171
0.004, 7170
0.004, 7169
0.004, 7168
0.004, 7167
0.004, 7166
0.004, 7165
0.004, 7164
0.004, 7163
0.004, 7162
0.004, 7161
0.004, 7160
0.004, 7159
0.004, 7158
0.004, 7157
0.004, 7156
0.004, 7155
0.004, 7154
0.004, 7153
0.004, 7152
0.004, 7151
0.004, 7150
0.004, 7149
0.004, 7148
0.004, 7147
0.004, 7146
0.004, 7145
0.004, 7144
0.004, 7143
0.004, 7142
0.004, 7141
0.004, 7140
0.004, 7139
0.004, 7138
0.004, 7137
0.004, 7136
0.004, 7135
0.004, 7134
0.004, 7133
0.004, 7132
0.004, 7131
0.004, 7130
0.004, 7129
0.004, 7128
0.004, 7127
0.004, 7126
0.004, 7125
0.004, 7124
0.004, 7123
0.004, 7122
0.004, 7121
0.004, 7120
0.004, 7119
0.004, 7118
0.004, 7117
0.004, 7116
0.004, 7115
0.004, 7114
0.004, 7113
0.004, 7112
0.004, 7111
0.004, 7110
0.004, 7109
0.004, 7108
0.004, 7107
0.004, 7106
0.004, 7105
0.004, 7104
0.004, 7103
0.004, 7102
0.004, 7101
0.004, 7100
0.004, 7099
0.004, 7098
0.004, 7097
0.004, 7096
0.004, 7095
0.004, 7094
0.004, 7093
0.004, 7092
0.004, 7091
0.004, 7090
0.004, 7089
0.004, 7088
0.004, 7087
0.004, 7086
0.004, 7085
0.004, 7084
0.004, 7083
0.004, 7082
0.004, 7081
0.004, 7080
0.004, 7079
0.004, 7078
0.004, 7077
0.004, 7076
0.004, 7075
0.004, 7074
0.004, 7073
0.004, 7072
0.004, 7071
0.004, 7070
0.004, 7069
0.004, 7068
0.004, 7067
0.004, 7066
0.004, 7065
0.004, 7064
0.004, 7063
0.004, 7062
0.004, 7061
0.004, 7060
0.004, 7059
0.004, 7058
0.004, 7057
0.004, 7056
0.004, 7055
0.004, 7054
0.004, 7053
0.004, 7052
0.004, 7051
0.004, 7050
0.004, 7049
0.004, 7048
0.004, 7047
0.004, 7046
0.004, 7045
0.004, 7044
0.004, 7043
0.004, 7042
0.004, 7041
0.004, 7040
0.004, 7039
0.004, 7038
0.004, 7037
0.004, 7036
0.004, 7035
0.004, 7034
0.004, 7033
0.004, 7032
0.004, 7031
0.004, 7030
0.004, 7029
0.004, 7028
0.004, 7027
0.004, 7026
0.004, 7025
0.004, 7024
0.004, 7023
0.004, 7022
0.004, 7021
0.004, 7020
0.004, 7019
0.004, 7018
0.004, 7017
0.004, 7016
0.004, 7015
0.004, 7014
0.004, 7013
0.004, 7012
0.004, 7011
0.004, 7010
0.004, 7009
0.004, 7008
0.004, 7007
0.004, 7006
0.004, 7005
0.004, 7004
0.004, 7003
0.004, 7002
0.004, 7001
0.004, 7000
0.004, 6999
0.004, 6998
0.004, 6997
0.004, 6996
0.004, 6995
0.004, 6994
0.004, 6993
0.004, 6992
0.004, 6991
0.004, 6990
0.004, 6989
0.004, 6988
0.004, 6987
0.004, 6986
0.004, 6985
0.004, 6984
0.004, 6983
0.004, 6982
0.004, 6981
0.004, 6980
0.004, 6979
0.004, 6978
0.004, 6977
0.004, 6976
0.004, 6975
0.004, 6974
0.004, 6973
0.004, 6972
0.004, 6971
0.004, 6970
0.004, 6969
0.004, 6968
0.004, 6967
0.004, 6966
0.004, 6965
0.004, 6964
0.004, 6963
0.004, 6962
0.004, 6961
0.004, 6960
0.004, 6959
0.004, 6958
0.004, 6957
0.004, 6956
0.004, 6955
0.004, 6954
0.004, 6953
0.004, 6952
0.004, 6951
0.004, 6950
0.004, 6949
0.004, 6948
0.004, 6947
0.004, 6946
0.004, 6945
0.004, 6944
0.004, 6943
0.004, 6942
0.004, 6941
0.004, 6940
0.004, 6939
0.004, 6938
0.004, 6937
0.004, 6936
0.004, 6935
0.004, 6934
0.004, 6933
0.004, 6932
0.004, 6931
0.004, 6930
0.004, 6929
0.004, 6928
0.004, 6927
0.004, 6926
0.004, 6925
0.004, 6924
0.004, 6923
0.004, 6922
0.004, 6921
0.004, 6920
0.004, 6919
0.004, 6918
0.004, 6917
0.004, 6916
0.004, 6915
0.004, 6914
0.004, 6913
0.004, 6912
0.004, 6911
0.004, 6910
0.004, 6909
0.004, 6908
0.004, 6907
0.004, 6906
0.004, 6905
0.004, 6904
0.004, 6903
0.004, 6902
0.004, 6901
0.004, 6900
0.004, 6899
0.004, 6898
0.004, 6897
0.004, 6896
0.004, 6895
0.004, 6894
0.004, 6893
0.004, 6892
0.004, 6891
0.004, 6890
0.004, 6889
0.004, 6888
0.004, 6887
0.004, 6886
0.004, 6885
0.004, 6884
0.004, 6883
0.004, 6882
0.004, 6881
0.004, 6880
0.004, 6879
0.004, 6878
0.004, 6877
0.004, 6876
0.004, 6875
0.004, 6874
0.004, 6873
0.004, 6872
0.004, 6871
0.004, 6870
0.004, 6869
0.004, 6868
0.004, 6867
0.004, 6866
0.004, 6865
0.004, 6864
0.004, 6863
0.004, 6862
0.004, 6861
0.004, 6860
0.004, 6859
0.004, 6858
0.004, 6857
0.004, 6856
0.004, 6855
0.004, 6854
0.004, 6853
0.004, 6852
0.004, 6851
0.004, 6850
0.004, 6849
0.004, 6848
0.004, 6847
0.004, 6846
0.004, 6845
0.004, 6844
0.004, 6843
0.004, 6842
0.004, 6841
0.004, 6840
0.004, 6839
0.004, 6838
0.004, 6837
0.004, 6836
0.004, 6835
0.004, 6834
0.004, 6833
0.004, 6832
0.004, 6831
0.004, 6830
0.004, 6829
0.004, 6828
0.004, 6827
0.004, 6826
0.004, 6825
0.004, 6824
0.004, 6823
0.004, 6822
0.004, 6821
0.004, 6820
0.004, 6819
0.004, 6818
0.004, 6817
0.004, 6816
0.004, 6815
0.004, 6814
0.004, 6813
0.004, 6812
0.004, 6811
0.004, 6810
0.004, 6809
0.004, 6808
0.004, 6807
0.004, 6806
0.004, 6805
0.004, 6804
0.004, 6803
0.004, 6802
0.004, 6801
0.004, 6800
0.004, 6799
0.004, 6798
0.004, 6797
0.004, 6796
0.004, 6795
0.004, 6794
0.004, 6793
0.004, 6792
0.004, 6791
0.004, 6790
0.004, 6789
0.004, 6788
0.004, 6787
0.004, 6786
0.004, 6785
0.004, 6784
0.004, 6783
0.004, 6782
0.004, 6781
0.004, 6780
0.004, 6779
0.004, 6778
0.004, 6777
0.004, 6776
0.004, 6775
0.004, 6774
0.004, 6773
0.004, 6772
0.004, 6771
0.004, 6770
0.004, 6769
0.004, 6768
0.004, 6767
0.004, 6766
0.004, 6765
0.004, 6764
0.004, 6763
0.004, 6762
0.004, 6761
0.004, 6760
0.004, 6759
0.004, 6758
0.004, 6757
0.004, 6756
0.004, 6755
0.004, 6754
0.005, 6753
0.005, 6752
0.005, 6751
0.005, 6750
0.005, 6749
0.005, 6748
0.005, 6747
0.005, 6746
0.005, 6745
0.005, 6744
0.005, 6743
0.005, 6742
0.005, 6741
0.005, 6740
0.005, 6739
0.005, 6738
0.005, 6737
0.005, 6736
0.005, 6735
0.005, 6734
0.005, 6733
0.005, 6732
0.005, 6731
0.005, 6730
0.005, 6729
0.005, 6728
0.005, 6727
0.005, 6726
0.005, 6725
0.005, 6724
0.005, 6723
0.005, 6722
0.005, 6721
0.005, 6720
0.005, 6719
0.005, 6718
0.005, 6717
0.005, 6716
0.005, 6715
0.005, 6714
0.005, 6713
0.005, 6712
0.005, 6711
0.005, 6710
0.005, 6709
0.005, 6708
0.005, 6707
0.005, 6706
0.005, 6705
0.005, 6704
0.005, 6703
0.005, 6702
0.005, 6701
0.005, 6700
0.005, 6699
0.005, 6698
0.005, 6697
0.005, 6696
0.005, 6695
0.005, 6694
0.005, 6693
0.005, 6692
0.005, 6691
0.005, 6690
0.005, 6689
0.005, 6688
0.005, 6687
0.005, 6686
0.005, 6685
0.005, 6684
0.005, 6683
0.005, 6682
0.005, 6681
0.005, 6680
0.005, 6679
0.005, 6678
0.005, 6677
0.005, 6676
0.005, 6675
0.005, 6674
0.005, 6673
0.005, 6672
0.005, 6671
0.005, 6670
0.005, 6669
0.005, 6668
0.005, 6667
0.005, 6666
0.005, 6665
0.005, 6664
0.005, 6663
0.005, 6662
0.005, 6661
0.005, 6660
0.005, 6659
0.005, 6658
0.005, 6657
0.005, 6656
0.005, 6655
0.005, 6654
0.005, 6653
0.005, 6652
0.005, 6651
0.005, 6650
0.005, 6649
0.005, 6648
0.005, 6647
0.005, 6646
0.005, 6645
0.005, 6644
0.005, 6643
0.005, 6642
0.005, 6641
0.005, 6640
0.005, 6639
0.005, 6638
0.005, 6637
0.005, 6636
0.005, 6635
0.005, 6634
0.005, 6633
0.005, 6632
0.005, 6631
0.005, 6630
0.005, 6629
0.005, 6628
0.005, 6627
0.005, 6626
0.005, 6625
0.005, 6624
0.005, 6623
0.005, 6622
0.005, 6621
0.005, 6620
0.005, 6619
0.005, 6618
0.005, 6617
0.005, 6616
0.005, 6615
0.005, 6614
0.005, 6613
0.005, 6612
0.005, 6611
0.005, 6610
0.005, 6609
0.005, 6608
0.005, 6607
0.005, 6606
0.005, 6605
0.005, 6604
0.005, 6603
0.005, 6602
0.005, 6601
0.005, 6600
0.005, 6599
0.005, 6598
0.005, 6597
0.005, 6596
0.005, 6595
0.005, 6594
0.005, 6593
0.005, 6592
0.005, 6591
0.005, 6590
0.005, 6589
0.005, 6588
0.005, 6587
0.005, 6586
0.005, 6585
0.005, 6584
0.005, 6583
0.005, 6582
0.005, 6581
0.005, 6580
0.005, 6579
0.005, 6578
0.005, 6577
0.005, 6576
0.005, 6575
0.005, 6574
0.005, 6573
0.005, 6572
0.005, 6571
0.005, 6570
0.005, 6569
0.005, 6568
0.005, 6567
0.005, 6566
0.005, 6565
0.005, 6564
0.005, 6563
0.005, 6562
0.005, 6561
0.005, 6560
0.005, 6559
0.005, 6558
0.005, 6557
0.005, 6556
0.005, 6555
0.005, 6554
0.005, 6553
0.005, 6552
0.005, 6551
0.005, 6550
0.005, 6549
0.005, 6548
0.005, 6547
0.005, 6546
0.005, 6545
0.005, 6544
0.005, 6543
0.005, 6542
0.005, 6541
0.005, 6540
0.005, 6539
0.005, 6538
0.005, 6537
0.005, 6536
0.005, 6535
0.005, 6534
0.005, 6533
0.005, 6532
0.005, 6531
0.005, 6530
0.005, 6529
0.005, 6528
0.005, 6527
0.005, 6526
0.005, 6525
0.005, 6524
0.005, 6523
0.005, 6522
0.005, 6521
0.005, 6520
0.005, 6519
0.005, 6518
0.005, 6517
0.005, 6516
0.005, 6515
0.005, 6514
0.005, 6513
0.005, 6512
0.005, 6511
0.005, 6510
0.005, 6509
0.005, 6508
0.005, 6507
0.005, 6506
0.005, 6505
0.005, 6504
0.005, 6503
0.005, 6502
0.005, 6501
0.005, 6500
0.005, 6499
0.005, 6498
0.005, 6497
0.005, 6496
0.005, 6495
0.005, 6494
0.005, 6493
0.005, 6492
0.005, 6491
0.005, 6490
0.005, 6489
0.005, 6488
0.005, 6487
0.005, 6486
0.005, 6485
0.005, 6484
0.005, 6483
0.005, 6482
0.005, 6481
0.005, 6480
0.005, 6479
0.005, 6478
0.005, 6477
0.005, 6476
0.005, 6475
0.005, 6474
0.005, 6473
0.005, 6472
0.005, 6471
0.005, 6470
0.005, 6469
0.005, 6468
0.005, 6467
0.005, 6466
0.005, 6465
0.005, 6464
0.005, 6463
0.005, 6462
0.005, 6461
0.005, 6460
0.005, 6459
0.005, 6458
0.005, 6457
0.005, 6456
0.005, 6455
0.005, 6454
0.005, 6453
0.005, 6452
0.005, 6451
0.005, 6450
0.005, 6449
0.005, 6448
0.005, 6447
0.005, 6446
0.005, 6445
0.005, 6444
0.005, 6443
0.005, 6442
0.005, 6441
0.005, 6440
0.005, 6439
0.005, 6438
0.005, 6437
0.005, 6436
0.005, 6435
0.005, 6434
0.005, 6433
0.005, 6432
0.005, 6431
0.005, 6430
0.005, 6429
0.005, 6428
0.005, 6427
0.005, 6426
0.005, 6425
0.005, 6424
0.005, 6423
0.005, 6422
0.005, 6421
0.005, 6420
0.005, 6419
0.005, 6418
0.005, 6417
0.005, 6416
0.005, 6415
0.005, 6414
0.005, 6413
0.005, 6412
0.005, 6411
0.005, 6410
0.005, 6409
0.005, 6408
0.005, 6407
0.005, 6406
0.005, 6405
0.005, 6404
0.005, 6403
0.005, 6402
0.005, 6401
0.005, 6400
0.005, 6399
0.005, 6398
0.005, 6397
0.005, 6396
0.005, 6395
0.005, 6394
0.005, 6393
0.005, 6392
0.005, 6391
0.005, 6390
0.005, 6389
0.005, 6388
0.005, 6387
0.005, 6386
0.005, 6385
0.005, 6384
0.005, 6383
0.005, 6382
0.005, 6381
0.005, 6380
0.005, 6379
0.005, 6378
0.005, 6377
0.005, 6376
0.005, 6375
0.005, 6374
0.005, 6373
0.005, 6372
0.005, 6371
0.005, 6370
0.005, 6369
0.005, 6368
0.005, 6367
0.005, 6366
0.005, 6365
0.005, 6364
0.005, 6363
0.005, 6362
0.005, 6361
0.005, 6360
0.005, 6359
0.005, 6358
0.005, 6357
0.005, 6356
0.005, 6355
0.005, 6354
0.005, 6353
0.005, 6352
0.005, 6351
0.005, 6350
0.005, 6349
0.005, 6348
0.005, 6347
0.005, 6346
0.005, 6345
0.005, 6344
0.005, 6343
0.005, 6342
0.005, 6341
0.005, 6340
0.005, 6339
0.005, 6338
0.005, 6337
0.005, 6336
0.005, 6335
0.005, 6334
0.005, 6333
0.005, 6332
0.005, 6331
0.005, 6330
0.005, 6329
0.005, 6328
0.005, 6327
0.005, 6326
0.005, 6325
0.005, 6324
0.005, 6323
0.005, 6322
0.005, 6321
0.005, 6320
0.005, 6319
0.005, 6318
0.005, 6317
0.005, 6316
0.005, 6315
0.005, 6314
0.005, 6313
0.005, 6312
0.005, 6311
0.005, 6310
0.005, 6309
0.005, 6308
0.005, 6307
0.005, 6306
0.005, 6305
0.005, 6304
0.005, 6303
0.005, 6302
0.005, 6301
0.005, 6300
0.005, 6299
0.005, 6298
0.005, 6297
0.005, 6296
0.005, 6295
0.005, 6294
0.005, 6293
0.005, 6292
0.005, 6291
0.005, 6290
0.005, 6289
0.005, 6288
0.005, 6287
0.005, 6286
0.005, 6285
0.005, 6284
0.005, 6283
0.005, 6282
0.005, 6281
0.005, 6280
0.005, 6279
0.005, 6278
0.005, 6277
0.005, 6276
0.005, 6275
0.005, 6274
0.005, 6273
0.005, 6272
0.005, 6271
0.005, 6270
0.005, 6269
0.005, 6268
0.005, 6267
0.005, 6266
0.005, 6265
0.005, 6264
0.005, 6263
0.005, 6262
0.005, 6261
0.005, 6260
0.005, 6259
0.005, 6258
0.005, 6257
0.005, 6256
0.005, 6255
0.005, 6254
0.005, 6253
0.005, 6252
0.005, 6251
0.005, 6250
0.005, 6249
0.005, 6248
0.005, 6247
0.005, 6246
0.005, 6245
0.005, 6244
0.005, 6243
0.005, 6242
0.005, 6241
0.005, 6240
0.005, 6239
0.005, 6238
0.005, 6237
0.005, 6236
0.005, 6235
0.005, 6234
0.005, 6233
0.005, 6232
0.005, 6231
0.005, 6230
0.005, 6229
0.005, 6228
0.005, 6227
0.005, 6226
0.005, 6225
0.005, 6224
0.005, 6223
0.005, 6222
0.005, 6221
0.005, 6220
0.005, 6219
0.005, 6218
0.005, 6217
0.005, 6216
0.005, 6215
0.005, 6214
0.005, 6213
0.005, 6212
0.005, 6211
0.005, 6210
0.005, 6209
0.005, 6208
0.005, 6207
0.005, 6206
0.005, 6205
0.005, 6204
0.005, 6203
0.005, 6202
0.005, 6201
0.005, 6200
0.005, 6199
0.005, 6198
0.005, 6197
0.005, 6196
0.005, 6195
0.005, 6194
0.005, 6193
0.005, 6192
0.005, 6191
0.005, 6190
0.006, 6189
0.006, 6188
0.006, 6187
0.006, 6186
0.006, 6185
0.006, 6184
0.006, 6183
0.006, 6182
0.006, 6181
0.006, 6180
0.006, 6179
0.006, 6178
0.006, 6177
0.006, 6176
0.006, 6175
0.006, 6174
0.006, 6173
0.006, 6172
0.006, 6171
0.006, 6170
0.006, 6169
0.006, 6168
0.006, 6167
0.006, 6166
0.006, 6165
0.006, 6164
0.006, 6163
0.006, 6162
0.006, 6161
0.006, 6160
0.006, 6159
0.006, 6158
0.006, 6157
0.006, 6156
0.006, 6155
0.006, 6154
0.006, 6153
0.006, 6152
0.006, 6151
0.006, 6150
0.006, 6149
0.006, 6148
0.006, 6147
0.006, 6146
0.006, 6145
0.006, 6144
0.006, 6143
0.006, 6142
0.006, 6141
0.006, 6140
0.006, 6139
0.006, 6138
0.006, 6137
0.006, 6136
0.006, 6135
0.006, 6134
0.006, 6133
0.006, 6132
0.006, 6131
0.006, 6130
0.006, 6129
0.006, 6128
0.006, 6127
0.006, 6126
0.006, 6125
0.006, 6124
0.006, 6123
0.006, 6122
0.006, 6121
0.006, 6120
0.006, 6119
0.006, 6118
0.006, 6117
0.006, 6116
0.006, 6115
0.006, 6114
0.006, 6113
0.006, 6112
0.006, 6111
0.006, 6110
0.006, 6109
0.006, 6108
0.006, 6107
0.006, 6106
0.006, 6105
0.006, 6104
0.006, 6103
0.006, 6102
0.006, 6101
0.006, 6100
0.006, 6099
0.006, 6098
0.006, 6097
0.006, 6096
0.006, 6095
0.006, 6094
0.006, 6093
0.006, 6092
0.006, 6091
0.006, 6090
0.006, 6089
0.006, 6088
0.006, 6087
0.006, 6086
0.006, 6085
0.006, 6084
0.006, 6083
0.006, 6082
0.006, 6081
0.006, 6080
0.006, 6079
0.006, 6078
0.006, 6077
0.006, 6076
0.006, 6075
0.006, 6074
0.006, 6073
0.006, 6072
0.006, 6071
0.006, 6070
0.006, 6069
0.006, 6068
0.006, 6067
0.006, 6066
0.006, 6065
0.006, 6064
0.006, 6063
0.006, 6062
0.006, 6061
0.006, 6060
0.006, 6059
0.006, 6058
0.006, 6057
0.006, 6056
0.006, 6055
0.006, 6054
0.006, 6053
0.006, 6052
0.006, 6051
0.006, 6050
0.006, 6049
0.006, 6048
0.006, 6047
0.006, 6046
0.006, 6045
0.006, 6044
0.006, 6043
0.006, 6042
0.006, 6041
0.006, 6040
0.006, 6039
0.006, 6038
0.006, 6037
0.006, 6036
0.006, 6035
0.006, 6034
0.006, 6033
0.006, 6032
0.006, 6031
0.006, 6030
0.006, 6029
0.006, 6028
0.006, 6027
0.006, 6026
0.006, 6025
0.006, 6024
0.006, 6023
0.006, 6022
0.006, 6021
0.006, 6020
0.006, 6019
0.006, 6018
0.006, 6017
0.006, 6016
0.006, 6015
0.006, 6014
0.006, 6013
0.006, 6012
0.006, 6011
0.006, 6010
0.006, 6009
0.006, 6008
0.006, 6007
0.006, 6006
0.006, 6005
0.006, 6004
0.006, 6003
0.006, 6002
0.006, 6001
0.006, 6000
0.006, 5999
0.006, 5998
0.006, 5997
0.006, 5996
0.006, 5995
0.006, 5994
0.006, 5993
0.006, 5992
0.006, 5991
0.006, 5990
0.006, 5989
0.006, 5988
0.006, 5987
0.006, 5986
0.006, 5985
0.006, 5984
0.006, 5983
0.006, 5982
0.006, 5981
0.006, 5980
0.006, 5979
0.006, 5978
0.006, 5977
0.006, 5976
0.006, 5975
0.006, 5974
0.006, 5973
0.006, 5972
0.006, 5971
0.006, 5970
0.006, 5969
0.006, 5968
0.006, 5967
0.006, 5966
0.006, 5965
0.006, 5964
0.006, 5963
0.006, 5962
0.006, 5961
0.006, 5960
0.006, 5959
0.006, 5958
0.006, 5957
0.006, 5956
0.006, 5955
0.006, 5954
0.006, 5953
0.006, 5952
0.006, 5951
0.006, 5950
0.006, 5949
0.006, 5948
0.006, 5947
0.006, 5946
0.006, 5945
0.006, 5944
0.006, 5943
0.006, 5942
0.006, 5941
0.006, 5940
0.006, 5939
0.006, 5938
0.006, 5937
0.006, 5936
0.006, 5935
0.006, 5934
0.006, 5933
0.006, 5932
0.006, 5931
0.006, 5930
0.006, 5929
0.006, 5928
0.006, 5927
0.006, 5926
0.006, 5925
0.006, 5924
0.006, 5923
0.006, 5922
0.006, 5921
0.006, 5920
0.006, 5919
0.006, 5918
0.006, 5917
0.006, 5916
0.006, 5915
0.006, 5914
0.006, 5913
0.006, 5912
0.006, 5911
0.006, 5910
0.006, 5909
0.006, 5908
0.006, 5907
0.006, 5906
0.006, 5905
0.006, 5904
0.006, 5903
0.006, 5902
0.006, 5901
0.006, 5900
0.006, 5899
0.006, 5898
0.006, 5897
0.006, 5896
0.006, 5895
0.006, 5894
0.006, 5893
0.006, 5892
0.006, 5891
0.006, 5890
0.006, 5889
0.006, 5888
0.006, 5887
0.006, 5886
0.006, 5885
0.006, 5884
0.006, 5883
0.006, 5882
0.006, 5881
0.006, 5880
0.006, 5879
0.006, 5878
0.006, 5877
0.006, 5876
0.006, 5875
0.006, 5874
0.006, 5873
0.006, 5872
0.006, 5871
0.006, 5870
0.006, 5869
0.006, 5868
0.006, 5867
0.006, 5866
0.006, 5865
0.006, 5864
0.006, 5863
0.006, 5862
0.006, 5861
0.006, 5860
0.006, 5859
0.006, 5858
0.006, 5857
0.006, 5856
0.006, 5855
0.006, 5854
0.006, 5853
0.006, 5852
0.006, 5851
0.006, 5850
0.006, 5849
0.006, 5848
0.006, 5847
0.006, 5846
0.006, 5845
0.006, 5844
0.006, 5843
0.006, 5842
0.006, 5841
0.006, 5840
0.006, 5839
0.006, 5838
0.006, 5837
0.006, 5836
0.006, 5835
0.006, 5834
0.006, 5833
0.006, 5832
0.006, 5831
0.006, 5830
0.006, 5829
0.006, 5828
0.006, 5827
0.006, 5826
0.006, 5825
0.006, 5824
0.006, 5823
0.006, 5822
0.006, 5821
0.006, 5820
0.006, 5819
0.006, 5818
0.006, 5817
0.006, 5816
0.006, 5815
0.006, 5814
0.006, 5813
0.006, 5812
0.006, 5811
0.006, 5810
0.006, 5809
0.006, 5808
0.006, 5807
0.006, 5806
0.006, 5805
0.006, 5804
0.006, 5803
0.006, 5802
0.006, 5801
0.006, 5800
0.006, 5799
0.006, 5798
0.006, 5797
0.006, 5796
0.006, 5795
0.006, 5794
0.006, 5793
0.006, 5792
0.006, 5791
0.006, 5790
0.006, 5789
0.006, 5788
0.006, 5787
0.006, 5786
0.006, 5785
0.006, 5784
0.006, 5783
0.006, 5782
0.006, 5781
0.006, 5780
0.006, 5779
0.006, 5778
0.006, 5777
0.006, 5776
0.006, 5775
0.006, 5774
0.006, 5773
0.006, 5772
0.006, 5771
0.006, 5770
0.006, 5769
0.006, 5768
0.006, 5767
0.006, 5766
0.006, 5765
0.006, 5764
0.006, 5763
0.006, 5762
0.006, 5761
0.006, 5760
0.006, 5759
0.006, 5758
0.006, 5757
0.006, 5756
0.006, 5755
0.006, 5754
0.006, 5753
0.006, 5752
0.006, 5751
0.006, 5750
0.006, 5749
0.006, 5748
0.006, 5747
0.006, 5746
0.006, 5745
0.006, 5744
0.006, 5743
0.006, 5742
0.006, 5741
0.006, 5740
0.006, 5739
0.006, 5738
0.006, 5737
0.006, 5736
0.006, 5735
0.006, 5734
0.006, 5733
0.006, 5732
0.006, 5731
0.006, 5730
0.006, 5729
0.006, 5728
0.006, 5727
0.006, 5726
0.006, 5725
0.006, 5724
0.006, 5723
0.006, 5722
0.006, 5721
0.006, 5720
0.006, 5719
0.006, 5718
0.006, 5717
0.006, 5716
0.006, 5715
0.006, 5714
0.006, 5713
0.006, 5712
0.006, 5711
0.006, 5710
0.006, 5709
0.006, 5708
0.006, 5707
0.006, 5706
0.006, 5705
0.006, 5704
0.006, 5703
0.006, 5702
0.006, 5701
0.006, 5700
0.006, 5699
0.006, 5698
0.006, 5697
0.006, 5696
0.006, 5695
0.006, 5694
0.006, 5693
0.006, 5692
0.006, 5691
0.006, 5690
0.006, 5689
0.006, 5688
0.006, 5687
0.006, 5686
0.006, 5685
0.006, 5684
0.006, 5683
0.006, 5682
0.006, 5681
0.006, 5680
0.006, 5679
0.006, 5678
0.006, 5677
0.006, 5676
0.006, 5675
0.006, 5674
0.006, 5673
0.006, 5672
0.006, 5671
0.006, 5670
0.006, 5669
0.006, 5668
0.006, 5667
0.006, 5666
0.006, 5665
0.006, 5664
0.006, 5663
0.006, 5662
0.006, 5661
0.006, 5660
0.006, 5659
0.006, 5658
0.006, 5657
0.006, 5656
0.006, 5655
0.006, 5654
0.006, 5653
0.006, 5652
0.007, 5651
0.007, 5650
0.007, 5649
0.007, 5648
0.007, 5647
0.007, 5646
0.007, 5645
0.007, 5644
0.007, 5643
0.007, 5642
0.007, 5641
0.007, 5640
0.007, 5639
0.007, 5638
0.007, 5637
0.007, 5636
0.007, 5635
0.007, 5634
0.007, 5633
0.007, 5632
0.007, 5631
0.007, 5630
0.007, 5629
0.007, 5628
0.007, 5627
0.007, 5626
0.007, 5625
0.007, 5624
0.007, 5623
0.007, 5622
0.007, 5621
0.007, 5620
0.007, 5619
0.007, 5618
0.007, 5617
0.007, 5616
0.007, 5615
0.007, 5614
0.007, 5613
0.007, 5612
0.007, 5611
0.007, 5610
0.007, 5609
0.007, 5608
0.007, 5607
0.007, 5606
0.007, 5605
0.007, 5604
0.007, 5603
0.007, 5602
0.007, 5601
0.007, 5600
0.007, 5599
0.007, 5598
0.007, 5597
0.007, 5596
0.007, 5595
0.007, 5594
0.007, 5593
0.007, 5592
0.007, 5591
0.007, 5590
0.007, 5589
0.007, 5588
0.007, 5587
0.007, 5586
0.007, 5585
0.007, 5584
0.007, 5583
0.007, 5582
0.007, 5581
0.007, 5580
0.007, 5579
0.007, 5578
0.007, 5577
0.007, 5576
0.007, 5575
0.007, 5574
0.007, 5573
0.007, 5572
0.007, 5571
0.007, 5570
0.007, 5569
0.007, 5568
0.007, 5567
0.007, 5566
0.007, 5565
0.007, 5564
0.007, 5563
0.007, 5562
0.007, 5561
0.007, 5560
0.007, 5559
0.007, 5558
0.007, 5557
0.007, 5556
0.007, 5555
0.007, 5554
0.007, 5553
0.007, 5552
0.007, 5551
0.007, 5550
0.007, 5549
0.007, 5548
0.007, 5547
0.007, 5546
0.007, 5545
0.007, 5544
0.007, 5543
0.007, 5542
0.007, 5541
0.007, 5540
0.007, 5539
0.007, 5538
0.007, 5537
0.007, 5536
0.007, 5535
0.007, 5534
0.007, 5533
0.007, 5532
0.007, 5531
0.007, 5530
0.007, 5529
0.007, 5528
0.007, 5527
0.007, 5526
0.007, 5525
0.007, 5524
0.007, 5523
0.007, 5522
0.007, 5521
0.007, 5520
0.007, 5519
0.007, 5518
0.007, 5517
0.007, 5516
0.007, 5515
0.007, 5514
0.007, 5513
0.007, 5512
0.007, 5511
0.007, 5510
0.007, 5509
0.007, 5508
0.007, 5507
0.007, 5506
0.007, 5505
0.007, 5504
0.007, 5503
0.007, 5502
0.007, 5501
0.007, 5500
0.007, 5499
0.007, 5498
0.007, 5497
0.007, 5496
0.007, 5495
0.007, 5494
0.007, 5493
0.007, 5492
0.007, 5491
0.007, 5490
0.007, 5489
0.007, 5488
0.007, 5487
0.007, 5486
0.007, 5485
0.007, 5484
0.007, 5483
0.007, 5482
0.007, 5481
0.007, 5480
0.007, 5479
0.007, 5478
0.007, 5477
0.007, 5476
0.007, 5475
0.007, 5474
0.007, 5473
0.007, 5472
0.007, 5471
0.007, 5470
0.007, 5469
0.007, 5468
0.007, 5467
0.007, 5466
0.007, 5465
0.007, 5464
0.007, 5463
0.007, 5462
0.007, 5461
0.007, 5460
0.007, 5459
0.007, 5458
0.007, 5457
0.007, 5456
0.007, 5455
0.007, 5454
0.007, 5453
0.007, 5452
0.007, 5451
0.007, 5450
0.007, 5449
0.007, 5448
0.007, 5447
0.007, 5446
0.007, 5445
0.007, 5444
0.007, 5443
0.007, 5442
0.007, 5441
0.007, 5440
0.007, 5439
0.007, 5438
0.007, 5437
0.007, 5436
0.007, 5435
0.007, 5434
0.007, 5433
0.007, 5432
0.007, 5431
0.007, 5430
0.007, 5429
0.007, 5428
0.007, 5427
0.007, 5426
0.007, 5425
0.007, 5424
0.007, 5423
0.007, 5422
0.007, 5421
0.007, 5420
0.007, 5419
0.007, 5418
0.007, 5417
0.007, 5416
0.007, 5415
0.007, 5414
0.007, 5413
0.007, 5412
0.007, 5411
0.007, 5410
0.007, 5409
0.007, 5408
0.007, 5407
0.007, 5406
0.007, 5405
0.007, 5404
0.007, 5403
0.007, 5402
0.007, 5401
0.007, 5400
0.007, 5399
0.007, 5398
0.007, 5397
0.007, 5396
0.007, 5395
0.007, 5394
0.007, 5393
0.007, 5392
0.007, 5391
0.007, 5390
0.007, 5389
0.007, 5388
0.007, 5387
0.007, 5386
0.007, 5385
0.007, 5384
0.007, 5383
0.007, 5382
0.007, 5381
0.007, 5380
0.007, 5379
0.007, 5378
0.007, 5377
0.007, 5376
0.007, 5375
0.007, 5374
0.007, 5373
0.007, 5372
0.007, 5371
0.007, 5370
0.007, 5369
0.007, 5368
0.007, 5367
0.007, 5366
0.007, 5365
0.007, 5364
0.007, 5363
0.007, 5362
0.007, 5361
0.007, 5360
0.007, 5359
0.007, 5358
0.007, 5357
0.007, 5356
0.007, 5355
0.007, 5354
0.007, 5353
0.007, 5352
0.007, 5351
0.007, 5350
0.007, 5349
0.007, 5348
0.007, 5347
0.007, 5346
0.007, 5345
0.007, 5344
0.007, 5343
0.007, 5342
0.007, 5341
0.007, 5340
0.007, 5339
0.007, 5338
0.007, 5337
0.007, 5336
0.007, 5335
0.007, 5334
0.007, 5333
0.007, 5332
0.007, 5331
0.007, 5330
0.007, 5329
0.007, 5328
0.007, 5327
0.007, 5326
0.007, 5325
0.007, 5324
0.007, 5323
0.007, 5322
0.007, 5321
0.007, 5320
0.007, 5319
0.007, 5318
0.007, 5317
0.007, 5316
0.007, 5315
0.007, 5314
0.007, 5313
0.007, 5312
0.007, 5311
0.007, 5310
0.007, 5309
0.007, 5308
0.007, 5307
0.007, 5306
0.007, 5305
0.007, 5304
0.007, 5303
0.007, 5302
0.007, 5301
0.007, 5300
0.007, 5299
0.007, 5298
0.007, 5297
0.007, 5296
0.007, 5295
0.007, 5294
0.007, 5293
0.007, 5292
0.007, 5291
0.007, 5290
0.007, 5289
0.007, 5288
0.007, 5287
0.007, 5286
0.007, 5285
0.007, 5284
0.007, 5283
0.007, 5282
0.007, 5281
0.007, 5280
0.007, 5279
0.007, 5278
0.007, 5277
0.007, 5276
0.007, 5275
0.007, 5274
0.007, 5273
0.007, 5272
0.007, 5271
0.007, 5270
0.007, 5269
0.007, 5268
0.007, 5267
0.007, 5266
0.007, 5265
0.007, 5264
0.007, 5263
0.007, 5262
0.007, 5261
0.007, 5260
0.007, 5259
0.007, 5258
0.007, 5257
0.007, 5256
0.007, 5255
0.007, 5254
0.007, 5253
0.007, 5252
0.007, 5251
0.007, 5250
0.007, 5249
0.007, 5248
0.007, 5247
0.007, 5246
0.007, 5245
0.007, 5244
0.007, 5243
0.007, 5242
0.007, 5241
0.007, 5240
0.007, 5239
0.007, 5238
0.007, 5237
0.007, 5236
0.007, 5235
0.007, 5234
0.007, 5233
0.007, 5232
0.007, 5231
0.007, 5230
0.007, 5229
0.007, 5228
0.007, 5227
0.007, 5226
0.007, 5225
0.007, 5224
0.007, 5223
0.007, 5222
0.007, 5221
0.007, 5220
0.007, 5219
0.007, 5218
0.007, 5217
0.007, 5216
0.007, 5215
0.007, 5214
0.007, 5213
0.007, 5212
0.007, 5211
0.007, 5210
0.007, 5209
0.007, 5208
0.007, 5207
0.007, 5206
0.007, 5205
0.007, 5204
0.007, 5203
0.007, 5202
0.007, 5201
0.007, 5200
0.007, 5199
0.007, 5198
0.007, 5197
0.007, 5196
0.007, 5195
0.007, 5194
0.007, 5193
0.007, 5192
0.007, 5191
0.007, 5190
0.007, 5189
0.007, 5188
0.007, 5187
0.007, 5186
0.007, 5185
0.007, 5184
0.007, 5183
0.007, 5182
0.007, 5181
0.007, 5180
0.007, 5179
0.007, 5178
0.007, 5177
0.007, 5176
0.007, 5175
0.007, 5174
0.007, 5173
0.007, 5172
0.007, 5171
0.007, 5170
0.007, 5169
0.007, 5168
0.007, 5167
0.007, 5166
0.007, 5165
0.007, 5164
0.007, 5163
0.007, 5162
0.007, 5161
0.007, 5160
0.007, 5159
0.007, 5158
0.007, 5157
0.007, 5156
0.007, 5155
0.007, 5154
0.007, 5153
0.007, 5152
0.007, 5151
0.007, 5150
0.007, 5149
0.007, 5148
0.007, 5147
0.007, 5146
0.007, 5145
0.007, 5144
0.007, 5143
0.007, 5142
0.007, 5141
0.007, 5140
0.007, 5139
0.008, 5138
0.008, 5137
0.008, 5136
0.008, 5135
0.008, 5134
0.008, 5133
0.008, 5132
0.008, 5131
0.008, 5130
0.008, 5129
0.008, 5128
0.008, 5127
0.008, 5126
0.008, 5125
0.008, 5124
0.008, 5123
0.008, 5122
0.008, 5121
0.008, 5120
0.008, 5119
0.008, 5118
0.008, 5117
0.008, 5116
0.008, 5115
0.008, 5114
0.008, 5113
0.008, 5112
0.008, 5111
0.008, 5110
0.008, 5109
0.008, 5108
0.008, 5107
0.008, 5106
0.008, 5105
0.008, 5104
0.008, 5103
0.008, 5102
0.008, 5101
0.008, 5100
0.008, 5099
0.008, 5098
0.008, 5097
0.008, 5096
0.008, 5095
0.008, 5094
0.008, 5093
0.008, 5092
0.008, 5091
0.008, 5090
0.008, 5089
0.008, 5088
0.008, 5087
0.008, 5086
0.008, 5085
0.008, 5084
0.008, 5083
0.008, 5082
0.008, 5081
0.008, 5080
0.008, 5079
0.008, 5078
0.008, 5077
0.008, 5076
0.008, 5075
0.008, 5074
0.008, 5073
0.008, 5072
0.008, 5071
0.008, 5070
0.008, 5069
0.008, 5068
0.008, 5067
0.008, 5066
0.008, 5065
0.008, 5064
0.008, 5063
0.008, 5062
0.008, 5061
0.008, 5060
0.008, 5059
0.008, 5058
0.008, 5057
0.008, 5056
0.008, 5055
0.008, 5054
0.008, 5053
0.008, 5052
0.008, 5051
0.008, 5050
0.008, 5049
0.008, 5048
0.008, 5047
0.008, 5046
0.008, 5045
0.008, 5044
0.008, 5043
0.008, 5042
0.008, 5041
0.008, 5040
0.008, 5039
0.008, 5038
0.008, 5037
0.008, 5036
0.008, 5035
0.008, 5034
0.008, 5033
0.008, 5032
0.008, 5031
0.008, 5030
0.008, 5029
0.008, 5028
0.008, 5027
0.008, 5026
0.008, 5025
0.008, 5024
0.008, 5023
0.008, 5022
0.008, 5021
0.008, 5020
0.008, 5019
0.008, 5018
0.008, 5017
0.008, 5016
0.008, 5015
0.008, 5014
0.008, 5013
0.008, 5012
0.008, 5011
0.008, 5010
0.008, 5009
0.008, 5008
0.008, 5007
0.008, 5006
0.008, 5005
0.008, 5004
0.008, 5003
0.008, 5002
0.008, 5001
0.008, 5000
0.008, 4999
0.008, 4998
0.008, 4997
0.008, 4996
0.008, 4995
0.008, 4994
0.008, 4993
0.008, 4992
0.008, 4991
0.008, 4990
0.008, 4989
0.008, 4988
0.008, 4987
0.008, 4986
0.008, 4985
0.008, 4984
0.008, 4983
0.008, 4982
0.008, 4981
0.008, 4980
0.008, 4979
0.008, 4978
0.008, 4977
0.008, 4976
0.008, 4975
0.008, 4974
0.008, 4973
0.008, 4972
0.008, 4971
0.008, 4970
0.008, 4969
0.008, 4968
0.008, 4967
0.008, 4966
0.008, 4965
0.008, 4964
0.008, 4963
0.008, 4962
0.008, 4961
0.008, 4960
0.008, 4959
0.008, 4958
0.008, 4957
0.008, 4956
0.008, 4955
0.008, 4954
0.008, 4953
0.008, 4952
0.008, 4951
0.008, 4950
0.008, 4949
0.008, 4948
0.008, 4947
0.008, 4946
0.008, 4945
0.008, 4944
0.008, 4943
0.008, 4942
0.008, 4941
0.008, 4940
0.008, 4939
0.008, 4938
0.008, 4937
0.008, 4936
0.008, 4935
0.008, 4934
0.008, 4933
0.008, 4932
0.008, 4931
0.008, 4930
0.008, 4929
0.008, 4928
0.008, 4927
0.008, 4926
0.008, 4925
0.008, 4924
0.008, 4923
0.008, 4922
0.008, 4921
0.008, 4920
0.008, 4919
0.008, 4918
0.008, 4917
0.008, 4916
0.008, 4915
0.008, 4914
0.008, 4913
0.008, 4912
0.008, 4911
0.008, 4910
0.008, 4909
0.008, 4908
0.008, 4907
0.008, 4906
0.008, 4905
0.008, 4904
0.008, 4903
0.008, 4902
0.008, 4901
0.008, 4900
0.008, 4899
0.008, 4898
0.008, 4897
0.008, 4896
0.008, 4895
0.008, 4894
0.008, 4893
0.008, 4892
0.008, 4891
0.008, 4890
0.008, 4889
0.008, 4888
0.008, 4887
0.008, 4886
0.008, 4885
0.008, 4884
0.008, 4883
0.008, 4882
0.008, 4881
0.008, 4880
0.008, 4879
0.008, 4878
0.008, 4877
0.008, 4876
0.008, 4875
0.008, 4874
0.008, 4873
0.008, 4872
0.008, 4871
0.008, 4870
0.008, 4869
0.008, 4868
0.008, 4867
0.008, 4866
0.008, 4865
0.008, 4864
0.008, 4863
0.008, 4862
0.008, 4861
0.008, 4860
0.008, 4859
0.008, 4858
0.008, 4857
0.008, 4856
0.008, 4855
0.008, 4854
0.008, 4853
0.008, 4852
0.008, 4851
0.008, 4850
0.008, 4849
0.008, 4848
0.008, 4847
0.008, 4846
0.008, 4845
0.008, 4844
0.008, 4843
0.008, 4842
0.008, 4841
0.008, 4840
0.008, 4839
0.008, 4838
0.008, 4837
0.008, 4836
0.008, 4835
0.008, 4834
0.008, 4833
0.008, 4832
0.008, 4831
0.008, 4830
0.008, 4829
0.008, 4828
0.008, 4827
0.008, 4826
0.008, 4825
0.008, 4824
0.008, 4823
0.008, 4822
0.008, 4821
0.008, 4820
0.008, 4819
0.008, 4818
0.008, 4817
0.008, 4816
0.008, 4815
0.008, 4814
0.008, 4813
0.008, 4812
0.008, 4811
0.008, 4810
0.008, 4809
0.008, 4808
0.008, 4807
0.008, 4806
0.008, 4805
0.008, 4804
0.008, 4803
0.008, 4802
0.008, 4801
0.008, 4800
0.008, 4799
0.008, 4798
0.008, 4797
0.008, 4796
0.008, 4795
0.008, 4794
0.008, 4793
0.008, 4792
0.008, 4791
0.008, 4790
0.008, 4789
0.008, 4788
0.008, 4787
0.008, 4786
0.008, 4785
0.008, 4784
0.008, 4783
0.008, 4782
0.008, 4781
0.008, 4780
0.008, 4779
0.008, 4778
0.008, 4777
0.008, 4776
0.008, 4775
0.008, 4774
0.008, 4773
0.008, 4772
0.008, 4771
0.008, 4770
0.008, 4769
0.008, 4768
0.008, 4767
0.008, 4766
0.008, 4765
0.008, 4764
0.008, 4763
0.008, 4762
0.008, 4761
0.008, 4760
0.008, 4759
0.008, 4758
0.008, 4757
0.008, 4756
0.008, 4755
0.008, 4754
0.008, 4753
0.008, 4752
0.008, 4751
0.008, 4750
0.008, 4749
0.008, 4748
0.008, 4747
0.008, 4746
0.008, 4745
0.008, 4744
0.008, 4743
0.008, 4742
0.008, 4741
0.008, 4740
0.008, 4739
0.008, 4738
0.008, 4737
0.008, 4736
0.008, 4735
0.008, 4734
0.008, 4733
0.008, 4732
0.008, 4731
0.008, 4730
0.008, 4729
0.008, 4728
0.008, 4727
0.008, 4726
0.008, 4725
0.008, 4724
0.008, 4723
0.008, 4722
0.008, 4721
0.008, 4720
0.008, 4719
0.008, 4718
0.008, 4717
0.008, 4716
0.008, 4715
0.008, 4714
0.008, 4713
0.008, 4712
0.008, 4711
0.008, 4710
0.008, 4709
0.008, 4708
0.008, 4707
0.008, 4706
0.008, 4705
0.008, 4704
0.008, 4703
0.008, 4702
0.008, 4701
0.008, 4700
0.008, 4699
0.008, 4698
0.008, 4697
0.008, 4696
0.008, 4695
0.008, 4694
0.008, 4693
0.008, 4692
0.008, 4691
0.008, 4690
0.008, 4689
0.008, 4688
0.008, 4687
0.008, 4686
0.008, 4685
0.008, 4684
0.008, 4683
0.008, 4682
0.008, 4681
0.008, 4680
0.008, 4679
0.008, 4678
0.008, 4677
0.008, 4676
0.008, 4675
0.008, 4674
0.008, 4673
0.008, 4672
0.008, 4671
0.008, 4670
0.008, 4669
0.008, 4668
0.008, 4667
0.008, 4666
0.008, 4665
0.008, 4664
0.008, 4663
0.008, 4662
0.008, 4661
0.008, 4660
0.008, 4659
0.008, 4658
0.008, 4657
0.008, 4656
0.008, 4655
0.008, 4654
0.008, 4653
0.008, 4652
0.009, 4651
0.009, 4650
0.009, 4649
0.009, 4648
0.009, 4647
0.009, 4646
0.009, 4645
0.009, 4644
0.009, 4643
0.009, 4642
0.009, 4641
0.009, 4640
0.009, 4639
0.009, 4638
0.009, 4637
0.009, 4636
0.009, 4635
0.009, 4634
0.009, 4633
0.009, 4632
0.009, 4631
0.009, 4630
0.009, 4629
0.009, 4628
0.009, 4627
0.009, 4626
0.009, 4625
0.009, 4624
0.009, 4623
0.009, 4622
0.009, 4621
0.009, 4620
0.009, 4619
0.009, 4618
0.009, 4617
0.009, 4616
0.009, 4615
0.009, 4614
0.009, 4613
0.009, 4612
0.009, 4611
0.009, 4610
0.009, 4609
0.009, 4608
0.009, 4607
0.009, 4606
0.009, 4605
0.009, 4604
0.009, 4603
0.009, 4602
0.009, 4601
0.009, 4600
0.009, 4599
0.009, 4598
0.009, 4597
0.009, 4596
0.009, 4595
0.009, 4594
0.009, 4593
0.009, 4592
0.009, 4591
0.009, 4590
0.009, 4589
0.009, 4588
0.009, 4587
0.009, 4586
0.009, 4585
0.009, 4584
0.009, 4583
0.009, 4582
0.009, 4581
0.009, 4580
0.009, 4579
0.009, 4578
0.009, 4577
0.009, 4576
0.009, 4575
0.009, 4574
0.009, 4573
0.009, 4572
0.009, 4571
0.009, 4570
0.009, 4569
0.009, 4568
0.009, 4567
0.009, 4566
0.009, 4565
0.009, 4564
0.009, 4563
0.009, 4562
0.009, 4561
0.009, 4560
0.009, 4559
0.009, 4558
0.009, 4557
0.009, 4556
0.009, 4555
0.009, 4554
0.009, 4553
0.009, 4552
0.009, 4551
0.009, 4550
0.009, 4549
0.009, 4548
0.009, 4547
0.009, 4546
0.009, 4545
0.009, 4544
0.009, 4543
0.009, 4542
0.009, 4541
0.009, 4540
0.009, 4539
0.009, 4538
0.009, 4537
0.009, 4536
0.009, 4535
0.009, 4534
0.009, 4533
0.009, 4532
0.009, 4531
0.009, 4530
0.009, 4529
0.009, 4528
0.009, 4527
0.009, 4526
0.009, 4525
0.009, 4524
0.009, 4523
0.009, 4522
0.009, 4521
0.009, 4520
0.009, 4519
0.009, 4518
0.009, 4517
0.009, 4516
0.009, 4515
0.009, 4514
0.009, 4513
0.009, 4512
0.009, 4511
0.009, 4510
0.009, 4509
0.009, 4508
0.009, 4507
0.009, 4506
0.009, 4505
0.009, 4504
0.009, 4503
0.009, 4502
0.009, 4501
0.009, 4500
0.009, 4499
0.009, 4498
0.009, 4497
0.009, 4496
0.009, 4495
0.009, 4494
0.009, 4493
0.009, 4492
0.009, 4491
0.009, 4490
0.009, 4489
0.009, 4488
0.009, 4487
0.009, 4486
0.009, 4485
0.009, 4484
0.009, 4483
0.009, 4482
0.009, 4481
0.009, 4480
0.009, 4479
0.009, 4478
0.009, 4477
0.009, 4476
0.009, 4475
0.009, 4474
0.009, 4473
0.009, 4472
0.009, 4471
0.009, 4470
0.009, 4469
0.009, 4468
0.009, 4467
0.009, 4466
0.009, 4465
0.009, 4464
0.009, 4463
0.009, 4462
0.009, 4461
0.009, 4460
0.009, 4459
0.009, 4458
0.009, 4457
0.009, 4456
0.009, 4455
0.009, 4454
0.009, 4453
0.009, 4452
0.009, 4451
0.009, 4450
0.009, 4449
0.009, 4448
0.009, 4447
0.009, 4446
0.009, 4445
0.009, 4444
0.009, 4443
0.009, 4442
0.009, 4441
0.009, 4440
0.009, 4439
0.009, 4438
0.009, 4437
0.009, 4436
0.009, 4435
0.009, 4434
0.009, 4433
0.009, 4432
0.009, 4431
0.009, 4430
0.009, 4429
0.009, 4428
0.009, 4427
0.009, 4426
0.009, 4425
0.009, 4424
0.009, 4423
0.009, 4422
0.009, 4421
0.009, 4420
0.009, 4419
0.009, 4418
0.009, 4417
0.009, 4416
0.009, 4415
0.009, 4414
0.009, 4413
0.009, 4412
0.009, 4411
0.009, 4410
0.009, 4409
0.009, 4408
0.009, 4407
0.009, 4406
0.009, 4405
0.009, 4404
0.009, 4403
0.009, 4402
0.009, 4401
0.009, 4400
0.009, 4399
0.009, 4398
0.009, 4397
0.009, 4396
0.009, 4395
0.009, 4394
0.009, 4393
0.009, 4392
0.009, 4391
0.009, 4390
0.009, 4389
0.009, 4388
0.009, 4387
0.009, 4386
0.009, 4385
0.009, 4384
0.009, 4383
0.009, 4382
0.009, 4381
0.009, 4380
0.009, 4379
0.009, 4378
0.009, 4377
0.009, 4376
0.009, 4375
0.009, 4374
0.009, 4373
0.009, 4372
0.009, 4371
0.009, 4370
0.009, 4369
0.009, 4368
0.009, 4367
0.009, 4366
0.009, 4365
0.009, 4364
0.009, 4363
0.009, 4362
0.009, 4361
0.009, 4360
0.009, 4359
0.009, 4358
0.009, 4357
0.009, 4356
0.009, 4355
0.009, 4354
0.009, 4353
0.009, 4352
0.009, 4351
0.009, 4350
0.009, 4349
0.009, 4348
0.009, 4347
0.009, 4346
0.009, 4345
0.009, 4344
0.009, 4343
0.009, 4342
0.009, 4341
0.009, 4340
0.009, 4339
0.009, 4338
0.009, 4337
0.009, 4336
0.009, 4335
0.009, 4334
0.009, 4333
0.009, 4332
0.009, 4331
0.009, 4330
0.009, 4329
0.009, 4328
0.009, 4327
0.009, 4326
0.009, 4325
0.009, 4324
0.009, 4323
0.009, 4322
0.009, 4321
0.009, 4320
0.009, 4319
0.009, 4318
0.009, 4317
0.009, 4316
0.009, 4315
0.009, 4314
0.009, 4313
0.009, 4312
0.009, 4311
0.009, 4310
0.009, 4309
0.009, 4308
0.009, 4307
0.009, 4306
0.009, 4305
0.009, 4304
0.009, 4303
0.009, 4302
0.009, 4301
0.009, 4300
0.009, 4299
0.009, 4298
0.009, 4297
0.009, 4296
0.009, 4295
0.009, 4294
0.009, 4293
0.009, 4292
0.009, 4291
0.009, 4290
0.009, 4289
0.009, 4288
0.009, 4287
0.009, 4286
0.009, 4285
0.009, 4284
0.009, 4283
0.009, 4282
0.009, 4281
0.009, 4280
0.009, 4279
0.009, 4278
0.009, 4277
0.009, 4276
0.009, 4275
0.009, 4274
0.009, 4273
0.009, 4272
0.009, 4271
0.009, 4270
0.009, 4269
0.009, 4268
0.009, 4267
0.009, 4266
0.009, 4265
0.009, 4264
0.009, 4263
0.009, 4262
0.009, 4261
0.009, 4260
0.009, 4259
0.009, 4258
0.009, 4257
0.009, 4256
0.009, 4255
0.009, 4254
0.009, 4253
0.009, 4252
0.009, 4251
0.009, 4250
0.009, 4249
0.009, 4248
0.009, 4247
0.009, 4246
0.009, 4245
0.009, 4244
0.009, 4243
0.009, 4242
0.009, 4241
0.009, 4240
0.009, 4239
0.009, 4238
0.009, 4237
0.009, 4236
0.009, 4235
0.009, 4234
0.009, 4233
0.009, 4232
0.009, 4231
0.009, 4230
0.009, 4229
0.009, 4228
0.009, 4227
0.009, 4226
0.009, 4225
0.009, 4224
0.009, 4223
0.009, 4222
0.009, 4221
0.009, 4220
0.009, 4219
0.009, 4218
0.009, 4217
0.009, 4216
0.009, 4215
0.009, 4214
0.009, 4213
0.010, 4212
0.010, 4211
0.010, 4210
0.010, 4209
0.010, 4208
0.010, 4207
0.010, 4206
0.010, 4205
0.010, 4204
0.010, 4203
0.010, 4202
0.010, 4201
0.010, 4200
0.010, 4199
0.010, 4198
0.010, 4197
0.010, 4196
0.010, 4195
0.010, 4194
0.010, 4193
0.010, 4192
0.010, 4191
0.010, 4190
0.010, 4189
0.010, 4188
0.010, 4187
0.010, 4186
0.010, 4185
0.010, 4184
0.010, 4183
0.010, 4182
0.010, 4181
0.010, 4180
0.010, 4179
0.010, 4178
0.010, 4177
0.010, 4176
0.010, 4175
0.010, 4174
0.010, 4173
0.010, 4172
0.010, 4171
0.010, 4170
0.010, 4169
0.010, 4168
0.010, 4167
0.010, 4166
0.010, 4165
0.010, 4164
0.010, 4163
0.010, 4162
0.010, 4161
0.010, 4160
0.010, 4159
0.010, 4158
0.010, 4157
0.010, 4156
0.010, 4155
0.010, 4154
0.010, 4153
0.010, 4152
0.010, 4151
0.010, 4150
0.010, 4149
0.010, 4148
0.010, 4147
0.010, 4146
0.010, 4145
0.010, 4144
0.010, 4143
0.010, 4142
0.010, 4141
0.010, 4140
0.010, 4139
0.010, 4138
0.010, 4137
0.010, 4136
0.010, 4135
0.010, 4134
0.010, 4133
0.010, 4132
0.010, 4131
0.010, 4130
0.010, 4129
0.010, 4128
0.010, 4127
0.010, 4126
0.010, 4125
0.010, 4124
0.010, 4123
0.010, 4122
0.010, 4121
0.010, 4120
0.010, 4119
0.010, 4118
0.010, 4117
0.010, 4116
0.010, 4115
0.010, 4114
0.010, 4113
0.010, 4112
0.010, 4111
0.010, 4110
0.010, 4109
0.010, 4108
0.010, 4107
0.010, 4106
0.010, 4105
0.010, 4104
0.010, 4103
0.010, 4102
0.010, 4101
0.010, 4100
0.010, 4099
0.010, 4098
0.010, 4097
0.010, 4096
0.010, 4095
0.010, 4094
0.010, 4093
0.010, 4092
0.010, 4091
0.010, 4090
0.010, 4089
0.010, 4088
0.010, 4087
0.010, 4086
0.010, 4085
0.010, 4084
0.010, 4083
0.010, 4082
0.010, 4081
0.010, 4080
0.010, 4079
0.010, 4078
0.010, 4077
0.010, 4076
0.010, 4075
0.010, 4074
0.010, 4073
0.010, 4072
0.010, 4071
0.010, 4070
0.010, 4069
0.010, 4068
0.010, 4067
0.010, 4066
0.010, 4065
0.010, 4064
0.010, 4063
0.010, 4062
0.010, 4061
0.010, 4060
0.010, 4059
0.010, 4058
0.010, 4057
0.010, 4056
0.010, 4055
0.010, 4054
0.010, 4053
0.010, 4052
0.010, 4051
0.010, 4050
0.010, 4049
0.010, 4048
0.010, 4047
0.010, 4046
0.010, 4045
0.010, 4044
0.010, 4043
0.010, 4042
0.010, 4041
0.010, 4040
0.010, 4039
0.010, 4038
0.010, 4037
0.010, 4036
0.010, 4035
0.010, 4034
0.010, 4033
0.010, 4032
0.010, 4031
0.010, 4030
0.010, 4029
0.010, 4028
0.010, 4027
0.010, 4026
0.010, 4025
0.010, 4024
0.010, 4023
0.010, 4022
0.010, 4021
0.010, 4020
0.010, 4019
0.010, 4018
0.010, 4017
0.010, 4016
0.010, 4015
0.010, 4014
0.010, 4013
0.010, 4012
0.010, 4011
0.010, 4010
0.010, 4009
0.010, 4008
0.010, 4007
0.010, 4006
0.010, 4005
0.010, 4004
0.010, 4003
0.010, 4002
0.010, 4001
0.010, 4000
0.010, 3999
0.010, 3998
0.010, 3997
0.010, 3996
0.010, 3995
0.010, 3994
0.010, 3993
0.010, 3992
0.010, 3991
0.010, 3990
0.010, 3989
0.010, 3988
0.010, 3987
0.010, 3986
0.010, 3985
0.010, 3984
0.010, 3983
0.010, 3982
0.010, 3981
0.010, 3980
0.010, 3979
0.010, 3978
0.010, 3977
0.010, 3976
0.010, 3975
0.010, 3974
0.010, 3973
0.010, 3972
0.010, 3971
0.010, 3970
0.010, 3969
0.010, 3968
0.010, 3967
0.010, 3966
0.010, 3965
0.010, 3964
0.010, 3963
0.010, 3962
0.010, 3961
0.010, 3960
0.010, 3959
0.010, 3958
0.010, 3957
0.010, 3956
0.010, 3955
0.010, 3954
0.010, 3953
0.010, 3952
0.010, 3951
0.010, 3950
0.010, 3949
0.010, 3948
0.010, 3947
0.010, 3946
0.010, 3945
0.011, 3944
0.011, 3943
0.011, 3942
