0.000, 4534
0.339, 4533
0.343, 4532
0.347, 4531
0.348, 4530
0.348, 4529
0.352, 4528
0.354, 4527
0.359, 4526
0.359, 4525
0.363, 4524
0.372, 4523
0.373, 4522
0.382, 4521
0.384, 4520
0.384, 4519
0.386, 4518
0.393, 4517
0.394, 4516
0.397, 4515
0.403, 4514
0.404, 4513
0.405, 4512
0.412, 4511
0.415, 4510
0.415, 4509
0.416, 4508
0.418, 4507
0.420, 4506
0.428, 4505
0.430, 4504
0.430, 4503
0.431, 4502
0.432, 4501
0.434, 4500
0.434, 4499
0.436, 4498
0.437, 4497
0.442, 4496
0.445, 4495
0.455, 4494
0.456, 4493
0.458, 4492
0.465, 4491
0.466, 4490
0.466, 4489
0.470, 4488
0.471, 4487
0.473, 4486
0.474, 4485
0.475, 4484
0.477, 4483
0.477, 4482
0.480, 4481
0.483, 4480
0.485, 4479
0.502, 4478
0.508, 4477
0.512, 4476
0.513, 4475
0.519, 4474
0.522, 4473
0.526, 4472
0.529, 4471
0.529, 4470
0.530, 4469
0.537, 4468
0.539, 4467
0.541, 4466
0.545, 4465
0.549, 4464
0.555, 4463
0.560, 4462
0.562, 4461
0.565, 4460
0.565, 4459
0.580, 4458
0.584, 4457
0.598, 4456
0.606, 4455
0.608, 4454
0.612, 4453
0.616, 4452
0.620, 4451
0.624, 4450
0.643, 4449
0.647, 4448
0.654, 4447
0.654, 4446
0.668, 4445
0.670, 4444
0.674, 4443
0.676, 4442
0.682, 4441
0.685, 4440
0.689, 4439
0.693, 4438
0.698, 4437
0.706, 4436
0.710, 4435
0.722, 4434
0.725, 4433
0.736, 4432
0.740, 4431
0.741, 4430
0.747, 4429
0.753, 4428
0.757, 4427
0.760, 4426
0.761, 4425
0.766, 4424
0.769, 4423
0.775, 4422
0.783, 4421
0.783, 4420
0.785, 4419
0.785, 4418
0.791, 4417
0.796, 4416
0.799, 4415
0.800, 4414
0.808, 4413
0.814, 4412
0.823, 4411
0.828, 4410
0.839, 4409
0.840, 4408
0.848, 4407
0.852, 4406
0.854, 4405
0.855, 4404
0.856, 4403
0.858, 4402
0.859, 4401
0.862, 4400
0.866, 4399
0.876, 4398
0.882, 4397
0.884, 4396
0.893, 4395
0.897, 4394
0.904, 4393
0.906, 4392
0.909, 4391
0.916, 4390
0.933, 4389
0.934, 4388
0.934, 4387
0.962, 4386
0.964, 4385
0.967, 4384
0.974, 4383
0.978, 4382
0.983, 4381
0.991, 4380
0.993, 4379
0.994, 4378
1.002, 4377
1.008, 4376
1.009, 4375
1.011, 4374
1.016, 4373
1.030, 4372
1.040, 4371
1.041, 4370
1.053, 4369
1.054, 4368
1.061, 4367
1.067, 4366
1.075, 4365
1.076, 4364
1.079, 4363
1.092, 4362
1.093, 4361
1.099, 4360
1.104, 4359
1.106, 4358
1.111, 4357
1.117, 4356
1.121, 4355
1.125, 4354
1.127, 4353
1.130, 4352
1.133, 4351
1.135, 4350
1.137, 4349
1.144, 4348
1.147, 4347
1.180, 4346
1.189, 4345
1.194, 4344
1.195, 4343
1.196, 4342
1.229, 4341
1.237, 4340
1.237, 4339
1.246, 4338
1.250, 4337
1.255, 4336
1.261, 4335
1.262, 4334
1.264, 4333
1.272, 4332
1.278, 4331
1.280, 4330
1.283, 4329
1.284, 4328
1.291, 4327
1.306, 4326
1.324, 4325
1.342, 4324
1.353, 4323
1.365, 4322
1.369, 4321
1.370, 4320
1.380, 4319
1.381, 4318
1.399, 4317
1.406, 4316
1.412, 4315
1.415, 4314
1.420, 4313
1.423, 4312
1.425, 4311
1.428, 4310
1.440, 4309
1.448, 4308
1.451, 4307
1.455, 4306
1.462, 4305
1.466, 4304
1.472, 4303
1.477, 4302
1.478, 4301
1.479, 4300
1.485, 4299
1.500, 4298
1.534, 4297
1.538, 4296
1.540, 4295
1.544, 4294
1.553, 4293
1.561, 4292
1.575, 4291
1.576, 4290
1.579, 4289
1.580, 4288
1.592, 4287
1.597, 4286
1.601, 4285
1.601, 4284
1.617, 4283
1.620, 4282
1.623, 4281
1.633, 4280
1.641, 4279
1.647, 4278
1.648, 4277
1.659, 4276
1.660, 4275
1.662, 4274
1.667, 4273
1.676, 4272
1.681, 4271
1.685, 4270
1.693, 4269
1.700, 4268
1.705, 4267
1.708, 4266
1.709, 4265
1.711, 4264
1.720, 4263
1.722, 4262
1.728, 4261
1.730, 4260
1.744, 4259
1.744, 4258
1.759, 4257
1.760, 4256
1.766, 4255
1.773, 4254
1.774, 4253
1.778, 4252
1.787, 4251
1.794, 4250
1.800, 4249
1.817, 4248
1.822, 4247
1.825, 4246
1.837, 4245
1.850, 4244
1.854, 4243
1.857, 4242
1.869, 4241
1.873, 4240
1.882, 4239
1.910, 4238
1.918, 4237
1.929, 4236
1.943, 4235
1.955, 4234
1.971, 4233
1.972, 4232
1.989, 4231
1.993, 4230
2.000, 4229
2.011, 4228
2.013, 4227
2.015, 4226
2.022, 4225
2.029, 4224
2.031, 4223
2.047, 4222
2.049, 4221
2.059, 4220
2.066, 4219
2.089, 4218
2.095, 4217
2.097, 4216
2.101, 4215
2.104, 4214
2.114, 4213
2.124, 4212
2.133, 4211
2.139, 4210
2.140, 4209
2.148, 4208
2.168, 4207
2.175, 4206
2.179, 4205
2.179, 4204
2.194, 4203
2.201, 4202
2.222, 4201
2.234, 4200
2.239, 4199
2.254, 4198
2.255, 4197
2.268, 4196
2.286, 4195
2.295, 4194
2.341, 4193
2.353, 4192
2.359, 4191
2.371, 4190
2.399, 4189
2.407, 4188
2.409, 4187
2.432, 4186
2.436, 4185
2.449, 4184
2.455, 4183
2.457, 4182
2.487, 4181
2.493, 4180
2.494, 4179
2.497, 4178
2.534, 4177
2.539, 4176
2.551, 4175
2.554, 4174
2.588, 4173
2.593, 4172
2.603, 4171
2.604, 4170
2.607, 4169
2.623, 4168
2.628, 4167
2.638, 4166
2.639, 4165
2.645, 4164
2.646, 4163
2.668, 4162
2.674, 4161
2.684, 4160
2.693, 4159
2.701, 4158
2.711, 4157
2.730, 4156
2.736, 4155
2.753, 4154
2.756, 4153
2.776, 4152
2.808, 4151
2.808, 4150
2.817, 4149
2.828, 4148
2.848, 4147
2.871, 4146
2.880, 4145
2.888, 4144
2.915, 4143
2.923, 4142
2.928, 4141
2.938, 4140
2.945, 4139
2.954, 4138
2.968, 4137
2.973, 4136
2.976, 4135
2.978, 4134
2.980, 4133
3.002, 4132
3.009, 4131
3.014, 4130
3.021, 4129
3.022, 4128
3.040, 4127
3.049, 4126
3.068, 4125
3.070, 4124
3.076, 4123
3.097, 4122
3.112, 4121
3.122, 4120
3.127, 4119
3.131, 4118
3.132, 4117
3.136, 4116
3.143, 4115
3.173, 4114
3.178, 4113
3.214, 4112
3.220, 4111
3.223, 4110
3.226, 4109
3.281, 4108
3.303, 4107
3.316, 4106
3.320, 4105
3.337, 4104
3.383, 4103
3.384, 4102
3.487, 4101
3.492, 4100
3.493, 4099
3.569, 4098
3.592, 4097
3.620, 4096
3.634, 4095
3.644, 4094
3.665, 4093
3.677, 4092
3.738, 4091
3.749, 4090
3.786, 4089
3.810, 4088
3.820, 4087
3.832, 4086
3.850, 4085
3.852, 4084
3.899, 4083
3.917, 4082
3.945, 4081
3.948, 4080
4.013, 4079
4.034, 4078
4.078, 4077
4.101, 4076
4.157, 4075
4.258, 4074
4.280, 4073
4.293, 4072
4.295, 4071
4.301, 4070
4.379, 4069
4.381, 4068
4.404, 4067
4.413, 4066
4.480, 4065
4.523, 4064
4.531, 4063
4.534, 4062
4.563, 4061
4.582, 4060
4.598, 4059
4.654, 4058
4.670, 4057
4.712, 4056
4.789, 4055
4.832, 4054
4.903, 4053
4.926, 4052
4.936, 4051
4.952, 4050
5.043, 4049
5.070, 4048
5.071, 4047
5.081, 4046
5.269, 4045
5.281, 4044
5.437, 4043
5.484, 4042
5.524, 4041
5.531, 4040
5.573, 4039
5.578, 4038
5.586, 4037
5.650, 4036
5.653, 4035
5.700, 4034
5.717, 4033
5.720, 4032
5.845, 4031
5.909, 4030
5.924, 4029
5.959, 4028
5.963, 4027
6.008, 4026
6.014, 4025
6.109, 4024
6.320, 4023
6.370, 4022
6.395, 4021
6.483, 4020
6.487, 4019
6.507, 4018
6.654, 4017
6.699, 4016
6.716, 4015
6.860, 4014
6.953, 4013
7.006, 4012
7.024, 4011
7.114, 4010
7.114, 4009
7.217, 4008
7.253, 4007
7.267, 4006
7.268, 4005
7.297, 4004
7.398, 4003
7.447, 4002
7.562, 4001
7.713, 4000
7.766, 3999
7.951, 3998
8.029, 3997
8.047, 3996
8.075, 3995
8.342, 3994
8.430, 3993
8.476, 3992
8.843, 3991
8.944, 3990
9.236, 3989
9.295, 3988
9.483, 3987
11.520, 3986
11.973, 3985
12.256, 3984
