0.001, 1587
0.001, 1586
0.001, 1585
0.001, 1584
0.001, 1583
0.001, 1582
0.001, 1581
0.001, 1580
0.001, 1579
0.001, 1578
0.001, 1577
0.001, 1576
0.001, 1575
0.001, 1574
0.001, 1573
0.001, 1572
0.001, 1571
0.001, 1570
0.001, 1569
0.001, 1568
0.001, 1567
0.002, 1566
0.002, 1565
0.002, 1564
0.002, 1563
0.002, 1562
0.002, 1561
0.002, 1560
0.002, 1559
0.002, 1558
0.002, 1557
0.002, 1556
0.002, 1555
0.002, 1554
0.002, 1553
0.002, 1552
0.002, 1551
0.002, 1550
0.002, 1549
0.002, 1548
0.002, 1547
0.002, 1546
0.002, 1545
0.002, 1544
0.002, 1543
0.002, 1542
0.002, 1541
0.002, 1540
0.002, 1539
0.002, 1538
0.002, 1537
0.002, 1536
0.002, 1535
0.002, 1534
0.002, 1533
0.002, 1532
0.002, 1531
0.002, 1530
0.002, 1529
0.002, 1528
0.002, 1527
0.002, 1526
0.002, 1525
0.002, 1524
0.002, 1523
0.002, 1522
0.002, 1521
0.002, 1520
0.002, 1519
0.002, 1518
0.002, 1517
0.002, 1516
0.002, 1515
0.002, 1514
0.002, 1513
0.002, 1512
0.002, 1511
0.002, 1510
0.002, 1509
0.002, 1508
0.002, 1507
0.002, 1506
0.002, 1505
0.002, 1504
0.002, 1503
0.002, 1502
0.002, 1501
0.002, 1500
0.002, 1499
0.002, 1498
0.002, 1497
0.002, 1496
0.002, 1495
0.002, 1494
0.002, 1493
0.002, 1492
0.002, 1491
0.002, 1490
0.002, 1489
0.002, 1488
0.002, 1487
0.002, 1486
0.002, 1485
0.002, 1484
0.002, 1483
0.002, 1482
0.002, 1481
0.002, 1480
0.002, 1479
0.002, 1478
0.002, 1477
0.002, 1476
0.002, 1475
0.002, 1474
0.002, 1473
0.002, 1472
0.002, 1471
0.002, 1470
0.002, 1469
0.002, 1468
0.002, 1467
0.002, 1466
0.002, 1465
0.002, 1464
0.002, 1463
0.002, 1462
0.002, 1461
0.002, 1460
0.002, 1459
0.002, 1458
0.002, 1457
0.002, 1456
0.002, 1455
0.002, 1454
0.002, 1453
0.002, 1452
0.002, 1451
0.002, 1450
0.002, 1449
0.002, 1448
0.002, 1447
0.002, 1446
0.002, 1445
0.003, 1444
0.003, 1443
0.003, 1442
0.003, 1441
0.003, 1440
0.003, 1439
0.003, 1438
0.003, 1437
0.003, 1436
0.003, 1435
0.003, 1434
0.003, 1433
0.003, 1432
0.003, 1431
0.003, 1430
0.003, 1429
0.003, 1428
0.003, 1427
0.003, 1426
0.003, 1425
0.003, 1424
0.003, 1423
0.003, 1422
0.003, 1421
0.003, 1420
0.003, 1419
0.003, 1418
0.003, 1417
0.003, 1416
0.003, 1415
0.003, 1414
0.003, 1413
0.003, 1412
0.003, 1411
0.003, 1410
0.003, 1409
0.003, 1408
0.003, 1407
0.003, 1406
0.003, 1405
0.003, 1404
0.003, 1403
0.003, 1402
0.003, 1401
0.003, 1400
0.003, 1399
0.003, 1398
0.003, 1397
0.003, 1396
0.003, 1395
0.003, 1394
0.003, 1393
0.003, 1392
0.003, 1391
0.003, 1390
0.003, 1389
0.003, 1388
0.003, 1387
0.003, 1386
0.003, 1385
0.003, 1384
0.003, 1383
0.003, 1382
0.003, 1381
0.003, 1380
0.003, 1379
0.003, 1378
0.003, 1377
0.003, 1376
0.003, 1375
0.003, 1374
0.003, 1373
0.003, 1372
0.003, 1371
0.003, 1370
0.003, 1369
0.003, 1368
0.003, 1367
0.003, 1366
0.003, 1365
0.003, 1364
0.003, 1363
0.003, 1362
0.003, 1361
0.003, 1360
0.003, 1359
0.003, 1358
0.003, 1357
0.003, 1356
0.003, 1355
0.003, 1354
0.003, 1353
0.003, 1352
0.003, 1351
0.003, 1350
0.003, 1349
0.003, 1348
0.003, 1347
0.003, 1346
0.003, 1345
0.003, 1344
0.003, 1343
0.003, 1342
0.003, 1341
0.003, 1340
0.003, 1339
0.003, 1338
0.003, 1337
0.003, 1336
0.003, 1335
0.003, 1334
0.003, 1333
0.003, 1332
0.003, 1331
0.003, 1330
0.003, 1329
0.003, 1328
0.003, 1327
0.003, 1326
0.003, 1325
0.003, 1324
0.003, 1323
0.003, 1322
0.003, 1321
0.003, 1320
0.003, 1319
0.003, 1318
0.003, 1317
0.004, 1316
0.004, 1315
0.004, 1314
0.004, 1313
0.004, 1312
0.004, 1311
0.004, 1310
0.004, 1309
0.004, 1308
0.004, 1307
0.004, 1306
0.004, 1305
0.004, 1304
0.004, 1303
0.004, 1302
0.004, 1301
0.004, 1300
0.004, 1299
0.004, 1298
0.004, 1297
0.004, 1296
0.004, 1295
0.004, 1294
0.004, 1293
0.004, 1292
0.004, 1291
0.004, 1290
0.004, 1289
0.004, 1288
0.004, 1287
0.004, 1286
0.004, 1285
0.004, 1284
0.004, 1283
0.004, 1282
0.004, 1281
0.004, 1280
0.004, 1279
0.004, 1278
0.004, 1277
0.004, 1276
0.004, 1275
0.004, 1274
0.004, 1273
0.004, 1272
0.004, 1271
0.004, 1270
0.004, 1269
0.004, 1268
0.004, 1267
0.004, 1266
0.004, 1265
0.004, 1264
0.004, 1263
0.004, 1262
0.004, 1261
0.004, 1260
0.004, 1259
0.004, 1258
0.004, 1257
0.004, 1256
0.004, 1255
0.004, 1254
0.004, 1253
0.004, 1252
0.004, 1251
0.004, 1250
0.004, 1249
0.004, 1248
0.004, 1247
0.004, 1246
0.004, 1245
0.004, 1244
0.004, 1243
0.004, 1242
0.004, 1241
0.004, 1240
0.004, 1239
0.004, 1238
0.004, 1237
0.004, 1236
0.004, 1235
0.004, 1234
0.004, 1233
0.004, 1232
0.004, 1231
0.004, 1230
0.004, 1229
0.004, 1228
0.004, 1227
0.004, 1226
0.004, 1225
0.004, 1224
0.004, 1223
0.004, 1222
0.004, 1221
0.004, 1220
0.004, 1219
0.004, 1218
0.004, 1217
0.004, 1216
0.004, 1215
0.004, 1214
0.004, 1213
0.004, 1212
0.004, 1211
0.004, 1210
0.004, 1209
0.004, 1208
0.004, 1207
0.004, 1206
0.004, 1205
0.004, 1204
0.004, 1203
0.004, 1202
0.005, 1201
0.005, 1200
0.005, 1199
0.005, 1198
0.005, 1197
0.005, 1196
0.005, 1195
0.005, 1194
0.005, 1193
0.005, 1192
0.005, 1191
0.005, 1190
0.005, 1189
0.005, 1188
0.005, 1187
0.005, 1186
0.005, 1185
0.005, 1184
0.005, 1183
0.005, 1182
0.005, 1181
0.005, 1180
0.005, 1179
0.005, 1178
0.005, 1177
0.005, 1176
0.005, 1175
0.005, 1174
0.005, 1173
0.005, 1172
0.005, 1171
0.005, 1170
0.005, 1169
0.005, 1168
0.005, 1167
0.005, 1166
0.005, 1165
0.005, 1164
0.005, 1163
0.005, 1162
0.005, 1161
0.005, 1160
0.005, 1159
0.005, 1158
0.005, 1157
0.005, 1156
0.005, 1155
0.005, 1154
0.005, 1153
0.005, 1152
0.005, 1151
0.005, 1150
0.005, 1149
0.005, 1148
0.005, 1147
0.005, 1146
0.005, 1145
0.005, 1144
0.005, 1143
0.005, 1142
0.005, 1141
0.005, 1140
0.005, 1139
0.005, 1138
0.005, 1137
0.005, 1136
0.005, 1135
0.005, 1134
0.005, 1133
0.005, 1132
0.005, 1131
0.005, 1130
0.005, 1129
0.005, 1128
0.006, 1127
0.006, 1126
0.006, 1125
0.006, 1124
0.006, 1123
0.006, 1122
0.006, 1121
0.006, 1120
0.006, 1119
0.006, 1118
0.006, 1117
0.006, 1116
0.006, 1115
0.006, 1114
0.006, 1113
0.006, 1112
0.006, 1111
0.006, 1110
0.006, 1109
0.006, 1108
0.006, 1107
0.006, 1106
0.006, 1105
0.006, 1104
0.006, 1103
0.006, 1102
0.006, 1101
0.006, 1100
0.006, 1099
0.006, 1098
0.006, 1097
0.006, 1096
0.006, 1095
0.006, 1094
0.006, 1093
0.006, 1092
0.006, 1091
0.006, 1090
0.006, 1089
0.006, 1088
0.006, 1087
0.006, 1086
0.006, 1085
0.006, 1084
0.006, 1083
0.006, 1082
0.006, 1081
0.006, 1080
0.006, 1079
0.006, 1078
0.006, 1077
0.006, 1076
0.006, 1075
0.006, 1074
0.006, 1073
0.006, 1072
0.006, 1071
0.006, 1070
0.006, 1069
0.006, 1068
0.006, 1067
0.006, 1066
0.006, 1065
0.006, 1064
0.006, 1063
0.006, 1062
0.006, 1061
0.006, 1060
0.006, 1059
0.006, 1058
0.006, 1057
0.006, 1056
0.006, 1055
0.006, 1054
0.006, 1053
0.006, 1052
0.006, 1051
0.006, 1050
0.006, 1049
0.006, 1048
0.006, 1047
0.006, 1046
0.006, 1045
0.006, 1044
0.006, 1043
0.006, 1042
0.006, 1041
0.006, 1040
0.006, 1039
0.006, 1038
0.006, 1037
0.006, 1036
0.006, 1035
0.006, 1034
0.006, 1033
0.006, 1032
0.006, 1031
0.006, 1030
0.006, 1029
0.006, 1028
0.006, 1027
0.006, 1026
0.006, 1025
0.006, 1024
0.006, 1023
0.007, 1022
0.007, 1021
0.007, 1020
0.007, 1019
0.007, 1018
0.007, 1017
0.007, 1016
0.007, 1015
0.007, 1014
0.007, 1013
0.007, 1012
0.007, 1011
0.007, 1010
0.007, 1009
0.007, 1008
0.007, 1007
0.007, 1006
0.007, 1005
0.007, 1004
0.007, 1003
0.007, 1002
0.007, 1001
0.007, 1000
0.007, 999
0.007, 998
0.007, 997
0.007, 996
0.007, 995
0.007, 994
0.007, 993
0.007, 992
0.007, 991
0.007, 990
0.007, 989
0.007, 988
0.007, 987
0.007, 986
0.007, 985
0.007, 984
0.007, 983
0.007, 982
0.007, 981
0.007, 980
0.007, 979
0.007, 978
0.007, 977
0.007, 976
0.007, 975
0.007, 974
0.007, 973
0.007, 972
0.007, 971
0.007, 970
0.007, 969
0.007, 968
0.007, 967
0.007, 966
0.007, 965
0.007, 964
0.007, 963
0.007, 962
0.007, 961
0.007, 960
0.007, 959
0.007, 958
0.007, 957
0.007, 956
0.007, 955
0.007, 954
0.007, 953
0.007, 952
0.007, 951
0.007, 950
0.007, 949
0.007, 948
0.007, 947
0.007, 946
0.007, 945
0.007, 944
0.007, 943
0.007, 942
0.007, 941
0.007, 940
0.007, 939
0.007, 938
0.007, 937
0.007, 936
0.007, 935
0.007, 934
0.007, 933
0.007, 932
0.007, 931
0.007, 930
0.007, 929
0.007, 928
0.007, 927
0.007, 926
0.007, 925
0.007, 924
0.007, 923
0.007, 922
0.007, 921
0.007, 920
0.007, 919
0.007, 918
0.007, 917
0.007, 916
0.007, 915
0.007, 914
0.008, 913
0.008, 912
0.008, 911
0.008, 910
0.008, 909
0.008, 908
0.008, 907
0.008, 906
0.008, 905
0.008, 904
0.008, 903
0.008, 902
0.008, 901
0.008, 900
0.008, 899
