0.010, 1587
0.012, 1586
0.012, 1585
0.012, 1584
0.012, 1583
0.012, 1582
0.013, 1581
0.013, 1580
0.013, 1579
0.013, 1578
0.013, 1577
0.013, 1576
0.013, 1575
0.013, 1574
0.013, 1573
0.013, 1572
0.013, 1571
0.013, 1570
0.013, 1569
0.013, 1568
0.014, 1567
0.014, 1566
0.014, 1565
0.014, 1564
0.014, 1563
0.014, 1562
0.014, 1561
0.014, 1560
0.014, 1559
0.014, 1558
0.014, 1557
0.014, 1556
0.014, 1555
0.014, 1554
0.015, 1553
0.015, 1552
0.015, 1551
0.015, 1550
0.015, 1549
0.015, 1548
0.015, 1547
0.015, 1546
0.015, 1545
0.015, 1544
0.015, 1543
0.015, 1542
0.015, 1541
0.015, 1540
0.016, 1539
0.016, 1538
0.016, 1537
0.016, 1536
0.016, 1535
0.016, 1534
0.016, 1533
0.016, 1532
0.016, 1531
0.016, 1530
0.016, 1529
0.016, 1528
0.016, 1527
0.016, 1526
0.016, 1525
0.016, 1524
0.016, 1523
0.017, 1522
0.017, 1521
0.017, 1520
0.017, 1519
0.017, 1518
0.017, 1517
0.017, 1516
0.017, 1515
0.017, 1514
0.017, 1513
0.017, 1512
0.017, 1511
0.017, 1510
0.017, 1509
0.017, 1508
0.017, 1507
0.017, 1506
0.018, 1505
0.018, 1504
0.018, 1503
0.018, 1502
0.018, 1501
0.018, 1500
0.018, 1499
0.018, 1498
0.018, 1497
0.018, 1496
0.018, 1495
0.018, 1494
0.018, 1493
0.018, 1492
0.018, 1491
0.018, 1490
0.018, 1489
0.018, 1488
0.019, 1487
0.019, 1486
0.019, 1485
0.019, 1484
0.019, 1483
0.019, 1482
0.019, 1481
0.019, 1480
0.019, 1479
0.019, 1478
0.019, 1477
0.019, 1476
0.019, 1475
0.019, 1474
0.019, 1473
0.019, 1472
0.019, 1471
0.019, 1470
0.019, 1469
0.020, 1468
0.020, 1467
0.020, 1466
0.020, 1465
0.020, 1464
0.020, 1463
0.020, 1462
0.020, 1461
0.020, 1460
0.020, 1459
0.020, 1458
0.020, 1457
0.020, 1456
0.020, 1455
0.020, 1454
0.020, 1453
0.020, 1452
0.020, 1451
0.020, 1450
0.020, 1449
0.021, 1448
0.021, 1447
0.021, 1446
0.021, 1445
0.021, 1444
0.021, 1443
0.021, 1442
0.021, 1441
0.021, 1440
0.021, 1439
0.021, 1438
0.021, 1437
0.021, 1436
0.021, 1435
0.021, 1434
0.021, 1433
0.021, 1432
0.021, 1431
0.021, 1430
0.021, 1429
0.022, 1428
0.022, 1427
0.022, 1426
0.022, 1425
0.022, 1424
0.022, 1423
0.022, 1422
0.022, 1421
0.022, 1420
0.022, 1419
0.022, 1418
0.022, 1417
0.022, 1416
0.022, 1415
0.022, 1414
0.022, 1413
0.022, 1412
0.022, 1411
0.022, 1410
0.023, 1409
0.023, 1408
0.023, 1407
0.023, 1406
0.023, 1405
0.023, 1404
0.023, 1403
0.023, 1402
0.023, 1401
0.023, 1400
0.023, 1399
0.023, 1398
0.023, 1397
0.023, 1396
0.023, 1395
0.023, 1394
0.023, 1393
0.023, 1392
0.023, 1391
0.023, 1390
0.024, 1389
0.024, 1388
0.024, 1387
0.024, 1386
0.024, 1385
0.024, 1384
0.024, 1383
0.024, 1382
0.024, 1381
0.024, 1380
0.024, 1379
0.024, 1378
0.024, 1377
0.024, 1376
0.024, 1375
0.024, 1374
0.024, 1373
0.024, 1372
0.024, 1371
0.024, 1370
0.024, 1369
0.025, 1368
0.025, 1367
0.025, 1366
0.025, 1365
0.025, 1364
0.025, 1363
0.025, 1362
0.025, 1361
0.025, 1360
0.025, 1359
0.025, 1358
0.025, 1357
0.025, 1356
0.025, 1355
0.025, 1354
0.025, 1353
0.025, 1352
0.025, 1351
0.025, 1350
0.025, 1349
0.025, 1348
0.026, 1347
0.026, 1346
0.026, 1345
0.026, 1344
0.026, 1343
0.026, 1342
0.026, 1341
0.026, 1340
0.026, 1339
0.026, 1338
0.026, 1337
0.026, 1336
0.026, 1335
0.026, 1334
0.026, 1333
0.026, 1332
0.026, 1331
0.026, 1330
0.026, 1329
0.027, 1328
0.027, 1327
0.027, 1326
0.027, 1325
0.027, 1324
0.027, 1323
0.027, 1322
0.027, 1321
0.027, 1320
0.027, 1319
0.027, 1318
0.027, 1317
0.027, 1316
0.027, 1315
0.027, 1314
0.027, 1313
0.027, 1312
0.027, 1311
0.027, 1310
0.027, 1309
0.027, 1308
0.027, 1307
0.027, 1306
0.027, 1305
0.028, 1304
0.028, 1303
0.028, 1302
0.028, 1301
0.028, 1300
0.028, 1299
0.028, 1298
0.028, 1297
0.028, 1296
0.028, 1295
0.028, 1294
0.028, 1293
0.028, 1292
0.028, 1291
0.028, 1290
0.028, 1289
0.028, 1288
0.028, 1287
0.028, 1286
0.028, 1285
0.028, 1284
0.028, 1283
0.028, 1282
0.028, 1281
0.028, 1280
0.029, 1279
0.029, 1278
0.029, 1277
0.029, 1276
0.029, 1275
0.029, 1274
0.029, 1273
0.029, 1272
0.029, 1271
0.029, 1270
0.029, 1269
0.029, 1268
0.029, 1267
0.029, 1266
0.029, 1265
0.029, 1264
0.029, 1263
0.029, 1262
0.029, 1261
0.029, 1260
0.029, 1259
0.029, 1258
0.029, 1257
0.029, 1256
0.030, 1255
0.030, 1254
0.030, 1253
0.030, 1252
0.030, 1251
0.030, 1250
0.030, 1249
0.030, 1248
0.030, 1247
0.030, 1246
0.030, 1245
0.030, 1244
0.030, 1243
0.030, 1242
0.030, 1241
0.030, 1240
0.030, 1239
0.030, 1238
0.030, 1237
0.030, 1236
0.030, 1235
0.030, 1234
0.030, 1233
0.030, 1232
0.030, 1231
0.030, 1230
0.031, 1229
0.031, 1228
0.031, 1227
0.031, 1226
0.031, 1225
0.031, 1224
0.031, 1223
0.031, 1222
0.031, 1221
0.031, 1220
0.031, 1219
0.031, 1218
0.031, 1217
0.031, 1216
0.031, 1215
0.031, 1214
0.031, 1213
0.031, 1212
0.031, 1211
0.031, 1210
0.031, 1209
0.031, 1208
0.031, 1207
0.031, 1206
0.031, 1205
0.031, 1204
0.032, 1203
0.032, 1202
0.032, 1201
0.032, 1200
0.032, 1199
0.032, 1198
0.032, 1197
0.032, 1196
0.032, 1195
0.032, 1194
0.032, 1193
0.032, 1192
0.032, 1191
0.032, 1190
0.032, 1189
0.032, 1188
0.032, 1187
0.032, 1186
0.032, 1185
0.032, 1184
0.032, 1183
0.032, 1182
0.032, 1181
0.032, 1180
0.032, 1179
0.033, 1178
0.033, 1177
0.033, 1176
0.033, 1175
0.033, 1174
0.033, 1173
0.033, 1172
0.033, 1171
0.033, 1170
0.033, 1169
0.033, 1168
0.033, 1167
0.033, 1166
0.033, 1165
0.033, 1164
0.033, 1163
0.033, 1162
0.033, 1161
0.033, 1160
0.033, 1159
0.033, 1158
0.033, 1157
0.033, 1156
0.033, 1155
0.034, 1154
0.034, 1153
0.034, 1152
0.034, 1151
0.034, 1150
0.034, 1149
0.034, 1148
0.034, 1147
0.034, 1146
0.034, 1145
0.034, 1144
0.034, 1143
0.034, 1142
0.034, 1141
0.034, 1140
0.034, 1139
0.034, 1138
0.034, 1137
0.035, 1136
0.035, 1135
0.035, 1134
0.035, 1133
0.035, 1132
0.035, 1131
0.035, 1130
0.035, 1129
0.035, 1128
0.035, 1127
0.035, 1126
0.035, 1125
0.035, 1124
0.035, 1123
0.035, 1122
0.035, 1121
0.035, 1120
0.035, 1119
0.035, 1118
0.035, 1117
0.035, 1116
0.035, 1115
0.035, 1114
0.035, 1113
0.035, 1112
0.035, 1111
0.036, 1110
0.036, 1109
0.036, 1108
0.036, 1107
0.036, 1106
0.036, 1105
0.036, 1104
0.036, 1103
0.036, 1102
0.036, 1101
0.036, 1100
0.036, 1099
0.036, 1098
0.036, 1097
0.036, 1096
0.036, 1095
0.036, 1094
0.036, 1093
0.036, 1092
0.036, 1091
0.036, 1090
0.036, 1089
0.036, 1088
0.036, 1087
0.036, 1086
0.036, 1085
0.036, 1084
0.036, 1083
0.036, 1082
0.036, 1081
0.036, 1080
0.036, 1079
0.037, 1078
0.037, 1077
0.037, 1076
0.037, 1075
0.037, 1074
0.037, 1073
0.037, 1072
0.037, 1071
0.037, 1070
0.037, 1069
0.037, 1068
0.037, 1067
0.037, 1066
0.037, 1065
0.037, 1064
0.037, 1063
0.037, 1062
0.037, 1061
0.037, 1060
0.037, 1059
0.037, 1058
0.037, 1057
0.037, 1056
0.037, 1055
0.037, 1054
0.038, 1053
0.038, 1052
0.038, 1051
0.038, 1050
0.038, 1049
0.038, 1048
0.038, 1047
0.038, 1046
0.038, 1045
0.038, 1044
0.038, 1043
0.038, 1042
0.038, 1041
0.038, 1040
0.038, 1039
0.038, 1038
0.038, 1037
0.038, 1036
0.038, 1035
0.038, 1034
0.038, 1033
0.038, 1032
0.038, 1031
0.038, 1030
0.038, 1029
0.038, 1028
0.038, 1027
0.039, 1026
0.039, 1025
0.039, 1024
0.039, 1023
0.039, 1022
0.039, 1021
0.039, 1020
0.039, 1019
0.039, 1018
0.039, 1017
0.039, 1016
0.039, 1015
0.039, 1014
0.039, 1013
0.039, 1012
0.039, 1011
0.039, 1010
0.039, 1009
0.039, 1008
0.039, 1007
0.039, 1006
0.039, 1005
0.039, 1004
0.039, 1003
0.039, 1002
0.039, 1001
0.039, 1000
0.039, 999
0.039, 998
0.039, 997
0.039, 996
0.039, 995
0.039, 994
0.040, 993
0.040, 992
0.040, 991
0.040, 990
0.040, 989
0.040, 988
0.040, 987
0.040, 986
0.040, 985
0.040, 984
0.040, 983
0.040, 982
0.040, 981
0.040, 980
0.040, 979
0.040, 978
0.040, 977
0.040, 976
0.040, 975
0.040, 974
0.040, 973
0.040, 972
0.040, 971
0.040, 970
0.040, 969
0.040, 968
0.040, 967
0.040, 966
0.040, 965
0.040, 964
0.040, 963
0.040, 962
0.040, 961
0.040, 960
0.040, 959
0.040, 958
0.040, 957
0.040, 956
0.040, 955
0.040, 954
0.040, 953
0.040, 952
0.040, 951
0.040, 950
0.041, 949
0.041, 948
0.041, 947
0.041, 946
0.041, 945
0.041, 944
0.041, 943
0.041, 942
0.041, 941
0.041, 940
0.041, 939
0.041, 938
0.041, 937
0.041, 936
0.041, 935
0.041, 934
0.041, 933
0.041, 932
0.041, 931
0.041, 930
0.041, 929
0.041, 928
0.041, 927
0.041, 926
0.041, 925
0.041, 924
0.041, 923
0.041, 922
0.041, 921
0.041, 920
0.041, 919
0.041, 918
0.041, 917
0.041, 916
0.041, 915
0.041, 914
0.041, 913
0.041, 912
0.041, 911
0.041, 910
0.041, 909
0.041, 908
0.041, 907
0.042, 906
0.042, 905
0.042, 904
0.042, 903
0.042, 902
0.042, 901
0.042, 900
0.042, 899
