0.000, 961
0.048, 960
0.049, 959
0.049, 958
0.050, 957
0.051, 956
0.053, 955
0.054, 954
0.057, 953
0.057, 952
0.058, 951
0.058, 950
0.059, 949
0.059, 948
0.061, 947
0.064, 946
0.064, 945
0.065, 944
0.065, 943
0.067, 942
0.067, 941
0.068, 940
0.069, 939
0.071, 938
0.075, 937
0.079, 936
0.081, 935
0.081, 934
0.082, 933
0.082, 932
0.085, 931
0.086, 930
0.088, 929
0.094, 928
0.096, 927
0.098, 926
0.100, 925
0.100, 924
0.104, 923
0.106, 922
0.116, 921
0.123, 920
0.123, 919
0.125, 918
0.132, 917
0.135, 916
0.137, 915
0.145, 914
0.153, 913
0.170, 912
0.176, 911
0.187, 910
0.193, 909
0.197, 908
0.198, 907
0.199, 906
0.268, 905
0.302, 904
0.331, 903
0.344, 902
