0.698, 899
0.707, 899
0.710, 899
0.713, 899
0.717, 899
0.721, 899
0.726, 899
0.732, 899
0.738, 899
0.744, 899
0.751, 899
0.759, 899
0.767, 899
0.775, 899
0.784, 899
0.794, 899
0.803, 899
0.814, 899
0.828, 899
0.839, 899
0.851, 899
0.863, 899
0.875, 899
0.889, 899
0.902, 899
0.916, 899
0.931, 899
0.947, 899
0.966, 899
0.982, 899
0.999, 899
1.017, 899
1.035, 899
1.054, 899
1.073, 899
1.102, 899
1.131, 899
1.155, 899
1.176, 899
1.198, 899
1.219, 899
1.242, 899
1.268, 899
1.292, 899
1.315, 899
1.340, 899
