0.000, 961
0.059, 960
0.060, 959
0.060, 958
0.060, 957
0.061, 956
0.062, 955
0.063, 954
0.063, 953
0.063, 952
0.064, 951
0.066, 950
0.067, 949
0.067, 948
0.068, 947
0.069, 946
0.070, 945
0.070, 944
0.070, 943
0.070, 942
0.071, 941
0.071, 940
0.071, 939
0.072, 938
0.073, 937
0.075, 936
0.079, 935
0.082, 934
0.083, 933
0.086, 932
0.087, 931
0.088, 930
0.089, 929
0.089, 928
0.089, 927
0.093, 926
0.093, 925
0.093, 924
0.095, 923
0.098, 922
0.100, 921
0.104, 920
0.105, 919
0.106, 918
0.107, 917
0.114, 916
0.116, 915
0.121, 914
0.129, 913
0.131, 912
0.150, 911
0.162, 910
0.171, 909
0.173, 908
0.182, 907
0.190, 906
0.214, 905
0.224, 904
0.232, 903
0.287, 902
0.327, 901
0.398, 900
0.412, 899
