0.001, 961
0.118, 960
0.119, 959
0.120, 958
0.124, 957
0.126, 956
0.128, 955
0.130, 954
0.130, 953
0.131, 952
0.132, 951
0.134, 950
0.135, 949
0.137, 948
0.138, 947
0.142, 946
0.147, 945
0.148, 944
0.155, 943
0.159, 942
0.162, 941
0.163, 940
0.165, 939
0.168, 938
0.172, 937
0.174, 936
0.174, 935
0.177, 934
0.177, 933
0.178, 932
0.179, 931
0.181, 930
0.182, 929
0.183, 928
0.186, 927
0.187, 926
0.190, 925
0.191, 924
0.201, 923
0.202, 922
0.211, 921
0.213, 920
0.213, 919
0.214, 918
0.223, 917
0.228, 916
0.233, 915
0.235, 914
0.237, 913
0.245, 912
0.248, 911
0.254, 910
0.288, 909
0.294, 908
0.319, 907
0.401, 906
0.415, 905
0.461, 904
0.479, 903
0.544, 902
