0.903, 899
0.931, 899
0.958, 899
0.990, 899
1.032, 899
1.065, 899
1.094, 899
1.126, 899
1.152, 899
1.177, 899
1.211, 899
1.244, 899
1.284, 899
1.332, 899
1.377, 899
1.419, 899
1.461, 899
1.506, 899
1.551, 899
1.573, 899
1.596, 899
1.618, 899
1.642, 899
1.664, 899
1.686, 899
1.708, 899
1.731, 899
1.752, 899
1.775, 899
1.806, 899
1.837, 899
1.860, 899
1.884, 899
1.907, 899
1.929, 899
1.952, 899
1.976, 899
1.997, 899
2.019, 899
2.042, 899
2.063, 899
2.085, 899
2.108, 899
2.129, 899
2.151, 899
2.173, 899
