0.001, 961
0.099, 960
0.099, 959
0.101, 958
0.102, 957
0.102, 956
0.104, 955
0.106, 954
0.107, 953
0.108, 952
0.109, 951
0.110, 950
0.112, 949
0.112, 948
0.113, 947
0.113, 946
0.114, 945
0.115, 944
0.115, 943
0.116, 942
0.117, 941
0.117, 940
0.118, 939
0.118, 938
0.119, 937
0.120, 936
0.121, 935
0.123, 934
0.123, 933
0.128, 932
0.128, 931
0.129, 930
0.136, 929
0.138, 928
0.144, 927
0.144, 926
0.147, 925
0.147, 924
0.152, 923
0.153, 922
0.156, 921
0.157, 920
0.158, 919
0.159, 918
0.170, 917
0.171, 916
0.174, 915
0.176, 914
0.178, 913
0.181, 912
0.182, 911
0.187, 910
0.187, 909
0.189, 908
0.189, 907
0.190, 906
0.190, 905
0.207, 904
0.228, 903
0.240, 902
0.246, 901
