0.000, 961
0.048, 960
0.050, 959
0.052, 958
0.053, 957
0.055, 956
0.056, 955
0.058, 954
0.059, 953
0.061, 952
0.062, 951
0.063, 950
0.064, 949
0.065, 948
0.067, 947
0.068, 946
0.068, 945
0.070, 944
0.072, 943
0.073, 942
0.074, 941
0.075, 940
0.080, 939
0.082, 938
0.082, 937
0.083, 936
0.084, 935
0.085, 934
0.088, 933
0.091, 932
0.091, 931
0.094, 930
0.095, 929
0.099, 928
0.099, 927
0.100, 926
0.101, 925
0.107, 924
0.111, 923
0.114, 922
0.115, 921
0.116, 920
0.116, 919
0.117, 918
0.121, 917
0.123, 916
0.126, 915
0.129, 914
0.130, 913
0.132, 912
0.132, 911
0.136, 910
0.143, 909
0.150, 908
0.156, 907
0.158, 906
0.168, 905
0.169, 904
0.223, 903
0.231, 902
0.310, 901
0.365, 900
