0.000, 960
0.091, 959
0.091, 958
0.092, 957
0.093, 956
0.093, 955
0.093, 954
0.093, 953
0.095, 952
0.096, 951
0.097, 950
0.099, 949
0.099, 948
0.099, 947
0.100, 946
0.103, 945
0.107, 944
0.112, 943
0.115, 942
0.117, 941
0.117, 940
0.119, 939
0.120, 938
0.123, 937
0.126, 936
0.127, 935
0.128, 934
0.130, 933
0.132, 932
0.133, 931
0.134, 930
0.136, 929
0.138, 928
0.140, 927
0.141, 926
0.141, 925
0.143, 924
0.146, 923
0.153, 922
0.154, 921
0.156, 920
0.157, 919
0.158, 918
0.159, 917
0.162, 916
0.163, 915
0.164, 914
0.171, 913
0.171, 912
0.173, 911
0.177, 910
0.184, 909
0.184, 908
0.190, 907
0.204, 906
0.206, 905
0.216, 904
0.231, 903
0.235, 902
0.255, 901
0.276, 900
