0.000, 960
0.001, 959
0.053, 958
0.055, 957
0.055, 956
0.057, 955
0.058, 954
0.058, 953
0.061, 952
0.061, 951
0.066, 950
0.067, 949
0.070, 948
0.071, 947
0.072, 946
0.074, 945
0.075, 944
0.075, 943
0.077, 942
0.077, 941
0.080, 940
0.080, 939
0.084, 938
0.084, 937
0.085, 936
0.086, 935
0.089, 934
0.091, 933
0.092, 932
0.098, 931
0.100, 930
0.101, 929
0.102, 928
0.105, 927
0.106, 926
0.110, 925
0.119, 924
0.120, 923
0.120, 922
0.126, 921
0.127, 920
0.128, 919
0.137, 918
0.142, 917
0.148, 916
0.154, 915
0.165, 914
0.165, 913
0.167, 912
0.179, 911
0.190, 910
0.204, 909
0.225, 908
0.227, 907
0.306, 906
0.388, 905
0.402, 904
0.406, 903
