0.699, 899
0.709, 899
0.712, 899
0.715, 899
0.719, 899
0.724, 899
0.729, 899
0.734, 899
0.740, 899
0.747, 899
0.754, 899
0.762, 899
0.769, 899
0.777, 899
0.785, 899
0.795, 899
0.804, 899
0.814, 899
0.828, 899
0.839, 899
0.850, 899
0.862, 899
0.875, 899
0.888, 899
0.901, 899
0.915, 899
0.930, 899
0.948, 899
0.964, 899
0.980, 899
0.997, 899
1.015, 899
1.033, 899
1.051, 899
1.070, 899
1.100, 899
1.129, 899
1.151, 899
1.172, 899
1.193, 899
1.215, 899
1.237, 899
1.264, 899
1.287, 899
1.311, 899
1.335, 899
