0.000, 960
0.051, 959
0.052, 958
0.053, 957
0.054, 956
0.055, 955
0.055, 954
0.056, 953
0.058, 952
0.058, 951
0.059, 950
0.060, 949
0.060, 948
0.062, 947
0.063, 946
0.064, 945
0.064, 944
0.067, 943
0.071, 942
0.071, 941
0.073, 940
0.073, 939
0.074, 938
0.075, 937
0.075, 936
0.078, 935
0.081, 934
0.081, 933
0.082, 932
0.084, 931
0.088, 930
0.089, 929
0.090, 928
0.091, 927
0.093, 926
0.097, 925
0.099, 924
0.100, 923
0.103, 922
0.118, 921
0.122, 920
0.126, 919
0.127, 918
0.132, 917
0.132, 916
0.133, 915
0.139, 914
0.141, 913
0.144, 912
0.148, 911
0.151, 910
0.154, 909
0.162, 908
0.181, 907
0.182, 906
0.193, 905
0.211, 904
0.372, 903
0.390, 902
