0.001, 1587
0.001, 1586
0.001, 1585
0.001, 1584
0.001, 1583
0.001, 1582
0.001, 1581
0.001, 1580
0.001, 1579
0.001, 1578
0.001, 1577
0.001, 1576
0.001, 1575
0.001, 1574
0.001, 1573
0.001, 1572
0.001, 1571
0.001, 1570
0.001, 1569
0.001, 1568
0.001, 1567
0.001, 1566
0.001, 1565
0.001, 1564
0.001, 1563
0.001, 1562
0.001, 1561
0.001, 1560
0.001, 1559
0.001, 1558
0.001, 1557
0.001, 1556
0.001, 1555
0.001, 1554
0.001, 1553
0.001, 1552
0.001, 1551
0.001, 1550
0.001, 1549
0.001, 1548
0.001, 1547
0.001, 1546
0.001, 1545
0.001, 1544
0.001, 1543
0.001, 1542
0.001, 1541
0.001, 1540
0.001, 1539
0.001, 1538
0.001, 1537
0.001, 1536
0.001, 1535
0.001, 1534
0.001, 1533
0.001, 1532
0.001, 1531
0.001, 1530
0.001, 1529
0.001, 1528
0.001, 1527
0.001, 1526
0.001, 1525
0.001, 1524
0.001, 1523
0.001, 1522
0.001, 1521
0.001, 1520
0.001, 1519
0.001, 1518
0.001, 1517
0.001, 1516
0.001, 1515
0.001, 1514
0.001, 1513
0.001, 1512
0.001, 1511
0.001, 1510
0.001, 1509
0.001, 1508
0.001, 1507
0.001, 1506
0.001, 1505
0.001, 1504
0.001, 1503
0.002, 1502
0.002, 1501
0.002, 1500
0.002, 1499
0.002, 1498
0.002, 1497
0.002, 1496
0.002, 1495
0.002, 1494
0.002, 1493
0.002, 1492
0.002, 1491
0.002, 1490
0.002, 1489
0.002, 1488
0.002, 1487
0.002, 1486
0.002, 1485
0.002, 1484
0.002, 1483
0.002, 1482
0.002, 1481
0.002, 1480
0.002, 1479
0.002, 1478
0.002, 1477
0.002, 1476
0.002, 1475
0.002, 1474
0.002, 1473
0.002, 1472
0.002, 1471
0.002, 1470
0.002, 1469
0.002, 1468
0.002, 1467
0.002, 1466
0.002, 1465
0.002, 1464
0.002, 1463
0.002, 1462
0.002, 1461
0.002, 1460
0.002, 1459
0.002, 1458
0.002, 1457
0.002, 1456
0.002, 1455
0.002, 1454
0.002, 1453
0.002, 1452
0.002, 1451
0.002, 1450
0.002, 1449
0.002, 1448
0.002, 1447
0.002, 1446
0.002, 1445
0.002, 1444
0.002, 1443
0.002, 1442
0.002, 1441
0.002, 1440
0.002, 1439
0.002, 1438
0.002, 1437
0.002, 1436
0.002, 1435
0.002, 1434
0.002, 1433
0.002, 1432
0.002, 1431
0.002, 1430
0.002, 1429
0.002, 1428
0.002, 1427
0.002, 1426
0.002, 1425
0.002, 1424
0.002, 1423
0.002, 1422
0.002, 1421
0.002, 1420
0.002, 1419
0.002, 1418
0.002, 1417
0.002, 1416
0.002, 1415
0.002, 1414
0.002, 1413
0.002, 1412
0.002, 1411
0.002, 1410
0.002, 1409
0.002, 1408
0.002, 1407
0.002, 1406
0.002, 1405
0.002, 1404
0.002, 1403
0.002, 1402
0.002, 1401
0.002, 1400
0.002, 1399
0.002, 1398
0.002, 1397
0.002, 1396
0.002, 1395
0.002, 1394
0.002, 1393
0.002, 1392
0.002, 1391
0.002, 1390
0.002, 1389
0.002, 1388
0.002, 1387
0.002, 1386
0.002, 1385
0.002, 1384
0.002, 1383
0.002, 1382
0.002, 1381
0.002, 1380
0.002, 1379
0.002, 1378
0.002, 1377
0.002, 1376
0.002, 1375
0.002, 1374
0.002, 1373
0.002, 1372
0.002, 1371
0.002, 1370
0.002, 1369
0.002, 1368
0.002, 1367
0.002, 1366
0.002, 1365
0.002, 1364
0.002, 1363
0.002, 1362
0.002, 1361
0.002, 1360
0.002, 1359
0.002, 1358
0.002, 1357
0.002, 1356
0.002, 1355
0.002, 1354
0.002, 1353
0.002, 1352
0.002, 1351
0.002, 1350
0.002, 1349
0.002, 1348
0.002, 1347
0.002, 1346
0.002, 1345
0.002, 1344
0.002, 1343
0.002, 1342
0.002, 1341
0.002, 1340
0.002, 1339
0.002, 1338
0.002, 1337
0.002, 1336
0.002, 1335
0.002, 1334
0.002, 1333
0.002, 1332
0.002, 1331
0.002, 1330
0.002, 1329
0.002, 1328
0.002, 1327
0.002, 1326
0.002, 1325
0.002, 1324
0.002, 1323
0.002, 1322
0.002, 1321
0.002, 1320
0.002, 1319
0.002, 1318
0.002, 1317
0.002, 1316
0.002, 1315
0.002, 1314
0.002, 1313
0.002, 1312
0.002, 1311
0.002, 1310
0.002, 1309
0.002, 1308
0.002, 1307
0.002, 1306
0.002, 1305
0.002, 1304
0.002, 1303
0.002, 1302
0.002, 1301
0.002, 1300
0.002, 1299
0.002, 1298
0.002, 1297
0.002, 1296
0.002, 1295
0.002, 1294
0.002, 1293
0.002, 1292
0.002, 1291
0.002, 1290
0.002, 1289
0.002, 1288
0.002, 1287
0.002, 1286
0.002, 1285
0.002, 1284
0.002, 1283
0.002, 1282
0.002, 1281
0.002, 1280
0.002, 1279
0.002, 1278
0.002, 1277
0.002, 1276
0.002, 1275
0.002, 1274
0.003, 1273
0.003, 1272
0.003, 1271
0.003, 1270
0.003, 1269
0.003, 1268
0.003, 1267
0.003, 1266
0.003, 1265
0.003, 1264
0.003, 1263
0.003, 1262
0.003, 1261
0.003, 1260
0.003, 1259
0.003, 1258
0.003, 1257
0.003, 1256
0.003, 1255
0.003, 1254
0.003, 1253
0.003, 1252
0.003, 1251
0.003, 1250
0.003, 1249
0.003, 1248
0.003, 1247
0.003, 1246
0.003, 1245
0.003, 1244
0.003, 1243
0.003, 1242
0.003, 1241
0.003, 1240
0.003, 1239
0.003, 1238
0.003, 1237
0.003, 1236
0.003, 1235
0.003, 1234
0.003, 1233
0.003, 1232
0.003, 1231
0.003, 1230
0.003, 1229
0.003, 1228
0.003, 1227
0.003, 1226
0.003, 1225
0.003, 1224
0.003, 1223
0.003, 1222
0.003, 1221
0.003, 1220
0.003, 1219
0.003, 1218
0.003, 1217
0.003, 1216
0.003, 1215
0.003, 1214
0.003, 1213
0.003, 1212
0.003, 1211
0.003, 1210
0.003, 1209
0.003, 1208
0.003, 1207
0.003, 1206
0.003, 1205
0.003, 1204
0.003, 1203
0.003, 1202
0.003, 1201
0.003, 1200
0.003, 1199
0.003, 1198
0.003, 1197
0.003, 1196
0.003, 1195
0.003, 1194
0.003, 1193
0.003, 1192
0.003, 1191
0.003, 1190
0.003, 1189
0.003, 1188
0.003, 1187
0.003, 1186
0.003, 1185
0.003, 1184
0.003, 1183
0.003, 1182
0.003, 1181
0.003, 1180
0.003, 1179
0.003, 1178
0.003, 1177
0.003, 1176
0.003, 1175
0.003, 1174
0.003, 1173
0.003, 1172
0.003, 1171
0.003, 1170
0.003, 1169
0.003, 1168
0.003, 1167
0.003, 1166
0.003, 1165
0.003, 1164
0.003, 1163
0.003, 1162
0.003, 1161
0.003, 1160
0.003, 1159
0.003, 1158
0.003, 1157
0.003, 1156
0.003, 1155
0.003, 1154
0.003, 1153
0.003, 1152
0.003, 1151
0.003, 1150
0.003, 1149
0.003, 1148
0.003, 1147
0.003, 1146
0.003, 1145
0.003, 1144
0.003, 1143
0.003, 1142
0.003, 1141
0.003, 1140
0.003, 1139
0.003, 1138
0.003, 1137
0.003, 1136
0.003, 1135
0.003, 1134
0.003, 1133
0.003, 1132
0.003, 1131
0.003, 1130
0.003, 1129
0.003, 1128
0.003, 1127
0.003, 1126
0.003, 1125
0.003, 1124
0.003, 1123
0.003, 1122
0.003, 1121
0.003, 1120
0.003, 1119
0.003, 1118
0.003, 1117
0.003, 1116
0.003, 1115
0.003, 1114
0.003, 1113
0.003, 1112
0.003, 1111
0.003, 1110
0.003, 1109
0.003, 1108
0.003, 1107
0.003, 1106
0.003, 1105
0.003, 1104
0.003, 1103
0.003, 1102
0.003, 1101
0.004, 1100
0.004, 1099
0.004, 1098
0.004, 1097
0.004, 1096
0.004, 1095
0.004, 1094
0.004, 1093
0.004, 1092
0.004, 1091
0.004, 1090
0.004, 1089
0.004, 1088
0.004, 1087
0.004, 1086
0.004, 1085
0.004, 1084
0.004, 1083
0.004, 1082
0.004, 1081
0.004, 1080
0.004, 1079
0.004, 1078
0.004, 1077
0.004, 1076
0.004, 1075
0.004, 1074
0.004, 1073
0.004, 1072
0.004, 1071
0.004, 1070
0.004, 1069
0.004, 1068
0.004, 1067
0.004, 1066
0.004, 1065
0.004, 1064
0.004, 1063
0.004, 1062
0.004, 1061
0.004, 1060
0.004, 1059
0.004, 1058
0.004, 1057
0.004, 1056
0.004, 1055
0.004, 1054
0.004, 1053
0.004, 1052
0.004, 1051
0.004, 1050
0.004, 1049
0.004, 1048
0.004, 1047
0.004, 1046
0.004, 1045
0.004, 1044
0.004, 1043
0.004, 1042
0.004, 1041
0.004, 1040
0.004, 1039
0.004, 1038
0.004, 1037
0.004, 1036
0.004, 1035
0.004, 1034
0.004, 1033
0.004, 1032
0.004, 1031
0.004, 1030
0.004, 1029
0.004, 1028
0.004, 1027
0.004, 1026
0.004, 1025
0.004, 1024
0.004, 1023
0.004, 1022
0.004, 1021
0.004, 1020
0.004, 1019
0.004, 1018
0.004, 1017
0.004, 1016
0.004, 1015
0.004, 1014
0.004, 1013
0.004, 1012
0.004, 1011
0.004, 1010
0.004, 1009
0.004, 1008
0.004, 1007
0.004, 1006
0.004, 1005
0.004, 1004
0.004, 1003
0.004, 1002
0.004, 1001
0.004, 1000
0.004, 999
0.004, 998
0.004, 997
0.004, 996
0.004, 995
0.004, 994
0.004, 993
0.004, 992
0.004, 991
0.004, 990
0.004, 989
0.004, 988
0.004, 987
0.004, 986
0.004, 985
0.004, 984
0.004, 983
0.004, 982
0.004, 981
0.004, 980
0.004, 979
0.004, 978
0.004, 977
0.004, 976
0.004, 975
0.004, 974
0.004, 973
0.004, 972
0.004, 971
0.004, 970
0.004, 969
0.004, 968
0.004, 967
0.004, 966
0.004, 965
0.004, 964
0.004, 963
0.004, 962
0.004, 961
0.004, 960
0.004, 959
0.004, 958
0.004, 957
0.004, 956
0.004, 955
0.004, 954
0.004, 953
0.004, 952
0.004, 951
0.004, 950
0.004, 949
0.004, 948
0.004, 947
0.004, 946
0.004, 945
0.004, 944
0.004, 943
0.004, 942
0.004, 941
0.004, 940
0.004, 939
0.004, 938
0.004, 937
0.004, 936
0.004, 935
0.004, 934
0.004, 933
0.004, 932
0.005, 931
0.005, 930
0.005, 929
0.005, 928
0.005, 927
0.005, 926
0.005, 925
0.005, 924
0.005, 923
0.005, 922
0.005, 921
0.005, 920
0.005, 919
0.005, 918
0.005, 917
0.005, 916
0.005, 915
0.005, 914
0.005, 913
0.005, 912
0.005, 911
0.005, 910
0.005, 909
0.005, 908
0.005, 907
0.005, 906
0.005, 905
0.005, 904
0.005, 903
0.005, 902
0.005, 901
0.005, 900
0.005, 899
