0.009, 1587
0.011, 1586
0.011, 1585
0.011, 1584
0.011, 1583
0.011, 1582
0.011, 1581
0.011, 1580
0.011, 1579
0.012, 1578
0.012, 1577
0.012, 1576
0.012, 1575
0.012, 1574
0.012, 1573
0.012, 1572
0.012, 1571
0.012, 1570
0.012, 1569
0.012, 1568
0.012, 1567
0.012, 1566
0.012, 1565
0.012, 1564
0.013, 1563
0.013, 1562
0.013, 1561
0.013, 1560
0.013, 1559
0.013, 1558
0.013, 1557
0.013, 1556
0.013, 1555
0.013, 1554
0.013, 1553
0.013, 1552
0.013, 1551
0.013, 1550
0.013, 1549
0.014, 1548
0.014, 1547
0.014, 1546
0.014, 1545
0.014, 1544
0.014, 1543
0.014, 1542
0.014, 1541
0.014, 1540
0.014, 1539
0.014, 1538
0.014, 1537
0.014, 1536
0.014, 1535
0.014, 1534
0.014, 1533
0.015, 1532
0.015, 1531
0.015, 1530
0.015, 1529
0.015, 1528
0.015, 1527
0.015, 1526
0.015, 1525
0.015, 1524
0.015, 1523
0.015, 1522
0.015, 1521
0.015, 1520
0.015, 1519
0.015, 1518
0.015, 1517
0.015, 1516
0.016, 1515
0.016, 1514
0.016, 1513
0.016, 1512
0.016, 1511
0.016, 1510
0.016, 1509
0.016, 1508
0.016, 1507
0.016, 1506
0.016, 1505
0.016, 1504
0.016, 1503
0.016, 1502
0.016, 1501
0.016, 1500
0.016, 1499
0.016, 1498
0.016, 1497
0.016, 1496
0.017, 1495
0.017, 1494
0.017, 1493
0.017, 1492
0.017, 1491
0.017, 1490
0.017, 1489
0.017, 1488
0.017, 1487
0.017, 1486
0.017, 1485
0.017, 1484
0.017, 1483
0.017, 1482
0.017, 1481
0.017, 1480
0.017, 1479
0.017, 1478
0.017, 1477
0.017, 1476
0.017, 1475
0.018, 1474
0.018, 1473
0.018, 1472
0.018, 1471
0.018, 1470
0.018, 1469
0.018, 1468
0.018, 1467
0.018, 1466
0.018, 1465
0.018, 1464
0.018, 1463
0.018, 1462
0.018, 1461
0.018, 1460
0.018, 1459
0.018, 1458
0.018, 1457
0.018, 1456
0.018, 1455
0.019, 1454
0.019, 1453
0.019, 1452
0.019, 1451
0.019, 1450
0.019, 1449
0.019, 1448
0.019, 1447
0.019, 1446
0.019, 1445
0.019, 1444
0.019, 1443
0.019, 1442
0.019, 1441
0.019, 1440
0.019, 1439
0.019, 1438
0.019, 1437
0.019, 1436
0.019, 1435
0.019, 1434
0.020, 1433
0.020, 1432
0.020, 1431
0.020, 1430
0.020, 1429
0.020, 1428
0.020, 1427
0.020, 1426
0.020, 1425
0.020, 1424
0.020, 1423
0.020, 1422
0.020, 1421
0.020, 1420
0.020, 1419
0.020, 1418
0.020, 1417
0.020, 1416
0.020, 1415
0.020, 1414
0.020, 1413
0.021, 1412
0.021, 1411
0.021, 1410
0.021, 1409
0.021, 1408
0.021, 1407
0.021, 1406
0.021, 1405
0.021, 1404
0.021, 1403
0.021, 1402
0.021, 1401
0.021, 1400
0.021, 1399
0.021, 1398
0.021, 1397
0.021, 1396
0.021, 1395
0.021, 1394
0.021, 1393
0.021, 1392
0.022, 1391
0.022, 1390
0.022, 1389
0.022, 1388
0.022, 1387
0.022, 1386
0.022, 1385
0.022, 1384
0.022, 1383
0.022, 1382
0.022, 1381
0.022, 1380
0.022, 1379
0.022, 1378
0.022, 1377
0.022, 1376
0.022, 1375
0.022, 1374
0.022, 1373
0.022, 1372
0.022, 1371
0.023, 1370
0.023, 1369
0.023, 1368
0.023, 1367
0.023, 1366
0.023, 1365
0.023, 1364
0.023, 1363
0.023, 1362
0.023, 1361
0.023, 1360
0.023, 1359
0.023, 1358
0.023, 1357
0.023, 1356
0.023, 1355
0.023, 1354
0.023, 1353
0.023, 1352
0.023, 1351
0.023, 1350
0.023, 1349
0.024, 1348
0.024, 1347
0.024, 1346
0.024, 1345
0.024, 1344
0.024, 1343
0.024, 1342
0.024, 1341
0.024, 1340
0.024, 1339
0.024, 1338
0.024, 1337
0.024, 1336
0.024, 1335
0.024, 1334
0.024, 1333
0.024, 1332
0.024, 1331
0.024, 1330
0.024, 1329
0.025, 1328
0.025, 1327
0.025, 1326
0.025, 1325
0.025, 1324
0.025, 1323
0.025, 1322
0.025, 1321
0.025, 1320
0.025, 1319
0.025, 1318
0.025, 1317
0.025, 1316
0.025, 1315
0.025, 1314
0.025, 1313
0.025, 1312
0.025, 1311
0.025, 1310
0.025, 1309
0.025, 1308
0.025, 1307
0.025, 1306
0.026, 1305
0.026, 1304
0.026, 1303
0.026, 1302
0.026, 1301
0.026, 1300
0.026, 1299
0.026, 1298
0.026, 1297
0.026, 1296
0.026, 1295
0.026, 1294
0.026, 1293
0.026, 1292
0.026, 1291
0.026, 1290
0.026, 1289
0.026, 1288
0.026, 1287
0.026, 1286
0.026, 1285
0.026, 1284
0.026, 1283
0.027, 1282
0.027, 1281
0.027, 1280
0.027, 1279
0.027, 1278
0.027, 1277
0.027, 1276
0.027, 1275
0.027, 1274
0.027, 1273
0.027, 1272
0.027, 1271
0.027, 1270
0.027, 1269
0.027, 1268
0.027, 1267
0.027, 1266
0.027, 1265
0.027, 1264
0.027, 1263
0.027, 1262
0.027, 1261
0.027, 1260
0.028, 1259
0.028, 1258
0.028, 1257
0.028, 1256
0.028, 1255
0.028, 1254
0.028, 1253
0.028, 1252
0.028, 1251
0.028, 1250
0.028, 1249
0.028, 1248
0.028, 1247
0.028, 1246
0.028, 1245
0.028, 1244
0.028, 1243
0.028, 1242
0.028, 1241
0.028, 1240
0.028, 1239
0.028, 1238
0.028, 1237
0.028, 1236
0.028, 1235
0.029, 1234
0.029, 1233
0.029, 1232
0.029, 1231
0.029, 1230
0.029, 1229
0.029, 1228
0.029, 1227
0.029, 1226
0.029, 1225
0.029, 1224
0.029, 1223
0.029, 1222
0.029, 1221
0.029, 1220
0.029, 1219
0.029, 1218
0.029, 1217
0.029, 1216
0.029, 1215
0.029, 1214
0.029, 1213
0.029, 1212
0.029, 1211
0.029, 1210
0.030, 1209
0.030, 1208
0.030, 1207
0.030, 1206
0.030, 1205
0.030, 1204
0.030, 1203
0.030, 1202
0.030, 1201
0.030, 1200
0.030, 1199
0.030, 1198
0.030, 1197
0.030, 1196
0.030, 1195
0.030, 1194
0.030, 1193
0.030, 1192
0.030, 1191
0.030, 1190
0.030, 1189
0.030, 1188
0.030, 1187
0.030, 1186
0.031, 1185
0.031, 1184
0.031, 1183
0.031, 1182
0.031, 1181
0.031, 1180
0.031, 1179
0.031, 1178
0.031, 1177
0.031, 1176
0.031, 1175
0.031, 1174
0.031, 1173
0.031, 1172
0.031, 1171
0.031, 1170
0.031, 1169
0.031, 1168
0.031, 1167
0.031, 1166
0.031, 1165
0.031, 1164
0.031, 1163
0.031, 1162
0.031, 1161
0.031, 1160
0.032, 1159
0.032, 1158
0.032, 1157
0.032, 1156
0.032, 1155
0.032, 1154
0.032, 1153
0.032, 1152
0.032, 1151
0.032, 1150
0.032, 1149
0.032, 1148
0.032, 1147
0.032, 1146
0.032, 1145
0.032, 1144
0.032, 1143
0.032, 1142
0.032, 1141
0.032, 1140
0.032, 1139
0.032, 1138
0.032, 1137
0.032, 1136
0.033, 1135
0.033, 1134
0.033, 1133
0.033, 1132
0.033, 1131
0.033, 1130
0.033, 1129
0.033, 1128
0.033, 1127
0.033, 1126
0.033, 1125
0.033, 1124
0.033, 1123
0.033, 1122
0.033, 1121
0.033, 1120
0.033, 1119
0.033, 1118
0.033, 1117
0.033, 1116
0.033, 1115
0.033, 1114
0.033, 1113
0.033, 1112
0.033, 1111
0.034, 1110
0.034, 1109
0.034, 1108
0.034, 1107
0.034, 1106
0.034, 1105
0.034, 1104
0.034, 1103
0.034, 1102
0.034, 1101
0.034, 1100
0.034, 1099
0.034, 1098
0.034, 1097
0.034, 1096
0.034, 1095
0.034, 1094
0.034, 1093
0.034, 1092
0.034, 1091
0.034, 1090
0.034, 1089
0.034, 1088
0.034, 1087
0.034, 1086
0.034, 1085
0.034, 1084
0.035, 1083
0.035, 1082
0.035, 1081
0.035, 1080
0.035, 1079
0.035, 1078
0.035, 1077
0.035, 1076
0.035, 1075
0.035, 1074
0.035, 1073
0.035, 1072
0.035, 1071
0.035, 1070
0.035, 1069
0.035, 1068
0.035, 1067
0.035, 1066
0.035, 1065
0.035, 1064
0.035, 1063
0.035, 1062
0.035, 1061
0.035, 1060
0.036, 1059
0.036, 1058
0.036, 1057
0.036, 1056
0.036, 1055
0.036, 1054
0.036, 1053
0.036, 1052
0.036, 1051
0.036, 1050
0.036, 1049
0.036, 1048
0.036, 1047
0.036, 1046
0.036, 1045
0.036, 1044
0.036, 1043
0.036, 1042
0.036, 1041
0.036, 1040
0.036, 1039
0.036, 1038
0.036, 1037
0.036, 1036
0.036, 1035
0.036, 1034
0.036, 1033
0.036, 1032
0.036, 1031
0.036, 1030
0.037, 1029
0.037, 1028
0.037, 1027
0.037, 1026
0.037, 1025
0.037, 1024
0.037, 1023
0.037, 1022
0.037, 1021
0.037, 1020
0.037, 1019
0.037, 1018
0.037, 1017
0.037, 1016
0.037, 1015
0.037, 1014
0.037, 1013
0.037, 1012
0.037, 1011
0.037, 1010
0.037, 1009
0.037, 1008
0.037, 1007
0.037, 1006
0.037, 1005
0.037, 1004
0.037, 1003
0.037, 1002
0.038, 1001
0.038, 1000
0.038, 999
0.038, 998
0.038, 997
0.038, 996
0.038, 995
0.038, 994
0.038, 993
0.038, 992
0.038, 991
0.038, 990
0.038, 989
0.038, 988
0.038, 987
0.038, 986
0.038, 985
0.038, 984
0.038, 983
0.038, 982
0.038, 981
0.038, 980
0.038, 979
0.038, 978
0.038, 977
0.038, 976
0.038, 975
0.038, 974
0.038, 973
0.038, 972
0.038, 971
0.038, 970
0.039, 969
0.039, 968
0.039, 967
0.039, 966
0.039, 965
0.039, 964
0.039, 963
0.039, 962
0.039, 961
0.039, 960
0.039, 959
0.039, 958
0.039, 957
0.039, 956
0.039, 955
0.039, 954
0.039, 953
0.039, 952
0.039, 951
0.039, 950
0.039, 949
0.039, 948
0.039, 947
0.039, 946
0.039, 945
0.039, 944
0.039, 943
0.039, 942
0.039, 941
0.040, 940
0.040, 939
0.040, 938
0.040, 937
0.040, 936
0.040, 935
0.040, 934
0.040, 933
0.040, 932
0.040, 931
0.040, 930
0.040, 929
0.040, 928
0.040, 927
0.040, 926
0.040, 925
0.040, 924
0.040, 923
0.040, 922
0.040, 921
0.040, 920
0.040, 919
0.040, 918
0.040, 917
0.040, 916
0.040, 915
0.040, 914
0.040, 913
0.040, 912
0.040, 911
0.041, 910
0.041, 909
0.041, 908
0.041, 907
0.041, 906
0.041, 905
0.041, 904
0.041, 903
0.041, 902
0.041, 901
0.041, 900
0.041, 899
