0.002, 3254
0.030, 3253
0.032, 3252
0.164, 3251
0.165, 3250
0.165, 3249
0.167, 3248
0.167, 3247
0.168, 3246
0.169, 3245
0.170, 3244
0.170, 3243
0.170, 3242
0.171, 3241
0.171, 3240
0.174, 3239
0.174, 3238
0.175, 3237
0.175, 3236
0.175, 3235
0.176, 3234
0.176, 3233
0.177, 3232
0.178, 3231
0.178, 3230
0.178, 3229
0.179, 3228
0.179, 3227
0.180, 3226
0.180, 3225
0.181, 3224
0.181, 3223
0.182, 3222
0.183, 3221
0.184, 3220
0.184, 3219
0.184, 3218
0.185, 3217
0.186, 3216
0.187, 3215
0.187, 3214
0.187, 3213
0.188, 3212
0.189, 3211
0.190, 3210
0.190, 3209
0.191, 3208
0.192, 3207
0.193, 3206
0.193, 3205
0.193, 3204
0.194, 3203
0.195, 3202
0.195, 3201
0.195, 3200
0.196, 3199
0.196, 3198
0.197, 3197
0.197, 3196
0.198, 3195
0.199, 3194
0.199, 3193
0.200, 3192
0.202, 3191
0.202, 3190
0.203, 3189
0.203, 3188
0.204, 3187
0.205, 3186
0.206, 3185
0.206, 3184
0.206, 3183
0.207, 3182
0.207, 3181
0.208, 3180
0.208, 3179
0.209, 3178
0.209, 3177
0.210, 3176
0.210, 3175
0.211, 3174
0.212, 3173
0.212, 3172
0.212, 3171
0.214, 3170
0.214, 3169
0.215, 3168
0.216, 3167
0.216, 3166
0.218, 3165
0.219, 3164
0.220, 3163
0.223, 3162
0.224, 3161
0.225, 3160
0.225, 3159
0.226, 3158
0.227, 3157
0.227, 3156
0.229, 3155
0.229, 3154
0.230, 3153
0.230, 3152
0.231, 3151
0.231, 3150
0.232, 3149
0.232, 3148
0.233, 3147
0.233, 3146
0.235, 3145
0.236, 3144
0.236, 3143
0.237, 3142
0.237, 3141
0.238, 3140
0.238, 3139
0.239, 3138
0.239, 3137
0.239, 3136
0.241, 3135
0.241, 3134
0.242, 3133
0.243, 3132
0.244, 3131
0.245, 3130
0.246, 3129
0.247, 3128
0.248, 3127
0.248, 3126
0.249, 3125
0.250, 3124
0.250, 3123
0.252, 3122
0.253, 3121
0.253, 3120
0.253, 3119
0.254, 3118
0.254, 3117
0.255, 3116
0.255, 3115
0.255, 3114
0.256, 3113
0.256, 3112
0.257, 3111
0.257, 3110
0.258, 3109
0.258, 3108
0.259, 3107
0.260, 3106
0.262, 3105
0.263, 3104
0.264, 3103
0.264, 3102
0.265, 3101
0.265, 3100
0.265, 3099
0.266, 3098
0.266, 3097
0.266, 3096
0.267, 3095
0.269, 3094
0.270, 3093
0.273, 3092
0.275, 3091
0.275, 3090
0.276, 3089
0.277, 3088
0.280, 3087
0.280, 3086
0.281, 3085
0.281, 3084
0.287, 3083
0.288, 3082
0.288, 3081
0.289, 3080
0.290, 3079
0.292, 3078
0.292, 3077
0.295, 3076
0.295, 3075
0.296, 3074
0.296, 3073
0.297, 3072
0.297, 3071
0.300, 3070
0.300, 3069
0.301, 3068
0.301, 3067
0.302, 3066
0.304, 3065
0.306, 3064
0.307, 3063
0.308, 3062
0.310, 3061
0.310, 3060
0.311, 3059
0.312, 3058
0.313, 3057
0.313, 3056
0.313, 3055
0.314, 3054
0.314, 3053
0.315, 3052
0.316, 3051
0.316, 3050
0.316, 3049
0.317, 3048
0.318, 3047
0.320, 3046
0.320, 3045
0.322, 3044
0.323, 3043
0.324, 3042
0.324, 3041
0.326, 3040
0.327, 3039
0.329, 3038
0.330, 3037
0.330, 3036
0.331, 3035
0.331, 3034
0.331, 3033
0.332, 3032
0.333, 3031
0.335, 3030
0.337, 3029
0.338, 3028
0.339, 3027
0.340, 3026
0.340, 3025
0.342, 3024
0.342, 3023
0.343, 3022
0.343, 3021
0.344, 3020
0.345, 3019
0.346, 3018
0.348, 3017
0.348, 3016
0.350, 3015
0.351, 3014
0.352, 3013
0.353, 3012
0.353, 3011
0.355, 3010
0.355, 3009
0.356, 3008
0.357, 3007
0.359, 3006
0.359, 3005
0.360, 3004
0.360, 3003
0.361, 3002
0.363, 3001
0.364, 3000
0.364, 2999
0.365, 2998
0.367, 2997
0.368, 2996
0.369, 2995
0.371, 2994
0.373, 2993
0.375, 2992
0.375, 2991
0.376, 2990
0.377, 2989
0.378, 2988
0.380, 2987
0.382, 2986
0.382, 2985
0.384, 2984
0.384, 2983
0.385, 2982
0.386, 2981
0.388, 2980
0.389, 2979
0.390, 2978
0.391, 2977
0.391, 2976
0.392, 2975
0.393, 2974
0.393, 2973
0.393, 2972
0.394, 2971
0.394, 2970
0.395, 2969
0.396, 2968
0.397, 2967
0.397, 2966
0.398, 2965
0.399, 2964
0.400, 2963
0.405, 2962
0.405, 2961
0.410, 2960
0.410, 2959
0.412, 2958
0.413, 2957
0.413, 2956
0.415, 2955
0.416, 2954
0.417, 2953
0.418, 2952
0.420, 2951
0.420, 2950
0.422, 2949
0.422, 2948
0.422, 2947
0.424, 2946
0.425, 2945
0.425, 2944
0.425, 2943
0.426, 2942
0.427, 2941
0.428, 2940
0.429, 2939
0.429, 2938
0.433, 2937
0.434, 2936
0.435, 2935
0.436, 2934
0.439, 2933
0.440, 2932
0.442, 2931
0.442, 2930
0.442, 2929
0.443, 2928
0.444, 2927
0.445, 2926
0.446, 2925
0.447, 2924
0.448, 2923
0.449, 2922
0.449, 2921
0.450, 2920
0.451, 2919
0.452, 2918
0.453, 2917
0.454, 2916
0.455, 2915
0.457, 2914
0.458, 2913
0.461, 2912
0.462, 2911
0.463, 2910
0.463, 2909
0.465, 2908
0.466, 2907
0.466, 2906
0.467, 2905
0.467, 2904
0.468, 2903
0.471, 2902
0.472, 2901
0.473, 2900
0.475, 2899
0.476, 2898
0.476, 2897
0.476, 2896
0.479, 2895
0.483, 2894
0.483, 2893
0.485, 2892
0.486, 2891
0.487, 2890
0.487, 2889
0.487, 2888
0.488, 2887
0.490, 2886
0.494, 2885
0.494, 2884
0.496, 2883
0.497, 2882
0.498, 2881
0.499, 2880
0.501, 2879
0.502, 2878
0.502, 2877
0.504, 2876
0.505, 2875
0.506, 2874
0.507, 2873
0.507, 2872
0.508, 2871
0.512, 2870
0.513, 2869
0.513, 2868
0.514, 2867
0.515, 2866
0.515, 2865
0.516, 2864
0.516, 2863
0.517, 2862
0.518, 2861
0.519, 2860
0.520, 2859
0.520, 2858
0.521, 2857
0.521, 2856
0.523, 2855
0.523, 2854
0.524, 2853
0.525, 2852
0.525, 2851
0.527, 2850
0.528, 2849
0.530, 2848
0.530, 2847
0.532, 2846
0.534, 2845
0.534, 2844
0.535, 2843
0.535, 2842
0.536, 2841
0.537, 2840
0.538, 2839
0.538, 2838
0.539, 2837
0.542, 2836
0.542, 2835
0.543, 2834
0.544, 2833
0.545, 2832
0.546, 2831
0.550, 2830
0.551, 2829
0.551, 2828
0.553, 2827
0.556, 2826
0.558, 2825
0.558, 2824
0.559, 2823
0.559, 2822
0.563, 2821
0.564, 2820
0.565, 2819
0.568, 2818
0.569, 2817
0.570, 2816
0.570, 2815
0.571, 2814
0.572, 2813
0.573, 2812
0.575, 2811
0.576, 2810
0.576, 2809
0.577, 2808
0.578, 2807
0.578, 2806
0.578, 2805
0.579, 2804
0.579, 2803
0.581, 2802
0.583, 2801
0.585, 2800
0.585, 2799
0.591, 2798
0.592, 2797
0.594, 2796
0.595, 2795
0.596, 2794
0.597, 2793
0.598, 2792
0.601, 2791
0.602, 2790
0.603, 2789
0.603, 2788
0.605, 2787
0.610, 2786
0.611, 2785
0.613, 2784
0.615, 2783
0.615, 2782
0.616, 2781
0.618, 2780
0.618, 2779
0.619, 2778
0.621, 2777
0.621, 2776
0.621, 2775
0.622, 2774
0.631, 2773
0.631, 2772
0.633, 2771
0.635, 2770
0.635, 2769
0.636, 2768
0.640, 2767
0.643, 2766
0.643, 2765
0.648, 2764
0.649, 2763
0.649, 2762
0.650, 2761
0.653, 2760
0.654, 2759
0.654, 2758
0.658, 2757
0.659, 2756
0.662, 2755
0.663, 2754
0.664, 2753
0.665, 2752
0.666, 2751
0.666, 2750
0.666, 2749
0.667, 2748
0.668, 2747
0.670, 2746
0.670, 2745
0.673, 2744
0.673, 2743
0.677, 2742
0.677, 2741
0.679, 2740
0.679, 2739
0.680, 2738
0.680, 2737
0.680, 2736
0.681, 2735
0.681, 2734
0.683, 2733
0.683, 2732
0.686, 2731
0.690, 2730
0.693, 2729
0.694, 2728
0.696, 2727
0.699, 2726
0.699, 2725
0.700, 2724
0.700, 2723
0.701, 2722
0.701, 2721
0.702, 2720
0.703, 2719
0.704, 2718
0.705, 2717
0.705, 2716
0.709, 2715
0.711, 2714
0.713, 2713
0.713, 2712
0.714, 2711
0.714, 2710
0.715, 2709
0.719, 2708
0.720, 2707
0.722, 2706
0.722, 2705
0.723, 2704
0.726, 2703
0.727, 2702
0.731, 2701
0.731, 2700
0.733, 2699
0.734, 2698
0.735, 2697
0.741, 2696
0.750, 2695
0.750, 2694
0.752, 2693
0.753, 2692
0.759, 2691
0.764, 2690
0.771, 2689
0.772, 2688
0.772, 2687
0.774, 2686
0.775, 2685
0.781, 2684
0.781, 2683
0.784, 2682
0.784, 2681
0.786, 2680
0.788, 2679
0.789, 2678
0.791, 2677
0.797, 2676
0.797, 2675
0.801, 2674
0.801, 2673
0.801, 2672
0.806, 2671
0.808, 2670
0.809, 2669
0.810, 2668
0.810, 2667
0.812, 2666
0.813, 2665
0.815, 2664
0.818, 2663
0.820, 2662
0.822, 2661
0.823, 2660
0.831, 2659
0.835, 2658
0.835, 2657
0.839, 2656
0.841, 2655
0.845, 2654
0.846, 2653
0.848, 2652
0.849, 2651
0.852, 2650
0.852, 2649
0.858, 2648
0.864, 2647
0.867, 2646
0.873, 2645
0.876, 2644
0.876, 2643
0.879, 2642
0.879, 2641
0.881, 2640
0.883, 2639
0.884, 2638
0.885, 2637
0.886, 2636
0.887, 2635
0.888, 2634
0.888, 2633
0.892, 2632
0.892, 2631
0.892, 2630
0.895, 2629
0.896, 2628
0.898, 2627
0.898, 2626
0.901, 2625
0.903, 2624
0.904, 2623
0.905, 2622
0.909, 2621
0.913, 2620
0.918, 2619
0.921, 2618
0.933, 2617
0.936, 2616
0.936, 2615
0.944, 2614
0.947, 2613
0.952, 2612
0.955, 2611
0.955, 2610
0.957, 2609
0.958, 2608
0.962, 2607
0.967, 2606
0.977, 2605
0.980, 2604
0.981, 2603
0.981, 2602
0.983, 2601
0.986, 2600
0.987, 2599
0.987, 2598
0.987, 2597
0.989, 2596
0.992, 2595
0.999, 2594
1.003, 2593
1.008, 2592
1.009, 2591
1.011, 2590
1.013, 2589
1.023, 2588
1.023, 2587
1.026, 2586
1.029, 2585
1.035, 2584
1.044, 2583
1.050, 2582
1.052, 2581
1.053, 2580
1.058, 2579
1.061, 2578
1.061, 2577
1.065, 2576
1.069, 2575
1.081, 2574
1.089, 2573
1.091, 2572
1.092, 2571
1.093, 2570
1.101, 2569
1.106, 2568
1.108, 2567
1.119, 2566
1.122, 2565
1.125, 2564
1.125, 2563
1.128, 2562
1.130, 2561
1.139, 2560
1.159, 2559
1.170, 2558
1.176, 2557
1.189, 2556
1.190, 2555
1.204, 2554
1.204, 2553
1.205, 2552
1.206, 2551
1.207, 2550
1.208, 2549
1.209, 2548
1.227, 2547
1.231, 2546
1.234, 2545
1.240, 2544
1.252, 2543
1.254, 2542
1.267, 2541
1.268, 2540
1.297, 2539
1.302, 2538
1.306, 2537
1.307, 2536
1.312, 2535
1.315, 2534
1.328, 2533
1.331, 2532
1.332, 2531
1.343, 2530
1.350, 2529
1.350, 2528
1.359, 2527
1.364, 2526
1.381, 2525
1.393, 2524
1.404, 2523
1.410, 2522
1.421, 2521
1.427, 2520
1.429, 2519
1.439, 2518
1.443, 2517
1.446, 2516
1.464, 2515
1.476, 2514
1.483, 2513
1.499, 2512
1.500, 2511
1.510, 2510
1.515, 2509
1.537, 2508
1.544, 2507
1.546, 2506
1.551, 2505
1.553, 2504
1.553, 2503
1.570, 2502
1.577, 2501
1.585, 2500
1.589, 2499
1.606, 2498
1.633, 2497
1.652, 2496
1.660, 2495
1.677, 2494
1.700, 2493
1.708, 2492
1.710, 2491
1.725, 2490
1.735, 2489
1.739, 2488
1.745, 2487
1.748, 2486
1.761, 2485
1.775, 2484
1.783, 2483
1.797, 2482
1.812, 2481
1.816, 2480
1.828, 2479
1.843, 2478
1.848, 2477
1.898, 2476
1.907, 2475
1.909, 2474
1.921, 2473
1.926, 2472
1.936, 2471
1.952, 2470
1.960, 2469
1.968, 2468
2.046, 2467
2.072, 2466
2.083, 2465
2.083, 2464
2.086, 2463
2.101, 2462
2.159, 2461
2.170, 2460
2.236, 2459
2.263, 2458
2.286, 2457
2.297, 2456
2.410, 2455
2.458, 2454
2.507, 2453
2.921, 2452
2.997, 2451
3.116, 2450
3.545, 2449
3.889, 2448
4.069, 2447
