0.001, 3255
0.001, 3254
0.001, 3253
0.002, 3252
0.002, 3251
0.008, 3250
0.063, 3249
0.064, 3248
0.065, 3247
0.067, 3246
0.068, 3245
0.069, 3244
0.070, 3243
0.070, 3242
0.071, 3241
0.071, 3240
0.072, 3239
0.073, 3238
0.073, 3237
0.074, 3236
0.075, 3235
0.075, 3234
0.076, 3233
0.077, 3232
0.077, 3231
0.077, 3230
0.079, 3229
0.081, 3228
0.081, 3227
0.082, 3226
0.082, 3225
0.082, 3224
0.083, 3223
0.083, 3222
0.084, 3221
0.085, 3220
0.085, 3219
0.086, 3218
0.087, 3217
0.088, 3216
0.088, 3215
0.089, 3214
0.090, 3213
0.090, 3212
0.091, 3211
0.091, 3210
0.091, 3209
0.092, 3208
0.094, 3207
0.094, 3206
0.095, 3205
0.096, 3204
0.096, 3203
0.097, 3202
0.098, 3201
0.100, 3200
0.102, 3199
0.102, 3198
0.103, 3197
0.103, 3196
0.105, 3195
0.106, 3194
0.107, 3193
0.108, 3192
0.108, 3191
0.108, 3190
0.109, 3189
0.109, 3188
0.112, 3187
0.113, 3186
0.114, 3185
0.115, 3184
0.115, 3183
0.115, 3182
0.116, 3181
0.116, 3180
0.119, 3179
0.119, 3178
0.120, 3177
0.120, 3176
0.122, 3175
0.123, 3174
0.125, 3173
0.125, 3172
0.126, 3171
0.127, 3170
0.128, 3169
0.129, 3168
0.130, 3167
0.132, 3166
0.134, 3165
0.135, 3164
0.137, 3163
0.139, 3162
0.141, 3161
0.141, 3160
0.141, 3159
0.142, 3158
0.142, 3157
0.144, 3156
0.144, 3155
0.146, 3154
0.146, 3153
0.147, 3152
0.147, 3151
0.147, 3150
0.148, 3149
0.149, 3148
0.149, 3147
0.151, 3146
0.151, 3145
0.152, 3144
0.153, 3143
0.153, 3142
0.154, 3141
0.154, 3140
0.155, 3139
0.156, 3138
0.156, 3137
0.157, 3136
0.161, 3135
0.162, 3134
0.163, 3133
0.164, 3132
0.164, 3131
0.166, 3130
0.166, 3129
0.167, 3128
0.169, 3127
0.169, 3126
0.170, 3125
0.170, 3124
0.171, 3123
0.171, 3122
0.173, 3121
0.174, 3120
0.175, 3119
0.175, 3118
0.176, 3117
0.177, 3116
0.177, 3115
0.178, 3114
0.179, 3113
0.180, 3112
0.180, 3111
0.181, 3110
0.182, 3109
0.183, 3108
0.186, 3107
0.190, 3106
0.192, 3105
0.193, 3104
0.194, 3103
0.194, 3102
0.195, 3101
0.195, 3100
0.196, 3099
0.198, 3098
0.199, 3097
0.199, 3096
0.201, 3095
0.202, 3094
0.202, 3093
0.204, 3092
0.204, 3091
0.206, 3090
0.206, 3089
0.208, 3088
0.208, 3087
0.209, 3086
0.209, 3085
0.209, 3084
0.210, 3083
0.210, 3082
0.211, 3081
0.211, 3080
0.212, 3079
0.212, 3078
0.214, 3077
0.215, 3076
0.216, 3075
0.217, 3074
0.218, 3073
0.221, 3072
0.222, 3071
0.223, 3070
0.224, 3069
0.225, 3068
0.227, 3067
0.229, 3066
0.230, 3065
0.231, 3064
0.233, 3063
0.234, 3062
0.234, 3061
0.235, 3060
0.237, 3059
0.237, 3058
0.238, 3057
0.238, 3056
0.240, 3055
0.241, 3054
0.243, 3053
0.244, 3052
0.244, 3051
0.246, 3050
0.248, 3049
0.250, 3048
0.250, 3047
0.251, 3046
0.251, 3045
0.253, 3044
0.253, 3043
0.254, 3042
0.255, 3041
0.255, 3040
0.256, 3039
0.256, 3038
0.257, 3037
0.257, 3036
0.261, 3035
0.264, 3034
0.266, 3033
0.267, 3032
0.268, 3031
0.268, 3030
0.269, 3029
0.270, 3028
0.270, 3027
0.271, 3026
0.272, 3025
0.277, 3024
0.277, 3023
0.278, 3022
0.282, 3021
0.284, 3020
0.285, 3019
0.285, 3018
0.286, 3017
0.287, 3016
0.287, 3015
0.288, 3014
0.289, 3013
0.290, 3012
0.290, 3011
0.292, 3010
0.292, 3009
0.294, 3008
0.296, 3007
0.297, 3006
0.297, 3005
0.300, 3004
0.301, 3003
0.301, 3002
0.304, 3001
0.304, 3000
0.305, 2999
0.305, 2998
0.306, 2997
0.306, 2996
0.309, 2995
0.312, 2994
0.312, 2993
0.313, 2992
0.317, 2991
0.318, 2990
0.319, 2989
0.321, 2988
0.324, 2987
0.325, 2986
0.326, 2985
0.327, 2984
0.328, 2983
0.330, 2982
0.331, 2981
0.333, 2980
0.333, 2979
0.336, 2978
0.337, 2977
0.337, 2976
0.337, 2975
0.340, 2974
0.340, 2973
0.343, 2972
0.344, 2971
0.346, 2970
0.348, 2969
0.348, 2968
0.349, 2967
0.349, 2966
0.351, 2965
0.351, 2964
0.353, 2963
0.354, 2962
0.355, 2961
0.356, 2960
0.360, 2959
0.361, 2958
0.362, 2957
0.362, 2956
0.366, 2955
0.367, 2954
0.368, 2953
0.369, 2952
0.370, 2951
0.371, 2950
0.371, 2949
0.372, 2948
0.373, 2947
0.374, 2946
0.374, 2945
0.375, 2944
0.375, 2943
0.378, 2942
0.379, 2941
0.380, 2940
0.382, 2939
0.383, 2938
0.383, 2937
0.384, 2936
0.384, 2935
0.385, 2934
0.386, 2933
0.387, 2932
0.387, 2931
0.388, 2930
0.390, 2929
0.391, 2928
0.391, 2927
0.392, 2926
0.393, 2925
0.393, 2924
0.394, 2923
0.394, 2922
0.395, 2921
0.401, 2920
0.406, 2919
0.409, 2918
0.410, 2917
0.412, 2916
0.418, 2915
0.418, 2914
0.419, 2913
0.420, 2912
0.423, 2911
0.425, 2910
0.425, 2909
0.426, 2908
0.428, 2907
0.429, 2906
0.429, 2905
0.430, 2904
0.430, 2903
0.431, 2902
0.431, 2901
0.432, 2900
0.434, 2899
0.436, 2898
0.437, 2897
0.438, 2896
0.439, 2895
0.440, 2894
0.442, 2893
0.445, 2892
0.446, 2891
0.448, 2890
0.450, 2889
0.451, 2888
0.453, 2887
0.454, 2886
0.455, 2885
0.457, 2884
0.458, 2883
0.459, 2882
0.460, 2881
0.460, 2880
0.463, 2879
0.464, 2878
0.465, 2877
0.466, 2876
0.470, 2875
0.470, 2874
0.471, 2873
0.473, 2872
0.474, 2871
0.475, 2870
0.476, 2869
0.477, 2868
0.479, 2867
0.481, 2866
0.481, 2865
0.482, 2864
0.482, 2863
0.483, 2862
0.484, 2861
0.485, 2860
0.487, 2859
0.489, 2858
0.489, 2857
0.490, 2856
0.491, 2855
0.492, 2854
0.492, 2853
0.492, 2852
0.494, 2851
0.497, 2850
0.499, 2849
0.503, 2848
0.505, 2847
0.509, 2846
0.509, 2845
0.509, 2844
0.511, 2843
0.511, 2842
0.512, 2841
0.513, 2840
0.518, 2839
0.520, 2838
0.520, 2837
0.522, 2836
0.523, 2835
0.525, 2834
0.526, 2833
0.526, 2832
0.531, 2831
0.533, 2830
0.534, 2829
0.535, 2828
0.535, 2827
0.538, 2826
0.540, 2825
0.540, 2824
0.544, 2823
0.544, 2822
0.545, 2821
0.547, 2820
0.547, 2819
0.549, 2818
0.552, 2817
0.552, 2816
0.555, 2815
0.556, 2814
0.558, 2813
0.560, 2812
0.560, 2811
0.560, 2810
0.562, 2809
0.564, 2808
0.566, 2807
0.568, 2806
0.568, 2805
0.570, 2804
0.572, 2803
0.573, 2802
0.575, 2801
0.576, 2800
0.577, 2799
0.578, 2798
0.580, 2797
0.581, 2796
0.584, 2795
0.584, 2794
0.586, 2793
0.586, 2792
0.588, 2791
0.590, 2790
0.590, 2789
0.592, 2788
0.594, 2787
0.596, 2786
0.599, 2785
0.599, 2784
0.603, 2783
0.607, 2782
0.607, 2781
0.609, 2780
0.610, 2779
0.610, 2778
0.612, 2777
0.615, 2776
0.617, 2775
0.618, 2774
0.622, 2773
0.622, 2772
0.623, 2771
0.624, 2770
0.625, 2769
0.626, 2768
0.626, 2767
0.628, 2766
0.631, 2765
0.632, 2764
0.633, 2763
0.635, 2762
0.639, 2761
0.640, 2760
0.642, 2759
0.645, 2758
0.645, 2757
0.646, 2756
0.647, 2755
0.649, 2754
0.653, 2753
0.654, 2752
0.658, 2751
0.659, 2750
0.661, 2749
0.664, 2748
0.665, 2747
0.665, 2746
0.665, 2745
0.666, 2744
0.670, 2743
0.675, 2742
0.678, 2741
0.679, 2740
0.681, 2739
0.683, 2738
0.684, 2737
0.685, 2736
0.685, 2735
0.689, 2734
0.696, 2733
0.697, 2732
0.698, 2731
0.698, 2730
0.700, 2729
0.704, 2728
0.710, 2727
0.711, 2726
0.717, 2725
0.717, 2724
0.720, 2723
0.724, 2722
0.726, 2721
0.728, 2720
0.729, 2719
0.730, 2718
0.738, 2717
0.741, 2716
0.743, 2715
0.744, 2714
0.748, 2713
0.750, 2712
0.752, 2711
0.756, 2710
0.762, 2709
0.771, 2708
0.772, 2707
0.782, 2706
0.785, 2705
0.787, 2704
0.788, 2703
0.790, 2702
0.803, 2701
0.804, 2700
0.806, 2699
0.806, 2698
0.810, 2697
0.814, 2696
0.815, 2695
0.816, 2694
0.816, 2693
0.827, 2692
0.829, 2691
0.836, 2690
0.836, 2689
0.837, 2688
0.840, 2687
0.841, 2686
0.847, 2685
0.854, 2684
0.855, 2683
0.857, 2682
0.864, 2681
0.869, 2680
0.871, 2679
0.873, 2678
0.886, 2677
0.887, 2676
0.888, 2675
0.891, 2674
0.891, 2673
0.896, 2672
0.897, 2671
0.898, 2670
0.903, 2669
0.904, 2668
0.906, 2667
0.920, 2666
0.922, 2665
0.924, 2664
0.924, 2663
0.926, 2662
0.939, 2661
0.939, 2660
0.940, 2659
0.942, 2658
0.950, 2657
0.951, 2656
0.954, 2655
0.954, 2654
0.966, 2653
0.966, 2652
0.967, 2651
0.971, 2650
0.973, 2649
0.975, 2648
0.976, 2647
0.983, 2646
0.983, 2645
0.985, 2644
0.999, 2643
1.006, 2642
1.013, 2641
1.018, 2640
1.020, 2639
1.021, 2638
1.027, 2637
1.031, 2636
1.038, 2635
1.039, 2634
1.067, 2633
1.069, 2632
1.075, 2631
1.080, 2630
1.083, 2629
1.092, 2628
1.098, 2627
1.099, 2626
1.101, 2625
1.112, 2624
1.115, 2623
1.119, 2622
1.124, 2621
1.125, 2620
1.137, 2619
1.138, 2618
1.141, 2617
1.144, 2616
1.150, 2615
1.151, 2614
1.152, 2613
1.152, 2612
1.158, 2611
1.158, 2610
1.160, 2609
1.175, 2608
1.178, 2607
1.184, 2606
1.192, 2605
1.196, 2604
1.197, 2603
1.206, 2602
1.217, 2601
1.218, 2600
1.250, 2599
1.250, 2598
1.256, 2597
1.261, 2596
1.263, 2595
1.263, 2594
1.269, 2593
1.274, 2592
1.274, 2591
1.293, 2590
1.296, 2589
1.297, 2588
1.298, 2587
1.301, 2586
1.306, 2585
1.312, 2584
1.313, 2583
1.314, 2582
1.320, 2581
1.324, 2580
1.326, 2579
1.328, 2578
1.340, 2577
1.347, 2576
1.349, 2575
1.361, 2574
1.362, 2573
1.364, 2572
1.364, 2571
1.364, 2570
1.368, 2569
1.378, 2568
1.385, 2567
1.387, 2566
1.389, 2565
1.401, 2564
1.403, 2563
1.405, 2562
1.416, 2561
1.420, 2560
1.421, 2559
1.430, 2558
1.431, 2557
1.435, 2556
1.438, 2555
1.446, 2554
1.449, 2553
1.457, 2552
1.458, 2551
1.460, 2550
1.461, 2549
1.469, 2548
1.473, 2547
1.474, 2546
1.483, 2545
1.500, 2544
1.503, 2543
1.508, 2542
1.512, 2541
1.522, 2540
1.528, 2539
1.530, 2538
1.531, 2537
1.542, 2536
1.544, 2535
1.559, 2534
1.559, 2533
1.574, 2532
1.596, 2531
1.610, 2530
1.616, 2529
1.627, 2528
1.650, 2527
1.664, 2526
1.670, 2525
1.674, 2524
1.696, 2523
1.707, 2522
1.715, 2521
1.738, 2520
1.785, 2519
1.796, 2518
1.802, 2517
1.827, 2516
1.849, 2515
1.859, 2514
1.865, 2513
1.869, 2512
1.904, 2511
1.955, 2510
1.961, 2509
1.967, 2508
1.974, 2507
1.989, 2506
1.991, 2505
1.991, 2504
2.005, 2503
2.007, 2502
2.013, 2501
2.015, 2500
2.023, 2499
2.025, 2498
2.027, 2497
2.028, 2496
2.035, 2495
2.055, 2494
2.068, 2493
2.074, 2492
2.097, 2491
2.120, 2490
2.160, 2489
2.176, 2488
2.177, 2487
2.193, 2486
2.248, 2485
2.260, 2484
2.262, 2483
2.289, 2482
2.298, 2481
2.318, 2480
2.324, 2479
2.375, 2478
2.407, 2477
2.531, 2476
2.532, 2475
2.542, 2474
2.597, 2473
2.628, 2472
2.675, 2471
2.686, 2470
2.720, 2469
2.769, 2468
2.771, 2467
3.104, 2466
3.338, 2465
3.706, 2464
3.761, 2463
3.899, 2462
3.962, 2461
4.243, 2460
4.574, 2459
4.765, 2458
5.243, 2457
