0.001, 3256
0.017, 3255
0.155, 3254
0.156, 3253
0.157, 3252
0.157, 3251
0.158, 3250
0.158, 3249
0.159, 3248
0.161, 3247
0.161, 3246
0.163, 3245
0.163, 3244
0.164, 3243
0.165, 3242
0.166, 3241
0.166, 3240
0.166, 3239
0.167, 3238
0.167, 3237
0.168, 3236
0.168, 3235
0.169, 3234
0.170, 3233
0.170, 3232
0.171, 3231
0.171, 3230
0.172, 3229
0.172, 3228
0.173, 3227
0.174, 3226
0.174, 3225
0.175, 3224
0.175, 3223
0.176, 3222
0.179, 3221
0.179, 3220
0.179, 3219
0.180, 3218
0.181, 3217
0.182, 3216
0.182, 3215
0.183, 3214
0.183, 3213
0.184, 3212
0.185, 3211
0.185, 3210
0.186, 3209
0.186, 3208
0.190, 3207
0.190, 3206
0.191, 3205
0.191, 3204
0.193, 3203
0.194, 3202
0.194, 3201
0.195, 3200
0.195, 3199
0.196, 3198
0.196, 3197
0.198, 3196
0.199, 3195
0.199, 3194
0.200, 3193
0.201, 3192
0.201, 3191
0.204, 3190
0.205, 3189
0.205, 3188
0.206, 3187
0.207, 3186
0.209, 3185
0.210, 3184
0.211, 3183
0.212, 3182
0.212, 3181
0.213, 3180
0.213, 3179
0.213, 3178
0.214, 3177
0.214, 3176
0.215, 3175
0.217, 3174
0.218, 3173
0.220, 3172
0.220, 3171
0.220, 3170
0.222, 3169
0.222, 3168
0.224, 3167
0.225, 3166
0.225, 3165
0.226, 3164
0.226, 3163
0.226, 3162
0.228, 3161
0.228, 3160
0.229, 3159
0.229, 3158
0.230, 3157
0.231, 3156
0.232, 3155
0.232, 3154
0.232, 3153
0.233, 3152
0.233, 3151
0.234, 3150
0.234, 3149
0.235, 3148
0.236, 3147
0.236, 3146
0.237, 3145
0.237, 3144
0.238, 3143
0.238, 3142
0.239, 3141
0.239, 3140
0.240, 3139
0.241, 3138
0.242, 3137
0.242, 3136
0.243, 3135
0.244, 3134
0.245, 3133
0.246, 3132
0.248, 3131
0.249, 3130
0.249, 3129
0.250, 3128
0.251, 3127
0.252, 3126
0.254, 3125
0.254, 3124
0.254, 3123
0.255, 3122
0.256, 3121
0.256, 3120
0.256, 3119
0.257, 3118
0.257, 3117
0.258, 3116
0.258, 3115
0.259, 3114
0.260, 3113
0.260, 3112
0.261, 3111
0.262, 3110
0.263, 3109
0.264, 3108
0.264, 3107
0.265, 3106
0.265, 3105
0.266, 3104
0.266, 3103
0.267, 3102
0.267, 3101
0.268, 3100
0.271, 3099
0.271, 3098
0.272, 3097
0.272, 3096
0.274, 3095
0.276, 3094
0.276, 3093
0.277, 3092
0.278, 3091
0.280, 3090
0.281, 3089
0.281, 3088
0.282, 3087
0.282, 3086
0.284, 3085
0.286, 3084
0.286, 3083
0.286, 3082
0.288, 3081
0.290, 3080
0.290, 3079
0.291, 3078
0.293, 3077
0.294, 3076
0.294, 3075
0.296, 3074
0.297, 3073
0.297, 3072
0.299, 3071
0.299, 3070
0.300, 3069
0.302, 3068
0.302, 3067
0.302, 3066
0.303, 3065
0.303, 3064
0.308, 3063
0.309, 3062
0.311, 3061
0.312, 3060
0.312, 3059
0.313, 3058
0.314, 3057
0.314, 3056
0.315, 3055
0.315, 3054
0.316, 3053
0.316, 3052
0.317, 3051
0.318, 3050
0.318, 3049
0.318, 3048
0.319, 3047
0.320, 3046
0.320, 3045
0.322, 3044
0.322, 3043
0.323, 3042
0.323, 3041
0.323, 3040
0.325, 3039
0.327, 3038
0.329, 3037
0.333, 3036
0.334, 3035
0.336, 3034
0.337, 3033
0.340, 3032
0.341, 3031
0.342, 3030
0.342, 3029
0.343, 3028
0.344, 3027
0.346, 3026
0.346, 3025
0.347, 3024
0.349, 3023
0.349, 3022
0.350, 3021
0.351, 3020
0.354, 3019
0.355, 3018
0.358, 3017
0.359, 3016
0.361, 3015
0.364, 3014
0.370, 3013
0.372, 3012
0.372, 3011
0.374, 3010
0.375, 3009
0.376, 3008
0.380, 3007
0.382, 3006
0.383, 3005
0.385, 3004
0.385, 3003
0.386, 3002
0.387, 3001
0.388, 3000
0.388, 2999
0.389, 2998
0.389, 2997
0.391, 2996
0.394, 2995
0.395, 2994
0.396, 2993
0.397, 2992
0.398, 2991
0.400, 2990
0.402, 2989
0.402, 2988
0.402, 2987
0.403, 2986
0.404, 2985
0.407, 2984
0.407, 2983
0.408, 2982
0.408, 2981
0.409, 2980
0.409, 2979
0.411, 2978
0.411, 2977
0.412, 2976
0.413, 2975
0.413, 2974
0.414, 2973
0.414, 2972
0.416, 2971
0.417, 2970
0.417, 2969
0.418, 2968
0.418, 2967
0.420, 2966
0.421, 2965
0.421, 2964
0.424, 2963
0.426, 2962
0.426, 2961
0.429, 2960
0.431, 2959
0.431, 2958
0.433, 2957
0.434, 2956
0.438, 2955
0.440, 2954
0.441, 2953
0.441, 2952
0.441, 2951
0.441, 2950
0.443, 2949
0.444, 2948
0.445, 2947
0.446, 2946
0.447, 2945
0.448, 2944
0.451, 2943
0.452, 2942
0.452, 2941
0.452, 2940
0.453, 2939
0.454, 2938
0.455, 2937
0.455, 2936
0.456, 2935
0.456, 2934
0.457, 2933
0.458, 2932
0.458, 2931
0.459, 2930
0.461, 2929
0.462, 2928
0.463, 2927
0.463, 2926
0.464, 2925
0.464, 2924
0.465, 2923
0.465, 2922
0.466, 2921
0.467, 2920
0.470, 2919
0.471, 2918
0.472, 2917
0.472, 2916
0.472, 2915
0.473, 2914
0.474, 2913
0.475, 2912
0.476, 2911
0.476, 2910
0.478, 2909
0.484, 2908
0.485, 2907
0.486, 2906
0.487, 2905
0.487, 2904
0.488, 2903
0.488, 2902
0.489, 2901
0.491, 2900
0.492, 2899
0.493, 2898
0.494, 2897
0.496, 2896
0.502, 2895
0.503, 2894
0.505, 2893
0.505, 2892
0.506, 2891
0.508, 2890
0.509, 2889
0.510, 2888
0.511, 2887
0.512, 2886
0.515, 2885
0.517, 2884
0.518, 2883
0.520, 2882
0.521, 2881
0.522, 2880
0.523, 2879
0.523, 2878
0.523, 2877
0.524, 2876
0.525, 2875
0.526, 2874
0.527, 2873
0.528, 2872
0.534, 2871
0.536, 2870
0.540, 2869
0.543, 2868
0.546, 2867
0.547, 2866
0.551, 2865
0.552, 2864
0.553, 2863
0.553, 2862
0.554, 2861
0.554, 2860
0.555, 2859
0.555, 2858
0.558, 2857
0.558, 2856
0.560, 2855
0.562, 2854
0.562, 2853
0.563, 2852
0.563, 2851
0.565, 2850
0.566, 2849
0.567, 2848
0.571, 2847
0.572, 2846
0.573, 2845
0.574, 2844
0.576, 2843
0.577, 2842
0.579, 2841
0.579, 2840
0.581, 2839
0.581, 2838
0.582, 2837
0.583, 2836
0.583, 2835
0.584, 2834
0.585, 2833
0.585, 2832
0.586, 2831
0.586, 2830
0.587, 2829
0.588, 2828
0.590, 2827
0.592, 2826
0.595, 2825
0.598, 2824
0.601, 2823
0.603, 2822
0.604, 2821
0.606, 2820
0.606, 2819
0.607, 2818
0.608, 2817
0.609, 2816
0.610, 2815
0.611, 2814
0.612, 2813
0.612, 2812
0.614, 2811
0.622, 2810
0.624, 2809
0.624, 2808
0.627, 2807
0.631, 2806
0.632, 2805
0.634, 2804
0.636, 2803
0.638, 2802
0.639, 2801
0.642, 2800
0.644, 2799
0.644, 2798
0.646, 2797
0.646, 2796
0.648, 2795
0.650, 2794
0.655, 2793
0.655, 2792
0.657, 2791
0.658, 2790
0.659, 2789
0.659, 2788
0.660, 2787
0.662, 2786
0.663, 2785
0.663, 2784
0.665, 2783
0.666, 2782
0.667, 2781
0.669, 2780
0.670, 2779
0.671, 2778
0.672, 2777
0.675, 2776
0.676, 2775
0.678, 2774
0.682, 2773
0.686, 2772
0.686, 2771
0.686, 2770
0.689, 2769
0.690, 2768
0.692, 2767
0.692, 2766
0.693, 2765
0.694, 2764
0.695, 2763
0.695, 2762
0.699, 2761
0.701, 2760
0.702, 2759
0.703, 2758
0.704, 2757
0.705, 2756
0.712, 2755
0.714, 2754
0.717, 2753
0.721, 2752
0.723, 2751
0.723, 2750
0.723, 2749
0.724, 2748
0.724, 2747
0.725, 2746
0.728, 2745
0.730, 2744
0.730, 2743
0.733, 2742
0.735, 2741
0.738, 2740
0.739, 2739
0.740, 2738
0.752, 2737
0.753, 2736
0.755, 2735
0.756, 2734
0.756, 2733
0.756, 2732
0.758, 2731
0.759, 2730
0.760, 2729
0.762, 2728
0.763, 2727
0.763, 2726
0.767, 2725
0.768, 2724
0.768, 2723
0.769, 2722
0.771, 2721
0.773, 2720
0.775, 2719
0.776, 2718
0.777, 2717
0.779, 2716
0.782, 2715
0.784, 2714
0.790, 2713
0.791, 2712
0.793, 2711
0.793, 2710
0.794, 2709
0.795, 2708
0.796, 2707
0.796, 2706
0.797, 2705
0.803, 2704
0.805, 2703
0.806, 2702
0.807, 2701
0.809, 2700
0.810, 2699
0.812, 2698
0.812, 2697
0.815, 2696
0.816, 2695
0.818, 2694
0.822, 2693
0.829, 2692
0.830, 2691
0.833, 2690
0.839, 2689
0.840, 2688
0.841, 2687
0.845, 2686
0.846, 2685
0.849, 2684
0.852, 2683
0.857, 2682
0.864, 2681
0.865, 2680
0.867, 2679
0.867, 2678
0.868, 2677
0.869, 2676
0.870, 2675
0.874, 2674
0.874, 2673
0.875, 2672
0.876, 2671
0.879, 2670
0.880, 2669
0.881, 2668
0.886, 2667
0.887, 2666
0.893, 2665
0.894, 2664
0.895, 2663
0.896, 2662
0.898, 2661
0.900, 2660
0.904, 2659
0.904, 2658
0.909, 2657
0.915, 2656
0.915, 2655
0.917, 2654
0.918, 2653
0.923, 2652
0.923, 2651
0.924, 2650
0.925, 2649
0.931, 2648
0.931, 2647
0.934, 2646
0.941, 2645
0.943, 2644
0.943, 2643
0.944, 2642
0.945, 2641
0.946, 2640
0.948, 2639
0.949, 2638
0.950, 2637
0.951, 2636
0.952, 2635
0.954, 2634
0.958, 2633
0.958, 2632
0.963, 2631
0.968, 2630
0.970, 2629
0.971, 2628
0.971, 2627
0.972, 2626
0.974, 2625
0.978, 2624
0.979, 2623
0.982, 2622
0.985, 2621
0.985, 2620
0.988, 2619
0.989, 2618
0.990, 2617
0.992, 2616
0.999, 2615
1.000, 2614
1.001, 2613
1.014, 2612
1.015, 2611
1.018, 2610
1.020, 2609
1.026, 2608
1.028, 2607
1.031, 2606
1.033, 2605
1.039, 2604
1.043, 2603
1.053, 2602
1.059, 2601
1.069, 2600
1.072, 2599
1.085, 2598
1.087, 2597
1.099, 2596
1.101, 2595
1.102, 2594
1.105, 2593
1.108, 2592
1.115, 2591
1.123, 2590
1.125, 2589
1.129, 2588
1.137, 2587
1.138, 2586
1.141, 2585
1.147, 2584
1.147, 2583
1.158, 2582
1.159, 2581
1.162, 2580
1.167, 2579
1.167, 2578
1.171, 2577
1.189, 2576
1.202, 2575
1.204, 2574
1.206, 2573
1.210, 2572
1.210, 2571
1.215, 2570
1.218, 2569
1.225, 2568
1.226, 2567
1.229, 2566
1.237, 2565
1.240, 2564
1.243, 2563
1.248, 2562
1.251, 2561
1.251, 2560
1.253, 2559
1.255, 2558
1.256, 2557
1.259, 2556
1.262, 2555
1.263, 2554
1.266, 2553
1.268, 2552
1.274, 2551
1.284, 2550
1.285, 2549
1.289, 2548
1.291, 2547
1.297, 2546
1.303, 2545
1.310, 2544
1.313, 2543
1.317, 2542
1.317, 2541
1.320, 2540
1.328, 2539
1.331, 2538
1.345, 2537
1.347, 2536
1.352, 2535
1.355, 2534
1.360, 2533
1.375, 2532
1.379, 2531
1.381, 2530
1.388, 2529
1.388, 2528
1.420, 2527
1.421, 2526
1.425, 2525
1.429, 2524
1.435, 2523
1.444, 2522
1.447, 2521
1.452, 2520
1.465, 2519
1.482, 2518
1.489, 2517
1.498, 2516
1.509, 2515
1.518, 2514
1.521, 2513
1.536, 2512
1.560, 2511
1.563, 2510
1.566, 2509
1.581, 2508
1.582, 2507
1.585, 2506
1.599, 2505
1.605, 2504
1.610, 2503
1.638, 2502
1.641, 2501
1.695, 2500
1.704, 2499
1.716, 2498
1.752, 2497
1.756, 2496
1.762, 2495
1.765, 2494
1.769, 2493
1.781, 2492
1.782, 2491
1.791, 2490
1.824, 2489
1.828, 2488
1.831, 2487
1.831, 2486
1.841, 2485
1.855, 2484
1.856, 2483
1.867, 2482
1.887, 2481
1.903, 2480
1.908, 2479
1.918, 2478
1.926, 2477
1.936, 2476
1.953, 2475
2.015, 2474
2.023, 2473
2.033, 2472
2.036, 2471
2.038, 2470
2.064, 2469
2.067, 2468
2.109, 2467
2.113, 2466
2.131, 2465
2.164, 2464
2.180, 2463
2.184, 2462
2.207, 2461
2.246, 2460
2.253, 2459
2.265, 2458
2.292, 2457
2.316, 2456
2.365, 2455
2.464, 2454
2.509, 2453
2.518, 2452
2.606, 2451
2.764, 2450
3.101, 2449
4.104, 2448
