0.001, 3255
0.001, 3254
0.002, 3253
0.009, 3252
0.055, 3251
0.056, 3250
0.057, 3249
0.057, 3248
0.058, 3247
0.059, 3246
0.060, 3245
0.060, 3244
0.061, 3243
0.062, 3242
0.063, 3241
0.064, 3240
0.064, 3239
0.064, 3238
0.064, 3237
0.065, 3236
0.065, 3235
0.066, 3234
0.066, 3233
0.067, 3232
0.068, 3231
0.068, 3230
0.068, 3229
0.069, 3228
0.069, 3227
0.070, 3226
0.071, 3225
0.071, 3224
0.072, 3223
0.072, 3222
0.073, 3221
0.074, 3220
0.074, 3219
0.075, 3218
0.075, 3217
0.076, 3216
0.078, 3215
0.079, 3214
0.080, 3213
0.080, 3212
0.081, 3211
0.081, 3210
0.082, 3209
0.083, 3208
0.084, 3207
0.086, 3206
0.087, 3205
0.087, 3204
0.088, 3203
0.088, 3202
0.089, 3201
0.089, 3200
0.089, 3199
0.089, 3198
0.091, 3197
0.091, 3196
0.094, 3195
0.095, 3194
0.095, 3193
0.095, 3192
0.096, 3191
0.097, 3190
0.098, 3189
0.098, 3188
0.099, 3187
0.099, 3186
0.099, 3185
0.100, 3184
0.100, 3183
0.101, 3182
0.102, 3181
0.103, 3180
0.103, 3179
0.103, 3178
0.104, 3177
0.104, 3176
0.105, 3175
0.105, 3174
0.106, 3173
0.106, 3172
0.106, 3171
0.109, 3170
0.110, 3169
0.111, 3168
0.112, 3167
0.114, 3166
0.115, 3165
0.116, 3164
0.117, 3163
0.117, 3162
0.117, 3161
0.118, 3160
0.118, 3159
0.119, 3158
0.119, 3157
0.120, 3156
0.121, 3155
0.121, 3154
0.122, 3153
0.122, 3152
0.123, 3151
0.123, 3150
0.124, 3149
0.124, 3148
0.124, 3147
0.124, 3146
0.125, 3145
0.127, 3144
0.129, 3143
0.130, 3142
0.132, 3141
0.132, 3140
0.132, 3139
0.133, 3138
0.136, 3137
0.136, 3136
0.136, 3135
0.138, 3134
0.138, 3133
0.139, 3132
0.140, 3131
0.141, 3130
0.143, 3129
0.143, 3128
0.145, 3127
0.145, 3126
0.147, 3125
0.147, 3124
0.148, 3123
0.148, 3122
0.149, 3121
0.151, 3120
0.152, 3119
0.153, 3118
0.154, 3117
0.154, 3116
0.156, 3115
0.157, 3114
0.157, 3113
0.158, 3112
0.159, 3111
0.159, 3110
0.160, 3109
0.161, 3108
0.161, 3107
0.162, 3106
0.163, 3105
0.163, 3104
0.163, 3103
0.164, 3102
0.165, 3101
0.165, 3100
0.166, 3099
0.166, 3098
0.167, 3097
0.167, 3096
0.169, 3095
0.170, 3094
0.171, 3093
0.174, 3092
0.174, 3091
0.176, 3090
0.177, 3089
0.178, 3088
0.179, 3087
0.179, 3086
0.180, 3085
0.181, 3084
0.182, 3083
0.183, 3082
0.184, 3081
0.185, 3080
0.185, 3079
0.185, 3078
0.186, 3077
0.187, 3076
0.188, 3075
0.189, 3074
0.189, 3073
0.190, 3072
0.190, 3071
0.191, 3070
0.191, 3069
0.193, 3068
0.195, 3067
0.196, 3066
0.197, 3065
0.200, 3064
0.200, 3063
0.201, 3062
0.202, 3061
0.202, 3060
0.204, 3059
0.204, 3058
0.205, 3057
0.206, 3056
0.207, 3055
0.208, 3054
0.209, 3053
0.209, 3052
0.209, 3051
0.210, 3050
0.211, 3049
0.211, 3048
0.212, 3047
0.213, 3046
0.213, 3045
0.215, 3044
0.215, 3043
0.215, 3042
0.216, 3041
0.218, 3040
0.218, 3039
0.219, 3038
0.220, 3037
0.220, 3036
0.223, 3035
0.223, 3034
0.224, 3033
0.225, 3032
0.226, 3031
0.227, 3030
0.228, 3029
0.229, 3028
0.230, 3027
0.230, 3026
0.230, 3025
0.231, 3024
0.231, 3023
0.232, 3022
0.233, 3021
0.235, 3020
0.236, 3019
0.236, 3018
0.237, 3017
0.237, 3016
0.238, 3015
0.238, 3014
0.239, 3013
0.240, 3012
0.240, 3011
0.242, 3010
0.242, 3009
0.243, 3008
0.244, 3007
0.245, 3006
0.245, 3005
0.246, 3004
0.247, 3003
0.249, 3002
0.250, 3001
0.250, 3000
0.251, 2999
0.255, 2998
0.256, 2997
0.257, 2996
0.258, 2995
0.260, 2994
0.264, 2993
0.264, 2992
0.265, 2991
0.265, 2990
0.266, 2989
0.266, 2988
0.268, 2987
0.268, 2986
0.269, 2985
0.270, 2984
0.270, 2983
0.271, 2982
0.271, 2981
0.272, 2980
0.272, 2979
0.273, 2978
0.274, 2977
0.275, 2976
0.275, 2975
0.276, 2974
0.279, 2973
0.279, 2972
0.280, 2971
0.281, 2970
0.282, 2969
0.282, 2968
0.285, 2967
0.286, 2966
0.286, 2965
0.287, 2964
0.288, 2963
0.289, 2962
0.291, 2961
0.294, 2960
0.295, 2959
0.297, 2958
0.297, 2957
0.298, 2956
0.299, 2955
0.301, 2954
0.303, 2953
0.303, 2952
0.304, 2951
0.305, 2950
0.305, 2949
0.306, 2948
0.310, 2947
0.310, 2946
0.312, 2945
0.315, 2944
0.315, 2943
0.316, 2942
0.317, 2941
0.319, 2940
0.319, 2939
0.319, 2938
0.320, 2937
0.321, 2936
0.322, 2935
0.322, 2934
0.324, 2933
0.324, 2932
0.325, 2931
0.326, 2930
0.329, 2929
0.332, 2928
0.333, 2927
0.333, 2926
0.335, 2925
0.336, 2924
0.336, 2923
0.338, 2922
0.338, 2921
0.339, 2920
0.340, 2919
0.342, 2918
0.342, 2917
0.343, 2916
0.343, 2915
0.346, 2914
0.348, 2913
0.352, 2912
0.352, 2911
0.353, 2910
0.353, 2909
0.355, 2908
0.355, 2907
0.359, 2906
0.361, 2905
0.362, 2904
0.366, 2903
0.366, 2902
0.368, 2901
0.368, 2900
0.369, 2899
0.373, 2898
0.377, 2897
0.379, 2896
0.379, 2895
0.381, 2894
0.384, 2893
0.385, 2892
0.386, 2891
0.388, 2890
0.389, 2889
0.391, 2888
0.393, 2887
0.395, 2886
0.399, 2885
0.400, 2884
0.401, 2883
0.401, 2882
0.402, 2881
0.404, 2880
0.406, 2879
0.406, 2878
0.408, 2877
0.410, 2876
0.410, 2875
0.410, 2874
0.411, 2873
0.412, 2872
0.414, 2871
0.415, 2870
0.415, 2869
0.418, 2868
0.420, 2867
0.421, 2866
0.422, 2865
0.422, 2864
0.423, 2863
0.425, 2862
0.426, 2861
0.427, 2860
0.429, 2859
0.429, 2858
0.430, 2857
0.430, 2856
0.431, 2855
0.433, 2854
0.433, 2853
0.436, 2852
0.438, 2851
0.440, 2850
0.441, 2849
0.442, 2848
0.443, 2847
0.444, 2846
0.444, 2845
0.444, 2844
0.445, 2843
0.446, 2842
0.450, 2841
0.452, 2840
0.456, 2839
0.456, 2838
0.461, 2837
0.462, 2836
0.462, 2835
0.463, 2834
0.467, 2833
0.468, 2832
0.468, 2831
0.470, 2830
0.472, 2829
0.473, 2828
0.474, 2827
0.477, 2826
0.478, 2825
0.479, 2824
0.483, 2823
0.484, 2822
0.484, 2821
0.485, 2820
0.487, 2819
0.489, 2818
0.491, 2817
0.491, 2816
0.492, 2815
0.493, 2814
0.496, 2813
0.496, 2812
0.498, 2811
0.499, 2810
0.500, 2809
0.501, 2808
0.502, 2807
0.503, 2806
0.504, 2805
0.506, 2804
0.508, 2803
0.509, 2802
0.510, 2801
0.511, 2800
0.514, 2799
0.514, 2798
0.518, 2797
0.520, 2796
0.521, 2795
0.521, 2794
0.522, 2793
0.523, 2792
0.528, 2791
0.529, 2790
0.529, 2789
0.534, 2788
0.535, 2787
0.536, 2786
0.536, 2785
0.537, 2784
0.538, 2783
0.539, 2782
0.539, 2781
0.540, 2780
0.542, 2779
0.545, 2778
0.547, 2777
0.548, 2776
0.549, 2775
0.550, 2774
0.551, 2773
0.552, 2772
0.553, 2771
0.557, 2770
0.557, 2769
0.559, 2768
0.563, 2767
0.567, 2766
0.570, 2765
0.574, 2764
0.574, 2763
0.575, 2762
0.579, 2761
0.580, 2760
0.581, 2759
0.581, 2758
0.582, 2757
0.585, 2756
0.587, 2755
0.588, 2754
0.590, 2753
0.592, 2752
0.592, 2751
0.592, 2750
0.597, 2749
0.597, 2748
0.599, 2747
0.600, 2746
0.600, 2745
0.608, 2744
0.612, 2743
0.614, 2742
0.614, 2741
0.615, 2740
0.615, 2739
0.616, 2738
0.618, 2737
0.618, 2736
0.623, 2735
0.627, 2734
0.628, 2733
0.629, 2732
0.630, 2731
0.630, 2730
0.630, 2729
0.632, 2728
0.636, 2727
0.638, 2726
0.640, 2725
0.645, 2724
0.646, 2723
0.649, 2722
0.653, 2721
0.653, 2720
0.654, 2719
0.656, 2718
0.656, 2717
0.657, 2716
0.664, 2715
0.665, 2714
0.666, 2713
0.667, 2712
0.668, 2711
0.671, 2710
0.676, 2709
0.683, 2708
0.685, 2707
0.686, 2706
0.686, 2705
0.687, 2704
0.689, 2703
0.689, 2702
0.692, 2701
0.692, 2700
0.693, 2699
0.694, 2698
0.696, 2697
0.697, 2696
0.697, 2695
0.698, 2694
0.701, 2693
0.702, 2692
0.703, 2691
0.706, 2690
0.710, 2689
0.713, 2688
0.713, 2687
0.715, 2686
0.716, 2685
0.720, 2684
0.729, 2683
0.729, 2682
0.732, 2681
0.733, 2680
0.737, 2679
0.742, 2678
0.747, 2677
0.749, 2676
0.750, 2675
0.750, 2674
0.754, 2673
0.757, 2672
0.758, 2671
0.762, 2670
0.763, 2669
0.764, 2668
0.765, 2667
0.768, 2666
0.772, 2665
0.778, 2664
0.778, 2663
0.788, 2662
0.791, 2661
0.794, 2660
0.796, 2659
0.796, 2658
0.798, 2657
0.802, 2656
0.803, 2655
0.805, 2654
0.806, 2653
0.808, 2652
0.809, 2651
0.810, 2650
0.810, 2649
0.810, 2648
0.813, 2647
0.814, 2646
0.814, 2645
0.815, 2644
0.816, 2643
0.816, 2642
0.818, 2641
0.820, 2640
0.823, 2639
0.824, 2638
0.826, 2637
0.833, 2636
0.837, 2635
0.838, 2634
0.839, 2633
0.839, 2632
0.847, 2631
0.857, 2630
0.857, 2629
0.858, 2628
0.861, 2627
0.862, 2626
0.862, 2625
0.865, 2624
0.866, 2623
0.866, 2622
0.867, 2621
0.870, 2620
0.875, 2619
0.879, 2618
0.884, 2617
0.891, 2616
0.906, 2615
0.911, 2614
0.923, 2613
0.944, 2612
0.945, 2611
0.949, 2610
0.950, 2609
0.951, 2608
0.951, 2607
0.952, 2606
0.953, 2605
0.957, 2604
0.967, 2603
0.969, 2602
0.970, 2601
0.976, 2600
0.983, 2599
0.985, 2598
0.987, 2597
0.990, 2596
0.992, 2595
0.996, 2594
0.997, 2593
1.001, 2592
1.004, 2591
1.006, 2590
1.010, 2589
1.010, 2588
1.013, 2587
1.016, 2586
1.020, 2585
1.026, 2584
1.030, 2583
1.032, 2582
1.035, 2581
1.039, 2580
1.050, 2579
1.059, 2578
1.082, 2577
1.083, 2576
1.084, 2575
1.088, 2574
1.089, 2573
1.089, 2572
1.093, 2571
1.095, 2570
1.096, 2569
1.109, 2568
1.111, 2567
1.113, 2566
1.116, 2565
1.116, 2564
1.119, 2563
1.120, 2562
1.125, 2561
1.129, 2560
1.135, 2559
1.136, 2558
1.145, 2557
1.162, 2556
1.162, 2555
1.167, 2554
1.176, 2553
1.177, 2552
1.187, 2551
1.192, 2550
1.193, 2549
1.200, 2548
1.210, 2547
1.214, 2546
1.224, 2545
1.242, 2544
1.246, 2543
1.248, 2542
1.258, 2541
1.259, 2540
1.276, 2539
1.289, 2538
1.292, 2537
1.300, 2536
1.317, 2535
1.327, 2534
1.353, 2533
1.354, 2532
1.360, 2531
1.362, 2530
1.367, 2529
1.373, 2528
1.377, 2527
1.399, 2526
1.400, 2525
1.416, 2524
1.422, 2523
1.429, 2522
1.431, 2521
1.454, 2520
1.461, 2519
1.481, 2518
1.484, 2517
1.502, 2516
1.504, 2515
1.541, 2514
1.554, 2513
1.576, 2512
1.580, 2511
1.588, 2510
1.603, 2509
1.606, 2508
1.612, 2507
1.613, 2506
1.619, 2505
1.630, 2504
1.630, 2503
1.647, 2502
1.650, 2501
1.661, 2500
1.662, 2499
1.664, 2498
1.671, 2497
1.681, 2496
1.692, 2495
1.696, 2494
1.703, 2493
1.704, 2492
1.706, 2491
1.743, 2490
1.772, 2489
1.775, 2488
1.783, 2487
1.817, 2486
1.824, 2485
1.831, 2484
1.854, 2483
1.928, 2482
1.965, 2481
1.983, 2480
2.014, 2479
2.045, 2478
2.075, 2477
2.103, 2476
2.112, 2475
2.129, 2474
2.141, 2473
2.150, 2472
2.153, 2471
2.177, 2470
2.204, 2469
2.212, 2468
2.317, 2467
2.339, 2466
2.341, 2465
2.342, 2464
2.433, 2463
2.514, 2462
2.594, 2461
2.605, 2460
2.624, 2459
2.702, 2458
2.732, 2457
2.790, 2456
2.852, 2455
2.954, 2454
3.002, 2453
3.032, 2452
3.091, 2451
3.694, 2450
3.708, 2449
3.772, 2448
6.866, 2447
