0.002, 4939
0.002, 4938
0.002, 4937
0.002, 4936
0.002, 4935
0.002, 4934
0.002, 4933
0.002, 4932
0.002, 4931
0.002, 4930
0.002, 4929
0.002, 4928
0.002, 4927
0.002, 4926
0.002, 4925
0.002, 4924
0.002, 4923
0.002, 4922
0.002, 4921
0.002, 4920
0.002, 4919
0.002, 4918
0.002, 4917
0.002, 4916
0.002, 4915
0.002, 4914
0.002, 4913
0.002, 4912
0.002, 4911
0.003, 4910
0.003, 4909
0.003, 4908
0.003, 4907
0.003, 4906
0.003, 4905
0.003, 4904
0.003, 4903
0.003, 4902
0.003, 4901
0.003, 4900
0.003, 4899
0.003, 4898
0.003, 4897
0.003, 4896
0.003, 4895
0.003, 4894
0.003, 4893
0.003, 4892
0.003, 4891
0.003, 4890
0.003, 4889
0.003, 4888
0.003, 4887
0.003, 4886
0.003, 4885
0.003, 4884
0.003, 4883
0.003, 4882
0.003, 4881
0.003, 4880
0.003, 4879
0.003, 4878
0.003, 4877
0.003, 4876
0.003, 4875
0.003, 4874
0.003, 4873
0.003, 4872
0.003, 4871
0.003, 4870
0.003, 4869
0.003, 4868
0.003, 4867
0.003, 4866
0.003, 4865
0.003, 4864
0.003, 4863
0.003, 4862
0.003, 4861
0.003, 4860
0.003, 4859
0.003, 4858
0.003, 4857
0.003, 4856
0.003, 4855
0.003, 4854
0.003, 4853
0.003, 4852
0.003, 4851
0.003, 4850
0.003, 4849
0.003, 4848
0.003, 4847
0.003, 4846
0.003, 4845
0.003, 4844
0.003, 4843
0.003, 4842
0.003, 4841
0.003, 4840
0.003, 4839
0.003, 4838
0.003, 4837
0.003, 4836
0.003, 4835
0.003, 4834
0.003, 4833
0.003, 4832
0.003, 4831
0.003, 4830
0.003, 4829
0.003, 4828
0.003, 4827
0.003, 4826
0.003, 4825
0.003, 4824
0.003, 4823
0.003, 4822
0.003, 4821
0.003, 4820
0.003, 4819
0.003, 4818
0.003, 4817
0.003, 4816
0.003, 4815
0.003, 4814
0.003, 4813
0.003, 4812
0.003, 4811
0.003, 4810
0.003, 4809
0.003, 4808
0.003, 4807
0.003, 4806
0.003, 4805
0.003, 4804
0.003, 4803
0.003, 4802
0.003, 4801
0.003, 4800
0.003, 4799
0.003, 4798
0.003, 4797
0.003, 4796
0.003, 4795
0.003, 4794
0.003, 4793
0.003, 4792
0.003, 4791
0.003, 4790
0.003, 4789
0.003, 4788
0.003, 4787
0.003, 4786
0.003, 4785
0.003, 4784
0.003, 4783
0.003, 4782
0.003, 4781
0.003, 4780
0.003, 4779
0.003, 4778
0.003, 4777
0.003, 4776
0.003, 4775
0.003, 4774
0.003, 4773
0.003, 4772
0.003, 4771
0.003, 4770
0.003, 4769
0.003, 4768
0.003, 4767
0.003, 4766
0.003, 4765
0.003, 4764
0.003, 4763
0.003, 4762
0.003, 4761
0.003, 4760
0.003, 4759
0.003, 4758
0.003, 4757
0.003, 4756
0.003, 4755
0.003, 4754
0.003, 4753
0.003, 4752
0.003, 4751
0.003, 4750
0.003, 4749
0.003, 4748
0.003, 4747
0.003, 4746
0.003, 4745
0.003, 4744
0.003, 4743
0.003, 4742
0.003, 4741
0.003, 4740
0.003, 4739
0.003, 4738
0.003, 4737
0.003, 4736
0.003, 4735
0.003, 4734
0.003, 4733
0.003, 4732
0.003, 4731
0.003, 4730
0.003, 4729
0.003, 4728
0.003, 4727
0.003, 4726
0.003, 4725
0.003, 4724
0.003, 4723
0.003, 4722
0.003, 4721
0.003, 4720
0.003, 4719
0.003, 4718
0.003, 4717
0.003, 4716
0.003, 4715
0.004, 4714
0.004, 4713
0.004, 4712
0.004, 4711
0.004, 4710
0.004, 4709
0.004, 4708
0.004, 4707
0.004, 4706
0.004, 4705
0.004, 4704
0.004, 4703
0.004, 4702
0.004, 4701
0.004, 4700
0.004, 4699
0.004, 4698
0.004, 4697
0.004, 4696
0.004, 4695
0.004, 4694
0.004, 4693
0.004, 4692
0.004, 4691
0.004, 4690
0.004, 4689
0.004, 4688
0.004, 4687
0.004, 4686
0.004, 4685
0.004, 4684
0.004, 4683
0.004, 4682
0.004, 4681
0.004, 4680
0.004, 4679
0.004, 4678
0.004, 4677
0.004, 4676
0.004, 4675
0.004, 4674
0.004, 4673
0.004, 4672
0.004, 4671
0.004, 4670
0.004, 4669
0.004, 4668
0.004, 4667
0.004, 4666
0.004, 4665
0.004, 4664
0.004, 4663
0.004, 4662
0.004, 4661
0.004, 4660
0.004, 4659
0.004, 4658
0.004, 4657
0.004, 4656
0.004, 4655
0.004, 4654
0.004, 4653
0.004, 4652
0.004, 4651
0.004, 4650
0.004, 4649
0.004, 4648
0.004, 4647
0.004, 4646
0.004, 4645
0.004, 4644
0.004, 4643
0.004, 4642
0.004, 4641
0.004, 4640
0.004, 4639
0.004, 4638
0.004, 4637
0.004, 4636
0.004, 4635
0.004, 4634
0.004, 4633
0.004, 4632
0.004, 4631
0.004, 4630
0.004, 4629
0.004, 4628
0.004, 4627
0.004, 4626
0.004, 4625
0.004, 4624
0.004, 4623
0.004, 4622
0.004, 4621
0.004, 4620
0.004, 4619
0.004, 4618
0.004, 4617
0.004, 4616
0.004, 4615
0.004, 4614
0.004, 4613
0.004, 4612
0.004, 4611
0.004, 4610
0.004, 4609
0.004, 4608
0.004, 4607
0.004, 4606
0.004, 4605
0.004, 4604
0.004, 4603
0.004, 4602
0.004, 4601
0.004, 4600
0.004, 4599
0.004, 4598
0.004, 4597
0.004, 4596
0.004, 4595
0.004, 4594
0.004, 4593
0.004, 4592
0.004, 4591
0.004, 4590
0.004, 4589
0.004, 4588
0.004, 4587
0.004, 4586
0.004, 4585
0.004, 4584
0.004, 4583
0.004, 4582
0.004, 4581
0.004, 4580
0.004, 4579
0.004, 4578
0.004, 4577
0.004, 4576
0.004, 4575
0.004, 4574
0.004, 4573
0.004, 4572
0.004, 4571
0.004, 4570
0.004, 4569
0.004, 4568
0.004, 4567
0.004, 4566
0.004, 4565
0.004, 4564
0.004, 4563
0.004, 4562
0.004, 4561
0.004, 4560
0.004, 4559
0.004, 4558
0.005, 4557
0.005, 4556
0.005, 4555
0.005, 4554
0.005, 4553
0.005, 4552
0.005, 4551
0.005, 4550
0.005, 4549
0.005, 4548
0.005, 4547
0.005, 4546
0.005, 4545
0.005, 4544
0.005, 4543
0.005, 4542
0.005, 4541
0.005, 4540
0.005, 4539
0.005, 4538
0.005, 4537
0.005, 4536
0.005, 4535
0.005, 4534
0.005, 4533
0.005, 4532
0.005, 4531
0.005, 4530
0.005, 4529
0.005, 4528
0.005, 4527
0.005, 4526
0.005, 4525
0.005, 4524
0.005, 4523
0.005, 4522
0.005, 4521
0.005, 4520
0.005, 4519
0.005, 4518
0.005, 4517
0.005, 4516
0.005, 4515
0.005, 4514
0.005, 4513
0.005, 4512
0.005, 4511
0.005, 4510
0.005, 4509
0.005, 4508
0.005, 4507
0.005, 4506
0.005, 4505
0.005, 4504
0.005, 4503
0.005, 4502
0.005, 4501
0.005, 4500
0.005, 4499
0.005, 4498
0.005, 4497
0.005, 4496
0.005, 4495
0.005, 4494
0.005, 4493
0.005, 4492
0.005, 4491
0.005, 4490
0.005, 4489
0.005, 4488
0.005, 4487
0.005, 4486
0.005, 4485
0.005, 4484
0.005, 4483
0.005, 4482
0.005, 4481
0.005, 4480
0.005, 4479
0.005, 4478
0.005, 4477
0.005, 4476
0.005, 4475
0.005, 4474
0.005, 4473
0.005, 4472
0.005, 4471
0.005, 4470
0.005, 4469
0.005, 4468
0.005, 4467
0.005, 4466
0.005, 4465
0.005, 4464
0.005, 4463
0.005, 4462
0.005, 4461
0.005, 4460
0.005, 4459
0.005, 4458
0.005, 4457
0.005, 4456
0.005, 4455
0.005, 4454
0.005, 4453
0.005, 4452
0.005, 4451
0.005, 4450
0.005, 4449
0.005, 4448
0.005, 4447
0.005, 4446
0.005, 4445
0.005, 4444
0.005, 4443
0.005, 4442
0.005, 4441
0.005, 4440
0.005, 4439
0.005, 4438
0.005, 4437
0.005, 4436
0.005, 4435
0.005, 4434
0.005, 4433
0.005, 4432
0.005, 4431
0.005, 4430
0.005, 4429
0.005, 4428
0.005, 4427
0.005, 4426
0.005, 4425
0.005, 4424
0.005, 4423
0.005, 4422
0.005, 4421
0.005, 4420
0.005, 4419
0.005, 4418
0.005, 4417
0.005, 4416
0.005, 4415
0.005, 4414
0.005, 4413
0.005, 4412
0.005, 4411
0.005, 4410
0.005, 4409
0.005, 4408
0.005, 4407
0.005, 4406
0.005, 4405
0.005, 4404
0.005, 4403
0.005, 4402
0.006, 4401
0.006, 4400
0.006, 4399
0.006, 4398
0.006, 4397
0.006, 4396
0.006, 4395
0.006, 4394
0.006, 4393
0.006, 4392
0.006, 4391
0.006, 4390
0.006, 4389
0.006, 4388
0.006, 4387
0.006, 4386
0.006, 4385
0.006, 4384
0.006, 4383
0.006, 4382
0.006, 4381
0.006, 4380
0.006, 4379
0.006, 4378
0.006, 4377
0.006, 4376
0.006, 4375
0.006, 4374
0.006, 4373
0.006, 4372
0.006, 4371
0.006, 4370
0.006, 4369
0.006, 4368
0.006, 4367
0.006, 4366
0.006, 4365
0.006, 4364
0.006, 4363
0.006, 4362
0.006, 4361
0.006, 4360
0.006, 4359
0.006, 4358
0.006, 4357
0.006, 4356
0.006, 4355
0.006, 4354
0.006, 4353
0.006, 4352
0.006, 4351
0.006, 4350
0.006, 4349
0.006, 4348
0.006, 4347
0.006, 4346
0.006, 4345
0.006, 4344
0.006, 4343
0.006, 4342
0.006, 4341
0.006, 4340
0.006, 4339
0.006, 4338
0.006, 4337
0.006, 4336
0.006, 4335
0.006, 4334
0.006, 4333
0.006, 4332
0.006, 4331
0.006, 4330
0.006, 4329
0.006, 4328
0.006, 4327
0.006, 4326
0.006, 4325
0.006, 4324
0.006, 4323
0.006, 4322
0.006, 4321
0.006, 4320
0.006, 4319
0.006, 4318
0.006, 4317
0.006, 4316
0.006, 4315
0.006, 4314
0.006, 4313
0.006, 4312
0.006, 4311
0.006, 4310
0.006, 4309
0.006, 4308
0.006, 4307
0.006, 4306
0.006, 4305
0.006, 4304
0.006, 4303
0.006, 4302
0.006, 4301
0.006, 4300
0.006, 4299
0.006, 4298
0.006, 4297
0.006, 4296
0.006, 4295
0.006, 4294
0.006, 4293
0.006, 4292
0.006, 4291
0.006, 4290
0.006, 4289
0.006, 4288
0.006, 4287
0.006, 4286
0.006, 4285
0.006, 4284
0.006, 4283
0.006, 4282
0.006, 4281
0.006, 4280
0.006, 4279
0.006, 4278
0.006, 4277
0.006, 4276
0.006, 4275
0.006, 4274
0.006, 4273
0.006, 4272
0.006, 4271
0.006, 4270
0.006, 4269
0.006, 4268
0.006, 4267
0.006, 4266
0.006, 4265
0.006, 4264
0.006, 4263
0.006, 4262
0.006, 4261
0.006, 4260
0.006, 4259
0.006, 4258
0.006, 4257
0.006, 4256
0.006, 4255
0.006, 4254
0.006, 4253
0.006, 4252
0.006, 4251
0.006, 4250
0.006, 4249
0.006, 4248
0.006, 4247
0.006, 4246
0.006, 4245
0.006, 4244
0.006, 4243
0.006, 4242
0.006, 4241
0.006, 4240
0.006, 4239
0.006, 4238
0.006, 4237
0.006, 4236
0.006, 4235
0.006, 4234
0.006, 4233
0.006, 4232
0.006, 4231
0.006, 4230
0.006, 4229
0.006, 4228
0.006, 4227
0.006, 4226
0.007, 4225
0.007, 4224
0.007, 4223
0.007, 4222
0.007, 4221
0.007, 4220
0.007, 4219
0.007, 4218
0.007, 4217
0.007, 4216
0.007, 4215
0.007, 4214
0.007, 4213
0.007, 4212
0.007, 4211
0.007, 4210
0.007, 4209
0.007, 4208
0.007, 4207
0.007, 4206
0.007, 4205
0.007, 4204
0.007, 4203
0.007, 4202
0.007, 4201
0.007, 4200
0.007, 4199
0.007, 4198
0.007, 4197
0.007, 4196
0.007, 4195
0.007, 4194
0.007, 4193
0.007, 4192
0.007, 4191
0.007, 4190
0.007, 4189
0.007, 4188
0.007, 4187
0.007, 4186
0.007, 4185
0.007, 4184
0.007, 4183
0.007, 4182
0.007, 4181
0.007, 4180
0.007, 4179
0.007, 4178
0.007, 4177
0.007, 4176
0.007, 4175
0.007, 4174
0.007, 4173
0.007, 4172
0.007, 4171
0.007, 4170
0.007, 4169
0.007, 4168
0.007, 4167
0.007, 4166
0.007, 4165
0.007, 4164
0.007, 4163
0.007, 4162
0.007, 4161
0.007, 4160
0.007, 4159
0.007, 4158
0.007, 4157
0.007, 4156
0.007, 4155
0.007, 4154
0.007, 4153
0.007, 4152
0.007, 4151
0.007, 4150
0.007, 4149
0.007, 4148
0.007, 4147
0.007, 4146
0.007, 4145
0.007, 4144
0.007, 4143
0.007, 4142
0.007, 4141
0.007, 4140
0.007, 4139
0.007, 4138
0.007, 4137
0.007, 4136
0.007, 4135
0.007, 4134
0.007, 4133
0.007, 4132
0.007, 4131
0.007, 4130
0.007, 4129
0.007, 4128
0.007, 4127
0.007, 4126
0.007, 4125
0.007, 4124
0.007, 4123
0.007, 4122
0.007, 4121
0.007, 4120
0.007, 4119
0.007, 4118
0.007, 4117
0.007, 4116
0.007, 4115
0.007, 4114
0.007, 4113
0.007, 4112
0.007, 4111
0.007, 4110
0.007, 4109
0.007, 4108
0.007, 4107
0.007, 4106
0.007, 4105
0.007, 4104
0.007, 4103
0.007, 4102
0.007, 4101
0.007, 4100
0.007, 4099
0.007, 4098
0.007, 4097
0.007, 4096
0.007, 4095
0.007, 4094
0.007, 4093
0.007, 4092
0.007, 4091
0.007, 4090
0.007, 4089
0.007, 4088
0.007, 4087
0.007, 4086
0.007, 4085
0.007, 4084
0.007, 4083
0.007, 4082
0.007, 4081
0.007, 4080
0.007, 4079
0.007, 4078
0.007, 4077
0.007, 4076
0.007, 4075
0.007, 4074
0.007, 4073
0.007, 4072
0.007, 4071
0.007, 4070
0.008, 4069
0.008, 4068
0.008, 4067
0.008, 4066
0.008, 4065
0.008, 4064
0.008, 4063
0.008, 4062
0.008, 4061
0.008, 4060
0.008, 4059
0.008, 4058
0.008, 4057
0.008, 4056
0.008, 4055
0.008, 4054
0.008, 4053
0.008, 4052
0.008, 4051
0.008, 4050
0.008, 4049
0.008, 4048
0.008, 4047
0.008, 4046
0.008, 4045
0.008, 4044
0.008, 4043
0.008, 4042
0.008, 4041
0.008, 4040
0.008, 4039
0.008, 4038
0.008, 4037
0.008, 4036
0.008, 4035
0.008, 4034
0.008, 4033
0.008, 4032
0.008, 4031
0.008, 4030
0.008, 4029
0.008, 4028
0.008, 4027
0.008, 4026
0.008, 4025
0.008, 4024
0.008, 4023
0.008, 4022
0.008, 4021
0.008, 4020
0.008, 4019
0.008, 4018
0.008, 4017
0.008, 4016
0.008, 4015
0.008, 4014
0.008, 4013
0.008, 4012
0.008, 4011
0.008, 4010
0.008, 4009
0.008, 4008
0.008, 4007
0.008, 4006
0.008, 4005
0.008, 4004
0.008, 4003
0.008, 4002
0.008, 4001
0.008, 4000
0.008, 3999
0.008, 3998
0.008, 3997
0.008, 3996
0.008, 3995
0.008, 3994
0.008, 3993
0.008, 3992
0.008, 3991
0.008, 3990
0.008, 3989
0.008, 3988
0.008, 3987
0.008, 3986
0.008, 3985
0.008, 3984
0.008, 3983
0.008, 3982
0.008, 3981
0.008, 3980
0.008, 3979
0.008, 3978
0.008, 3977
0.008, 3976
0.008, 3975
0.008, 3974
0.008, 3973
0.008, 3972
0.008, 3971
0.008, 3970
0.008, 3969
0.008, 3968
0.008, 3967
0.008, 3966
0.008, 3965
0.008, 3964
0.008, 3963
0.008, 3962
0.008, 3961
0.008, 3960
0.008, 3959
0.008, 3958
0.008, 3957
0.008, 3956
0.008, 3955
0.008, 3954
0.008, 3953
0.008, 3952
0.008, 3951
0.008, 3950
0.008, 3949
0.008, 3948
0.008, 3947
0.008, 3946
0.008, 3945
0.008, 3944
0.008, 3943
0.008, 3942
0.008, 3941
0.008, 3940
0.008, 3939
0.008, 3938
0.008, 3937
0.008, 3936
0.008, 3935
0.008, 3934
0.008, 3933
0.008, 3932
0.008, 3931
0.008, 3930
0.008, 3929
0.008, 3928
0.008, 3927
0.008, 3926
0.008, 3925
0.008, 3924
0.008, 3923
0.008, 3922
0.008, 3921
0.008, 3920
0.008, 3919
0.008, 3918
0.008, 3917
0.008, 3916
0.008, 3915
0.008, 3914
0.008, 3913
0.008, 3912
0.008, 3911
0.008, 3910
0.008, 3909
0.008, 3908
0.008, 3907
0.008, 3906
0.008, 3905
0.008, 3904
0.008, 3903
0.008, 3902
0.008, 3901
0.008, 3900
0.008, 3899
0.008, 3898
0.008, 3897
0.008, 3896
0.008, 3895
0.008, 3894
0.008, 3893
0.008, 3892
0.008, 3891
0.008, 3890
0.008, 3889
0.008, 3888
0.008, 3887
0.008, 3886
0.009, 3885
0.009, 3884
0.009, 3883
0.009, 3882
0.009, 3881
0.009, 3880
0.009, 3879
0.009, 3878
0.009, 3877
0.009, 3876
0.009, 3875
0.009, 3874
0.009, 3873
0.009, 3872
0.009, 3871
0.009, 3870
0.009, 3869
0.009, 3868
0.009, 3867
0.009, 3866
0.009, 3865
0.009, 3864
0.009, 3863
0.009, 3862
0.009, 3861
0.009, 3860
0.009, 3859
0.009, 3858
0.009, 3857
0.009, 3856
0.009, 3855
0.009, 3854
0.009, 3853
0.009, 3852
0.009, 3851
0.009, 3850
0.009, 3849
0.009, 3848
0.009, 3847
0.009, 3846
0.009, 3845
0.009, 3844
0.009, 3843
0.009, 3842
0.009, 3841
0.009, 3840
0.009, 3839
0.009, 3838
0.009, 3837
0.009, 3836
0.009, 3835
0.009, 3834
0.009, 3833
0.009, 3832
0.009, 3831
0.009, 3830
0.009, 3829
0.009, 3828
0.009, 3827
0.009, 3826
0.009, 3825
0.009, 3824
0.009, 3823
0.009, 3822
0.009, 3821
0.009, 3820
0.009, 3819
0.009, 3818
0.009, 3817
0.009, 3816
0.009, 3815
0.009, 3814
0.009, 3813
0.009, 3812
0.009, 3811
0.009, 3810
0.009, 3809
0.009, 3808
0.009, 3807
0.009, 3806
0.009, 3805
0.009, 3804
0.009, 3803
0.009, 3802
0.009, 3801
0.009, 3800
0.009, 3799
0.009, 3798
0.009, 3797
0.009, 3796
0.009, 3795
0.009, 3794
0.009, 3793
0.009, 3792
0.009, 3791
0.009, 3790
0.009, 3789
0.009, 3788
0.009, 3787
0.009, 3786
0.009, 3785
0.009, 3784
0.009, 3783
0.009, 3782
0.009, 3781
0.009, 3780
0.009, 3779
0.009, 3778
0.009, 3777
0.009, 3776
0.009, 3775
0.009, 3774
0.009, 3773
0.009, 3772
0.009, 3771
0.009, 3770
0.009, 3769
0.009, 3768
0.009, 3767
0.009, 3766
0.009, 3765
0.009, 3764
0.009, 3763
0.009, 3762
0.009, 3761
0.009, 3760
0.009, 3759
0.009, 3758
0.009, 3757
0.009, 3756
0.009, 3755
0.010, 3754
0.010, 3753
0.010, 3752
0.010, 3751
0.010, 3750
0.010, 3749
0.010, 3748
0.010, 3747
0.010, 3746
0.010, 3745
0.010, 3744
0.010, 3743
0.010, 3742
0.010, 3741
0.010, 3740
0.010, 3739
0.010, 3738
0.010, 3737
0.010, 3736
0.010, 3735
0.010, 3734
0.010, 3733
0.010, 3732
0.010, 3731
0.010, 3730
0.010, 3729
0.010, 3728
0.010, 3727
0.010, 3726
0.010, 3725
0.010, 3724
0.010, 3723
0.010, 3722
0.010, 3721
0.010, 3720
0.010, 3719
0.010, 3718
0.010, 3717
0.010, 3716
0.010, 3715
0.010, 3714
0.010, 3713
0.010, 3712
0.010, 3711
0.010, 3710
0.010, 3709
0.010, 3708
0.010, 3707
0.010, 3706
0.010, 3705
0.010, 3704
0.010, 3703
0.010, 3702
0.010, 3701
0.010, 3700
0.010, 3699
0.010, 3698
0.010, 3697
0.010, 3696
0.010, 3695
0.010, 3694
0.010, 3693
0.010, 3692
0.010, 3691
0.010, 3690
0.010, 3689
0.010, 3688
0.010, 3687
0.010, 3686
0.010, 3685
0.010, 3684
0.010, 3683
0.010, 3682
0.010, 3681
0.010, 3680
0.010, 3679
0.010, 3678
0.010, 3677
0.010, 3676
0.010, 3675
0.010, 3674
0.010, 3673
0.010, 3672
0.010, 3671
0.010, 3670
0.010, 3669
0.010, 3668
0.010, 3667
0.010, 3666
0.010, 3665
0.010, 3664
0.010, 3663
0.010, 3662
0.010, 3661
0.010, 3660
0.010, 3659
0.010, 3658
0.010, 3657
0.010, 3656
0.010, 3655
0.010, 3654
0.010, 3653
0.010, 3652
0.010, 3651
0.010, 3650
0.010, 3649
0.010, 3648
0.010, 3647
0.010, 3646
0.010, 3645
0.010, 3644
0.010, 3643
0.010, 3642
0.010, 3641
0.010, 3640
0.010, 3639
0.010, 3638
0.010, 3637
0.010, 3636
0.011, 3635
0.011, 3634
0.011, 3633
0.011, 3632
0.011, 3631
0.011, 3630
0.011, 3629
0.011, 3628
0.011, 3627
0.011, 3626
0.011, 3625
0.011, 3624
0.011, 3623
0.011, 3622
0.011, 3621
0.011, 3620
0.011, 3619
0.011, 3618
0.011, 3617
0.011, 3616
0.011, 3615
0.011, 3614
0.011, 3613
0.011, 3612
0.011, 3611
0.011, 3610
0.011, 3609
0.011, 3608
0.011, 3607
0.011, 3606
0.011, 3605
0.011, 3604
0.011, 3603
0.011, 3602
0.011, 3601
0.011, 3600
0.011, 3599
0.011, 3598
0.011, 3597
0.011, 3596
0.011, 3595
0.011, 3594
0.011, 3593
0.011, 3592
0.011, 3591
0.011, 3590
0.011, 3589
0.011, 3588
0.011, 3587
0.011, 3586
0.011, 3585
0.011, 3584
0.011, 3583
0.011, 3582
0.011, 3581
0.011, 3580
0.011, 3579
0.011, 3578
0.011, 3577
0.011, 3576
0.011, 3575
0.011, 3574
0.011, 3573
0.011, 3572
0.011, 3571
0.011, 3570
0.011, 3569
0.011, 3568
0.011, 3567
0.011, 3566
0.011, 3565
0.011, 3564
0.011, 3563
0.011, 3562
0.011, 3561
0.011, 3560
0.011, 3559
0.011, 3558
0.011, 3557
0.011, 3556
0.011, 3555
0.011, 3554
0.011, 3553
0.011, 3552
0.011, 3551
0.011, 3550
0.011, 3549
0.011, 3548
0.011, 3547
0.011, 3546
0.011, 3545
0.011, 3544
0.011, 3543
0.011, 3542
0.011, 3541
0.011, 3540
0.011, 3539
0.011, 3538
0.011, 3537
0.011, 3536
0.011, 3535
0.011, 3534
0.011, 3533
0.011, 3532
0.011, 3531
0.011, 3530
0.011, 3529
0.011, 3528
0.011, 3527
0.011, 3526
0.011, 3525
0.011, 3524
0.011, 3523
0.011, 3522
0.011, 3521
0.011, 3520
0.011, 3519
0.011, 3518
0.011, 3517
0.011, 3516
0.011, 3515
0.011, 3514
0.011, 3513
0.011, 3512
0.011, 3511
0.011, 3510
0.011, 3509
0.011, 3508
0.011, 3507
0.011, 3506
0.011, 3505
0.011, 3504
0.011, 3503
0.011, 3502
0.011, 3501
0.011, 3500
0.011, 3499
0.011, 3498
0.011, 3497
0.011, 3496
0.011, 3495
0.011, 3494
0.011, 3493
0.011, 3492
0.011, 3491
0.011, 3490
0.012, 3489
0.012, 3488
0.012, 3487
0.012, 3486
0.012, 3485
0.012, 3484
0.012, 3483
0.012, 3482
0.012, 3481
0.012, 3480
0.012, 3479
0.012, 3478
0.012, 3477
0.012, 3476
0.012, 3475
0.012, 3474
0.012, 3473
0.012, 3472
0.012, 3471
0.012, 3470
0.012, 3469
0.012, 3468
0.012, 3467
0.012, 3466
0.012, 3465
0.012, 3464
0.012, 3463
0.012, 3462
0.012, 3461
0.012, 3460
0.012, 3459
0.012, 3458
0.012, 3457
0.012, 3456
0.012, 3455
0.012, 3454
0.012, 3453
0.012, 3452
0.012, 3451
0.012, 3450
0.012, 3449
0.012, 3448
0.012, 3447
0.012, 3446
0.012, 3445
0.012, 3444
0.012, 3443
0.012, 3442
0.012, 3441
0.012, 3440
0.012, 3439
0.012, 3438
0.012, 3437
0.012, 3436
0.012, 3435
0.012, 3434
0.012, 3433
0.012, 3432
0.012, 3431
0.012, 3430
0.012, 3429
0.012, 3428
0.012, 3427
0.012, 3426
0.012, 3425
0.012, 3424
0.012, 3423
0.012, 3422
0.012, 3421
0.012, 3420
0.012, 3419
0.012, 3418
0.012, 3417
0.012, 3416
0.012, 3415
0.012, 3414
0.012, 3413
0.012, 3412
0.012, 3411
0.012, 3410
0.012, 3409
0.012, 3408
0.012, 3407
0.012, 3406
0.012, 3405
0.012, 3404
0.012, 3403
0.012, 3402
0.012, 3401
0.012, 3400
0.012, 3399
0.012, 3398
0.012, 3397
0.012, 3396
0.012, 3395
0.012, 3394
0.012, 3393
0.012, 3392
0.012, 3391
0.012, 3390
0.012, 3389
0.012, 3388
0.012, 3387
0.012, 3386
0.012, 3385
0.012, 3384
0.012, 3383
0.012, 3382
0.012, 3381
0.012, 3380
0.012, 3379
0.012, 3378
0.012, 3377
0.012, 3376
0.012, 3375
0.012, 3374
0.012, 3373
0.012, 3372
0.012, 3371
0.012, 3370
0.012, 3369
0.012, 3368
0.012, 3367
0.012, 3366
0.012, 3365
0.012, 3364
0.012, 3363
0.012, 3362
0.012, 3361
0.012, 3360
0.012, 3359
0.012, 3358
0.012, 3357
0.012, 3356
0.012, 3355
0.012, 3354
0.012, 3353
0.013, 3352
0.013, 3351
0.013, 3350
0.013, 3349
0.013, 3348
0.013, 3347
0.013, 3346
0.013, 3345
0.013, 3344
0.013, 3343
0.013, 3342
0.013, 3341
0.013, 3340
0.013, 3339
0.013, 3338
0.013, 3337
0.013, 3336
0.013, 3335
0.013, 3334
0.013, 3333
0.013, 3332
0.013, 3331
0.013, 3330
0.013, 3329
0.013, 3328
0.013, 3327
0.013, 3326
0.013, 3325
0.013, 3324
0.013, 3323
0.013, 3322
0.013, 3321
0.013, 3320
0.013, 3319
0.013, 3318
0.013, 3317
0.013, 3316
0.013, 3315
0.013, 3314
0.013, 3313
0.013, 3312
0.013, 3311
0.013, 3310
0.013, 3309
0.013, 3308
0.013, 3307
0.013, 3306
0.013, 3305
0.013, 3304
0.013, 3303
0.013, 3302
0.013, 3301
0.013, 3300
0.013, 3299
0.013, 3298
0.013, 3297
0.013, 3296
0.013, 3295
0.013, 3294
0.013, 3293
0.013, 3292
0.013, 3291
0.013, 3290
0.013, 3289
0.013, 3288
0.013, 3287
0.013, 3286
0.013, 3285
0.013, 3284
0.013, 3283
0.013, 3282
0.013, 3281
0.013, 3280
0.013, 3279
0.013, 3278
0.013, 3277
0.013, 3276
0.013, 3275
0.013, 3274
0.013, 3273
0.013, 3272
0.013, 3271
0.013, 3270
0.013, 3269
0.013, 3268
0.013, 3267
0.013, 3266
0.013, 3265
0.013, 3264
0.013, 3263
0.013, 3262
0.013, 3261
0.013, 3260
0.013, 3259
0.013, 3258
0.013, 3257
0.013, 3256
0.013, 3255
0.013, 3254
0.013, 3253
0.013, 3252
0.013, 3251
0.013, 3250
0.013, 3249
0.013, 3248
0.013, 3247
0.013, 3246
0.013, 3245
0.013, 3244
0.013, 3243
0.013, 3242
0.013, 3241
0.013, 3240
0.013, 3239
0.013, 3238
0.013, 3237
0.013, 3236
0.013, 3235
0.013, 3234
0.013, 3233
0.013, 3232
0.013, 3231
0.013, 3230
0.013, 3229
0.013, 3228
0.013, 3227
0.013, 3226
0.013, 3225
0.013, 3224
0.013, 3223
0.013, 3222
0.013, 3221
0.013, 3220
0.013, 3219
0.013, 3218
0.013, 3217
0.013, 3216
0.013, 3215
0.013, 3214
0.013, 3213
0.013, 3212
0.013, 3211
0.013, 3210
0.013, 3209
0.013, 3208
0.013, 3207
0.013, 3206
0.013, 3205
0.013, 3204
0.013, 3203
0.013, 3202
0.013, 3201
0.014, 3200
0.014, 3199
0.014, 3198
0.014, 3197
0.014, 3196
0.014, 3195
0.014, 3194
0.014, 3193
0.014, 3192
0.014, 3191
0.014, 3190
0.014, 3189
0.014, 3188
0.014, 3187
0.014, 3186
0.014, 3185
0.014, 3184
0.014, 3183
0.014, 3182
0.014, 3181
0.014, 3180
0.014, 3179
0.014, 3178
0.014, 3177
0.014, 3176
0.014, 3175
0.014, 3174
0.014, 3173
0.014, 3172
0.014, 3171
0.014, 3170
0.014, 3169
0.014, 3168
0.014, 3167
0.014, 3166
0.014, 3165
0.014, 3164
0.014, 3163
0.014, 3162
0.014, 3161
0.014, 3160
0.014, 3159
0.014, 3158
0.014, 3157
0.014, 3156
0.014, 3155
0.014, 3154
0.014, 3153
0.014, 3152
0.014, 3151
0.014, 3150
0.014, 3149
0.014, 3148
0.014, 3147
0.014, 3146
0.014, 3145
0.014, 3144
0.014, 3143
0.014, 3142
0.014, 3141
0.014, 3140
0.014, 3139
0.014, 3138
0.014, 3137
0.014, 3136
0.014, 3135
0.014, 3134
0.014, 3133
0.014, 3132
0.014, 3131
0.014, 3130
0.014, 3129
0.014, 3128
0.014, 3127
0.014, 3126
0.014, 3125
0.014, 3124
0.014, 3123
0.014, 3122
0.014, 3121
0.014, 3120
0.014, 3119
0.014, 3118
0.014, 3117
0.014, 3116
0.014, 3115
0.014, 3114
0.014, 3113
0.014, 3112
0.014, 3111
0.014, 3110
0.014, 3109
0.014, 3108
0.014, 3107
0.014, 3106
0.014, 3105
0.014, 3104
0.014, 3103
0.014, 3102
0.014, 3101
0.014, 3100
0.014, 3099
0.014, 3098
0.014, 3097
0.014, 3096
0.014, 3095
0.014, 3094
0.014, 3093
0.014, 3092
0.014, 3091
0.014, 3090
0.014, 3089
0.014, 3088
0.014, 3087
0.014, 3086
0.014, 3085
0.014, 3084
0.014, 3083
0.014, 3082
0.014, 3081
0.014, 3080
0.014, 3079
0.014, 3078
0.014, 3077
0.014, 3076
0.014, 3075
0.014, 3074
0.014, 3073
0.014, 3072
0.014, 3071
0.014, 3070
0.014, 3069
0.014, 3068
0.014, 3067
0.014, 3066
0.014, 3065
0.014, 3064
0.014, 3063
0.014, 3062
0.014, 3061
0.014, 3060
0.014, 3059
0.014, 3058
0.014, 3057
0.014, 3056
0.014, 3055
0.014, 3054
0.014, 3053
0.014, 3052
0.014, 3051
0.014, 3050
0.014, 3049
0.014, 3048
0.014, 3047
0.015, 3046
0.015, 3045
0.015, 3044
0.015, 3043
0.015, 3042
0.015, 3041
0.015, 3040
0.015, 3039
0.015, 3038
0.015, 3037
0.015, 3036
0.015, 3035
0.015, 3034
0.015, 3033
0.015, 3032
0.015, 3031
0.015, 3030
0.015, 3029
0.015, 3028
0.015, 3027
0.015, 3026
0.015, 3025
0.015, 3024
0.015, 3023
0.015, 3022
0.015, 3021
0.015, 3020
0.015, 3019
0.015, 3018
0.015, 3017
0.015, 3016
0.015, 3015
0.015, 3014
0.015, 3013
0.015, 3012
0.015, 3011
0.015, 3010
0.015, 3009
0.015, 3008
0.015, 3007
0.015, 3006
0.015, 3005
0.015, 3004
0.015, 3003
0.015, 3002
0.015, 3001
0.015, 3000
0.015, 2999
0.015, 2998
0.015, 2997
0.015, 2996
0.015, 2995
0.015, 2994
0.015, 2993
0.015, 2992
0.015, 2991
0.015, 2990
0.015, 2989
0.015, 2988
0.015, 2987
0.015, 2986
0.015, 2985
0.015, 2984
0.015, 2983
0.015, 2982
0.015, 2981
0.015, 2980
0.015, 2979
0.015, 2978
0.015, 2977
0.015, 2976
0.015, 2975
0.015, 2974
0.015, 2973
0.015, 2972
0.015, 2971
0.015, 2970
0.015, 2969
0.015, 2968
0.015, 2967
0.015, 2966
0.015, 2965
0.015, 2964
0.015, 2963
0.015, 2962
0.015, 2961
0.015, 2960
0.015, 2959
0.015, 2958
0.015, 2957
0.015, 2956
0.015, 2955
0.015, 2954
0.015, 2953
0.015, 2952
0.015, 2951
0.015, 2950
0.015, 2949
0.015, 2948
0.015, 2947
0.015, 2946
0.015, 2945
0.015, 2944
0.015, 2943
0.015, 2942
0.015, 2941
0.015, 2940
0.015, 2939
0.015, 2938
0.015, 2937
0.015, 2936
0.015, 2935
0.015, 2934
0.015, 2933
0.015, 2932
0.015, 2931
0.015, 2930
0.015, 2929
0.015, 2928
0.015, 2927
0.015, 2926
0.015, 2925
0.015, 2924
0.015, 2923
0.015, 2922
0.015, 2921
0.015, 2920
0.015, 2919
0.015, 2918
0.015, 2917
0.015, 2916
0.015, 2915
0.015, 2914
0.015, 2913
0.015, 2912
0.015, 2911
0.015, 2910
0.015, 2909
0.015, 2908
0.015, 2907
0.015, 2906
0.015, 2905
0.015, 2904
0.015, 2903
0.015, 2902
0.015, 2901
0.015, 2900
0.015, 2899
0.015, 2898
0.015, 2897
0.015, 2896
0.015, 2895
0.015, 2894
0.015, 2893
0.015, 2892
0.016, 2891
0.016, 2890
0.016, 2889
0.016, 2888
0.016, 2887
0.016, 2886
0.016, 2885
0.016, 2884
0.016, 2883
0.016, 2882
0.016, 2881
0.016, 2880
0.016, 2879
0.016, 2878
0.016, 2877
0.016, 2876
0.016, 2875
0.016, 2874
0.016, 2873
0.016, 2872
0.016, 2871
0.016, 2870
0.016, 2869
0.016, 2868
0.016, 2867
0.016, 2866
0.016, 2865
0.016, 2864
0.016, 2863
0.016, 2862
0.016, 2861
0.016, 2860
0.016, 2859
0.016, 2858
0.016, 2857
0.016, 2856
0.016, 2855
0.016, 2854
0.016, 2853
0.016, 2852
0.016, 2851
0.016, 2850
0.016, 2849
0.016, 2848
0.016, 2847
0.016, 2846
0.016, 2845
0.016, 2844
0.016, 2843
0.016, 2842
0.016, 2841
0.016, 2840
0.016, 2839
0.016, 2838
0.016, 2837
0.016, 2836
0.016, 2835
0.016, 2834
0.016, 2833
0.016, 2832
0.016, 2831
0.016, 2830
0.016, 2829
0.016, 2828
0.016, 2827
0.016, 2826
0.016, 2825
0.016, 2824
0.016, 2823
0.016, 2822
0.016, 2821
0.016, 2820
0.016, 2819
0.016, 2818
0.016, 2817
0.016, 2816
0.016, 2815
0.016, 2814
0.016, 2813
0.016, 2812
0.016, 2811
0.016, 2810
0.016, 2809
0.016, 2808
0.016, 2807
0.016, 2806
0.016, 2805
0.016, 2804
0.016, 2803
0.016, 2802
0.016, 2801
0.016, 2800
0.016, 2799
0.016, 2798
0.016, 2797
0.016, 2796
0.016, 2795
0.016, 2794
0.016, 2793
0.016, 2792
0.016, 2791
0.016, 2790
0.016, 2789
0.016, 2788
0.016, 2787
0.016, 2786
0.016, 2785
0.016, 2784
0.016, 2783
0.016, 2782
0.016, 2781
0.016, 2780
0.016, 2779
0.016, 2778
0.016, 2777
0.016, 2776
0.016, 2775
0.016, 2774
0.016, 2773
0.016, 2772
0.016, 2771
0.016, 2770
0.016, 2769
0.016, 2768
0.016, 2767
0.016, 2766
0.016, 2765
0.016, 2764
0.016, 2763
0.016, 2762
0.016, 2761
0.016, 2760
0.016, 2759
0.016, 2758
0.017, 2757
0.017, 2756
0.017, 2755
0.017, 2754
0.017, 2753
0.017, 2752
0.017, 2751
0.017, 2750
0.017, 2749
0.017, 2748
0.017, 2747
0.017, 2746
0.017, 2745
0.017, 2744
0.017, 2743
0.017, 2742
0.017, 2741
0.017, 2740
0.017, 2739
0.017, 2738
0.017, 2737
0.017, 2736
0.017, 2735
0.017, 2734
0.017, 2733
0.017, 2732
0.017, 2731
0.017, 2730
0.017, 2729
0.017, 2728
0.017, 2727
0.017, 2726
0.017, 2725
0.017, 2724
0.017, 2723
0.017, 2722
0.017, 2721
0.017, 2720
0.017, 2719
0.017, 2718
0.017, 2717
0.017, 2716
0.017, 2715
0.017, 2714
0.017, 2713
0.017, 2712
0.017, 2711
0.017, 2710
0.017, 2709
0.017, 2708
0.017, 2707
0.017, 2706
0.017, 2705
0.017, 2704
0.017, 2703
0.017, 2702
0.017, 2701
0.017, 2700
0.017, 2699
0.017, 2698
0.017, 2697
0.017, 2696
0.017, 2695
0.017, 2694
0.017, 2693
0.017, 2692
0.017, 2691
0.017, 2690
0.017, 2689
0.017, 2688
0.017, 2687
0.017, 2686
0.017, 2685
0.017, 2684
0.017, 2683
0.017, 2682
0.017, 2681
0.017, 2680
0.017, 2679
0.017, 2678
0.017, 2677
0.017, 2676
0.017, 2675
0.017, 2674
0.017, 2673
0.017, 2672
0.017, 2671
0.017, 2670
0.017, 2669
0.017, 2668
0.017, 2667
0.017, 2666
0.017, 2665
0.017, 2664
0.017, 2663
0.017, 2662
0.017, 2661
0.017, 2660
0.017, 2659
0.017, 2658
0.017, 2657
0.017, 2656
0.017, 2655
0.017, 2654
0.017, 2653
0.017, 2652
0.017, 2651
0.017, 2650
0.017, 2649
0.017, 2648
0.017, 2647
0.017, 2646
0.017, 2645
0.017, 2644
0.017, 2643
0.017, 2642
0.017, 2641
0.017, 2640
0.017, 2639
0.017, 2638
0.017, 2637
0.017, 2636
0.017, 2635
0.017, 2634
0.017, 2633
0.017, 2632
0.017, 2631
0.017, 2630
0.017, 2629
0.017, 2628
0.017, 2627
0.017, 2626
0.017, 2625
0.017, 2624
0.017, 2623
0.017, 2622
0.017, 2621
0.017, 2620
0.017, 2619
0.017, 2618
0.017, 2617
0.017, 2616
0.017, 2615
0.017, 2614
0.017, 2613
0.017, 2612
0.018, 2611
0.018, 2610
0.018, 2609
0.018, 2608
0.018, 2607
0.018, 2606
0.018, 2605
0.018, 2604
0.018, 2603
0.018, 2602
0.018, 2601
0.018, 2600
0.018, 2599
0.018, 2598
0.018, 2597
0.018, 2596
0.018, 2595
0.018, 2594
0.018, 2593
0.018, 2592
0.018, 2591
0.018, 2590
0.018, 2589
0.018, 2588
0.018, 2587
0.018, 2586
0.018, 2585
0.018, 2584
0.018, 2583
0.018, 2582
0.018, 2581
0.018, 2580
0.018, 2579
0.018, 2578
0.018, 2577
0.018, 2576
0.018, 2575
0.018, 2574
0.018, 2573
0.018, 2572
0.018, 2571
0.018, 2570
0.018, 2569
0.018, 2568
0.018, 2567
0.018, 2566
0.018, 2565
0.018, 2564
0.018, 2563
0.018, 2562
0.018, 2561
0.018, 2560
0.018, 2559
0.018, 2558
0.018, 2557
0.018, 2556
0.018, 2555
0.018, 2554
0.018, 2553
0.018, 2552
0.018, 2551
0.018, 2550
0.018, 2549
0.018, 2548
0.018, 2547
0.018, 2546
0.018, 2545
0.018, 2544
0.018, 2543
0.018, 2542
0.018, 2541
0.018, 2540
0.018, 2539
0.018, 2538
0.018, 2537
0.018, 2536
0.018, 2535
0.018, 2534
0.018, 2533
0.018, 2532
0.018, 2531
0.018, 2530
0.018, 2529
0.018, 2528
0.018, 2527
0.018, 2526
0.018, 2525
0.018, 2524
0.018, 2523
0.018, 2522
0.018, 2521
0.018, 2520
0.018, 2519
0.018, 2518
0.018, 2517
0.018, 2516
0.018, 2515
0.018, 2514
0.018, 2513
0.018, 2512
0.018, 2511
0.018, 2510
0.018, 2509
0.018, 2508
0.018, 2507
0.018, 2506
0.018, 2505
0.018, 2504
0.018, 2503
0.018, 2502
0.018, 2501
0.018, 2500
0.018, 2499
0.018, 2498
0.018, 2497
0.018, 2496
0.018, 2495
0.018, 2494
0.018, 2493
0.018, 2492
0.018, 2491
0.018, 2490
0.018, 2489
0.018, 2488
0.018, 2487
0.018, 2486
0.018, 2485
0.018, 2484
0.018, 2483
0.018, 2482
0.018, 2481
0.018, 2480
0.018, 2479
0.018, 2478
0.018, 2477
0.018, 2476
0.018, 2475
0.018, 2474
0.019, 2473
0.019, 2472
0.019, 2471
0.019, 2470
0.019, 2469
0.019, 2468
0.019, 2467
0.019, 2466
0.019, 2465
0.019, 2464
0.019, 2463
0.019, 2462
0.019, 2461
0.019, 2460
0.019, 2459
0.019, 2458
0.019, 2457
0.019, 2456
0.019, 2455
0.019, 2454
0.019, 2453
0.019, 2452
0.019, 2451
0.019, 2450
0.019, 2449
0.019, 2448
0.019, 2447
0.019, 2446
0.019, 2445
0.019, 2444
0.019, 2443
0.019, 2442
0.019, 2441
0.019, 2440
0.019, 2439
0.019, 2438
0.019, 2437
0.019, 2436
0.019, 2435
0.019, 2434
0.019, 2433
0.019, 2432
0.019, 2431
0.019, 2430
0.019, 2429
0.019, 2428
0.019, 2427
0.019, 2426
0.019, 2425
0.019, 2424
0.019, 2423
0.019, 2422
0.019, 2421
0.019, 2420
0.019, 2419
0.019, 2418
0.019, 2417
0.019, 2416
0.019, 2415
0.019, 2414
0.019, 2413
0.019, 2412
0.019, 2411
0.019, 2410
0.019, 2409
0.019, 2408
0.019, 2407
0.019, 2406
0.019, 2405
0.019, 2404
0.019, 2403
0.019, 2402
0.019, 2401
0.019, 2400
0.019, 2399
0.019, 2398
0.019, 2397
0.019, 2396
0.019, 2395
0.019, 2394
0.019, 2393
0.019, 2392
0.019, 2391
0.019, 2390
0.019, 2389
0.019, 2388
0.019, 2387
0.019, 2386
0.019, 2385
0.019, 2384
0.019, 2383
0.019, 2382
0.019, 2381
0.019, 2380
0.019, 2379
0.019, 2378
0.019, 2377
0.019, 2376
0.019, 2375
0.019, 2374
0.019, 2373
0.019, 2372
0.019, 2371
0.019, 2370
0.019, 2369
0.019, 2368
0.019, 2367
0.019, 2366
0.019, 2365
0.019, 2364
0.019, 2363
0.019, 2362
0.019, 2361
0.019, 2360
0.019, 2359
0.019, 2358
0.019, 2357
0.019, 2356
0.019, 2355
0.019, 2354
0.019, 2353
0.019, 2352
0.019, 2351
0.019, 2350
0.019, 2349
0.020, 2348
0.020, 2347
0.020, 2346
0.020, 2345
0.020, 2344
0.020, 2343
0.020, 2342
0.020, 2341
0.020, 2340
0.020, 2339
0.020, 2338
0.020, 2337
0.020, 2336
0.020, 2335
0.020, 2334
0.020, 2333
0.020, 2332
0.020, 2331
0.020, 2330
0.020, 2329
0.020, 2328
0.020, 2327
0.020, 2326
0.020, 2325
0.020, 2324
0.020, 2323
0.020, 2322
0.020, 2321
0.020, 2320
0.020, 2319
0.020, 2318
0.020, 2317
0.020, 2316
0.020, 2315
0.020, 2314
0.020, 2313
0.020, 2312
0.020, 2311
0.020, 2310
0.020, 2309
0.020, 2308
0.020, 2307
0.020, 2306
0.020, 2305
0.020, 2304
0.020, 2303
0.020, 2302
0.020, 2301
0.020, 2300
0.020, 2299
0.020, 2298
0.020, 2297
0.020, 2296
0.020, 2295
0.020, 2294
0.020, 2293
0.020, 2292
0.020, 2291
0.020, 2290
0.020, 2289
0.020, 2288
0.020, 2287
0.020, 2286
0.020, 2285
0.020, 2284
0.020, 2283
0.020, 2282
0.020, 2281
0.020, 2280
0.020, 2279
0.020, 2278
0.020, 2277
0.020, 2276
0.020, 2275
0.020, 2274
0.020, 2273
0.020, 2272
0.020, 2271
0.020, 2270
0.021, 2269
