0.000, 3256
0.091, 3255
0.092, 3254
0.092, 3253
0.093, 3252
0.094, 3251
0.095, 3250
0.096, 3249
0.098, 3248
0.099, 3247
0.099, 3246
0.100, 3245
0.100, 3244
0.101, 3243
0.102, 3242
0.103, 3241
0.103, 3240
0.104, 3239
0.104, 3238
0.105, 3237
0.105, 3236
0.106, 3235
0.107, 3234
0.108, 3233
0.109, 3232
0.110, 3231
0.112, 3230
0.112, 3229
0.113, 3228
0.114, 3227
0.115, 3226
0.115, 3225
0.116, 3224
0.119, 3223
0.120, 3222
0.120, 3221
0.121, 3220
0.121, 3219
0.122, 3218
0.123, 3217
0.123, 3216
0.125, 3215
0.125, 3214
0.127, 3213
0.128, 3212
0.129, 3211
0.129, 3210
0.131, 3209
0.131, 3208
0.132, 3207
0.134, 3206
0.136, 3205
0.136, 3204
0.137, 3203
0.138, 3202
0.139, 3201
0.140, 3200
0.140, 3199
0.142, 3198
0.143, 3197
0.144, 3196
0.144, 3195
0.147, 3194
0.148, 3193
0.149, 3192
0.150, 3191
0.151, 3190
0.152, 3189
0.154, 3188
0.155, 3187
0.156, 3186
0.159, 3185
0.161, 3184
0.162, 3183
0.162, 3182
0.163, 3181
0.164, 3180
0.164, 3179
0.167, 3178
0.168, 3177
0.169, 3176
0.171, 3175
0.171, 3174
0.172, 3173
0.172, 3172
0.173, 3171
0.174, 3170
0.174, 3169
0.175, 3168
0.175, 3167
0.176, 3166
0.176, 3165
0.177, 3164
0.177, 3163
0.178, 3162
0.178, 3161
0.179, 3160
0.180, 3159
0.180, 3158
0.181, 3157
0.182, 3156
0.184, 3155
0.184, 3154
0.185, 3153
0.187, 3152
0.189, 3151
0.189, 3150
0.190, 3149
0.191, 3148
0.193, 3147
0.194, 3146
0.195, 3145
0.196, 3144
0.197, 3143
0.197, 3142
0.198, 3141
0.201, 3140
0.201, 3139
0.202, 3138
0.202, 3137
0.203, 3136
0.204, 3135
0.205, 3134
0.205, 3133
0.206, 3132
0.207, 3131
0.208, 3130
0.209, 3129
0.209, 3128
0.211, 3127
0.212, 3126
0.214, 3125
0.216, 3124
0.216, 3123
0.217, 3122
0.218, 3121
0.220, 3120
0.220, 3119
0.222, 3118
0.222, 3117
0.225, 3116
0.226, 3115
0.228, 3114
0.231, 3113
0.234, 3112
0.235, 3111
0.237, 3110
0.237, 3109
0.238, 3108
0.238, 3107
0.239, 3106
0.240, 3105
0.241, 3104
0.242, 3103
0.242, 3102
0.242, 3101
0.243, 3100
0.243, 3099
0.244, 3098
0.244, 3097
0.244, 3096
0.246, 3095
0.247, 3094
0.248, 3093
0.249, 3092
0.250, 3091
0.254, 3090
0.254, 3089
0.255, 3088
0.255, 3087
0.256, 3086
0.257, 3085
0.257, 3084
0.258, 3083
0.259, 3082
0.259, 3081
0.260, 3080
0.260, 3079
0.261, 3078
0.262, 3077
0.262, 3076
0.263, 3075
0.264, 3074
0.266, 3073
0.269, 3072
0.270, 3071
0.271, 3070
0.271, 3069
0.272, 3068
0.279, 3067
0.279, 3066
0.280, 3065
0.282, 3064
0.282, 3063
0.283, 3062
0.284, 3061
0.285, 3060
0.285, 3059
0.286, 3058
0.286, 3057
0.287, 3056
0.289, 3055
0.292, 3054
0.292, 3053
0.294, 3052
0.295, 3051
0.296, 3050
0.297, 3049
0.297, 3048
0.298, 3047
0.301, 3046
0.302, 3045
0.303, 3044
0.304, 3043
0.304, 3042
0.305, 3041
0.306, 3040
0.308, 3039
0.309, 3038
0.309, 3037
0.310, 3036
0.311, 3035
0.311, 3034
0.311, 3033
0.312, 3032
0.312, 3031
0.313, 3030
0.314, 3029
0.315, 3028
0.315, 3027
0.318, 3026
0.319, 3025
0.320, 3024
0.322, 3023
0.322, 3022
0.323, 3021
0.324, 3020
0.326, 3019
0.327, 3018
0.328, 3017
0.329, 3016
0.330, 3015
0.331, 3014
0.333, 3013
0.335, 3012
0.335, 3011
0.336, 3010
0.337, 3009
0.338, 3008
0.344, 3007
0.345, 3006
0.346, 3005
0.346, 3004
0.347, 3003
0.349, 3002
0.350, 3001
0.351, 3000
0.351, 2999
0.352, 2998
0.354, 2997
0.355, 2996
0.360, 2995
0.360, 2994
0.362, 2993
0.362, 2992
0.363, 2991
0.364, 2990
0.366, 2989
0.367, 2988
0.367, 2987
0.368, 2986
0.369, 2985
0.370, 2984
0.374, 2983
0.375, 2982
0.378, 2981
0.379, 2980
0.380, 2979
0.382, 2978
0.382, 2977
0.383, 2976
0.384, 2975
0.388, 2974
0.388, 2973
0.389, 2972
0.390, 2971
0.393, 2970
0.394, 2969
0.394, 2968
0.395, 2967
0.395, 2966
0.396, 2965
0.397, 2964
0.398, 2963
0.399, 2962
0.402, 2961
0.402, 2960
0.405, 2959
0.406, 2958
0.407, 2957
0.410, 2956
0.410, 2955
0.411, 2954
0.416, 2953
0.418, 2952
0.419, 2951
0.421, 2950
0.423, 2949
0.428, 2948
0.433, 2947
0.434, 2946
0.435, 2945
0.435, 2944
0.437, 2943
0.438, 2942
0.440, 2941
0.440, 2940
0.441, 2939
0.442, 2938
0.443, 2937
0.444, 2936
0.444, 2935
0.445, 2934
0.445, 2933
0.447, 2932
0.447, 2931
0.449, 2930
0.451, 2929
0.452, 2928
0.454, 2927
0.457, 2926
0.457, 2925
0.458, 2924
0.459, 2923
0.460, 2922
0.461, 2921
0.462, 2920
0.462, 2919
0.464, 2918
0.464, 2917
0.467, 2916
0.467, 2915
0.468, 2914
0.469, 2913
0.470, 2912
0.470, 2911
0.471, 2910
0.471, 2909
0.472, 2908
0.474, 2907
0.475, 2906
0.476, 2905
0.477, 2904
0.482, 2903
0.484, 2902
0.486, 2901
0.487, 2900
0.488, 2899
0.491, 2898
0.493, 2897
0.494, 2896
0.495, 2895
0.498, 2894
0.498, 2893
0.500, 2892
0.500, 2891
0.501, 2890
0.502, 2889
0.507, 2888
0.509, 2887
0.513, 2886
0.513, 2885
0.514, 2884
0.515, 2883
0.523, 2882
0.524, 2881
0.525, 2880
0.529, 2879
0.532, 2878
0.532, 2877
0.533, 2876
0.536, 2875
0.537, 2874
0.538, 2873
0.540, 2872
0.543, 2871
0.543, 2870
0.545, 2869
0.545, 2868
0.547, 2867
0.549, 2866
0.549, 2865
0.552, 2864
0.553, 2863
0.555, 2862
0.556, 2861
0.557, 2860
0.558, 2859
0.563, 2858
0.571, 2857
0.572, 2856
0.576, 2855
0.577, 2854
0.578, 2853
0.579, 2852
0.582, 2851
0.582, 2850
0.583, 2849
0.586, 2848
0.587, 2847
0.588, 2846
0.597, 2845
0.598, 2844
0.599, 2843
0.599, 2842
0.600, 2841
0.600, 2840
0.601, 2839
0.602, 2838
0.603, 2837
0.606, 2836
0.608, 2835
0.615, 2834
0.616, 2833
0.618, 2832
0.619, 2831
0.623, 2830
0.624, 2829
0.630, 2828
0.631, 2827
0.632, 2826
0.633, 2825
0.636, 2824
0.639, 2823
0.639, 2822
0.641, 2821
0.643, 2820
0.645, 2819
0.646, 2818
0.649, 2817
0.650, 2816
0.652, 2815
0.653, 2814
0.655, 2813
0.656, 2812
0.659, 2811
0.660, 2810
0.662, 2809
0.664, 2808
0.666, 2807
0.668, 2806
0.669, 2805
0.670, 2804
0.672, 2803
0.673, 2802
0.679, 2801
0.680, 2800
0.680, 2799
0.683, 2798
0.684, 2797
0.685, 2796
0.688, 2795
0.689, 2794
0.691, 2793
0.694, 2792
0.696, 2791
0.697, 2790
0.699, 2789
0.700, 2788
0.705, 2787
0.706, 2786
0.708, 2785
0.708, 2784
0.709, 2783
0.714, 2782
0.717, 2781
0.717, 2780
0.719, 2779
0.723, 2778
0.724, 2777
0.727, 2776
0.729, 2775
0.731, 2774
0.735, 2773
0.740, 2772
0.746, 2771
0.751, 2770
0.753, 2769
0.754, 2768
0.756, 2767
0.757, 2766
0.757, 2765
0.760, 2764
0.762, 2763
0.767, 2762
0.769, 2761
0.770, 2760
0.773, 2759
0.774, 2758
0.775, 2757
0.779, 2756
0.784, 2755
0.789, 2754
0.791, 2753
0.794, 2752
0.795, 2751
0.796, 2750
0.797, 2749
0.797, 2748
0.799, 2747
0.800, 2746
0.803, 2745
0.803, 2744
0.804, 2743
0.810, 2742
0.811, 2741
0.812, 2740
0.822, 2739
0.822, 2738
0.826, 2737
0.827, 2736
0.834, 2735
0.838, 2734
0.839, 2733
0.841, 2732
0.841, 2731
0.843, 2730
0.845, 2729
0.845, 2728
0.848, 2727
0.849, 2726
0.850, 2725
0.851, 2724
0.852, 2723
0.854, 2722
0.856, 2721
0.860, 2720
0.861, 2719
0.865, 2718
0.870, 2717
0.877, 2716
0.880, 2715
0.887, 2714
0.888, 2713
0.890, 2712
0.893, 2711
0.894, 2710
0.896, 2709
0.900, 2708
0.901, 2707
0.905, 2706
0.905, 2705
0.908, 2704
0.913, 2703
0.915, 2702
0.918, 2701
0.921, 2700
0.922, 2699
0.924, 2698
0.925, 2697
0.926, 2696
0.927, 2695
0.930, 2694
0.932, 2693
0.932, 2692
0.934, 2691
0.940, 2690
0.944, 2689
0.946, 2688
0.950, 2687
0.954, 2686
0.959, 2685
0.964, 2684
0.971, 2683
0.974, 2682
0.976, 2681
0.977, 2680
0.980, 2679
0.986, 2678
0.987, 2677
0.988, 2676
0.990, 2675
0.992, 2674
0.999, 2673
1.000, 2672
1.001, 2671
1.009, 2670
1.011, 2669
1.012, 2668
1.013, 2667
1.020, 2666
1.023, 2665
1.031, 2664
1.037, 2663
1.042, 2662
1.042, 2661
1.045, 2660
1.047, 2659
1.049, 2658
1.052, 2657
1.061, 2656
1.061, 2655
1.062, 2654
1.064, 2653
1.066, 2652
1.071, 2651
1.075, 2650
1.077, 2649
1.080, 2648
1.084, 2647
1.087, 2646
1.092, 2645
1.093, 2644
1.097, 2643
1.100, 2642
1.103, 2641
1.113, 2640
1.114, 2639
1.121, 2638
1.123, 2637
1.130, 2636
1.131, 2635
1.134, 2634
1.134, 2633
1.147, 2632
1.149, 2631
1.153, 2630
1.154, 2629
1.161, 2628
1.162, 2627
1.175, 2626
1.184, 2625
1.187, 2624
1.191, 2623
1.193, 2622
1.194, 2621
1.197, 2620
1.200, 2619
1.205, 2618
1.211, 2617
1.214, 2616
1.219, 2615
1.220, 2614
1.223, 2613
1.224, 2612
1.230, 2611
1.236, 2610
1.237, 2609
1.252, 2608
1.263, 2607
1.267, 2606
1.272, 2605
1.276, 2604
1.283, 2603
1.284, 2602
1.288, 2601
1.289, 2600
1.297, 2599
1.297, 2598
1.298, 2597
1.300, 2596
1.302, 2595
1.307, 2594
1.307, 2593
1.308, 2592
1.309, 2591
1.311, 2590
1.318, 2589
1.318, 2588
1.321, 2587
1.322, 2586
1.326, 2585
1.341, 2584
1.348, 2583
1.355, 2582
1.357, 2581
1.372, 2580
1.373, 2579
1.377, 2578
1.377, 2577
1.379, 2576
1.388, 2575
1.391, 2574
1.396, 2573
1.402, 2572
1.403, 2571
1.413, 2570
1.416, 2569
1.438, 2568
1.443, 2567
1.445, 2566
1.455, 2565
1.463, 2564
1.468, 2563
1.477, 2562
1.487, 2561
1.497, 2560
1.500, 2559
1.513, 2558
1.520, 2557
1.521, 2556
1.526, 2555
1.529, 2554
1.537, 2553
1.540, 2552
1.542, 2551
1.543, 2550
1.545, 2549
1.547, 2548
1.549, 2547
1.551, 2546
1.551, 2545
1.573, 2544
1.574, 2543
1.577, 2542
1.591, 2541
1.591, 2540
1.601, 2539
1.615, 2538
1.619, 2537
1.623, 2536
1.626, 2535
1.632, 2534
1.635, 2533
1.646, 2532
1.648, 2531
1.649, 2530
1.649, 2529
1.650, 2528
1.674, 2527
1.680, 2526
1.690, 2525
1.692, 2524
1.703, 2523
1.707, 2522
1.709, 2521
1.722, 2520
1.747, 2519
1.753, 2518
1.770, 2517
1.783, 2516
1.797, 2515
1.803, 2514
1.805, 2513
1.831, 2512
1.835, 2511
1.836, 2510
1.842, 2509
1.845, 2508
1.858, 2507
1.881, 2506
1.892, 2505
1.899, 2504
1.925, 2503
1.929, 2502
1.946, 2501
1.950, 2500
1.970, 2499
1.975, 2498
1.985, 2497
1.991, 2496
1.992, 2495
2.014, 2494
2.016, 2493
2.037, 2492
2.037, 2491
2.045, 2490
2.053, 2489
2.080, 2488
2.083, 2487
2.090, 2486
2.129, 2485
2.150, 2484
2.180, 2483
2.184, 2482
2.240, 2481
2.252, 2480
2.261, 2479
2.277, 2478
2.289, 2477
2.349, 2476
2.361, 2475
2.365, 2474
2.416, 2473
2.433, 2472
2.439, 2471
2.451, 2470
2.457, 2469
2.503, 2468
2.528, 2467
2.560, 2466
2.574, 2465
2.600, 2464
2.606, 2463
2.618, 2462
2.649, 2461
2.695, 2460
2.736, 2459
2.737, 2458
2.755, 2457
2.784, 2456
2.801, 2455
2.854, 2454
2.867, 2453
2.884, 2452
2.887, 2451
3.027, 2450
3.040, 2449
3.054, 2448
3.057, 2447
3.090, 2446
3.159, 2445
3.162, 2444
3.237, 2443
3.301, 2442
3.302, 2441
3.321, 2440
3.511, 2439
3.741, 2438
4.156, 2437
4.260, 2436
4.618, 2435
5.892, 2434
