0.000, 3255
0.085, 3254
0.086, 3253
0.089, 3252
0.089, 3251
0.091, 3250
0.092, 3249
0.093, 3248
0.094, 3247
0.094, 3246
0.096, 3245
0.098, 3244
0.098, 3243
0.099, 3242
0.100, 3241
0.101, 3240
0.102, 3239
0.102, 3238
0.103, 3237
0.104, 3236
0.105, 3235
0.105, 3234
0.108, 3233
0.110, 3232
0.110, 3231
0.111, 3230
0.111, 3229
0.111, 3228
0.113, 3227
0.113, 3226
0.115, 3225
0.115, 3224
0.116, 3223
0.117, 3222
0.117, 3221
0.119, 3220
0.119, 3219
0.121, 3218
0.121, 3217
0.121, 3216
0.122, 3215
0.123, 3214
0.124, 3213
0.125, 3212
0.130, 3211
0.131, 3210
0.132, 3209
0.134, 3208
0.134, 3207
0.135, 3206
0.135, 3205
0.136, 3204
0.137, 3203
0.137, 3202
0.138, 3201
0.140, 3200
0.141, 3199
0.143, 3198
0.143, 3197
0.144, 3196
0.145, 3195
0.146, 3194
0.147, 3193
0.148, 3192
0.154, 3191
0.154, 3190
0.154, 3189
0.156, 3188
0.156, 3187
0.158, 3186
0.158, 3185
0.159, 3184
0.159, 3183
0.161, 3182
0.162, 3181
0.163, 3180
0.163, 3179
0.167, 3178
0.170, 3177
0.171, 3176
0.171, 3175
0.173, 3174
0.175, 3173
0.175, 3172
0.176, 3171
0.176, 3170
0.177, 3169
0.178, 3168
0.179, 3167
0.180, 3166
0.184, 3165
0.185, 3164
0.185, 3163
0.186, 3162
0.188, 3161
0.188, 3160
0.189, 3159
0.191, 3158
0.191, 3157
0.194, 3156
0.196, 3155
0.197, 3154
0.197, 3153
0.198, 3152
0.199, 3151
0.200, 3150
0.201, 3149
0.202, 3148
0.203, 3147
0.208, 3146
0.209, 3145
0.210, 3144
0.211, 3143
0.214, 3142
0.215, 3141
0.216, 3140
0.216, 3139
0.217, 3138
0.218, 3137
0.221, 3136
0.222, 3135
0.223, 3134
0.224, 3133
0.225, 3132
0.225, 3131
0.230, 3130
0.230, 3129
0.231, 3128
0.231, 3127
0.232, 3126
0.234, 3125
0.236, 3124
0.237, 3123
0.238, 3122
0.239, 3121
0.242, 3120
0.243, 3119
0.243, 3118
0.244, 3117
0.244, 3116
0.246, 3115
0.249, 3114
0.250, 3113
0.251, 3112
0.252, 3111
0.253, 3110
0.254, 3109
0.255, 3108
0.256, 3107
0.257, 3106
0.257, 3105
0.259, 3104
0.260, 3103
0.261, 3102
0.263, 3101
0.263, 3100
0.264, 3099
0.265, 3098
0.265, 3097
0.266, 3096
0.267, 3095
0.271, 3094
0.271, 3093
0.272, 3092
0.274, 3091
0.275, 3090
0.275, 3089
0.276, 3088
0.276, 3087
0.277, 3086
0.280, 3085
0.281, 3084
0.281, 3083
0.282, 3082
0.284, 3081
0.285, 3080
0.285, 3079
0.286, 3078
0.286, 3077
0.288, 3076
0.289, 3075
0.289, 3074
0.293, 3073
0.294, 3072
0.294, 3071
0.295, 3070
0.296, 3069
0.297, 3068
0.301, 3067
0.302, 3066
0.303, 3065
0.304, 3064
0.309, 3063
0.313, 3062
0.314, 3061
0.316, 3060
0.317, 3059
0.318, 3058
0.319, 3057
0.320, 3056
0.321, 3055
0.323, 3054
0.323, 3053
0.324, 3052
0.325, 3051
0.326, 3050
0.328, 3049
0.332, 3048
0.334, 3047
0.334, 3046
0.334, 3045
0.336, 3044
0.337, 3043
0.338, 3042
0.339, 3041
0.342, 3040
0.343, 3039
0.343, 3038
0.344, 3037
0.346, 3036
0.347, 3035
0.349, 3034
0.350, 3033
0.352, 3032
0.353, 3031
0.354, 3030
0.356, 3029
0.357, 3028
0.360, 3027
0.361, 3026
0.363, 3025
0.363, 3024
0.366, 3023
0.368, 3022
0.370, 3021
0.371, 3020
0.372, 3019
0.373, 3018
0.373, 3017
0.374, 3016
0.375, 3015
0.376, 3014
0.376, 3013
0.377, 3012
0.377, 3011
0.378, 3010
0.379, 3009
0.381, 3008
0.381, 3007
0.384, 3006
0.387, 3005
0.388, 3004
0.389, 3003
0.389, 3002
0.394, 3001
0.395, 3000
0.395, 2999
0.396, 2998
0.397, 2997
0.398, 2996
0.400, 2995
0.403, 2994
0.403, 2993
0.405, 2992
0.405, 2991
0.409, 2990
0.410, 2989
0.410, 2988
0.414, 2987
0.415, 2986
0.416, 2985
0.417, 2984
0.418, 2983
0.419, 2982
0.420, 2981
0.423, 2980
0.424, 2979
0.427, 2978
0.428, 2977
0.428, 2976
0.429, 2975
0.429, 2974
0.429, 2973
0.430, 2972
0.431, 2971
0.432, 2970
0.435, 2969
0.435, 2968
0.439, 2967
0.439, 2966
0.440, 2965
0.442, 2964
0.442, 2963
0.443, 2962
0.443, 2961
0.445, 2960
0.446, 2959
0.446, 2958
0.447, 2957
0.448, 2956
0.449, 2955
0.449, 2954
0.450, 2953
0.451, 2952
0.455, 2951
0.456, 2950
0.457, 2949
0.457, 2948
0.461, 2947
0.461, 2946
0.462, 2945
0.463, 2944
0.465, 2943
0.466, 2942
0.469, 2941
0.469, 2940
0.470, 2939
0.471, 2938
0.471, 2937
0.473, 2936
0.475, 2935
0.478, 2934
0.480, 2933
0.481, 2932
0.481, 2931
0.485, 2930
0.487, 2929
0.487, 2928
0.490, 2927
0.491, 2926
0.492, 2925
0.493, 2924
0.494, 2923
0.495, 2922
0.500, 2921
0.501, 2920
0.503, 2919
0.504, 2918
0.507, 2917
0.507, 2916
0.508, 2915
0.509, 2914
0.512, 2913
0.513, 2912
0.514, 2911
0.515, 2910
0.515, 2909
0.519, 2908
0.521, 2907
0.521, 2906
0.524, 2905
0.525, 2904
0.533, 2903
0.533, 2902
0.537, 2901
0.545, 2900
0.546, 2899
0.547, 2898
0.550, 2897
0.550, 2896
0.551, 2895
0.551, 2894
0.553, 2893
0.558, 2892
0.563, 2891
0.565, 2890
0.565, 2889
0.566, 2888
0.568, 2887
0.569, 2886
0.570, 2885
0.573, 2884
0.574, 2883
0.575, 2882
0.576, 2881
0.580, 2880
0.584, 2879
0.585, 2878
0.588, 2877
0.589, 2876
0.590, 2875
0.593, 2874
0.595, 2873
0.600, 2872
0.602, 2871
0.602, 2870
0.604, 2869
0.605, 2868
0.608, 2867
0.610, 2866
0.612, 2865
0.614, 2864
0.616, 2863
0.622, 2862
0.624, 2861
0.624, 2860
0.625, 2859
0.627, 2858
0.629, 2857
0.632, 2856
0.636, 2855
0.639, 2854
0.640, 2853
0.645, 2852
0.647, 2851
0.650, 2850
0.654, 2849
0.657, 2848
0.660, 2847
0.666, 2846
0.669, 2845
0.670, 2844
0.671, 2843
0.674, 2842
0.677, 2841
0.678, 2840
0.679, 2839
0.680, 2838
0.681, 2837
0.683, 2836
0.684, 2835
0.685, 2834
0.685, 2833
0.686, 2832
0.687, 2831
0.687, 2830
0.688, 2829
0.689, 2828
0.690, 2827
0.691, 2826
0.692, 2825
0.693, 2824
0.693, 2823
0.695, 2822
0.698, 2821
0.700, 2820
0.701, 2819
0.703, 2818
0.706, 2817
0.715, 2816
0.717, 2815
0.719, 2814
0.720, 2813
0.726, 2812
0.727, 2811
0.729, 2810
0.730, 2809
0.732, 2808
0.735, 2807
0.736, 2806
0.737, 2805
0.742, 2804
0.744, 2803
0.745, 2802
0.746, 2801
0.751, 2800
0.753, 2799
0.755, 2798
0.755, 2797
0.756, 2796
0.758, 2795
0.760, 2794
0.761, 2793
0.763, 2792
0.765, 2791
0.768, 2790
0.769, 2789
0.775, 2788
0.776, 2787
0.780, 2786
0.780, 2785
0.782, 2784
0.782, 2783
0.784, 2782
0.786, 2781
0.787, 2780
0.793, 2779
0.796, 2778
0.803, 2777
0.807, 2776
0.811, 2775
0.811, 2774
0.814, 2773
0.820, 2772
0.823, 2771
0.824, 2770
0.825, 2769
0.830, 2768
0.833, 2767
0.836, 2766
0.838, 2765
0.839, 2764
0.841, 2763
0.844, 2762
0.845, 2761
0.846, 2760
0.847, 2759
0.850, 2758
0.852, 2757
0.858, 2756
0.860, 2755
0.861, 2754
0.863, 2753
0.867, 2752
0.868, 2751
0.874, 2750
0.876, 2749
0.878, 2748
0.878, 2747
0.879, 2746
0.882, 2745
0.883, 2744
0.886, 2743
0.888, 2742
0.891, 2741
0.892, 2740
0.894, 2739
0.894, 2738
0.899, 2737
0.904, 2736
0.907, 2735
0.908, 2734
0.915, 2733
0.916, 2732
0.918, 2731
0.918, 2730
0.921, 2729
0.922, 2728
0.925, 2727
0.926, 2726
0.930, 2725
0.931, 2724
0.938, 2723
0.945, 2722
0.952, 2721
0.956, 2720
0.960, 2719
0.960, 2718
0.961, 2717
0.964, 2716
0.965, 2715
0.971, 2714
0.973, 2713
0.974, 2712
0.977, 2711
0.979, 2710
0.982, 2709
0.985, 2708
0.991, 2707
0.996, 2706
0.997, 2705
0.999, 2704
1.006, 2703
1.007, 2702
1.008, 2701
1.009, 2700
1.010, 2699
1.010, 2698
1.024, 2697
1.025, 2696
1.028, 2695
1.029, 2694
1.030, 2693
1.033, 2692
1.037, 2691
1.042, 2690
1.046, 2689
1.052, 2688
1.056, 2687
1.061, 2686
1.065, 2685
1.067, 2684
1.068, 2683
1.069, 2682
1.073, 2681
1.077, 2680
1.077, 2679
1.078, 2678
1.079, 2677
1.081, 2676
1.085, 2675
1.087, 2674
1.091, 2673
1.093, 2672
1.096, 2671
1.107, 2670
1.108, 2669
1.113, 2668
1.118, 2667
1.121, 2666
1.121, 2665
1.122, 2664
1.124, 2663
1.125, 2662
1.126, 2661
1.129, 2660
1.131, 2659
1.134, 2658
1.134, 2657
1.139, 2656
1.142, 2655
1.146, 2654
1.146, 2653
1.148, 2652
1.150, 2651
1.153, 2650
1.155, 2649
1.170, 2648
1.172, 2647
1.173, 2646
1.175, 2645
1.180, 2644
1.190, 2643
1.191, 2642
1.196, 2641
1.197, 2640
1.199, 2639
1.200, 2638
1.204, 2637
1.206, 2636
1.206, 2635
1.208, 2634
1.210, 2633
1.216, 2632
1.220, 2631
1.221, 2630
1.227, 2629
1.231, 2628
1.232, 2627
1.236, 2626
1.246, 2625
1.249, 2624
1.253, 2623
1.254, 2622
1.263, 2621
1.266, 2620
1.272, 2619
1.272, 2618
1.286, 2617
1.289, 2616
1.289, 2615
1.290, 2614
1.290, 2613
1.298, 2612
1.306, 2611
1.311, 2610
1.317, 2609
1.319, 2608
1.324, 2607
1.326, 2606
1.329, 2605
1.330, 2604
1.350, 2603
1.355, 2602
1.356, 2601
1.358, 2600
1.362, 2599
1.363, 2598
1.365, 2597
1.375, 2596
1.377, 2595
1.390, 2594
1.397, 2593
1.397, 2592
1.400, 2591
1.416, 2590
1.428, 2589
1.437, 2588
1.458, 2587
1.485, 2586
1.495, 2585
1.519, 2584
1.522, 2583
1.531, 2582
1.547, 2581
1.552, 2580
1.561, 2579
1.574, 2578
1.576, 2577
1.577, 2576
1.582, 2575
1.583, 2574
1.597, 2573
1.599, 2572
1.614, 2571
1.618, 2570
1.629, 2569
1.630, 2568
1.632, 2567
1.632, 2566
1.649, 2565
1.652, 2564
1.653, 2563
1.658, 2562
1.659, 2561
1.663, 2560
1.707, 2559
1.708, 2558
1.714, 2557
1.753, 2556
1.768, 2555
1.769, 2554
1.770, 2553
1.772, 2552
1.783, 2551
1.786, 2550
1.823, 2549
1.827, 2548
1.842, 2547
1.844, 2546
1.851, 2545
1.856, 2544
1.867, 2543
1.870, 2542
1.871, 2541
1.874, 2540
1.879, 2539
1.892, 2538
1.898, 2537
1.904, 2536
1.908, 2535
1.921, 2534
1.926, 2533
1.933, 2532
1.961, 2531
1.967, 2530
1.969, 2529
1.974, 2528
1.979, 2527
1.980, 2526
1.980, 2525
2.004, 2524
2.024, 2523
2.030, 2522
2.038, 2521
2.043, 2520
2.044, 2519
2.059, 2518
2.064, 2517
2.070, 2516
2.073, 2515
2.078, 2514
2.105, 2513
2.122, 2512
2.142, 2511
2.147, 2510
2.153, 2509
2.156, 2508
2.175, 2507
2.191, 2506
2.241, 2505
2.276, 2504
2.280, 2503
2.287, 2502
2.290, 2501
2.298, 2500
2.302, 2499
2.316, 2498
2.332, 2497
2.337, 2496
2.342, 2495
2.359, 2494
2.368, 2493
2.419, 2492
2.453, 2491
2.484, 2490
2.490, 2489
2.513, 2488
2.514, 2487
2.542, 2486
2.560, 2485
2.575, 2484
2.583, 2483
2.585, 2482
2.645, 2481
2.674, 2480
2.690, 2479
2.705, 2478
2.710, 2477
2.762, 2476
2.807, 2475
2.831, 2474
2.835, 2473
3.062, 2472
3.071, 2471
3.097, 2470
3.114, 2469
3.132, 2468
3.151, 2467
3.204, 2466
3.243, 2465
3.246, 2464
3.255, 2463
3.378, 2462
3.383, 2461
3.607, 2460
3.618, 2459
3.793, 2458
3.884, 2457
3.934, 2456
3.963, 2455
4.061, 2454
4.113, 2453
4.135, 2452
4.180, 2451
4.365, 2450
4.997, 2449
5.195, 2448
