0.000, 3256
0.003, 3255
0.006, 3254
0.048, 3253
0.049, 3252
0.049, 3251
0.050, 3250
0.050, 3249
0.051, 3248
0.052, 3247
0.052, 3246
0.053, 3245
0.054, 3244
0.054, 3243
0.055, 3242
0.055, 3241
0.055, 3240
0.057, 3239
0.057, 3238
0.058, 3237
0.058, 3236
0.059, 3235
0.059, 3234
0.059, 3233
0.060, 3232
0.060, 3231
0.061, 3230
0.061, 3229
0.062, 3228
0.063, 3227
0.063, 3226
0.063, 3225
0.064, 3224
0.066, 3223
0.067, 3222
0.068, 3221
0.069, 3220
0.069, 3219
0.070, 3218
0.071, 3217
0.071, 3216
0.073, 3215
0.073, 3214
0.074, 3213
0.075, 3212
0.076, 3211
0.077, 3210
0.078, 3209
0.080, 3208
0.080, 3207
0.081, 3206
0.081, 3205
0.082, 3204
0.083, 3203
0.084, 3202
0.084, 3201
0.084, 3200
0.085, 3199
0.085, 3198
0.086, 3197
0.086, 3196
0.087, 3195
0.087, 3194
0.089, 3193
0.090, 3192
0.091, 3191
0.093, 3190
0.093, 3189
0.094, 3188
0.094, 3187
0.095, 3186
0.096, 3185
0.096, 3184
0.097, 3183
0.097, 3182
0.097, 3181
0.098, 3180
0.099, 3179
0.100, 3178
0.100, 3177
0.100, 3176
0.101, 3175
0.102, 3174
0.102, 3173
0.103, 3172
0.103, 3171
0.104, 3170
0.106, 3169
0.106, 3168
0.107, 3167
0.107, 3166
0.107, 3165
0.108, 3164
0.110, 3163
0.111, 3162
0.111, 3161
0.112, 3160
0.112, 3159
0.112, 3158
0.113, 3157
0.113, 3156
0.114, 3155
0.115, 3154
0.115, 3153
0.115, 3152
0.115, 3151
0.116, 3150
0.116, 3149
0.118, 3148
0.118, 3147
0.118, 3146
0.119, 3145
0.120, 3144
0.120, 3143
0.120, 3142
0.121, 3141
0.122, 3140
0.122, 3139
0.123, 3138
0.123, 3137
0.125, 3136
0.126, 3135
0.126, 3134
0.128, 3133
0.129, 3132
0.129, 3131
0.130, 3130
0.130, 3129
0.131, 3128
0.132, 3127
0.132, 3126
0.133, 3125
0.134, 3124
0.135, 3123
0.135, 3122
0.136, 3121
0.137, 3120
0.138, 3119
0.139, 3118
0.140, 3117
0.142, 3116
0.143, 3115
0.144, 3114
0.144, 3113
0.145, 3112
0.148, 3111
0.150, 3110
0.151, 3109
0.151, 3108
0.153, 3107
0.154, 3106
0.154, 3105
0.155, 3104
0.155, 3103
0.155, 3102
0.156, 3101
0.158, 3100
0.158, 3099
0.159, 3098
0.160, 3097
0.161, 3096
0.162, 3095
0.163, 3094
0.163, 3093
0.165, 3092
0.167, 3091
0.167, 3090
0.169, 3089
0.169, 3088
0.170, 3087
0.171, 3086
0.173, 3085
0.173, 3084
0.173, 3083
0.174, 3082
0.174, 3081
0.174, 3080
0.175, 3079
0.175, 3078
0.177, 3077
0.177, 3076
0.179, 3075
0.179, 3074
0.180, 3073
0.181, 3072
0.181, 3071
0.182, 3070
0.182, 3069
0.183, 3068
0.184, 3067
0.185, 3066
0.185, 3065
0.185, 3064
0.186, 3063
0.187, 3062
0.188, 3061
0.188, 3060
0.189, 3059
0.189, 3058
0.190, 3057
0.191, 3056
0.192, 3055
0.193, 3054
0.194, 3053
0.197, 3052
0.198, 3051
0.198, 3050
0.199, 3049
0.200, 3048
0.201, 3047
0.204, 3046
0.204, 3045
0.204, 3044
0.205, 3043
0.206, 3042
0.207, 3041
0.208, 3040
0.209, 3039
0.209, 3038
0.210, 3037
0.211, 3036
0.212, 3035
0.213, 3034
0.214, 3033
0.215, 3032
0.217, 3031
0.218, 3030
0.218, 3029
0.219, 3028
0.220, 3027
0.222, 3026
0.224, 3025
0.225, 3024
0.225, 3023
0.225, 3022
0.226, 3021
0.226, 3020
0.227, 3019
0.227, 3018
0.228, 3017
0.229, 3016
0.229, 3015
0.231, 3014
0.232, 3013
0.232, 3012
0.233, 3011
0.233, 3010
0.234, 3009
0.234, 3008
0.235, 3007
0.236, 3006
0.237, 3005
0.238, 3004
0.240, 3003
0.241, 3002
0.242, 3001
0.243, 3000
0.243, 2999
0.244, 2998
0.245, 2997
0.246, 2996
0.247, 2995
0.248, 2994
0.248, 2993
0.248, 2992
0.250, 2991
0.252, 2990
0.252, 2989
0.253, 2988
0.255, 2987
0.255, 2986
0.256, 2985
0.257, 2984
0.257, 2983
0.258, 2982
0.261, 2981
0.262, 2980
0.264, 2979
0.265, 2978
0.265, 2977
0.265, 2976
0.266, 2975
0.268, 2974
0.270, 2973
0.271, 2972
0.272, 2971
0.274, 2970
0.275, 2969
0.276, 2968
0.276, 2967
0.278, 2966
0.279, 2965
0.280, 2964
0.280, 2963
0.281, 2962
0.282, 2961
0.284, 2960
0.286, 2959
0.286, 2958
0.293, 2957
0.293, 2956
0.293, 2955
0.294, 2954
0.295, 2953
0.295, 2952
0.296, 2951
0.297, 2950
0.298, 2949
0.301, 2948
0.301, 2947
0.303, 2946
0.303, 2945
0.305, 2944
0.306, 2943
0.307, 2942
0.308, 2941
0.310, 2940
0.310, 2939
0.311, 2938
0.312, 2937
0.313, 2936
0.313, 2935
0.315, 2934
0.316, 2933
0.316, 2932
0.317, 2931
0.318, 2930
0.319, 2929
0.320, 2928
0.321, 2927
0.323, 2926
0.325, 2925
0.326, 2924
0.327, 2923
0.328, 2922
0.329, 2921
0.330, 2920
0.332, 2919
0.333, 2918
0.334, 2917
0.334, 2916
0.336, 2915
0.338, 2914
0.339, 2913
0.339, 2912
0.340, 2911
0.340, 2910
0.342, 2909
0.345, 2908
0.346, 2907
0.348, 2906
0.349, 2905
0.349, 2904
0.351, 2903
0.351, 2902
0.353, 2901
0.356, 2900
0.358, 2899
0.359, 2898
0.360, 2897
0.363, 2896
0.364, 2895
0.364, 2894
0.366, 2893
0.371, 2892
0.372, 2891
0.373, 2890
0.375, 2889
0.376, 2888
0.376, 2887
0.378, 2886
0.380, 2885
0.384, 2884
0.385, 2883
0.387, 2882
0.388, 2881
0.388, 2880
0.390, 2879
0.392, 2878
0.394, 2877
0.395, 2876
0.395, 2875
0.397, 2874
0.397, 2873
0.398, 2872
0.398, 2871
0.398, 2870
0.398, 2869
0.400, 2868
0.402, 2867
0.402, 2866
0.404, 2865
0.405, 2864
0.407, 2863
0.407, 2862
0.408, 2861
0.408, 2860
0.409, 2859
0.409, 2858
0.410, 2857
0.410, 2856
0.411, 2855
0.411, 2854
0.413, 2853
0.413, 2852
0.414, 2851
0.416, 2850
0.419, 2849
0.421, 2848
0.426, 2847
0.426, 2846
0.427, 2845
0.428, 2844
0.429, 2843
0.431, 2842
0.436, 2841
0.437, 2840
0.438, 2839
0.439, 2838
0.440, 2837
0.443, 2836
0.444, 2835
0.447, 2834
0.447, 2833
0.447, 2832
0.447, 2831
0.449, 2830
0.450, 2829
0.451, 2828
0.451, 2827
0.452, 2826
0.453, 2825
0.453, 2824
0.457, 2823
0.459, 2822
0.462, 2821
0.462, 2820
0.462, 2819
0.463, 2818
0.465, 2817
0.467, 2816
0.471, 2815
0.471, 2814
0.473, 2813
0.474, 2812
0.474, 2811
0.474, 2810
0.476, 2809
0.476, 2808
0.478, 2807
0.479, 2806
0.481, 2805
0.483, 2804
0.484, 2803
0.488, 2802
0.490, 2801
0.490, 2800
0.491, 2799
0.492, 2798
0.494, 2797
0.495, 2796
0.496, 2795
0.499, 2794
0.501, 2793
0.506, 2792
0.508, 2791
0.509, 2790
0.511, 2789
0.511, 2788
0.512, 2787
0.514, 2786
0.514, 2785
0.515, 2784
0.517, 2783
0.517, 2782
0.519, 2781
0.522, 2780
0.524, 2779
0.526, 2778
0.528, 2777
0.531, 2776
0.534, 2775
0.538, 2774
0.540, 2773
0.542, 2772
0.542, 2771
0.543, 2770
0.544, 2769
0.547, 2768
0.547, 2767
0.551, 2766
0.555, 2765
0.556, 2764
0.561, 2763
0.565, 2762
0.571, 2761
0.572, 2760
0.573, 2759
0.577, 2758
0.581, 2757
0.582, 2756
0.585, 2755
0.588, 2754
0.592, 2753
0.595, 2752
0.596, 2751
0.596, 2750
0.599, 2749
0.603, 2748
0.604, 2747
0.606, 2746
0.608, 2745
0.609, 2744
0.610, 2743
0.610, 2742
0.612, 2741
0.613, 2740
0.614, 2739
0.614, 2738
0.616, 2737
0.616, 2736
0.618, 2735
0.618, 2734
0.619, 2733
0.621, 2732
0.621, 2731
0.630, 2730
0.634, 2729
0.638, 2728
0.642, 2727
0.644, 2726
0.651, 2725
0.657, 2724
0.661, 2723
0.664, 2722
0.668, 2721
0.668, 2720
0.670, 2719
0.673, 2718
0.675, 2717
0.675, 2716
0.681, 2715
0.682, 2714
0.684, 2713
0.685, 2712
0.688, 2711
0.690, 2710
0.699, 2709
0.708, 2708
0.711, 2707
0.713, 2706
0.713, 2705
0.718, 2704
0.718, 2703
0.722, 2702
0.724, 2701
0.729, 2700
0.730, 2699
0.732, 2698
0.735, 2697
0.736, 2696
0.738, 2695
0.738, 2694
0.739, 2693
0.739, 2692
0.740, 2691
0.742, 2690
0.746, 2689
0.748, 2688
0.750, 2687
0.751, 2686
0.754, 2685
0.758, 2684
0.760, 2683
0.762, 2682
0.763, 2681
0.765, 2680
0.767, 2679
0.775, 2678
0.775, 2677
0.778, 2676
0.779, 2675
0.783, 2674
0.784, 2673
0.786, 2672
0.788, 2671
0.789, 2670
0.793, 2669
0.797, 2668
0.800, 2667
0.801, 2666
0.801, 2665
0.802, 2664
0.804, 2663
0.804, 2662
0.805, 2661
0.806, 2660
0.808, 2659
0.809, 2658
0.813, 2657
0.813, 2656
0.819, 2655
0.823, 2654
0.829, 2653
0.833, 2652
0.834, 2651
0.835, 2650
0.847, 2649
0.849, 2648
0.849, 2647
0.851, 2646
0.860, 2645
0.862, 2644
0.866, 2643
0.870, 2642
0.872, 2641
0.873, 2640
0.874, 2639
0.875, 2638
0.880, 2637
0.883, 2636
0.884, 2635
0.892, 2634
0.893, 2633
0.894, 2632
0.901, 2631
0.908, 2630
0.911, 2629
0.923, 2628
0.923, 2627
0.928, 2626
0.929, 2625
0.930, 2624
0.939, 2623
0.942, 2622
0.943, 2621
0.950, 2620
0.950, 2619
0.963, 2618
0.980, 2617
0.985, 2616
0.991, 2615
0.995, 2614
0.997, 2613
1.009, 2612
1.011, 2611
1.012, 2610
1.016, 2609
1.018, 2608
1.031, 2607
1.043, 2606
1.050, 2605
1.058, 2604
1.060, 2603
1.067, 2602
1.071, 2601
1.078, 2600
1.079, 2599
1.080, 2598
1.082, 2597
1.085, 2596
1.087, 2595
1.087, 2594
1.097, 2593
1.099, 2592
1.100, 2591
1.111, 2590
1.118, 2589
1.119, 2588
1.121, 2587
1.122, 2586
1.123, 2585
1.125, 2584
1.138, 2583
1.140, 2582
1.147, 2581
1.149, 2580
1.155, 2579
1.157, 2578
1.168, 2577
1.169, 2576
1.172, 2575
1.185, 2574
1.187, 2573
1.191, 2572
1.199, 2571
1.202, 2570
1.204, 2569
1.207, 2568
1.212, 2567
1.215, 2566
1.227, 2565
1.227, 2564
1.243, 2563
1.256, 2562
1.270, 2561
1.297, 2560
1.298, 2559
1.304, 2558
1.306, 2557
1.312, 2556
1.313, 2555
1.313, 2554
1.314, 2553
1.318, 2552
1.318, 2551
1.320, 2550
1.324, 2549
1.334, 2548
1.347, 2547
1.348, 2546
1.367, 2545
1.367, 2544
1.370, 2543
1.375, 2542
1.385, 2541
1.395, 2540
1.396, 2539
1.397, 2538
1.402, 2537
1.407, 2536
1.409, 2535
1.414, 2534
1.418, 2533
1.434, 2532
1.439, 2531
1.440, 2530
1.449, 2529
1.450, 2528
1.459, 2527
1.464, 2526
1.469, 2525
1.471, 2524
1.480, 2523
1.486, 2522
1.489, 2521
1.492, 2520
1.500, 2519
1.510, 2518
1.521, 2517
1.524, 2516
1.525, 2515
1.547, 2514
1.559, 2513
1.572, 2512
1.586, 2511
1.586, 2510
1.590, 2509
1.593, 2508
1.594, 2507
1.597, 2506
1.611, 2505
1.616, 2504
1.619, 2503
1.622, 2502
1.686, 2501
1.690, 2500
1.709, 2499
1.711, 2498
1.723, 2497
1.729, 2496
1.736, 2495
1.744, 2494
1.747, 2493
1.766, 2492
1.786, 2491
1.804, 2490
1.806, 2489
1.875, 2488
1.895, 2487
1.938, 2486
1.960, 2485
1.994, 2484
2.001, 2483
2.085, 2482
2.092, 2481
2.098, 2480
2.115, 2479
2.124, 2478
2.145, 2477
2.166, 2476
2.168, 2475
2.170, 2474
2.179, 2473
2.237, 2472
2.243, 2471
2.267, 2470
2.268, 2469
2.283, 2468
2.312, 2467
2.331, 2466
2.337, 2465
2.350, 2464
2.370, 2463
2.398, 2462
2.508, 2461
2.523, 2460
2.540, 2459
2.621, 2458
2.635, 2457
2.736, 2456
2.771, 2455
2.788, 2454
2.813, 2453
2.815, 2452
2.876, 2451
2.973, 2450
3.033, 2449
3.063, 2448
3.091, 2447
3.121, 2446
3.559, 2445
3.753, 2444
3.757, 2443
