6.303, 2270
6.309, 2270
6.312, 2270
6.317, 2270
6.324, 2270
6.331, 2270
6.339, 2270
6.348, 2270
6.358, 2270
6.370, 2270
6.382, 2270
6.396, 2270
6.411, 2270
6.426, 2270
6.443, 2270
6.463, 2270
6.484, 2270
6.506, 2270
6.528, 2270
6.552, 2270
6.577, 2270
6.606, 2270
6.634, 2270
6.660, 2270
6.687, 2270
6.714, 2270
6.743, 2270
6.773, 2270
6.808, 2270
6.840, 2270
6.873, 2270
6.907, 2270
6.941, 2270
6.976, 2270
7.014, 2270
7.054, 2270
7.094, 2270
7.135, 2270
7.175, 2270
7.217, 2270
7.260, 2270
7.304, 2270
7.355, 2270
7.405, 2270
7.454, 2270
7.502, 2270
7.550, 2270
7.599, 2270
7.651, 2270
7.704, 2270
7.756, 2270
7.810, 2270
7.886, 2270
7.978, 2270
8.072, 2270
8.169, 2270
8.267, 2270
8.366, 2270
8.457, 2270
8.520, 2270
8.582, 2270
8.650, 2270
8.715, 2270
8.781, 2270
8.848, 2270
8.917, 2270
8.985, 2270
9.055, 2270
9.126, 2270
9.199, 2270
9.271, 2270
9.347, 2270
9.423, 2270
9.499, 2270
9.576, 2270
9.655, 2270
9.735, 2270
9.815, 2270
9.897, 2270
9.983, 2270
10.067, 2270
10.153, 2270
10.239, 2270
10.326, 2270
10.413, 2270
10.503, 2270
10.593, 2270
10.686, 2270
10.780, 2270
10.879, 2270
10.974, 2270
11.068, 2270
11.164, 2270
11.261, 2270
11.359, 2270
11.460, 2270
11.561, 2270
11.664, 2270
11.767, 2270
11.871, 2270
11.975, 2270
12.078, 2270
12.184, 2270
12.291, 2270
12.400, 2270
12.508, 2270
12.618, 2270
12.732, 2270
12.844, 2270
12.958, 2270
13.071, 2270
13.187, 2270
13.303, 2270
13.419, 2270
13.537, 2270
13.658, 2270
13.777, 2270
13.898, 2270
14.023, 2270
14.145, 2270
14.271, 2270
14.396, 2270
14.523, 2270
14.651, 2270
14.783, 2270
14.916, 2270
15.046, 2270
15.180, 2270
15.315, 2270
15.448, 2270
15.582, 2270
15.717, 2270
15.854, 2270
15.992, 2270
16.131, 2270
16.272, 2270
16.415, 2270
16.558, 2270
16.704, 2270
16.847, 2270
16.993, 2270
17.138, 2270
17.286, 2270
17.433, 2270
17.585, 2270
17.737, 2270
17.889, 2270
18.041, 2270
18.193, 2270
18.347, 2270
18.503, 2270
18.665, 2270
18.828, 2270
18.988, 2270
19.148, 2270
19.309, 2270
19.472, 2270
19.637, 2270
19.801, 2270
19.965, 2270
20.131, 2270
20.298, 2270
20.466, 2270
20.639, 2270
20.809, 2270
20.979, 2270
21.150, 2270
21.323, 2270
21.500, 2270
21.676, 2270
21.854, 2270
22.033, 2270
22.210, 2270
22.391, 2270
22.571, 2270
22.753, 2270
22.942, 2270
23.124, 2270
23.311, 2270
23.494, 2270
23.690, 2270
23.879, 2270
24.068, 2270
24.257, 2270
24.446, 2270
24.638, 2270
24.832, 2270
25.024, 2270
25.219, 2270
25.414, 2270
25.611, 2270
25.810, 2270
26.008, 2270
26.209, 2270
26.410, 2270
26.611, 2270
26.823, 2270
27.032, 2270
27.236, 2270
27.445, 2270
27.654, 2270
27.860, 2270
28.069, 2270
28.282, 2270
28.492, 2270
28.707, 2270
28.920, 2270
29.135, 2270
29.357, 2270
29.575, 2270
29.797, 2270
30.017, 2270
30.238, 2270
30.461, 2270
30.684, 2270
30.918, 2270
31.141, 2270
31.370, 2270
31.595, 2270
31.826, 2270
32.053, 2270
32.284, 2270
32.513, 2270
32.745, 2270
32.982, 2270
33.215, 2270
33.452, 2270
33.689, 2270
33.925, 2270
34.163, 2270
34.402, 2270
34.643, 2270
34.890, 2270
35.132, 2270
35.376, 2270
35.621, 2270
35.867, 2270
36.115, 2270
36.363, 2270
36.613, 2270
36.863, 2270
37.114, 2270
37.366, 2270
37.620, 2270
37.875, 2270
38.131, 2270
38.391, 2270
38.650, 2270
