0.001, 3254
0.058, 3253
0.059, 3252
0.060, 3251
0.060, 3250
0.060, 3249
0.061, 3248
0.061, 3247
0.063, 3246
0.064, 3245
0.065, 3244
0.065, 3243
0.066, 3242
0.066, 3241
0.067, 3240
0.068, 3239
0.068, 3238
0.069, 3237
0.069, 3236
0.069, 3235
0.070, 3234
0.070, 3233
0.070, 3232
0.071, 3231
0.071, 3230
0.072, 3229
0.072, 3228
0.073, 3227
0.073, 3226
0.074, 3225
0.074, 3224
0.074, 3223
0.074, 3222
0.075, 3221
0.075, 3220
0.076, 3219
0.076, 3218
0.076, 3217
0.077, 3216
0.077, 3215
0.078, 3214
0.079, 3213
0.079, 3212
0.081, 3211
0.082, 3210
0.082, 3209
0.082, 3208
0.082, 3207
0.083, 3206
0.083, 3205
0.084, 3204
0.085, 3203
0.086, 3202
0.087, 3201
0.087, 3200
0.087, 3199
0.087, 3198
0.088, 3197
0.088, 3196
0.089, 3195
0.089, 3194
0.090, 3193
0.090, 3192
0.091, 3191
0.092, 3190
0.094, 3189
0.095, 3188
0.095, 3187
0.096, 3186
0.096, 3185
0.096, 3184
0.096, 3183
0.097, 3182
0.097, 3181
0.098, 3180
0.099, 3179
0.099, 3178
0.103, 3177
0.104, 3176
0.104, 3175
0.105, 3174
0.105, 3173
0.106, 3172
0.106, 3171
0.109, 3170
0.112, 3169
0.113, 3168
0.113, 3167
0.114, 3166
0.114, 3165
0.114, 3164
0.115, 3163
0.116, 3162
0.116, 3161
0.117, 3160
0.117, 3159
0.118, 3158
0.119, 3157
0.119, 3156
0.119, 3155
0.120, 3154
0.120, 3153
0.122, 3152
0.122, 3151
0.123, 3150
0.123, 3149
0.124, 3148
0.124, 3147
0.125, 3146
0.125, 3145
0.127, 3144
0.127, 3143
0.128, 3142
0.130, 3141
0.131, 3140
0.131, 3139
0.132, 3138
0.132, 3137
0.133, 3136
0.133, 3135
0.134, 3134
0.135, 3133
0.135, 3132
0.136, 3131
0.136, 3130
0.137, 3129
0.138, 3128
0.138, 3127
0.139, 3126
0.140, 3125
0.141, 3124
0.141, 3123
0.141, 3122
0.143, 3121
0.143, 3120
0.143, 3119
0.145, 3118
0.146, 3117
0.146, 3116
0.147, 3115
0.148, 3114
0.149, 3113
0.149, 3112
0.150, 3111
0.150, 3110
0.151, 3109
0.152, 3108
0.153, 3107
0.156, 3106
0.157, 3105
0.158, 3104
0.161, 3103
0.162, 3102
0.163, 3101
0.163, 3100
0.164, 3099
0.164, 3098
0.166, 3097
0.166, 3096
0.168, 3095
0.168, 3094
0.169, 3093
0.169, 3092
0.170, 3091
0.170, 3090
0.171, 3089
0.172, 3088
0.172, 3087
0.173, 3086
0.174, 3085
0.176, 3084
0.176, 3083
0.177, 3082
0.177, 3081
0.178, 3080
0.179, 3079
0.179, 3078
0.180, 3077
0.182, 3076
0.182, 3075
0.183, 3074
0.184, 3073
0.185, 3072
0.186, 3071
0.186, 3070
0.187, 3069
0.188, 3068
0.189, 3067
0.190, 3066
0.191, 3065
0.192, 3064
0.193, 3063
0.193, 3062
0.193, 3061
0.194, 3060
0.195, 3059
0.195, 3058
0.195, 3057
0.197, 3056
0.197, 3055
0.197, 3054
0.198, 3053
0.198, 3052
0.198, 3051
0.199, 3050
0.200, 3049
0.200, 3048
0.200, 3047
0.201, 3046
0.202, 3045
0.202, 3044
0.203, 3043
0.203, 3042
0.205, 3041
0.205, 3040
0.205, 3039
0.206, 3038
0.206, 3037
0.209, 3036
0.210, 3035
0.210, 3034
0.211, 3033
0.212, 3032
0.214, 3031
0.215, 3030
0.216, 3029
0.216, 3028
0.218, 3027
0.219, 3026
0.221, 3025
0.221, 3024
0.222, 3023
0.223, 3022
0.223, 3021
0.223, 3020
0.224, 3019
0.225, 3018
0.226, 3017
0.226, 3016
0.227, 3015
0.228, 3014
0.229, 3013
0.232, 3012
0.233, 3011
0.234, 3010
0.234, 3009
0.235, 3008
0.237, 3007
0.238, 3006
0.238, 3005
0.239, 3004
0.240, 3003
0.240, 3002
0.242, 3001
0.242, 3000
0.242, 2999
0.242, 2998
0.243, 2997
0.244, 2996
0.246, 2995
0.247, 2994
0.247, 2993
0.249, 2992
0.250, 2991
0.250, 2990
0.251, 2989
0.252, 2988
0.252, 2987
0.253, 2986
0.254, 2985
0.257, 2984
0.258, 2983
0.259, 2982
0.259, 2981
0.261, 2980
0.261, 2979
0.262, 2978
0.263, 2977
0.265, 2976
0.266, 2975
0.266, 2974
0.267, 2973
0.268, 2972
0.269, 2971
0.269, 2970
0.270, 2969
0.270, 2968
0.271, 2967
0.273, 2966
0.274, 2965
0.275, 2964
0.275, 2963
0.275, 2962
0.278, 2961
0.278, 2960
0.279, 2959
0.282, 2958
0.283, 2957
0.283, 2956
0.284, 2955
0.285, 2954
0.286, 2953
0.287, 2952
0.288, 2951
0.289, 2950
0.289, 2949
0.292, 2948
0.293, 2947
0.293, 2946
0.294, 2945
0.297, 2944
0.298, 2943
0.299, 2942
0.302, 2941
0.304, 2940
0.304, 2939
0.305, 2938
0.305, 2937
0.306, 2936
0.307, 2935
0.308, 2934
0.309, 2933
0.310, 2932
0.312, 2931
0.313, 2930
0.317, 2929
0.317, 2928
0.317, 2927
0.320, 2926
0.321, 2925
0.321, 2924
0.321, 2923
0.324, 2922
0.324, 2921
0.324, 2920
0.326, 2919
0.327, 2918
0.329, 2917
0.330, 2916
0.331, 2915
0.331, 2914
0.332, 2913
0.333, 2912
0.334, 2911
0.335, 2910
0.336, 2909
0.341, 2908
0.341, 2907
0.341, 2906
0.342, 2905
0.343, 2904
0.343, 2903
0.344, 2902
0.345, 2901
0.347, 2900
0.347, 2899
0.348, 2898
0.349, 2897
0.349, 2896
0.354, 2895
0.357, 2894
0.357, 2893
0.359, 2892
0.363, 2891
0.365, 2890
0.365, 2889
0.366, 2888
0.366, 2887
0.367, 2886
0.371, 2885
0.372, 2884
0.373, 2883
0.374, 2882
0.374, 2881
0.377, 2880
0.378, 2879
0.380, 2878
0.380, 2877
0.382, 2876
0.382, 2875
0.382, 2874
0.383, 2873
0.385, 2872
0.389, 2871
0.390, 2870
0.391, 2869
0.394, 2868
0.394, 2867
0.396, 2866
0.397, 2865
0.397, 2864
0.398, 2863
0.399, 2862
0.401, 2861
0.402, 2860
0.403, 2859
0.403, 2858
0.403, 2857
0.405, 2856
0.405, 2855
0.407, 2854
0.409, 2853
0.411, 2852
0.411, 2851
0.413, 2850
0.413, 2849
0.414, 2848
0.415, 2847
0.416, 2846
0.417, 2845
0.418, 2844
0.419, 2843
0.421, 2842
0.422, 2841
0.423, 2840
0.425, 2839
0.427, 2838
0.429, 2837
0.430, 2836
0.431, 2835
0.435, 2834
0.436, 2833
0.437, 2832
0.438, 2831
0.441, 2830
0.444, 2829
0.446, 2828
0.446, 2827
0.447, 2826
0.447, 2825
0.458, 2824
0.460, 2823
0.462, 2822
0.462, 2821
0.463, 2820
0.464, 2819
0.466, 2818
0.468, 2817
0.470, 2816
0.472, 2815
0.473, 2814
0.474, 2813
0.476, 2812
0.478, 2811
0.481, 2810
0.482, 2809
0.483, 2808
0.484, 2807
0.485, 2806
0.486, 2805
0.492, 2804
0.494, 2803
0.496, 2802
0.498, 2801
0.500, 2800
0.500, 2799
0.501, 2798
0.503, 2797
0.506, 2796
0.509, 2795
0.513, 2794
0.515, 2793
0.516, 2792
0.516, 2791
0.516, 2790
0.517, 2789
0.520, 2788
0.522, 2787
0.524, 2786
0.526, 2785
0.527, 2784
0.527, 2783
0.529, 2782
0.531, 2781
0.534, 2780
0.534, 2779
0.535, 2778
0.536, 2777
0.540, 2776
0.541, 2775
0.545, 2774
0.552, 2773
0.554, 2772
0.556, 2771
0.561, 2770
0.563, 2769
0.564, 2768
0.564, 2767
0.566, 2766
0.567, 2765
0.568, 2764
0.569, 2763
0.569, 2762
0.570, 2761
0.574, 2760
0.574, 2759
0.575, 2758
0.576, 2757
0.576, 2756
0.578, 2755
0.580, 2754
0.582, 2753
0.582, 2752
0.583, 2751
0.585, 2750
0.588, 2749
0.589, 2748
0.593, 2747
0.595, 2746
0.597, 2745
0.599, 2744
0.599, 2743
0.599, 2742
0.602, 2741
0.603, 2740
0.604, 2739
0.605, 2738
0.609, 2737
0.611, 2736
0.611, 2735
0.614, 2734
0.618, 2733
0.620, 2732
0.620, 2731
0.622, 2730
0.626, 2729
0.628, 2728
0.628, 2727
0.630, 2726
0.632, 2725
0.636, 2724
0.640, 2723
0.641, 2722
0.642, 2721
0.643, 2720
0.648, 2719
0.648, 2718
0.648, 2717
0.650, 2716
0.651, 2715
0.654, 2714
0.655, 2713
0.656, 2712
0.656, 2711
0.658, 2710
0.659, 2709
0.665, 2708
0.666, 2707
0.670, 2706
0.671, 2705
0.681, 2704
0.681, 2703
0.682, 2702
0.683, 2701
0.688, 2700
0.690, 2699
0.691, 2698
0.694, 2697
0.696, 2696
0.697, 2695
0.697, 2694
0.698, 2693
0.698, 2692
0.702, 2691
0.703, 2690
0.705, 2689
0.705, 2688
0.707, 2687
0.707, 2686
0.707, 2685
0.709, 2684
0.711, 2683
0.714, 2682
0.720, 2681
0.721, 2680
0.722, 2679
0.725, 2678
0.728, 2677
0.731, 2676
0.736, 2675
0.736, 2674
0.737, 2673
0.737, 2672
0.740, 2671
0.742, 2670
0.744, 2669
0.744, 2668
0.748, 2667
0.749, 2666
0.749, 2665
0.751, 2664
0.753, 2663
0.754, 2662
0.754, 2661
0.764, 2660
0.764, 2659
0.765, 2658
0.771, 2657
0.777, 2656
0.783, 2655
0.785, 2654
0.785, 2653
0.788, 2652
0.789, 2651
0.804, 2650
0.806, 2649
0.808, 2648
0.809, 2647
0.811, 2646
0.820, 2645
0.822, 2644
0.828, 2643
0.831, 2642
0.832, 2641
0.835, 2640
0.840, 2639
0.844, 2638
0.845, 2637
0.848, 2636
0.849, 2635
0.854, 2634
0.854, 2633
0.855, 2632
0.856, 2631
0.857, 2630
0.858, 2629
0.860, 2628
0.862, 2627
0.863, 2626
0.866, 2625
0.866, 2624
0.869, 2623
0.873, 2622
0.876, 2621
0.879, 2620
0.880, 2619
0.882, 2618
0.882, 2617
0.885, 2616
0.886, 2615
0.893, 2614
0.893, 2613
0.894, 2612
0.897, 2611
0.901, 2610
0.903, 2609
0.905, 2608
0.907, 2607
0.908, 2606
0.911, 2605
0.914, 2604
0.915, 2603
0.916, 2602
0.919, 2601
0.926, 2600
0.928, 2599
0.928, 2598
0.933, 2597
0.938, 2596
0.942, 2595
0.945, 2594
0.947, 2593
0.948, 2592
0.960, 2591
0.961, 2590
0.963, 2589
0.964, 2588
0.968, 2587
0.986, 2586
0.987, 2585
0.991, 2584
0.992, 2583
1.002, 2582
1.021, 2581
1.026, 2580
1.031, 2579
1.032, 2578
1.036, 2577
1.038, 2576
1.043, 2575
1.048, 2574
1.049, 2573
1.051, 2572
1.052, 2571
1.053, 2570
1.058, 2569
1.061, 2568
1.068, 2567
1.072, 2566
1.073, 2565
1.083, 2564
1.086, 2563
1.087, 2562
1.092, 2561
1.093, 2560
1.100, 2559
1.101, 2558
1.102, 2557
1.109, 2556
1.120, 2555
1.126, 2554
1.126, 2553
1.140, 2552
1.150, 2551
1.158, 2550
1.173, 2549
1.178, 2548
1.181, 2547
1.185, 2546
1.189, 2545
1.190, 2544
1.191, 2543
1.197, 2542
1.199, 2541
1.200, 2540
1.202, 2539
1.206, 2538
1.206, 2537
1.221, 2536
1.223, 2535
1.243, 2534
1.245, 2533
1.251, 2532
1.253, 2531
1.264, 2530
1.266, 2529
1.268, 2528
1.269, 2527
1.292, 2526
1.293, 2525
1.303, 2524
1.312, 2523
1.331, 2522
1.336, 2521
1.341, 2520
1.344, 2519
1.354, 2518
1.359, 2517
1.377, 2516
1.380, 2515
1.405, 2514
1.408, 2513
1.425, 2512
1.427, 2511
1.438, 2510
1.440, 2509
1.449, 2508
1.456, 2507
1.464, 2506
1.467, 2505
1.467, 2504
1.471, 2503
1.476, 2502
1.480, 2501
1.484, 2500
1.485, 2499
1.491, 2498
1.501, 2497
1.511, 2496
1.540, 2495
1.559, 2494
1.563, 2493
1.563, 2492
1.591, 2491
1.592, 2490
1.595, 2489
1.599, 2488
1.602, 2487
1.639, 2486
1.651, 2485
1.654, 2484
1.660, 2483
1.665, 2482
1.674, 2481
1.696, 2480
1.704, 2479
1.706, 2478
1.710, 2477
1.713, 2476
1.720, 2475
1.724, 2474
1.730, 2473
1.733, 2472
1.737, 2471
1.744, 2470
1.786, 2469
1.797, 2468
1.798, 2467
1.799, 2466
1.828, 2465
1.905, 2464
1.933, 2463
1.980, 2462
1.986, 2461
1.990, 2460
2.019, 2459
2.072, 2458
2.202, 2457
2.206, 2456
2.233, 2455
2.239, 2454
2.279, 2453
2.388, 2452
2.405, 2451
2.426, 2450
2.477, 2449
2.538, 2448
2.557, 2447
2.636, 2446
2.684, 2445
2.753, 2444
2.784, 2443
3.161, 2442
3.217, 2441
3.463, 2440
3.795, 2439
