0.013, 4939
0.015, 4938
0.015, 4937
0.016, 4936
0.016, 4935
0.016, 4934
0.016, 4933
0.016, 4932
0.016, 4931
0.016, 4930
0.016, 4929
0.016, 4928
0.016, 4927
0.016, 4926
0.016, 4925
0.016, 4924
0.017, 4923
0.017, 4922
0.017, 4921
0.017, 4920
0.017, 4919
0.017, 4918
0.017, 4917
0.017, 4916
0.017, 4915
0.017, 4914
0.017, 4913
0.017, 4912
0.017, 4911
0.017, 4910
0.017, 4909
0.018, 4908
0.018, 4907
0.018, 4906
0.018, 4905
0.018, 4904
0.018, 4903
0.018, 4902
0.018, 4901
0.018, 4900
0.018, 4899
0.018, 4898
0.018, 4897
0.018, 4896
0.018, 4895
0.018, 4894
0.019, 4893
0.019, 4892
0.019, 4891
0.019, 4890
0.019, 4889
0.019, 4888
0.019, 4887
0.019, 4886
0.019, 4885
0.019, 4884
0.019, 4883
0.019, 4882
0.019, 4881
0.019, 4880
0.019, 4879
0.019, 4878
0.019, 4877
0.019, 4876
0.020, 4875
0.020, 4874
0.020, 4873
0.020, 4872
0.020, 4871
0.020, 4870
0.020, 4869
0.020, 4868
0.020, 4867
0.020, 4866
0.020, 4865
0.020, 4864
0.020, 4863
0.020, 4862
0.020, 4861
0.020, 4860
0.020, 4859
0.021, 4858
0.021, 4857
0.021, 4856
0.021, 4855
0.021, 4854
0.021, 4853
0.021, 4852
0.021, 4851
0.021, 4850
0.021, 4849
0.021, 4848
0.021, 4847
0.021, 4846
0.021, 4845
0.021, 4844
0.021, 4843
0.021, 4842
0.021, 4841
0.021, 4840
0.022, 4839
0.022, 4838
0.022, 4837
0.022, 4836
0.022, 4835
0.022, 4834
0.022, 4833
0.022, 4832
0.022, 4831
0.022, 4830
0.022, 4829
0.022, 4828
0.022, 4827
0.022, 4826
0.022, 4825
0.022, 4824
0.022, 4823
0.022, 4822
0.022, 4821
0.023, 4820
0.023, 4819
0.023, 4818
0.023, 4817
0.023, 4816
0.023, 4815
0.023, 4814
0.023, 4813
0.023, 4812
0.023, 4811
0.023, 4810
0.023, 4809
0.023, 4808
0.023, 4807
0.023, 4806
0.023, 4805
0.023, 4804
0.023, 4803
0.023, 4802
0.023, 4801
0.023, 4800
0.024, 4799
0.024, 4798
0.024, 4797
0.024, 4796
0.024, 4795
0.024, 4794
0.024, 4793
0.024, 4792
0.024, 4791
0.024, 4790
0.024, 4789
0.024, 4788
0.024, 4787
0.024, 4786
0.024, 4785
0.024, 4784
0.024, 4783
0.024, 4782
0.024, 4781
0.024, 4780
0.024, 4779
0.024, 4778
0.025, 4777
0.025, 4776
0.025, 4775
0.025, 4774
0.025, 4773
0.025, 4772
0.025, 4771
0.025, 4770
0.025, 4769
0.025, 4768
0.025, 4767
0.025, 4766
0.025, 4765
0.025, 4764
0.025, 4763
0.025, 4762
0.025, 4761
0.025, 4760
0.025, 4759
0.025, 4758
0.025, 4757
0.025, 4756
0.025, 4755
0.025, 4754
0.026, 4753
0.026, 4752
0.026, 4751
0.026, 4750
0.026, 4749
0.026, 4748
0.026, 4747
0.026, 4746
0.026, 4745
0.026, 4744
0.026, 4743
0.026, 4742
0.026, 4741
0.026, 4740
0.026, 4739
0.026, 4738
0.026, 4737
0.026, 4736
0.026, 4735
0.026, 4734
0.026, 4733
0.026, 4732
0.026, 4731
0.026, 4730
0.027, 4729
0.027, 4728
0.027, 4727
0.027, 4726
0.027, 4725
0.027, 4724
0.027, 4723
0.027, 4722
0.027, 4721
0.027, 4720
0.027, 4719
0.027, 4718
0.027, 4717
0.027, 4716
0.027, 4715
0.027, 4714
0.027, 4713
0.027, 4712
0.027, 4711
0.027, 4710
0.027, 4709
0.027, 4708
0.027, 4707
0.027, 4706
0.027, 4705
0.027, 4704
0.028, 4703
0.028, 4702
0.028, 4701
0.028, 4700
0.028, 4699
0.028, 4698
0.028, 4697
0.028, 4696
0.028, 4695
0.028, 4694
0.028, 4693
0.028, 4692
0.028, 4691
0.028, 4690
0.028, 4689
0.028, 4688
0.028, 4687
0.028, 4686
0.028, 4685
0.028, 4684
0.028, 4683
0.028, 4682
0.028, 4681
0.028, 4680
0.028, 4679
0.028, 4678
0.029, 4677
0.029, 4676
0.029, 4675
0.029, 4674
0.029, 4673
0.029, 4672
0.029, 4671
0.029, 4670
0.029, 4669
0.029, 4668
0.029, 4667
0.029, 4666
0.029, 4665
0.029, 4664
0.029, 4663
0.029, 4662
0.029, 4661
0.029, 4660
0.029, 4659
0.029, 4658
0.029, 4657
0.029, 4656
0.029, 4655
0.029, 4654
0.029, 4653
0.029, 4652
0.029, 4651
0.029, 4650
0.030, 4649
0.030, 4648
0.030, 4647
0.030, 4646
0.030, 4645
0.030, 4644
0.030, 4643
0.030, 4642
0.030, 4641
0.030, 4640
0.030, 4639
0.030, 4638
0.030, 4637
0.030, 4636
0.030, 4635
0.030, 4634
0.030, 4633
0.030, 4632
0.030, 4631
0.030, 4630
0.030, 4629
0.030, 4628
0.030, 4627
0.030, 4626
0.030, 4625
0.030, 4624
0.030, 4623
0.030, 4622
0.030, 4621
0.031, 4620
0.031, 4619
0.031, 4618
0.031, 4617
0.031, 4616
0.031, 4615
0.031, 4614
0.031, 4613
0.031, 4612
0.031, 4611
0.031, 4610
0.031, 4609
0.031, 4608
0.031, 4607
0.031, 4606
0.031, 4605
0.031, 4604
0.031, 4603
0.031, 4602
0.031, 4601
0.031, 4600
0.031, 4599
0.031, 4598
0.031, 4597
0.031, 4596
0.031, 4595
0.031, 4594
0.031, 4593
0.031, 4592
0.031, 4591
0.031, 4590
0.031, 4589
0.031, 4588
0.032, 4587
0.032, 4586
0.032, 4585
0.032, 4584
0.032, 4583
0.032, 4582
0.032, 4581
0.032, 4580
0.032, 4579
0.032, 4578
0.032, 4577
0.032, 4576
0.032, 4575
0.032, 4574
0.032, 4573
0.032, 4572
0.032, 4571
0.032, 4570
0.032, 4569
0.032, 4568
0.032, 4567
0.032, 4566
0.032, 4565
0.032, 4564
0.032, 4563
0.032, 4562
0.032, 4561
0.032, 4560
0.032, 4559
0.032, 4558
0.032, 4557
0.032, 4556
0.032, 4555
0.032, 4554
0.033, 4553
0.033, 4552
0.033, 4551
0.033, 4550
0.033, 4549
0.033, 4548
0.033, 4547
0.033, 4546
0.033, 4545
0.033, 4544
0.033, 4543
0.033, 4542
0.033, 4541
0.033, 4540
0.033, 4539
0.033, 4538
0.033, 4537
0.033, 4536
0.033, 4535
0.033, 4534
0.033, 4533
0.033, 4532
0.033, 4531
0.033, 4530
0.033, 4529
0.033, 4528
0.033, 4527
0.033, 4526
0.033, 4525
0.033, 4524
0.033, 4523
0.033, 4522
0.033, 4521
0.033, 4520
0.033, 4519
0.033, 4518
0.033, 4517
0.033, 4516
0.033, 4515
0.033, 4514
0.033, 4513
0.034, 4512
0.034, 4511
0.034, 4510
0.034, 4509
0.034, 4508
0.034, 4507
0.034, 4506
0.034, 4505
0.034, 4504
0.034, 4503
0.034, 4502
0.034, 4501
0.034, 4500
0.034, 4499
0.034, 4498
0.034, 4497
0.034, 4496
0.034, 4495
0.034, 4494
0.034, 4493
0.034, 4492
0.034, 4491
0.034, 4490
0.034, 4489
0.034, 4488
0.034, 4487
0.034, 4486
0.034, 4485
0.034, 4484
0.034, 4483
0.034, 4482
0.034, 4481
0.034, 4480
0.034, 4479
0.034, 4478
0.034, 4477
0.034, 4476
0.034, 4475
0.034, 4474
0.034, 4473
0.034, 4472
0.034, 4471
0.034, 4470
0.035, 4469
0.035, 4468
0.035, 4467
0.035, 4466
0.035, 4465
0.035, 4464
0.035, 4463
0.035, 4462
0.035, 4461
0.035, 4460
0.035, 4459
0.035, 4458
0.035, 4457
0.035, 4456
0.035, 4455
0.035, 4454
0.035, 4453
0.035, 4452
0.035, 4451
0.035, 4450
0.035, 4449
0.035, 4448
0.035, 4447
0.035, 4446
0.035, 4445
0.035, 4444
0.035, 4443
0.035, 4442
0.035, 4441
0.035, 4440
0.035, 4439
0.035, 4438
0.035, 4437
0.035, 4436
0.035, 4435
0.035, 4434
0.035, 4433
0.035, 4432
0.035, 4431
0.035, 4430
0.035, 4429
0.035, 4428
0.036, 4427
0.036, 4426
0.036, 4425
0.036, 4424
0.036, 4423
0.036, 4422
0.036, 4421
0.036, 4420
0.036, 4419
0.036, 4418
0.036, 4417
0.036, 4416
0.036, 4415
0.036, 4414
0.036, 4413
0.036, 4412
0.036, 4411
0.036, 4410
0.036, 4409
0.036, 4408
0.036, 4407
0.036, 4406
0.036, 4405
0.036, 4404
0.036, 4403
0.036, 4402
0.036, 4401
0.036, 4400
0.036, 4399
0.036, 4398
0.036, 4397
0.036, 4396
0.036, 4395
0.036, 4394
0.036, 4393
0.036, 4392
0.036, 4391
0.036, 4390
0.036, 4389
0.036, 4388
0.036, 4387
0.036, 4386
0.036, 4385
0.036, 4384
0.036, 4383
0.037, 4382
0.037, 4381
0.037, 4380
0.037, 4379
0.037, 4378
0.037, 4377
0.037, 4376
0.037, 4375
0.037, 4374
0.037, 4373
0.037, 4372
0.037, 4371
0.037, 4370
0.037, 4369
0.037, 4368
0.037, 4367
0.037, 4366
0.037, 4365
0.037, 4364
0.037, 4363
0.037, 4362
0.037, 4361
0.037, 4360
0.037, 4359
0.037, 4358
0.037, 4357
0.037, 4356
0.037, 4355
0.037, 4354
0.037, 4353
0.037, 4352
0.037, 4351
0.037, 4350
0.037, 4349
0.037, 4348
0.037, 4347
0.037, 4346
0.037, 4345
0.037, 4344
0.037, 4343
0.037, 4342
0.037, 4341
0.037, 4340
0.037, 4339
0.037, 4338
0.037, 4337
0.037, 4336
0.037, 4335
0.037, 4334
0.037, 4333
0.037, 4332
0.037, 4331
0.037, 4330
0.037, 4329
0.037, 4328
0.038, 4327
0.038, 4326
0.038, 4325
0.038, 4324
0.038, 4323
0.038, 4322
0.038, 4321
0.038, 4320
0.038, 4319
0.038, 4318
0.038, 4317
0.038, 4316
0.038, 4315
0.038, 4314
0.038, 4313
0.038, 4312
0.038, 4311
0.038, 4310
0.038, 4309
0.038, 4308
0.038, 4307
0.038, 4306
0.038, 4305
0.038, 4304
0.038, 4303
0.038, 4302
0.038, 4301
0.038, 4300
0.038, 4299
0.038, 4298
0.038, 4297
0.038, 4296
0.038, 4295
0.038, 4294
0.038, 4293
0.038, 4292
0.038, 4291
0.038, 4290
0.038, 4289
0.038, 4288
0.038, 4287
0.038, 4286
0.038, 4285
0.038, 4284
0.038, 4283
0.038, 4282
0.038, 4281
0.038, 4280
0.038, 4279
0.038, 4278
0.038, 4277
0.038, 4276
0.038, 4275
0.038, 4274
0.038, 4273
0.038, 4272
0.038, 4271
0.038, 4270
0.039, 4269
0.039, 4268
0.039, 4267
0.039, 4266
0.039, 4265
0.039, 4264
0.039, 4263
0.039, 4262
0.039, 4261
0.039, 4260
0.039, 4259
0.039, 4258
0.039, 4257
0.039, 4256
0.039, 4255
0.039, 4254
0.039, 4253
0.039, 4252
0.039, 4251
0.039, 4250
0.039, 4249
0.039, 4248
0.039, 4247
0.039, 4246
0.039, 4245
0.039, 4244
0.039, 4243
0.039, 4242
0.039, 4241
0.039, 4240
0.039, 4239
0.039, 4238
0.039, 4237
0.039, 4236
0.039, 4235
0.039, 4234
0.039, 4233
0.039, 4232
0.039, 4231
0.039, 4230
0.039, 4229
0.039, 4228
0.039, 4227
0.039, 4226
0.039, 4225
0.039, 4224
0.039, 4223
0.039, 4222
0.039, 4221
0.040, 4220
0.040, 4219
0.040, 4218
0.040, 4217
0.040, 4216
0.040, 4215
0.040, 4214
0.040, 4213
0.040, 4212
0.040, 4211
0.040, 4210
0.040, 4209
0.040, 4208
0.040, 4207
0.040, 4206
0.040, 4205
0.040, 4204
0.040, 4203
0.040, 4202
0.040, 4201
0.040, 4200
0.040, 4199
0.040, 4198
0.040, 4197
0.040, 4196
0.040, 4195
0.040, 4194
0.040, 4193
0.040, 4192
0.040, 4191
0.040, 4190
0.040, 4189
0.040, 4188
0.040, 4187
0.040, 4186
0.040, 4185
0.040, 4184
0.040, 4183
0.040, 4182
0.040, 4181
0.040, 4180
0.040, 4179
0.040, 4178
0.040, 4177
0.040, 4176
0.040, 4175
0.040, 4174
0.040, 4173
0.040, 4172
0.040, 4171
0.040, 4170
0.040, 4169
0.040, 4168
0.040, 4167
0.040, 4166
0.040, 4165
0.040, 4164
0.040, 4163
0.040, 4162
0.040, 4161
0.040, 4160
0.040, 4159
0.040, 4158
0.040, 4157
0.040, 4156
0.040, 4155
0.041, 4154
0.041, 4153
0.041, 4152
0.041, 4151
0.041, 4150
0.041, 4149
0.041, 4148
0.041, 4147
0.041, 4146
0.041, 4145
0.041, 4144
0.041, 4143
0.041, 4142
0.041, 4141
0.041, 4140
0.041, 4139
0.041, 4138
0.041, 4137
0.041, 4136
0.041, 4135
0.041, 4134
0.041, 4133
0.041, 4132
0.041, 4131
0.041, 4130
0.041, 4129
0.041, 4128
0.041, 4127
0.041, 4126
0.041, 4125
0.041, 4124
0.041, 4123
0.041, 4122
0.041, 4121
0.041, 4120
0.041, 4119
0.041, 4118
0.041, 4117
0.041, 4116
0.041, 4115
0.041, 4114
0.041, 4113
0.041, 4112
0.041, 4111
0.041, 4110
0.041, 4109
0.041, 4108
0.041, 4107
0.041, 4106
0.041, 4105
0.041, 4104
0.041, 4103
0.041, 4102
0.041, 4101
0.041, 4100
0.041, 4099
0.041, 4098
0.041, 4097
0.041, 4096
0.041, 4095
0.041, 4094
0.041, 4093
0.041, 4092
0.041, 4091
0.041, 4090
0.041, 4089
0.041, 4088
0.041, 4087
0.041, 4086
0.041, 4085
0.041, 4084
0.041, 4083
0.041, 4082
0.041, 4081
0.041, 4080
0.041, 4079
0.041, 4078
0.041, 4077
0.041, 4076
0.041, 4075
0.041, 4074
0.041, 4073
0.042, 4072
0.042, 4071
0.042, 4070
0.042, 4069
0.042, 4068
0.042, 4067
0.042, 4066
0.042, 4065
0.042, 4064
0.042, 4063
0.042, 4062
0.042, 4061
0.042, 4060
0.042, 4059
0.042, 4058
0.042, 4057
0.042, 4056
0.042, 4055
0.042, 4054
0.042, 4053
0.042, 4052
0.042, 4051
0.042, 4050
0.042, 4049
0.042, 4048
0.042, 4047
0.042, 4046
0.042, 4045
0.042, 4044
0.042, 4043
0.042, 4042
0.042, 4041
0.042, 4040
0.042, 4039
0.042, 4038
0.042, 4037
0.042, 4036
0.042, 4035
0.042, 4034
0.042, 4033
0.042, 4032
0.042, 4031
0.042, 4030
0.042, 4029
0.042, 4028
0.042, 4027
0.042, 4026
0.042, 4025
0.042, 4024
0.042, 4023
0.042, 4022
0.042, 4021
0.042, 4020
0.042, 4019
0.042, 4018
0.042, 4017
0.042, 4016
0.042, 4015
0.042, 4014
0.042, 4013
0.042, 4012
0.042, 4011
0.042, 4010
0.042, 4009
0.042, 4008
0.042, 4007
0.042, 4006
0.042, 4005
0.042, 4004
0.042, 4003
0.042, 4002
0.042, 4001
0.042, 4000
0.042, 3999
0.042, 3998
0.042, 3997
0.042, 3996
0.042, 3995
0.042, 3994
0.042, 3993
0.042, 3992
0.042, 3991
0.043, 3990
0.043, 3989
0.043, 3988
0.043, 3987
0.043, 3986
0.043, 3985
0.043, 3984
0.043, 3983
0.043, 3982
0.043, 3981
0.043, 3980
0.043, 3979
0.043, 3978
0.043, 3977
0.043, 3976
0.043, 3975
0.043, 3974
0.043, 3973
0.043, 3972
0.043, 3971
0.043, 3970
0.043, 3969
0.043, 3968
0.043, 3967
0.043, 3966
0.043, 3965
0.043, 3964
0.043, 3963
0.043, 3962
0.043, 3961
0.043, 3960
0.043, 3959
0.043, 3958
0.043, 3957
0.043, 3956
0.043, 3955
0.043, 3954
0.043, 3953
0.043, 3952
0.043, 3951
0.043, 3950
0.043, 3949
0.043, 3948
0.043, 3947
0.043, 3946
0.043, 3945
0.043, 3944
0.043, 3943
0.043, 3942
0.043, 3941
0.043, 3940
0.043, 3939
0.043, 3938
0.043, 3937
0.043, 3936
0.043, 3935
0.043, 3934
0.043, 3933
0.043, 3932
0.043, 3931
0.043, 3930
0.043, 3929
0.043, 3928
0.043, 3927
0.043, 3926
0.043, 3925
0.043, 3924
0.043, 3923
0.043, 3922
0.043, 3921
0.043, 3920
0.043, 3919
0.043, 3918
0.043, 3917
0.043, 3916
0.043, 3915
0.043, 3914
0.043, 3913
0.043, 3912
0.043, 3911
0.043, 3910
0.043, 3909
0.043, 3908
0.043, 3907
0.043, 3906
0.043, 3905
0.043, 3904
0.043, 3903
0.043, 3902
0.043, 3901
0.044, 3900
0.044, 3899
0.044, 3898
0.044, 3897
0.044, 3896
0.044, 3895
0.044, 3894
0.044, 3893
0.044, 3892
0.044, 3891
0.044, 3890
0.044, 3889
0.044, 3888
0.044, 3887
0.044, 3886
0.044, 3885
0.044, 3884
0.044, 3883
0.044, 3882
0.044, 3881
0.044, 3880
0.044, 3879
0.044, 3878
0.044, 3877
0.044, 3876
0.044, 3875
0.044, 3874
0.044, 3873
0.044, 3872
0.044, 3871
0.044, 3870
0.044, 3869
0.044, 3868
0.044, 3867
0.044, 3866
0.044, 3865
0.044, 3864
0.044, 3863
0.044, 3862
0.044, 3861
0.044, 3860
0.044, 3859
0.044, 3858
0.044, 3857
0.044, 3856
0.044, 3855
0.044, 3854
0.044, 3853
0.044, 3852
0.044, 3851
0.044, 3850
0.044, 3849
0.044, 3848
0.044, 3847
0.044, 3846
0.044, 3845
0.044, 3844
0.044, 3843
0.044, 3842
0.044, 3841
0.044, 3840
0.044, 3839
0.044, 3838
0.044, 3837
0.044, 3836
0.044, 3835
0.044, 3834
0.044, 3833
0.044, 3832
0.044, 3831
0.044, 3830
0.044, 3829
0.044, 3828
0.044, 3827
0.044, 3826
0.044, 3825
0.044, 3824
0.044, 3823
0.044, 3822
0.044, 3821
0.044, 3820
0.044, 3819
0.044, 3818
0.044, 3817
0.044, 3816
0.044, 3815
0.044, 3814
0.044, 3813
0.044, 3812
0.044, 3811
0.044, 3810
0.044, 3809
0.044, 3808
0.044, 3807
0.044, 3806
0.044, 3805
0.044, 3804
0.044, 3803
0.044, 3802
0.044, 3801
0.045, 3800
0.045, 3799
0.045, 3798
0.045, 3797
0.045, 3796
0.045, 3795
0.045, 3794
0.045, 3793
0.045, 3792
0.045, 3791
0.045, 3790
0.045, 3789
0.045, 3788
0.045, 3787
0.045, 3786
0.045, 3785
0.045, 3784
0.045, 3783
0.045, 3782
0.045, 3781
0.045, 3780
0.045, 3779
0.045, 3778
0.045, 3777
0.045, 3776
0.045, 3775
0.045, 3774
0.045, 3773
0.045, 3772
0.045, 3771
0.045, 3770
0.045, 3769
0.045, 3768
0.045, 3767
0.045, 3766
0.045, 3765
0.045, 3764
0.045, 3763
0.045, 3762
0.045, 3761
0.045, 3760
0.045, 3759
0.045, 3758
0.045, 3757
0.045, 3756
0.045, 3755
0.045, 3754
0.045, 3753
0.045, 3752
0.045, 3751
0.045, 3750
0.045, 3749
0.045, 3748
0.045, 3747
0.045, 3746
0.045, 3745
0.045, 3744
0.045, 3743
0.045, 3742
0.045, 3741
0.045, 3740
0.045, 3739
0.045, 3738
0.045, 3737
0.045, 3736
0.045, 3735
0.045, 3734
0.045, 3733
0.045, 3732
0.045, 3731
0.045, 3730
0.045, 3729
0.045, 3728
0.045, 3727
0.045, 3726
0.045, 3725
0.045, 3724
0.045, 3723
0.045, 3722
0.045, 3721
0.045, 3720
0.045, 3719
0.045, 3718
0.045, 3717
0.045, 3716
0.045, 3715
0.045, 3714
0.045, 3713
0.045, 3712
0.045, 3711
0.045, 3710
0.045, 3709
0.045, 3708
0.045, 3707
0.045, 3706
0.045, 3705
0.045, 3704
0.045, 3703
0.045, 3702
0.046, 3701
0.046, 3700
0.046, 3699
0.046, 3698
0.046, 3697
0.046, 3696
0.046, 3695
0.046, 3694
0.046, 3693
0.046, 3692
0.046, 3691
0.046, 3690
0.046, 3689
0.046, 3688
0.046, 3687
0.046, 3686
0.046, 3685
0.046, 3684
0.046, 3683
0.046, 3682
0.046, 3681
0.046, 3680
0.046, 3679
0.046, 3678
0.046, 3677
0.046, 3676
0.046, 3675
0.046, 3674
0.046, 3673
0.046, 3672
0.046, 3671
0.046, 3670
0.046, 3669
0.046, 3668
0.046, 3667
0.046, 3666
0.046, 3665
0.046, 3664
0.046, 3663
0.046, 3662
0.046, 3661
0.046, 3660
0.046, 3659
0.046, 3658
0.046, 3657
0.046, 3656
0.046, 3655
0.046, 3654
0.046, 3653
0.046, 3652
0.046, 3651
0.046, 3650
0.046, 3649
0.046, 3648
0.046, 3647
0.046, 3646
0.046, 3645
0.046, 3644
0.046, 3643
0.046, 3642
0.046, 3641
0.046, 3640
0.046, 3639
0.046, 3638
0.046, 3637
0.046, 3636
0.046, 3635
0.046, 3634
0.046, 3633
0.046, 3632
0.046, 3631
0.046, 3630
0.046, 3629
0.046, 3628
0.046, 3627
0.046, 3626
0.046, 3625
0.046, 3624
0.046, 3623
0.046, 3622
0.046, 3621
0.046, 3620
0.046, 3619
0.046, 3618
0.046, 3617
0.046, 3616
0.046, 3615
0.046, 3614
0.046, 3613
0.046, 3612
0.046, 3611
0.046, 3610
0.046, 3609
0.046, 3608
0.046, 3607
0.046, 3606
0.046, 3605
0.046, 3604
0.046, 3603
0.046, 3602
0.046, 3601
0.046, 3600
0.047, 3599
0.047, 3598
0.047, 3597
0.047, 3596
0.047, 3595
0.047, 3594
0.047, 3593
0.047, 3592
0.047, 3591
0.047, 3590
0.047, 3589
0.047, 3588
0.047, 3587
0.047, 3586
0.047, 3585
0.047, 3584
0.047, 3583
0.047, 3582
0.047, 3581
0.047, 3580
0.047, 3579
0.047, 3578
0.047, 3577
0.047, 3576
0.047, 3575
0.047, 3574
0.047, 3573
0.047, 3572
0.047, 3571
0.047, 3570
0.047, 3569
0.047, 3568
0.047, 3567
0.047, 3566
0.047, 3565
0.047, 3564
0.047, 3563
0.047, 3562
0.047, 3561
0.047, 3560
0.047, 3559
0.047, 3558
0.047, 3557
0.047, 3556
0.047, 3555
0.047, 3554
0.047, 3553
0.047, 3552
0.047, 3551
0.047, 3550
0.047, 3549
0.047, 3548
0.047, 3547
0.047, 3546
0.047, 3545
0.047, 3544
0.047, 3543
0.047, 3542
0.047, 3541
0.047, 3540
0.047, 3539
0.047, 3538
0.047, 3537
0.047, 3536
0.047, 3535
0.047, 3534
0.047, 3533
0.047, 3532
0.047, 3531
0.047, 3530
0.048, 3529
0.048, 3528
0.048, 3527
0.048, 3526
0.048, 3525
0.048, 3524
0.048, 3523
0.048, 3522
0.048, 3521
0.048, 3520
0.048, 3519
0.048, 3518
0.048, 3517
0.048, 3516
0.048, 3515
0.048, 3514
0.048, 3513
0.048, 3512
0.048, 3511
0.048, 3510
0.048, 3509
0.048, 3508
0.048, 3507
0.048, 3506
0.048, 3505
0.048, 3504
0.048, 3503
0.048, 3502
0.048, 3501
0.048, 3500
0.048, 3499
0.048, 3498
0.048, 3497
0.048, 3496
0.048, 3495
0.048, 3494
0.048, 3493
0.048, 3492
0.048, 3491
0.048, 3490
0.048, 3489
0.048, 3488
0.048, 3487
0.048, 3486
0.048, 3485
0.048, 3484
0.048, 3483
0.048, 3482
0.048, 3481
0.048, 3480
0.048, 3479
0.048, 3478
0.048, 3477
0.048, 3476
0.048, 3475
0.048, 3474
0.048, 3473
0.048, 3472
0.048, 3471
0.048, 3470
0.048, 3469
0.048, 3468
0.048, 3467
0.048, 3466
0.048, 3465
0.048, 3464
0.048, 3463
0.048, 3462
0.048, 3461
0.048, 3460
0.048, 3459
0.048, 3458
0.048, 3457
0.048, 3456
0.048, 3455
0.048, 3454
0.048, 3453
0.048, 3452
0.048, 3451
0.048, 3450
0.048, 3449
0.048, 3448
0.048, 3447
0.048, 3446
0.048, 3445
0.048, 3444
0.048, 3443
0.048, 3442
0.048, 3441
0.048, 3440
0.048, 3439
0.048, 3438
0.048, 3437
0.049, 3436
0.049, 3435
0.049, 3434
0.049, 3433
0.049, 3432
0.049, 3431
0.049, 3430
0.049, 3429
0.049, 3428
0.049, 3427
0.049, 3426
0.049, 3425
0.049, 3424
0.049, 3423
0.049, 3422
0.049, 3421
0.049, 3420
0.049, 3419
0.049, 3418
0.049, 3417
0.049, 3416
0.049, 3415
0.049, 3414
0.049, 3413
0.049, 3412
0.049, 3411
0.049, 3410
0.049, 3409
0.049, 3408
0.049, 3407
0.049, 3406
0.049, 3405
0.049, 3404
0.049, 3403
0.049, 3402
0.049, 3401
0.049, 3400
0.049, 3399
0.049, 3398
0.049, 3397
0.049, 3396
0.049, 3395
0.049, 3394
0.049, 3393
0.049, 3392
0.049, 3391
0.049, 3390
0.049, 3389
0.049, 3388
0.049, 3387
0.049, 3386
0.049, 3385
0.049, 3384
0.049, 3383
0.049, 3382
0.049, 3381
0.049, 3380
0.049, 3379
0.049, 3378
0.049, 3377
0.049, 3376
0.049, 3375
0.049, 3374
0.049, 3373
0.049, 3372
0.049, 3371
0.049, 3370
0.049, 3369
0.049, 3368
0.049, 3367
0.049, 3366
0.049, 3365
0.049, 3364
0.049, 3363
0.049, 3362
0.049, 3361
0.049, 3360
0.049, 3359
0.049, 3358
0.049, 3357
0.049, 3356
0.049, 3355
0.049, 3354
0.049, 3353
0.049, 3352
0.049, 3351
0.049, 3350
0.049, 3349
0.049, 3348
0.049, 3347
0.049, 3346
0.049, 3345
0.049, 3344
0.049, 3343
0.049, 3342
0.049, 3341
0.049, 3340
0.049, 3339
0.049, 3338
0.050, 3337
0.050, 3336
0.050, 3335
0.050, 3334
0.050, 3333
0.050, 3332
0.050, 3331
0.050, 3330
0.050, 3329
0.050, 3328
0.050, 3327
0.050, 3326
0.050, 3325
0.050, 3324
0.050, 3323
0.050, 3322
0.050, 3321
0.050, 3320
0.050, 3319
0.050, 3318
0.050, 3317
0.050, 3316
0.050, 3315
0.050, 3314
0.050, 3313
0.050, 3312
0.050, 3311
0.050, 3310
0.050, 3309
0.050, 3308
0.050, 3307
0.050, 3306
0.050, 3305
0.050, 3304
0.050, 3303
0.050, 3302
0.050, 3301
0.050, 3300
0.050, 3299
0.050, 3298
0.050, 3297
0.050, 3296
0.050, 3295
0.050, 3294
0.050, 3293
0.050, 3292
0.050, 3291
0.050, 3290
0.050, 3289
0.050, 3288
0.050, 3287
0.050, 3286
0.050, 3285
0.050, 3284
0.050, 3283
0.050, 3282
0.050, 3281
0.050, 3280
0.050, 3279
0.050, 3278
0.050, 3277
0.050, 3276
0.050, 3275
0.050, 3274
0.050, 3273
0.050, 3272
0.050, 3271
0.050, 3270
0.050, 3269
0.050, 3268
0.050, 3267
0.050, 3266
0.050, 3265
0.050, 3264
0.050, 3263
0.050, 3262
0.050, 3261
0.050, 3260
0.050, 3259
0.050, 3258
0.050, 3257
0.050, 3256
0.050, 3255
0.050, 3254
0.050, 3253
0.050, 3252
0.050, 3251
0.050, 3250
0.050, 3249
0.050, 3248
0.050, 3247
0.050, 3246
0.050, 3245
0.050, 3244
0.050, 3243
0.050, 3242
0.050, 3241
0.050, 3240
0.050, 3239
0.050, 3238
0.051, 3237
0.051, 3236
0.051, 3235
0.051, 3234
0.051, 3233
0.051, 3232
0.051, 3231
0.051, 3230
0.051, 3229
0.051, 3228
0.051, 3227
0.051, 3226
0.051, 3225
0.051, 3224
0.051, 3223
0.051, 3222
0.051, 3221
0.051, 3220
0.051, 3219
0.051, 3218
0.051, 3217
0.051, 3216
0.051, 3215
0.051, 3214
0.051, 3213
0.051, 3212
0.051, 3211
0.051, 3210
0.051, 3209
0.051, 3208
0.051, 3207
0.051, 3206
0.051, 3205
0.051, 3204
0.051, 3203
0.051, 3202
0.051, 3201
0.051, 3200
0.051, 3199
0.051, 3198
0.051, 3197
0.051, 3196
0.051, 3195
0.051, 3194
0.051, 3193
0.051, 3192
0.051, 3191
0.051, 3190
0.051, 3189
0.051, 3188
0.051, 3187
0.051, 3186
0.051, 3185
0.051, 3184
0.051, 3183
0.051, 3182
0.051, 3181
0.051, 3180
0.051, 3179
0.051, 3178
0.051, 3177
0.051, 3176
0.051, 3175
0.051, 3174
0.051, 3173
0.051, 3172
0.051, 3171
0.051, 3170
0.051, 3169
0.051, 3168
0.051, 3167
0.051, 3166
0.051, 3165
0.051, 3164
0.051, 3163
0.051, 3162
0.051, 3161
0.051, 3160
0.051, 3159
0.051, 3158
0.051, 3157
0.051, 3156
0.051, 3155
0.051, 3154
0.051, 3153
0.051, 3152
0.051, 3151
0.051, 3150
0.051, 3149
0.051, 3148
0.051, 3147
0.051, 3146
0.051, 3145
0.051, 3144
0.051, 3143
0.051, 3142
0.051, 3141
0.051, 3140
0.051, 3139
0.051, 3138
0.052, 3137
0.052, 3136
0.052, 3135
0.052, 3134
0.052, 3133
0.052, 3132
0.052, 3131
0.052, 3130
0.052, 3129
0.052, 3128
0.052, 3127
0.052, 3126
0.052, 3125
0.052, 3124
0.052, 3123
0.052, 3122
0.052, 3121
0.052, 3120
0.052, 3119
0.052, 3118
0.052, 3117
0.052, 3116
0.052, 3115
0.052, 3114
0.052, 3113
0.052, 3112
0.052, 3111
0.052, 3110
0.052, 3109
0.052, 3108
0.052, 3107
0.052, 3106
0.052, 3105
0.052, 3104
0.052, 3103
0.052, 3102
0.052, 3101
0.052, 3100
0.052, 3099
0.052, 3098
0.052, 3097
0.052, 3096
0.052, 3095
0.052, 3094
0.052, 3093
0.052, 3092
0.052, 3091
0.052, 3090
0.052, 3089
0.052, 3088
0.052, 3087
0.052, 3086
0.052, 3085
0.052, 3084
0.052, 3083
0.052, 3082
0.052, 3081
0.052, 3080
0.052, 3079
0.052, 3078
0.052, 3077
0.052, 3076
0.052, 3075
0.052, 3074
0.052, 3073
0.052, 3072
0.052, 3071
0.052, 3070
0.052, 3069
0.052, 3068
0.052, 3067
0.052, 3066
0.052, 3065
0.052, 3064
0.052, 3063
0.052, 3062
0.052, 3061
0.052, 3060
0.052, 3059
0.052, 3058
0.052, 3057
0.052, 3056
0.052, 3055
0.052, 3054
0.052, 3053
0.052, 3052
0.052, 3051
0.052, 3050
0.052, 3049
0.052, 3048
0.052, 3047
0.052, 3046
0.052, 3045
0.052, 3044
0.052, 3043
0.052, 3042
0.052, 3041
0.052, 3040
0.052, 3039
0.052, 3038
0.052, 3037
0.052, 3036
0.052, 3035
0.052, 3034
0.052, 3033
0.052, 3032
0.052, 3031
0.052, 3030
0.052, 3029
0.052, 3028
0.052, 3027
0.052, 3026
0.052, 3025
0.052, 3024
0.052, 3023
0.052, 3022
0.052, 3021
0.052, 3020
0.052, 3019
0.052, 3018
0.053, 3017
0.053, 3016
0.053, 3015
0.053, 3014
0.053, 3013
0.053, 3012
0.053, 3011
0.053, 3010
0.053, 3009
0.053, 3008
0.053, 3007
0.053, 3006
0.053, 3005
0.053, 3004
0.053, 3003
0.053, 3002
0.053, 3001
0.053, 3000
0.053, 2999
0.053, 2998
0.053, 2997
0.053, 2996
0.053, 2995
0.053, 2994
0.053, 2993
0.053, 2992
0.053, 2991
0.053, 2990
0.053, 2989
0.053, 2988
0.053, 2987
0.053, 2986
0.053, 2985
0.053, 2984
0.053, 2983
0.053, 2982
0.053, 2981
0.053, 2980
0.053, 2979
0.053, 2978
0.053, 2977
0.053, 2976
0.053, 2975
0.053, 2974
0.053, 2973
0.053, 2972
0.053, 2971
0.053, 2970
0.053, 2969
0.053, 2968
0.053, 2967
0.053, 2966
0.053, 2965
0.053, 2964
0.053, 2963
0.053, 2962
0.053, 2961
0.053, 2960
0.053, 2959
0.053, 2958
0.053, 2957
0.053, 2956
0.053, 2955
0.053, 2954
0.053, 2953
0.053, 2952
0.053, 2951
0.053, 2950
0.053, 2949
0.053, 2948
0.053, 2947
0.053, 2946
0.053, 2945
0.053, 2944
0.053, 2943
0.053, 2942
0.053, 2941
0.053, 2940
0.053, 2939
0.053, 2938
0.053, 2937
0.053, 2936
0.053, 2935
0.053, 2934
0.053, 2933
0.053, 2932
0.053, 2931
0.053, 2930
0.053, 2929
0.053, 2928
0.053, 2927
0.053, 2926
0.053, 2925
0.053, 2924
0.053, 2923
0.053, 2922
0.053, 2921
0.053, 2920
0.053, 2919
0.053, 2918
0.053, 2917
0.053, 2916
0.053, 2915
0.053, 2914
0.053, 2913
0.053, 2912
0.053, 2911
0.053, 2910
0.053, 2909
0.053, 2908
0.053, 2907
0.053, 2906
0.053, 2905
0.053, 2904
0.053, 2903
0.053, 2902
0.053, 2901
0.053, 2900
0.053, 2899
0.053, 2898
0.053, 2897
0.053, 2896
0.053, 2895
0.053, 2894
0.053, 2893
0.053, 2892
0.054, 2891
0.054, 2890
0.054, 2889
0.054, 2888
0.054, 2887
0.054, 2886
0.054, 2885
0.054, 2884
0.054, 2883
0.054, 2882
0.054, 2881
0.054, 2880
0.054, 2879
0.054, 2878
0.054, 2877
0.054, 2876
0.054, 2875
0.054, 2874
0.054, 2873
0.054, 2872
0.054, 2871
0.054, 2870
0.054, 2869
0.054, 2868
0.054, 2867
0.054, 2866
0.054, 2865
0.054, 2864
0.054, 2863
0.054, 2862
0.054, 2861
0.054, 2860
0.054, 2859
0.054, 2858
0.054, 2857
0.054, 2856
0.054, 2855
0.054, 2854
0.054, 2853
0.054, 2852
0.054, 2851
0.054, 2850
0.054, 2849
0.054, 2848
0.054, 2847
0.054, 2846
0.054, 2845
0.054, 2844
0.054, 2843
0.054, 2842
0.054, 2841
0.054, 2840
0.054, 2839
0.054, 2838
0.054, 2837
0.054, 2836
0.054, 2835
0.054, 2834
0.054, 2833
0.054, 2832
0.054, 2831
0.054, 2830
0.054, 2829
0.054, 2828
0.054, 2827
0.054, 2826
0.054, 2825
0.054, 2824
0.054, 2823
0.054, 2822
0.054, 2821
0.054, 2820
0.054, 2819
0.054, 2818
0.054, 2817
0.054, 2816
0.054, 2815
0.054, 2814
0.054, 2813
0.054, 2812
0.054, 2811
0.054, 2810
0.054, 2809
0.054, 2808
0.054, 2807
0.054, 2806
0.054, 2805
0.054, 2804
0.054, 2803
0.054, 2802
0.054, 2801
0.054, 2800
0.054, 2799
0.054, 2798
0.054, 2797
0.054, 2796
0.054, 2795
0.054, 2794
0.054, 2793
0.054, 2792
0.054, 2791
0.054, 2790
0.054, 2789
0.054, 2788
0.054, 2787
0.054, 2786
0.055, 2785
0.055, 2784
0.055, 2783
0.055, 2782
0.055, 2781
0.055, 2780
0.055, 2779
0.055, 2778
0.055, 2777
0.055, 2776
0.055, 2775
0.055, 2774
0.055, 2773
0.055, 2772
0.055, 2771
0.055, 2770
0.055, 2769
0.055, 2768
0.055, 2767
0.055, 2766
0.055, 2765
0.055, 2764
0.055, 2763
0.055, 2762
0.055, 2761
0.055, 2760
0.055, 2759
0.055, 2758
0.055, 2757
0.055, 2756
0.055, 2755
0.055, 2754
0.055, 2753
0.055, 2752
0.055, 2751
0.055, 2750
0.055, 2749
0.055, 2748
0.055, 2747
0.055, 2746
0.055, 2745
0.055, 2744
0.055, 2743
0.055, 2742
0.055, 2741
0.055, 2740
0.055, 2739
0.055, 2738
0.055, 2737
0.055, 2736
0.055, 2735
0.055, 2734
0.055, 2733
0.055, 2732
0.055, 2731
0.055, 2730
0.055, 2729
0.055, 2728
0.055, 2727
0.055, 2726
0.055, 2725
0.055, 2724
0.055, 2723
0.055, 2722
0.055, 2721
0.055, 2720
0.055, 2719
0.055, 2718
0.055, 2717
0.055, 2716
0.055, 2715
0.055, 2714
0.055, 2713
0.055, 2712
0.055, 2711
0.055, 2710
0.055, 2709
0.055, 2708
0.055, 2707
0.055, 2706
0.055, 2705
0.055, 2704
0.055, 2703
0.055, 2702
0.055, 2701
0.055, 2700
0.055, 2699
0.055, 2698
0.055, 2697
0.055, 2696
0.055, 2695
0.055, 2694
0.055, 2693
0.055, 2692
0.055, 2691
0.055, 2690
0.055, 2689
0.055, 2688
0.055, 2687
0.055, 2686
0.055, 2685
0.055, 2684
0.055, 2683
0.055, 2682
0.055, 2681
0.055, 2680
0.055, 2679
0.055, 2678
0.055, 2677
0.055, 2676
0.055, 2675
0.055, 2674
0.055, 2673
0.056, 2672
0.056, 2671
0.056, 2670
0.056, 2669
0.056, 2668
0.056, 2667
0.056, 2666
0.056, 2665
0.056, 2664
0.056, 2663
0.056, 2662
0.056, 2661
0.056, 2660
0.056, 2659
0.056, 2658
0.056, 2657
0.056, 2656
0.056, 2655
0.056, 2654
0.056, 2653
0.056, 2652
0.056, 2651
0.056, 2650
0.056, 2649
0.056, 2648
0.056, 2647
0.056, 2646
0.056, 2645
0.056, 2644
0.056, 2643
0.056, 2642
0.056, 2641
0.056, 2640
0.056, 2639
0.056, 2638
0.056, 2637
0.056, 2636
0.056, 2635
0.056, 2634
0.056, 2633
0.056, 2632
0.056, 2631
0.056, 2630
0.056, 2629
0.056, 2628
0.056, 2627
0.056, 2626
0.056, 2625
0.056, 2624
0.056, 2623
0.056, 2622
0.056, 2621
0.056, 2620
0.056, 2619
0.056, 2618
0.056, 2617
0.056, 2616
0.056, 2615
0.056, 2614
0.056, 2613
0.056, 2612
0.056, 2611
0.056, 2610
0.056, 2609
0.056, 2608
0.056, 2607
0.056, 2606
0.056, 2605
0.056, 2604
0.056, 2603
0.056, 2602
0.056, 2601
0.056, 2600
0.056, 2599
0.056, 2598
0.056, 2597
0.056, 2596
0.056, 2595
0.056, 2594
0.056, 2593
0.056, 2592
0.056, 2591
0.056, 2590
0.056, 2589
0.056, 2588
0.056, 2587
0.056, 2586
0.056, 2585
0.056, 2584
0.056, 2583
0.056, 2582
0.056, 2581
0.056, 2580
0.056, 2579
0.056, 2578
0.056, 2577
0.056, 2576
0.056, 2575
0.056, 2574
0.056, 2573
0.056, 2572
0.056, 2571
0.056, 2570
0.056, 2569
0.056, 2568
0.056, 2567
0.056, 2566
0.056, 2565
0.056, 2564
0.056, 2563
0.056, 2562
0.056, 2561
0.056, 2560
0.056, 2559
0.056, 2558
0.056, 2557
0.056, 2556
0.056, 2555
0.056, 2554
0.056, 2553
0.056, 2552
0.056, 2551
0.056, 2550
0.056, 2549
0.056, 2548
0.056, 2547
0.056, 2546
0.057, 2545
0.057, 2544
0.057, 2543
0.057, 2542
0.057, 2541
0.057, 2540
0.057, 2539
0.057, 2538
0.057, 2537
0.057, 2536
0.057, 2535
0.057, 2534
0.057, 2533
0.057, 2532
0.057, 2531
0.057, 2530
0.057, 2529
0.057, 2528
0.057, 2527
0.057, 2526
0.057, 2525
0.057, 2524
0.057, 2523
0.057, 2522
0.057, 2521
0.057, 2520
0.057, 2519
0.057, 2518
0.057, 2517
0.057, 2516
0.057, 2515
0.057, 2514
0.057, 2513
0.057, 2512
0.057, 2511
0.057, 2510
0.057, 2509
0.057, 2508
0.057, 2507
0.057, 2506
0.057, 2505
0.057, 2504
0.057, 2503
0.057, 2502
0.057, 2501
0.057, 2500
0.057, 2499
0.057, 2498
0.057, 2497
0.057, 2496
0.057, 2495
0.057, 2494
0.057, 2493
0.057, 2492
0.057, 2491
0.057, 2490
0.057, 2489
0.057, 2488
0.057, 2487
0.057, 2486
0.057, 2485
0.057, 2484
0.057, 2483
0.057, 2482
0.057, 2481
0.057, 2480
0.057, 2479
0.057, 2478
0.057, 2477
0.057, 2476
0.057, 2475
0.057, 2474
0.057, 2473
0.057, 2472
0.057, 2471
0.057, 2470
0.057, 2469
0.057, 2468
0.057, 2467
0.057, 2466
0.057, 2465
0.057, 2464
0.057, 2463
0.057, 2462
0.057, 2461
0.057, 2460
0.057, 2459
0.057, 2458
0.057, 2457
0.057, 2456
0.057, 2455
0.057, 2454
0.057, 2453
0.057, 2452
0.057, 2451
0.057, 2450
0.057, 2449
0.057, 2448
0.057, 2447
0.057, 2446
0.057, 2445
0.057, 2444
0.057, 2443
0.057, 2442
0.057, 2441
0.057, 2440
0.057, 2439
0.057, 2438
0.057, 2437
0.057, 2436
0.057, 2435
0.057, 2434
0.057, 2433
0.057, 2432
0.057, 2431
0.057, 2430
0.057, 2429
0.057, 2428
0.057, 2427
0.057, 2426
0.058, 2425
0.058, 2424
0.058, 2423
0.058, 2422
0.058, 2421
0.058, 2420
0.058, 2419
0.058, 2418
0.058, 2417
0.058, 2416
0.058, 2415
0.058, 2414
0.058, 2413
0.058, 2412
0.058, 2411
0.058, 2410
0.058, 2409
0.058, 2408
0.058, 2407
0.058, 2406
0.058, 2405
0.058, 2404
0.058, 2403
0.058, 2402
0.058, 2401
0.058, 2400
0.058, 2399
0.058, 2398
0.058, 2397
0.058, 2396
0.058, 2395
0.058, 2394
0.058, 2393
0.058, 2392
0.058, 2391
0.058, 2390
0.058, 2389
0.058, 2388
0.058, 2387
0.058, 2386
0.058, 2385
0.058, 2384
0.058, 2383
0.058, 2382
0.058, 2381
0.058, 2380
0.058, 2379
0.058, 2378
0.058, 2377
0.058, 2376
0.058, 2375
0.058, 2374
0.058, 2373
0.058, 2372
0.058, 2371
0.058, 2370
0.058, 2369
0.058, 2368
0.058, 2367
0.058, 2366
0.058, 2365
0.058, 2364
0.058, 2363
0.058, 2362
0.058, 2361
0.058, 2360
0.058, 2359
0.058, 2358
0.058, 2357
0.058, 2356
0.058, 2355
0.058, 2354
0.058, 2353
0.058, 2352
0.058, 2351
0.058, 2350
0.058, 2349
0.058, 2348
0.058, 2347
0.058, 2346
0.058, 2345
0.058, 2344
0.058, 2343
0.058, 2342
0.058, 2341
0.058, 2340
0.058, 2339
0.058, 2338
0.058, 2337
0.058, 2336
0.058, 2335
0.058, 2334
0.058, 2333
0.058, 2332
0.058, 2331
0.058, 2330
0.058, 2329
0.058, 2328
0.058, 2327
0.058, 2326
0.059, 2325
0.059, 2324
0.059, 2323
0.059, 2322
0.059, 2321
0.059, 2320
0.059, 2319
0.059, 2318
0.059, 2317
0.059, 2316
0.059, 2315
0.059, 2314
0.059, 2313
0.059, 2312
0.059, 2311
0.059, 2310
0.059, 2309
0.059, 2308
0.059, 2307
0.059, 2306
0.059, 2305
0.059, 2304
0.059, 2303
0.059, 2302
0.059, 2301
0.059, 2300
0.059, 2299
0.059, 2298
0.059, 2297
0.059, 2296
0.059, 2295
0.059, 2294
0.059, 2293
0.059, 2292
0.059, 2291
0.059, 2290
0.059, 2289
0.059, 2288
0.059, 2287
0.059, 2286
0.059, 2285
0.059, 2284
0.059, 2283
0.059, 2282
0.059, 2281
0.059, 2280
0.059, 2279
0.059, 2278
0.059, 2277
0.059, 2276
0.059, 2275
0.059, 2274
0.059, 2273
0.059, 2272
0.059, 2271
0.059, 2270
0.059, 2269
