0.001, 3255
0.022, 3254
0.167, 3253
0.169, 3252
0.170, 3251
0.170, 3250
0.173, 3249
0.173, 3248
0.175, 3247
0.176, 3246
0.176, 3245
0.177, 3244
0.178, 3243
0.179, 3242
0.179, 3241
0.180, 3240
0.180, 3239
0.181, 3238
0.182, 3237
0.185, 3236
0.185, 3235
0.186, 3234
0.189, 3233
0.189, 3232
0.191, 3231
0.192, 3230
0.193, 3229
0.195, 3228
0.196, 3227
0.196, 3226
0.197, 3225
0.197, 3224
0.199, 3223
0.200, 3222
0.201, 3221
0.203, 3220
0.203, 3219
0.204, 3218
0.204, 3217
0.205, 3216
0.205, 3215
0.206, 3214
0.207, 3213
0.207, 3212
0.208, 3211
0.209, 3210
0.209, 3209
0.210, 3208
0.211, 3207
0.211, 3206
0.213, 3205
0.214, 3204
0.214, 3203
0.215, 3202
0.215, 3201
0.216, 3200
0.218, 3199
0.218, 3198
0.220, 3197
0.220, 3196
0.221, 3195
0.221, 3194
0.221, 3193
0.222, 3192
0.223, 3191
0.225, 3190
0.226, 3189
0.226, 3188
0.227, 3187
0.228, 3186
0.229, 3185
0.229, 3184
0.229, 3183
0.230, 3182
0.230, 3181
0.231, 3180
0.232, 3179
0.234, 3178
0.235, 3177
0.236, 3176
0.237, 3175
0.239, 3174
0.239, 3173
0.240, 3172
0.241, 3171
0.241, 3170
0.243, 3169
0.244, 3168
0.245, 3167
0.246, 3166
0.246, 3165
0.247, 3164
0.248, 3163
0.249, 3162
0.249, 3161
0.250, 3160
0.252, 3159
0.252, 3158
0.253, 3157
0.254, 3156
0.256, 3155
0.258, 3154
0.258, 3153
0.259, 3152
0.260, 3151
0.262, 3150
0.263, 3149
0.263, 3148
0.264, 3147
0.265, 3146
0.267, 3145
0.268, 3144
0.268, 3143
0.268, 3142
0.269, 3141
0.269, 3140
0.270, 3139
0.270, 3138
0.273, 3137
0.273, 3136
0.274, 3135
0.275, 3134
0.276, 3133
0.276, 3132
0.278, 3131
0.281, 3130
0.282, 3129
0.282, 3128
0.283, 3127
0.285, 3126
0.286, 3125
0.286, 3124
0.287, 3123
0.287, 3122
0.289, 3121
0.291, 3120
0.292, 3119
0.293, 3118
0.293, 3117
0.294, 3116
0.296, 3115
0.296, 3114
0.298, 3113
0.298, 3112
0.299, 3111
0.300, 3110
0.301, 3109
0.302, 3108
0.302, 3107
0.303, 3106
0.304, 3105
0.305, 3104
0.306, 3103
0.308, 3102
0.309, 3101
0.310, 3100
0.311, 3099
0.313, 3098
0.313, 3097
0.314, 3096
0.315, 3095
0.315, 3094
0.316, 3093
0.317, 3092
0.319, 3091
0.320, 3090
0.322, 3089
0.324, 3088
0.324, 3087
0.326, 3086
0.326, 3085
0.327, 3084
0.328, 3083
0.328, 3082
0.329, 3081
0.331, 3080
0.331, 3079
0.332, 3078
0.333, 3077
0.335, 3076
0.335, 3075
0.336, 3074
0.339, 3073
0.341, 3072
0.343, 3071
0.344, 3070
0.347, 3069
0.347, 3068
0.348, 3067
0.348, 3066
0.350, 3065
0.350, 3064
0.351, 3063
0.351, 3062
0.352, 3061
0.352, 3060
0.353, 3059
0.354, 3058
0.357, 3057
0.358, 3056
0.358, 3055
0.361, 3054
0.362, 3053
0.362, 3052
0.363, 3051
0.364, 3050
0.365, 3049
0.367, 3048
0.368, 3047
0.368, 3046
0.374, 3045
0.375, 3044
0.376, 3043
0.377, 3042
0.377, 3041
0.379, 3040
0.382, 3039
0.382, 3038
0.383, 3037
0.384, 3036
0.385, 3035
0.386, 3034
0.388, 3033
0.388, 3032
0.389, 3031
0.390, 3030
0.390, 3029
0.391, 3028
0.392, 3027
0.393, 3026
0.393, 3025
0.394, 3024
0.394, 3023
0.395, 3022
0.395, 3021
0.397, 3020
0.399, 3019
0.401, 3018
0.402, 3017
0.402, 3016
0.405, 3015
0.405, 3014
0.405, 3013
0.406, 3012
0.407, 3011
0.409, 3010
0.409, 3009
0.410, 3008
0.411, 3007
0.411, 3006
0.412, 3005
0.412, 3004
0.413, 3003
0.415, 3002
0.416, 3001
0.417, 3000
0.419, 2999
0.419, 2998
0.421, 2997
0.424, 2996
0.426, 2995
0.427, 2994
0.429, 2993
0.431, 2992
0.432, 2991
0.433, 2990
0.434, 2989
0.434, 2988
0.435, 2987
0.437, 2986
0.438, 2985
0.439, 2984
0.440, 2983
0.440, 2982
0.442, 2981
0.443, 2980
0.443, 2979
0.445, 2978
0.446, 2977
0.446, 2976
0.449, 2975
0.452, 2974
0.453, 2973
0.455, 2972
0.456, 2971
0.459, 2970
0.461, 2969
0.463, 2968
0.464, 2967
0.464, 2966
0.465, 2965
0.467, 2964
0.468, 2963
0.468, 2962
0.469, 2961
0.470, 2960
0.472, 2959
0.473, 2958
0.474, 2957
0.475, 2956
0.477, 2955
0.478, 2954
0.479, 2953
0.480, 2952
0.481, 2951
0.483, 2950
0.484, 2949
0.484, 2948
0.486, 2947
0.486, 2946
0.488, 2945
0.491, 2944
0.492, 2943
0.492, 2942
0.493, 2941
0.495, 2940
0.499, 2939
0.501, 2938
0.503, 2937
0.503, 2936
0.504, 2935
0.506, 2934
0.508, 2933
0.509, 2932
0.509, 2931
0.510, 2930
0.511, 2929
0.511, 2928
0.512, 2927
0.513, 2926
0.514, 2925
0.514, 2924
0.515, 2923
0.520, 2922
0.521, 2921
0.521, 2920
0.521, 2919
0.522, 2918
0.523, 2917
0.524, 2916
0.526, 2915
0.527, 2914
0.528, 2913
0.530, 2912
0.533, 2911
0.534, 2910
0.534, 2909
0.535, 2908
0.536, 2907
0.537, 2906
0.537, 2905
0.538, 2904
0.538, 2903
0.539, 2902
0.542, 2901
0.543, 2900
0.543, 2899
0.543, 2898
0.544, 2897
0.545, 2896
0.545, 2895
0.546, 2894
0.547, 2893
0.548, 2892
0.548, 2891
0.550, 2890
0.552, 2889
0.553, 2888
0.554, 2887
0.555, 2886
0.556, 2885
0.557, 2884
0.558, 2883
0.558, 2882
0.559, 2881
0.560, 2880
0.562, 2879
0.566, 2878
0.566, 2877
0.566, 2876
0.568, 2875
0.569, 2874
0.569, 2873
0.570, 2872
0.572, 2871
0.574, 2870
0.574, 2869
0.581, 2868
0.582, 2867
0.583, 2866
0.583, 2865
0.584, 2864
0.585, 2863
0.586, 2862
0.587, 2861
0.590, 2860
0.591, 2859
0.591, 2858
0.592, 2857
0.592, 2856
0.594, 2855
0.594, 2854
0.597, 2853
0.597, 2852
0.598, 2851
0.602, 2850
0.602, 2849
0.606, 2848
0.606, 2847
0.606, 2846
0.608, 2845
0.608, 2844
0.611, 2843
0.612, 2842
0.616, 2841
0.617, 2840
0.618, 2839
0.621, 2838
0.621, 2837
0.622, 2836
0.623, 2835
0.624, 2834
0.625, 2833
0.628, 2832
0.628, 2831
0.629, 2830
0.632, 2829
0.633, 2828
0.635, 2827
0.637, 2826
0.638, 2825
0.639, 2824
0.640, 2823
0.642, 2822
0.644, 2821
0.645, 2820
0.649, 2819
0.650, 2818
0.651, 2817
0.651, 2816
0.652, 2815
0.653, 2814
0.656, 2813
0.662, 2812
0.664, 2811
0.666, 2810
0.668, 2809
0.669, 2808
0.669, 2807
0.670, 2806
0.672, 2805
0.675, 2804
0.677, 2803
0.682, 2802
0.687, 2801
0.688, 2800
0.689, 2799
0.691, 2798
0.694, 2797
0.696, 2796
0.697, 2795
0.698, 2794
0.701, 2793
0.701, 2792
0.702, 2791
0.703, 2790
0.705, 2789
0.707, 2788
0.709, 2787
0.710, 2786
0.710, 2785
0.713, 2784
0.715, 2783
0.716, 2782
0.716, 2781
0.717, 2780
0.719, 2779
0.726, 2778
0.727, 2777
0.728, 2776
0.730, 2775
0.731, 2774
0.733, 2773
0.741, 2772
0.743, 2771
0.744, 2770
0.745, 2769
0.746, 2768
0.747, 2767
0.749, 2766
0.750, 2765
0.751, 2764
0.753, 2763
0.754, 2762
0.755, 2761
0.757, 2760
0.759, 2759
0.759, 2758
0.760, 2757
0.762, 2756
0.766, 2755
0.767, 2754
0.767, 2753
0.768, 2752
0.774, 2751
0.776, 2750
0.784, 2749
0.790, 2748
0.792, 2747
0.794, 2746
0.794, 2745
0.795, 2744
0.797, 2743
0.799, 2742
0.801, 2741
0.804, 2740
0.808, 2739
0.808, 2738
0.810, 2737
0.813, 2736
0.816, 2735
0.817, 2734
0.820, 2733
0.823, 2732
0.824, 2731
0.824, 2730
0.826, 2729
0.828, 2728
0.830, 2727
0.830, 2726
0.836, 2725
0.837, 2724
0.842, 2723
0.843, 2722
0.843, 2721
0.846, 2720
0.847, 2719
0.848, 2718
0.849, 2717
0.849, 2716
0.853, 2715
0.856, 2714
0.856, 2713
0.857, 2712
0.862, 2711
0.865, 2710
0.866, 2709
0.870, 2708
0.870, 2707
0.871, 2706
0.871, 2705
0.872, 2704
0.873, 2703
0.874, 2702
0.877, 2701
0.879, 2700
0.879, 2699
0.880, 2698
0.881, 2697
0.882, 2696
0.884, 2695
0.886, 2694
0.890, 2693
0.890, 2692
0.892, 2691
0.899, 2690
0.905, 2689
0.906, 2688
0.907, 2687
0.911, 2686
0.911, 2685
0.913, 2684
0.917, 2683
0.923, 2682
0.923, 2681
0.931, 2680
0.931, 2679
0.932, 2678
0.935, 2677
0.937, 2676
0.948, 2675
0.952, 2674
0.965, 2673
0.970, 2672
0.977, 2671
0.981, 2670
0.982, 2669
0.983, 2668
0.988, 2667
0.993, 2666
0.994, 2665
1.006, 2664
1.008, 2663
1.009, 2662
1.011, 2661
1.012, 2660
1.013, 2659
1.015, 2658
1.015, 2657
1.019, 2656
1.021, 2655
1.025, 2654
1.026, 2653
1.034, 2652
1.035, 2651
1.043, 2650
1.045, 2649
1.047, 2648
1.047, 2647
1.050, 2646
1.055, 2645
1.061, 2644
1.062, 2643
1.063, 2642
1.063, 2641
1.065, 2640
1.067, 2639
1.068, 2638
1.069, 2637
1.080, 2636
1.082, 2635
1.086, 2634
1.091, 2633
1.095, 2632
1.095, 2631
1.096, 2630
1.100, 2629
1.103, 2628
1.108, 2627
1.108, 2626
1.112, 2625
1.112, 2624
1.115, 2623
1.120, 2622
1.123, 2621
1.123, 2620
1.142, 2619
1.144, 2618
1.145, 2617
1.153, 2616
1.157, 2615
1.157, 2614
1.158, 2613
1.159, 2612
1.160, 2611
1.162, 2610
1.168, 2609
1.175, 2608
1.177, 2607
1.178, 2606
1.179, 2605
1.187, 2604
1.193, 2603
1.197, 2602
1.203, 2601
1.207, 2600
1.210, 2599
1.212, 2598
1.217, 2597
1.218, 2596
1.226, 2595
1.226, 2594
1.238, 2593
1.243, 2592
1.270, 2591
1.274, 2590
1.275, 2589
1.284, 2588
1.287, 2587
1.288, 2586
1.289, 2585
1.290, 2584
1.294, 2583
1.300, 2582
1.301, 2581
1.314, 2580
1.325, 2579
1.332, 2578
1.348, 2577
1.349, 2576
1.350, 2575
1.362, 2574
1.365, 2573
1.366, 2572
1.371, 2571
1.375, 2570
1.375, 2569
1.379, 2568
1.381, 2567
1.387, 2566
1.389, 2565
1.389, 2564
1.396, 2563
1.397, 2562
1.399, 2561
1.404, 2560
1.406, 2559
1.410, 2558
1.421, 2557
1.422, 2556
1.430, 2555
1.453, 2554
1.454, 2553
1.461, 2552
1.461, 2551
1.467, 2550
1.470, 2549
1.480, 2548
1.486, 2547
1.491, 2546
1.494, 2545
1.497, 2544
1.512, 2543
1.520, 2542
1.541, 2541
1.542, 2540
1.563, 2539
1.585, 2538
1.586, 2537
1.587, 2536
1.601, 2535
1.610, 2534
1.615, 2533
1.622, 2532
1.623, 2531
1.627, 2530
1.628, 2529
1.646, 2528
1.649, 2527
1.649, 2526
1.658, 2525
1.674, 2524
1.675, 2523
1.680, 2522
1.681, 2521
1.695, 2520
1.701, 2519
1.704, 2518
1.704, 2517
1.710, 2516
1.737, 2515
1.744, 2514
1.750, 2513
1.754, 2512
1.766, 2511
1.767, 2510
1.774, 2509
1.781, 2508
1.796, 2507
1.811, 2506
1.815, 2505
1.816, 2504
1.828, 2503
1.860, 2502
1.873, 2501
1.875, 2500
1.897, 2499
1.906, 2498
1.916, 2497
1.935, 2496
1.949, 2495
1.950, 2494
1.963, 2493
1.991, 2492
1.994, 2491
1.999, 2490
2.000, 2489
2.021, 2488
2.021, 2487
2.066, 2486
2.078, 2485
2.085, 2484
2.104, 2483
2.117, 2482
2.150, 2481
2.202, 2480
2.226, 2479
2.248, 2478
2.258, 2477
2.261, 2476
2.292, 2475
2.312, 2474
2.313, 2473
2.321, 2472
2.400, 2471
2.420, 2470
2.420, 2469
2.453, 2468
2.542, 2467
2.574, 2466
2.706, 2465
2.735, 2464
2.761, 2463
2.819, 2462
2.820, 2461
2.829, 2460
2.869, 2459
2.984, 2458
2.999, 2457
3.054, 2456
3.288, 2455
3.357, 2454
3.398, 2453
3.462, 2452
4.926, 2451
