0.002, 4939
0.002, 4938
0.002, 4937
0.002, 4936
0.002, 4935
0.002, 4934
0.002, 4933
0.002, 4932
0.002, 4931
0.002, 4930
0.002, 4929
0.002, 4928
0.002, 4927
0.002, 4926
0.002, 4925
0.002, 4924
0.002, 4923
0.002, 4922
0.002, 4921
0.002, 4920
0.002, 4919
0.002, 4918
0.002, 4917
0.002, 4916
0.002, 4915
0.002, 4914
0.002, 4913
0.002, 4912
0.002, 4911
0.002, 4910
0.002, 4909
0.002, 4908
0.002, 4907
0.002, 4906
0.002, 4905
0.002, 4904
0.002, 4903
0.002, 4902
0.002, 4901
0.002, 4900
0.002, 4899
0.002, 4898
0.002, 4897
0.002, 4896
0.002, 4895
0.002, 4894
0.002, 4893
0.002, 4892
0.002, 4891
0.002, 4890
0.002, 4889
0.002, 4888
0.002, 4887
0.002, 4886
0.002, 4885
0.002, 4884
0.002, 4883
0.002, 4882
0.002, 4881
0.002, 4880
0.002, 4879
0.002, 4878
0.002, 4877
0.002, 4876
0.002, 4875
0.002, 4874
0.002, 4873
0.002, 4872
0.002, 4871
0.002, 4870
0.002, 4869
0.002, 4868
0.002, 4867
0.002, 4866
0.002, 4865
0.002, 4864
0.002, 4863
0.002, 4862
0.002, 4861
0.002, 4860
0.002, 4859
0.002, 4858
0.002, 4857
0.002, 4856
0.002, 4855
0.002, 4854
0.002, 4853
0.002, 4852
0.002, 4851
0.002, 4850
0.002, 4849
0.002, 4848
0.002, 4847
0.002, 4846
0.002, 4845
0.002, 4844
0.002, 4843
0.002, 4842
0.002, 4841
0.002, 4840
0.002, 4839
0.002, 4838
0.002, 4837
0.002, 4836
0.002, 4835
0.002, 4834
0.002, 4833
0.002, 4832
0.002, 4831
0.002, 4830
0.002, 4829
0.002, 4828
0.002, 4827
0.002, 4826
0.002, 4825
0.002, 4824
0.002, 4823
0.002, 4822
0.002, 4821
0.002, 4820
0.002, 4819
0.002, 4818
0.002, 4817
0.002, 4816
0.002, 4815
0.002, 4814
0.002, 4813
0.002, 4812
0.002, 4811
0.002, 4810
0.002, 4809
0.002, 4808
0.002, 4807
0.002, 4806
0.002, 4805
0.002, 4804
0.002, 4803
0.002, 4802
0.002, 4801
0.003, 4800
0.003, 4799
0.003, 4798
0.003, 4797
0.003, 4796
0.003, 4795
0.003, 4794
0.003, 4793
0.003, 4792
0.003, 4791
0.003, 4790
0.003, 4789
0.003, 4788
0.003, 4787
0.003, 4786
0.003, 4785
0.003, 4784
0.003, 4783
0.003, 4782
0.003, 4781
0.003, 4780
0.003, 4779
0.003, 4778
0.003, 4777
0.003, 4776
0.003, 4775
0.003, 4774
0.003, 4773
0.003, 4772
0.003, 4771
0.003, 4770
0.003, 4769
0.003, 4768
0.003, 4767
0.003, 4766
0.003, 4765
0.003, 4764
0.003, 4763
0.003, 4762
0.003, 4761
0.003, 4760
0.003, 4759
0.003, 4758
0.003, 4757
0.003, 4756
0.003, 4755
0.003, 4754
0.003, 4753
0.003, 4752
0.003, 4751
0.003, 4750
0.003, 4749
0.003, 4748
0.003, 4747
0.003, 4746
0.003, 4745
0.003, 4744
0.003, 4743
0.003, 4742
0.003, 4741
0.003, 4740
0.003, 4739
0.003, 4738
0.003, 4737
0.003, 4736
0.003, 4735
0.003, 4734
0.003, 4733
0.003, 4732
0.003, 4731
0.003, 4730
0.003, 4729
0.003, 4728
0.003, 4727
0.003, 4726
0.003, 4725
0.003, 4724
0.003, 4723
0.003, 4722
0.003, 4721
0.003, 4720
0.003, 4719
0.003, 4718
0.003, 4717
0.003, 4716
0.003, 4715
0.003, 4714
0.003, 4713
0.003, 4712
0.003, 4711
0.003, 4710
0.003, 4709
0.003, 4708
0.003, 4707
0.003, 4706
0.003, 4705
0.003, 4704
0.003, 4703
0.003, 4702
0.003, 4701
0.003, 4700
0.003, 4699
0.003, 4698
0.003, 4697
0.003, 4696
0.003, 4695
0.003, 4694
0.003, 4693
0.003, 4692
0.003, 4691
0.003, 4690
0.003, 4689
0.003, 4688
0.003, 4687
0.003, 4686
0.003, 4685
0.003, 4684
0.003, 4683
0.003, 4682
0.003, 4681
0.003, 4680
0.003, 4679
0.003, 4678
0.004, 4677
0.004, 4676
0.004, 4675
0.004, 4674
0.004, 4673
0.004, 4672
0.004, 4671
0.004, 4670
0.004, 4669
0.004, 4668
0.004, 4667
0.004, 4666
0.004, 4665
0.004, 4664
0.004, 4663
0.004, 4662
0.004, 4661
0.004, 4660
0.004, 4659
0.004, 4658
0.004, 4657
0.004, 4656
0.004, 4655
0.004, 4654
0.004, 4653
0.004, 4652
0.004, 4651
0.004, 4650
0.004, 4649
0.004, 4648
0.004, 4647
0.004, 4646
0.004, 4645
0.004, 4644
0.004, 4643
0.004, 4642
0.004, 4641
0.004, 4640
0.004, 4639
0.004, 4638
0.004, 4637
0.004, 4636
0.004, 4635
0.004, 4634
0.004, 4633
0.004, 4632
0.004, 4631
0.004, 4630
0.004, 4629
0.004, 4628
0.004, 4627
0.004, 4626
0.004, 4625
0.004, 4624
0.004, 4623
0.004, 4622
0.004, 4621
0.004, 4620
0.004, 4619
0.004, 4618
0.004, 4617
0.004, 4616
0.004, 4615
0.004, 4614
0.004, 4613
0.004, 4612
0.004, 4611
0.004, 4610
0.004, 4609
0.004, 4608
0.004, 4607
0.004, 4606
0.004, 4605
0.004, 4604
0.004, 4603
0.004, 4602
0.004, 4601
0.004, 4600
0.004, 4599
0.004, 4598
0.004, 4597
0.004, 4596
0.004, 4595
0.004, 4594
0.004, 4593
0.004, 4592
0.004, 4591
0.004, 4590
0.004, 4589
0.004, 4588
0.004, 4587
0.004, 4586
0.004, 4585
0.004, 4584
0.004, 4583
0.004, 4582
0.004, 4581
0.004, 4580
0.004, 4579
0.004, 4578
0.004, 4577
0.004, 4576
0.004, 4575
0.004, 4574
0.004, 4573
0.004, 4572
0.005, 4571
0.005, 4570
0.005, 4569
0.005, 4568
0.005, 4567
0.005, 4566
0.005, 4565
0.005, 4564
0.005, 4563
0.005, 4562
0.005, 4561
0.005, 4560
0.005, 4559
0.005, 4558
0.005, 4557
0.005, 4556
0.005, 4555
0.005, 4554
0.005, 4553
0.005, 4552
0.005, 4551
0.005, 4550
0.005, 4549
0.005, 4548
0.005, 4547
0.005, 4546
0.005, 4545
0.005, 4544
0.005, 4543
0.005, 4542
0.005, 4541
0.005, 4540
0.005, 4539
0.005, 4538
0.005, 4537
0.005, 4536
0.005, 4535
0.005, 4534
0.005, 4533
0.005, 4532
0.005, 4531
0.005, 4530
0.005, 4529
0.005, 4528
0.005, 4527
0.005, 4526
0.005, 4525
0.005, 4524
0.005, 4523
0.005, 4522
0.005, 4521
0.005, 4520
0.005, 4519
0.005, 4518
0.005, 4517
0.005, 4516
0.005, 4515
0.005, 4514
0.005, 4513
0.005, 4512
0.005, 4511
0.005, 4510
0.005, 4509
0.005, 4508
0.005, 4507
0.005, 4506
0.005, 4505
0.005, 4504
0.005, 4503
0.005, 4502
0.005, 4501
0.005, 4500
0.005, 4499
0.005, 4498
0.005, 4497
0.005, 4496
0.005, 4495
0.005, 4494
0.005, 4493
0.005, 4492
0.005, 4491
0.005, 4490
0.005, 4489
0.005, 4488
0.005, 4487
0.005, 4486
0.005, 4485
0.005, 4484
0.005, 4483
0.005, 4482
0.005, 4481
0.005, 4480
0.005, 4479
0.005, 4478
0.005, 4477
0.005, 4476
0.005, 4475
0.005, 4474
0.005, 4473
0.005, 4472
0.005, 4471
0.005, 4470
0.005, 4469
0.005, 4468
0.005, 4467
0.005, 4466
0.005, 4465
0.005, 4464
0.005, 4463
0.005, 4462
0.005, 4461
0.005, 4460
0.006, 4459
0.006, 4458
0.006, 4457
0.006, 4456
0.006, 4455
0.006, 4454
0.006, 4453
0.006, 4452
0.006, 4451
0.006, 4450
0.006, 4449
0.006, 4448
0.006, 4447
0.006, 4446
0.006, 4445
0.006, 4444
0.006, 4443
0.006, 4442
0.006, 4441
0.006, 4440
0.006, 4439
0.006, 4438
0.006, 4437
0.006, 4436
0.006, 4435
0.006, 4434
0.006, 4433
0.006, 4432
0.006, 4431
0.006, 4430
0.006, 4429
0.006, 4428
0.006, 4427
0.006, 4426
0.006, 4425
0.006, 4424
0.006, 4423
0.006, 4422
0.006, 4421
0.006, 4420
0.006, 4419
0.006, 4418
0.006, 4417
0.006, 4416
0.006, 4415
0.006, 4414
0.006, 4413
0.006, 4412
0.006, 4411
0.006, 4410
0.006, 4409
0.006, 4408
0.006, 4407
0.006, 4406
0.006, 4405
0.006, 4404
0.006, 4403
0.006, 4402
0.006, 4401
0.006, 4400
0.006, 4399
0.006, 4398
0.006, 4397
0.006, 4396
0.006, 4395
0.006, 4394
0.006, 4393
0.006, 4392
0.006, 4391
0.006, 4390
0.006, 4389
0.006, 4388
0.006, 4387
0.006, 4386
0.006, 4385
0.006, 4384
0.006, 4383
0.006, 4382
0.006, 4381
0.006, 4380
0.006, 4379
0.006, 4378
0.006, 4377
0.006, 4376
0.006, 4375
0.006, 4374
0.006, 4373
0.006, 4372
0.006, 4371
0.006, 4370
0.006, 4369
0.006, 4368
0.006, 4367
0.006, 4366
0.006, 4365
0.006, 4364
0.006, 4363
0.006, 4362
0.006, 4361
0.006, 4360
0.006, 4359
0.006, 4358
0.006, 4357
0.006, 4356
0.006, 4355
0.006, 4354
0.006, 4353
0.007, 4352
0.007, 4351
0.007, 4350
0.007, 4349
0.007, 4348
0.007, 4347
0.007, 4346
0.007, 4345
0.007, 4344
0.007, 4343
0.007, 4342
0.007, 4341
0.007, 4340
0.007, 4339
0.007, 4338
0.007, 4337
0.007, 4336
0.007, 4335
0.007, 4334
0.007, 4333
0.007, 4332
0.007, 4331
0.007, 4330
0.007, 4329
0.007, 4328
0.007, 4327
0.007, 4326
0.007, 4325
0.007, 4324
0.007, 4323
0.007, 4322
0.007, 4321
0.007, 4320
0.007, 4319
0.007, 4318
0.007, 4317
0.007, 4316
0.007, 4315
0.007, 4314
0.007, 4313
0.007, 4312
0.007, 4311
0.007, 4310
0.007, 4309
0.007, 4308
0.007, 4307
0.007, 4306
0.007, 4305
0.007, 4304
0.007, 4303
0.007, 4302
0.007, 4301
0.007, 4300
0.007, 4299
0.007, 4298
0.007, 4297
0.007, 4296
0.007, 4295
0.007, 4294
0.007, 4293
0.007, 4292
0.007, 4291
0.007, 4290
0.007, 4289
0.007, 4288
0.007, 4287
0.007, 4286
0.007, 4285
0.007, 4284
0.007, 4283
0.007, 4282
0.007, 4281
0.007, 4280
0.007, 4279
0.007, 4278
0.007, 4277
0.007, 4276
0.007, 4275
0.007, 4274
0.007, 4273
0.007, 4272
0.007, 4271
0.007, 4270
0.007, 4269
0.007, 4268
0.007, 4267
0.007, 4266
0.007, 4265
0.007, 4264
0.007, 4263
0.007, 4262
0.007, 4261
0.007, 4260
0.007, 4259
0.007, 4258
0.007, 4257
0.007, 4256
0.007, 4255
0.007, 4254
0.007, 4253
0.007, 4252
0.007, 4251
0.007, 4250
0.007, 4249
0.008, 4248
0.008, 4247
0.008, 4246
0.008, 4245
0.008, 4244
0.008, 4243
0.008, 4242
0.008, 4241
0.008, 4240
0.008, 4239
0.008, 4238
0.008, 4237
0.008, 4236
0.008, 4235
0.008, 4234
0.008, 4233
0.008, 4232
0.008, 4231
0.008, 4230
0.008, 4229
0.008, 4228
0.008, 4227
0.008, 4226
0.008, 4225
0.008, 4224
0.008, 4223
0.008, 4222
0.008, 4221
0.008, 4220
0.008, 4219
0.008, 4218
0.008, 4217
0.008, 4216
0.008, 4215
0.008, 4214
0.008, 4213
0.008, 4212
0.008, 4211
0.008, 4210
0.008, 4209
0.008, 4208
0.008, 4207
0.008, 4206
0.008, 4205
0.008, 4204
0.008, 4203
0.008, 4202
0.008, 4201
0.008, 4200
0.008, 4199
0.008, 4198
0.008, 4197
0.008, 4196
0.008, 4195
0.008, 4194
0.008, 4193
0.008, 4192
0.008, 4191
0.008, 4190
0.008, 4189
0.008, 4188
0.008, 4187
0.008, 4186
0.008, 4185
0.008, 4184
0.008, 4183
0.008, 4182
0.008, 4181
0.008, 4180
0.008, 4179
0.008, 4178
0.008, 4177
0.008, 4176
0.008, 4175
0.008, 4174
0.008, 4173
0.008, 4172
0.008, 4171
0.008, 4170
0.008, 4169
0.008, 4168
0.008, 4167
0.008, 4166
0.008, 4165
0.008, 4164
0.008, 4163
0.008, 4162
0.008, 4161
0.008, 4160
0.008, 4159
0.008, 4158
0.008, 4157
0.008, 4156
0.008, 4155
0.008, 4154
0.008, 4153
0.008, 4152
0.008, 4151
0.008, 4150
0.008, 4149
0.008, 4148
0.008, 4147
0.008, 4146
0.008, 4145
0.008, 4144
0.008, 4143
0.008, 4142
0.008, 4141
0.008, 4140
0.008, 4139
0.008, 4138
0.009, 4137
0.009, 4136
0.009, 4135
0.009, 4134
0.009, 4133
0.009, 4132
0.009, 4131
0.009, 4130
0.009, 4129
0.009, 4128
0.009, 4127
0.009, 4126
0.009, 4125
0.009, 4124
0.009, 4123
0.009, 4122
0.009, 4121
0.009, 4120
0.009, 4119
0.009, 4118
0.009, 4117
0.009, 4116
0.009, 4115
0.009, 4114
0.009, 4113
0.009, 4112
0.009, 4111
0.009, 4110
0.009, 4109
0.009, 4108
0.009, 4107
0.009, 4106
0.009, 4105
0.009, 4104
0.009, 4103
0.009, 4102
0.009, 4101
0.009, 4100
0.009, 4099
0.009, 4098
0.009, 4097
0.009, 4096
0.009, 4095
0.009, 4094
0.009, 4093
0.009, 4092
0.009, 4091
0.009, 4090
0.009, 4089
0.009, 4088
0.009, 4087
0.009, 4086
0.009, 4085
0.009, 4084
0.009, 4083
0.009, 4082
0.009, 4081
0.009, 4080
0.009, 4079
0.009, 4078
0.009, 4077
0.009, 4076
0.009, 4075
0.009, 4074
0.009, 4073
0.009, 4072
0.009, 4071
0.009, 4070
0.009, 4069
0.009, 4068
0.009, 4067
0.009, 4066
0.009, 4065
0.009, 4064
0.009, 4063
0.009, 4062
0.009, 4061
0.009, 4060
0.009, 4059
0.009, 4058
0.009, 4057
0.009, 4056
0.009, 4055
0.009, 4054
0.009, 4053
0.009, 4052
0.009, 4051
0.009, 4050
0.009, 4049
0.009, 4048
0.009, 4047
0.009, 4046
0.009, 4045
0.009, 4044
0.009, 4043
0.009, 4042
0.009, 4041
0.009, 4040
0.009, 4039
0.009, 4038
0.009, 4037
0.009, 4036
0.009, 4035
0.009, 4034
0.009, 4033
0.009, 4032
0.009, 4031
0.010, 4030
0.010, 4029
0.010, 4028
0.010, 4027
0.010, 4026
0.010, 4025
0.010, 4024
0.010, 4023
0.010, 4022
0.010, 4021
0.010, 4020
0.010, 4019
0.010, 4018
0.010, 4017
0.010, 4016
0.010, 4015
0.010, 4014
0.010, 4013
0.010, 4012
0.010, 4011
0.010, 4010
0.010, 4009
0.010, 4008
0.010, 4007
0.010, 4006
0.010, 4005
0.010, 4004
0.010, 4003
0.010, 4002
0.010, 4001
0.010, 4000
0.010, 3999
0.010, 3998
0.010, 3997
0.010, 3996
0.010, 3995
0.010, 3994
0.010, 3993
0.010, 3992
0.010, 3991
0.010, 3990
0.010, 3989
0.010, 3988
0.010, 3987
0.010, 3986
0.010, 3985
0.010, 3984
0.010, 3983
0.010, 3982
0.010, 3981
0.010, 3980
0.010, 3979
0.010, 3978
0.010, 3977
0.010, 3976
0.010, 3975
0.010, 3974
0.010, 3973
0.010, 3972
0.010, 3971
0.010, 3970
0.010, 3969
0.010, 3968
0.010, 3967
0.010, 3966
0.010, 3965
0.010, 3964
0.010, 3963
0.010, 3962
0.010, 3961
0.010, 3960
0.010, 3959
0.010, 3958
0.010, 3957
0.010, 3956
0.010, 3955
0.010, 3954
0.010, 3953
0.010, 3952
0.010, 3951
0.010, 3950
0.010, 3949
0.010, 3948
0.010, 3947
0.010, 3946
0.010, 3945
0.010, 3944
0.010, 3943
0.010, 3942
0.010, 3941
0.010, 3940
0.010, 3939
0.010, 3938
0.010, 3937
0.010, 3936
0.010, 3935
0.010, 3934
0.010, 3933
0.010, 3932
0.010, 3931
0.010, 3930
0.010, 3929
0.010, 3928
0.010, 3927
0.010, 3926
0.010, 3925
0.010, 3924
0.010, 3923
0.010, 3922
0.010, 3921
0.010, 3920
0.010, 3919
0.010, 3918
0.010, 3917
0.010, 3916
0.010, 3915
0.010, 3914
0.010, 3913
0.010, 3912
0.010, 3911
0.010, 3910
0.010, 3909
0.010, 3908
0.010, 3907
0.010, 3906
0.010, 3905
0.010, 3904
0.010, 3903
0.010, 3902
0.010, 3901
0.010, 3900
0.010, 3899
0.010, 3898
0.010, 3897
0.010, 3896
0.010, 3895
0.010, 3894
0.010, 3893
0.010, 3892
0.011, 3891
0.011, 3890
0.011, 3889
0.011, 3888
0.011, 3887
0.011, 3886
0.011, 3885
0.011, 3884
0.011, 3883
0.011, 3882
0.011, 3881
0.011, 3880
0.011, 3879
0.011, 3878
0.011, 3877
0.011, 3876
0.011, 3875
0.011, 3874
0.011, 3873
0.011, 3872
0.011, 3871
0.011, 3870
0.011, 3869
0.011, 3868
0.011, 3867
0.011, 3866
0.011, 3865
0.011, 3864
0.011, 3863
0.011, 3862
0.011, 3861
0.011, 3860
0.011, 3859
0.011, 3858
0.011, 3857
0.011, 3856
0.011, 3855
0.011, 3854
0.011, 3853
0.011, 3852
0.011, 3851
0.011, 3850
0.011, 3849
0.011, 3848
0.011, 3847
0.011, 3846
0.011, 3845
0.011, 3844
0.011, 3843
0.011, 3842
0.011, 3841
0.011, 3840
0.011, 3839
0.011, 3838
0.011, 3837
0.011, 3836
0.011, 3835
0.011, 3834
0.011, 3833
0.011, 3832
0.011, 3831
0.011, 3830
0.011, 3829
0.011, 3828
0.011, 3827
0.011, 3826
0.011, 3825
0.011, 3824
0.011, 3823
0.011, 3822
0.011, 3821
0.011, 3820
0.011, 3819
0.011, 3818
0.011, 3817
0.011, 3816
0.011, 3815
0.011, 3814
0.011, 3813
0.011, 3812
0.011, 3811
0.011, 3810
0.011, 3809
0.011, 3808
0.011, 3807
0.011, 3806
0.011, 3805
0.011, 3804
0.011, 3803
0.011, 3802
0.011, 3801
0.011, 3800
0.011, 3799
0.011, 3798
0.011, 3797
0.011, 3796
0.011, 3795
0.011, 3794
0.011, 3793
0.011, 3792
0.011, 3791
0.011, 3790
0.011, 3789
0.011, 3788
0.011, 3787
0.011, 3786
0.011, 3785
0.011, 3784
0.011, 3783
0.011, 3782
0.011, 3781
0.011, 3780
0.011, 3779
0.011, 3778
0.011, 3777
0.011, 3776
0.011, 3775
0.011, 3774
0.011, 3773
0.011, 3772
0.011, 3771
0.011, 3770
0.011, 3769
0.011, 3768
0.011, 3767
0.011, 3766
0.011, 3765
0.011, 3764
0.011, 3763
0.011, 3762
0.011, 3761
0.011, 3760
0.011, 3759
0.011, 3758
0.011, 3757
0.011, 3756
0.011, 3755
0.011, 3754
0.011, 3753
0.011, 3752
0.011, 3751
0.011, 3750
0.011, 3749
0.011, 3748
0.011, 3747
0.011, 3746
0.011, 3745
0.011, 3744
0.011, 3743
0.011, 3742
0.011, 3741
0.011, 3740
0.011, 3739
0.011, 3738
0.011, 3737
0.011, 3736
0.011, 3735
0.011, 3734
0.011, 3733
0.011, 3732
0.011, 3731
0.011, 3730
0.011, 3729
0.011, 3728
0.011, 3727
0.011, 3726
0.011, 3725
0.011, 3724
0.011, 3723
0.011, 3722
0.011, 3721
0.011, 3720
0.011, 3719
0.011, 3718
0.011, 3717
0.011, 3716
0.011, 3715
0.011, 3714
0.011, 3713
0.011, 3712
0.011, 3711
0.011, 3710
0.011, 3709
0.011, 3708
0.011, 3707
0.011, 3706
0.011, 3705
0.011, 3704
0.011, 3703
0.011, 3702
0.011, 3701
0.011, 3700
0.011, 3699
0.011, 3698
0.011, 3697
0.011, 3696
0.011, 3695
0.011, 3694
0.011, 3693
0.011, 3692
0.011, 3691
0.011, 3690
0.012, 3689
0.012, 3688
0.012, 3687
0.012, 3686
0.012, 3685
0.012, 3684
0.012, 3683
0.012, 3682
0.012, 3681
0.012, 3680
0.012, 3679
0.012, 3678
0.012, 3677
0.012, 3676
0.012, 3675
0.012, 3674
0.012, 3673
0.012, 3672
0.012, 3671
0.012, 3670
0.012, 3669
0.012, 3668
0.012, 3667
0.012, 3666
0.012, 3665
0.012, 3664
0.012, 3663
0.012, 3662
0.012, 3661
0.012, 3660
0.012, 3659
0.012, 3658
0.012, 3657
0.012, 3656
0.012, 3655
0.012, 3654
0.012, 3653
0.012, 3652
0.012, 3651
0.012, 3650
0.012, 3649
0.012, 3648
0.012, 3647
0.012, 3646
0.012, 3645
0.012, 3644
0.012, 3643
0.012, 3642
0.012, 3641
0.012, 3640
0.012, 3639
0.012, 3638
0.012, 3637
0.012, 3636
0.012, 3635
0.012, 3634
0.012, 3633
0.012, 3632
0.012, 3631
0.012, 3630
0.012, 3629
0.012, 3628
0.012, 3627
0.012, 3626
0.012, 3625
0.012, 3624
0.012, 3623
0.012, 3622
0.012, 3621
0.012, 3620
0.012, 3619
0.012, 3618
0.012, 3617
0.012, 3616
0.012, 3615
0.012, 3614
0.012, 3613
0.012, 3612
0.012, 3611
0.012, 3610
0.012, 3609
0.012, 3608
0.012, 3607
0.012, 3606
0.012, 3605
0.012, 3604
0.012, 3603
0.012, 3602
0.012, 3601
0.012, 3600
0.012, 3599
0.012, 3598
0.012, 3597
0.012, 3596
0.012, 3595
0.012, 3594
0.012, 3593
0.012, 3592
0.012, 3591
0.012, 3590
0.012, 3589
0.012, 3588
0.012, 3587
0.012, 3586
0.012, 3585
0.012, 3584
0.012, 3583
0.012, 3582
0.012, 3581
0.012, 3580
0.012, 3579
0.012, 3578
0.012, 3577
0.012, 3576
0.012, 3575
0.012, 3574
0.012, 3573
0.012, 3572
0.012, 3571
0.012, 3570
0.012, 3569
0.012, 3568
0.012, 3567
0.012, 3566
0.012, 3565
0.012, 3564
0.012, 3563
0.012, 3562
0.012, 3561
0.012, 3560
0.012, 3559
0.012, 3558
0.012, 3557
0.012, 3556
0.012, 3555
0.012, 3554
0.012, 3553
0.012, 3552
0.012, 3551
0.012, 3550
0.012, 3549
0.012, 3548
0.012, 3547
0.012, 3546
0.012, 3545
0.012, 3544
0.012, 3543
0.012, 3542
0.012, 3541
0.012, 3540
0.012, 3539
0.012, 3538
0.012, 3537
0.012, 3536
0.012, 3535
0.012, 3534
0.012, 3533
0.012, 3532
0.012, 3531
0.012, 3530
0.012, 3529
0.012, 3528
0.012, 3527
0.012, 3526
0.012, 3525
0.012, 3524
0.012, 3523
0.012, 3522
0.012, 3521
0.012, 3520
0.012, 3519
0.012, 3518
0.012, 3517
0.012, 3516
0.012, 3515
0.012, 3514
0.012, 3513
0.012, 3512
0.012, 3511
0.012, 3510
0.012, 3509
0.012, 3508
0.012, 3507
0.012, 3506
0.013, 3505
0.013, 3504
0.013, 3503
0.013, 3502
0.013, 3501
0.013, 3500
0.013, 3499
0.013, 3498
0.013, 3497
0.013, 3496
0.013, 3495
0.013, 3494
0.013, 3493
0.013, 3492
0.013, 3491
0.013, 3490
0.013, 3489
0.013, 3488
0.013, 3487
0.013, 3486
0.013, 3485
0.013, 3484
0.013, 3483
0.013, 3482
0.013, 3481
0.013, 3480
0.013, 3479
0.013, 3478
0.013, 3477
0.013, 3476
0.013, 3475
0.013, 3474
0.013, 3473
0.013, 3472
0.013, 3471
0.013, 3470
0.013, 3469
0.013, 3468
0.013, 3467
0.013, 3466
0.013, 3465
0.013, 3464
0.013, 3463
0.013, 3462
0.013, 3461
0.013, 3460
0.013, 3459
0.013, 3458
0.013, 3457
0.013, 3456
0.013, 3455
0.013, 3454
0.013, 3453
0.013, 3452
0.013, 3451
0.013, 3450
0.013, 3449
0.013, 3448
0.013, 3447
0.013, 3446
0.013, 3445
0.013, 3444
0.013, 3443
0.013, 3442
0.013, 3441
0.013, 3440
0.013, 3439
0.013, 3438
0.013, 3437
0.013, 3436
0.013, 3435
0.013, 3434
0.013, 3433
0.013, 3432
0.013, 3431
0.013, 3430
0.013, 3429
0.013, 3428
0.013, 3427
0.013, 3426
0.013, 3425
0.013, 3424
0.013, 3423
0.013, 3422
0.013, 3421
0.013, 3420
0.013, 3419
0.013, 3418
0.013, 3417
0.013, 3416
0.013, 3415
0.013, 3414
0.013, 3413
0.013, 3412
0.013, 3411
0.013, 3410
0.013, 3409
0.013, 3408
0.013, 3407
0.013, 3406
0.013, 3405
0.013, 3404
0.013, 3403
0.013, 3402
0.013, 3401
0.013, 3400
0.013, 3399
0.013, 3398
0.013, 3397
0.013, 3396
0.013, 3395
0.013, 3394
0.013, 3393
0.013, 3392
0.013, 3391
0.013, 3390
0.013, 3389
0.013, 3388
0.013, 3387
0.013, 3386
0.013, 3385
0.013, 3384
0.013, 3383
0.013, 3382
0.013, 3381
0.013, 3380
0.013, 3379
0.013, 3378
0.013, 3377
0.013, 3376
0.013, 3375
0.013, 3374
0.013, 3373
0.013, 3372
0.013, 3371
0.013, 3370
0.013, 3369
0.013, 3368
0.013, 3367
0.013, 3366
0.013, 3365
0.013, 3364
0.013, 3363
0.013, 3362
0.013, 3361
0.013, 3360
0.013, 3359
0.013, 3358
0.013, 3357
0.013, 3356
0.013, 3355
0.013, 3354
0.013, 3353
0.013, 3352
0.013, 3351
0.013, 3350
0.013, 3349
0.013, 3348
0.014, 3347
0.014, 3346
0.014, 3345
0.014, 3344
0.014, 3343
0.014, 3342
0.014, 3341
0.014, 3340
0.014, 3339
0.014, 3338
0.014, 3337
0.014, 3336
0.014, 3335
0.014, 3334
0.014, 3333
0.014, 3332
0.014, 3331
0.014, 3330
0.014, 3329
0.014, 3328
0.014, 3327
0.014, 3326
0.014, 3325
0.014, 3324
0.014, 3323
0.014, 3322
0.014, 3321
0.014, 3320
0.014, 3319
0.014, 3318
0.014, 3317
0.014, 3316
0.014, 3315
0.014, 3314
0.014, 3313
0.014, 3312
0.014, 3311
0.014, 3310
0.014, 3309
0.014, 3308
0.014, 3307
0.014, 3306
0.014, 3305
0.014, 3304
0.014, 3303
0.014, 3302
0.014, 3301
0.014, 3300
0.014, 3299
0.014, 3298
0.014, 3297
0.014, 3296
0.014, 3295
0.014, 3294
0.014, 3293
0.014, 3292
0.014, 3291
0.014, 3290
0.014, 3289
0.014, 3288
0.014, 3287
0.014, 3286
0.014, 3285
0.014, 3284
0.014, 3283
0.014, 3282
0.014, 3281
0.014, 3280
0.014, 3279
0.014, 3278
0.014, 3277
0.014, 3276
0.014, 3275
0.014, 3274
0.014, 3273
0.014, 3272
0.014, 3271
0.014, 3270
0.014, 3269
0.014, 3268
0.014, 3267
0.014, 3266
0.014, 3265
0.014, 3264
0.014, 3263
0.014, 3262
0.014, 3261
0.014, 3260
0.014, 3259
0.014, 3258
0.014, 3257
0.014, 3256
0.014, 3255
0.014, 3254
0.014, 3253
0.014, 3252
0.014, 3251
0.014, 3250
0.014, 3249
0.014, 3248
0.014, 3247
0.014, 3246
0.014, 3245
0.014, 3244
0.014, 3243
0.014, 3242
0.014, 3241
0.014, 3240
0.014, 3239
0.014, 3238
0.014, 3237
0.014, 3236
0.014, 3235
0.014, 3234
0.014, 3233
0.014, 3232
0.014, 3231
0.014, 3230
0.014, 3229
0.014, 3228
0.014, 3227
0.014, 3226
0.014, 3225
0.014, 3224
0.014, 3223
0.014, 3222
0.014, 3221
0.014, 3220
0.014, 3219
0.014, 3218
0.014, 3217
0.014, 3216
0.014, 3215
0.014, 3214
0.014, 3213
0.014, 3212
0.014, 3211
0.014, 3210
0.014, 3209
0.014, 3208
0.014, 3207
0.014, 3206
0.014, 3205
0.014, 3204
0.014, 3203
0.014, 3202
0.014, 3201
0.014, 3200
0.014, 3199
0.014, 3198
0.014, 3197
0.014, 3196
0.014, 3195
0.014, 3194
0.014, 3193
0.014, 3192
0.014, 3191
0.015, 3190
0.015, 3189
0.015, 3188
0.015, 3187
0.015, 3186
0.015, 3185
0.015, 3184
0.015, 3183
0.015, 3182
0.015, 3181
0.015, 3180
0.015, 3179
0.015, 3178
0.015, 3177
0.015, 3176
0.015, 3175
0.015, 3174
0.015, 3173
0.015, 3172
0.015, 3171
0.015, 3170
0.015, 3169
0.015, 3168
0.015, 3167
0.015, 3166
0.015, 3165
0.015, 3164
0.015, 3163
0.015, 3162
0.015, 3161
0.015, 3160
0.015, 3159
0.015, 3158
0.015, 3157
0.015, 3156
0.015, 3155
0.015, 3154
0.015, 3153
0.015, 3152
0.015, 3151
0.015, 3150
0.015, 3149
0.015, 3148
0.015, 3147
0.015, 3146
0.015, 3145
0.015, 3144
0.015, 3143
0.015, 3142
0.015, 3141
0.015, 3140
0.015, 3139
0.015, 3138
0.015, 3137
0.015, 3136
0.015, 3135
0.015, 3134
0.015, 3133
0.015, 3132
0.015, 3131
0.015, 3130
0.015, 3129
0.015, 3128
0.015, 3127
0.015, 3126
0.015, 3125
0.015, 3124
0.015, 3123
0.015, 3122
0.015, 3121
0.015, 3120
0.015, 3119
0.015, 3118
0.015, 3117
0.015, 3116
0.015, 3115
0.015, 3114
0.015, 3113
0.015, 3112
0.015, 3111
0.015, 3110
0.015, 3109
0.015, 3108
0.015, 3107
0.015, 3106
0.015, 3105
0.015, 3104
0.015, 3103
0.015, 3102
0.015, 3101
0.015, 3100
0.015, 3099
0.015, 3098
0.015, 3097
0.015, 3096
0.015, 3095
0.015, 3094
0.015, 3093
0.015, 3092
0.015, 3091
0.015, 3090
0.015, 3089
0.015, 3088
0.015, 3087
0.015, 3086
0.015, 3085
0.015, 3084
0.015, 3083
0.015, 3082
0.015, 3081
0.015, 3080
0.015, 3079
0.015, 3078
0.015, 3077
0.015, 3076
0.015, 3075
0.015, 3074
0.015, 3073
0.015, 3072
0.015, 3071
0.015, 3070
0.015, 3069
0.015, 3068
0.015, 3067
0.015, 3066
0.015, 3065
0.015, 3064
0.015, 3063
0.015, 3062
0.015, 3061
0.015, 3060
0.015, 3059
0.015, 3058
0.015, 3057
0.015, 3056
0.015, 3055
0.015, 3054
0.015, 3053
0.015, 3052
0.015, 3051
0.015, 3050
0.015, 3049
0.015, 3048
0.015, 3047
0.015, 3046
0.015, 3045
0.015, 3044
0.015, 3043
0.015, 3042
0.015, 3041
0.015, 3040
0.015, 3039
0.015, 3038
0.015, 3037
0.015, 3036
0.015, 3035
0.015, 3034
0.015, 3033
0.015, 3032
0.015, 3031
0.015, 3030
0.015, 3029
0.015, 3028
0.015, 3027
0.015, 3026
0.015, 3025
0.015, 3024
0.015, 3023
0.015, 3022
0.015, 3021
0.015, 3020
0.015, 3019
0.015, 3018
0.015, 3017
0.015, 3016
0.015, 3015
0.015, 3014
0.015, 3013
0.015, 3012
0.015, 3011
0.015, 3010
0.015, 3009
0.015, 3008
0.015, 3007
0.015, 3006
0.015, 3005
0.016, 3004
0.016, 3003
0.016, 3002
0.016, 3001
0.016, 3000
0.016, 2999
0.016, 2998
0.016, 2997
0.016, 2996
0.016, 2995
0.016, 2994
0.016, 2993
0.016, 2992
0.016, 2991
0.016, 2990
0.016, 2989
0.016, 2988
0.016, 2987
0.016, 2986
0.016, 2985
0.016, 2984
0.016, 2983
0.016, 2982
0.016, 2981
0.016, 2980
0.016, 2979
0.016, 2978
0.016, 2977
0.016, 2976
0.016, 2975
0.016, 2974
0.016, 2973
0.016, 2972
0.016, 2971
0.016, 2970
0.016, 2969
0.016, 2968
0.016, 2967
0.016, 2966
0.016, 2965
0.016, 2964
0.016, 2963
0.016, 2962
0.016, 2961
0.016, 2960
0.016, 2959
0.016, 2958
0.016, 2957
0.016, 2956
0.016, 2955
0.016, 2954
0.016, 2953
0.016, 2952
0.016, 2951
0.016, 2950
0.016, 2949
0.016, 2948
0.016, 2947
0.016, 2946
0.016, 2945
0.016, 2944
0.016, 2943
0.016, 2942
0.016, 2941
0.016, 2940
0.016, 2939
0.016, 2938
0.016, 2937
0.016, 2936
0.016, 2935
0.016, 2934
0.016, 2933
0.016, 2932
0.016, 2931
0.016, 2930
0.016, 2929
0.016, 2928
0.016, 2927
0.016, 2926
0.016, 2925
0.016, 2924
0.016, 2923
0.016, 2922
0.016, 2921
0.016, 2920
0.016, 2919
0.016, 2918
0.016, 2917
0.016, 2916
0.016, 2915
0.016, 2914
0.016, 2913
0.016, 2912
0.016, 2911
0.016, 2910
0.016, 2909
0.016, 2908
0.016, 2907
0.016, 2906
0.016, 2905
0.016, 2904
0.016, 2903
0.016, 2902
0.016, 2901
0.016, 2900
0.016, 2899
0.016, 2898
0.016, 2897
0.016, 2896
0.016, 2895
0.016, 2894
0.016, 2893
0.016, 2892
0.016, 2891
0.016, 2890
0.016, 2889
0.016, 2888
0.016, 2887
0.016, 2886
0.016, 2885
0.016, 2884
0.016, 2883
0.016, 2882
0.016, 2881
0.016, 2880
0.016, 2879
0.016, 2878
0.016, 2877
0.016, 2876
0.016, 2875
0.016, 2874
0.016, 2873
0.016, 2872
0.016, 2871
0.016, 2870
0.016, 2869
0.016, 2868
0.016, 2867
0.016, 2866
0.016, 2865
0.016, 2864
0.016, 2863
0.016, 2862
0.016, 2861
0.016, 2860
0.016, 2859
0.016, 2858
0.016, 2857
0.016, 2856
0.016, 2855
0.016, 2854
0.016, 2853
0.016, 2852
0.016, 2851
0.016, 2850
0.016, 2849
0.016, 2848
0.016, 2847
0.016, 2846
0.016, 2845
0.016, 2844
0.016, 2843
0.016, 2842
0.016, 2841
0.016, 2840
0.016, 2839
0.016, 2838
0.016, 2837
0.016, 2836
0.016, 2835
0.017, 2834
0.017, 2833
0.017, 2832
0.017, 2831
0.017, 2830
0.017, 2829
0.017, 2828
0.017, 2827
0.017, 2826
0.017, 2825
0.017, 2824
0.017, 2823
0.017, 2822
0.017, 2821
0.017, 2820
0.017, 2819
0.017, 2818
0.017, 2817
0.017, 2816
0.017, 2815
0.017, 2814
0.017, 2813
0.017, 2812
0.017, 2811
0.017, 2810
0.017, 2809
0.017, 2808
0.017, 2807
0.017, 2806
0.017, 2805
0.017, 2804
0.017, 2803
0.017, 2802
0.017, 2801
0.017, 2800
0.017, 2799
0.017, 2798
0.017, 2797
0.017, 2796
0.017, 2795
0.017, 2794
0.017, 2793
0.017, 2792
0.017, 2791
0.017, 2790
0.017, 2789
0.017, 2788
0.017, 2787
0.017, 2786
0.017, 2785
0.017, 2784
0.017, 2783
0.017, 2782
0.017, 2781
0.017, 2780
0.017, 2779
0.017, 2778
0.017, 2777
0.017, 2776
0.017, 2775
0.017, 2774
0.017, 2773
0.017, 2772
0.017, 2771
0.017, 2770
0.017, 2769
0.017, 2768
0.017, 2767
0.017, 2766
0.017, 2765
0.017, 2764
0.017, 2763
0.017, 2762
0.017, 2761
0.017, 2760
0.017, 2759
0.017, 2758
0.017, 2757
0.017, 2756
0.017, 2755
0.017, 2754
0.017, 2753
0.017, 2752
0.017, 2751
0.017, 2750
0.017, 2749
0.017, 2748
0.017, 2747
0.017, 2746
0.017, 2745
0.017, 2744
0.017, 2743
0.017, 2742
0.017, 2741
0.017, 2740
0.017, 2739
0.017, 2738
0.017, 2737
0.017, 2736
0.017, 2735
0.017, 2734
0.017, 2733
0.017, 2732
0.017, 2731
0.017, 2730
0.017, 2729
0.017, 2728
0.017, 2727
0.017, 2726
0.017, 2725
0.017, 2724
0.017, 2723
0.017, 2722
0.017, 2721
0.017, 2720
0.017, 2719
0.017, 2718
0.017, 2717
0.017, 2716
0.017, 2715
0.017, 2714
0.017, 2713
0.017, 2712
0.017, 2711
0.017, 2710
0.017, 2709
0.017, 2708
0.017, 2707
0.017, 2706
0.017, 2705
0.017, 2704
0.017, 2703
0.017, 2702
0.017, 2701
0.017, 2700
0.017, 2699
0.017, 2698
0.017, 2697
0.017, 2696
0.017, 2695
0.017, 2694
0.017, 2693
0.017, 2692
0.017, 2691
0.017, 2690
0.017, 2689
0.017, 2688
0.017, 2687
0.017, 2686
0.017, 2685
0.017, 2684
0.017, 2683
0.017, 2682
0.017, 2681
0.017, 2680
0.017, 2679
0.017, 2678
0.017, 2677
0.017, 2676
0.017, 2675
0.017, 2674
0.017, 2673
0.017, 2672
0.017, 2671
0.017, 2670
0.017, 2669
0.017, 2668
0.017, 2667
0.017, 2666
0.017, 2665
0.018, 2664
0.018, 2663
0.018, 2662
0.018, 2661
0.018, 2660
0.018, 2659
0.018, 2658
0.018, 2657
0.018, 2656
0.018, 2655
0.018, 2654
0.018, 2653
0.018, 2652
0.018, 2651
0.018, 2650
0.018, 2649
0.018, 2648
0.018, 2647
0.018, 2646
0.018, 2645
0.018, 2644
0.018, 2643
0.018, 2642
0.018, 2641
0.018, 2640
0.018, 2639
0.018, 2638
0.018, 2637
0.018, 2636
0.018, 2635
0.018, 2634
0.018, 2633
0.018, 2632
0.018, 2631
0.018, 2630
0.018, 2629
0.018, 2628
0.018, 2627
0.018, 2626
0.018, 2625
0.018, 2624
0.018, 2623
0.018, 2622
0.018, 2621
0.018, 2620
0.018, 2619
0.018, 2618
0.018, 2617
0.018, 2616
0.018, 2615
0.018, 2614
0.018, 2613
0.018, 2612
0.018, 2611
0.018, 2610
0.018, 2609
0.018, 2608
0.018, 2607
0.018, 2606
0.018, 2605
0.018, 2604
0.018, 2603
0.018, 2602
0.018, 2601
0.018, 2600
0.018, 2599
0.018, 2598
0.018, 2597
0.018, 2596
0.018, 2595
0.018, 2594
0.018, 2593
0.018, 2592
0.018, 2591
0.018, 2590
0.018, 2589
0.018, 2588
0.018, 2587
0.018, 2586
0.018, 2585
0.018, 2584
0.018, 2583
0.018, 2582
0.018, 2581
0.018, 2580
0.018, 2579
0.018, 2578
0.018, 2577
0.018, 2576
0.018, 2575
0.018, 2574
0.018, 2573
0.018, 2572
0.018, 2571
0.018, 2570
0.018, 2569
0.018, 2568
0.018, 2567
0.018, 2566
0.018, 2565
0.018, 2564
0.018, 2563
0.018, 2562
0.018, 2561
0.018, 2560
0.018, 2559
0.018, 2558
0.018, 2557
0.018, 2556
0.018, 2555
0.018, 2554
0.018, 2553
0.018, 2552
0.018, 2551
0.018, 2550
0.018, 2549
0.018, 2548
0.018, 2547
0.018, 2546
0.018, 2545
0.018, 2544
0.018, 2543
0.018, 2542
0.018, 2541
0.018, 2540
0.018, 2539
0.018, 2538
0.018, 2537
0.018, 2536
0.018, 2535
0.018, 2534
0.018, 2533
0.018, 2532
0.018, 2531
0.018, 2530
0.018, 2529
0.018, 2528
0.018, 2527
0.018, 2526
0.018, 2525
0.018, 2524
0.018, 2523
0.018, 2522
0.018, 2521
0.018, 2520
0.018, 2519
0.018, 2518
0.018, 2517
0.018, 2516
0.018, 2515
0.018, 2514
0.018, 2513
0.018, 2512
0.018, 2511
0.018, 2510
0.018, 2509
0.018, 2508
0.018, 2507
0.018, 2506
0.018, 2505
0.018, 2504
0.018, 2503
0.018, 2502
0.019, 2501
0.019, 2500
0.019, 2499
0.019, 2498
0.019, 2497
0.019, 2496
0.019, 2495
0.019, 2494
0.019, 2493
0.019, 2492
0.019, 2491
0.019, 2490
0.019, 2489
0.019, 2488
0.019, 2487
0.019, 2486
0.019, 2485
0.019, 2484
0.019, 2483
0.019, 2482
0.019, 2481
0.019, 2480
0.019, 2479
0.019, 2478
0.019, 2477
0.019, 2476
0.019, 2475
0.019, 2474
0.019, 2473
0.019, 2472
0.019, 2471
0.019, 2470
0.019, 2469
0.019, 2468
0.019, 2467
0.019, 2466
0.019, 2465
0.019, 2464
0.019, 2463
0.019, 2462
0.019, 2461
0.019, 2460
0.019, 2459
0.019, 2458
0.019, 2457
0.019, 2456
0.019, 2455
0.019, 2454
0.019, 2453
0.019, 2452
0.019, 2451
0.019, 2450
0.019, 2449
0.019, 2448
0.019, 2447
0.019, 2446
0.019, 2445
0.019, 2444
0.019, 2443
0.019, 2442
0.019, 2441
0.019, 2440
0.019, 2439
0.019, 2438
0.019, 2437
0.019, 2436
0.019, 2435
0.019, 2434
0.019, 2433
0.019, 2432
0.019, 2431
0.019, 2430
0.019, 2429
0.019, 2428
0.019, 2427
0.019, 2426
0.019, 2425
0.019, 2424
0.019, 2423
0.019, 2422
0.019, 2421
0.019, 2420
0.019, 2419
0.019, 2418
0.019, 2417
0.019, 2416
0.019, 2415
0.019, 2414
0.019, 2413
0.019, 2412
0.019, 2411
0.019, 2410
0.019, 2409
0.019, 2408
0.019, 2407
0.019, 2406
0.019, 2405
0.019, 2404
0.019, 2403
0.019, 2402
0.019, 2401
0.019, 2400
0.019, 2399
0.019, 2398
0.019, 2397
0.019, 2396
0.019, 2395
0.019, 2394
0.019, 2393
0.019, 2392
0.019, 2391
0.019, 2390
0.019, 2389
0.019, 2388
0.019, 2387
0.019, 2386
0.019, 2385
0.019, 2384
0.019, 2383
0.019, 2382
0.019, 2381
0.019, 2380
0.019, 2379
0.019, 2378
0.019, 2377
0.019, 2376
0.019, 2375
0.019, 2374
0.019, 2373
0.019, 2372
0.019, 2371
0.019, 2370
0.019, 2369
0.019, 2368
0.019, 2367
0.019, 2366
0.020, 2365
0.020, 2364
0.020, 2363
0.020, 2362
0.020, 2361
0.020, 2360
0.020, 2359
0.020, 2358
0.020, 2357
0.020, 2356
0.020, 2355
0.020, 2354
0.020, 2353
0.020, 2352
0.020, 2351
0.020, 2350
0.020, 2349
0.020, 2348
0.020, 2347
0.020, 2346
0.020, 2345
0.020, 2344
0.020, 2343
0.020, 2342
0.020, 2341
0.020, 2340
0.020, 2339
0.020, 2338
0.020, 2337
0.020, 2336
0.020, 2335
0.020, 2334
0.020, 2333
0.020, 2332
0.020, 2331
0.020, 2330
0.020, 2329
0.020, 2328
0.020, 2327
0.020, 2326
0.020, 2325
0.020, 2324
0.020, 2323
0.020, 2322
0.020, 2321
0.020, 2320
0.020, 2319
0.020, 2318
0.020, 2317
0.020, 2316
0.020, 2315
0.020, 2314
0.020, 2313
0.020, 2312
0.020, 2311
0.020, 2310
0.020, 2309
0.020, 2308
0.020, 2307
0.020, 2306
0.020, 2305
0.020, 2304
0.020, 2303
0.020, 2302
0.020, 2301
0.020, 2300
0.020, 2299
0.020, 2298
0.020, 2297
0.020, 2296
0.020, 2295
0.020, 2294
0.020, 2293
0.020, 2292
0.020, 2291
0.020, 2290
0.020, 2289
0.020, 2288
0.020, 2287
0.020, 2286
0.020, 2285
0.020, 2284
0.020, 2283
0.020, 2282
0.020, 2281
0.020, 2280
0.020, 2279
0.020, 2278
0.020, 2277
0.020, 2276
0.020, 2275
0.020, 2274
0.020, 2273
0.021, 2272
0.021, 2271
0.021, 2270
0.021, 2269
