0.000, 3254
0.005, 3253
0.013, 3252
0.018, 3251
0.069, 3250
0.069, 3249
0.070, 3248
0.072, 3247
0.073, 3246
0.074, 3245
0.075, 3244
0.076, 3243
0.076, 3242
0.077, 3241
0.078, 3240
0.079, 3239
0.079, 3238
0.080, 3237
0.080, 3236
0.080, 3235
0.081, 3234
0.083, 3233
0.084, 3232
0.084, 3231
0.084, 3230
0.085, 3229
0.086, 3228
0.086, 3227
0.087, 3226
0.088, 3225
0.088, 3224
0.089, 3223
0.089, 3222
0.089, 3221
0.090, 3220
0.090, 3219
0.091, 3218
0.093, 3217
0.093, 3216
0.094, 3215
0.094, 3214
0.096, 3213
0.097, 3212
0.098, 3211
0.098, 3210
0.099, 3209
0.099, 3208
0.100, 3207
0.100, 3206
0.101, 3205
0.103, 3204
0.103, 3203
0.104, 3202
0.105, 3201
0.106, 3200
0.106, 3199
0.107, 3198
0.107, 3197
0.108, 3196
0.110, 3195
0.110, 3194
0.110, 3193
0.113, 3192
0.114, 3191
0.115, 3190
0.116, 3189
0.119, 3188
0.119, 3187
0.120, 3186
0.120, 3185
0.121, 3184
0.122, 3183
0.122, 3182
0.123, 3181
0.123, 3180
0.124, 3179
0.127, 3178
0.128, 3177
0.131, 3176
0.132, 3175
0.133, 3174
0.133, 3173
0.134, 3172
0.134, 3171
0.135, 3170
0.136, 3169
0.136, 3168
0.137, 3167
0.138, 3166
0.139, 3165
0.139, 3164
0.140, 3163
0.141, 3162
0.143, 3161
0.143, 3160
0.144, 3159
0.144, 3158
0.145, 3157
0.145, 3156
0.147, 3155
0.147, 3154
0.148, 3153
0.149, 3152
0.150, 3151
0.151, 3150
0.152, 3149
0.152, 3148
0.153, 3147
0.153, 3146
0.154, 3145
0.155, 3144
0.155, 3143
0.157, 3142
0.158, 3141
0.158, 3140
0.159, 3139
0.160, 3138
0.160, 3137
0.161, 3136
0.163, 3135
0.164, 3134
0.164, 3133
0.166, 3132
0.166, 3131
0.166, 3130
0.167, 3129
0.168, 3128
0.169, 3127
0.169, 3126
0.169, 3125
0.170, 3124
0.170, 3123
0.172, 3122
0.173, 3121
0.174, 3120
0.174, 3119
0.175, 3118
0.175, 3117
0.176, 3116
0.176, 3115
0.177, 3114
0.178, 3113
0.178, 3112
0.179, 3111
0.180, 3110
0.180, 3109
0.181, 3108
0.182, 3107
0.182, 3106
0.182, 3105
0.183, 3104
0.184, 3103
0.186, 3102
0.186, 3101
0.186, 3100
0.189, 3099
0.192, 3098
0.193, 3097
0.196, 3096
0.199, 3095
0.199, 3094
0.200, 3093
0.201, 3092
0.202, 3091
0.202, 3090
0.203, 3089
0.204, 3088
0.205, 3087
0.205, 3086
0.206, 3085
0.206, 3084
0.208, 3083
0.209, 3082
0.210, 3081
0.210, 3080
0.211, 3079
0.211, 3078
0.212, 3077
0.212, 3076
0.212, 3075
0.213, 3074
0.214, 3073
0.216, 3072
0.217, 3071
0.218, 3070
0.218, 3069
0.219, 3068
0.219, 3067
0.220, 3066
0.221, 3065
0.222, 3064
0.222, 3063
0.222, 3062
0.223, 3061
0.223, 3060
0.224, 3059
0.226, 3058
0.229, 3057
0.230, 3056
0.232, 3055
0.233, 3054
0.234, 3053
0.235, 3052
0.236, 3051
0.237, 3050
0.237, 3049
0.238, 3048
0.239, 3047
0.240, 3046
0.241, 3045
0.243, 3044
0.243, 3043
0.243, 3042
0.244, 3041
0.244, 3040
0.244, 3039
0.245, 3038
0.245, 3037
0.246, 3036
0.247, 3035
0.247, 3034
0.250, 3033
0.251, 3032
0.253, 3031
0.254, 3030
0.256, 3029
0.256, 3028
0.257, 3027
0.259, 3026
0.259, 3025
0.259, 3024
0.261, 3023
0.262, 3022
0.263, 3021
0.263, 3020
0.264, 3019
0.265, 3018
0.265, 3017
0.266, 3016
0.266, 3015
0.267, 3014
0.267, 3013
0.268, 3012
0.270, 3011
0.271, 3010
0.272, 3009
0.276, 3008
0.276, 3007
0.278, 3006
0.279, 3005
0.281, 3004
0.281, 3003
0.282, 3002
0.282, 3001
0.284, 3000
0.284, 2999
0.288, 2998
0.288, 2997
0.290, 2996
0.291, 2995
0.293, 2994
0.293, 2993
0.294, 2992
0.297, 2991
0.298, 2990
0.300, 2989
0.301, 2988
0.301, 2987
0.302, 2986
0.303, 2985
0.303, 2984
0.304, 2983
0.305, 2982
0.307, 2981
0.309, 2980
0.312, 2979
0.312, 2978
0.313, 2977
0.313, 2976
0.314, 2975
0.314, 2974
0.316, 2973
0.317, 2972
0.318, 2971
0.318, 2970
0.318, 2969
0.320, 2968
0.321, 2967
0.321, 2966
0.323, 2965
0.324, 2964
0.324, 2963
0.326, 2962
0.327, 2961
0.327, 2960
0.333, 2959
0.334, 2958
0.334, 2957
0.337, 2956
0.338, 2955
0.339, 2954
0.342, 2953
0.343, 2952
0.344, 2951
0.344, 2950
0.345, 2949
0.346, 2948
0.347, 2947
0.348, 2946
0.349, 2945
0.349, 2944
0.350, 2943
0.352, 2942
0.352, 2941
0.353, 2940
0.354, 2939
0.356, 2938
0.356, 2937
0.357, 2936
0.357, 2935
0.358, 2934
0.358, 2933
0.359, 2932
0.360, 2931
0.361, 2930
0.361, 2929
0.364, 2928
0.364, 2927
0.365, 2926
0.366, 2925
0.366, 2924
0.367, 2923
0.368, 2922
0.368, 2921
0.368, 2920
0.369, 2919
0.370, 2918
0.370, 2917
0.372, 2916
0.372, 2915
0.373, 2914
0.374, 2913
0.375, 2912
0.376, 2911
0.377, 2910
0.377, 2909
0.380, 2908
0.380, 2907
0.381, 2906
0.382, 2905
0.383, 2904
0.384, 2903
0.387, 2902
0.388, 2901
0.390, 2900
0.390, 2899
0.392, 2898
0.395, 2897
0.395, 2896
0.400, 2895
0.403, 2894
0.404, 2893
0.404, 2892
0.405, 2891
0.406, 2890
0.407, 2889
0.408, 2888
0.408, 2887
0.410, 2886
0.411, 2885
0.411, 2884
0.412, 2883
0.413, 2882
0.415, 2881
0.416, 2880
0.416, 2879
0.416, 2878
0.418, 2877
0.421, 2876
0.422, 2875
0.423, 2874
0.424, 2873
0.427, 2872
0.428, 2871
0.430, 2870
0.434, 2869
0.435, 2868
0.436, 2867
0.438, 2866
0.439, 2865
0.441, 2864
0.444, 2863
0.444, 2862
0.448, 2861
0.449, 2860
0.449, 2859
0.449, 2858
0.452, 2857
0.454, 2856
0.455, 2855
0.456, 2854
0.456, 2853
0.456, 2852
0.457, 2851
0.459, 2850
0.459, 2849
0.460, 2848
0.463, 2847
0.466, 2846
0.469, 2845
0.470, 2844
0.471, 2843
0.473, 2842
0.474, 2841
0.475, 2840
0.480, 2839
0.482, 2838
0.484, 2837
0.485, 2836
0.486, 2835
0.487, 2834
0.490, 2833
0.490, 2832
0.491, 2831
0.492, 2830
0.492, 2829
0.493, 2828
0.494, 2827
0.494, 2826
0.495, 2825
0.496, 2824
0.497, 2823
0.499, 2822
0.502, 2821
0.502, 2820
0.502, 2819
0.503, 2818
0.505, 2817
0.506, 2816
0.509, 2815
0.509, 2814
0.513, 2813
0.515, 2812
0.519, 2811
0.521, 2810
0.522, 2809
0.525, 2808
0.527, 2807
0.527, 2806
0.528, 2805
0.528, 2804
0.529, 2803
0.531, 2802
0.531, 2801
0.532, 2800
0.533, 2799
0.533, 2798
0.534, 2797
0.535, 2796
0.537, 2795
0.540, 2794
0.542, 2793
0.543, 2792
0.549, 2791
0.549, 2790
0.550, 2789
0.550, 2788
0.551, 2787
0.551, 2786
0.553, 2785
0.554, 2784
0.558, 2783
0.560, 2782
0.560, 2781
0.561, 2780
0.561, 2779
0.565, 2778
0.566, 2777
0.567, 2776
0.571, 2775
0.571, 2774
0.571, 2773
0.572, 2772
0.572, 2771
0.573, 2770
0.574, 2769
0.575, 2768
0.580, 2767
0.580, 2766
0.583, 2765
0.583, 2764
0.586, 2763
0.586, 2762
0.588, 2761
0.590, 2760
0.591, 2759
0.594, 2758
0.595, 2757
0.597, 2756
0.600, 2755
0.601, 2754
0.605, 2753
0.606, 2752
0.608, 2751
0.608, 2750
0.612, 2749
0.612, 2748
0.613, 2747
0.616, 2746
0.616, 2745
0.620, 2744
0.629, 2743
0.629, 2742
0.630, 2741
0.632, 2740
0.634, 2739
0.634, 2738
0.642, 2737
0.643, 2736
0.643, 2735
0.645, 2734
0.646, 2733
0.650, 2732
0.651, 2731
0.654, 2730
0.657, 2729
0.662, 2728
0.663, 2727
0.666, 2726
0.666, 2725
0.667, 2724
0.668, 2723
0.670, 2722
0.671, 2721
0.675, 2720
0.676, 2719
0.678, 2718
0.679, 2717
0.681, 2716
0.684, 2715
0.684, 2714
0.684, 2713
0.686, 2712
0.688, 2711
0.688, 2710
0.690, 2709
0.690, 2708
0.691, 2707
0.691, 2706
0.693, 2705
0.696, 2704
0.698, 2703
0.698, 2702
0.698, 2701
0.698, 2700
0.701, 2699
0.703, 2698
0.706, 2697
0.709, 2696
0.712, 2695
0.715, 2694
0.716, 2693
0.716, 2692
0.717, 2691
0.718, 2690
0.723, 2689
0.727, 2688
0.731, 2687
0.732, 2686
0.733, 2685
0.734, 2684
0.736, 2683
0.741, 2682
0.744, 2681
0.748, 2680
0.751, 2679
0.752, 2678
0.754, 2677
0.760, 2676
0.760, 2675
0.760, 2674
0.763, 2673
0.767, 2672
0.769, 2671
0.769, 2670
0.773, 2669
0.774, 2668
0.775, 2667
0.776, 2666
0.779, 2665
0.780, 2664
0.782, 2663
0.783, 2662
0.784, 2661
0.785, 2660
0.785, 2659
0.785, 2658
0.793, 2657
0.794, 2656
0.804, 2655
0.804, 2654
0.805, 2653
0.806, 2652
0.814, 2651
0.815, 2650
0.818, 2649
0.818, 2648
0.819, 2647
0.820, 2646
0.820, 2645
0.823, 2644
0.825, 2643
0.826, 2642
0.828, 2641
0.829, 2640
0.836, 2639
0.837, 2638
0.838, 2637
0.841, 2636
0.849, 2635
0.850, 2634
0.852, 2633
0.852, 2632
0.853, 2631
0.857, 2630
0.862, 2629
0.863, 2628
0.866, 2627
0.867, 2626
0.875, 2625
0.878, 2624
0.878, 2623
0.879, 2622
0.882, 2621
0.883, 2620
0.885, 2619
0.888, 2618
0.889, 2617
0.895, 2616
0.897, 2615
0.900, 2614
0.904, 2613
0.905, 2612
0.914, 2611
0.916, 2610
0.918, 2609
0.920, 2608
0.921, 2607
0.927, 2606
0.931, 2605
0.933, 2604
0.935, 2603
0.951, 2602
0.955, 2601
0.957, 2600
0.959, 2599
0.960, 2598
0.964, 2597
0.967, 2596
0.972, 2595
0.981, 2594
0.983, 2593
0.984, 2592
0.990, 2591
0.993, 2590
0.994, 2589
0.995, 2588
0.996, 2587
0.999, 2586
1.001, 2585
1.002, 2584
1.006, 2583
1.009, 2582
1.010, 2581
1.018, 2580
1.020, 2579
1.023, 2578
1.041, 2577
1.041, 2576
1.044, 2575
1.045, 2574
1.047, 2573
1.048, 2572
1.052, 2571
1.075, 2570
1.080, 2569
1.096, 2568
1.098, 2567
1.099, 2566
1.108, 2565
1.114, 2564
1.119, 2563
1.121, 2562
1.126, 2561
1.127, 2560
1.130, 2559
1.133, 2558
1.138, 2557
1.138, 2556
1.139, 2555
1.142, 2554
1.145, 2553
1.147, 2552
1.152, 2551
1.157, 2550
1.160, 2549
1.161, 2548
1.164, 2547
1.175, 2546
1.179, 2545
1.183, 2544
1.184, 2543
1.189, 2542
1.197, 2541
1.209, 2540
1.210, 2539
1.216, 2538
1.224, 2537
1.229, 2536
1.238, 2535
1.241, 2534
1.242, 2533
1.245, 2532
1.248, 2531
1.250, 2530
1.254, 2529
1.254, 2528
1.258, 2527
1.269, 2526
1.273, 2525
1.274, 2524
1.276, 2523
1.292, 2522
1.293, 2521
1.293, 2520
1.298, 2519
1.300, 2518
1.305, 2517
1.317, 2516
1.320, 2515
1.321, 2514
1.338, 2513
1.348, 2512
1.358, 2511
1.366, 2510
1.380, 2509
1.401, 2508
1.405, 2507
1.418, 2506
1.446, 2505
1.448, 2504
1.449, 2503
1.461, 2502
1.465, 2501
1.484, 2500
1.486, 2499
1.501, 2498
1.507, 2497
1.513, 2496
1.521, 2495
1.533, 2494
1.536, 2493
1.556, 2492
1.565, 2491
1.566, 2490
1.575, 2489
1.575, 2488
1.576, 2487
1.595, 2486
1.597, 2485
1.603, 2484
1.607, 2483
1.611, 2482
1.633, 2481
1.646, 2480
1.649, 2479
1.660, 2478
1.680, 2477
1.681, 2476
1.703, 2475
1.705, 2474
1.723, 2473
1.738, 2472
1.757, 2471
1.769, 2470
1.801, 2469
1.804, 2468
1.827, 2467
1.843, 2466
1.856, 2465
1.875, 2464
1.882, 2463
1.921, 2462
1.922, 2461
1.960, 2460
1.983, 2459
1.984, 2458
1.990, 2457
2.025, 2456
2.026, 2455
2.032, 2454
2.061, 2453
2.119, 2452
2.148, 2451
2.253, 2450
2.254, 2449
2.256, 2448
2.286, 2447
2.312, 2446
2.323, 2445
2.344, 2444
2.354, 2443
2.418, 2442
2.677, 2441
2.697, 2440
2.748, 2439
2.948, 2438
3.290, 2437
3.291, 2436
3.309, 2435
3.505, 2434
3.530, 2433
