0.001, 9232
0.002, 9231
0.004, 9230
0.005, 9229
0.006, 9228
0.006, 9227
0.007, 9226
0.014, 9225
0.015, 9224
0.015, 9223
0.020, 9222
0.024, 9221
0.024, 9220
0.025, 9219
0.026, 9218
0.027, 9217
0.028, 9216
0.028, 9215
0.029, 9214
0.032, 9213
0.032, 9212
0.033, 9211
0.034, 9210
0.035, 9209
0.035, 9208
0.036, 9207
0.037, 9206
0.037, 9205
0.038, 9204
0.039, 9203
0.040, 9202
0.041, 9201
0.041, 9200
0.044, 9199
0.044, 9198
0.045, 9197
0.046, 9196
0.048, 9195
0.049, 9194
0.049, 9193
0.050, 9192
0.052, 9191
0.053, 9190
0.056, 9189
0.057, 9188
0.057, 9187
0.058, 9186
0.059, 9185
0.061, 9184
0.065, 9183
0.067, 9182
0.069, 9181
0.069, 9180
0.073, 9179
0.079, 9178
0.081, 9177
0.081, 9176
0.082, 9175
0.084, 9174
0.085, 9173
0.092, 9172
0.093, 9171
0.098, 9170
0.099, 9169
0.099, 9168
0.100, 9167
0.101, 9166
0.103, 9165
0.103, 9164
0.104, 9163
0.105, 9162
0.106, 9161
0.107, 9160
0.107, 9159
0.112, 9158
0.113, 9157
0.113, 9156
0.116, 9155
0.118, 9154
0.120, 9153
0.121, 9152
0.122, 9151
0.123, 9150
0.124, 9149
0.125, 9148
0.125, 9147
0.126, 9146
0.129, 9145
0.130, 9144
0.132, 9143
0.134, 9142
0.139, 9141
0.139, 9140
0.142, 9139
0.147, 9138
0.148, 9137
0.148, 9136
0.149, 9135
0.151, 9134
0.152, 9133
0.154, 9132
0.155, 9131
0.155, 9130
0.156, 9129
0.157, 9128
0.158, 9127
0.159, 9126
0.159, 9125
0.161, 9124
0.161, 9123
0.162, 9122
0.163, 9121
0.164, 9120
0.164, 9119
0.165, 9118
0.166, 9117
0.166, 9116
0.167, 9115
0.171, 9114
0.172, 9113
0.173, 9112
0.174, 9111
0.175, 9110
0.176, 9109
0.177, 9108
0.177, 9107
0.178, 9106
0.179, 9105
0.180, 9104
0.181, 9103
0.181, 9102
0.183, 9101
0.184, 9100
0.185, 9099
0.185, 9098
0.186, 9097
0.187, 9096
0.188, 9095
0.190, 9094
0.191, 9093
0.191, 9092
0.192, 9091
0.193, 9090
0.193, 9089
0.194, 9088
0.195, 9087
0.196, 9086
0.196, 9085
0.197, 9084
0.198, 9083
0.202, 9082
0.203, 9081
0.204, 9080
0.206, 9079
0.207, 9078
0.207, 9077
0.208, 9076
0.209, 9075
0.211, 9074
0.211, 9073
0.212, 9072
0.213, 9071
0.214, 9070
0.215, 9069
0.219, 9068
0.220, 9067
0.221, 9066
0.223, 9065
0.224, 9064
0.225, 9063
0.226, 9062
0.227, 9061
0.229, 9060
0.230, 9059
0.231, 9058
0.233, 9057
0.234, 9056
0.234, 9055
0.235, 9054
0.237, 9053
0.238, 9052
0.239, 9051
0.241, 9050
0.242, 9049
0.242, 9048
0.245, 9047
0.246, 9046
0.246, 9045
0.248, 9044
0.249, 9043
0.249, 9042
0.251, 9041
0.252, 9040
0.252, 9039
0.254, 9038
0.256, 9037
0.258, 9036
0.262, 9035
0.263, 9034
0.264, 9033
0.265, 9032
0.265, 9031
0.266, 9030
0.267, 9029
0.268, 9028
0.269, 9027
0.271, 9026
0.272, 9025
0.272, 9024
0.276, 9023
0.276, 9022
0.277, 9021
0.278, 9020
0.279, 9019
0.281, 9018
0.282, 9017
0.283, 9016
0.283, 9015
0.286, 9014
0.287, 9013
0.288, 9012
0.289, 9011
0.289, 9010
0.290, 9009
0.291, 9008
0.293, 9007
0.295, 9006
0.296, 9005
0.297, 9004
0.297, 9003
0.298, 9002
0.300, 9001
0.301, 9000
0.302, 8999
0.303, 8998
0.304, 8997
0.305, 8996
0.306, 8995
0.307, 8994
0.308, 8993
0.308, 8992
0.309, 8991
0.312, 8990
0.313, 8989
0.314, 8988
0.315, 8987
0.316, 8986
0.317, 8985
0.319, 8984
0.322, 8983
0.326, 8982
0.327, 8981
0.329, 8980
0.329, 8979
0.331, 8978
0.332, 8977
0.333, 8976
0.333, 8975
0.335, 8974
0.338, 8973
0.338, 8972
0.339, 8971
0.340, 8970
0.341, 8969
0.342, 8968
0.342, 8967
0.343, 8966
0.344, 8965
0.344, 8964
0.345, 8963
0.347, 8962
0.347, 8961
0.349, 8960
0.350, 8959
0.351, 8958
0.353, 8957
0.355, 8956
0.356, 8955
0.358, 8954
0.360, 8953
0.361, 8952
0.363, 8951
0.363, 8950
0.364, 8949
0.365, 8948
0.366, 8947
0.367, 8946
0.368, 8945
0.369, 8944
0.371, 8943
0.371, 8942
0.373, 8941
0.375, 8940
0.376, 8939
0.377, 8938
0.380, 8937
0.380, 8936
0.381, 8935
0.382, 8934
0.383, 8933
0.387, 8932
0.388, 8931
0.389, 8930
0.390, 8929
0.391, 8928
0.393, 8927
0.395, 8926
0.397, 8925
0.399, 8924
0.400, 8923
0.402, 8922
0.402, 8921
0.403, 8920
0.404, 8919
0.406, 8918
0.407, 8917
0.410, 8916
0.411, 8915
0.413, 8914
0.414, 8913
0.416, 8912
0.418, 8911
0.420, 8910
0.422, 8909
0.422, 8908
0.424, 8907
0.426, 8906
0.426, 8905
0.428, 8904
0.430, 8903
0.431, 8902
0.434, 8901
0.434, 8900
0.436, 8899
0.437, 8898
0.437, 8897
0.438, 8896
0.440, 8895
0.440, 8894
0.441, 8893
0.443, 8892
0.444, 8891
0.445, 8890
0.446, 8889
0.449, 8888
0.450, 8887
0.452, 8886
0.454, 8885
0.455, 8884
0.457, 8883
0.457, 8882
0.458, 8881
0.459, 8880
0.460, 8879
0.461, 8878
0.461, 8877
0.463, 8876
0.466, 8875
0.471, 8874
0.471, 8873
0.474, 8872
0.475, 8871
0.477, 8870
0.477, 8869
0.479, 8868
0.480, 8867
0.482, 8866
0.484, 8865
0.485, 8864
0.487, 8863
0.488, 8862
0.490, 8861
0.493, 8860
0.495, 8859
0.496, 8858
0.497, 8857
0.501, 8856
0.502, 8855
0.503, 8854
0.506, 8853
0.507, 8852
0.509, 8851
0.510, 8850
0.511, 8849
0.515, 8848
0.516, 8847
0.517, 8846
0.518, 8845
0.519, 8844
0.521, 8843
0.524, 8842
0.525, 8841
0.526, 8840
0.528, 8839
0.529, 8838
0.529, 8837
0.531, 8836
0.533, 8835
0.534, 8834
0.535, 8833
0.537, 8832
0.539, 8831
0.540, 8830
0.541, 8829
0.543, 8828
0.545, 8827
0.546, 8826
0.547, 8825
0.548, 8824
0.549, 8823
0.551, 8822
0.552, 8821
0.553, 8820
0.554, 8819
0.556, 8818
0.557, 8817
0.558, 8816
0.559, 8815
0.560, 8814
0.561, 8813
0.565, 8812
0.565, 8811
0.566, 8810
0.567, 8809
0.568, 8808
0.568, 8807
0.571, 8806
0.572, 8805
0.573, 8804
0.574, 8803
0.576, 8802
0.581, 8801
0.582, 8800
0.583, 8799
0.586, 8798
0.587, 8797
0.588, 8796
0.589, 8795
0.592, 8794
0.592, 8793
0.594, 8792
0.596, 8791
0.597, 8790
0.599, 8789
0.600, 8788
0.601, 8787
0.602, 8786
0.605, 8785
0.607, 8784
0.609, 8783
0.610, 8782
0.613, 8781
0.613, 8780
0.614, 8779
0.617, 8778
0.619, 8777
0.620, 8776
0.620, 8775
0.621, 8774
0.622, 8773
0.624, 8772
0.624, 8771
0.626, 8770
0.628, 8769
0.629, 8768
0.629, 8767
0.630, 8766
0.633, 8765
0.635, 8764
0.637, 8763
0.640, 8762
0.641, 8761
0.643, 8760
0.644, 8759
0.648, 8758
0.649, 8757
0.650, 8756
0.651, 8755
0.652, 8754
0.655, 8753
0.657, 8752
0.659, 8751
0.660, 8750
0.663, 8749
0.665, 8748
0.669, 8747
0.669, 8746
0.670, 8745
0.671, 8744
0.672, 8743
0.673, 8742
0.678, 8741
0.679, 8740
0.680, 8739
0.681, 8738
0.681, 8737
0.684, 8736
0.684, 8735
0.686, 8734
0.686, 8733
0.689, 8732
0.690, 8731
0.691, 8730
0.692, 8729
0.693, 8728
0.694, 8727
0.695, 8726
0.696, 8725
0.700, 8724
0.702, 8723
0.702, 8722
0.704, 8721
0.706, 8720
0.708, 8719
0.710, 8718
0.711, 8717
0.712, 8716
0.713, 8715
0.715, 8714
0.716, 8713
0.719, 8712
0.720, 8711
0.724, 8710
0.725, 8709
0.727, 8708
0.731, 8707
0.733, 8706
0.736, 8705
0.736, 8704
0.737, 8703
0.739, 8702
0.739, 8701
0.740, 8700
0.744, 8699
0.745, 8698
0.746, 8697
0.748, 8696
0.749, 8695
0.752, 8694
0.752, 8693
0.754, 8692
0.755, 8691
0.755, 8690
0.762, 8689
0.764, 8688
0.767, 8687
0.767, 8686
0.769, 8685
0.769, 8684
0.771, 8683
0.771, 8682
0.775, 8681
0.776, 8680
0.777, 8679
0.778, 8678
0.779, 8677
0.779, 8676
0.780, 8675
0.781, 8674
0.782, 8673
0.787, 8672
0.788, 8671
0.790, 8670
0.795, 8669
0.798, 8668
0.799, 8667
0.800, 8666
0.801, 8665
0.804, 8664
0.805, 8663
0.806, 8662
0.808, 8661
0.810, 8660
0.811, 8659
0.812, 8658
0.813, 8657
0.816, 8656
0.819, 8655
0.822, 8654
0.823, 8653
0.826, 8652
0.828, 8651
0.828, 8650
0.831, 8649
0.833, 8648
0.834, 8647
0.835, 8646
0.838, 8645
0.839, 8644
0.841, 8643
0.842, 8642
0.845, 8641
0.848, 8640
0.851, 8639
0.852, 8638
0.853, 8637
0.856, 8636
0.857, 8635
0.863, 8634
0.863, 8633
0.864, 8632
0.865, 8631
0.866, 8630
0.867, 8629
0.868, 8628
0.869, 8627
0.870, 8626
0.872, 8625
0.872, 8624
0.877, 8623
0.880, 8622
0.883, 8621
0.885, 8620
0.886, 8619
0.887, 8618
0.888, 8617
0.889, 8616
0.890, 8615
0.891, 8614
0.895, 8613
0.897, 8612
0.897, 8611
0.899, 8610
0.905, 8609
0.911, 8608
0.915, 8607
0.916, 8606
0.920, 8605
0.923, 8604
0.925, 8603
0.926, 8602
0.927, 8601
0.929, 8600
0.932, 8599
0.934, 8598
0.935, 8597
0.936, 8596
0.937, 8595
0.940, 8594
0.945, 8593
0.946, 8592
0.948, 8591
0.949, 8590
0.950, 8589
0.951, 8588
0.953, 8587
0.953, 8586
0.955, 8585
0.956, 8584
0.959, 8583
0.960, 8582
0.962, 8581
0.962, 8580
0.966, 8579
0.968, 8578
0.970, 8577
0.974, 8576
0.976, 8575
0.980, 8574
0.982, 8573
0.985, 8572
0.987, 8571
0.989, 8570
0.989, 8569
0.990, 8568
0.991, 8567
0.991, 8566
0.993, 8565
0.993, 8564
0.994, 8563
0.996, 8562
0.997, 8561
1.000, 8560
1.001, 8559
1.003, 8558
1.006, 8557
1.007, 8556
1.010, 8555
1.012, 8554
1.016, 8553
1.017, 8552
1.017, 8551
1.020, 8550
1.023, 8549
1.026, 8548
1.028, 8547
1.032, 8546
1.035, 8545
1.035, 8544
1.038, 8543
1.039, 8542
1.042, 8541
1.046, 8540
1.048, 8539
1.048, 8538
1.049, 8537
1.050, 8536
1.053, 8535
1.055, 8534
1.056, 8533
1.057, 8532
1.062, 8531
1.071, 8530
1.073, 8529
1.074, 8528
1.078, 8527
1.080, 8526
1.084, 8525
1.086, 8524
1.088, 8523
1.088, 8522
1.089, 8521
1.090, 8520
1.090, 8519
1.091, 8518
1.094, 8517
1.099, 8516
1.103, 8515
1.106, 8514
1.107, 8513
1.109, 8512
1.112, 8511
1.113, 8510
1.117, 8509
1.119, 8508
1.121, 8507
1.122, 8506
1.123, 8505
1.125, 8504
1.125, 8503
1.126, 8502
1.134, 8501
1.135, 8500
1.138, 8499
1.139, 8498
1.140, 8497
1.141, 8496
1.144, 8495
1.146, 8494
1.148, 8493
1.152, 8492
1.155, 8491
1.155, 8490
1.160, 8489
1.164, 8488
1.171, 8487
1.173, 8486
1.176, 8485
1.177, 8484
1.179, 8483
1.181, 8482
1.183, 8481
1.189, 8480
1.190, 8479
1.190, 8478
1.193, 8477
1.199, 8476
1.205, 8475
1.206, 8474
1.207, 8473
1.209, 8472
1.210, 8471
1.215, 8470
1.220, 8469
1.221, 8468
1.224, 8467
1.225, 8466
1.228, 8465
1.234, 8464
1.237, 8463
1.242, 8462
1.247, 8461
1.249, 8460
1.250, 8459
1.254, 8458
1.255, 8457
1.258, 8456
1.268, 8455
1.268, 8454
1.269, 8453
1.271, 8452
1.273, 8451
1.279, 8450
1.280, 8449
1.281, 8448
1.288, 8447
1.290, 8446
1.292, 8445
1.296, 8444
1.298, 8443
1.300, 8442
1.301, 8441
1.303, 8440
1.303, 8439
1.305, 8438
1.306, 8437
1.309, 8436
1.310, 8435
1.312, 8434
1.314, 8433
1.316, 8432
1.317, 8431
1.320, 8430
1.321, 8429
1.325, 8428
1.329, 8427
1.333, 8426
1.335, 8425
1.336, 8424
1.340, 8423
1.341, 8422
1.343, 8421
1.346, 8420
1.350, 8419
1.351, 8418
1.352, 8417
1.353, 8416
1.356, 8415
1.359, 8414
1.360, 8413
1.361, 8412
1.367, 8411
1.369, 8410
1.372, 8409
1.372, 8408
1.373, 8407
1.378, 8406
1.383, 8405
1.383, 8404
1.384, 8403
1.385, 8402
1.387, 8401
1.391, 8400
1.392, 8399
1.394, 8398
1.396, 8397
1.399, 8396
1.401, 8395
1.407, 8394
1.410, 8393
1.413, 8392
1.415, 8391
1.417, 8390
1.419, 8389
1.420, 8388
1.422, 8387
1.422, 8386
1.424, 8385
1.425, 8384
1.435, 8383
1.437, 8382
1.441, 8381
1.442, 8380
1.444, 8379
1.444, 8378
1.445, 8377
1.447, 8376
1.454, 8375
1.455, 8374
1.476, 8373
1.482, 8372
1.484, 8371
1.489, 8370
1.500, 8369
1.501, 8368
1.504, 8367
1.505, 8366
1.509, 8365
1.510, 8364
1.511, 8363
1.512, 8362
1.513, 8361
1.516, 8360
1.517, 8359
1.519, 8358
1.522, 8357
1.523, 8356
1.524, 8355
1.525, 8354
1.525, 8353
1.536, 8352
1.537, 8351
1.538, 8350
1.540, 8349
1.542, 8348
1.545, 8347
1.546, 8346
1.553, 8345
1.557, 8344
1.559, 8343
1.561, 8342
1.568, 8341
1.570, 8340
1.571, 8339
1.572, 8338
1.578, 8337
1.578, 8336
1.579, 8335
1.580, 8334
1.581, 8333
1.582, 8332
1.592, 8331
1.596, 8330
1.604, 8329
1.605, 8328
1.614, 8327
1.618, 8326
1.618, 8325
1.620, 8324
1.622, 8323
1.624, 8322
1.626, 8321
1.627, 8320
1.628, 8319
1.639, 8318
1.640, 8317
1.641, 8316
1.645, 8315
1.646, 8314
1.654, 8313
1.655, 8312
1.660, 8311
1.661, 8310
1.664, 8309
1.666, 8308
1.671, 8307
1.675, 8306
1.681, 8305
1.690, 8304
1.692, 8303
1.694, 8302
1.698, 8301
1.701, 8300
1.705, 8299
1.710, 8298
1.715, 8297
1.717, 8296
1.717, 8295
1.723, 8294
1.735, 8293
1.737, 8292
1.741, 8291
1.742, 8290
1.746, 8289
1.749, 8288
1.752, 8287
1.754, 8286
1.755, 8285
1.758, 8284
1.762, 8283
1.763, 8282
1.767, 8281
1.769, 8280
1.776, 8279
1.780, 8278
1.786, 8277
1.787, 8276
1.788, 8275
1.790, 8274
1.792, 8273
1.797, 8272
1.801, 8271
1.805, 8270
1.808, 8269
1.809, 8268
1.812, 8267
1.819, 8266
1.823, 8265
1.823, 8264
1.827, 8263
1.832, 8262
1.846, 8261
1.847, 8260
1.848, 8259
1.849, 8258
1.853, 8257
1.857, 8256
1.858, 8255
1.862, 8254
1.865, 8253
1.870, 8252
1.875, 8251
1.876, 8250
1.881, 8249
1.890, 8248
1.891, 8247
1.895, 8246
1.897, 8245
1.897, 8244
1.902, 8243
1.904, 8242
1.908, 8241
1.912, 8240
1.916, 8239
1.918, 8238
1.919, 8237
1.923, 8236
1.924, 8235
1.925, 8234
1.929, 8233
1.931, 8232
1.935, 8231
1.938, 8230
1.943, 8229
1.949, 8228
1.950, 8227
1.951, 8226
1.957, 8225
1.964, 8224
1.969, 8223
1.974, 8222
1.979, 8221
1.980, 8220
1.983, 8219
1.990, 8218
1.991, 8217
1.994, 8216
1.999, 8215
2.002, 8214
2.007, 8213
2.008, 8212
2.009, 8211
2.015, 8210
2.018, 8209
2.023, 8208
2.029, 8207
2.030, 8206
2.033, 8205
2.035, 8204
2.039, 8203
2.046, 8202
2.048, 8201
2.055, 8200
2.062, 8199
2.062, 8198
2.070, 8197
2.075, 8196
2.078, 8195
2.078, 8194
2.080, 8193
2.081, 8192
2.092, 8191
2.094, 8190
2.095, 8189
2.102, 8188
2.105, 8187
2.110, 8186
2.114, 8185
2.117, 8184
2.118, 8183
2.119, 8182
2.125, 8181
2.127, 8180
2.130, 8179
2.137, 8178
2.139, 8177
2.145, 8176
2.151, 8175
2.152, 8174
2.154, 8173
2.156, 8172
2.157, 8171
2.158, 8170
2.160, 8169
2.168, 8168
2.170, 8167
2.179, 8166
2.183, 8165
2.185, 8164
2.186, 8163
2.191, 8162
2.194, 8161
2.196, 8160
2.199, 8159
2.207, 8158
2.213, 8157
2.217, 8156
2.220, 8155
2.228, 8154
2.238, 8153
2.240, 8152
2.241, 8151
2.244, 8150
2.252, 8149
2.253, 8148
2.258, 8147
2.261, 8146
2.267, 8145
2.278, 8144
2.282, 8143
2.286, 8142
2.296, 8141
2.299, 8140
2.300, 8139
2.307, 8138
2.319, 8137
2.325, 8136
2.328, 8135
2.331, 8134
2.341, 8133
2.342, 8132
2.342, 8131
2.351, 8130
2.352, 8129
2.359, 8128
2.361, 8127
2.362, 8126
2.367, 8125
2.371, 8124
2.371, 8123
2.379, 8122
2.383, 8121
2.392, 8120
2.394, 8119
2.399, 8118
2.401, 8117
2.407, 8116
2.410, 8115
2.412, 8114
2.433, 8113
2.440, 8112
2.440, 8111
2.445, 8110
2.446, 8109
2.449, 8108
2.463, 8107
2.464, 8106
2.468, 8105
2.486, 8104
2.491, 8103
2.501, 8102
2.502, 8101
2.509, 8100
2.516, 8099
2.519, 8098
2.520, 8097
2.525, 8096
2.527, 8095
2.532, 8094
2.534, 8093
2.538, 8092
2.538, 8091
2.539, 8090
2.550, 8089
2.555, 8088
2.561, 8087
2.564, 8086
2.567, 8085
2.567, 8084
2.570, 8083
2.580, 8082
2.585, 8081
2.588, 8080
2.595, 8079
2.599, 8078
2.609, 8077
2.612, 8076
2.621, 8075
2.624, 8074
2.634, 8073
2.641, 8072
2.643, 8071
2.645, 8070
2.659, 8069
2.661, 8068
2.662, 8067
2.671, 8066
2.674, 8065
2.686, 8064
2.691, 8063
2.694, 8062
2.700, 8061
2.724, 8060
2.735, 8059
2.738, 8058
2.741, 8057
2.743, 8056
2.755, 8055
2.763, 8054
2.772, 8053
2.782, 8052
2.788, 8051
2.798, 8050
2.800, 8049
2.805, 8048
2.807, 8047
2.819, 8046
2.821, 8045
2.823, 8044
2.825, 8043
2.846, 8042
2.847, 8041
2.853, 8040
2.870, 8039
2.873, 8038
2.883, 8037
2.892, 8036
2.896, 8035
2.913, 8034
2.922, 8033
2.927, 8032
2.937, 8031
2.940, 8030
2.944, 8029
2.946, 8028
2.947, 8027
2.949, 8026
2.950, 8025
2.955, 8024
2.958, 8023
2.963, 8022
2.968, 8021
2.981, 8020
2.987, 8019
2.990, 8018
2.992, 8017
2.993, 8016
3.006, 8015
3.012, 8014
3.016, 8013
3.025, 8012
3.029, 8011
3.030, 8010
3.035, 8009
3.037, 8008
3.043, 8007
3.070, 8006
3.074, 8005
3.081, 8004
3.082, 8003
3.084, 8002
3.086, 8001
3.091, 8000
3.094, 7999
3.096, 7998
3.100, 7997
3.104, 7996
3.109, 7995
3.138, 7994
3.144, 7993
3.149, 7992
3.151, 7991
3.152, 7990
3.159, 7989
3.163, 7988
3.165, 7987
3.166, 7986
3.174, 7985
3.176, 7984
3.183, 7983
3.185, 7982
3.189, 7981
3.192, 7980
3.197, 7979
3.213, 7978
3.217, 7977
3.219, 7976
3.223, 7975
3.224, 7974
3.227, 7973
3.267, 7972
3.279, 7971
3.297, 7970
3.300, 7969
3.301, 7968
3.311, 7967
3.312, 7966
3.317, 7965
3.319, 7964
3.336, 7963
3.340, 7962
3.344, 7961
3.348, 7960
3.357, 7959
3.375, 7958
3.382, 7957
3.383, 7956
3.385, 7955
3.389, 7954
3.397, 7953
3.399, 7952
3.401, 7951
3.402, 7950
3.411, 7949
3.413, 7948
3.423, 7947
3.425, 7946
3.428, 7945
3.434, 7944
3.444, 7943
3.461, 7942
3.469, 7941
3.477, 7940
3.503, 7939
3.505, 7938
3.511, 7937
3.514, 7936
3.524, 7935
3.529, 7934
3.531, 7933
3.558, 7932
3.560, 7931
3.581, 7930
3.601, 7929
3.603, 7928
3.604, 7927
3.604, 7926
3.605, 7925
3.616, 7924
3.622, 7923
3.630, 7922
3.636, 7921
3.639, 7920
3.645, 7919
3.655, 7918
3.660, 7917
3.663, 7916
3.671, 7915
3.703, 7914
3.704, 7913
3.708, 7912
3.715, 7911
3.727, 7910
3.747, 7909
3.749, 7908
3.755, 7907
3.765, 7906
3.776, 7905
3.789, 7904
3.791, 7903
3.793, 7902
3.798, 7901
3.809, 7900
3.810, 7899
3.812, 7898
3.823, 7897
3.828, 7896
3.835, 7895
3.849, 7894
3.859, 7893
3.861, 7892
3.870, 7891
3.890, 7890
3.904, 7889
3.916, 7888
3.940, 7887
3.947, 7886
4.009, 7885
4.014, 7884
4.024, 7883
4.037, 7882
4.059, 7881
4.064, 7880
4.070, 7879
4.075, 7878
4.095, 7877
4.108, 7876
4.112, 7875
4.115, 7874
4.130, 7873
4.197, 7872
4.229, 7871
4.236, 7870
4.263, 7869
4.265, 7868
4.287, 7867
4.290, 7866
4.293, 7865
4.301, 7864
4.322, 7863
4.338, 7862
4.340, 7861
4.346, 7860
4.352, 7859
4.384, 7858
4.392, 7857
4.403, 7856
4.422, 7855
4.430, 7854
4.441, 7853
4.448, 7852
4.456, 7851
4.460, 7850
4.472, 7849
4.477, 7848
4.482, 7847
4.497, 7846
4.497, 7845
4.505, 7844
4.609, 7843
4.613, 7842
4.617, 7841
4.619, 7840
4.629, 7839
4.631, 7838
4.635, 7837
4.639, 7836
4.651, 7835
4.658, 7834
4.669, 7833
4.684, 7832
4.693, 7831
4.723, 7830
4.733, 7829
4.764, 7828
4.768, 7827
4.769, 7826
4.803, 7825
4.809, 7824
4.817, 7823
4.826, 7822
4.859, 7821
4.864, 7820
4.879, 7819
4.881, 7818
4.891, 7817
4.901, 7816
4.961, 7815
4.986, 7814
5.051, 7813
5.055, 7812
5.057, 7811
5.058, 7810
5.078, 7809
5.079, 7808
5.092, 7807
5.126, 7806
5.142, 7805
5.151, 7804
5.167, 7803
5.173, 7802
5.176, 7801
5.199, 7800
5.216, 7799
5.218, 7798
5.241, 7797
5.249, 7796
5.264, 7795
5.295, 7794
5.298, 7793
5.319, 7792
5.323, 7791
5.353, 7790
5.421, 7789
5.446, 7788
5.469, 7787
5.472, 7786
5.531, 7785
5.541, 7784
5.542, 7783
5.619, 7782
5.632, 7781
5.633, 7780
5.637, 7779
5.667, 7778
5.683, 7777
5.688, 7776
5.693, 7775
5.694, 7774
5.700, 7773
5.715, 7772
5.769, 7771
5.779, 7770
5.793, 7769
5.796, 7768
5.815, 7767
5.828, 7766
5.843, 7765
5.891, 7764
5.902, 7763
5.906, 7762
5.945, 7761
6.029, 7760
6.057, 7759
6.061, 7758
6.063, 7757
6.075, 7756
6.095, 7755
6.125, 7754
6.169, 7753
6.175, 7752
6.194, 7751
6.231, 7750
6.239, 7749
6.262, 7748
6.317, 7747
6.327, 7746
6.330, 7745
6.346, 7744
6.369, 7743
6.392, 7742
6.395, 7741
6.400, 7740
6.422, 7739
6.432, 7738
6.441, 7737
6.481, 7736
6.561, 7735
6.577, 7734
6.581, 7733
6.602, 7732
6.613, 7731
6.624, 7730
6.635, 7729
6.655, 7728
6.673, 7727
6.685, 7726
6.689, 7725
6.696, 7724
6.741, 7723
6.743, 7722
6.763, 7721
6.809, 7720
6.818, 7719
6.855, 7718
6.968, 7717
6.995, 7716
7.017, 7715
7.027, 7714
7.048, 7713
7.067, 7712
7.072, 7711
7.141, 7710
7.155, 7709
7.240, 7708
7.254, 7707
7.305, 7706
7.315, 7705
7.361, 7704
7.477, 7703
7.503, 7702
7.546, 7701
7.553, 7700
7.586, 7699
7.591, 7698
7.612, 7697
7.613, 7696
7.615, 7695
7.617, 7694
7.625, 7693
7.633, 7692
7.649, 7691
7.687, 7690
7.690, 7689
7.758, 7688
7.988, 7687
8.009, 7686
8.061, 7685
8.093, 7684
8.100, 7683
8.110, 7682
8.258, 7681
8.299, 7680
8.328, 7679
8.329, 7678
8.351, 7677
8.383, 7676
8.431, 7675
8.479, 7674
8.494, 7673
8.590, 7672
8.623, 7671
8.674, 7670
8.687, 7669
8.804, 7668
8.818, 7667
8.824, 7666
8.827, 7665
8.856, 7664
8.972, 7663
9.008, 7662
9.014, 7661
9.027, 7660
9.195, 7659
9.219, 7658
9.223, 7657
9.238, 7656
9.260, 7655
9.362, 7654
9.364, 7653
9.368, 7652
9.412, 7651
9.500, 7650
9.584, 7649
9.605, 7648
9.663, 7647
9.682, 7646
9.726, 7645
9.800, 7644
9.891, 7643
10.217, 7642
10.266, 7641
10.294, 7640
10.297, 7639
10.387, 7638
10.492, 7637
10.597, 7636
10.644, 7635
10.652, 7634
10.752, 7633
10.787, 7632
10.918, 7631
11.001, 7630
11.226, 7629
11.301, 7628
11.445, 7627
11.555, 7626
11.616, 7625
11.637, 7624
11.912, 7623
12.005, 7622
12.279, 7621
12.290, 7620
12.604, 7619
12.613, 7618
13.301, 7617
13.344, 7616
13.478, 7615
13.604, 7614
13.824, 7613
14.584, 7612
15.226, 7611
15.242, 7610
15.286, 7609
15.422, 7608
15.898, 7607
16.529, 7606
16.650, 7605
16.948, 7604
17.274, 7603
17.846, 7602
18.223, 7601
20.028, 7600
20.939, 7599
21.879, 7598
27.544, 7597
