0.000, 9234
0.001, 9233
0.001, 9232
0.002, 9231
0.003, 9230
0.004, 9229
0.004, 9228
0.005, 9227
0.007, 9226
0.008, 9225
0.009, 9224
0.009, 9223
0.010, 9222
0.011, 9221
0.011, 9220
0.012, 9219
0.013, 9218
0.013, 9217
0.014, 9216
0.014, 9215
0.015, 9214
0.015, 9213
0.016, 9212
0.020, 9211
0.020, 9210
0.021, 9209
0.021, 9208
0.022, 9207
0.023, 9206
0.023, 9205
0.024, 9204
0.026, 9203
0.029, 9202
0.030, 9201
0.030, 9200
0.032, 9199
0.032, 9198
0.036, 9197
0.037, 9196
0.037, 9195
0.038, 9194
0.039, 9193
0.040, 9192
0.040, 9191
0.041, 9190
0.042, 9189
0.045, 9188
0.046, 9187
0.047, 9186
0.047, 9185
0.048, 9184
0.048, 9183
0.049, 9182
0.051, 9181
0.052, 9180
0.053, 9179
0.056, 9178
0.056, 9177
0.057, 9176
0.057, 9175
0.060, 9174
0.062, 9173
0.063, 9172
0.063, 9171
0.064, 9170
0.065, 9169
0.065, 9168
0.068, 9167
0.068, 9166
0.069, 9165
0.069, 9164
0.071, 9163
0.071, 9162
0.072, 9161
0.073, 9160
0.074, 9159
0.074, 9158
0.076, 9157
0.076, 9156
0.077, 9155
0.078, 9154
0.078, 9153
0.080, 9152
0.082, 9151
0.082, 9150
0.085, 9149
0.086, 9148
0.086, 9147
0.087, 9146
0.087, 9145
0.092, 9144
0.093, 9143
0.093, 9142
0.094, 9141
0.095, 9140
0.095, 9139
0.100, 9138
0.102, 9137
0.104, 9136
0.105, 9135
0.106, 9134
0.107, 9133
0.107, 9132
0.108, 9131
0.109, 9130
0.110, 9129
0.111, 9128
0.111, 9127
0.112, 9126
0.113, 9125
0.114, 9124
0.114, 9123
0.115, 9122
0.117, 9121
0.118, 9120
0.119, 9119
0.120, 9118
0.121, 9117
0.122, 9116
0.122, 9115
0.123, 9114
0.124, 9113
0.125, 9112
0.125, 9111
0.126, 9110
0.126, 9109
0.130, 9108
0.131, 9107
0.133, 9106
0.133, 9105
0.134, 9104
0.135, 9103
0.136, 9102
0.137, 9101
0.137, 9100
0.138, 9099
0.139, 9098
0.139, 9097
0.140, 9096
0.140, 9095
0.141, 9094
0.142, 9093
0.143, 9092
0.144, 9091
0.146, 9090
0.147, 9089
0.147, 9088
0.148, 9087
0.149, 9086
0.149, 9085
0.151, 9084
0.151, 9083
0.152, 9082
0.153, 9081
0.153, 9080
0.154, 9079
0.155, 9078
0.155, 9077
0.158, 9076
0.158, 9075
0.159, 9074
0.159, 9073
0.160, 9072
0.161, 9071
0.161, 9070
0.162, 9069
0.163, 9068
0.164, 9067
0.164, 9066
0.165, 9065
0.167, 9064
0.167, 9063
0.168, 9062
0.169, 9061
0.169, 9060
0.170, 9059
0.170, 9058
0.172, 9057
0.172, 9056
0.173, 9055
0.174, 9054
0.176, 9053
0.177, 9052
0.178, 9051
0.178, 9050
0.179, 9049
0.179, 9048
0.181, 9047
0.181, 9046
0.182, 9045
0.183, 9044
0.184, 9043
0.184, 9042
0.185, 9041
0.186, 9040
0.187, 9039
0.188, 9038
0.189, 9037
0.190, 9036
0.190, 9035
0.191, 9034
0.192, 9033
0.192, 9032
0.193, 9031
0.194, 9030
0.194, 9029
0.195, 9028
0.195, 9027
0.196, 9026
0.197, 9025
0.197, 9024
0.199, 9023
0.199, 9022
0.201, 9021
0.202, 9020
0.202, 9019
0.205, 9018
0.206, 9017
0.207, 9016
0.207, 9015
0.208, 9014
0.208, 9013
0.210, 9012
0.211, 9011
0.212, 9010
0.213, 9009
0.213, 9008
0.215, 9007
0.215, 9006
0.216, 9005
0.217, 9004
0.218, 9003
0.218, 9002
0.219, 9001
0.220, 9000
0.221, 8999
0.222, 8998
0.224, 8997
0.224, 8996
0.226, 8995
0.226, 8994
0.227, 8993
0.228, 8992
0.229, 8991
0.231, 8990
0.231, 8989
0.235, 8988
0.236, 8987
0.237, 8986
0.238, 8985
0.238, 8984
0.240, 8983
0.241, 8982
0.241, 8981
0.244, 8980
0.246, 8979
0.247, 8978
0.248, 8977
0.249, 8976
0.249, 8975
0.250, 8974
0.251, 8973
0.251, 8972
0.252, 8971
0.254, 8970
0.256, 8969
0.258, 8968
0.259, 8967
0.260, 8966
0.260, 8965
0.262, 8964
0.262, 8963
0.264, 8962
0.265, 8961
0.268, 8960
0.269, 8959
0.269, 8958
0.270, 8957
0.271, 8956
0.272, 8955
0.274, 8954
0.275, 8953
0.276, 8952
0.278, 8951
0.278, 8950
0.280, 8949
0.281, 8948
0.282, 8947
0.284, 8946
0.285, 8945
0.285, 8944
0.286, 8943
0.287, 8942
0.288, 8941
0.289, 8940
0.290, 8939
0.292, 8938
0.293, 8937
0.293, 8936
0.294, 8935
0.294, 8934
0.295, 8933
0.296, 8932
0.297, 8931
0.298, 8930
0.298, 8929
0.300, 8928
0.301, 8927
0.302, 8926
0.303, 8925
0.304, 8924
0.304, 8923
0.306, 8922
0.307, 8921
0.309, 8920
0.310, 8919
0.310, 8918
0.312, 8917
0.315, 8916
0.317, 8915
0.318, 8914
0.319, 8913
0.320, 8912
0.320, 8911
0.321, 8910
0.323, 8909
0.325, 8908
0.326, 8907
0.326, 8906
0.327, 8905
0.328, 8904
0.328, 8903
0.330, 8902
0.332, 8901
0.332, 8900
0.334, 8899
0.334, 8898
0.335, 8897
0.336, 8896
0.336, 8895
0.337, 8894
0.338, 8893
0.340, 8892
0.341, 8891
0.347, 8890
0.348, 8889
0.349, 8888
0.350, 8887
0.350, 8886
0.352, 8885
0.352, 8884
0.353, 8883
0.353, 8882
0.354, 8881
0.355, 8880
0.355, 8879
0.356, 8878
0.360, 8877
0.361, 8876
0.362, 8875
0.362, 8874
0.363, 8873
0.364, 8872
0.365, 8871
0.366, 8870
0.366, 8869
0.368, 8868
0.370, 8867
0.371, 8866
0.371, 8865
0.372, 8864
0.373, 8863
0.373, 8862
0.374, 8861
0.374, 8860
0.375, 8859
0.376, 8858
0.377, 8857
0.378, 8856
0.380, 8855
0.381, 8854
0.382, 8853
0.382, 8852
0.383, 8851
0.384, 8850
0.385, 8849
0.386, 8848
0.387, 8847
0.387, 8846
0.388, 8845
0.389, 8844
0.390, 8843
0.391, 8842
0.391, 8841
0.392, 8840
0.393, 8839
0.394, 8838
0.395, 8837
0.396, 8836
0.397, 8835
0.398, 8834
0.399, 8833
0.400, 8832
0.401, 8831
0.402, 8830
0.403, 8829
0.404, 8828
0.405, 8827
0.406, 8826
0.408, 8825
0.409, 8824
0.410, 8823
0.414, 8822
0.415, 8821
0.415, 8820
0.418, 8819
0.418, 8818
0.419, 8817
0.420, 8816
0.421, 8815
0.424, 8814
0.425, 8813
0.426, 8812
0.429, 8811
0.430, 8810
0.431, 8809
0.432, 8808
0.434, 8807
0.435, 8806
0.436, 8805
0.436, 8804
0.439, 8803
0.439, 8802
0.442, 8801
0.444, 8800
0.444, 8799
0.446, 8798
0.446, 8797
0.448, 8796
0.449, 8795
0.452, 8794
0.453, 8793
0.454, 8792
0.455, 8791
0.456, 8790
0.456, 8789
0.457, 8788
0.459, 8787
0.459, 8786
0.460, 8785
0.462, 8784
0.462, 8783
0.463, 8782
0.464, 8781
0.466, 8780
0.467, 8779
0.467, 8778
0.471, 8777
0.472, 8776
0.472, 8775
0.473, 8774
0.473, 8773
0.474, 8772
0.475, 8771
0.479, 8770
0.481, 8769
0.482, 8768
0.483, 8767
0.484, 8766
0.484, 8765
0.485, 8764
0.486, 8763
0.487, 8762
0.488, 8761
0.489, 8760
0.490, 8759
0.490, 8758
0.492, 8757
0.493, 8756
0.495, 8755
0.497, 8754
0.498, 8753
0.499, 8752
0.500, 8751
0.501, 8750
0.502, 8749
0.502, 8748
0.506, 8747
0.508, 8746
0.508, 8745
0.509, 8744
0.510, 8743
0.515, 8742
0.516, 8741
0.516, 8740
0.518, 8739
0.519, 8738
0.520, 8737
0.521, 8736
0.522, 8735
0.523, 8734
0.523, 8733
0.524, 8732
0.525, 8731
0.527, 8730
0.528, 8729
0.529, 8728
0.530, 8727
0.530, 8726
0.531, 8725
0.532, 8724
0.532, 8723
0.535, 8722
0.535, 8721
0.536, 8720
0.538, 8719
0.539, 8718
0.540, 8717
0.540, 8716
0.542, 8715
0.543, 8714
0.545, 8713
0.547, 8712
0.548, 8711
0.549, 8710
0.549, 8709
0.550, 8708
0.551, 8707
0.552, 8706
0.552, 8705
0.553, 8704
0.554, 8703
0.555, 8702
0.556, 8701
0.557, 8700
0.558, 8699
0.561, 8698
0.562, 8697
0.563, 8696
0.565, 8695
0.566, 8694
0.567, 8693
0.567, 8692
0.568, 8691
0.573, 8690
0.574, 8689
0.576, 8688
0.578, 8687
0.578, 8686
0.579, 8685
0.580, 8684
0.583, 8683
0.584, 8682
0.584, 8681
0.585, 8680
0.586, 8679
0.589, 8678
0.590, 8677
0.591, 8676
0.592, 8675
0.592, 8674
0.593, 8673
0.596, 8672
0.598, 8671
0.600, 8670
0.600, 8669
0.601, 8668
0.602, 8667
0.605, 8666
0.607, 8665
0.608, 8664
0.611, 8663
0.612, 8662
0.613, 8661
0.613, 8660
0.614, 8659
0.616, 8658
0.618, 8657
0.621, 8656
0.625, 8655
0.626, 8654
0.628, 8653
0.629, 8652
0.631, 8651
0.633, 8650
0.634, 8649
0.636, 8648
0.636, 8647
0.637, 8646
0.638, 8645
0.640, 8644
0.644, 8643
0.644, 8642
0.648, 8641
0.650, 8640
0.652, 8639
0.653, 8638
0.654, 8637
0.655, 8636
0.658, 8635
0.660, 8634
0.661, 8633
0.662, 8632
0.663, 8631
0.664, 8630
0.667, 8629
0.668, 8628
0.669, 8627
0.670, 8626
0.671, 8625
0.672, 8624
0.675, 8623
0.676, 8622
0.677, 8621
0.681, 8620
0.682, 8619
0.683, 8618
0.684, 8617
0.686, 8616
0.688, 8615
0.689, 8614
0.690, 8613
0.690, 8612
0.692, 8611
0.694, 8610
0.697, 8609
0.698, 8608
0.700, 8607
0.703, 8606
0.704, 8605
0.705, 8604
0.706, 8603
0.708, 8602
0.709, 8601
0.710, 8600
0.712, 8599
0.713, 8598
0.714, 8597
0.714, 8596
0.715, 8595
0.717, 8594
0.718, 8593
0.722, 8592
0.724, 8591
0.728, 8590
0.729, 8589
0.729, 8588
0.730, 8587
0.731, 8586
0.735, 8585
0.738, 8584
0.739, 8583
0.741, 8582
0.743, 8581
0.744, 8580
0.745, 8579
0.745, 8578
0.746, 8577
0.746, 8576
0.748, 8575
0.748, 8574
0.749, 8573
0.750, 8572
0.752, 8571
0.753, 8570
0.754, 8569
0.754, 8568
0.755, 8567
0.755, 8566
0.756, 8565
0.758, 8564
0.762, 8563
0.763, 8562
0.764, 8561
0.766, 8560
0.767, 8559
0.769, 8558
0.771, 8557
0.771, 8556
0.772, 8555
0.772, 8554
0.773, 8553
0.774, 8552
0.776, 8551
0.777, 8550
0.777, 8549
0.779, 8548
0.779, 8547
0.781, 8546
0.782, 8545
0.783, 8544
0.789, 8543
0.791, 8542
0.792, 8541
0.795, 8540
0.798, 8539
0.799, 8538
0.802, 8537
0.803, 8536
0.805, 8535
0.805, 8534
0.807, 8533
0.808, 8532
0.809, 8531
0.810, 8530
0.811, 8529
0.812, 8528
0.814, 8527
0.814, 8526
0.815, 8525
0.816, 8524
0.816, 8523
0.820, 8522
0.822, 8521
0.823, 8520
0.824, 8519
0.825, 8518
0.826, 8517
0.827, 8516
0.829, 8515
0.830, 8514
0.832, 8513
0.833, 8512
0.834, 8511
0.836, 8510
0.838, 8509
0.839, 8508
0.842, 8507
0.844, 8506
0.844, 8505
0.845, 8504
0.847, 8503
0.848, 8502
0.849, 8501
0.851, 8500
0.852, 8499
0.857, 8498
0.858, 8497
0.863, 8496
0.865, 8495
0.867, 8494
0.867, 8493
0.869, 8492
0.869, 8491
0.872, 8490
0.873, 8489
0.874, 8488
0.874, 8487
0.879, 8486
0.881, 8485
0.883, 8484
0.889, 8483
0.890, 8482
0.892, 8481
0.893, 8480
0.894, 8479
0.897, 8478
0.904, 8477
0.905, 8476
0.906, 8475
0.907, 8474
0.908, 8473
0.910, 8472
0.913, 8471
0.916, 8470
0.923, 8469
0.924, 8468
0.925, 8467
0.926, 8466
0.927, 8465
0.928, 8464
0.929, 8463
0.932, 8462
0.933, 8461
0.934, 8460
0.935, 8459
0.936, 8458
0.937, 8457
0.945, 8456
0.946, 8455
0.949, 8454
0.949, 8453
0.950, 8452
0.953, 8451
0.955, 8450
0.956, 8449
0.958, 8448
0.960, 8447
0.962, 8446
0.966, 8445
0.967, 8444
0.971, 8443
0.973, 8442
0.974, 8441
0.977, 8440
0.979, 8439
0.981, 8438
0.981, 8437
0.983, 8436
0.985, 8435
0.986, 8434
0.987, 8433
0.988, 8432
0.989, 8431
0.990, 8430
0.992, 8429
0.997, 8428
1.002, 8427
1.006, 8426
1.006, 8425
1.013, 8424
1.014, 8423
1.017, 8422
1.018, 8421
1.020, 8420
1.021, 8419
1.027, 8418
1.030, 8417
1.032, 8416
1.035, 8415
1.038, 8414
1.038, 8413
1.040, 8412
1.041, 8411
1.043, 8410
1.044, 8409
1.045, 8408
1.059, 8407
1.059, 8406
1.062, 8405
1.063, 8404
1.063, 8403
1.064, 8402
1.065, 8401
1.066, 8400
1.067, 8399
1.068, 8398
1.068, 8397
1.071, 8396
1.071, 8395
1.076, 8394
1.079, 8393
1.089, 8392
1.092, 8391
1.093, 8390
1.094, 8389
1.094, 8388
1.096, 8387
1.097, 8386
1.101, 8385
1.101, 8384
1.103, 8383
1.105, 8382
1.107, 8381
1.109, 8380
1.113, 8379
1.114, 8378
1.115, 8377
1.115, 8376
1.116, 8375
1.117, 8374
1.120, 8373
1.121, 8372
1.122, 8371
1.124, 8370
1.125, 8369
1.127, 8368
1.129, 8367
1.133, 8366
1.135, 8365
1.140, 8364
1.142, 8363
1.143, 8362
1.145, 8361
1.145, 8360
1.148, 8359
1.149, 8358
1.151, 8357
1.151, 8356
1.152, 8355
1.153, 8354
1.154, 8353
1.159, 8352
1.161, 8351
1.163, 8350
1.169, 8349
1.170, 8348
1.170, 8347
1.171, 8346
1.171, 8345
1.172, 8344
1.179, 8343
1.181, 8342
1.182, 8341
1.191, 8340
1.192, 8339
1.196, 8338
1.202, 8337
1.203, 8336
1.205, 8335
1.210, 8334
1.212, 8333
1.213, 8332
1.220, 8331
1.220, 8330
1.222, 8329
1.226, 8328
1.227, 8327
1.227, 8326
1.228, 8325
1.233, 8324
1.235, 8323
1.235, 8322
1.236, 8321
1.239, 8320
1.240, 8319
1.242, 8318
1.247, 8317
1.248, 8316
1.251, 8315
1.253, 8314
1.262, 8313
1.264, 8312
1.265, 8311
1.269, 8310
1.273, 8309
1.275, 8308
1.277, 8307
1.278, 8306
1.284, 8305
1.285, 8304
1.290, 8303
1.293, 8302
1.295, 8301
1.301, 8300
1.304, 8299
1.308, 8298
1.313, 8297
1.313, 8296
1.316, 8295
1.322, 8294
1.329, 8293
1.330, 8292
1.331, 8291
1.336, 8290
1.340, 8289
1.342, 8288
1.347, 8287
1.347, 8286
1.350, 8285
1.358, 8284
1.359, 8283
1.369, 8282
1.371, 8281
1.372, 8280
1.373, 8279
1.374, 8278
1.378, 8277
1.385, 8276
1.386, 8275
1.390, 8274
1.391, 8273
1.394, 8272
1.396, 8271
1.396, 8270
1.397, 8269
1.401, 8268
1.403, 8267
1.406, 8266
1.409, 8265
1.410, 8264
1.413, 8263
1.415, 8262
1.416, 8261
1.416, 8260
1.427, 8259
1.435, 8258
1.437, 8257
1.442, 8256
1.445, 8255
1.450, 8254
1.451, 8253
1.452, 8252
1.456, 8251
1.459, 8250
1.462, 8249
1.464, 8248
1.469, 8247
1.471, 8246
1.477, 8245
1.480, 8244
1.485, 8243
1.485, 8242
1.486, 8241
1.488, 8240
1.494, 8239
1.495, 8238
1.496, 8237
1.497, 8236
1.498, 8235
1.498, 8234
1.499, 8233
1.501, 8232
1.506, 8231
1.508, 8230
1.513, 8229
1.515, 8228
1.522, 8227
1.526, 8226
1.531, 8225
1.532, 8224
1.546, 8223
1.547, 8222
1.554, 8221
1.555, 8220
1.558, 8219
1.567, 8218
1.569, 8217
1.571, 8216
1.573, 8215
1.576, 8214
1.577, 8213
1.578, 8212
1.581, 8211
1.587, 8210
1.588, 8209
1.590, 8208
1.593, 8207
1.599, 8206
1.607, 8205
1.607, 8204
1.611, 8203
1.617, 8202
1.618, 8201
1.619, 8200
1.620, 8199
1.620, 8198
1.623, 8197
1.625, 8196
1.628, 8195
1.631, 8194
1.632, 8193
1.634, 8192
1.635, 8191
1.639, 8190
1.651, 8189
1.657, 8188
1.660, 8187
1.661, 8186
1.661, 8185
1.662, 8184
1.666, 8183
1.671, 8182
1.675, 8181
1.681, 8180
1.684, 8179
1.688, 8178
1.689, 8177
1.690, 8176
1.692, 8175
1.693, 8174
1.700, 8173
1.703, 8172
1.703, 8171
1.711, 8170
1.711, 8169
1.712, 8168
1.713, 8167
1.717, 8166
1.718, 8165
1.723, 8164
1.731, 8163
1.736, 8162
1.737, 8161
1.738, 8160
1.741, 8159
1.744, 8158
1.748, 8157
1.751, 8156
1.752, 8155
1.752, 8154
1.754, 8153
1.759, 8152
1.763, 8151
1.766, 8150
1.777, 8149
1.778, 8148
1.783, 8147
1.786, 8146
1.788, 8145
1.793, 8144
1.795, 8143
1.798, 8142
1.804, 8141
1.804, 8140
1.805, 8139
1.808, 8138
1.810, 8137
1.811, 8136
1.813, 8135
1.814, 8134
1.817, 8133
1.818, 8132
1.822, 8131
1.827, 8130
1.829, 8129
1.836, 8128
1.838, 8127
1.842, 8126
1.842, 8125
1.844, 8124
1.848, 8123
1.851, 8122
1.855, 8121
1.857, 8120
1.864, 8119
1.868, 8118
1.876, 8117
1.879, 8116
1.884, 8115
1.887, 8114
1.891, 8113
1.901, 8112
1.903, 8111
1.907, 8110
1.910, 8109
1.911, 8108
1.913, 8107
1.919, 8106
1.921, 8105
1.922, 8104
1.925, 8103
1.928, 8102
1.946, 8101
1.948, 8100
1.953, 8099
1.956, 8098
1.960, 8097
1.964, 8096
1.969, 8095
1.976, 8094
1.983, 8093
1.986, 8092
2.003, 8091
2.005, 8090
2.006, 8089
2.010, 8088
2.019, 8087
2.020, 8086
2.031, 8085
2.038, 8084
2.040, 8083
2.040, 8082
2.041, 8081
2.044, 8080
2.045, 8079
2.052, 8078
2.054, 8077
2.057, 8076
2.060, 8075
2.066, 8074
2.067, 8073
2.070, 8072
2.076, 8071
2.077, 8070
2.080, 8069
2.081, 8068
2.081, 8067
2.089, 8066
2.093, 8065
2.103, 8064
2.106, 8063
2.109, 8062
2.115, 8061
2.117, 8060
2.119, 8059
2.125, 8058
2.125, 8057
2.126, 8056
2.129, 8055
2.130, 8054
2.132, 8053
2.135, 8052
2.136, 8051
2.142, 8050
2.146, 8049
2.146, 8048
2.153, 8047
2.154, 8046
2.157, 8045
2.165, 8044
2.165, 8043
2.168, 8042
2.179, 8041
2.197, 8040
2.200, 8039
2.204, 8038
2.206, 8037
2.208, 8036
2.211, 8035
2.213, 8034
2.218, 8033
2.226, 8032
2.230, 8031
2.235, 8030
2.248, 8029
2.249, 8028
2.258, 8027
2.263, 8026
2.264, 8025
2.265, 8024
2.268, 8023
2.274, 8022
2.275, 8021
2.276, 8020
2.298, 8019
2.301, 8018
2.301, 8017
2.306, 8016
2.310, 8015
2.318, 8014
2.321, 8013
2.345, 8012
2.348, 8011
2.370, 8010
2.371, 8009
2.386, 8008
2.391, 8007
2.394, 8006
2.398, 8005
2.404, 8004
2.407, 8003
2.409, 8002
2.420, 8001
2.427, 8000
2.428, 7999
2.431, 7998
2.434, 7997
2.436, 7996
2.447, 7995
2.461, 7994
2.462, 7993
2.472, 7992
2.476, 7991
2.480, 7990
2.481, 7989
2.485, 7988
2.490, 7987
2.491, 7986
2.502, 7985
2.522, 7984
2.530, 7983
2.536, 7982
2.545, 7981
2.547, 7980
2.551, 7979
2.555, 7978
2.561, 7977
2.569, 7976
2.582, 7975
2.585, 7974
2.599, 7973
2.603, 7972
2.604, 7971
2.605, 7970
2.608, 7969
2.609, 7968
2.609, 7967
2.610, 7966
2.615, 7965
2.619, 7964
2.621, 7963
2.621, 7962
2.634, 7961
2.636, 7960
2.641, 7959
2.643, 7958
2.650, 7957
2.665, 7956
2.675, 7955
2.685, 7954
2.697, 7953
2.698, 7952
2.711, 7951
2.717, 7950
2.720, 7949
2.724, 7948
2.741, 7947
2.742, 7946
2.746, 7945
2.758, 7944
2.768, 7943
2.774, 7942
2.779, 7941
2.779, 7940
2.783, 7939
2.791, 7938
2.796, 7937
2.801, 7936
2.808, 7935
2.816, 7934
2.818, 7933
2.819, 7932
2.824, 7931
2.826, 7930
2.827, 7929
2.834, 7928
2.851, 7927
2.863, 7926
2.865, 7925
2.866, 7924
2.869, 7923
2.878, 7922
2.900, 7921
2.923, 7920
2.923, 7919
2.925, 7918
2.927, 7917
2.928, 7916
2.932, 7915
2.935, 7914
2.947, 7913
2.956, 7912
2.961, 7911
2.974, 7910
2.981, 7909
2.987, 7908
2.990, 7907
2.997, 7906
3.000, 7905
3.005, 7904
3.012, 7903
3.017, 7902
3.023, 7901
3.026, 7900
3.031, 7899
3.041, 7898
3.042, 7897
3.049, 7896
3.063, 7895
3.066, 7894
3.077, 7893
3.084, 7892
3.089, 7891
3.090, 7890
3.092, 7889
3.106, 7888
3.130, 7887
3.133, 7886
3.143, 7885
3.151, 7884
3.170, 7883
3.172, 7882
3.189, 7881
3.191, 7880
3.198, 7879
3.203, 7878
3.208, 7877
3.213, 7876
3.214, 7875
3.224, 7874
3.227, 7873
3.239, 7872
3.242, 7871
3.248, 7870
3.255, 7869
3.263, 7868
3.270, 7867
3.271, 7866
3.275, 7865
3.282, 7864
3.295, 7863
3.299, 7862
3.304, 7861
3.305, 7860
3.314, 7859
3.322, 7858
3.360, 7857
3.363, 7856
3.364, 7855
3.366, 7854
3.377, 7853
3.384, 7852
3.399, 7851
3.403, 7850
3.404, 7849
3.412, 7848
3.424, 7847
3.435, 7846
3.437, 7845
3.443, 7844
3.457, 7843
3.476, 7842
3.480, 7841
3.494, 7840
3.504, 7839
3.527, 7838
3.534, 7837
3.554, 7836
3.560, 7835
3.571, 7834
3.586, 7833
3.586, 7832
3.639, 7831
3.643, 7830
3.654, 7829
3.656, 7828
3.678, 7827
3.684, 7826
3.691, 7825
3.712, 7824
3.726, 7823
3.732, 7822
3.732, 7821
3.744, 7820
3.753, 7819
3.770, 7818
3.787, 7817
3.813, 7816
3.819, 7815
3.836, 7814
3.842, 7813
3.876, 7812
3.886, 7811
3.904, 7810
3.909, 7809
3.910, 7808
3.915, 7807
3.929, 7806
3.938, 7805
3.941, 7804
3.953, 7803
3.978, 7802
3.996, 7801
4.003, 7800
4.004, 7799
4.013, 7798
4.015, 7797
4.016, 7796
4.018, 7795
4.020, 7794
4.029, 7793
4.034, 7792
4.041, 7791
4.045, 7790
4.071, 7789
4.088, 7788
4.105, 7787
4.110, 7786
4.111, 7785
4.117, 7784
4.138, 7783
4.143, 7782
4.144, 7781
4.145, 7780
4.147, 7779
4.154, 7778
4.155, 7777
4.159, 7776
4.179, 7775
4.192, 7774
4.199, 7773
4.215, 7772
4.233, 7771
4.269, 7770
4.273, 7769
4.285, 7768
4.316, 7767
4.343, 7766
4.346, 7765
4.355, 7764
4.402, 7763
4.403, 7762
4.408, 7761
4.422, 7760
4.443, 7759
4.459, 7758
4.471, 7757
4.490, 7756
4.490, 7755
4.491, 7754
4.512, 7753
4.524, 7752
4.594, 7751
4.612, 7750
4.631, 7749
4.654, 7748
4.656, 7747
4.658, 7746
4.664, 7745
4.668, 7744
4.687, 7743
4.711, 7742
4.713, 7741
4.735, 7740
4.740, 7739
4.775, 7738
4.823, 7737
4.865, 7736
4.875, 7735
4.883, 7734
4.905, 7733
4.918, 7732
4.921, 7731
4.934, 7730
4.954, 7729
4.972, 7728
4.999, 7727
5.002, 7726
5.012, 7725
5.058, 7724
5.065, 7723
5.108, 7722
5.120, 7721
5.124, 7720
5.171, 7719
5.178, 7718
5.187, 7717
5.195, 7716
5.213, 7715
5.216, 7714
5.229, 7713
5.244, 7712
5.271, 7711
5.282, 7710
5.290, 7709
5.291, 7708
5.310, 7707
5.312, 7706
5.314, 7705
5.327, 7704
5.331, 7703
5.361, 7702
5.431, 7701
5.433, 7700
5.511, 7699
5.531, 7698
5.532, 7697
5.538, 7696
5.592, 7695
5.598, 7694
5.621, 7693
5.648, 7692
5.649, 7691
5.666, 7690
5.668, 7689
5.700, 7688
5.703, 7687
5.752, 7686
5.765, 7685
5.770, 7684
5.785, 7683
5.800, 7682
5.853, 7681
5.861, 7680
5.919, 7679
5.941, 7678
5.946, 7677
5.963, 7676
5.965, 7675
5.999, 7674
6.040, 7673
6.044, 7672
6.049, 7671
6.054, 7670
6.115, 7669
6.117, 7668
6.126, 7667
6.165, 7666
6.210, 7665
6.253, 7664
6.268, 7663
6.323, 7662
6.411, 7661
6.482, 7660
6.516, 7659
6.566, 7658
6.651, 7657
6.667, 7656
6.699, 7655
6.726, 7654
6.772, 7653
6.790, 7652
6.845, 7651
6.854, 7650
6.894, 7649
6.918, 7648
7.078, 7647
7.159, 7646
7.281, 7645
7.431, 7644
7.449, 7643
7.521, 7642
7.555, 7641
7.579, 7640
7.619, 7639
7.716, 7638
7.736, 7637
7.792, 7636
7.920, 7635
7.948, 7634
7.949, 7633
8.087, 7632
8.096, 7631
8.158, 7630
8.252, 7629
8.346, 7628
8.580, 7627
8.630, 7626
8.689, 7625
8.791, 7624
9.147, 7623
9.152, 7622
9.198, 7621
9.409, 7620
9.580, 7619
9.786, 7618
9.802, 7617
9.878, 7616
10.568, 7615
11.087, 7614
11.222, 7613
11.291, 7612
11.316, 7611
11.596, 7610
11.688, 7609
11.758, 7608
11.826, 7607
12.369, 7606
12.442, 7605
12.788, 7604
13.185, 7603
13.424, 7602
13.837, 7601
14.345, 7600
15.133, 7599
15.986, 7598
18.852, 7597
20.814, 7596
