0.003, 11021
0.003, 11020
0.003, 11019
0.003, 11018
0.003, 11017
0.003, 11016
0.003, 11015
0.003, 11014
0.003, 11013
0.003, 11012
0.003, 11011
0.003, 11010
0.003, 11009
0.003, 11008
0.003, 11007
0.003, 11006
0.003, 11005
0.003, 11004
0.003, 11003
0.003, 11002
0.003, 11001
0.003, 11000
0.003, 10999
0.003, 10998
0.003, 10997
0.003, 10996
0.003, 10995
0.003, 10994
0.003, 10993
0.003, 10992
0.003, 10991
0.003, 10990
0.003, 10989
0.003, 10988
0.003, 10987
0.003, 10986
0.003, 10985
0.003, 10984
0.003, 10983
0.003, 10982
0.003, 10981
0.003, 10980
0.003, 10979
0.003, 10978
0.003, 10977
0.003, 10976
0.003, 10975
0.003, 10974
0.003, 10973
0.003, 10972
0.003, 10971
0.003, 10970
0.003, 10969
0.003, 10968
0.003, 10967
0.003, 10966
0.003, 10965
0.003, 10964
0.003, 10963
0.003, 10962
0.003, 10961
0.003, 10960
0.003, 10959
0.003, 10958
0.003, 10957
0.003, 10956
0.003, 10955
0.003, 10954
0.003, 10953
0.003, 10952
0.003, 10951
0.003, 10950
0.003, 10949
0.003, 10948
0.003, 10947
0.003, 10946
0.003, 10945
0.003, 10944
0.003, 10943
0.003, 10942
0.003, 10941
0.003, 10940
0.003, 10939
0.003, 10938
0.003, 10937
0.003, 10936
0.003, 10935
0.003, 10934
0.003, 10933
0.003, 10932
0.003, 10931
0.003, 10930
0.003, 10929
0.003, 10928
0.003, 10927
0.003, 10926
0.003, 10925
0.003, 10924
0.003, 10923
0.003, 10922
0.003, 10921
0.003, 10920
0.003, 10919
0.003, 10918
0.003, 10917
0.003, 10916
0.003, 10915
0.003, 10914
0.003, 10913
0.003, 10912
0.003, 10911
0.003, 10910
0.003, 10909
0.003, 10908
0.003, 10907
0.003, 10906
0.003, 10905
0.003, 10904
0.003, 10903
0.004, 10902
0.004, 10901
0.004, 10900
0.004, 10899
0.004, 10898
0.004, 10897
0.004, 10896
0.004, 10895
0.004, 10894
0.004, 10893
0.004, 10892
0.004, 10891
0.004, 10890
0.004, 10889
0.004, 10888
0.004, 10887
0.004, 10886
0.004, 10885
0.004, 10884
0.004, 10883
0.004, 10882
0.004, 10881
0.004, 10880
0.004, 10879
0.004, 10878
0.004, 10877
0.004, 10876
0.004, 10875
0.004, 10874
0.004, 10873
0.004, 10872
0.004, 10871
0.004, 10870
0.004, 10869
0.004, 10868
0.004, 10867
0.004, 10866
0.004, 10865
0.004, 10864
0.004, 10863
0.004, 10862
0.004, 10861
0.004, 10860
0.004, 10859
0.004, 10858
0.004, 10857
0.004, 10856
0.004, 10855
0.004, 10854
0.004, 10853
0.004, 10852
0.004, 10851
0.004, 10850
0.004, 10849
0.004, 10848
0.004, 10847
0.004, 10846
0.004, 10845
0.004, 10844
0.004, 10843
0.004, 10842
0.004, 10841
0.004, 10840
0.004, 10839
0.004, 10838
0.004, 10837
0.004, 10836
0.004, 10835
0.004, 10834
0.004, 10833
0.004, 10832
0.004, 10831
0.004, 10830
0.004, 10829
0.004, 10828
0.004, 10827
0.004, 10826
0.004, 10825
0.004, 10824
0.004, 10823
0.004, 10822
0.004, 10821
0.004, 10820
0.004, 10819
0.004, 10818
0.004, 10817
0.004, 10816
0.004, 10815
0.004, 10814
0.004, 10813
0.004, 10812
0.004, 10811
0.004, 10810
0.004, 10809
0.004, 10808
0.004, 10807
0.004, 10806
0.004, 10805
0.004, 10804
0.004, 10803
0.004, 10802
0.004, 10801
0.004, 10800
0.004, 10799
0.004, 10798
0.004, 10797
0.004, 10796
0.004, 10795
0.004, 10794
0.004, 10793
0.004, 10792
0.004, 10791
0.004, 10790
0.004, 10789
0.004, 10788
0.004, 10787
0.004, 10786
0.004, 10785
0.004, 10784
0.004, 10783
0.004, 10782
0.004, 10781
0.004, 10780
0.004, 10779
0.004, 10778
0.004, 10777
0.004, 10776
0.004, 10775
0.004, 10774
0.004, 10773
0.004, 10772
0.004, 10771
0.004, 10770
0.004, 10769
0.004, 10768
0.004, 10767
0.004, 10766
0.004, 10765
0.004, 10764
0.004, 10763
0.004, 10762
0.004, 10761
0.004, 10760
0.004, 10759
0.004, 10758
0.004, 10757
0.004, 10756
0.004, 10755
0.004, 10754
0.004, 10753
0.004, 10752
0.004, 10751
0.004, 10750
0.004, 10749
0.004, 10748
0.004, 10747
0.004, 10746
0.004, 10745
0.004, 10744
0.004, 10743
0.004, 10742
0.004, 10741
0.004, 10740
0.004, 10739
0.004, 10738
0.004, 10737
0.004, 10736
0.004, 10735
0.004, 10734
0.004, 10733
0.004, 10732
0.004, 10731
0.004, 10730
0.004, 10729
0.004, 10728
0.004, 10727
0.004, 10726
0.004, 10725
0.004, 10724
0.004, 10723
0.004, 10722
0.004, 10721
0.004, 10720
0.004, 10719
0.004, 10718
0.004, 10717
0.004, 10716
0.004, 10715
0.004, 10714
0.004, 10713
0.004, 10712
0.004, 10711
0.004, 10710
0.004, 10709
0.004, 10708
0.004, 10707
0.004, 10706
0.004, 10705
0.004, 10704
0.004, 10703
0.004, 10702
0.004, 10701
0.004, 10700
0.004, 10699
0.004, 10698
0.004, 10697
0.004, 10696
0.004, 10695
0.004, 10694
0.004, 10693
0.004, 10692
0.004, 10691
0.004, 10690
0.004, 10689
0.004, 10688
0.004, 10687
0.004, 10686
0.004, 10685
0.004, 10684
0.004, 10683
0.004, 10682
0.004, 10681
0.004, 10680
0.004, 10679
0.004, 10678
0.004, 10677
0.004, 10676
0.004, 10675
0.004, 10674
0.004, 10673
0.004, 10672
0.004, 10671
0.004, 10670
0.004, 10669
0.004, 10668
0.004, 10667
0.004, 10666
0.004, 10665
0.004, 10664
0.004, 10663
0.004, 10662
0.004, 10661
0.004, 10660
0.004, 10659
0.004, 10658
0.004, 10657
0.004, 10656
0.004, 10655
0.004, 10654
0.004, 10653
0.004, 10652
0.004, 10651
0.004, 10650
0.004, 10649
0.004, 10648
0.004, 10647
0.004, 10646
0.004, 10645
0.004, 10644
0.004, 10643
0.004, 10642
0.004, 10641
0.004, 10640
0.004, 10639
0.004, 10638
0.004, 10637
0.004, 10636
0.004, 10635
0.004, 10634
0.004, 10633
0.004, 10632
0.004, 10631
0.004, 10630
0.004, 10629
0.004, 10628
0.004, 10627
0.004, 10626
0.004, 10625
0.004, 10624
0.004, 10623
0.004, 10622
0.004, 10621
0.004, 10620
0.004, 10619
0.004, 10618
0.004, 10617
0.004, 10616
0.004, 10615
0.004, 10614
0.004, 10613
0.004, 10612
0.004, 10611
0.004, 10610
0.004, 10609
0.004, 10608
0.004, 10607
0.004, 10606
0.004, 10605
0.004, 10604
0.004, 10603
0.004, 10602
0.004, 10601
0.004, 10600
0.004, 10599
0.004, 10598
0.004, 10597
0.004, 10596
0.004, 10595
0.004, 10594
0.004, 10593
0.004, 10592
0.004, 10591
0.004, 10590
0.004, 10589
0.004, 10588
0.004, 10587
0.004, 10586
0.004, 10585
0.004, 10584
0.004, 10583
0.004, 10582
0.004, 10581
0.004, 10580
0.004, 10579
0.004, 10578
0.004, 10577
0.004, 10576
0.004, 10575
0.004, 10574
0.004, 10573
0.004, 10572
0.004, 10571
0.004, 10570
0.004, 10569
0.004, 10568
0.004, 10567
0.004, 10566
0.004, 10565
0.004, 10564
0.004, 10563
0.004, 10562
0.004, 10561
0.004, 10560
0.004, 10559
0.004, 10558
0.004, 10557
0.004, 10556
0.004, 10555
0.004, 10554
0.004, 10553
0.004, 10552
0.004, 10551
0.004, 10550
0.004, 10549
0.004, 10548
0.004, 10547
0.004, 10546
0.004, 10545
0.004, 10544
0.004, 10543
0.004, 10542
0.004, 10541
0.004, 10540
0.004, 10539
0.004, 10538
0.004, 10537
0.004, 10536
0.004, 10535
0.004, 10534
0.004, 10533
0.004, 10532
0.004, 10531
0.004, 10530
0.004, 10529
0.004, 10528
0.004, 10527
0.004, 10526
0.004, 10525
0.004, 10524
0.004, 10523
0.004, 10522
0.004, 10521
0.004, 10520
0.004, 10519
0.004, 10518
0.004, 10517
0.004, 10516
0.004, 10515
0.004, 10514
0.004, 10513
0.004, 10512
0.004, 10511
0.004, 10510
0.004, 10509
0.004, 10508
0.004, 10507
0.004, 10506
0.004, 10505
0.004, 10504
0.004, 10503
0.004, 10502
0.004, 10501
0.004, 10500
0.004, 10499
0.004, 10498
0.004, 10497
0.004, 10496
0.004, 10495
0.004, 10494
0.004, 10493
0.004, 10492
0.004, 10491
0.004, 10490
0.004, 10489
0.004, 10488
0.004, 10487
0.004, 10486
0.004, 10485
0.004, 10484
0.004, 10483
0.004, 10482
0.004, 10481
0.004, 10480
0.004, 10479
0.004, 10478
0.004, 10477
0.004, 10476
0.004, 10475
0.004, 10474
0.004, 10473
0.004, 10472
0.004, 10471
0.004, 10470
0.004, 10469
0.004, 10468
0.004, 10467
0.004, 10466
0.004, 10465
0.004, 10464
0.004, 10463
0.004, 10462
0.004, 10461
0.004, 10460
0.004, 10459
0.004, 10458
0.004, 10457
0.004, 10456
0.004, 10455
0.004, 10454
0.004, 10453
0.004, 10452
0.005, 10451
0.005, 10450
0.005, 10449
0.005, 10448
0.005, 10447
0.005, 10446
0.005, 10445
0.005, 10444
0.005, 10443
0.005, 10442
0.005, 10441
0.005, 10440
0.005, 10439
0.005, 10438
0.005, 10437
0.005, 10436
0.005, 10435
0.005, 10434
0.005, 10433
0.005, 10432
0.005, 10431
0.005, 10430
0.005, 10429
0.005, 10428
0.005, 10427
0.005, 10426
0.005, 10425
0.005, 10424
0.005, 10423
0.005, 10422
0.005, 10421
0.005, 10420
0.005, 10419
0.005, 10418
0.005, 10417
0.005, 10416
0.005, 10415
0.005, 10414
0.005, 10413
0.005, 10412
0.005, 10411
0.005, 10410
0.005, 10409
0.005, 10408
0.005, 10407
0.005, 10406
0.005, 10405
0.005, 10404
0.005, 10403
0.005, 10402
0.005, 10401
0.005, 10400
0.005, 10399
0.005, 10398
0.005, 10397
0.005, 10396
0.005, 10395
0.005, 10394
0.005, 10393
0.005, 10392
0.005, 10391
0.005, 10390
0.005, 10389
0.005, 10388
0.005, 10387
0.005, 10386
0.005, 10385
0.005, 10384
0.005, 10383
0.005, 10382
0.005, 10381
0.005, 10380
0.005, 10379
0.005, 10378
0.005, 10377
0.005, 10376
0.005, 10375
0.005, 10374
0.005, 10373
0.005, 10372
0.005, 10371
0.005, 10370
0.005, 10369
0.005, 10368
0.005, 10367
0.005, 10366
0.005, 10365
0.005, 10364
0.005, 10363
0.005, 10362
0.005, 10361
0.005, 10360
0.005, 10359
0.005, 10358
0.005, 10357
0.005, 10356
0.005, 10355
0.005, 10354
0.005, 10353
0.005, 10352
0.005, 10351
0.005, 10350
0.005, 10349
0.005, 10348
0.005, 10347
0.005, 10346
0.005, 10345
0.005, 10344
0.005, 10343
0.005, 10342
0.005, 10341
0.005, 10340
0.005, 10339
0.005, 10338
0.005, 10337
0.005, 10336
0.005, 10335
0.005, 10334
0.005, 10333
0.005, 10332
0.005, 10331
0.005, 10330
0.005, 10329
0.005, 10328
0.005, 10327
0.005, 10326
0.005, 10325
0.005, 10324
0.005, 10323
0.005, 10322
0.005, 10321
0.005, 10320
0.005, 10319
0.005, 10318
0.005, 10317
0.005, 10316
0.005, 10315
0.005, 10314
0.005, 10313
0.005, 10312
0.005, 10311
0.005, 10310
0.005, 10309
0.005, 10308
0.005, 10307
0.005, 10306
0.005, 10305
0.005, 10304
0.005, 10303
0.005, 10302
0.005, 10301
0.005, 10300
0.005, 10299
0.005, 10298
0.005, 10297
0.005, 10296
0.005, 10295
0.005, 10294
0.005, 10293
0.005, 10292
0.005, 10291
0.005, 10290
0.005, 10289
0.005, 10288
0.005, 10287
0.005, 10286
0.005, 10285
0.005, 10284
0.005, 10283
0.005, 10282
0.005, 10281
0.005, 10280
0.005, 10279
0.005, 10278
0.005, 10277
0.005, 10276
0.005, 10275
0.005, 10274
0.005, 10273
0.005, 10272
0.005, 10271
0.005, 10270
0.005, 10269
0.005, 10268
0.005, 10267
0.005, 10266
0.005, 10265
0.005, 10264
0.005, 10263
0.005, 10262
0.005, 10261
0.005, 10260
0.005, 10259
0.005, 10258
0.005, 10257
0.005, 10256
0.005, 10255
0.005, 10254
0.005, 10253
0.005, 10252
0.005, 10251
0.005, 10250
0.005, 10249
0.005, 10248
0.005, 10247
0.005, 10246
0.005, 10245
0.005, 10244
0.005, 10243
0.005, 10242
0.005, 10241
0.005, 10240
0.005, 10239
0.005, 10238
0.005, 10237
0.005, 10236
0.005, 10235
0.005, 10234
0.005, 10233
0.005, 10232
0.005, 10231
0.005, 10230
0.005, 10229
0.005, 10228
0.005, 10227
0.005, 10226
0.005, 10225
0.005, 10224
0.005, 10223
0.005, 10222
0.005, 10221
0.005, 10220
0.005, 10219
0.005, 10218
0.005, 10217
0.005, 10216
0.005, 10215
0.005, 10214
0.005, 10213
0.005, 10212
0.005, 10211
0.005, 10210
0.005, 10209
0.005, 10208
0.005, 10207
0.005, 10206
0.005, 10205
0.005, 10204
0.005, 10203
0.005, 10202
0.005, 10201
0.005, 10200
0.005, 10199
0.005, 10198
0.005, 10197
0.005, 10196
0.005, 10195
0.005, 10194
0.005, 10193
0.005, 10192
0.005, 10191
0.005, 10190
0.005, 10189
0.005, 10188
0.005, 10187
0.005, 10186
0.005, 10185
0.005, 10184
0.005, 10183
0.005, 10182
0.005, 10181
0.005, 10180
0.005, 10179
0.005, 10178
0.005, 10177
0.005, 10176
0.005, 10175
0.005, 10174
0.005, 10173
0.005, 10172
0.005, 10171
0.005, 10170
0.005, 10169
0.005, 10168
0.005, 10167
0.005, 10166
0.005, 10165
0.005, 10164
0.005, 10163
0.005, 10162
0.005, 10161
0.005, 10160
0.005, 10159
0.005, 10158
0.005, 10157
0.005, 10156
0.005, 10155
0.005, 10154
0.005, 10153
0.005, 10152
0.005, 10151
0.005, 10150
0.005, 10149
0.005, 10148
0.005, 10147
0.005, 10146
0.005, 10145
0.005, 10144
0.005, 10143
0.005, 10142
0.005, 10141
0.005, 10140
0.005, 10139
0.005, 10138
0.005, 10137
0.005, 10136
0.005, 10135
0.005, 10134
0.005, 10133
0.005, 10132
0.005, 10131
0.005, 10130
0.005, 10129
0.005, 10128
0.005, 10127
0.005, 10126
0.005, 10125
0.005, 10124
0.005, 10123
0.005, 10122
0.005, 10121
0.005, 10120
0.005, 10119
0.005, 10118
0.005, 10117
0.005, 10116
0.005, 10115
0.005, 10114
0.005, 10113
0.005, 10112
0.005, 10111
0.005, 10110
0.005, 10109
0.005, 10108
0.005, 10107
0.005, 10106
0.005, 10105
0.005, 10104
0.005, 10103
0.005, 10102
0.005, 10101
0.005, 10100
0.005, 10099
0.005, 10098
0.005, 10097
0.005, 10096
0.005, 10095
0.005, 10094
0.005, 10093
0.005, 10092
0.005, 10091
0.005, 10090
0.005, 10089
0.005, 10088
0.005, 10087
0.005, 10086
0.005, 10085
0.005, 10084
0.005, 10083
0.005, 10082
0.005, 10081
0.005, 10080
0.005, 10079
0.005, 10078
0.005, 10077
0.005, 10076
0.005, 10075
0.005, 10074
0.005, 10073
0.005, 10072
0.005, 10071
0.005, 10070
0.005, 10069
0.005, 10068
0.005, 10067
0.005, 10066
0.005, 10065
0.005, 10064
0.005, 10063
0.005, 10062
0.005, 10061
0.005, 10060
0.005, 10059
0.005, 10058
0.005, 10057
0.005, 10056
0.005, 10055
0.005, 10054
0.005, 10053
0.005, 10052
0.005, 10051
0.005, 10050
0.005, 10049
0.005, 10048
0.005, 10047
0.005, 10046
0.005, 10045
0.005, 10044
0.005, 10043
0.005, 10042
0.005, 10041
0.005, 10040
0.005, 10039
0.005, 10038
0.005, 10037
0.005, 10036
0.005, 10035
0.005, 10034
0.005, 10033
0.005, 10032
0.005, 10031
0.005, 10030
0.005, 10029
0.005, 10028
0.005, 10027
0.005, 10026
0.005, 10025
0.005, 10024
0.005, 10023
0.005, 10022
0.005, 10021
0.005, 10020
0.005, 10019
0.006, 10018
0.006, 10017
0.006, 10016
0.006, 10015
0.006, 10014
0.006, 10013
0.006, 10012
0.006, 10011
0.006, 10010
0.006, 10009
0.006, 10008
0.006, 10007
0.006, 10006
0.006, 10005
0.006, 10004
0.006, 10003
0.006, 10002
0.006, 10001
0.006, 10000
0.006, 9999
0.006, 9998
0.006, 9997
0.006, 9996
0.006, 9995
0.006, 9994
0.006, 9993
0.006, 9992
0.006, 9991
0.006, 9990
0.006, 9989
0.006, 9988
0.006, 9987
0.006, 9986
0.006, 9985
0.006, 9984
0.006, 9983
0.006, 9982
0.006, 9981
0.006, 9980
0.006, 9979
0.006, 9978
0.006, 9977
0.006, 9976
0.006, 9975
0.006, 9974
0.006, 9973
0.006, 9972
0.006, 9971
0.006, 9970
0.006, 9969
0.006, 9968
0.006, 9967
0.006, 9966
0.006, 9965
0.006, 9964
0.006, 9963
0.006, 9962
0.006, 9961
0.006, 9960
0.006, 9959
0.006, 9958
0.006, 9957
0.006, 9956
0.006, 9955
0.006, 9954
0.006, 9953
0.006, 9952
0.006, 9951
0.006, 9950
0.006, 9949
0.006, 9948
0.006, 9947
0.006, 9946
0.006, 9945
0.006, 9944
0.006, 9943
0.006, 9942
0.006, 9941
0.006, 9940
0.006, 9939
0.006, 9938
0.006, 9937
0.006, 9936
0.006, 9935
0.006, 9934
0.006, 9933
0.006, 9932
0.006, 9931
0.006, 9930
0.006, 9929
0.006, 9928
0.006, 9927
0.006, 9926
0.006, 9925
0.006, 9924
0.006, 9923
0.006, 9922
0.006, 9921
0.006, 9920
0.006, 9919
0.006, 9918
0.006, 9917
0.006, 9916
0.006, 9915
0.006, 9914
0.006, 9913
0.006, 9912
0.006, 9911
0.006, 9910
0.006, 9909
0.006, 9908
0.006, 9907
0.006, 9906
0.006, 9905
0.006, 9904
0.006, 9903
0.006, 9902
0.006, 9901
0.006, 9900
0.006, 9899
0.006, 9898
0.006, 9897
0.006, 9896
0.006, 9895
0.006, 9894
0.006, 9893
0.006, 9892
0.006, 9891
0.006, 9890
0.006, 9889
0.006, 9888
0.006, 9887
0.006, 9886
0.006, 9885
0.006, 9884
0.006, 9883
0.006, 9882
0.006, 9881
0.006, 9880
0.006, 9879
0.006, 9878
0.006, 9877
0.006, 9876
0.006, 9875
0.006, 9874
0.006, 9873
0.006, 9872
0.006, 9871
0.006, 9870
0.006, 9869
0.006, 9868
0.006, 9867
0.006, 9866
0.006, 9865
0.006, 9864
0.006, 9863
0.006, 9862
0.006, 9861
0.006, 9860
0.006, 9859
0.006, 9858
0.006, 9857
0.006, 9856
0.006, 9855
0.006, 9854
0.006, 9853
0.006, 9852
0.006, 9851
0.006, 9850
0.006, 9849
0.006, 9848
0.006, 9847
0.006, 9846
0.006, 9845
0.006, 9844
0.006, 9843
0.006, 9842
0.006, 9841
0.006, 9840
0.006, 9839
0.006, 9838
0.006, 9837
0.006, 9836
0.006, 9835
0.006, 9834
0.006, 9833
0.006, 9832
0.006, 9831
0.006, 9830
0.006, 9829
0.006, 9828
0.006, 9827
0.006, 9826
0.006, 9825
0.006, 9824
0.006, 9823
0.006, 9822
0.006, 9821
0.006, 9820
0.006, 9819
0.006, 9818
0.006, 9817
0.006, 9816
0.006, 9815
0.006, 9814
0.006, 9813
0.006, 9812
0.006, 9811
0.006, 9810
0.006, 9809
0.006, 9808
0.006, 9807
0.006, 9806
0.006, 9805
0.006, 9804
0.006, 9803
0.006, 9802
0.006, 9801
0.006, 9800
0.006, 9799
0.006, 9798
0.006, 9797
0.006, 9796
0.006, 9795
0.006, 9794
0.006, 9793
0.006, 9792
0.006, 9791
0.006, 9790
0.006, 9789
0.006, 9788
0.006, 9787
0.006, 9786
0.006, 9785
0.006, 9784
0.006, 9783
0.006, 9782
0.006, 9781
0.006, 9780
0.006, 9779
0.006, 9778
0.006, 9777
0.006, 9776
0.006, 9775
0.006, 9774
0.006, 9773
0.006, 9772
0.006, 9771
0.006, 9770
0.006, 9769
0.006, 9768
0.006, 9767
0.006, 9766
0.006, 9765
0.006, 9764
0.006, 9763
0.006, 9762
0.006, 9761
0.006, 9760
0.006, 9759
0.006, 9758
0.006, 9757
0.006, 9756
0.006, 9755
0.006, 9754
0.006, 9753
0.006, 9752
0.006, 9751
0.006, 9750
0.006, 9749
0.006, 9748
0.006, 9747
0.006, 9746
0.006, 9745
0.006, 9744
0.006, 9743
0.006, 9742
0.006, 9741
0.006, 9740
0.006, 9739
0.006, 9738
0.006, 9737
0.006, 9736
0.006, 9735
0.006, 9734
0.006, 9733
0.006, 9732
0.006, 9731
0.006, 9730
0.006, 9729
0.006, 9728
0.006, 9727
0.006, 9726
0.006, 9725
0.006, 9724
0.006, 9723
0.006, 9722
0.006, 9721
0.006, 9720
0.006, 9719
0.006, 9718
0.006, 9717
0.006, 9716
0.006, 9715
0.006, 9714
0.006, 9713
0.006, 9712
0.006, 9711
0.006, 9710
0.006, 9709
0.006, 9708
0.006, 9707
0.006, 9706
0.006, 9705
0.006, 9704
0.006, 9703
0.006, 9702
0.006, 9701
0.006, 9700
0.006, 9699
0.006, 9698
0.006, 9697
0.006, 9696
0.006, 9695
0.006, 9694
0.006, 9693
0.006, 9692
0.006, 9691
0.006, 9690
0.006, 9689
0.006, 9688
0.006, 9687
0.006, 9686
0.006, 9685
0.006, 9684
0.006, 9683
0.006, 9682
0.006, 9681
0.006, 9680
0.007, 9679
0.007, 9678
0.007, 9677
0.007, 9676
0.007, 9675
0.007, 9674
0.007, 9673
0.007, 9672
0.007, 9671
0.007, 9670
0.007, 9669
0.007, 9668
0.007, 9667
0.007, 9666
0.007, 9665
0.007, 9664
0.007, 9663
0.007, 9662
0.007, 9661
0.007, 9660
0.007, 9659
0.007, 9658
0.007, 9657
0.007, 9656
0.007, 9655
0.007, 9654
0.007, 9653
0.007, 9652
0.007, 9651
0.007, 9650
0.007, 9649
0.007, 9648
0.007, 9647
0.007, 9646
0.007, 9645
0.007, 9644
0.007, 9643
0.007, 9642
0.007, 9641
0.007, 9640
0.007, 9639
0.007, 9638
0.007, 9637
0.007, 9636
0.007, 9635
0.007, 9634
0.007, 9633
0.007, 9632
0.007, 9631
0.007, 9630
0.007, 9629
0.007, 9628
0.007, 9627
0.007, 9626
0.007, 9625
0.007, 9624
0.007, 9623
0.007, 9622
0.007, 9621
0.007, 9620
0.007, 9619
0.007, 9618
0.007, 9617
0.007, 9616
0.007, 9615
0.007, 9614
0.007, 9613
0.007, 9612
0.007, 9611
0.007, 9610
0.007, 9609
0.007, 9608
0.007, 9607
0.007, 9606
0.007, 9605
0.007, 9604
0.007, 9603
0.007, 9602
0.007, 9601
0.007, 9600
0.007, 9599
0.007, 9598
0.007, 9597
0.007, 9596
0.007, 9595
0.007, 9594
0.007, 9593
0.007, 9592
0.007, 9591
0.007, 9590
0.007, 9589
0.007, 9588
0.007, 9587
0.007, 9586
0.007, 9585
0.007, 9584
0.007, 9583
0.007, 9582
0.007, 9581
0.007, 9580
0.007, 9579
0.007, 9578
0.007, 9577
0.007, 9576
0.007, 9575
0.007, 9574
0.007, 9573
0.007, 9572
0.007, 9571
0.007, 9570
0.007, 9569
0.007, 9568
0.007, 9567
0.007, 9566
0.007, 9565
0.007, 9564
0.007, 9563
0.007, 9562
0.007, 9561
0.007, 9560
0.007, 9559
0.007, 9558
0.007, 9557
0.007, 9556
0.007, 9555
0.007, 9554
0.007, 9553
0.007, 9552
0.007, 9551
0.007, 9550
0.007, 9549
0.007, 9548
0.007, 9547
0.007, 9546
0.007, 9545
0.007, 9544
0.007, 9543
0.007, 9542
0.007, 9541
0.007, 9540
0.007, 9539
0.007, 9538
0.007, 9537
0.007, 9536
0.007, 9535
0.007, 9534
0.007, 9533
0.007, 9532
0.007, 9531
0.007, 9530
0.007, 9529
0.007, 9528
0.007, 9527
0.007, 9526
0.007, 9525
0.007, 9524
0.007, 9523
0.007, 9522
0.007, 9521
0.007, 9520
0.007, 9519
0.007, 9518
0.007, 9517
0.007, 9516
0.007, 9515
0.007, 9514
0.007, 9513
0.007, 9512
0.007, 9511
0.007, 9510
0.007, 9509
0.007, 9508
0.007, 9507
0.007, 9506
0.007, 9505
0.007, 9504
0.007, 9503
0.007, 9502
0.007, 9501
0.007, 9500
0.007, 9499
0.007, 9498
0.007, 9497
0.007, 9496
0.007, 9495
0.007, 9494
0.007, 9493
0.007, 9492
0.007, 9491
0.007, 9490
0.007, 9489
0.007, 9488
0.007, 9487
0.007, 9486
0.007, 9485
0.007, 9484
0.007, 9483
0.007, 9482
0.007, 9481
0.007, 9480
0.007, 9479
0.007, 9478
0.007, 9477
0.007, 9476
0.007, 9475
0.007, 9474
0.007, 9473
0.007, 9472
0.007, 9471
0.007, 9470
0.007, 9469
0.007, 9468
0.007, 9467
0.007, 9466
0.007, 9465
0.007, 9464
0.007, 9463
0.007, 9462
0.007, 9461
0.007, 9460
0.007, 9459
0.007, 9458
0.007, 9457
0.007, 9456
0.007, 9455
0.007, 9454
0.007, 9453
0.007, 9452
0.007, 9451
0.007, 9450
0.007, 9449
0.007, 9448
0.007, 9447
0.007, 9446
0.007, 9445
0.007, 9444
0.007, 9443
0.007, 9442
0.007, 9441
0.007, 9440
0.007, 9439
0.007, 9438
0.007, 9437
0.007, 9436
0.007, 9435
0.007, 9434
0.007, 9433
0.007, 9432
0.007, 9431
0.007, 9430
0.007, 9429
0.007, 9428
0.007, 9427
0.007, 9426
0.007, 9425
0.007, 9424
0.007, 9423
0.007, 9422
0.007, 9421
0.007, 9420
0.007, 9419
0.007, 9418
0.007, 9417
0.007, 9416
0.007, 9415
0.007, 9414
0.007, 9413
0.007, 9412
0.007, 9411
0.007, 9410
0.008, 9409
0.008, 9408
0.008, 9407
0.008, 9406
0.008, 9405
0.008, 9404
0.008, 9403
0.008, 9402
0.008, 9401
0.008, 9400
0.008, 9399
0.008, 9398
0.008, 9397
0.008, 9396
0.008, 9395
0.008, 9394
0.008, 9393
0.008, 9392
0.008, 9391
0.008, 9390
0.008, 9389
0.008, 9388
0.008, 9387
0.008, 9386
0.008, 9385
0.008, 9384
0.008, 9383
0.008, 9382
0.008, 9381
0.008, 9380
0.008, 9379
0.008, 9378
0.008, 9377
0.008, 9376
0.008, 9375
0.008, 9374
0.008, 9373
0.008, 9372
0.008, 9371
0.008, 9370
0.008, 9369
0.008, 9368
0.008, 9367
0.008, 9366
0.008, 9365
0.008, 9364
0.008, 9363
0.008, 9362
0.008, 9361
0.008, 9360
0.008, 9359
0.008, 9358
0.008, 9357
0.008, 9356
0.008, 9355
0.008, 9354
0.008, 9353
0.008, 9352
0.008, 9351
0.008, 9350
0.008, 9349
0.008, 9348
0.008, 9347
0.008, 9346
0.008, 9345
0.008, 9344
0.008, 9343
0.008, 9342
0.008, 9341
0.008, 9340
0.008, 9339
0.008, 9338
0.008, 9337
0.008, 9336
0.008, 9335
0.008, 9334
0.008, 9333
0.008, 9332
0.008, 9331
0.008, 9330
0.008, 9329
0.008, 9328
0.008, 9327
0.008, 9326
0.008, 9325
0.008, 9324
0.008, 9323
0.008, 9322
0.008, 9321
0.008, 9320
0.008, 9319
0.008, 9318
0.008, 9317
0.008, 9316
0.008, 9315
0.008, 9314
0.008, 9313
0.008, 9312
0.008, 9311
0.008, 9310
0.008, 9309
0.008, 9308
0.008, 9307
0.008, 9306
0.008, 9305
0.008, 9304
0.008, 9303
0.008, 9302
0.008, 9301
0.008, 9300
0.008, 9299
0.008, 9298
0.008, 9297
0.008, 9296
0.008, 9295
0.008, 9294
0.008, 9293
0.008, 9292
0.008, 9291
0.008, 9290
0.008, 9289
0.008, 9288
0.008, 9287
0.008, 9286
0.008, 9285
0.008, 9284
0.008, 9283
0.008, 9282
0.008, 9281
0.008, 9280
0.008, 9279
0.008, 9278
0.008, 9277
0.008, 9276
0.008, 9275
0.008, 9274
0.008, 9273
0.008, 9272
0.008, 9271
0.008, 9270
0.008, 9269
0.008, 9268
0.008, 9267
0.008, 9266
0.008, 9265
0.008, 9264
0.008, 9263
0.008, 9262
0.008, 9261
0.008, 9260
0.008, 9259
0.008, 9258
0.008, 9257
0.008, 9256
0.008, 9255
0.008, 9254
0.008, 9253
0.008, 9252
0.008, 9251
0.008, 9250
0.008, 9249
0.008, 9248
0.008, 9247
0.008, 9246
0.008, 9245
0.008, 9244
0.008, 9243
0.008, 9242
0.008, 9241
0.008, 9240
0.008, 9239
0.008, 9238
0.008, 9237
0.008, 9236
0.008, 9235
0.008, 9234
0.008, 9233
0.008, 9232
0.008, 9231
0.008, 9230
0.008, 9229
0.008, 9228
0.008, 9227
0.008, 9226
0.008, 9225
0.008, 9224
0.008, 9223
0.008, 9222
0.008, 9221
0.008, 9220
0.008, 9219
0.008, 9218
0.008, 9217
0.008, 9216
0.008, 9215
0.008, 9214
0.008, 9213
0.008, 9212
0.008, 9211
0.008, 9210
0.008, 9209
0.008, 9208
0.008, 9207
0.008, 9206
0.008, 9205
0.008, 9204
0.008, 9203
0.008, 9202
0.008, 9201
0.008, 9200
0.008, 9199
0.008, 9198
0.008, 9197
0.008, 9196
0.008, 9195
0.008, 9194
0.008, 9193
0.008, 9192
0.008, 9191
0.008, 9190
0.008, 9189
0.008, 9188
0.008, 9187
0.008, 9186
0.008, 9185
0.008, 9184
0.008, 9183
0.008, 9182
0.008, 9181
0.008, 9180
0.008, 9179
0.008, 9178
0.008, 9177
0.008, 9176
0.008, 9175
0.008, 9174
0.008, 9173
0.008, 9172
0.008, 9171
0.008, 9170
0.008, 9169
0.008, 9168
0.008, 9167
0.008, 9166
0.008, 9165
0.008, 9164
0.008, 9163
0.008, 9162
0.008, 9161
0.008, 9160
0.008, 9159
0.008, 9158
0.008, 9157
0.008, 9156
0.008, 9155
0.008, 9154
0.008, 9153
0.008, 9152
0.008, 9151
0.008, 9150
0.008, 9149
0.008, 9148
0.008, 9147
0.008, 9146
0.008, 9145
0.008, 9144
0.008, 9143
0.008, 9142
0.008, 9141
0.008, 9140
0.008, 9139
0.008, 9138
0.008, 9137
0.008, 9136
0.008, 9135
0.008, 9134
0.008, 9133
0.008, 9132
0.008, 9131
0.008, 9130
0.008, 9129
0.008, 9128
0.008, 9127
0.008, 9126
0.008, 9125
0.008, 9124
0.008, 9123
0.008, 9122
0.008, 9121
0.008, 9120
0.008, 9119
0.008, 9118
0.008, 9117
0.008, 9116
0.008, 9115
0.008, 9114
0.008, 9113
0.008, 9112
0.008, 9111
0.008, 9110
0.008, 9109
0.008, 9108
0.008, 9107
0.008, 9106
0.008, 9105
0.008, 9104
0.008, 9103
0.008, 9102
0.008, 9101
0.008, 9100
0.008, 9099
0.008, 9098
0.008, 9097
0.008, 9096
0.008, 9095
0.008, 9094
0.008, 9093
0.008, 9092
0.008, 9091
0.008, 9090
0.008, 9089
0.008, 9088
0.008, 9087
0.008, 9086
0.008, 9085
0.008, 9084
0.008, 9083
0.008, 9082
0.008, 9081
0.008, 9080
0.008, 9079
0.008, 9078
0.008, 9077
0.008, 9076
0.008, 9075
0.008, 9074
0.008, 9073
0.008, 9072
0.008, 9071
0.008, 9070
0.008, 9069
0.008, 9068
0.008, 9067
0.008, 9066
0.008, 9065
0.008, 9064
0.008, 9063
0.008, 9062
0.008, 9061
0.008, 9060
0.008, 9059
0.008, 9058
0.009, 9057
0.009, 9056
0.009, 9055
0.009, 9054
0.009, 9053
0.009, 9052
0.009, 9051
0.009, 9050
0.009, 9049
0.009, 9048
0.009, 9047
0.009, 9046
0.009, 9045
0.009, 9044
0.009, 9043
0.009, 9042
0.009, 9041
0.009, 9040
0.009, 9039
0.009, 9038
0.009, 9037
0.009, 9036
0.009, 9035
0.009, 9034
0.009, 9033
0.009, 9032
0.009, 9031
0.009, 9030
0.009, 9029
0.009, 9028
0.009, 9027
0.009, 9026
0.009, 9025
0.009, 9024
0.009, 9023
0.009, 9022
0.009, 9021
0.009, 9020
0.009, 9019
0.009, 9018
0.009, 9017
0.009, 9016
0.009, 9015
0.009, 9014
0.009, 9013
0.009, 9012
0.009, 9011
0.009, 9010
0.009, 9009
0.009, 9008
0.009, 9007
0.009, 9006
0.009, 9005
0.009, 9004
0.009, 9003
0.009, 9002
0.009, 9001
0.009, 9000
0.009, 8999
0.009, 8998
0.009, 8997
0.009, 8996
0.009, 8995
0.009, 8994
0.009, 8993
0.009, 8992
0.009, 8991
0.009, 8990
0.009, 8989
0.009, 8988
0.009, 8987
0.009, 8986
0.009, 8985
0.009, 8984
0.009, 8983
0.009, 8982
0.009, 8981
0.009, 8980
0.009, 8979
0.009, 8978
0.009, 8977
0.009, 8976
0.009, 8975
0.009, 8974
0.009, 8973
0.009, 8972
0.009, 8971
0.009, 8970
0.009, 8969
0.009, 8968
0.009, 8967
0.009, 8966
0.009, 8965
0.009, 8964
0.009, 8963
0.009, 8962
0.009, 8961
0.009, 8960
0.009, 8959
0.009, 8958
0.009, 8957
0.009, 8956
0.009, 8955
0.009, 8954
0.009, 8953
0.009, 8952
0.009, 8951
0.009, 8950
0.009, 8949
0.009, 8948
0.009, 8947
0.009, 8946
0.009, 8945
0.009, 8944
0.009, 8943
0.009, 8942
0.009, 8941
0.009, 8940
0.009, 8939
0.009, 8938
0.009, 8937
0.009, 8936
0.009, 8935
0.009, 8934
0.009, 8933
0.009, 8932
0.009, 8931
0.009, 8930
0.009, 8929
0.009, 8928
0.009, 8927
0.009, 8926
0.009, 8925
0.009, 8924
0.009, 8923
0.009, 8922
0.009, 8921
0.009, 8920
0.009, 8919
0.009, 8918
0.009, 8917
0.009, 8916
0.009, 8915
0.009, 8914
0.009, 8913
0.009, 8912
0.009, 8911
0.009, 8910
0.009, 8909
0.009, 8908
0.009, 8907
0.009, 8906
0.009, 8905
0.009, 8904
0.009, 8903
0.009, 8902
0.009, 8901
0.009, 8900
0.009, 8899
0.009, 8898
0.009, 8897
0.009, 8896
0.009, 8895
0.009, 8894
0.009, 8893
0.009, 8892
0.009, 8891
0.009, 8890
0.009, 8889
0.009, 8888
0.009, 8887
0.009, 8886
0.009, 8885
0.009, 8884
0.009, 8883
0.009, 8882
0.009, 8881
0.009, 8880
0.009, 8879
0.009, 8878
0.009, 8877
0.009, 8876
0.009, 8875
0.009, 8874
0.009, 8873
0.009, 8872
0.009, 8871
0.009, 8870
0.009, 8869
0.009, 8868
0.009, 8867
0.009, 8866
0.009, 8865
0.009, 8864
0.009, 8863
0.009, 8862
0.009, 8861
0.009, 8860
0.009, 8859
0.009, 8858
0.009, 8857
0.009, 8856
0.009, 8855
0.009, 8854
0.009, 8853
0.009, 8852
0.009, 8851
0.009, 8850
0.009, 8849
0.009, 8848
0.009, 8847
0.009, 8846
0.009, 8845
0.009, 8844
0.009, 8843
0.009, 8842
0.009, 8841
0.009, 8840
0.009, 8839
0.009, 8838
0.009, 8837
0.009, 8836
0.009, 8835
0.009, 8834
0.009, 8833
0.009, 8832
0.009, 8831
0.009, 8830
0.009, 8829
0.009, 8828
0.009, 8827
0.009, 8826
0.009, 8825
0.009, 8824
0.009, 8823
0.009, 8822
0.009, 8821
0.009, 8820
0.009, 8819
0.009, 8818
0.009, 8817
0.009, 8816
0.009, 8815
0.009, 8814
0.009, 8813
0.009, 8812
0.009, 8811
0.009, 8810
0.009, 8809
0.009, 8808
0.009, 8807
0.010, 8806
0.010, 8805
0.010, 8804
0.010, 8803
0.010, 8802
0.010, 8801
0.010, 8800
0.010, 8799
0.010, 8798
0.010, 8797
0.010, 8796
0.010, 8795
0.010, 8794
0.010, 8793
0.010, 8792
0.010, 8791
0.010, 8790
0.010, 8789
0.010, 8788
0.010, 8787
0.010, 8786
0.010, 8785
0.010, 8784
0.010, 8783
0.010, 8782
0.010, 8781
0.010, 8780
0.010, 8779
0.010, 8778
0.010, 8777
0.010, 8776
0.010, 8775
0.010, 8774
0.010, 8773
0.010, 8772
0.010, 8771
0.010, 8770
0.010, 8769
0.010, 8768
0.010, 8767
0.010, 8766
0.010, 8765
0.010, 8764
0.010, 8763
0.010, 8762
0.010, 8761
0.010, 8760
0.010, 8759
0.010, 8758
0.010, 8757
0.010, 8756
0.010, 8755
0.010, 8754
0.010, 8753
0.010, 8752
0.010, 8751
0.010, 8750
0.010, 8749
0.010, 8748
0.010, 8747
0.010, 8746
0.010, 8745
0.010, 8744
0.010, 8743
0.010, 8742
0.010, 8741
0.010, 8740
0.010, 8739
0.010, 8738
0.010, 8737
0.010, 8736
0.010, 8735
0.010, 8734
0.010, 8733
0.010, 8732
0.010, 8731
0.010, 8730
0.010, 8729
0.010, 8728
0.010, 8727
0.010, 8726
0.010, 8725
0.010, 8724
0.010, 8723
0.010, 8722
0.010, 8721
0.010, 8720
0.010, 8719
0.010, 8718
0.010, 8717
0.010, 8716
0.010, 8715
0.010, 8714
0.010, 8713
0.010, 8712
0.010, 8711
0.010, 8710
0.010, 8709
0.010, 8708
0.010, 8707
0.010, 8706
0.010, 8705
0.010, 8704
0.010, 8703
0.010, 8702
0.010, 8701
0.010, 8700
0.010, 8699
0.010, 8698
0.010, 8697
0.010, 8696
0.010, 8695
0.010, 8694
0.010, 8693
0.010, 8692
0.010, 8691
0.010, 8690
0.010, 8689
0.010, 8688
0.010, 8687
0.010, 8686
0.010, 8685
0.010, 8684
0.010, 8683
0.010, 8682
0.010, 8681
0.010, 8680
0.010, 8679
0.010, 8678
0.010, 8677
0.010, 8676
0.010, 8675
0.010, 8674
0.010, 8673
0.010, 8672
0.010, 8671
0.010, 8670
0.010, 8669
0.010, 8668
0.010, 8667
0.010, 8666
0.010, 8665
0.010, 8664
0.010, 8663
0.010, 8662
0.010, 8661
0.010, 8660
0.010, 8659
0.010, 8658
0.010, 8657
0.010, 8656
0.010, 8655
0.010, 8654
0.010, 8653
0.010, 8652
0.010, 8651
0.010, 8650
0.010, 8649
0.010, 8648
0.010, 8647
0.010, 8646
0.010, 8645
0.010, 8644
0.010, 8643
0.010, 8642
0.010, 8641
0.010, 8640
0.010, 8639
0.010, 8638
0.010, 8637
0.010, 8636
0.010, 8635
0.010, 8634
0.010, 8633
0.010, 8632
0.010, 8631
0.010, 8630
0.010, 8629
0.010, 8628
0.010, 8627
0.010, 8626
0.010, 8625
0.010, 8624
0.010, 8623
0.010, 8622
0.010, 8621
0.010, 8620
0.010, 8619
0.010, 8618
0.010, 8617
0.010, 8616
0.010, 8615
0.010, 8614
0.010, 8613
0.010, 8612
0.010, 8611
0.010, 8610
0.010, 8609
0.010, 8608
0.010, 8607
0.010, 8606
0.010, 8605
0.010, 8604
0.010, 8603
0.010, 8602
0.010, 8601
0.010, 8600
0.010, 8599
0.010, 8598
0.010, 8597
0.010, 8596
0.010, 8595
0.010, 8594
0.010, 8593
0.010, 8592
0.010, 8591
0.010, 8590
0.010, 8589
0.010, 8588
0.010, 8587
0.010, 8586
0.010, 8585
0.010, 8584
0.010, 8583
0.010, 8582
0.010, 8581
0.010, 8580
0.010, 8579
0.010, 8578
0.010, 8577
0.010, 8576
0.010, 8575
0.010, 8574
0.010, 8573
0.010, 8572
0.010, 8571
0.010, 8570
0.010, 8569
0.010, 8568
0.010, 8567
0.010, 8566
0.010, 8565
0.010, 8564
0.010, 8563
0.010, 8562
0.010, 8561
0.010, 8560
0.010, 8559
0.010, 8558
0.010, 8557
0.010, 8556
0.010, 8555
0.010, 8554
0.010, 8553
0.010, 8552
0.010, 8551
0.010, 8550
0.010, 8549
0.010, 8548
0.010, 8547
0.010, 8546
0.010, 8545
0.010, 8544
0.010, 8543
0.010, 8542
0.010, 8541
0.010, 8540
0.010, 8539
0.010, 8538
0.010, 8537
0.010, 8536
0.010, 8535
0.010, 8534
0.010, 8533
0.010, 8532
0.010, 8531
0.010, 8530
0.010, 8529
0.010, 8528
0.010, 8527
0.010, 8526
0.010, 8525
0.010, 8524
0.010, 8523
0.010, 8522
0.010, 8521
0.010, 8520
0.010, 8519
0.010, 8518
0.010, 8517
0.010, 8516
0.010, 8515
0.010, 8514
0.010, 8513
0.010, 8512
0.010, 8511
0.010, 8510
0.010, 8509
0.010, 8508
0.010, 8507
0.010, 8506
0.010, 8505
0.010, 8504
0.010, 8503
0.010, 8502
0.010, 8501
0.010, 8500
0.010, 8499
0.010, 8498
0.010, 8497
0.010, 8496
0.010, 8495
0.010, 8494
0.010, 8493
0.010, 8492
0.010, 8491
0.010, 8490
0.010, 8489
0.010, 8488
0.010, 8487
0.010, 8486
0.011, 8485
0.011, 8484
0.011, 8483
0.011, 8482
0.011, 8481
0.011, 8480
0.011, 8479
0.011, 8478
0.011, 8477
0.011, 8476
0.011, 8475
0.011, 8474
0.011, 8473
0.011, 8472
0.011, 8471
0.011, 8470
0.011, 8469
0.011, 8468
0.011, 8467
0.011, 8466
0.011, 8465
0.011, 8464
0.011, 8463
0.011, 8462
0.011, 8461
0.011, 8460
0.011, 8459
0.011, 8458
0.011, 8457
0.011, 8456
0.011, 8455
0.011, 8454
0.011, 8453
0.011, 8452
0.011, 8451
0.011, 8450
0.011, 8449
0.011, 8448
0.011, 8447
0.011, 8446
0.011, 8445
0.011, 8444
0.011, 8443
0.011, 8442
0.011, 8441
0.011, 8440
0.011, 8439
0.011, 8438
0.011, 8437
0.011, 8436
0.011, 8435
0.011, 8434
0.011, 8433
0.011, 8432
0.011, 8431
0.011, 8430
0.011, 8429
0.011, 8428
0.011, 8427
0.011, 8426
0.011, 8425
0.011, 8424
0.011, 8423
0.011, 8422
0.011, 8421
0.011, 8420
0.011, 8419
0.011, 8418
0.011, 8417
0.011, 8416
0.011, 8415
0.011, 8414
0.011, 8413
0.011, 8412
0.011, 8411
0.011, 8410
0.011, 8409
0.011, 8408
0.011, 8407
0.011, 8406
0.011, 8405
0.011, 8404
0.011, 8403
0.011, 8402
0.011, 8401
0.011, 8400
0.011, 8399
0.011, 8398
0.011, 8397
0.011, 8396
0.011, 8395
0.011, 8394
0.011, 8393
0.011, 8392
0.011, 8391
0.011, 8390
0.011, 8389
0.011, 8388
0.011, 8387
0.011, 8386
0.011, 8385
0.011, 8384
0.011, 8383
0.011, 8382
0.011, 8381
0.011, 8380
0.011, 8379
0.011, 8378
0.011, 8377
0.011, 8376
0.011, 8375
0.011, 8374
0.011, 8373
0.011, 8372
0.011, 8371
0.011, 8370
0.011, 8369
0.011, 8368
0.011, 8367
0.011, 8366
0.011, 8365
0.011, 8364
0.011, 8363
0.011, 8362
0.011, 8361
0.011, 8360
0.011, 8359
0.011, 8358
0.011, 8357
0.011, 8356
0.011, 8355
0.011, 8354
0.011, 8353
0.011, 8352
0.011, 8351
0.011, 8350
0.011, 8349
0.011, 8348
0.011, 8347
0.011, 8346
0.011, 8345
0.011, 8344
0.011, 8343
0.011, 8342
0.012, 8341
0.012, 8340
0.012, 8339
0.012, 8338
0.012, 8337
0.012, 8336
0.012, 8335
0.012, 8334
0.012, 8333
0.012, 8332
0.012, 8331
0.012, 8330
0.012, 8329
0.012, 8328
0.012, 8327
0.012, 8326
0.012, 8325
0.012, 8324
0.012, 8323
0.012, 8322
0.012, 8321
0.012, 8320
0.012, 8319
0.012, 8318
0.012, 8317
0.012, 8316
0.012, 8315
0.012, 8314
0.012, 8313
0.012, 8312
0.012, 8311
0.012, 8310
0.012, 8309
0.012, 8308
0.012, 8307
0.012, 8306
0.012, 8305
0.012, 8304
0.012, 8303
0.012, 8302
0.012, 8301
0.012, 8300
0.012, 8299
0.012, 8298
0.012, 8297
0.012, 8296
0.012, 8295
0.012, 8294
0.012, 8293
0.012, 8292
0.012, 8291
0.012, 8290
0.012, 8289
0.012, 8288
0.012, 8287
0.012, 8286
0.012, 8285
0.012, 8284
0.012, 8283
0.012, 8282
0.012, 8281
0.012, 8280
0.012, 8279
0.012, 8278
0.012, 8277
0.012, 8276
0.012, 8275
0.012, 8274
0.012, 8273
0.012, 8272
0.012, 8271
0.012, 8270
0.012, 8269
0.012, 8268
0.012, 8267
0.012, 8266
0.012, 8265
0.012, 8264
0.012, 8263
0.012, 8262
0.012, 8261
0.012, 8260
0.012, 8259
0.012, 8258
0.012, 8257
0.012, 8256
0.012, 8255
0.012, 8254
0.012, 8253
0.012, 8252
0.012, 8251
0.012, 8250
0.012, 8249
0.012, 8248
0.012, 8247
0.012, 8246
0.012, 8245
0.012, 8244
0.012, 8243
0.012, 8242
0.012, 8241
0.012, 8240
0.012, 8239
0.012, 8238
0.012, 8237
0.012, 8236
0.012, 8235
0.012, 8234
0.012, 8233
0.012, 8232
0.012, 8231
0.012, 8230
0.012, 8229
0.012, 8228
0.012, 8227
0.012, 8226
0.012, 8225
0.012, 8224
0.012, 8223
0.012, 8222
0.012, 8221
0.012, 8220
0.012, 8219
0.012, 8218
0.012, 8217
0.012, 8216
0.012, 8215
0.012, 8214
0.012, 8213
0.012, 8212
0.012, 8211
0.012, 8210
0.012, 8209
0.012, 8208
0.012, 8207
0.012, 8206
0.012, 8205
0.012, 8204
0.012, 8203
0.012, 8202
0.012, 8201
0.012, 8200
0.012, 8199
0.012, 8198
0.012, 8197
0.012, 8196
0.012, 8195
0.012, 8194
0.012, 8193
0.012, 8192
0.012, 8191
0.012, 8190
0.012, 8189
0.012, 8188
0.012, 8187
0.012, 8186
0.012, 8185
0.012, 8184
0.012, 8183
0.012, 8182
0.012, 8181
0.012, 8180
0.012, 8179
0.012, 8178
0.012, 8177
0.012, 8176
0.012, 8175
0.012, 8174
0.012, 8173
0.012, 8172
0.012, 8171
0.012, 8170
0.012, 8169
0.012, 8168
0.012, 8167
0.012, 8166
0.012, 8165
0.012, 8164
0.012, 8163
0.012, 8162
0.012, 8161
0.012, 8160
0.012, 8159
0.012, 8158
0.012, 8157
0.012, 8156
0.012, 8155
0.013, 8154
0.013, 8153
0.013, 8152
0.013, 8151
0.013, 8150
0.013, 8149
0.013, 8148
0.013, 8147
0.013, 8146
0.013, 8145
0.013, 8144
0.013, 8143
0.013, 8142
0.013, 8141
0.013, 8140
0.013, 8139
0.013, 8138
0.013, 8137
0.013, 8136
0.013, 8135
0.013, 8134
0.013, 8133
0.013, 8132
0.013, 8131
0.013, 8130
0.013, 8129
0.013, 8128
0.013, 8127
0.013, 8126
0.013, 8125
0.013, 8124
0.013, 8123
0.013, 8122
0.013, 8121
0.013, 8120
0.013, 8119
0.013, 8118
0.013, 8117
0.013, 8116
0.013, 8115
0.013, 8114
0.013, 8113
0.013, 8112
0.013, 8111
0.013, 8110
0.013, 8109
0.013, 8108
0.013, 8107
0.013, 8106
0.013, 8105
0.013, 8104
0.013, 8103
0.013, 8102
0.013, 8101
0.013, 8100
0.013, 8099
0.013, 8098
0.013, 8097
0.013, 8096
0.013, 8095
0.013, 8094
0.013, 8093
0.013, 8092
0.013, 8091
0.013, 8090
0.013, 8089
0.013, 8088
0.013, 8087
0.013, 8086
0.013, 8085
0.013, 8084
0.013, 8083
0.013, 8082
0.013, 8081
0.013, 8080
0.013, 8079
0.013, 8078
0.013, 8077
0.013, 8076
0.013, 8075
0.013, 8074
0.013, 8073
0.013, 8072
0.013, 8071
0.013, 8070
0.013, 8069
0.013, 8068
0.013, 8067
0.013, 8066
0.013, 8065
0.013, 8064
0.013, 8063
0.013, 8062
0.013, 8061
0.013, 8060
0.013, 8059
0.013, 8058
0.013, 8057
0.013, 8056
0.013, 8055
0.013, 8054
0.013, 8053
0.013, 8052
0.013, 8051
0.013, 8050
0.013, 8049
0.013, 8048
0.013, 8047
0.013, 8046
0.013, 8045
0.013, 8044
0.013, 8043
0.013, 8042
0.013, 8041
0.013, 8040
0.013, 8039
0.013, 8038
0.013, 8037
0.013, 8036
0.013, 8035
0.013, 8034
0.013, 8033
0.013, 8032
0.013, 8031
0.013, 8030
0.013, 8029
0.013, 8028
0.013, 8027
0.013, 8026
0.013, 8025
0.013, 8024
0.013, 8023
0.013, 8022
0.013, 8021
0.013, 8020
0.013, 8019
0.013, 8018
0.013, 8017
0.013, 8016
0.013, 8015
0.013, 8014
0.013, 8013
0.013, 8012
0.013, 8011
0.013, 8010
0.013, 8009
0.013, 8008
0.013, 8007
0.013, 8006
0.013, 8005
0.013, 8004
0.013, 8003
0.013, 8002
0.013, 8001
0.013, 8000
0.013, 7999
0.013, 7998
0.013, 7997
0.013, 7996
0.013, 7995
0.013, 7994
0.013, 7993
0.013, 7992
0.013, 7991
0.013, 7990
0.013, 7989
0.013, 7988
0.013, 7987
0.013, 7986
0.013, 7985
0.013, 7984
0.013, 7983
0.013, 7982
0.013, 7981
0.013, 7980
0.013, 7979
0.013, 7978
0.013, 7977
0.013, 7976
0.013, 7975
0.013, 7974
0.013, 7973
0.013, 7972
0.013, 7971
0.013, 7970
0.013, 7969
0.013, 7968
0.014, 7967
0.014, 7966
0.014, 7965
0.014, 7964
0.014, 7963
0.014, 7962
0.014, 7961
0.014, 7960
0.014, 7959
0.014, 7958
0.014, 7957
0.014, 7956
0.014, 7955
0.014, 7954
0.014, 7953
0.014, 7952
0.014, 7951
0.014, 7950
0.014, 7949
0.014, 7948
0.014, 7947
0.014, 7946
0.014, 7945
0.014, 7944
0.014, 7943
0.014, 7942
0.014, 7941
0.014, 7940
0.014, 7939
0.014, 7938
0.014, 7937
0.014, 7936
0.014, 7935
0.014, 7934
0.014, 7933
0.014, 7932
0.014, 7931
0.014, 7930
0.014, 7929
0.014, 7928
0.014, 7927
0.014, 7926
0.014, 7925
0.014, 7924
0.014, 7923
0.014, 7922
0.014, 7921
0.014, 7920
0.014, 7919
0.014, 7918
0.014, 7917
0.014, 7916
0.014, 7915
0.014, 7914
0.014, 7913
0.014, 7912
0.014, 7911
0.014, 7910
0.014, 7909
0.014, 7908
0.014, 7907
0.014, 7906
0.014, 7905
0.014, 7904
0.014, 7903
0.014, 7902
0.014, 7901
0.014, 7900
0.014, 7899
0.014, 7898
0.014, 7897
0.014, 7896
0.014, 7895
0.014, 7894
0.014, 7893
0.014, 7892
0.014, 7891
0.014, 7890
0.014, 7889
0.014, 7888
0.014, 7887
0.014, 7886
0.014, 7885
0.014, 7884
0.014, 7883
0.014, 7882
0.014, 7881
0.014, 7880
0.014, 7879
0.014, 7878
0.014, 7877
0.014, 7876
0.014, 7875
0.014, 7874
0.014, 7873
0.014, 7872
0.014, 7871
0.014, 7870
0.014, 7869
0.014, 7868
0.014, 7867
0.014, 7866
0.014, 7865
0.014, 7864
0.014, 7863
0.014, 7862
0.014, 7861
0.014, 7860
0.014, 7859
0.014, 7858
0.014, 7857
0.014, 7856
0.014, 7855
0.014, 7854
0.014, 7853
0.014, 7852
0.014, 7851
0.014, 7850
0.014, 7849
0.014, 7848
0.014, 7847
0.014, 7846
0.014, 7845
0.014, 7844
0.014, 7843
0.014, 7842
0.014, 7841
0.014, 7840
0.014, 7839
0.014, 7838
0.014, 7837
0.014, 7836
0.014, 7835
0.014, 7834
0.014, 7833
0.014, 7832
0.014, 7831
0.014, 7830
0.014, 7829
0.014, 7828
0.014, 7827
0.014, 7826
0.014, 7825
0.014, 7824
0.014, 7823
0.014, 7822
0.014, 7821
0.014, 7820
0.014, 7819
0.014, 7818
0.014, 7817
0.014, 7816
0.014, 7815
0.014, 7814
0.014, 7813
0.014, 7812
0.014, 7811
0.014, 7810
0.014, 7809
0.014, 7808
0.014, 7807
0.014, 7806
0.014, 7805
0.014, 7804
0.014, 7803
0.014, 7802
0.014, 7801
0.014, 7800
0.014, 7799
0.014, 7798
0.014, 7797
0.014, 7796
0.014, 7795
0.014, 7794
0.014, 7793
0.014, 7792
0.014, 7791
0.014, 7790
0.014, 7789
0.014, 7788
0.014, 7787
0.014, 7786
0.014, 7785
0.014, 7784
0.014, 7783
0.014, 7782
0.014, 7781
0.014, 7780
0.014, 7779
0.014, 7778
0.014, 7777
0.014, 7776
0.014, 7775
0.014, 7774
0.014, 7773
0.014, 7772
0.014, 7771
0.014, 7770
0.015, 7769
0.015, 7768
0.015, 7767
0.015, 7766
0.015, 7765
0.015, 7764
0.015, 7763
0.015, 7762
0.015, 7761
0.015, 7760
0.015, 7759
0.015, 7758
0.015, 7757
0.015, 7756
0.015, 7755
0.015, 7754
0.015, 7753
0.015, 7752
0.015, 7751
0.015, 7750
0.015, 7749
0.015, 7748
0.015, 7747
0.015, 7746
0.015, 7745
0.015, 7744
0.015, 7743
0.015, 7742
0.015, 7741
0.015, 7740
0.015, 7739
0.015, 7738
0.015, 7737
0.015, 7736
0.015, 7735
0.015, 7734
0.015, 7733
0.015, 7732
0.015, 7731
0.015, 7730
0.015, 7729
0.015, 7728
0.015, 7727
0.015, 7726
0.015, 7725
0.015, 7724
0.015, 7723
0.015, 7722
0.015, 7721
0.015, 7720
0.015, 7719
0.015, 7718
0.015, 7717
0.015, 7716
0.015, 7715
0.015, 7714
0.015, 7713
0.015, 7712
0.015, 7711
0.015, 7710
0.015, 7709
0.015, 7708
0.015, 7707
0.015, 7706
0.015, 7705
0.015, 7704
0.015, 7703
0.015, 7702
0.015, 7701
0.015, 7700
0.015, 7699
0.015, 7698
0.015, 7697
0.015, 7696
0.015, 7695
0.015, 7694
0.015, 7693
0.015, 7692
0.015, 7691
0.015, 7690
0.015, 7689
0.015, 7688
0.015, 7687
0.015, 7686
0.015, 7685
0.015, 7684
0.015, 7683
0.015, 7682
0.015, 7681
0.015, 7680
0.015, 7679
0.015, 7678
0.015, 7677
0.015, 7676
0.015, 7675
0.015, 7674
0.015, 7673
0.015, 7672
0.015, 7671
0.015, 7670
0.015, 7669
0.015, 7668
0.015, 7667
0.015, 7666
0.015, 7665
0.015, 7664
0.015, 7663
0.015, 7662
0.015, 7661
0.015, 7660
0.015, 7659
0.015, 7658
0.015, 7657
0.015, 7656
0.015, 7655
0.015, 7654
0.016, 7653
0.016, 7652
0.016, 7651
0.016, 7650
0.016, 7649
0.016, 7648
0.016, 7647
0.016, 7646
0.016, 7645
0.016, 7644
0.016, 7643
0.016, 7642
0.016, 7641
0.016, 7640
0.016, 7639
0.016, 7638
0.016, 7637
0.016, 7636
0.016, 7635
0.016, 7634
0.016, 7633
0.016, 7632
0.016, 7631
0.016, 7630
0.016, 7629
0.016, 7628
0.016, 7627
0.016, 7626
0.016, 7625
0.016, 7624
0.016, 7623
0.016, 7622
0.016, 7621
0.016, 7620
0.016, 7619
0.016, 7618
0.016, 7617
0.016, 7616
0.016, 7615
0.016, 7614
0.016, 7613
0.016, 7612
0.016, 7611
0.016, 7610
0.016, 7609
0.016, 7608
0.016, 7607
0.016, 7606
0.016, 7605
0.016, 7604
0.016, 7603
0.016, 7602
0.016, 7601
0.016, 7600
0.016, 7599
0.016, 7598
0.016, 7597
0.016, 7596
0.016, 7595
0.016, 7594
0.016, 7593
0.016, 7592
0.016, 7591
0.016, 7590
0.016, 7589
0.016, 7588
0.016, 7587
0.016, 7586
0.016, 7585
0.016, 7584
0.016, 7583
0.016, 7582
0.016, 7581
0.016, 7580
0.016, 7579
0.016, 7578
0.016, 7577
0.016, 7576
0.016, 7575
0.016, 7574
0.016, 7573
0.016, 7572
0.016, 7571
0.016, 7570
0.016, 7569
0.016, 7568
0.016, 7567
0.016, 7566
0.016, 7565
0.016, 7564
0.016, 7563
0.016, 7562
0.016, 7561
0.016, 7560
0.016, 7559
0.016, 7558
0.016, 7557
0.016, 7556
0.016, 7555
0.016, 7554
0.016, 7553
0.016, 7552
0.016, 7551
0.016, 7550
0.016, 7549
0.016, 7548
0.016, 7547
0.016, 7546
0.016, 7545
0.016, 7544
0.016, 7543
0.016, 7542
0.016, 7541
0.016, 7540
0.016, 7539
0.016, 7538
0.016, 7537
0.016, 7536
0.016, 7535
0.016, 7534
0.016, 7533
0.016, 7532
0.016, 7531
0.016, 7530
0.016, 7529
0.016, 7528
0.016, 7527
0.016, 7526
0.016, 7525
0.016, 7524
0.016, 7523
0.016, 7522
0.016, 7521
0.016, 7520
0.016, 7519
0.016, 7518
0.016, 7517
0.016, 7516
0.016, 7515
0.016, 7514
0.016, 7513
0.016, 7512
0.016, 7511
0.016, 7510
0.016, 7509
0.016, 7508
0.016, 7507
0.016, 7506
0.016, 7505
0.016, 7504
0.016, 7503
0.016, 7502
0.016, 7501
0.016, 7500
0.016, 7499
0.016, 7498
0.016, 7497
0.016, 7496
0.016, 7495
0.016, 7494
0.016, 7493
0.016, 7492
0.016, 7491
0.016, 7490
0.016, 7489
0.016, 7488
0.016, 7487
0.016, 7486
0.016, 7485
0.016, 7484
0.016, 7483
0.016, 7482
0.016, 7481
0.016, 7480
0.016, 7479
0.016, 7478
0.016, 7477
0.016, 7476
0.016, 7475
0.016, 7474
0.016, 7473
0.016, 7472
0.016, 7471
0.016, 7470
0.016, 7469
0.016, 7468
0.016, 7467
0.016, 7466
0.016, 7465
0.017, 7464
0.017, 7463
0.017, 7462
0.017, 7461
0.017, 7460
0.017, 7459
0.017, 7458
0.017, 7457
0.017, 7456
0.017, 7455
0.017, 7454
0.017, 7453
0.017, 7452
0.017, 7451
0.017, 7450
0.017, 7449
0.017, 7448
0.017, 7447
0.017, 7446
0.017, 7445
0.017, 7444
0.017, 7443
0.017, 7442
0.017, 7441
0.017, 7440
0.017, 7439
0.017, 7438
0.017, 7437
0.017, 7436
0.017, 7435
0.017, 7434
0.017, 7433
0.017, 7432
0.017, 7431
0.017, 7430
0.017, 7429
0.017, 7428
0.017, 7427
0.017, 7426
0.017, 7425
0.017, 7424
0.017, 7423
0.017, 7422
0.017, 7421
0.017, 7420
0.017, 7419
0.017, 7418
0.017, 7417
0.017, 7416
0.017, 7415
0.017, 7414
0.017, 7413
0.017, 7412
0.017, 7411
0.017, 7410
0.017, 7409
0.017, 7408
0.017, 7407
0.017, 7406
0.017, 7405
0.017, 7404
0.017, 7403
0.017, 7402
0.017, 7401
0.017, 7400
0.017, 7399
0.017, 7398
0.017, 7397
0.017, 7396
0.017, 7395
0.017, 7394
0.017, 7393
0.017, 7392
0.017, 7391
0.017, 7390
0.017, 7389
0.017, 7388
0.017, 7387
0.017, 7386
0.017, 7385
0.017, 7384
0.017, 7383
0.017, 7382
0.017, 7381
0.017, 7380
0.017, 7379
0.017, 7378
0.017, 7377
0.017, 7376
0.017, 7375
0.017, 7374
0.017, 7373
0.017, 7372
0.017, 7371
0.017, 7370
0.017, 7369
0.017, 7368
0.017, 7367
0.017, 7366
0.017, 7365
0.017, 7364
0.017, 7363
0.017, 7362
0.017, 7361
0.017, 7360
0.017, 7359
0.017, 7358
0.017, 7357
0.017, 7356
0.017, 7355
0.017, 7354
0.017, 7353
0.017, 7352
0.017, 7351
0.017, 7350
0.017, 7349
0.017, 7348
0.017, 7347
0.017, 7346
0.017, 7345
0.017, 7344
0.017, 7343
0.017, 7342
0.017, 7341
0.017, 7340
0.017, 7339
0.017, 7338
0.017, 7337
0.017, 7336
0.017, 7335
0.017, 7334
0.017, 7333
0.017, 7332
0.017, 7331
0.017, 7330
0.017, 7329
0.017, 7328
0.017, 7327
0.017, 7326
0.017, 7325
0.017, 7324
0.017, 7323
0.017, 7322
0.017, 7321
0.017, 7320
0.017, 7319
0.017, 7318
0.017, 7317
0.017, 7316
0.017, 7315
0.017, 7314
0.017, 7313
0.017, 7312
0.017, 7311
0.017, 7310
0.017, 7309
0.017, 7308
0.017, 7307
0.017, 7306
0.018, 7305
0.018, 7304
0.018, 7303
0.018, 7302
0.018, 7301
0.018, 7300
0.018, 7299
0.018, 7298
0.018, 7297
0.018, 7296
0.018, 7295
0.018, 7294
0.018, 7293
0.018, 7292
0.018, 7291
0.018, 7290
0.018, 7289
0.018, 7288
0.018, 7287
0.018, 7286
0.018, 7285
0.018, 7284
0.018, 7283
0.018, 7282
0.018, 7281
0.018, 7280
0.018, 7279
0.018, 7278
0.018, 7277
0.018, 7276
0.018, 7275
0.018, 7274
0.018, 7273
0.018, 7272
0.018, 7271
0.018, 7270
0.018, 7269
0.018, 7268
0.018, 7267
0.018, 7266
0.018, 7265
0.018, 7264
0.018, 7263
0.018, 7262
0.018, 7261
0.018, 7260
0.018, 7259
0.018, 7258
0.018, 7257
0.018, 7256
0.018, 7255
0.018, 7254
0.018, 7253
0.018, 7252
0.018, 7251
0.018, 7250
0.018, 7249
0.018, 7248
0.018, 7247
0.018, 7246
0.018, 7245
0.018, 7244
0.018, 7243
0.018, 7242
0.018, 7241
0.018, 7240
0.018, 7239
0.018, 7238
0.018, 7237
0.018, 7236
0.018, 7235
0.018, 7234
0.018, 7233
0.018, 7232
0.018, 7231
0.018, 7230
0.018, 7229
0.018, 7228
0.018, 7227
0.018, 7226
0.018, 7225
0.018, 7224
0.018, 7223
0.018, 7222
0.018, 7221
0.018, 7220
0.018, 7219
0.018, 7218
0.018, 7217
0.018, 7216
0.018, 7215
0.018, 7214
0.018, 7213
0.018, 7212
0.018, 7211
0.018, 7210
0.018, 7209
0.018, 7208
0.018, 7207
0.018, 7206
0.018, 7205
0.018, 7204
0.018, 7203
0.018, 7202
0.018, 7201
0.018, 7200
0.018, 7199
0.018, 7198
0.018, 7197
0.018, 7196
0.018, 7195
0.018, 7194
0.018, 7193
0.018, 7192
0.018, 7191
0.018, 7190
0.018, 7189
0.018, 7188
0.018, 7187
0.018, 7186
0.018, 7185
0.018, 7184
0.018, 7183
0.018, 7182
0.018, 7181
0.018, 7180
0.018, 7179
0.018, 7178
0.018, 7177
0.018, 7176
0.018, 7175
0.018, 7174
0.018, 7173
0.018, 7172
0.018, 7171
0.018, 7170
0.018, 7169
0.018, 7168
0.018, 7167
0.018, 7166
0.018, 7165
0.018, 7164
0.018, 7163
0.018, 7162
0.018, 7161
0.018, 7160
0.018, 7159
0.018, 7158
0.018, 7157
0.018, 7156
0.018, 7155
0.018, 7154
0.018, 7153
0.018, 7152
0.018, 7151
0.018, 7150
0.018, 7149
0.018, 7148
0.018, 7147
0.018, 7146
0.018, 7145
0.018, 7144
0.018, 7143
0.018, 7142
0.018, 7141
0.018, 7140
0.018, 7139
0.018, 7138
0.018, 7137
0.018, 7136
0.018, 7135
0.018, 7134
0.018, 7133
0.018, 7132
0.018, 7131
0.018, 7130
0.018, 7129
0.018, 7128
0.018, 7127
0.018, 7126
0.018, 7125
0.018, 7124
0.018, 7123
0.018, 7122
0.019, 7121
0.019, 7120
0.019, 7119
0.019, 7118
0.019, 7117
0.019, 7116
0.019, 7115
0.019, 7114
0.019, 7113
0.019, 7112
0.019, 7111
0.019, 7110
0.019, 7109
0.019, 7108
0.019, 7107
0.019, 7106
0.019, 7105
0.019, 7104
0.019, 7103
0.019, 7102
0.019, 7101
0.019, 7100
0.019, 7099
0.019, 7098
0.019, 7097
0.019, 7096
0.019, 7095
0.019, 7094
0.019, 7093
0.019, 7092
0.019, 7091
0.019, 7090
0.019, 7089
0.019, 7088
0.019, 7087
0.019, 7086
0.019, 7085
0.019, 7084
0.019, 7083
0.019, 7082
0.019, 7081
0.019, 7080
0.019, 7079
0.019, 7078
0.019, 7077
0.019, 7076
0.019, 7075
0.019, 7074
0.019, 7073
0.019, 7072
0.019, 7071
0.019, 7070
0.019, 7069
0.019, 7068
0.019, 7067
0.019, 7066
0.019, 7065
0.019, 7064
0.019, 7063
0.019, 7062
0.019, 7061
0.019, 7060
0.020, 7059
0.020, 7058
0.020, 7057
0.020, 7056
0.020, 7055
0.020, 7054
0.020, 7053
0.020, 7052
0.020, 7051
0.020, 7050
0.020, 7049
0.020, 7048
0.020, 7047
0.020, 7046
0.020, 7045
0.020, 7044
0.020, 7043
0.020, 7042
0.020, 7041
0.020, 7040
0.020, 7039
0.020, 7038
0.020, 7037
0.020, 7036
0.020, 7035
0.020, 7034
0.020, 7033
0.020, 7032
0.020, 7031
0.020, 7030
0.020, 7029
0.020, 7028
0.020, 7027
0.020, 7026
0.020, 7025
0.020, 7024
0.020, 7023
0.020, 7022
0.020, 7021
0.020, 7020
0.020, 7019
0.020, 7018
0.021, 7017
