0.016, 11021
0.018, 11020
0.018, 11019
0.019, 11018
0.019, 11017
0.019, 11016
0.019, 11015
0.019, 11014
0.019, 11013
0.019, 11012
0.019, 11011
0.019, 11010
0.019, 11009
0.019, 11008
0.019, 11007
0.019, 11006
0.019, 11005
0.020, 11004
0.020, 11003
0.020, 11002
0.020, 11001
0.020, 11000
0.020, 10999
0.020, 10998
0.020, 10997
0.020, 10996
0.020, 10995
0.020, 10994
0.020, 10993
0.020, 10992
0.021, 10991
0.021, 10990
0.021, 10989
0.021, 10988
0.021, 10987
0.021, 10986
0.021, 10985
0.021, 10984
0.021, 10983
0.021, 10982
0.021, 10981
0.021, 10980
0.021, 10979
0.021, 10978
0.021, 10977
0.022, 10976
0.022, 10975
0.022, 10974
0.022, 10973
0.022, 10972
0.022, 10971
0.022, 10970
0.022, 10969
0.022, 10968
0.022, 10967
0.022, 10966
0.022, 10965
0.022, 10964
0.022, 10963
0.022, 10962
0.022, 10961
0.023, 10960
0.023, 10959
0.023, 10958
0.023, 10957
0.023, 10956
0.023, 10955
0.023, 10954
0.023, 10953
0.023, 10952
0.023, 10951
0.023, 10950
0.023, 10949
0.023, 10948
0.023, 10947
0.023, 10946
0.023, 10945
0.024, 10944
0.024, 10943
0.024, 10942
0.024, 10941
0.024, 10940
0.024, 10939
0.024, 10938
0.024, 10937
0.024, 10936
0.024, 10935
0.024, 10934
0.024, 10933
0.024, 10932
0.024, 10931
0.024, 10930
0.024, 10929
0.025, 10928
0.025, 10927
0.025, 10926
0.025, 10925
0.025, 10924
0.025, 10923
0.025, 10922
0.025, 10921
0.025, 10920
0.025, 10919
0.025, 10918
0.025, 10917
0.025, 10916
0.025, 10915
0.025, 10914
0.025, 10913
0.025, 10912
0.026, 10911
0.026, 10910
0.026, 10909
0.026, 10908
0.026, 10907
0.026, 10906
0.026, 10905
0.026, 10904
0.026, 10903
0.026, 10902
0.026, 10901
0.026, 10900
0.026, 10899
0.026, 10898
0.026, 10897
0.026, 10896
0.026, 10895
0.026, 10894
0.027, 10893
0.027, 10892
0.027, 10891
0.027, 10890
0.027, 10889
0.027, 10888
0.027, 10887
0.027, 10886
0.027, 10885
0.027, 10884
0.027, 10883
0.027, 10882
0.027, 10881
0.027, 10880
0.027, 10879
0.027, 10878
0.027, 10877
0.027, 10876
0.028, 10875
0.028, 10874
0.028, 10873
0.028, 10872
0.028, 10871
0.028, 10870
0.028, 10869
0.028, 10868
0.028, 10867
0.028, 10866
0.028, 10865
0.028, 10864
0.028, 10863
0.028, 10862
0.028, 10861
0.028, 10860
0.028, 10859
0.028, 10858
0.029, 10857
0.029, 10856
0.029, 10855
0.029, 10854
0.029, 10853
0.029, 10852
0.029, 10851
0.029, 10850
0.029, 10849
0.029, 10848
0.029, 10847
0.029, 10846
0.029, 10845
0.029, 10844
0.029, 10843
0.029, 10842
0.029, 10841
0.029, 10840
0.029, 10839
0.030, 10838
0.030, 10837
0.030, 10836
0.030, 10835
0.030, 10834
0.030, 10833
0.030, 10832
0.030, 10831
0.030, 10830
0.030, 10829
0.030, 10828
0.030, 10827
0.030, 10826
0.030, 10825
0.030, 10824
0.030, 10823
0.030, 10822
0.030, 10821
0.030, 10820
0.030, 10819
0.031, 10818
0.031, 10817
0.031, 10816
0.031, 10815
0.031, 10814
0.031, 10813
0.031, 10812
0.031, 10811
0.031, 10810
0.031, 10809
0.031, 10808
0.031, 10807
0.031, 10806
0.031, 10805
0.031, 10804
0.031, 10803
0.031, 10802
0.031, 10801
0.031, 10800
0.031, 10799
0.032, 10798
0.032, 10797
0.032, 10796
0.032, 10795
0.032, 10794
0.032, 10793
0.032, 10792
0.032, 10791
0.032, 10790
0.032, 10789
0.032, 10788
0.032, 10787
0.032, 10786
0.032, 10785
0.032, 10784
0.032, 10783
0.032, 10782
0.032, 10781
0.032, 10780
0.032, 10779
0.032, 10778
0.032, 10777
0.033, 10776
0.033, 10775
0.033, 10774
0.033, 10773
0.033, 10772
0.033, 10771
0.033, 10770
0.033, 10769
0.033, 10768
0.033, 10767
0.033, 10766
0.033, 10765
0.033, 10764
0.033, 10763
0.033, 10762
0.033, 10761
0.033, 10760
0.033, 10759
0.034, 10758
0.034, 10757
0.034, 10756
0.034, 10755
0.034, 10754
0.034, 10753
0.034, 10752
0.034, 10751
0.034, 10750
0.034, 10749
0.034, 10748
0.034, 10747
0.034, 10746
0.034, 10745
0.034, 10744
0.034, 10743
0.034, 10742
0.034, 10741
0.034, 10740
0.034, 10739
0.034, 10738
0.034, 10737
0.034, 10736
0.034, 10735
0.035, 10734
0.035, 10733
0.035, 10732
0.035, 10731
0.035, 10730
0.035, 10729
0.035, 10728
0.035, 10727
0.035, 10726
0.035, 10725
0.035, 10724
0.035, 10723
0.035, 10722
0.035, 10721
0.035, 10720
0.035, 10719
0.035, 10718
0.035, 10717
0.035, 10716
0.035, 10715
0.035, 10714
0.035, 10713
0.035, 10712
0.035, 10711
0.036, 10710
0.036, 10709
0.036, 10708
0.036, 10707
0.036, 10706
0.036, 10705
0.036, 10704
0.036, 10703
0.036, 10702
0.036, 10701
0.036, 10700
0.036, 10699
0.036, 10698
0.036, 10697
0.036, 10696
0.036, 10695
0.036, 10694
0.036, 10693
0.036, 10692
0.036, 10691
0.036, 10690
0.036, 10689
0.036, 10688
0.036, 10687
0.037, 10686
0.037, 10685
0.037, 10684
0.037, 10683
0.037, 10682
0.037, 10681
0.037, 10680
0.037, 10679
0.037, 10678
0.037, 10677
0.037, 10676
0.037, 10675
0.037, 10674
0.037, 10673
0.037, 10672
0.037, 10671
0.037, 10670
0.037, 10669
0.037, 10668
0.037, 10667
0.037, 10666
0.037, 10665
0.037, 10664
0.037, 10663
0.037, 10662
0.037, 10661
0.037, 10660
0.037, 10659
0.038, 10658
0.038, 10657
0.038, 10656
0.038, 10655
0.038, 10654
0.038, 10653
0.038, 10652
0.038, 10651
0.038, 10650
0.038, 10649
0.038, 10648
0.038, 10647
0.038, 10646
0.038, 10645
0.038, 10644
0.038, 10643
0.038, 10642
0.038, 10641
0.038, 10640
0.038, 10639
0.038, 10638
0.038, 10637
0.038, 10636
0.038, 10635
0.038, 10634
0.038, 10633
0.038, 10632
0.038, 10631
0.038, 10630
0.038, 10629
0.038, 10628
0.038, 10627
0.039, 10626
0.039, 10625
0.039, 10624
0.039, 10623
0.039, 10622
0.039, 10621
0.039, 10620
0.039, 10619
0.039, 10618
0.039, 10617
0.039, 10616
0.039, 10615
0.039, 10614
0.039, 10613
0.039, 10612
0.039, 10611
0.039, 10610
0.039, 10609
0.039, 10608
0.039, 10607
0.039, 10606
0.039, 10605
0.039, 10604
0.039, 10603
0.039, 10602
0.039, 10601
0.039, 10600
0.039, 10599
0.039, 10598
0.039, 10597
0.039, 10596
0.039, 10595
0.039, 10594
0.039, 10593
0.039, 10592
0.039, 10591
0.039, 10590
0.039, 10589
0.039, 10588
0.040, 10587
0.040, 10586
0.040, 10585
0.040, 10584
0.040, 10583
0.040, 10582
0.040, 10581
0.040, 10580
0.040, 10579
0.040, 10578
0.040, 10577
0.040, 10576
0.040, 10575
0.040, 10574
0.040, 10573
0.040, 10572
0.040, 10571
0.040, 10570
0.040, 10569
0.040, 10568
0.040, 10567
0.040, 10566
0.040, 10565
0.040, 10564
0.040, 10563
0.040, 10562
0.040, 10561
0.040, 10560
0.040, 10559
0.040, 10558
0.040, 10557
0.040, 10556
0.040, 10555
0.040, 10554
0.040, 10553
0.040, 10552
0.040, 10551
0.040, 10550
0.040, 10549
0.040, 10548
0.041, 10547
0.041, 10546
0.041, 10545
0.041, 10544
0.041, 10543
0.041, 10542
0.041, 10541
0.041, 10540
0.041, 10539
0.041, 10538
0.041, 10537
0.041, 10536
0.041, 10535
0.041, 10534
0.041, 10533
0.041, 10532
0.041, 10531
0.041, 10530
0.041, 10529
0.041, 10528
0.041, 10527
0.041, 10526
0.041, 10525
0.041, 10524
0.041, 10523
0.041, 10522
0.041, 10521
0.041, 10520
0.041, 10519
0.041, 10518
0.041, 10517
0.041, 10516
0.041, 10515
0.041, 10514
0.041, 10513
0.041, 10512
0.041, 10511
0.041, 10510
0.042, 10509
0.042, 10508
0.042, 10507
0.042, 10506
0.042, 10505
0.042, 10504
0.042, 10503
0.042, 10502
0.042, 10501
0.042, 10500
0.042, 10499
0.042, 10498
0.042, 10497
0.042, 10496
0.042, 10495
0.042, 10494
0.042, 10493
0.042, 10492
0.042, 10491
0.042, 10490
0.042, 10489
0.042, 10488
0.042, 10487
0.042, 10486
0.042, 10485
0.042, 10484
0.042, 10483
0.042, 10482
0.042, 10481
0.042, 10480
0.042, 10479
0.042, 10478
0.042, 10477
0.042, 10476
0.042, 10475
0.042, 10474
0.042, 10473
0.042, 10472
0.042, 10471
0.042, 10470
0.042, 10469
0.043, 10468
0.043, 10467
0.043, 10466
0.043, 10465
0.043, 10464
0.043, 10463
0.043, 10462
0.043, 10461
0.043, 10460
0.043, 10459
0.043, 10458
0.043, 10457
0.043, 10456
0.043, 10455
0.043, 10454
0.043, 10453
0.043, 10452
0.043, 10451
0.043, 10450
0.043, 10449
0.043, 10448
0.043, 10447
0.043, 10446
0.043, 10445
0.043, 10444
0.043, 10443
0.043, 10442
0.043, 10441
0.043, 10440
0.043, 10439
0.043, 10438
0.043, 10437
0.043, 10436
0.043, 10435
0.043, 10434
0.043, 10433
0.043, 10432
0.043, 10431
0.043, 10430
0.043, 10429
0.043, 10428
0.043, 10427
0.043, 10426
0.043, 10425
0.043, 10424
0.043, 10423
0.043, 10422
0.043, 10421
0.043, 10420
0.043, 10419
0.043, 10418
0.044, 10417
0.044, 10416
0.044, 10415
0.044, 10414
0.044, 10413
0.044, 10412
0.044, 10411
0.044, 10410
0.044, 10409
0.044, 10408
0.044, 10407
0.044, 10406
0.044, 10405
0.044, 10404
0.044, 10403
0.044, 10402
0.044, 10401
0.044, 10400
0.044, 10399
0.044, 10398
0.044, 10397
0.044, 10396
0.044, 10395
0.044, 10394
0.044, 10393
0.044, 10392
0.044, 10391
0.044, 10390
0.044, 10389
0.044, 10388
0.044, 10387
0.044, 10386
0.044, 10385
0.044, 10384
0.044, 10383
0.044, 10382
0.044, 10381
0.044, 10380
0.044, 10379
0.044, 10378
0.044, 10377
0.044, 10376
0.045, 10375
0.045, 10374
0.045, 10373
0.045, 10372
0.045, 10371
0.045, 10370
0.045, 10369
0.045, 10368
0.045, 10367
0.045, 10366
0.045, 10365
0.045, 10364
0.045, 10363
0.045, 10362
0.045, 10361
0.045, 10360
0.045, 10359
0.045, 10358
0.045, 10357
0.045, 10356
0.045, 10355
0.045, 10354
0.045, 10353
0.045, 10352
0.045, 10351
0.045, 10350
0.045, 10349
0.045, 10348
0.045, 10347
0.045, 10346
0.045, 10345
0.045, 10344
0.045, 10343
0.045, 10342
0.045, 10341
0.045, 10340
0.045, 10339
0.045, 10338
0.045, 10337
0.045, 10336
0.045, 10335
0.045, 10334
0.045, 10333
0.045, 10332
0.045, 10331
0.045, 10330
0.045, 10329
0.045, 10328
0.045, 10327
0.045, 10326
0.045, 10325
0.045, 10324
0.045, 10323
0.045, 10322
0.045, 10321
0.045, 10320
0.045, 10319
0.045, 10318
0.045, 10317
0.045, 10316
0.045, 10315
0.045, 10314
0.045, 10313
0.045, 10312
0.046, 10311
0.046, 10310
0.046, 10309
0.046, 10308
0.046, 10307
0.046, 10306
0.046, 10305
0.046, 10304
0.046, 10303
0.046, 10302
0.046, 10301
0.046, 10300
0.046, 10299
0.046, 10298
0.046, 10297
0.046, 10296
0.046, 10295
0.046, 10294
0.046, 10293
0.046, 10292
0.046, 10291
0.046, 10290
0.046, 10289
0.046, 10288
0.046, 10287
0.046, 10286
0.046, 10285
0.046, 10284
0.046, 10283
0.046, 10282
0.046, 10281
0.046, 10280
0.046, 10279
0.046, 10278
0.046, 10277
0.046, 10276
0.046, 10275
0.046, 10274
0.046, 10273
0.046, 10272
0.046, 10271
0.046, 10270
0.046, 10269
0.046, 10268
0.046, 10267
0.046, 10266
0.046, 10265
0.046, 10264
0.046, 10263
0.046, 10262
0.046, 10261
0.046, 10260
0.046, 10259
0.046, 10258
0.046, 10257
0.046, 10256
0.046, 10255
0.046, 10254
0.046, 10253
0.046, 10252
0.046, 10251
0.046, 10250
0.046, 10249
0.047, 10248
0.047, 10247
0.047, 10246
0.047, 10245
0.047, 10244
0.047, 10243
0.047, 10242
0.047, 10241
0.047, 10240
0.047, 10239
0.047, 10238
0.047, 10237
0.047, 10236
0.047, 10235
0.047, 10234
0.047, 10233
0.047, 10232
0.047, 10231
0.047, 10230
0.047, 10229
0.047, 10228
0.047, 10227
0.047, 10226
0.047, 10225
0.047, 10224
0.047, 10223
0.047, 10222
0.047, 10221
0.047, 10220
0.047, 10219
0.047, 10218
0.047, 10217
0.047, 10216
0.047, 10215
0.047, 10214
0.047, 10213
0.047, 10212
0.047, 10211
0.047, 10210
0.047, 10209
0.047, 10208
0.047, 10207
0.047, 10206
0.047, 10205
0.047, 10204
0.047, 10203
0.047, 10202
0.047, 10201
0.047, 10200
0.047, 10199
0.047, 10198
0.047, 10197
0.047, 10196
0.047, 10195
0.047, 10194
0.047, 10193
0.047, 10192
0.047, 10191
0.047, 10190
0.047, 10189
0.047, 10188
0.047, 10187
0.047, 10186
0.047, 10185
0.047, 10184
0.047, 10183
0.047, 10182
0.047, 10181
0.047, 10180
0.047, 10179
0.047, 10178
0.047, 10177
0.047, 10176
0.048, 10175
0.048, 10174
0.048, 10173
0.048, 10172
0.048, 10171
0.048, 10170
0.048, 10169
0.048, 10168
0.048, 10167
0.048, 10166
0.048, 10165
0.048, 10164
0.048, 10163
0.048, 10162
0.048, 10161
0.048, 10160
0.048, 10159
0.048, 10158
0.048, 10157
0.048, 10156
0.048, 10155
0.048, 10154
0.048, 10153
0.048, 10152
0.048, 10151
0.048, 10150
0.048, 10149
0.048, 10148
0.048, 10147
0.048, 10146
0.048, 10145
0.048, 10144
0.048, 10143
0.048, 10142
0.048, 10141
0.048, 10140
0.048, 10139
0.048, 10138
0.048, 10137
0.048, 10136
0.048, 10135
0.048, 10134
0.048, 10133
0.048, 10132
0.048, 10131
0.048, 10130
0.048, 10129
0.048, 10128
0.048, 10127
0.048, 10126
0.048, 10125
0.048, 10124
0.048, 10123
0.048, 10122
0.048, 10121
0.048, 10120
0.048, 10119
0.048, 10118
0.048, 10117
0.048, 10116
0.048, 10115
0.048, 10114
0.048, 10113
0.048, 10112
0.048, 10111
0.048, 10110
0.048, 10109
0.048, 10108
0.048, 10107
0.048, 10106
0.048, 10105
0.048, 10104
0.048, 10103
0.048, 10102
0.048, 10101
0.048, 10100
0.048, 10099
0.048, 10098
0.048, 10097
0.048, 10096
0.048, 10095
0.048, 10094
0.048, 10093
0.048, 10092
0.048, 10091
0.048, 10090
0.049, 10089
0.049, 10088
0.049, 10087
0.049, 10086
0.049, 10085
0.049, 10084
0.049, 10083
0.049, 10082
0.049, 10081
0.049, 10080
0.049, 10079
0.049, 10078
0.049, 10077
0.049, 10076
0.049, 10075
0.049, 10074
0.049, 10073
0.049, 10072
0.049, 10071
0.049, 10070
0.049, 10069
0.049, 10068
0.049, 10067
0.049, 10066
0.049, 10065
0.049, 10064
0.049, 10063
0.049, 10062
0.049, 10061
0.049, 10060
0.049, 10059
0.049, 10058
0.049, 10057
0.049, 10056
0.049, 10055
0.049, 10054
0.049, 10053
0.049, 10052
0.049, 10051
0.049, 10050
0.049, 10049
0.049, 10048
0.049, 10047
0.049, 10046
0.049, 10045
0.049, 10044
0.049, 10043
0.049, 10042
0.049, 10041
0.049, 10040
0.049, 10039
0.049, 10038
0.049, 10037
0.049, 10036
0.049, 10035
0.049, 10034
0.049, 10033
0.049, 10032
0.049, 10031
0.049, 10030
0.049, 10029
0.049, 10028
0.049, 10027
0.049, 10026
0.049, 10025
0.049, 10024
0.049, 10023
0.049, 10022
0.049, 10021
0.049, 10020
0.049, 10019
0.049, 10018
0.049, 10017
0.049, 10016
0.049, 10015
0.049, 10014
0.049, 10013
0.049, 10012
0.049, 10011
0.049, 10010
0.049, 10009
0.049, 10008
0.049, 10007
0.049, 10006
0.049, 10005
0.049, 10004
0.049, 10003
0.049, 10002
0.049, 10001
0.049, 10000
0.049, 9999
0.049, 9998
0.049, 9997
0.049, 9996
0.049, 9995
0.049, 9994
0.049, 9993
0.049, 9992
0.049, 9991
0.050, 9990
0.050, 9989
0.050, 9988
0.050, 9987
0.050, 9986
0.050, 9985
0.050, 9984
0.050, 9983
0.050, 9982
0.050, 9981
0.050, 9980
0.050, 9979
0.050, 9978
0.050, 9977
0.050, 9976
0.050, 9975
0.050, 9974
0.050, 9973
0.050, 9972
0.050, 9971
0.050, 9970
0.050, 9969
0.050, 9968
0.050, 9967
0.050, 9966
0.050, 9965
0.050, 9964
0.050, 9963
0.050, 9962
0.050, 9961
0.050, 9960
0.050, 9959
0.050, 9958
0.050, 9957
0.050, 9956
0.050, 9955
0.050, 9954
0.050, 9953
0.050, 9952
0.050, 9951
0.050, 9950
0.050, 9949
0.050, 9948
0.050, 9947
0.050, 9946
0.050, 9945
0.050, 9944
0.050, 9943
0.050, 9942
0.050, 9941
0.050, 9940
0.050, 9939
0.050, 9938
0.050, 9937
0.050, 9936
0.050, 9935
0.050, 9934
0.050, 9933
0.050, 9932
0.050, 9931
0.050, 9930
0.050, 9929
0.050, 9928
0.050, 9927
0.050, 9926
0.050, 9925
0.050, 9924
0.050, 9923
0.050, 9922
0.050, 9921
0.050, 9920
0.050, 9919
0.050, 9918
0.050, 9917
0.050, 9916
0.050, 9915
0.050, 9914
0.050, 9913
0.050, 9912
0.050, 9911
0.050, 9910
0.050, 9909
0.050, 9908
0.050, 9907
0.050, 9906
0.050, 9905
0.050, 9904
0.050, 9903
0.050, 9902
0.050, 9901
0.050, 9900
0.050, 9899
0.050, 9898
0.050, 9897
0.050, 9896
0.050, 9895
0.050, 9894
0.050, 9893
0.050, 9892
0.050, 9891
0.050, 9890
0.050, 9889
0.050, 9888
0.050, 9887
0.050, 9886
0.050, 9885
0.050, 9884
0.050, 9883
0.050, 9882
0.051, 9881
0.051, 9880
0.051, 9879
0.051, 9878
0.051, 9877
0.051, 9876
0.051, 9875
0.051, 9874
0.051, 9873
0.051, 9872
0.051, 9871
0.051, 9870
0.051, 9869
0.051, 9868
0.051, 9867
0.051, 9866
0.051, 9865
0.051, 9864
0.051, 9863
0.051, 9862
0.051, 9861
0.051, 9860
0.051, 9859
0.051, 9858
0.051, 9857
0.051, 9856
0.051, 9855
0.051, 9854
0.051, 9853
0.051, 9852
0.051, 9851
0.051, 9850
0.051, 9849
0.051, 9848
0.051, 9847
0.051, 9846
0.051, 9845
0.051, 9844
0.051, 9843
0.051, 9842
0.051, 9841
0.051, 9840
0.051, 9839
0.051, 9838
0.051, 9837
0.051, 9836
0.051, 9835
0.051, 9834
0.051, 9833
0.051, 9832
0.051, 9831
0.051, 9830
0.051, 9829
0.051, 9828
0.051, 9827
0.051, 9826
0.051, 9825
0.051, 9824
0.051, 9823
0.051, 9822
0.051, 9821
0.051, 9820
0.051, 9819
0.051, 9818
0.051, 9817
0.051, 9816
0.051, 9815
0.051, 9814
0.051, 9813
0.051, 9812
0.051, 9811
0.051, 9810
0.051, 9809
0.051, 9808
0.051, 9807
0.051, 9806
0.051, 9805
0.051, 9804
0.051, 9803
0.051, 9802
0.051, 9801
0.051, 9800
0.051, 9799
0.051, 9798
0.051, 9797
0.051, 9796
0.051, 9795
0.051, 9794
0.051, 9793
0.051, 9792
0.051, 9791
0.051, 9790
0.051, 9789
0.051, 9788
0.051, 9787
0.051, 9786
0.051, 9785
0.051, 9784
0.051, 9783
0.051, 9782
0.051, 9781
0.051, 9780
0.051, 9779
0.051, 9778
0.051, 9777
0.051, 9776
0.051, 9775
0.051, 9774
0.051, 9773
0.051, 9772
0.051, 9771
0.051, 9770
0.052, 9769
0.052, 9768
0.052, 9767
0.052, 9766
0.052, 9765
0.052, 9764
0.052, 9763
0.052, 9762
0.052, 9761
0.052, 9760
0.052, 9759
0.052, 9758
0.052, 9757
0.052, 9756
0.052, 9755
0.052, 9754
0.052, 9753
0.052, 9752
0.052, 9751
0.052, 9750
0.052, 9749
0.052, 9748
0.052, 9747
0.052, 9746
0.052, 9745
0.052, 9744
0.052, 9743
0.052, 9742
0.052, 9741
0.052, 9740
0.052, 9739
0.052, 9738
0.052, 9737
0.052, 9736
0.052, 9735
0.052, 9734
0.052, 9733
0.052, 9732
0.052, 9731
0.052, 9730
0.052, 9729
0.052, 9728
0.052, 9727
0.052, 9726
0.052, 9725
0.052, 9724
0.052, 9723
0.052, 9722
0.052, 9721
0.052, 9720
0.052, 9719
0.052, 9718
0.052, 9717
0.052, 9716
0.052, 9715
0.052, 9714
0.052, 9713
0.052, 9712
0.052, 9711
0.052, 9710
0.052, 9709
0.052, 9708
0.052, 9707
0.052, 9706
0.052, 9705
0.052, 9704
0.052, 9703
0.052, 9702
0.052, 9701
0.052, 9700
0.052, 9699
0.052, 9698
0.052, 9697
0.052, 9696
0.052, 9695
0.052, 9694
0.052, 9693
0.052, 9692
0.052, 9691
0.052, 9690
0.052, 9689
0.053, 9688
0.053, 9687
0.053, 9686
0.053, 9685
0.053, 9684
0.053, 9683
0.053, 9682
0.053, 9681
0.053, 9680
0.053, 9679
0.053, 9678
0.053, 9677
0.053, 9676
0.053, 9675
0.053, 9674
0.053, 9673
0.053, 9672
0.053, 9671
0.053, 9670
0.053, 9669
0.053, 9668
0.053, 9667
0.053, 9666
0.053, 9665
0.053, 9664
0.053, 9663
0.053, 9662
0.053, 9661
0.053, 9660
0.053, 9659
0.053, 9658
0.053, 9657
0.053, 9656
0.053, 9655
0.053, 9654
0.053, 9653
0.053, 9652
0.053, 9651
0.053, 9650
0.053, 9649
0.053, 9648
0.053, 9647
0.053, 9646
0.053, 9645
0.053, 9644
0.053, 9643
0.053, 9642
0.053, 9641
0.053, 9640
0.053, 9639
0.053, 9638
0.053, 9637
0.053, 9636
0.053, 9635
0.053, 9634
0.053, 9633
0.053, 9632
0.053, 9631
0.053, 9630
0.053, 9629
0.053, 9628
0.053, 9627
0.053, 9626
0.053, 9625
0.053, 9624
0.053, 9623
0.053, 9622
0.053, 9621
0.053, 9620
0.053, 9619
0.053, 9618
0.053, 9617
0.053, 9616
0.053, 9615
0.053, 9614
0.053, 9613
0.053, 9612
0.053, 9611
0.053, 9610
0.053, 9609
0.053, 9608
0.053, 9607
0.053, 9606
0.053, 9605
0.053, 9604
0.053, 9603
0.053, 9602
0.053, 9601
0.053, 9600
0.053, 9599
0.053, 9598
0.053, 9597
0.053, 9596
0.053, 9595
0.053, 9594
0.053, 9593
0.053, 9592
0.053, 9591
0.053, 9590
0.053, 9589
0.053, 9588
0.053, 9587
0.053, 9586
0.053, 9585
0.053, 9584
0.053, 9583
0.053, 9582
0.053, 9581
0.053, 9580
0.053, 9579
0.053, 9578
0.054, 9577
0.054, 9576
0.054, 9575
0.054, 9574
0.054, 9573
0.054, 9572
0.054, 9571
0.054, 9570
0.054, 9569
0.054, 9568
0.054, 9567
0.054, 9566
0.054, 9565
0.054, 9564
0.054, 9563
0.054, 9562
0.054, 9561
0.054, 9560
0.054, 9559
0.054, 9558
0.054, 9557
0.054, 9556
0.054, 9555
0.054, 9554
0.054, 9553
0.054, 9552
0.054, 9551
0.054, 9550
0.054, 9549
0.054, 9548
0.054, 9547
0.054, 9546
0.054, 9545
0.054, 9544
0.054, 9543
0.054, 9542
0.054, 9541
0.054, 9540
0.054, 9539
0.054, 9538
0.054, 9537
0.054, 9536
0.054, 9535
0.054, 9534
0.054, 9533
0.054, 9532
0.054, 9531
0.054, 9530
0.054, 9529
0.054, 9528
0.054, 9527
0.054, 9526
0.054, 9525
0.054, 9524
0.054, 9523
0.054, 9522
0.054, 9521
0.054, 9520
0.054, 9519
0.054, 9518
0.054, 9517
0.054, 9516
0.054, 9515
0.054, 9514
0.054, 9513
0.054, 9512
0.054, 9511
0.054, 9510
0.054, 9509
0.054, 9508
0.054, 9507
0.054, 9506
0.054, 9505
0.054, 9504
0.054, 9503
0.054, 9502
0.054, 9501
0.054, 9500
0.054, 9499
0.054, 9498
0.054, 9497
0.054, 9496
0.054, 9495
0.054, 9494
0.054, 9493
0.054, 9492
0.054, 9491
0.054, 9490
0.054, 9489
0.054, 9488
0.054, 9487
0.054, 9486
0.054, 9485
0.054, 9484
0.054, 9483
0.054, 9482
0.054, 9481
0.054, 9480
0.054, 9479
0.054, 9478
0.054, 9477
0.054, 9476
0.054, 9475
0.054, 9474
0.054, 9473
0.054, 9472
0.054, 9471
0.054, 9470
0.054, 9469
0.054, 9468
0.054, 9467
0.054, 9466
0.054, 9465
0.054, 9464
0.055, 9463
0.055, 9462
0.055, 9461
0.055, 9460
0.055, 9459
0.055, 9458
0.055, 9457
0.055, 9456
0.055, 9455
0.055, 9454
0.055, 9453
0.055, 9452
0.055, 9451
0.055, 9450
0.055, 9449
0.055, 9448
0.055, 9447
0.055, 9446
0.055, 9445
0.055, 9444
0.055, 9443
0.055, 9442
0.055, 9441
0.055, 9440
0.055, 9439
0.055, 9438
0.055, 9437
0.055, 9436
0.055, 9435
0.055, 9434
0.055, 9433
0.055, 9432
0.055, 9431
0.055, 9430
0.055, 9429
0.055, 9428
0.055, 9427
0.055, 9426
0.055, 9425
0.055, 9424
0.055, 9423
0.055, 9422
0.055, 9421
0.055, 9420
0.055, 9419
0.055, 9418
0.055, 9417
0.055, 9416
0.055, 9415
0.055, 9414
0.055, 9413
0.055, 9412
0.055, 9411
0.055, 9410
0.055, 9409
0.055, 9408
0.055, 9407
0.055, 9406
0.055, 9405
0.055, 9404
0.055, 9403
0.055, 9402
0.055, 9401
0.055, 9400
0.055, 9399
0.055, 9398
0.055, 9397
0.055, 9396
0.055, 9395
0.055, 9394
0.055, 9393
0.055, 9392
0.055, 9391
0.055, 9390
0.055, 9389
0.055, 9388
0.055, 9387
0.055, 9386
0.055, 9385
0.055, 9384
0.055, 9383
0.055, 9382
0.055, 9381
0.055, 9380
0.055, 9379
0.055, 9378
0.055, 9377
0.055, 9376
0.055, 9375
0.055, 9374
0.055, 9373
0.055, 9372
0.055, 9371
0.055, 9370
0.055, 9369
0.055, 9368
0.055, 9367
0.055, 9366
0.055, 9365
0.055, 9364
0.055, 9363
0.055, 9362
0.055, 9361
0.055, 9360
0.055, 9359
0.055, 9358
0.055, 9357
0.055, 9356
0.055, 9355
0.055, 9354
0.055, 9353
0.055, 9352
0.055, 9351
0.055, 9350
0.055, 9349
0.055, 9348
0.055, 9347
0.055, 9346
0.055, 9345
0.055, 9344
0.055, 9343
0.055, 9342
0.055, 9341
0.055, 9340
0.055, 9339
0.055, 9338
0.055, 9337
0.055, 9336
0.055, 9335
0.055, 9334
0.056, 9333
0.056, 9332
0.056, 9331
0.056, 9330
0.056, 9329
0.056, 9328
0.056, 9327
0.056, 9326
0.056, 9325
0.056, 9324
0.056, 9323
0.056, 9322
0.056, 9321
0.056, 9320
0.056, 9319
0.056, 9318
0.056, 9317
0.056, 9316
0.056, 9315
0.056, 9314
0.056, 9313
0.056, 9312
0.056, 9311
0.056, 9310
0.056, 9309
0.056, 9308
0.056, 9307
0.056, 9306
0.056, 9305
0.056, 9304
0.056, 9303
0.056, 9302
0.056, 9301
0.056, 9300
0.056, 9299
0.056, 9298
0.056, 9297
0.056, 9296
0.056, 9295
0.056, 9294
0.056, 9293
0.056, 9292
0.056, 9291
0.056, 9290
0.056, 9289
0.056, 9288
0.056, 9287
0.056, 9286
0.056, 9285
0.056, 9284
0.056, 9283
0.056, 9282
0.056, 9281
0.056, 9280
0.056, 9279
0.056, 9278
0.056, 9277
0.056, 9276
0.056, 9275
0.056, 9274
0.056, 9273
0.056, 9272
0.056, 9271
0.056, 9270
0.056, 9269
0.056, 9268
0.056, 9267
0.056, 9266
0.056, 9265
0.056, 9264
0.056, 9263
0.056, 9262
0.056, 9261
0.056, 9260
0.056, 9259
0.056, 9258
0.056, 9257
0.056, 9256
0.056, 9255
0.056, 9254
0.056, 9253
0.056, 9252
0.056, 9251
0.056, 9250
0.056, 9249
0.056, 9248
0.056, 9247
0.056, 9246
0.056, 9245
0.056, 9244
0.056, 9243
0.056, 9242
0.056, 9241
0.056, 9240
0.056, 9239
0.056, 9238
0.056, 9237
0.056, 9236
0.056, 9235
0.056, 9234
0.056, 9233
0.056, 9232
0.056, 9231
0.056, 9230
0.056, 9229
0.056, 9228
0.056, 9227
0.056, 9226
0.056, 9225
0.056, 9224
0.056, 9223
0.056, 9222
0.056, 9221
0.056, 9220
0.056, 9219
0.056, 9218
0.056, 9217
0.056, 9216
0.056, 9215
0.056, 9214
0.056, 9213
0.056, 9212
0.056, 9211
0.056, 9210
0.056, 9209
0.056, 9208
0.056, 9207
0.056, 9206
0.056, 9205
0.056, 9204
0.056, 9203
0.056, 9202
0.056, 9201
0.056, 9200
0.056, 9199
0.057, 9198
0.057, 9197
0.057, 9196
0.057, 9195
0.057, 9194
0.057, 9193
0.057, 9192
0.057, 9191
0.057, 9190
0.057, 9189
0.057, 9188
0.057, 9187
0.057, 9186
0.057, 9185
0.057, 9184
0.057, 9183
0.057, 9182
0.057, 9181
0.057, 9180
0.057, 9179
0.057, 9178
0.057, 9177
0.057, 9176
0.057, 9175
0.057, 9174
0.057, 9173
0.057, 9172
0.057, 9171
0.057, 9170
0.057, 9169
0.057, 9168
0.057, 9167
0.057, 9166
0.057, 9165
0.057, 9164
0.057, 9163
0.057, 9162
0.057, 9161
0.057, 9160
0.057, 9159
0.057, 9158
0.057, 9157
0.057, 9156
0.057, 9155
0.057, 9154
0.057, 9153
0.057, 9152
0.057, 9151
0.057, 9150
0.057, 9149
0.057, 9148
0.057, 9147
0.057, 9146
0.057, 9145
0.057, 9144
0.057, 9143
0.057, 9142
0.057, 9141
0.057, 9140
0.057, 9139
0.057, 9138
0.057, 9137
0.057, 9136
0.057, 9135
0.057, 9134
0.057, 9133
0.057, 9132
0.057, 9131
0.057, 9130
0.057, 9129
0.057, 9128
0.057, 9127
0.057, 9126
0.057, 9125
0.057, 9124
0.057, 9123
0.057, 9122
0.057, 9121
0.057, 9120
0.057, 9119
0.057, 9118
0.057, 9117
0.057, 9116
0.057, 9115
0.057, 9114
0.057, 9113
0.057, 9112
0.057, 9111
0.057, 9110
0.057, 9109
0.057, 9108
0.057, 9107
0.057, 9106
0.057, 9105
0.057, 9104
0.057, 9103
0.057, 9102
0.057, 9101
0.057, 9100
0.057, 9099
0.057, 9098
0.057, 9097
0.057, 9096
0.057, 9095
0.057, 9094
0.057, 9093
0.057, 9092
0.057, 9091
0.057, 9090
0.057, 9089
0.057, 9088
0.057, 9087
0.057, 9086
0.057, 9085
0.057, 9084
0.057, 9083
0.057, 9082
0.057, 9081
0.057, 9080
0.057, 9079
0.057, 9078
0.057, 9077
0.057, 9076
0.057, 9075
0.057, 9074
0.057, 9073
0.057, 9072
0.057, 9071
0.057, 9070
0.057, 9069
0.057, 9068
0.057, 9067
0.057, 9066
0.057, 9065
0.057, 9064
0.057, 9063
0.057, 9062
0.057, 9061
0.057, 9060
0.057, 9059
0.058, 9058
0.058, 9057
0.058, 9056
0.058, 9055
0.058, 9054
0.058, 9053
0.058, 9052
0.058, 9051
0.058, 9050
0.058, 9049
0.058, 9048
0.058, 9047
0.058, 9046
0.058, 9045
0.058, 9044
0.058, 9043
0.058, 9042
0.058, 9041
0.058, 9040
0.058, 9039
0.058, 9038
0.058, 9037
0.058, 9036
0.058, 9035
0.058, 9034
0.058, 9033
0.058, 9032
0.058, 9031
0.058, 9030
0.058, 9029
0.058, 9028
0.058, 9027
0.058, 9026
0.058, 9025
0.058, 9024
0.058, 9023
0.058, 9022
0.058, 9021
0.058, 9020
0.058, 9019
0.058, 9018
0.058, 9017
0.058, 9016
0.058, 9015
0.058, 9014
0.058, 9013
0.058, 9012
0.058, 9011
0.058, 9010
0.058, 9009
0.058, 9008
0.058, 9007
0.058, 9006
0.058, 9005
0.058, 9004
0.058, 9003
0.058, 9002
0.058, 9001
0.058, 9000
0.058, 8999
0.058, 8998
0.058, 8997
0.058, 8996
0.058, 8995
0.058, 8994
0.058, 8993
0.058, 8992
0.058, 8991
0.058, 8990
0.058, 8989
0.058, 8988
0.058, 8987
0.058, 8986
0.058, 8985
0.058, 8984
0.058, 8983
0.058, 8982
0.058, 8981
0.058, 8980
0.058, 8979
0.058, 8978
0.058, 8977
0.058, 8976
0.058, 8975
0.058, 8974
0.058, 8973
0.058, 8972
0.058, 8971
0.058, 8970
0.058, 8969
0.058, 8968
0.058, 8967
0.058, 8966
0.058, 8965
0.058, 8964
0.058, 8963
0.058, 8962
0.058, 8961
0.058, 8960
0.058, 8959
0.058, 8958
0.058, 8957
0.058, 8956
0.058, 8955
0.058, 8954
0.058, 8953
0.058, 8952
0.058, 8951
0.058, 8950
0.058, 8949
0.058, 8948
0.058, 8947
0.058, 8946
0.058, 8945
0.058, 8944
0.058, 8943
0.058, 8942
0.059, 8941
0.059, 8940
0.059, 8939
0.059, 8938
0.059, 8937
0.059, 8936
0.059, 8935
0.059, 8934
0.059, 8933
0.059, 8932
0.059, 8931
0.059, 8930
0.059, 8929
0.059, 8928
0.059, 8927
0.059, 8926
0.059, 8925
0.059, 8924
0.059, 8923
0.059, 8922
0.059, 8921
0.059, 8920
0.059, 8919
0.059, 8918
0.059, 8917
0.059, 8916
0.059, 8915
0.059, 8914
0.059, 8913
0.059, 8912
0.059, 8911
0.059, 8910
0.059, 8909
0.059, 8908
0.059, 8907
0.059, 8906
0.059, 8905
0.059, 8904
0.059, 8903
0.059, 8902
0.059, 8901
0.059, 8900
0.059, 8899
0.059, 8898
0.059, 8897
0.059, 8896
0.059, 8895
0.059, 8894
0.059, 8893
0.059, 8892
0.059, 8891
0.059, 8890
0.059, 8889
0.059, 8888
0.059, 8887
0.059, 8886
0.059, 8885
0.059, 8884
0.059, 8883
0.059, 8882
0.059, 8881
0.059, 8880
0.059, 8879
0.059, 8878
0.059, 8877
0.059, 8876
0.059, 8875
0.059, 8874
0.059, 8873
0.059, 8872
0.059, 8871
0.059, 8870
0.059, 8869
0.059, 8868
0.059, 8867
0.059, 8866
0.059, 8865
0.059, 8864
0.059, 8863
0.059, 8862
0.059, 8861
0.059, 8860
0.059, 8859
0.059, 8858
0.059, 8857
0.059, 8856
0.059, 8855
0.059, 8854
0.059, 8853
0.059, 8852
0.059, 8851
0.059, 8850
0.059, 8849
0.059, 8848
0.059, 8847
0.059, 8846
0.059, 8845
0.059, 8844
0.059, 8843
0.059, 8842
0.059, 8841
0.059, 8840
0.059, 8839
0.059, 8838
0.059, 8837
0.059, 8836
0.059, 8835
0.059, 8834
0.059, 8833
0.059, 8832
0.059, 8831
0.059, 8830
0.059, 8829
0.059, 8828
0.059, 8827
0.059, 8826
0.059, 8825
0.059, 8824
0.059, 8823
0.059, 8822
0.059, 8821
0.059, 8820
0.059, 8819
0.059, 8818
0.059, 8817
0.059, 8816
0.059, 8815
0.059, 8814
0.059, 8813
0.059, 8812
0.059, 8811
0.059, 8810
0.059, 8809
0.059, 8808
0.059, 8807
0.059, 8806
0.059, 8805
0.059, 8804
0.059, 8803
0.059, 8802
0.059, 8801
0.059, 8800
0.059, 8799
0.059, 8798
0.059, 8797
0.059, 8796
0.059, 8795
0.059, 8794
0.059, 8793
0.059, 8792
0.059, 8791
0.060, 8790
0.060, 8789
0.060, 8788
0.060, 8787
0.060, 8786
0.060, 8785
0.060, 8784
0.060, 8783
0.060, 8782
0.060, 8781
0.060, 8780
0.060, 8779
0.060, 8778
0.060, 8777
0.060, 8776
0.060, 8775
0.060, 8774
0.060, 8773
0.060, 8772
0.060, 8771
0.060, 8770
0.060, 8769
0.060, 8768
0.060, 8767
0.060, 8766
0.060, 8765
0.060, 8764
0.060, 8763
0.060, 8762
0.060, 8761
0.060, 8760
0.060, 8759
0.060, 8758
0.060, 8757
0.060, 8756
0.060, 8755
0.060, 8754
0.060, 8753
0.060, 8752
0.060, 8751
0.060, 8750
0.060, 8749
0.060, 8748
0.060, 8747
0.060, 8746
0.060, 8745
0.060, 8744
0.060, 8743
0.060, 8742
0.060, 8741
0.060, 8740
0.060, 8739
0.060, 8738
0.060, 8737
0.060, 8736
0.060, 8735
0.060, 8734
0.060, 8733
0.060, 8732
0.060, 8731
0.060, 8730
0.060, 8729
0.060, 8728
0.060, 8727
0.060, 8726
0.060, 8725
0.060, 8724
0.060, 8723
0.060, 8722
0.060, 8721
0.060, 8720
0.060, 8719
0.060, 8718
0.060, 8717
0.060, 8716
0.060, 8715
0.060, 8714
0.060, 8713
0.060, 8712
0.060, 8711
0.060, 8710
0.060, 8709
0.060, 8708
0.060, 8707
0.060, 8706
0.060, 8705
0.060, 8704
0.060, 8703
0.060, 8702
0.060, 8701
0.060, 8700
0.060, 8699
0.060, 8698
0.060, 8697
0.060, 8696
0.060, 8695
0.060, 8694
0.060, 8693
0.060, 8692
0.060, 8691
0.060, 8690
0.060, 8689
0.060, 8688
0.060, 8687
0.060, 8686
0.060, 8685
0.060, 8684
0.060, 8683
0.060, 8682
0.060, 8681
0.060, 8680
0.060, 8679
0.060, 8678
0.060, 8677
0.060, 8676
0.060, 8675
0.060, 8674
0.060, 8673
0.060, 8672
0.060, 8671
0.060, 8670
0.060, 8669
0.060, 8668
0.060, 8667
0.060, 8666
0.060, 8665
0.060, 8664
0.060, 8663
0.060, 8662
0.060, 8661
0.060, 8660
0.060, 8659
0.060, 8658
0.060, 8657
0.060, 8656
0.060, 8655
0.060, 8654
0.060, 8653
0.060, 8652
0.060, 8651
0.060, 8650
0.060, 8649
0.060, 8648
0.060, 8647
0.060, 8646
0.060, 8645
0.060, 8644
0.060, 8643
0.060, 8642
0.060, 8641
0.060, 8640
0.060, 8639
0.060, 8638
0.060, 8637
0.060, 8636
0.060, 8635
0.060, 8634
0.061, 8633
0.061, 8632
0.061, 8631
0.061, 8630
0.061, 8629
0.061, 8628
0.061, 8627
0.061, 8626
0.061, 8625
0.061, 8624
0.061, 8623
0.061, 8622
0.061, 8621
0.061, 8620
0.061, 8619
0.061, 8618
0.061, 8617
0.061, 8616
0.061, 8615
0.061, 8614
0.061, 8613
0.061, 8612
0.061, 8611
0.061, 8610
0.061, 8609
0.061, 8608
0.061, 8607
0.061, 8606
0.061, 8605
0.061, 8604
0.061, 8603
0.061, 8602
0.061, 8601
0.061, 8600
0.061, 8599
0.061, 8598
0.061, 8597
0.061, 8596
0.061, 8595
0.061, 8594
0.061, 8593
0.061, 8592
0.061, 8591
0.061, 8590
0.061, 8589
0.061, 8588
0.061, 8587
0.061, 8586
0.061, 8585
0.061, 8584
0.061, 8583
0.061, 8582
0.061, 8581
0.061, 8580
0.061, 8579
0.061, 8578
0.061, 8577
0.061, 8576
0.061, 8575
0.061, 8574
0.061, 8573
0.061, 8572
0.061, 8571
0.061, 8570
0.061, 8569
0.061, 8568
0.061, 8567
0.061, 8566
0.061, 8565
0.061, 8564
0.061, 8563
0.061, 8562
0.061, 8561
0.061, 8560
0.061, 8559
0.061, 8558
0.061, 8557
0.061, 8556
0.061, 8555
0.061, 8554
0.061, 8553
0.061, 8552
0.061, 8551
0.061, 8550
0.061, 8549
0.061, 8548
0.061, 8547
0.061, 8546
0.061, 8545
0.061, 8544
0.061, 8543
0.061, 8542
0.061, 8541
0.061, 8540
0.061, 8539
0.061, 8538
0.061, 8537
0.061, 8536
0.061, 8535
0.061, 8534
0.061, 8533
0.061, 8532
0.061, 8531
0.061, 8530
0.061, 8529
0.061, 8528
0.061, 8527
0.061, 8526
0.061, 8525
0.061, 8524
0.061, 8523
0.061, 8522
0.061, 8521
0.061, 8520
0.061, 8519
0.061, 8518
0.061, 8517
0.061, 8516
0.061, 8515
0.061, 8514
0.061, 8513
0.061, 8512
0.061, 8511
0.061, 8510
0.061, 8509
0.061, 8508
0.061, 8507
0.061, 8506
0.061, 8505
0.061, 8504
0.061, 8503
0.061, 8502
0.061, 8501
0.061, 8500
0.061, 8499
0.061, 8498
0.061, 8497
0.061, 8496
0.061, 8495
0.061, 8494
0.062, 8493
0.062, 8492
0.062, 8491
0.062, 8490
0.062, 8489
0.062, 8488
0.062, 8487
0.062, 8486
0.062, 8485
0.062, 8484
0.062, 8483
0.062, 8482
0.062, 8481
0.062, 8480
0.062, 8479
0.062, 8478
0.062, 8477
0.062, 8476
0.062, 8475
0.062, 8474
0.062, 8473
0.062, 8472
0.062, 8471
0.062, 8470
0.062, 8469
0.062, 8468
0.062, 8467
0.062, 8466
0.062, 8465
0.062, 8464
0.062, 8463
0.062, 8462
0.062, 8461
0.062, 8460
0.062, 8459
0.062, 8458
0.062, 8457
0.062, 8456
0.062, 8455
0.062, 8454
0.062, 8453
0.062, 8452
0.062, 8451
0.062, 8450
0.062, 8449
0.062, 8448
0.062, 8447
0.062, 8446
0.062, 8445
0.062, 8444
0.062, 8443
0.062, 8442
0.062, 8441
0.062, 8440
0.062, 8439
0.062, 8438
0.062, 8437
0.062, 8436
0.062, 8435
0.062, 8434
0.062, 8433
0.062, 8432
0.062, 8431
0.062, 8430
0.062, 8429
0.062, 8428
0.062, 8427
0.062, 8426
0.062, 8425
0.062, 8424
0.062, 8423
0.062, 8422
0.062, 8421
0.062, 8420
0.062, 8419
0.062, 8418
0.062, 8417
0.062, 8416
0.062, 8415
0.062, 8414
0.062, 8413
0.062, 8412
0.062, 8411
0.062, 8410
0.062, 8409
0.062, 8408
0.062, 8407
0.062, 8406
0.062, 8405
0.062, 8404
0.062, 8403
0.062, 8402
0.062, 8401
0.062, 8400
0.062, 8399
0.062, 8398
0.062, 8397
0.062, 8396
0.062, 8395
0.062, 8394
0.062, 8393
0.062, 8392
0.062, 8391
0.062, 8390
0.062, 8389
0.062, 8388
0.062, 8387
0.062, 8386
0.062, 8385
0.062, 8384
0.062, 8383
0.062, 8382
0.062, 8381
0.062, 8380
0.062, 8379
0.062, 8378
0.062, 8377
0.062, 8376
0.062, 8375
0.062, 8374
0.062, 8373
0.062, 8372
0.063, 8371
0.063, 8370
0.063, 8369
0.063, 8368
0.063, 8367
0.063, 8366
0.063, 8365
0.063, 8364
0.063, 8363
0.063, 8362
0.063, 8361
0.063, 8360
0.063, 8359
0.063, 8358
0.063, 8357
0.063, 8356
0.063, 8355
0.063, 8354
0.063, 8353
0.063, 8352
0.063, 8351
0.063, 8350
0.063, 8349
0.063, 8348
0.063, 8347
0.063, 8346
0.063, 8345
0.063, 8344
0.063, 8343
0.063, 8342
0.063, 8341
0.063, 8340
0.063, 8339
0.063, 8338
0.063, 8337
0.063, 8336
0.063, 8335
0.063, 8334
0.063, 8333
0.063, 8332
0.063, 8331
0.063, 8330
0.063, 8329
0.063, 8328
0.063, 8327
0.063, 8326
0.063, 8325
0.064, 8324
0.064, 8323
0.064, 8322
0.064, 8321
0.064, 8320
0.064, 8319
0.064, 8318
0.064, 8317
0.064, 8316
0.064, 8315
0.064, 8314
0.064, 8313
0.064, 8312
0.064, 8311
0.064, 8310
0.064, 8309
0.064, 8308
0.064, 8307
0.064, 8306
0.064, 8305
0.064, 8304
0.064, 8303
0.064, 8302
0.064, 8301
0.064, 8300
0.064, 8299
0.064, 8298
0.064, 8297
0.064, 8296
0.064, 8295
0.064, 8294
0.064, 8293
0.064, 8292
0.064, 8291
0.064, 8290
0.064, 8289
0.064, 8288
0.064, 8287
0.064, 8286
0.064, 8285
0.064, 8284
0.064, 8283
0.064, 8282
0.064, 8281
0.064, 8280
0.064, 8279
0.064, 8278
0.064, 8277
0.064, 8276
0.064, 8275
0.064, 8274
0.064, 8273
0.064, 8272
0.064, 8271
0.064, 8270
0.064, 8269
0.064, 8268
0.064, 8267
0.064, 8266
0.064, 8265
0.064, 8264
0.064, 8263
0.064, 8262
0.064, 8261
0.064, 8260
0.064, 8259
0.064, 8258
0.064, 8257
0.064, 8256
0.064, 8255
0.064, 8254
0.064, 8253
0.064, 8252
0.064, 8251
0.064, 8250
0.064, 8249
0.064, 8248
0.064, 8247
0.064, 8246
0.064, 8245
0.064, 8244
0.064, 8243
0.064, 8242
0.064, 8241
0.064, 8240
0.064, 8239
0.064, 8238
0.064, 8237
0.064, 8236
0.064, 8235
0.064, 8234
0.064, 8233
0.064, 8232
0.064, 8231
0.064, 8230
0.064, 8229
0.064, 8228
0.064, 8227
0.064, 8226
0.064, 8225
0.064, 8224
0.064, 8223
0.064, 8222
0.064, 8221
0.064, 8220
0.064, 8219
0.064, 8218
0.064, 8217
0.064, 8216
0.064, 8215
0.064, 8214
0.064, 8213
0.064, 8212
0.064, 8211
0.064, 8210
0.064, 8209
0.064, 8208
0.064, 8207
0.064, 8206
0.064, 8205
0.064, 8204
0.064, 8203
0.064, 8202
0.064, 8201
0.064, 8200
0.064, 8199
0.064, 8198
0.064, 8197
0.064, 8196
0.064, 8195
0.064, 8194
0.065, 8193
0.065, 8192
0.065, 8191
0.065, 8190
0.065, 8189
0.065, 8188
0.065, 8187
0.065, 8186
0.065, 8185
0.065, 8184
0.065, 8183
0.065, 8182
0.065, 8181
0.065, 8180
0.065, 8179
0.065, 8178
0.065, 8177
0.065, 8176
0.065, 8175
0.065, 8174
0.065, 8173
0.065, 8172
0.065, 8171
0.065, 8170
0.065, 8169
0.065, 8168
0.065, 8167
0.065, 8166
0.065, 8165
0.065, 8164
0.065, 8163
0.065, 8162
0.065, 8161
0.065, 8160
0.065, 8159
0.065, 8158
0.065, 8157
0.065, 8156
0.065, 8155
0.065, 8154
0.065, 8153
0.065, 8152
0.065, 8151
0.065, 8150
0.065, 8149
0.065, 8148
0.065, 8147
0.065, 8146
0.065, 8145
0.065, 8144
0.065, 8143
0.065, 8142
0.065, 8141
0.065, 8140
0.065, 8139
0.065, 8138
0.065, 8137
0.065, 8136
0.065, 8135
0.065, 8134
0.065, 8133
0.065, 8132
0.065, 8131
0.065, 8130
0.065, 8129
0.065, 8128
0.065, 8127
0.065, 8126
0.065, 8125
0.065, 8124
0.065, 8123
0.065, 8122
0.065, 8121
0.065, 8120
0.065, 8119
0.065, 8118
0.065, 8117
0.065, 8116
0.065, 8115
0.065, 8114
0.065, 8113
0.065, 8112
0.065, 8111
0.065, 8110
0.065, 8109
0.065, 8108
0.065, 8107
0.065, 8106
0.065, 8105
0.065, 8104
0.065, 8103
0.065, 8102
0.065, 8101
0.065, 8100
0.065, 8099
0.065, 8098
0.065, 8097
0.065, 8096
0.065, 8095
0.065, 8094
0.065, 8093
0.065, 8092
0.065, 8091
0.065, 8090
0.065, 8089
0.065, 8088
0.065, 8087
0.065, 8086
0.065, 8085
0.065, 8084
0.065, 8083
0.065, 8082
0.065, 8081
0.065, 8080
0.065, 8079
0.065, 8078
0.065, 8077
0.065, 8076
0.065, 8075
0.065, 8074
0.065, 8073
0.065, 8072
0.065, 8071
0.065, 8070
0.065, 8069
0.065, 8068
0.065, 8067
0.065, 8066
0.066, 8065
0.066, 8064
0.066, 8063
0.066, 8062
0.066, 8061
0.066, 8060
0.066, 8059
0.066, 8058
0.066, 8057
0.066, 8056
0.066, 8055
0.066, 8054
0.066, 8053
0.066, 8052
0.066, 8051
0.066, 8050
0.066, 8049
0.066, 8048
0.066, 8047
0.066, 8046
0.066, 8045
0.066, 8044
0.066, 8043
0.066, 8042
0.066, 8041
0.066, 8040
0.066, 8039
0.066, 8038
0.066, 8037
0.066, 8036
0.066, 8035
0.066, 8034
0.066, 8033
0.066, 8032
0.066, 8031
0.066, 8030
0.066, 8029
0.066, 8028
0.066, 8027
0.066, 8026
0.066, 8025
0.066, 8024
0.066, 8023
0.066, 8022
0.066, 8021
0.066, 8020
0.066, 8019
0.066, 8018
0.066, 8017
0.066, 8016
0.066, 8015
0.066, 8014
0.066, 8013
0.066, 8012
0.066, 8011
0.066, 8010
0.066, 8009
0.066, 8008
0.066, 8007
0.066, 8006
0.066, 8005
0.066, 8004
0.066, 8003
0.066, 8002
0.066, 8001
0.066, 8000
0.066, 7999
0.066, 7998
0.066, 7997
0.066, 7996
0.066, 7995
0.066, 7994
0.066, 7993
0.066, 7992
0.066, 7991
0.066, 7990
0.066, 7989
0.066, 7988
0.066, 7987
0.066, 7986
0.066, 7985
0.066, 7984
0.066, 7983
0.066, 7982
0.066, 7981
0.066, 7980
0.066, 7979
0.066, 7978
0.066, 7977
0.066, 7976
0.066, 7975
0.066, 7974
0.066, 7973
0.066, 7972
0.066, 7971
0.066, 7970
0.066, 7969
0.066, 7968
0.066, 7967
0.066, 7966
0.066, 7965
0.066, 7964
0.066, 7963
0.066, 7962
0.066, 7961
0.066, 7960
0.066, 7959
0.066, 7958
0.066, 7957
0.066, 7956
0.066, 7955
0.066, 7954
0.067, 7953
0.067, 7952
0.067, 7951
0.067, 7950
0.067, 7949
0.067, 7948
0.067, 7947
0.067, 7946
0.067, 7945
0.067, 7944
0.067, 7943
0.067, 7942
0.067, 7941
0.067, 7940
0.067, 7939
0.067, 7938
0.067, 7937
0.067, 7936
0.067, 7935
0.067, 7934
0.067, 7933
0.067, 7932
0.067, 7931
0.067, 7930
0.067, 7929
0.067, 7928
0.067, 7927
0.067, 7926
0.067, 7925
0.067, 7924
0.067, 7923
0.067, 7922
0.067, 7921
0.067, 7920
0.067, 7919
0.067, 7918
0.067, 7917
0.067, 7916
0.067, 7915
0.067, 7914
0.067, 7913
0.067, 7912
0.067, 7911
0.067, 7910
0.067, 7909
0.067, 7908
0.067, 7907
0.067, 7906
0.067, 7905
0.067, 7904
0.067, 7903
0.067, 7902
0.067, 7901
0.067, 7900
0.067, 7899
0.067, 7898
0.067, 7897
0.067, 7896
0.067, 7895
0.067, 7894
0.067, 7893
0.067, 7892
0.067, 7891
0.067, 7890
0.067, 7889
0.067, 7888
0.067, 7887
0.067, 7886
0.067, 7885
0.067, 7884
0.067, 7883
0.067, 7882
0.067, 7881
0.067, 7880
0.067, 7879
0.067, 7878
0.067, 7877
0.067, 7876
0.067, 7875
0.067, 7874
0.067, 7873
0.067, 7872
0.067, 7871
0.067, 7870
0.067, 7869
0.067, 7868
0.067, 7867
0.067, 7866
0.067, 7865
0.067, 7864
0.067, 7863
0.067, 7862
0.067, 7861
0.067, 7860
0.067, 7859
0.067, 7858
0.067, 7857
0.067, 7856
0.067, 7855
0.067, 7854
0.067, 7853
0.068, 7852
0.068, 7851
0.068, 7850
0.068, 7849
0.068, 7848
0.068, 7847
0.068, 7846
0.068, 7845
0.068, 7844
0.068, 7843
0.068, 7842
0.068, 7841
0.068, 7840
0.068, 7839
0.068, 7838
0.068, 7837
0.068, 7836
0.068, 7835
0.068, 7834
0.068, 7833
0.068, 7832
0.068, 7831
0.068, 7830
0.068, 7829
0.068, 7828
0.068, 7827
0.068, 7826
0.068, 7825
0.068, 7824
0.068, 7823
0.068, 7822
0.068, 7821
0.068, 7820
0.068, 7819
0.068, 7818
0.068, 7817
0.068, 7816
0.068, 7815
0.068, 7814
0.068, 7813
0.068, 7812
0.068, 7811
0.068, 7810
0.068, 7809
0.068, 7808
0.068, 7807
0.068, 7806
0.068, 7805
0.068, 7804
0.068, 7803
0.068, 7802
0.068, 7801
0.068, 7800
0.068, 7799
0.068, 7798
0.068, 7797
0.068, 7796
0.068, 7795
0.068, 7794
0.068, 7793
0.068, 7792
0.068, 7791
0.068, 7790
0.068, 7789
0.068, 7788
0.068, 7787
0.068, 7786
0.068, 7785
0.068, 7784
0.068, 7783
0.068, 7782
0.068, 7781
0.068, 7780
0.068, 7779
0.068, 7778
0.068, 7777
0.068, 7776
0.068, 7775
0.068, 7774
0.068, 7773
0.068, 7772
0.068, 7771
0.068, 7770
0.068, 7769
0.068, 7768
0.068, 7767
0.068, 7766
0.068, 7765
0.068, 7764
0.068, 7763
0.068, 7762
0.068, 7761
0.068, 7760
0.068, 7759
0.068, 7758
0.068, 7757
0.068, 7756
0.068, 7755
0.068, 7754
0.068, 7753
0.068, 7752
0.068, 7751
0.068, 7750
0.068, 7749
0.068, 7748
0.068, 7747
0.068, 7746
0.068, 7745
0.068, 7744
0.068, 7743
0.068, 7742
0.068, 7741
0.068, 7740
0.068, 7739
0.068, 7738
0.068, 7737
0.068, 7736
0.068, 7735
0.068, 7734
0.068, 7733
0.068, 7732
0.068, 7731
0.068, 7730
0.068, 7729
0.068, 7728
0.068, 7727
0.068, 7726
0.068, 7725
0.069, 7724
0.069, 7723
0.069, 7722
0.069, 7721
0.069, 7720
0.069, 7719
0.069, 7718
0.069, 7717
0.069, 7716
0.069, 7715
0.069, 7714
0.069, 7713
0.069, 7712
0.069, 7711
0.069, 7710
0.069, 7709
0.069, 7708
0.069, 7707
0.069, 7706
0.069, 7705
0.069, 7704
0.069, 7703
0.069, 7702
0.069, 7701
0.069, 7700
0.069, 7699
0.069, 7698
0.069, 7697
0.069, 7696
0.069, 7695
0.069, 7694
0.069, 7693
0.069, 7692
0.069, 7691
0.069, 7690
0.069, 7689
0.069, 7688
0.069, 7687
0.069, 7686
0.069, 7685
0.069, 7684
0.069, 7683
0.069, 7682
0.069, 7681
0.069, 7680
0.069, 7679
0.069, 7678
0.069, 7677
0.069, 7676
0.069, 7675
0.069, 7674
0.069, 7673
0.069, 7672
0.069, 7671
0.069, 7670
0.069, 7669
0.069, 7668
0.069, 7667
0.069, 7666
0.069, 7665
0.069, 7664
0.069, 7663
0.070, 7662
0.070, 7661
0.070, 7660
0.070, 7659
0.070, 7658
0.070, 7657
0.070, 7656
0.070, 7655
0.070, 7654
0.070, 7653
0.070, 7652
0.070, 7651
0.070, 7650
0.070, 7649
0.070, 7648
0.070, 7647
0.070, 7646
0.070, 7645
0.070, 7644
0.070, 7643
0.070, 7642
0.070, 7641
0.070, 7640
0.070, 7639
0.070, 7638
0.070, 7637
0.070, 7636
0.070, 7635
0.070, 7634
0.070, 7633
0.070, 7632
0.070, 7631
0.070, 7630
0.070, 7629
0.070, 7628
0.070, 7627
0.070, 7626
0.070, 7625
0.070, 7624
0.070, 7623
0.070, 7622
0.070, 7621
0.070, 7620
0.070, 7619
0.070, 7618
0.070, 7617
0.070, 7616
0.070, 7615
0.070, 7614
0.070, 7613
0.070, 7612
0.070, 7611
0.070, 7610
0.070, 7609
0.070, 7608
0.070, 7607
0.070, 7606
0.070, 7605
0.070, 7604
0.070, 7603
0.070, 7602
0.070, 7601
0.070, 7600
0.070, 7599
0.070, 7598
0.070, 7597
0.070, 7596
0.070, 7595
0.070, 7594
0.070, 7593
0.070, 7592
0.070, 7591
0.070, 7590
0.070, 7589
0.070, 7588
0.070, 7587
0.070, 7586
0.070, 7585
0.070, 7584
0.070, 7583
0.070, 7582
0.070, 7581
0.070, 7580
0.070, 7579
0.070, 7578
0.070, 7577
0.070, 7576
0.070, 7575
0.070, 7574
0.070, 7573
0.070, 7572
0.070, 7571
0.070, 7570
0.070, 7569
0.070, 7568
0.070, 7567
0.070, 7566
0.070, 7565
0.070, 7564
0.070, 7563
0.070, 7562
0.070, 7561
0.070, 7560
0.070, 7559
0.070, 7558
0.070, 7557
0.070, 7556
0.070, 7555
0.070, 7554
0.070, 7553
0.070, 7552
0.070, 7551
0.070, 7550
0.070, 7549
0.070, 7548
0.070, 7547
0.070, 7546
0.070, 7545
0.070, 7544
0.070, 7543
0.070, 7542
0.070, 7541
0.070, 7540
0.070, 7539
0.070, 7538
0.070, 7537
0.070, 7536
0.070, 7535
0.070, 7534
0.070, 7533
0.070, 7532
0.071, 7531
0.071, 7530
0.071, 7529
0.071, 7528
0.071, 7527
0.071, 7526
0.071, 7525
0.071, 7524
0.071, 7523
0.071, 7522
0.071, 7521
0.071, 7520
0.071, 7519
0.071, 7518
0.071, 7517
0.071, 7516
0.071, 7515
0.071, 7514
0.071, 7513
0.071, 7512
0.071, 7511
0.071, 7510
0.071, 7509
0.071, 7508
0.071, 7507
0.071, 7506
0.071, 7505
0.071, 7504
0.071, 7503
0.071, 7502
0.071, 7501
0.071, 7500
0.071, 7499
0.071, 7498
0.071, 7497
0.071, 7496
0.071, 7495
0.071, 7494
0.071, 7493
0.071, 7492
0.071, 7491
0.071, 7490
0.071, 7489
0.071, 7488
0.071, 7487
0.071, 7486
0.071, 7485
0.071, 7484
0.071, 7483
0.071, 7482
0.071, 7481
0.071, 7480
0.071, 7479
0.071, 7478
0.071, 7477
0.071, 7476
0.071, 7475
0.071, 7474
0.071, 7473
0.071, 7472
0.071, 7471
0.071, 7470
0.071, 7469
0.071, 7468
0.071, 7467
0.071, 7466
0.071, 7465
0.071, 7464
0.071, 7463
0.071, 7462
0.071, 7461
0.071, 7460
0.071, 7459
0.071, 7458
0.071, 7457
0.071, 7456
0.071, 7455
0.071, 7454
0.071, 7453
0.071, 7452
0.071, 7451
0.071, 7450
0.071, 7449
0.071, 7448
0.071, 7447
0.071, 7446
0.071, 7445
0.071, 7444
0.071, 7443
0.071, 7442
0.071, 7441
0.071, 7440
0.071, 7439
0.071, 7438
0.071, 7437
0.071, 7436
0.071, 7435
0.071, 7434
0.071, 7433
0.071, 7432
0.071, 7431
0.071, 7430
0.071, 7429
0.071, 7428
0.071, 7427
0.071, 7426
0.071, 7425
0.071, 7424
0.071, 7423
0.071, 7422
0.071, 7421
0.071, 7420
0.071, 7419
0.071, 7418
0.071, 7417
0.071, 7416
0.071, 7415
0.072, 7414
0.072, 7413
0.072, 7412
0.072, 7411
0.072, 7410
0.072, 7409
0.072, 7408
0.072, 7407
0.072, 7406
0.072, 7405
0.072, 7404
0.072, 7403
0.072, 7402
0.072, 7401
0.072, 7400
0.072, 7399
0.072, 7398
0.072, 7397
0.072, 7396
0.072, 7395
0.072, 7394
0.072, 7393
0.072, 7392
0.072, 7391
0.072, 7390
0.072, 7389
0.072, 7388
0.072, 7387
0.072, 7386
0.072, 7385
0.072, 7384
0.072, 7383
0.072, 7382
0.072, 7381
0.072, 7380
0.072, 7379
0.072, 7378
0.072, 7377
0.072, 7376
0.072, 7375
0.072, 7374
0.072, 7373
0.072, 7372
0.072, 7371
0.072, 7370
0.072, 7369
0.072, 7368
0.072, 7367
0.072, 7366
0.072, 7365
0.072, 7364
0.072, 7363
0.072, 7362
0.072, 7361
0.072, 7360
0.072, 7359
0.072, 7358
0.072, 7357
0.072, 7356
0.072, 7355
0.072, 7354
0.072, 7353
0.072, 7352
0.072, 7351
0.072, 7350
0.072, 7349
0.072, 7348
0.072, 7347
0.072, 7346
0.072, 7345
0.072, 7344
0.072, 7343
0.072, 7342
0.072, 7341
0.072, 7340
0.072, 7339
0.072, 7338
0.072, 7337
0.072, 7336
0.072, 7335
0.072, 7334
0.072, 7333
0.072, 7332
0.072, 7331
0.072, 7330
0.072, 7329
0.072, 7328
0.072, 7327
0.072, 7326
0.072, 7325
0.072, 7324
0.072, 7323
0.072, 7322
0.072, 7321
0.072, 7320
0.072, 7319
0.072, 7318
0.072, 7317
0.072, 7316
0.072, 7315
0.072, 7314
0.072, 7313
0.072, 7312
0.072, 7311
0.072, 7310
0.072, 7309
0.072, 7308
0.072, 7307
0.072, 7306
0.072, 7305
0.072, 7304
0.072, 7303
0.072, 7302
0.072, 7301
0.072, 7300
0.072, 7299
0.072, 7298
0.072, 7297
0.072, 7296
0.072, 7295
0.072, 7294
0.072, 7293
0.072, 7292
0.072, 7291
0.072, 7290
0.073, 7289
0.073, 7288
0.073, 7287
0.073, 7286
0.073, 7285
0.073, 7284
0.073, 7283
0.073, 7282
0.073, 7281
0.073, 7280
0.073, 7279
0.073, 7278
0.073, 7277
0.073, 7276
0.073, 7275
0.073, 7274
0.073, 7273
0.073, 7272
0.073, 7271
0.073, 7270
0.073, 7269
0.073, 7268
0.073, 7267
0.073, 7266
0.073, 7265
0.073, 7264
0.073, 7263
0.073, 7262
0.073, 7261
0.073, 7260
0.073, 7259
0.073, 7258
0.073, 7257
0.073, 7256
0.073, 7255
0.073, 7254
0.073, 7253
0.073, 7252
0.073, 7251
0.073, 7250
0.073, 7249
0.073, 7248
0.073, 7247
0.073, 7246
0.073, 7245
0.073, 7244
0.073, 7243
0.073, 7242
0.073, 7241
0.073, 7240
0.073, 7239
0.073, 7238
0.073, 7237
0.073, 7236
0.073, 7235
0.073, 7234
0.073, 7233
0.073, 7232
0.073, 7231
0.073, 7230
0.073, 7229
0.073, 7228
0.073, 7227
0.073, 7226
0.073, 7225
0.073, 7224
0.073, 7223
0.073, 7222
0.073, 7221
0.073, 7220
0.073, 7219
0.073, 7218
0.073, 7217
0.073, 7216
0.073, 7215
0.073, 7214
0.073, 7213
0.073, 7212
0.073, 7211
0.073, 7210
0.073, 7209
0.073, 7208
0.073, 7207
0.073, 7206
0.073, 7205
0.073, 7204
0.073, 7203
0.073, 7202
0.073, 7201
0.073, 7200
0.073, 7199
0.073, 7198
0.073, 7197
0.073, 7196
0.073, 7195
0.073, 7194
0.073, 7193
0.073, 7192
0.073, 7191
0.073, 7190
0.073, 7189
0.073, 7188
0.073, 7187
0.074, 7186
0.074, 7185
0.074, 7184
0.074, 7183
0.074, 7182
0.074, 7181
0.074, 7180
0.074, 7179
0.074, 7178
0.074, 7177
0.074, 7176
0.074, 7175
0.074, 7174
0.074, 7173
0.074, 7172
0.074, 7171
0.074, 7170
0.074, 7169
0.074, 7168
0.074, 7167
0.074, 7166
0.074, 7165
0.074, 7164
0.074, 7163
0.074, 7162
0.074, 7161
0.074, 7160
0.074, 7159
0.074, 7158
0.074, 7157
0.074, 7156
0.074, 7155
0.074, 7154
0.074, 7153
0.074, 7152
0.074, 7151
0.074, 7150
0.074, 7149
0.074, 7148
0.074, 7147
0.074, 7146
0.074, 7145
0.074, 7144
0.074, 7143
0.074, 7142
0.074, 7141
0.074, 7140
0.074, 7139
0.074, 7138
0.074, 7137
0.074, 7136
0.074, 7135
0.074, 7134
0.074, 7133
0.074, 7132
0.074, 7131
0.074, 7130
0.074, 7129
0.074, 7128
0.074, 7127
0.074, 7126
0.074, 7125
0.074, 7124
0.074, 7123
0.074, 7122
0.074, 7121
0.074, 7120
0.074, 7119
0.074, 7118
0.074, 7117
0.074, 7116
0.074, 7115
0.074, 7114
0.074, 7113
0.074, 7112
0.074, 7111
0.074, 7110
0.074, 7109
0.074, 7108
0.074, 7107
0.074, 7106
0.074, 7105
0.074, 7104
0.074, 7103
0.074, 7102
0.074, 7101
0.075, 7100
0.075, 7099
0.075, 7098
0.075, 7097
0.075, 7096
0.075, 7095
0.075, 7094
0.075, 7093
0.075, 7092
0.075, 7091
0.075, 7090
0.075, 7089
0.075, 7088
0.075, 7087
0.075, 7086
0.075, 7085
0.075, 7084
0.075, 7083
0.075, 7082
0.075, 7081
0.075, 7080
0.075, 7079
0.075, 7078
0.075, 7077
0.075, 7076
0.075, 7075
0.075, 7074
0.075, 7073
0.075, 7072
0.075, 7071
0.075, 7070
0.075, 7069
0.075, 7068
0.075, 7067
0.075, 7066
0.075, 7065
0.075, 7064
0.075, 7063
0.076, 7062
0.076, 7061
0.076, 7060
0.076, 7059
0.076, 7058
0.076, 7057
0.076, 7056
0.076, 7055
0.076, 7054
0.076, 7053
0.076, 7052
0.076, 7051
0.076, 7050
0.076, 7049
0.076, 7048
0.076, 7047
0.076, 7046
0.076, 7045
0.076, 7044
0.076, 7043
0.076, 7042
0.076, 7041
0.076, 7040
0.076, 7039
0.076, 7038
0.076, 7037
0.076, 7036
0.076, 7035
0.076, 7034
0.076, 7033
0.076, 7032
0.076, 7031
0.076, 7030
0.076, 7029
0.076, 7028
0.076, 7027
0.076, 7026
0.077, 7025
0.077, 7024
0.077, 7023
