0.001, 9233
0.002, 9232
0.002, 9231
0.003, 9230
0.009, 9229
0.010, 9228
0.011, 9227
0.012, 9226
0.012, 9225
0.013, 9224
0.014, 9223
0.015, 9222
0.015, 9221
0.016, 9220
0.017, 9219
0.018, 9218
0.019, 9217
0.019, 9216
0.022, 9215
0.022, 9214
0.024, 9213
0.025, 9212
0.028, 9211
0.029, 9210
0.030, 9209
0.031, 9208
0.032, 9207
0.033, 9206
0.034, 9205
0.035, 9204
0.037, 9203
0.041, 9202
0.042, 9201
0.043, 9200
0.044, 9199
0.045, 9198
0.046, 9197
0.047, 9196
0.048, 9195
0.049, 9194
0.050, 9193
0.051, 9192
0.052, 9191
0.053, 9190
0.053, 9189
0.054, 9188
0.057, 9187
0.058, 9186
0.061, 9185
0.062, 9184
0.072, 9183
0.073, 9182
0.074, 9181
0.075, 9180
0.075, 9179
0.077, 9178
0.078, 9177
0.079, 9176
0.081, 9175
0.083, 9174
0.085, 9173
0.086, 9172
0.086, 9171
0.087, 9170
0.088, 9169
0.089, 9168
0.090, 9167
0.099, 9166
0.100, 9165
0.102, 9164
0.103, 9163
0.104, 9162
0.104, 9161
0.106, 9160
0.107, 9159
0.108, 9158
0.109, 9157
0.110, 9156
0.110, 9155
0.112, 9154
0.113, 9153
0.114, 9152
0.115, 9151
0.118, 9150
0.119, 9149
0.120, 9148
0.120, 9147
0.121, 9146
0.126, 9145
0.127, 9144
0.128, 9143
0.129, 9142
0.131, 9141
0.132, 9140
0.133, 9139
0.135, 9138
0.136, 9137
0.137, 9136
0.137, 9135
0.139, 9134
0.142, 9133
0.145, 9132
0.145, 9131
0.146, 9130
0.148, 9129
0.150, 9128
0.151, 9127
0.151, 9126
0.153, 9125
0.154, 9124
0.155, 9123
0.156, 9122
0.158, 9121
0.159, 9120
0.161, 9119
0.162, 9118
0.163, 9117
0.164, 9116
0.168, 9115
0.169, 9114
0.170, 9113
0.171, 9112
0.173, 9111
0.174, 9110
0.175, 9109
0.176, 9108
0.179, 9107
0.181, 9106
0.182, 9105
0.183, 9104
0.184, 9103
0.185, 9102
0.186, 9101
0.187, 9100
0.188, 9099
0.189, 9098
0.190, 9097
0.191, 9096
0.192, 9095
0.193, 9094
0.194, 9093
0.196, 9092
0.196, 9091
0.197, 9090
0.198, 9089
0.200, 9088
0.201, 9087
0.203, 9086
0.203, 9085
0.204, 9084
0.205, 9083
0.206, 9082
0.208, 9081
0.209, 9080
0.210, 9079
0.211, 9078
0.212, 9077
0.213, 9076
0.214, 9075
0.215, 9074
0.216, 9073
0.220, 9072
0.221, 9071
0.223, 9070
0.224, 9069
0.224, 9068
0.225, 9067
0.226, 9066
0.227, 9065
0.228, 9064
0.230, 9063
0.232, 9062
0.233, 9061
0.233, 9060
0.234, 9059
0.236, 9058
0.237, 9057
0.238, 9056
0.239, 9055
0.240, 9054
0.241, 9053
0.243, 9052
0.244, 9051
0.246, 9050
0.248, 9049
0.249, 9048
0.250, 9047
0.251, 9046
0.252, 9045
0.253, 9044
0.255, 9043
0.255, 9042
0.257, 9041
0.258, 9040
0.259, 9039
0.259, 9038
0.260, 9037
0.261, 9036
0.263, 9035
0.263, 9034
0.265, 9033
0.267, 9032
0.267, 9031
0.268, 9030
0.269, 9029
0.270, 9028
0.271, 9027
0.272, 9026
0.275, 9025
0.277, 9024
0.278, 9023
0.278, 9022
0.280, 9021
0.281, 9020
0.282, 9019
0.283, 9018
0.285, 9017
0.286, 9016
0.287, 9015
0.287, 9014
0.288, 9013
0.289, 9012
0.291, 9011
0.292, 9010
0.294, 9009
0.296, 9008
0.297, 9007
0.299, 9006
0.300, 9005
0.301, 9004
0.302, 9003
0.302, 9002
0.303, 9001
0.304, 9000
0.305, 8999
0.306, 8998
0.308, 8997
0.310, 8996
0.311, 8995
0.312, 8994
0.313, 8993
0.315, 8992
0.316, 8991
0.317, 8990
0.317, 8989
0.319, 8988
0.320, 8987
0.321, 8986
0.322, 8985
0.323, 8984
0.325, 8983
0.326, 8982
0.327, 8981
0.327, 8980
0.328, 8979
0.329, 8978
0.331, 8977
0.332, 8976
0.333, 8975
0.334, 8974
0.335, 8973
0.337, 8972
0.338, 8971
0.340, 8970
0.341, 8969
0.342, 8968
0.342, 8967
0.343, 8966
0.344, 8965
0.345, 8964
0.349, 8963
0.350, 8962
0.351, 8961
0.352, 8960
0.353, 8959
0.354, 8958
0.355, 8957
0.356, 8956
0.358, 8955
0.359, 8954
0.361, 8953
0.362, 8952
0.365, 8951
0.367, 8950
0.368, 8949
0.369, 8948
0.371, 8947
0.373, 8946
0.373, 8945
0.375, 8944
0.377, 8943
0.378, 8942
0.379, 8941
0.381, 8940
0.382, 8939
0.385, 8938
0.387, 8937
0.388, 8936
0.389, 8935
0.390, 8934
0.391, 8933
0.391, 8932
0.392, 8931
0.393, 8930
0.396, 8929
0.397, 8928
0.398, 8927
0.399, 8926
0.400, 8925
0.401, 8924
0.402, 8923
0.403, 8922
0.407, 8921
0.409, 8920
0.410, 8919
0.416, 8918
0.417, 8917
0.418, 8916
0.419, 8915
0.420, 8914
0.423, 8913
0.424, 8912
0.426, 8911
0.428, 8910
0.428, 8909
0.430, 8908
0.431, 8907
0.432, 8906
0.433, 8905
0.435, 8904
0.436, 8903
0.439, 8902
0.441, 8901
0.441, 8900
0.445, 8899
0.447, 8898
0.449, 8897
0.450, 8896
0.451, 8895
0.453, 8894
0.455, 8893
0.456, 8892
0.458, 8891
0.459, 8890
0.461, 8889
0.462, 8888
0.463, 8887
0.464, 8886
0.465, 8885
0.466, 8884
0.468, 8883
0.469, 8882
0.472, 8881
0.473, 8880
0.474, 8879
0.475, 8878
0.476, 8877
0.477, 8876
0.479, 8875
0.480, 8874
0.481, 8873
0.482, 8872
0.484, 8871
0.485, 8870
0.486, 8869
0.488, 8868
0.489, 8867
0.492, 8866
0.493, 8865
0.496, 8864
0.497, 8863
0.501, 8862
0.504, 8861
0.505, 8860
0.505, 8859
0.507, 8858
0.508, 8857
0.509, 8856
0.510, 8855
0.511, 8854
0.513, 8853
0.515, 8852
0.516, 8851
0.518, 8850
0.520, 8849
0.522, 8848
0.524, 8847
0.525, 8846
0.526, 8845
0.528, 8844
0.529, 8843
0.531, 8842
0.534, 8841
0.536, 8840
0.537, 8839
0.542, 8838
0.543, 8837
0.546, 8836
0.548, 8835
0.549, 8834
0.550, 8833
0.551, 8832
0.553, 8831
0.557, 8830
0.558, 8829
0.559, 8828
0.560, 8827
0.561, 8826
0.563, 8825
0.564, 8824
0.569, 8823
0.569, 8822
0.572, 8821
0.573, 8820
0.573, 8819
0.575, 8818
0.576, 8817
0.577, 8816
0.579, 8815
0.582, 8814
0.583, 8813
0.584, 8812
0.586, 8811
0.587, 8810
0.591, 8809
0.592, 8808
0.597, 8807
0.598, 8806
0.602, 8805
0.606, 8804
0.608, 8803
0.612, 8802
0.612, 8801
0.613, 8800
0.616, 8799
0.618, 8798
0.619, 8797
0.620, 8796
0.621, 8795
0.622, 8794
0.624, 8793
0.626, 8792
0.628, 8791
0.630, 8790
0.632, 8789
0.634, 8788
0.635, 8787
0.636, 8786
0.637, 8785
0.641, 8784
0.641, 8783
0.643, 8782
0.645, 8781
0.646, 8780
0.647, 8779
0.651, 8778
0.655, 8777
0.659, 8776
0.660, 8775
0.662, 8774
0.663, 8773
0.664, 8772
0.665, 8771
0.667, 8770
0.668, 8769
0.669, 8768
0.671, 8767
0.672, 8766
0.673, 8765
0.674, 8764
0.675, 8763
0.678, 8762
0.681, 8761
0.684, 8760
0.685, 8759
0.687, 8758
0.688, 8757
0.690, 8756
0.691, 8755
0.693, 8754
0.693, 8753
0.695, 8752
0.696, 8751
0.697, 8750
0.698, 8749
0.699, 8748
0.699, 8747
0.702, 8746
0.706, 8745
0.709, 8744
0.710, 8743
0.711, 8742
0.713, 8741
0.714, 8740
0.719, 8739
0.720, 8738
0.722, 8737
0.722, 8736
0.723, 8735
0.725, 8734
0.728, 8733
0.728, 8732
0.732, 8731
0.732, 8730
0.735, 8729
0.736, 8728
0.737, 8727
0.738, 8726
0.740, 8725
0.741, 8724
0.742, 8723
0.743, 8722
0.744, 8721
0.747, 8720
0.749, 8719
0.749, 8718
0.754, 8717
0.757, 8716
0.760, 8715
0.762, 8714
0.765, 8713
0.766, 8712
0.767, 8711
0.769, 8710
0.769, 8709
0.772, 8708
0.775, 8707
0.775, 8706
0.777, 8705
0.780, 8704
0.784, 8703
0.788, 8702
0.790, 8701
0.790, 8700
0.791, 8699
0.792, 8698
0.793, 8697
0.795, 8696
0.797, 8695
0.802, 8694
0.804, 8693
0.805, 8692
0.806, 8691
0.806, 8690
0.813, 8689
0.818, 8688
0.822, 8687
0.824, 8686
0.827, 8685
0.828, 8684
0.831, 8683
0.832, 8682
0.834, 8681
0.835, 8680
0.838, 8679
0.839, 8678
0.840, 8677
0.841, 8676
0.842, 8675
0.848, 8674
0.849, 8673
0.852, 8672
0.853, 8671
0.854, 8670
0.854, 8669
0.857, 8668
0.860, 8667
0.863, 8666
0.864, 8665
0.864, 8664
0.865, 8663
0.867, 8662
0.869, 8661
0.873, 8660
0.874, 8659
0.876, 8658
0.878, 8657
0.879, 8656
0.880, 8655
0.881, 8654
0.884, 8653
0.886, 8652
0.886, 8651
0.891, 8650
0.891, 8649
0.893, 8648
0.894, 8647
0.898, 8646
0.899, 8645
0.902, 8644
0.902, 8643
0.904, 8642
0.906, 8641
0.908, 8640
0.909, 8639
0.914, 8638
0.915, 8637
0.917, 8636
0.918, 8635
0.921, 8634
0.924, 8633
0.925, 8632
0.925, 8631
0.927, 8630
0.928, 8629
0.930, 8628
0.935, 8627
0.937, 8626
0.939, 8625
0.940, 8624
0.942, 8623
0.943, 8622
0.949, 8621
0.952, 8620
0.954, 8619
0.957, 8618
0.958, 8617
0.959, 8616
0.960, 8615
0.961, 8614
0.962, 8613
0.963, 8612
0.965, 8611
0.970, 8610
0.975, 8609
0.979, 8608
0.988, 8607
0.991, 8606
0.993, 8605
0.997, 8604
0.998, 8603
1.009, 8602
1.010, 8601
1.012, 8600
1.013, 8599
1.015, 8598
1.018, 8597
1.018, 8596
1.021, 8595
1.023, 8594
1.028, 8593
1.031, 8592
1.032, 8591
1.036, 8590
1.038, 8589
1.039, 8588
1.040, 8587
1.045, 8586
1.046, 8585
1.047, 8584
1.048, 8583
1.048, 8582
1.050, 8581
1.053, 8580
1.060, 8579
1.060, 8578
1.064, 8577
1.065, 8576
1.072, 8575
1.073, 8574
1.076, 8573
1.080, 8572
1.082, 8571
1.085, 8570
1.087, 8569
1.088, 8568
1.089, 8567
1.090, 8566
1.092, 8565
1.093, 8564
1.095, 8563
1.101, 8562
1.102, 8561
1.104, 8560
1.105, 8559
1.106, 8558
1.109, 8557
1.110, 8556
1.111, 8555
1.112, 8554
1.113, 8553
1.115, 8552
1.119, 8551
1.121, 8550
1.130, 8549
1.130, 8548
1.134, 8547
1.137, 8546
1.138, 8545
1.139, 8544
1.140, 8543
1.140, 8542
1.141, 8541
1.147, 8540
1.148, 8539
1.152, 8538
1.154, 8537
1.155, 8536
1.157, 8535
1.167, 8534
1.168, 8533
1.170, 8532
1.170, 8531
1.171, 8530
1.172, 8529
1.175, 8528
1.177, 8527
1.179, 8526
1.179, 8525
1.182, 8524
1.185, 8523
1.188, 8522
1.192, 8521
1.194, 8520
1.200, 8519
1.202, 8518
1.205, 8517
1.208, 8516
1.211, 8515
1.224, 8514
1.228, 8513
1.228, 8512
1.232, 8511
1.233, 8510
1.234, 8509
1.236, 8508
1.240, 8507
1.241, 8506
1.242, 8505
1.243, 8504
1.244, 8503
1.245, 8502
1.247, 8501
1.257, 8500
1.263, 8499
1.267, 8498
1.270, 8497
1.273, 8496
1.274, 8495
1.276, 8494
1.285, 8493
1.286, 8492
1.289, 8491
1.291, 8490
1.294, 8489
1.297, 8488
1.303, 8487
1.305, 8486
1.308, 8485
1.310, 8484
1.311, 8483
1.317, 8482
1.318, 8481
1.321, 8480
1.323, 8479
1.323, 8478
1.326, 8477
1.327, 8476
1.329, 8475
1.331, 8474
1.332, 8473
1.334, 8472
1.339, 8471
1.342, 8470
1.346, 8469
1.349, 8468
1.353, 8467
1.359, 8466
1.360, 8465
1.372, 8464
1.373, 8463
1.375, 8462
1.383, 8461
1.386, 8460
1.388, 8459
1.395, 8458
1.397, 8457
1.400, 8456
1.408, 8455
1.410, 8454
1.411, 8453
1.411, 8452
1.414, 8451
1.417, 8450
1.421, 8449
1.425, 8448
1.427, 8447
1.429, 8446
1.430, 8445
1.435, 8444
1.439, 8443
1.451, 8442
1.458, 8441
1.462, 8440
1.465, 8439
1.471, 8438
1.473, 8437
1.475, 8436
1.481, 8435
1.482, 8434
1.485, 8433
1.487, 8432
1.492, 8431
1.495, 8430
1.496, 8429
1.501, 8428
1.501, 8427
1.502, 8426
1.506, 8425
1.514, 8424
1.520, 8423
1.522, 8422
1.524, 8421
1.529, 8420
1.532, 8419
1.534, 8418
1.538, 8417
1.539, 8416
1.543, 8415
1.545, 8414
1.546, 8413
1.548, 8412
1.549, 8411
1.550, 8410
1.554, 8409
1.556, 8408
1.558, 8407
1.561, 8406
1.562, 8405
1.563, 8404
1.564, 8403
1.565, 8402
1.571, 8401
1.576, 8400
1.582, 8399
1.584, 8398
1.592, 8397
1.601, 8396
1.604, 8395
1.605, 8394
1.606, 8393
1.613, 8392
1.617, 8391
1.619, 8390
1.623, 8389
1.628, 8388
1.629, 8387
1.630, 8386
1.631, 8385
1.633, 8384
1.638, 8383
1.639, 8382
1.641, 8381
1.653, 8380
1.657, 8379
1.658, 8378
1.661, 8377
1.668, 8376
1.671, 8375
1.673, 8374
1.674, 8373
1.675, 8372
1.678, 8371
1.682, 8370
1.683, 8369
1.684, 8368
1.687, 8367
1.696, 8366
1.700, 8365
1.703, 8364
1.711, 8363
1.713, 8362
1.717, 8361
1.720, 8360
1.721, 8359
1.724, 8358
1.726, 8357
1.729, 8356
1.730, 8355
1.733, 8354
1.735, 8353
1.736, 8352
1.739, 8351
1.741, 8350
1.743, 8349
1.745, 8348
1.747, 8347
1.750, 8346
1.752, 8345
1.754, 8344
1.755, 8343
1.756, 8342
1.758, 8341
1.773, 8340
1.775, 8339
1.776, 8338
1.778, 8337
1.778, 8336
1.783, 8335
1.784, 8334
1.786, 8333
1.788, 8332
1.789, 8331
1.794, 8330
1.796, 8329
1.804, 8328
1.808, 8327
1.818, 8326
1.819, 8325
1.824, 8324
1.827, 8323
1.828, 8322
1.828, 8321
1.829, 8320
1.831, 8319
1.832, 8318
1.839, 8317
1.845, 8316
1.845, 8315
1.848, 8314
1.848, 8313
1.852, 8312
1.854, 8311
1.858, 8310
1.858, 8309
1.859, 8308
1.861, 8307
1.866, 8306
1.868, 8305
1.869, 8304
1.882, 8303
1.891, 8302
1.893, 8301
1.896, 8300
1.898, 8299
1.899, 8298
1.900, 8297
1.903, 8296
1.913, 8295
1.915, 8294
1.917, 8293
1.921, 8292
1.922, 8291
1.926, 8290
1.927, 8289
1.927, 8288
1.930, 8287
1.940, 8286
1.943, 8285
1.944, 8284
1.951, 8283
1.954, 8282
1.961, 8281
1.966, 8280
1.967, 8279
1.967, 8278
1.969, 8277
1.976, 8276
1.980, 8275
1.983, 8274
1.988, 8273
1.992, 8272
1.994, 8271
1.995, 8270
1.996, 8269
1.997, 8268
1.998, 8267
2.002, 8266
2.004, 8265
2.010, 8264
2.017, 8263
2.021, 8262
2.023, 8261
2.025, 8260
2.029, 8259
2.040, 8258
2.045, 8257
2.046, 8256
2.049, 8255
2.050, 8254
2.056, 8253
2.057, 8252
2.058, 8251
2.060, 8250
2.062, 8249
2.064, 8248
2.066, 8247
2.067, 8246
2.068, 8245
2.071, 8244
2.076, 8243
2.078, 8242
2.079, 8241
2.080, 8240
2.082, 8239
2.083, 8238
2.084, 8237
2.091, 8236
2.094, 8235
2.098, 8234
2.100, 8233
2.102, 8232
2.110, 8231
2.113, 8230
2.126, 8229
2.127, 8228
2.128, 8227
2.130, 8226
2.133, 8225
2.133, 8224
2.136, 8223
2.139, 8222
2.140, 8221
2.150, 8220
2.153, 8219
2.159, 8218
2.162, 8217
2.165, 8216
2.165, 8215
2.173, 8214
2.173, 8213
2.181, 8212
2.187, 8211
2.190, 8210
2.191, 8209
2.195, 8208
2.200, 8207
2.203, 8206
2.220, 8205
2.222, 8204
2.233, 8203
2.234, 8202
2.241, 8201
2.242, 8200
2.247, 8199
2.257, 8198
2.259, 8197
2.260, 8196
2.261, 8195
2.269, 8194
2.271, 8193
2.274, 8192
2.284, 8191
2.286, 8190
2.288, 8189
2.297, 8188
2.303, 8187
2.307, 8186
2.308, 8185
2.309, 8184
2.313, 8183
2.316, 8182
2.322, 8181
2.329, 8180
2.335, 8179
2.337, 8178
2.339, 8177
2.343, 8176
2.344, 8175
2.347, 8174
2.349, 8173
2.353, 8172
2.356, 8171
2.366, 8170
2.367, 8169
2.370, 8168
2.379, 8167
2.381, 8166
2.384, 8165
2.385, 8164
2.389, 8163
2.390, 8162
2.394, 8161
2.397, 8160
2.398, 8159
2.399, 8158
2.400, 8157
2.401, 8156
2.404, 8155
2.408, 8154
2.422, 8153
2.426, 8152
2.432, 8151
2.433, 8150
2.436, 8149
2.437, 8148
2.438, 8147
2.439, 8146
2.442, 8145
2.449, 8144
2.451, 8143
2.452, 8142
2.455, 8141
2.465, 8140
2.468, 8139
2.469, 8138
2.473, 8137
2.476, 8136
2.483, 8135
2.484, 8134
2.485, 8133
2.495, 8132
2.497, 8131
2.500, 8130
2.503, 8129
2.505, 8128
2.506, 8127
2.507, 8126
2.509, 8125
2.516, 8124
2.521, 8123
2.534, 8122
2.539, 8121
2.545, 8120
2.549, 8119
2.552, 8118
2.560, 8117
2.563, 8116
2.570, 8115
2.571, 8114
2.578, 8113
2.587, 8112
2.592, 8111
2.595, 8110
2.601, 8109
2.607, 8108
2.619, 8107
2.619, 8106
2.623, 8105
2.625, 8104
2.630, 8103
2.636, 8102
2.638, 8101
2.643, 8100
2.643, 8099
2.644, 8098
2.647, 8097
2.650, 8096
2.651, 8095
2.658, 8094
2.663, 8093
2.668, 8092
2.671, 8091
2.674, 8090
2.677, 8089
2.681, 8088
2.682, 8087
2.684, 8086
2.687, 8085
2.694, 8084
2.696, 8083
2.710, 8082
2.711, 8081
2.712, 8080
2.714, 8079
2.718, 8078
2.721, 8077
2.722, 8076
2.727, 8075
2.734, 8074
2.740, 8073
2.747, 8072
2.757, 8071
2.762, 8070
2.763, 8069
2.781, 8068
2.782, 8067
2.790, 8066
2.790, 8065
2.806, 8064
2.810, 8063
2.818, 8062
2.822, 8061
2.825, 8060
2.838, 8059
2.842, 8058
2.845, 8057
2.847, 8056
2.848, 8055
2.855, 8054
2.867, 8053
2.871, 8052
2.873, 8051
2.879, 8050
2.885, 8049
2.889, 8048
2.907, 8047
2.911, 8046
2.914, 8045
2.939, 8044
2.960, 8043
2.963, 8042
2.964, 8041
2.971, 8040
2.979, 8039
2.981, 8038
2.982, 8037
2.984, 8036
2.991, 8035
2.998, 8034
3.010, 8033
3.011, 8032
3.014, 8031
3.016, 8030
3.019, 8029
3.021, 8028
3.022, 8027
3.028, 8026
3.029, 8025
3.040, 8024
3.042, 8023
3.047, 8022
3.051, 8021
3.053, 8020
3.060, 8019
3.066, 8018
3.080, 8017
3.084, 8016
3.085, 8015
3.093, 8014
3.094, 8013
3.119, 8012
3.125, 8011
3.126, 8010
3.131, 8009
3.137, 8008
3.160, 8007
3.161, 8006
3.168, 8005
3.171, 8004
3.173, 8003
3.180, 8002
3.182, 8001
3.189, 8000
3.214, 7999
3.221, 7998
3.224, 7997
3.229, 7996
3.235, 7995
3.261, 7994
3.267, 7993
3.271, 7992
3.274, 7991
3.280, 7990
3.283, 7989
3.286, 7988
3.293, 7987
3.297, 7986
3.305, 7985
3.308, 7984
3.312, 7983
3.315, 7982
3.319, 7981
3.328, 7980
3.331, 7979
3.333, 7978
3.334, 7977
3.335, 7976
3.341, 7975
3.354, 7974
3.359, 7973
3.381, 7972
3.383, 7971
3.386, 7970
3.391, 7969
3.404, 7968
3.410, 7967
3.419, 7966
3.423, 7965
3.426, 7964
3.443, 7963
3.446, 7962
3.453, 7961
3.458, 7960
3.468, 7959
3.490, 7958
3.491, 7957
3.503, 7956
3.526, 7955
3.527, 7954
3.545, 7953
3.552, 7952
3.561, 7951
3.562, 7950
3.563, 7949
3.571, 7948
3.594, 7947
3.595, 7946
3.600, 7945
3.603, 7944
3.604, 7943
3.605, 7942
3.611, 7941
3.618, 7940
3.625, 7939
3.626, 7938
3.627, 7937
3.631, 7936
3.632, 7935
3.634, 7934
3.639, 7933
3.657, 7932
3.677, 7931
3.682, 7930
3.691, 7929
3.698, 7928
3.721, 7927
3.723, 7926
3.726, 7925
3.748, 7924
3.756, 7923
3.762, 7922
3.771, 7921
3.771, 7920
3.790, 7919
3.799, 7918
3.808, 7917
3.819, 7916
3.833, 7915
3.835, 7914
3.838, 7913
3.840, 7912
3.848, 7911
3.858, 7910
3.862, 7909
3.865, 7908
3.875, 7907
3.882, 7906
3.903, 7905
3.904, 7904
3.911, 7903
3.913, 7902
3.917, 7901
3.919, 7900
3.932, 7899
3.938, 7898
3.939, 7897
3.941, 7896
3.952, 7895
3.956, 7894
3.970, 7893
3.987, 7892
3.988, 7891
3.998, 7890
4.000, 7889
4.008, 7888
4.013, 7887
4.025, 7886
4.032, 7885
4.032, 7884
4.045, 7883
4.048, 7882
4.060, 7881
4.068, 7880
4.072, 7879
4.074, 7878
4.076, 7877
4.089, 7876
4.095, 7875
4.097, 7874
4.103, 7873
4.125, 7872
4.132, 7871
4.135, 7870
4.146, 7869
4.149, 7868
4.160, 7867
4.160, 7866
4.161, 7865
4.163, 7864
4.164, 7863
4.204, 7862
4.212, 7861
4.244, 7860
4.249, 7859
4.258, 7858
4.259, 7857
4.270, 7856
4.270, 7855
4.275, 7854
4.276, 7853
4.277, 7852
4.290, 7851
4.291, 7850
4.293, 7849
4.302, 7848
4.310, 7847
4.325, 7846
4.340, 7845
4.345, 7844
4.346, 7843
4.351, 7842
4.365, 7841
4.393, 7840
4.399, 7839
4.451, 7838
4.465, 7837
4.466, 7836
4.469, 7835
4.514, 7834
4.518, 7833
4.521, 7832
4.529, 7831
4.536, 7830
4.556, 7829
4.558, 7828
4.561, 7827
4.592, 7826
4.597, 7825
4.619, 7824
4.630, 7823
4.632, 7822
4.641, 7821
4.651, 7820
4.659, 7819
4.676, 7818
4.677, 7817
4.685, 7816
4.693, 7815
4.719, 7814
4.720, 7813
4.726, 7812
4.727, 7811
4.730, 7810
4.732, 7809
4.763, 7808
4.773, 7807
4.790, 7806
4.803, 7805
4.809, 7804
4.838, 7803
4.847, 7802
4.855, 7801
4.867, 7800
4.892, 7799
4.939, 7798
4.946, 7797
4.959, 7796
4.966, 7795
4.974, 7794
4.975, 7793
4.998, 7792
5.004, 7791
5.017, 7790
5.018, 7789
5.026, 7788
5.045, 7787
5.058, 7786
5.060, 7785
5.075, 7784
5.083, 7783
5.102, 7782
5.130, 7781
5.163, 7780
5.186, 7779
5.189, 7778
5.203, 7777
5.215, 7776
5.223, 7775
5.227, 7774
5.259, 7773
5.266, 7772
5.289, 7771
5.305, 7770
5.310, 7769
5.345, 7768
5.412, 7767
5.433, 7766
5.438, 7765
5.472, 7764
5.476, 7763
5.480, 7762
5.525, 7761
5.543, 7760
5.556, 7759
5.560, 7758
5.561, 7757
5.573, 7756
5.575, 7755
5.608, 7754
5.626, 7753
5.657, 7752
5.730, 7751
5.922, 7750
5.931, 7749
5.999, 7748
6.010, 7747
6.022, 7746
6.048, 7745
6.057, 7744
6.083, 7743
6.088, 7742
6.143, 7741
6.168, 7740
6.182, 7739
6.211, 7738
6.227, 7737
6.249, 7736
6.253, 7735
6.255, 7734
6.272, 7733
6.284, 7732
6.288, 7731
6.302, 7730
6.323, 7729
6.330, 7728
6.350, 7727
6.361, 7726
6.391, 7725
6.410, 7724
6.413, 7723
6.433, 7722
6.437, 7721
6.444, 7720
6.449, 7719
6.468, 7718
6.502, 7717
6.559, 7716
6.560, 7715
6.573, 7714
6.588, 7713
6.610, 7712
6.620, 7711
6.625, 7710
6.651, 7709
6.660, 7708
6.701, 7707
6.716, 7706
6.767, 7705
6.793, 7704
6.830, 7703
6.832, 7702
6.854, 7701
6.855, 7700
6.865, 7699
6.925, 7698
6.952, 7697
7.008, 7696
7.026, 7695
7.052, 7694
7.074, 7693
7.082, 7692
7.087, 7691
7.096, 7690
7.113, 7689
7.151, 7688
7.193, 7687
7.216, 7686
7.234, 7685
7.273, 7684
7.309, 7683
7.333, 7682
7.373, 7681
7.507, 7680
7.627, 7679
7.658, 7678
7.668, 7677
7.672, 7676
7.725, 7675
7.741, 7674
7.817, 7673
7.865, 7672
7.975, 7671
8.056, 7670
8.067, 7669
8.085, 7668
8.099, 7667
8.125, 7666
8.150, 7665
8.169, 7664
8.239, 7663
8.301, 7662
8.360, 7661
8.438, 7660
8.440, 7659
8.452, 7658
8.456, 7657
8.518, 7656
8.574, 7655
8.576, 7654
8.601, 7653
8.611, 7652
8.630, 7651
8.710, 7650
8.713, 7649
8.726, 7648
8.782, 7647
8.817, 7646
8.901, 7645
9.020, 7644
9.110, 7643
9.161, 7642
9.200, 7641
9.249, 7640
9.469, 7639
9.482, 7638
9.513, 7637
9.588, 7636
9.860, 7635
10.063, 7634
10.089, 7633
10.108, 7632
10.114, 7631
10.177, 7630
10.195, 7629
10.248, 7628
10.313, 7627
10.387, 7626
10.398, 7625
10.399, 7624
10.422, 7623
10.513, 7622
10.649, 7621
10.659, 7620
10.773, 7619
10.944, 7618
11.088, 7617
11.120, 7616
11.156, 7615
11.301, 7614
11.630, 7613
11.755, 7612
11.888, 7611
11.949, 7610
12.003, 7609
12.019, 7608
12.155, 7607
12.299, 7606
12.451, 7605
12.595, 7604
12.799, 7603
13.353, 7602
13.590, 7601
13.635, 7600
13.751, 7599
14.442, 7598
14.550, 7597
14.615, 7596
14.969, 7595
15.153, 7594
16.216, 7593
16.422, 7592
16.631, 7591
17.114, 7590
18.357, 7589
18.505, 7588
19.337, 7587
19.558, 7586
19.779, 7585
20.194, 7584
22.654, 7583
