0.000, 5326
1.878, 5325
1.894, 5324
1.908, 5323
1.913, 5322
1.923, 5321
1.933, 5320
1.934, 5319
1.958, 5318
1.989, 5317
2.021, 5316
2.028, 5315
2.037, 5314
2.055, 5313
2.061, 5312
2.073, 5311
2.083, 5310
2.085, 5309
2.087, 5308
2.089, 5307
2.110, 5306
2.122, 5305
2.129, 5304
2.146, 5303
2.154, 5302
2.159, 5301
2.169, 5300
2.189, 5299
2.206, 5298
2.219, 5297
2.235, 5296
2.246, 5295
2.249, 5294
2.255, 5293
2.258, 5292
2.259, 5291
2.267, 5290
2.333, 5289
2.334, 5288
2.344, 5287
2.354, 5286
2.373, 5285
2.373, 5284
2.387, 5283
2.388, 5282
2.390, 5281
2.393, 5280
2.399, 5279
2.404, 5278
2.408, 5277
2.411, 5276
2.451, 5275
2.452, 5274
2.467, 5273
2.470, 5272
2.481, 5271
2.484, 5270
2.488, 5269
2.492, 5268
2.517, 5267
2.529, 5266
2.532, 5265
2.550, 5264
2.562, 5263
2.566, 5262
2.572, 5261
2.573, 5260
2.594, 5259
2.606, 5258
2.616, 5257
2.623, 5256
2.627, 5255
2.640, 5254
2.673, 5253
2.687, 5252
2.697, 5251
2.713, 5250
2.753, 5249
2.754, 5248
2.777, 5247
2.811, 5246
2.820, 5245
2.827, 5244
2.835, 5243
2.846, 5242
2.858, 5241
2.861, 5240
2.895, 5239
2.902, 5238
2.916, 5237
2.931, 5236
2.942, 5235
2.946, 5234
2.950, 5233
2.956, 5232
2.987, 5231
3.005, 5230
3.012, 5229
3.032, 5228
3.043, 5227
3.085, 5226
3.091, 5225
3.101, 5224
3.108, 5223
3.126, 5222
3.157, 5221
3.193, 5220
3.210, 5219
3.214, 5218
3.214, 5217
3.218, 5216
3.220, 5215
3.242, 5214
3.266, 5213
3.274, 5212
3.289, 5211
3.299, 5210
3.303, 5209
3.306, 5208
3.335, 5207
3.356, 5206
3.359, 5205
3.360, 5204
3.403, 5203
3.433, 5202
3.440, 5201
3.492, 5200
3.501, 5199
3.506, 5198
3.545, 5197
3.555, 5196
3.609, 5195
3.665, 5194
3.675, 5193
3.700, 5192
3.725, 5191
3.728, 5190
3.767, 5189
3.784, 5188
3.793, 5187
3.870, 5186
3.889, 5185
3.910, 5184
3.924, 5183
3.934, 5182
3.942, 5181
3.990, 5180
3.995, 5179
4.028, 5178
4.034, 5177
4.058, 5176
4.061, 5175
4.073, 5174
4.075, 5173
4.084, 5172
4.126, 5171
4.138, 5170
4.242, 5169
4.245, 5168
4.273, 5167
4.292, 5166
4.300, 5165
4.348, 5164
4.350, 5163
4.382, 5162
4.430, 5161
4.440, 5160
4.442, 5159
4.446, 5158
4.470, 5157
4.485, 5156
4.507, 5155
4.508, 5154
4.549, 5153
4.585, 5152
4.690, 5151
4.714, 5150
4.722, 5149
4.732, 5148
4.746, 5147
4.747, 5146
4.750, 5145
4.754, 5144
4.773, 5143
4.782, 5142
4.883, 5141
4.886, 5140
4.910, 5139
4.941, 5138
4.966, 5137
4.997, 5136
5.007, 5135
5.070, 5134
5.079, 5133
5.081, 5132
5.135, 5131
5.143, 5130
5.147, 5129
5.153, 5128
5.185, 5127
5.197, 5126
5.219, 5125
5.230, 5124
5.242, 5123
5.275, 5122
5.310, 5121
5.326, 5120
5.341, 5119
5.357, 5118
5.362, 5117
5.372, 5116
5.382, 5115
5.383, 5114
5.387, 5113
5.392, 5112
5.414, 5111
5.506, 5110
5.521, 5109
5.523, 5108
5.629, 5107
5.653, 5106
5.663, 5105
5.689, 5104
5.705, 5103
5.762, 5102
5.786, 5101
5.796, 5100
5.869, 5099
5.877, 5098
5.890, 5097
5.903, 5096
5.939, 5095
5.959, 5094
5.975, 5093
6.034, 5092
6.053, 5091
6.066, 5090
6.084, 5089
6.086, 5088
6.174, 5087
6.215, 5086
6.240, 5085
6.260, 5084
6.296, 5083
6.298, 5082
6.304, 5081
6.309, 5080
6.318, 5079
6.322, 5078
6.357, 5077
6.374, 5076
6.422, 5075
6.431, 5074
6.473, 5073
6.520, 5072
6.544, 5071
6.597, 5070
6.603, 5069
6.624, 5068
6.630, 5067
6.647, 5066
6.670, 5065
6.675, 5064
6.708, 5063
6.766, 5062
6.780, 5061
6.827, 5060
6.853, 5059
6.869, 5058
6.919, 5057
6.929, 5056
6.940, 5055
6.958, 5054
6.967, 5053
7.009, 5052
7.024, 5051
7.054, 5050
7.083, 5049
7.092, 5048
7.099, 5047
7.144, 5046
7.191, 5045
7.209, 5044
7.233, 5043
7.268, 5042
7.363, 5041
7.380, 5040
7.390, 5039
7.411, 5038
7.423, 5037
7.429, 5036
7.446, 5035
7.470, 5034
7.484, 5033
7.512, 5032
7.529, 5031
7.579, 5030
7.683, 5029
7.723, 5028
7.779, 5027
7.844, 5026
7.859, 5025
7.875, 5024
7.909, 5023
7.934, 5022
7.937, 5021
7.997, 5020
8.022, 5019
8.081, 5018
8.099, 5017
8.173, 5016
8.208, 5015
8.239, 5014
8.240, 5013
8.266, 5012
8.334, 5011
8.359, 5010
8.367, 5009
8.392, 5008
8.441, 5007
8.447, 5006
8.477, 5005
8.529, 5004
8.594, 5003
8.618, 5002
8.659, 5001
8.771, 5000
8.881, 4999
8.944, 4998
8.978, 4997
8.987, 4996
9.027, 4995
9.057, 4994
9.090, 4993
9.094, 4992
9.271, 4991
9.289, 4990
9.318, 4989
9.325, 4988
9.337, 4987
9.410, 4986
9.463, 4985
9.515, 4984
9.555, 4983
9.660, 4982
9.770, 4981
9.797, 4980
9.848, 4979
9.872, 4978
9.910, 4977
9.992, 4976
10.018, 4975
10.035, 4974
10.064, 4973
10.083, 4972
10.144, 4971
10.201, 4970
10.391, 4969
10.424, 4968
10.464, 4967
10.493, 4966
10.613, 4965
10.622, 4964
10.712, 4963
10.715, 4962
10.734, 4961
10.792, 4960
10.862, 4959
10.866, 4958
10.969, 4957
11.022, 4956
11.240, 4955
11.267, 4954
11.341, 4953
11.377, 4952
11.379, 4951
11.399, 4950
11.405, 4949
11.534, 4948
11.668, 4947
11.712, 4946
11.810, 4945
11.838, 4944
11.944, 4943
12.098, 4942
12.105, 4941
12.226, 4940
12.249, 4939
12.256, 4938
12.300, 4937
12.473, 4936
12.637, 4935
12.724, 4934
12.841, 4933
12.853, 4932
12.936, 4931
12.970, 4930
13.040, 4929
13.073, 4928
13.396, 4927
13.414, 4926
13.423, 4925
13.670, 4924
13.858, 4923
13.937, 4922
14.052, 4921
14.068, 4920
14.146, 4919
14.177, 4918
14.265, 4917
14.422, 4916
14.472, 4915
14.528, 4914
14.624, 4913
14.649, 4912
14.736, 4911
14.894, 4910
15.019, 4909
15.074, 4908
15.201, 4907
15.285, 4906
15.304, 4905
15.309, 4904
15.348, 4903
15.537, 4902
15.548, 4901
15.635, 4900
15.679, 4899
15.739, 4898
15.791, 4897
15.974, 4896
15.992, 4895
16.082, 4894
16.556, 4893
17.400, 4892
17.445, 4891
17.448, 4890
17.501, 4889
17.550, 4888
17.765, 4887
18.075, 4886
18.499, 4885
19.029, 4884
19.069, 4883
19.715, 4882
20.908, 4881
21.711, 4880
22.065, 4879
22.097, 4878
22.281, 4877
22.349, 4876
22.629, 4875
24.018, 4874
24.152, 4873
24.460, 4872
24.556, 4871
25.764, 4870
26.312, 4869
27.217, 4868
29.282, 4867
29.542, 4866
30.979, 4865
