0.001, 5326
1.835, 5325
1.838, 5324
1.861, 5323
1.864, 5322
1.889, 5321
1.894, 5320
1.902, 5319
1.918, 5318
1.922, 5317
1.925, 5316
1.955, 5315
1.957, 5314
1.958, 5313
1.983, 5312
1.997, 5311
2.022, 5310
2.034, 5309
2.056, 5308
2.065, 5307
2.068, 5306
2.072, 5305
2.076, 5304
2.091, 5303
2.099, 5302
2.105, 5301
2.108, 5300
2.121, 5299
2.179, 5298
2.199, 5297
2.211, 5296
2.213, 5295
2.217, 5294
2.235, 5293
2.257, 5292
2.260, 5291
2.273, 5290
2.285, 5289
2.295, 5288
2.300, 5287
2.343, 5286
2.364, 5285
2.377, 5284
2.396, 5283
2.403, 5282
2.412, 5281
2.435, 5280
2.436, 5279
2.439, 5278
2.453, 5277
2.454, 5276
2.472, 5275
2.481, 5274
2.483, 5273
2.490, 5272
2.512, 5271
2.555, 5270
2.569, 5269
2.570, 5268
2.591, 5267
2.597, 5266
2.601, 5265
2.606, 5264
2.611, 5263
2.613, 5262
2.619, 5261
2.630, 5260
2.643, 5259
2.654, 5258
2.659, 5257
2.682, 5256
2.695, 5255
2.710, 5254
2.724, 5253
2.735, 5252
2.777, 5251
2.799, 5250
2.825, 5249
2.829, 5248
2.831, 5247
2.838, 5246
2.850, 5245
2.900, 5244
2.910, 5243
2.913, 5242
2.923, 5241
2.931, 5240
2.937, 5239
2.940, 5238
2.945, 5237
2.953, 5236
3.016, 5235
3.020, 5234
3.033, 5233
3.035, 5232
3.080, 5231
3.086, 5230
3.091, 5229
3.093, 5228
3.115, 5227
3.123, 5226
3.126, 5225
3.131, 5224
3.152, 5223
3.165, 5222
3.193, 5221
3.200, 5220
3.228, 5219
3.261, 5218
3.281, 5217
3.300, 5216
3.308, 5215
3.336, 5214
3.379, 5213
3.446, 5212
3.450, 5211
3.460, 5210
3.483, 5209
3.490, 5208
3.498, 5207
3.521, 5206
3.527, 5205
3.549, 5204
3.558, 5203
3.563, 5202
3.565, 5201
3.567, 5200
3.575, 5199
3.604, 5198
3.616, 5197
3.621, 5196
3.639, 5195
3.691, 5194
3.735, 5193
3.741, 5192
3.773, 5191
3.779, 5190
3.798, 5189
3.831, 5188
3.843, 5187
3.855, 5186
3.867, 5185
3.875, 5184
3.882, 5183
3.916, 5182
3.931, 5181
3.963, 5180
3.980, 5179
3.986, 5178
3.998, 5177
4.011, 5176
4.033, 5175
4.036, 5174
4.049, 5173
4.056, 5172
4.073, 5171
4.207, 5170
4.225, 5169
4.272, 5168
4.287, 5167
4.294, 5166
4.316, 5165
4.354, 5164
4.361, 5163
4.417, 5162
4.436, 5161
4.442, 5160
4.472, 5159
4.492, 5158
4.503, 5157
4.514, 5156
4.530, 5155
4.555, 5154
4.564, 5153
4.601, 5152
4.651, 5151
4.657, 5150
4.696, 5149
4.703, 5148
4.743, 5147
4.774, 5146
4.833, 5145
4.878, 5144
4.903, 5143
4.915, 5142
4.935, 5141
4.975, 5140
5.002, 5139
5.004, 5138
5.054, 5137
5.110, 5136
5.175, 5135
5.179, 5134
5.218, 5133
5.272, 5132
5.396, 5131
5.402, 5130
5.412, 5129
5.418, 5128
5.436, 5127
5.480, 5126
5.504, 5125
5.526, 5124
5.527, 5123
5.537, 5122
5.570, 5121
5.597, 5120
5.628, 5119
5.688, 5118
5.728, 5117
5.731, 5116
5.733, 5115
5.742, 5114
5.777, 5113
5.829, 5112
5.842, 5111
5.898, 5110
5.917, 5109
5.930, 5108
5.956, 5107
5.977, 5106
6.007, 5105
6.062, 5104
6.139, 5103
6.146, 5102
6.154, 5101
6.206, 5100
6.258, 5099
6.323, 5098
6.337, 5097
6.340, 5096
6.351, 5095
6.385, 5094
6.413, 5093
6.446, 5092
6.479, 5091
6.489, 5090
6.523, 5089
6.580, 5088
6.605, 5087
6.699, 5086
6.703, 5085
6.708, 5084
6.741, 5083
6.754, 5082
6.769, 5081
6.850, 5080
6.862, 5079
6.897, 5078
6.935, 5077
7.004, 5076
7.009, 5075
7.034, 5074
7.128, 5073
7.173, 5072
7.181, 5071
7.217, 5070
7.267, 5069
7.284, 5068
7.346, 5067
7.377, 5066
7.395, 5065
7.413, 5064
7.440, 5063
7.461, 5062
7.485, 5061
7.506, 5060
7.549, 5059
7.568, 5058
7.646, 5057
7.673, 5056
7.727, 5055
7.733, 5054
7.738, 5053
7.740, 5052
7.754, 5051
7.797, 5050
7.872, 5049
7.879, 5048
7.880, 5047
7.925, 5046
7.955, 5045
8.005, 5044
8.104, 5043
8.145, 5042
8.149, 5041
8.173, 5040
8.229, 5039
8.286, 5038
8.300, 5037
8.314, 5036
8.383, 5035
8.389, 5034
8.440, 5033
8.452, 5032
8.458, 5031
8.497, 5030
8.517, 5029
8.534, 5028
8.560, 5027
8.594, 5026
8.597, 5025
8.667, 5024
8.669, 5023
8.684, 5022
8.692, 5021
8.785, 5020
8.886, 5019
8.926, 5018
8.929, 5017
8.979, 5016
9.016, 5015
9.090, 5014
9.267, 5013
9.326, 5012
9.330, 5011
9.333, 5010
9.345, 5009
9.524, 5008
9.596, 5007
9.634, 5006
9.684, 5005
9.764, 5004
9.777, 5003
9.808, 5002
9.836, 5001
9.887, 5000
9.904, 4999
9.907, 4998
9.921, 4997
9.989, 4996
10.005, 4995
10.033, 4994
10.038, 4993
10.087, 4992
10.120, 4991
10.171, 4990
10.187, 4989
10.192, 4988
10.250, 4987
10.275, 4986
10.385, 4985
10.645, 4984
10.665, 4983
10.677, 4982
10.746, 4981
10.796, 4980
10.937, 4979
10.993, 4978
11.082, 4977
11.091, 4976
11.118, 4975
11.182, 4974
11.383, 4973
11.598, 4972
11.640, 4971
11.713, 4970
11.815, 4969
11.876, 4968
11.880, 4967
12.043, 4966
12.046, 4965
12.101, 4964
12.151, 4963
12.164, 4962
12.170, 4961
12.438, 4960
12.444, 4959
12.487, 4958
12.700, 4957
12.785, 4956
12.809, 4955
12.825, 4954
12.848, 4953
12.863, 4952
12.872, 4951
12.874, 4950
12.987, 4949
13.055, 4948
13.178, 4947
13.610, 4946
13.720, 4945
13.780, 4944
13.907, 4943
14.058, 4942
14.110, 4941
14.190, 4940
14.437, 4939
14.532, 4938
14.556, 4937
14.593, 4936
14.624, 4935
14.636, 4934
14.799, 4933
14.868, 4932
15.065, 4931
15.218, 4930
15.331, 4929
15.383, 4928
15.421, 4927
15.433, 4926
15.806, 4925
15.951, 4924
15.976, 4923
16.018, 4922
16.322, 4921
16.612, 4920
16.902, 4919
17.121, 4918
17.210, 4917
17.251, 4916
17.412, 4915
17.519, 4914
17.759, 4913
18.033, 4912
18.157, 4911
18.279, 4910
18.331, 4909
18.526, 4908
18.797, 4907
18.844, 4906
19.686, 4905
19.864, 4904
20.279, 4903
20.461, 4902
20.684, 4901
20.744, 4900
20.816, 4899
20.905, 4898
21.023, 4897
21.584, 4896
21.820, 4895
22.293, 4894
22.342, 4893
22.403, 4892
22.594, 4891
23.016, 4890
23.257, 4889
23.558, 4888
23.583, 4887
24.343, 4886
24.898, 4885
25.235, 4884
26.024, 4883
27.184, 4882
27.992, 4881
28.188, 4880
28.248, 4879
28.802, 4878
29.214, 4877
29.914, 4876
32.091, 4875
34.320, 4874
36.416, 4873
39.577, 4872
41.118, 4871
