0.003, 9232
0.017, 9231
0.019, 9230
0.020, 9229
0.023, 9228
0.025, 9227
0.026, 9226
0.028, 9225
0.029, 9224
0.031, 9223
0.034, 9222
0.035, 9221
0.037, 9220
0.038, 9219
0.042, 9218
0.044, 9217
0.045, 9216
0.047, 9215
0.049, 9214
0.050, 9213
0.053, 9212
0.054, 9211
0.056, 9210
0.057, 9209
0.058, 9208
0.061, 9207
0.062, 9206
0.071, 9205
0.073, 9204
0.075, 9203
0.076, 9202
0.077, 9201
0.078, 9200
0.078, 9199
0.079, 9198
0.082, 9197
0.083, 9196
0.084, 9195
0.085, 9194
0.086, 9193
0.086, 9192
0.088, 9191
0.089, 9190
0.090, 9189
0.091, 9188
0.091, 9187
0.092, 9186
0.094, 9185
0.095, 9184
0.096, 9183
0.096, 9182
0.099, 9181
0.103, 9180
0.104, 9179
0.104, 9178
0.106, 9177
0.108, 9176
0.111, 9175
0.112, 9174
0.115, 9173
0.120, 9172
0.121, 9171
0.122, 9170
0.122, 9169
0.124, 9168
0.125, 9167
0.125, 9166
0.126, 9165
0.127, 9164
0.128, 9163
0.129, 9162
0.130, 9161
0.131, 9160
0.131, 9159
0.134, 9158
0.137, 9157
0.137, 9156
0.140, 9155
0.140, 9154
0.141, 9153
0.142, 9152
0.144, 9151
0.145, 9150
0.157, 9149
0.157, 9148
0.158, 9147
0.160, 9146
0.161, 9145
0.161, 9144
0.162, 9143
0.163, 9142
0.163, 9141
0.164, 9140
0.169, 9139
0.171, 9138
0.172, 9137
0.173, 9136
0.173, 9135
0.174, 9134
0.176, 9133
0.177, 9132
0.178, 9131
0.179, 9130
0.179, 9129
0.181, 9128
0.186, 9127
0.187, 9126
0.188, 9125
0.192, 9124
0.194, 9123
0.195, 9122
0.196, 9121
0.197, 9120
0.198, 9119
0.198, 9118
0.201, 9117
0.203, 9116
0.210, 9115
0.210, 9114
0.211, 9113
0.214, 9112
0.216, 9111
0.220, 9110
0.222, 9109
0.223, 9108
0.223, 9107
0.224, 9106
0.225, 9105
0.225, 9104
0.226, 9103
0.227, 9102
0.229, 9101
0.231, 9100
0.232, 9099
0.233, 9098
0.239, 9097
0.240, 9096
0.242, 9095
0.242, 9094
0.246, 9093
0.248, 9092
0.249, 9091
0.249, 9090
0.250, 9089
0.251, 9088
0.252, 9087
0.253, 9086
0.254, 9085
0.255, 9084
0.256, 9083
0.257, 9082
0.258, 9081
0.259, 9080
0.259, 9079
0.266, 9078
0.267, 9077
0.268, 9076
0.269, 9075
0.270, 9074
0.278, 9073
0.280, 9072
0.283, 9071
0.284, 9070
0.284, 9069
0.287, 9068
0.288, 9067
0.289, 9066
0.291, 9065
0.293, 9064
0.294, 9063
0.295, 9062
0.296, 9061
0.296, 9060
0.298, 9059
0.299, 9058
0.300, 9057
0.301, 9056
0.302, 9055
0.303, 9054
0.304, 9053
0.306, 9052
0.308, 9051
0.309, 9050
0.310, 9049
0.312, 9048
0.313, 9047
0.313, 9046
0.314, 9045
0.315, 9044
0.316, 9043
0.318, 9042
0.319, 9041
0.320, 9040
0.321, 9039
0.322, 9038
0.323, 9037
0.325, 9036
0.326, 9035
0.326, 9034
0.328, 9033
0.328, 9032
0.329, 9031
0.330, 9030
0.331, 9029
0.331, 9028
0.332, 9027
0.333, 9026
0.334, 9025
0.335, 9024
0.335, 9023
0.337, 9022
0.337, 9021
0.338, 9020
0.339, 9019
0.340, 9018
0.341, 9017
0.341, 9016
0.342, 9015
0.344, 9014
0.345, 9013
0.347, 9012
0.348, 9011
0.349, 9010
0.349, 9009
0.352, 9008
0.352, 9007
0.354, 9006
0.356, 9005
0.357, 9004
0.357, 9003
0.359, 9002
0.360, 9001
0.361, 9000
0.362, 8999
0.363, 8998
0.364, 8997
0.366, 8996
0.366, 8995
0.367, 8994
0.368, 8993
0.369, 8992
0.369, 8991
0.370, 8990
0.371, 8989
0.372, 8988
0.373, 8987
0.373, 8986
0.374, 8985
0.375, 8984
0.376, 8983
0.378, 8982
0.379, 8981
0.380, 8980
0.381, 8979
0.381, 8978
0.382, 8977
0.383, 8976
0.384, 8975
0.384, 8974
0.385, 8973
0.386, 8972
0.387, 8971
0.388, 8970
0.389, 8969
0.390, 8968
0.391, 8967
0.392, 8966
0.397, 8965
0.400, 8964
0.400, 8963
0.401, 8962
0.402, 8961
0.403, 8960
0.404, 8959
0.405, 8958
0.407, 8957
0.408, 8956
0.409, 8955
0.410, 8954
0.411, 8953
0.412, 8952
0.413, 8951
0.414, 8950
0.415, 8949
0.415, 8948
0.417, 8947
0.418, 8946
0.419, 8945
0.420, 8944
0.421, 8943
0.422, 8942
0.423, 8941
0.424, 8940
0.425, 8939
0.426, 8938
0.427, 8937
0.428, 8936
0.428, 8935
0.429, 8934
0.431, 8933
0.432, 8932
0.434, 8931
0.435, 8930
0.436, 8929
0.437, 8928
0.440, 8927
0.441, 8926
0.442, 8925
0.445, 8924
0.446, 8923
0.446, 8922
0.448, 8921
0.449, 8920
0.451, 8919
0.451, 8918
0.452, 8917
0.453, 8916
0.455, 8915
0.456, 8914
0.458, 8913
0.460, 8912
0.463, 8911
0.463, 8910
0.464, 8909
0.466, 8908
0.466, 8907
0.469, 8906
0.470, 8905
0.471, 8904
0.472, 8903
0.474, 8902
0.475, 8901
0.475, 8900
0.477, 8899
0.478, 8898
0.481, 8897
0.482, 8896
0.482, 8895
0.483, 8894
0.484, 8893
0.485, 8892
0.485, 8891
0.486, 8890
0.487, 8889
0.488, 8888
0.489, 8887
0.490, 8886
0.491, 8885
0.493, 8884
0.494, 8883
0.496, 8882
0.497, 8881
0.498, 8880
0.499, 8879
0.500, 8878
0.502, 8877
0.504, 8876
0.505, 8875
0.506, 8874
0.507, 8873
0.508, 8872
0.509, 8871
0.509, 8870
0.510, 8869
0.511, 8868
0.512, 8867
0.513, 8866
0.513, 8865
0.514, 8864
0.516, 8863
0.517, 8862
0.518, 8861
0.522, 8860
0.522, 8859
0.524, 8858
0.525, 8857
0.526, 8856
0.528, 8855
0.528, 8854
0.529, 8853
0.532, 8852
0.534, 8851
0.537, 8850
0.538, 8849
0.539, 8848
0.541, 8847
0.542, 8846
0.547, 8845
0.548, 8844
0.549, 8843
0.553, 8842
0.560, 8841
0.565, 8840
0.572, 8839
0.573, 8838
0.577, 8837
0.578, 8836
0.580, 8835
0.581, 8834
0.581, 8833
0.582, 8832
0.583, 8831
0.584, 8830
0.585, 8829
0.586, 8828
0.586, 8827
0.588, 8826
0.590, 8825
0.591, 8824
0.592, 8823
0.593, 8822
0.594, 8821
0.595, 8820
0.597, 8819
0.597, 8818
0.598, 8817
0.599, 8816
0.600, 8815
0.601, 8814
0.601, 8813
0.602, 8812
0.604, 8811
0.605, 8810
0.606, 8809
0.609, 8808
0.611, 8807
0.612, 8806
0.614, 8805
0.615, 8804
0.616, 8803
0.618, 8802
0.619, 8801
0.620, 8800
0.621, 8799
0.624, 8798
0.625, 8797
0.626, 8796
0.627, 8795
0.629, 8794
0.630, 8793
0.632, 8792
0.633, 8791
0.634, 8790
0.635, 8789
0.636, 8788
0.643, 8787
0.643, 8786
0.646, 8785
0.647, 8784
0.649, 8783
0.650, 8782
0.650, 8781
0.654, 8780
0.658, 8779
0.659, 8778
0.662, 8777
0.664, 8776
0.665, 8775
0.668, 8774
0.670, 8773
0.671, 8772
0.671, 8771
0.672, 8770
0.678, 8769
0.680, 8768
0.681, 8767
0.682, 8766
0.683, 8765
0.685, 8764
0.686, 8763
0.687, 8762
0.688, 8761
0.690, 8760
0.692, 8759
0.695, 8758
0.696, 8757
0.697, 8756
0.699, 8755
0.700, 8754
0.702, 8753
0.703, 8752
0.704, 8751
0.705, 8750
0.706, 8749
0.707, 8748
0.709, 8747
0.710, 8746
0.711, 8745
0.714, 8744
0.715, 8743
0.716, 8742
0.720, 8741
0.721, 8740
0.724, 8739
0.724, 8738
0.725, 8737
0.726, 8736
0.727, 8735
0.728, 8734
0.728, 8733
0.729, 8732
0.732, 8731
0.734, 8730
0.735, 8729
0.735, 8728
0.737, 8727
0.737, 8726
0.739, 8725
0.740, 8724
0.743, 8723
0.744, 8722
0.747, 8721
0.749, 8720
0.750, 8719
0.750, 8718
0.751, 8717
0.754, 8716
0.755, 8715
0.760, 8714
0.760, 8713
0.763, 8712
0.764, 8711
0.766, 8710
0.767, 8709
0.769, 8708
0.772, 8707
0.773, 8706
0.775, 8705
0.776, 8704
0.779, 8703
0.780, 8702
0.785, 8701
0.786, 8700
0.790, 8699
0.791, 8698
0.793, 8697
0.794, 8696
0.796, 8695
0.796, 8694
0.797, 8693
0.798, 8692
0.800, 8691
0.802, 8690
0.802, 8689
0.805, 8688
0.807, 8687
0.811, 8686
0.812, 8685
0.813, 8684
0.815, 8683
0.816, 8682
0.817, 8681
0.822, 8680
0.824, 8679
0.826, 8678
0.828, 8677
0.829, 8676
0.833, 8675
0.834, 8674
0.838, 8673
0.839, 8672
0.849, 8671
0.852, 8670
0.857, 8669
0.858, 8668
0.863, 8667
0.865, 8666
0.866, 8665
0.868, 8664
0.868, 8663
0.870, 8662
0.874, 8661
0.875, 8660
0.877, 8659
0.879, 8658
0.880, 8657
0.881, 8656
0.883, 8655
0.884, 8654
0.886, 8653
0.889, 8652
0.890, 8651
0.893, 8650
0.895, 8649
0.895, 8648
0.897, 8647
0.898, 8646
0.899, 8645
0.904, 8644
0.906, 8643
0.909, 8642
0.910, 8641
0.911, 8640
0.913, 8639
0.916, 8638
0.917, 8637
0.918, 8636
0.919, 8635
0.920, 8634
0.922, 8633
0.923, 8632
0.923, 8631
0.925, 8630
0.926, 8629
0.928, 8628
0.930, 8627
0.931, 8626
0.933, 8625
0.936, 8624
0.937, 8623
0.940, 8622
0.941, 8621
0.942, 8620
0.946, 8619
0.949, 8618
0.950, 8617
0.952, 8616
0.955, 8615
0.956, 8614
0.957, 8613
0.959, 8612
0.960, 8611
0.961, 8610
0.961, 8609
0.962, 8608
0.965, 8607
0.969, 8606
0.974, 8605
0.975, 8604
0.976, 8603
0.978, 8602
0.979, 8601
0.981, 8600
0.982, 8599
0.983, 8598
0.985, 8597
0.988, 8596
0.992, 8595
0.995, 8594
0.997, 8593
1.000, 8592
1.003, 8591
1.005, 8590
1.006, 8589
1.009, 8588
1.010, 8587
1.012, 8586
1.012, 8585
1.014, 8584
1.015, 8583
1.017, 8582
1.017, 8581
1.020, 8580
1.021, 8579
1.022, 8578
1.028, 8577
1.029, 8576
1.034, 8575
1.035, 8574
1.036, 8573
1.039, 8572
1.040, 8571
1.041, 8570
1.042, 8569
1.044, 8568
1.046, 8567
1.048, 8566
1.048, 8565
1.049, 8564
1.051, 8563
1.052, 8562
1.053, 8561
1.053, 8560
1.054, 8559
1.057, 8558
1.058, 8557
1.062, 8556
1.064, 8555
1.067, 8554
1.070, 8553
1.072, 8552
1.075, 8551
1.079, 8550
1.080, 8549
1.082, 8548
1.083, 8547
1.084, 8546
1.086, 8545
1.086, 8544
1.091, 8543
1.096, 8542
1.100, 8541
1.101, 8540
1.101, 8539
1.105, 8538
1.108, 8537
1.110, 8536
1.112, 8535
1.113, 8534
1.114, 8533
1.116, 8532
1.116, 8531
1.118, 8530
1.121, 8529
1.125, 8528
1.126, 8527
1.127, 8526
1.129, 8525
1.137, 8524
1.141, 8523
1.146, 8522
1.149, 8521
1.151, 8520
1.152, 8519
1.157, 8518
1.159, 8517
1.163, 8516
1.164, 8515
1.168, 8514
1.170, 8513
1.173, 8512
1.174, 8511
1.174, 8510
1.175, 8509
1.183, 8508
1.188, 8507
1.192, 8506
1.193, 8505
1.194, 8504
1.194, 8503
1.197, 8502
1.199, 8501
1.202, 8500
1.204, 8499
1.209, 8498
1.209, 8497
1.212, 8496
1.216, 8495
1.217, 8494
1.218, 8493
1.222, 8492
1.223, 8491
1.226, 8490
1.229, 8489
1.230, 8488
1.232, 8487
1.236, 8486
1.238, 8485
1.239, 8484
1.240, 8483
1.242, 8482
1.246, 8481
1.246, 8480
1.247, 8479
1.248, 8478
1.250, 8477
1.252, 8476
1.253, 8475
1.257, 8474
1.258, 8473
1.262, 8472
1.267, 8471
1.268, 8470
1.269, 8469
1.270, 8468
1.271, 8467
1.277, 8466
1.284, 8465
1.285, 8464
1.286, 8463
1.287, 8462
1.287, 8461
1.289, 8460
1.293, 8459
1.298, 8458
1.300, 8457
1.304, 8456
1.309, 8455
1.310, 8454
1.311, 8453
1.313, 8452
1.316, 8451
1.316, 8450
1.320, 8449
1.321, 8448
1.324, 8447
1.325, 8446
1.327, 8445
1.329, 8444
1.330, 8443
1.332, 8442
1.333, 8441
1.334, 8440
1.335, 8439
1.336, 8438
1.339, 8437
1.339, 8436
1.342, 8435
1.343, 8434
1.345, 8433
1.351, 8432
1.354, 8431
1.356, 8430
1.359, 8429
1.361, 8428
1.364, 8427
1.366, 8426
1.367, 8425
1.376, 8424
1.376, 8423
1.379, 8422
1.382, 8421
1.384, 8420
1.385, 8419
1.389, 8418
1.393, 8417
1.395, 8416
1.401, 8415
1.402, 8414
1.406, 8413
1.411, 8412
1.412, 8411
1.415, 8410
1.415, 8409
1.416, 8408
1.421, 8407
1.429, 8406
1.432, 8405
1.432, 8404
1.436, 8403
1.436, 8402
1.439, 8401
1.440, 8400
1.442, 8399
1.443, 8398
1.445, 8397
1.446, 8396
1.448, 8395
1.449, 8394
1.452, 8393
1.457, 8392
1.458, 8391
1.459, 8390
1.463, 8389
1.464, 8388
1.464, 8387
1.465, 8386
1.466, 8385
1.468, 8384
1.469, 8383
1.474, 8382
1.475, 8381
1.477, 8380
1.478, 8379
1.482, 8378
1.483, 8377
1.484, 8376
1.488, 8375
1.490, 8374
1.491, 8373
1.492, 8372
1.492, 8371
1.495, 8370
1.495, 8369
1.496, 8368
1.497, 8367
1.502, 8366
1.503, 8365
1.504, 8364
1.505, 8363
1.506, 8362
1.507, 8361
1.508, 8360
1.512, 8359
1.514, 8358
1.516, 8357
1.519, 8356
1.521, 8355
1.523, 8354
1.531, 8353
1.534, 8352
1.535, 8351
1.535, 8350
1.537, 8349
1.539, 8348
1.548, 8347
1.550, 8346
1.555, 8345
1.557, 8344
1.567, 8343
1.569, 8342
1.575, 8341
1.576, 8340
1.582, 8339
1.586, 8338
1.587, 8337
1.590, 8336
1.591, 8335
1.601, 8334
1.602, 8333
1.605, 8332
1.607, 8331
1.611, 8330
1.613, 8329
1.616, 8328
1.621, 8327
1.621, 8326
1.625, 8325
1.630, 8324
1.631, 8323
1.633, 8322
1.637, 8321
1.639, 8320
1.641, 8319
1.643, 8318
1.645, 8317
1.651, 8316
1.652, 8315
1.655, 8314
1.666, 8313
1.668, 8312
1.674, 8311
1.676, 8310
1.679, 8309
1.682, 8308
1.688, 8307
1.689, 8306
1.690, 8305
1.693, 8304
1.694, 8303
1.695, 8302
1.697, 8301
1.698, 8300
1.701, 8299
1.702, 8298
1.708, 8297
1.711, 8296
1.712, 8295
1.713, 8294
1.715, 8293
1.717, 8292
1.718, 8291
1.721, 8290
1.722, 8289
1.725, 8288
1.727, 8287
1.730, 8286
1.732, 8285
1.733, 8284
1.735, 8283
1.740, 8282
1.745, 8281
1.750, 8280
1.753, 8279
1.756, 8278
1.757, 8277
1.761, 8276
1.762, 8275
1.764, 8274
1.767, 8273
1.771, 8272
1.774, 8271
1.774, 8270
1.775, 8269
1.782, 8268
1.783, 8267
1.786, 8266
1.789, 8265
1.796, 8264
1.798, 8263
1.799, 8262
1.800, 8261
1.803, 8260
1.804, 8259
1.804, 8258
1.828, 8257
1.829, 8256
1.838, 8255
1.839, 8254
1.842, 8253
1.843, 8252
1.846, 8251
1.847, 8250
1.849, 8249
1.850, 8248
1.860, 8247
1.862, 8246
1.866, 8245
1.866, 8244
1.868, 8243
1.868, 8242
1.871, 8241
1.875, 8240
1.879, 8239
1.881, 8238
1.882, 8237
1.886, 8236
1.891, 8235
1.895, 8234
1.898, 8233
1.899, 8232
1.903, 8231
1.912, 8230
1.916, 8229
1.920, 8228
1.922, 8227
1.923, 8226
1.925, 8225
1.928, 8224
1.933, 8223
1.940, 8222
1.943, 8221
1.953, 8220
1.954, 8219
1.957, 8218
1.959, 8217
1.962, 8216
1.963, 8215
1.965, 8214
1.966, 8213
1.967, 8212
1.969, 8211
1.971, 8210
1.978, 8209
1.982, 8208
1.983, 8207
1.985, 8206
1.988, 8205
1.991, 8204
1.993, 8203
1.997, 8202
2.000, 8201
2.009, 8200
2.009, 8199
2.021, 8198
2.028, 8197
2.029, 8196
2.031, 8195
2.032, 8194
2.033, 8193
2.036, 8192
2.037, 8191
2.038, 8190
2.041, 8189
2.056, 8188
2.061, 8187
2.061, 8186
2.063, 8185
2.067, 8184
2.070, 8183
2.073, 8182
2.074, 8181
2.077, 8180
2.078, 8179
2.085, 8178
2.088, 8177
2.090, 8176
2.094, 8175
2.100, 8174
2.105, 8173
2.108, 8172
2.115, 8171
2.119, 8170
2.125, 8169
2.126, 8168
2.136, 8167
2.140, 8166
2.143, 8165
2.146, 8164
2.146, 8163
2.153, 8162
2.156, 8161
2.157, 8160
2.163, 8159
2.169, 8158
2.171, 8157
2.179, 8156
2.184, 8155
2.188, 8154
2.192, 8153
2.192, 8152
2.193, 8151
2.196, 8150
2.206, 8149
2.208, 8148
2.210, 8147
2.216, 8146
2.223, 8145
2.234, 8144
2.236, 8143
2.239, 8142
2.246, 8141
2.246, 8140
2.250, 8139
2.251, 8138
2.267, 8137
2.277, 8136
2.280, 8135
2.281, 8134
2.289, 8133
2.289, 8132
2.294, 8131
2.301, 8130
2.304, 8129
2.309, 8128
2.310, 8127
2.310, 8126
2.315, 8125
2.322, 8124
2.326, 8123
2.329, 8122
2.332, 8121
2.335, 8120
2.336, 8119
2.338, 8118
2.354, 8117
2.363, 8116
2.365, 8115
2.369, 8114
2.371, 8113
2.381, 8112
2.392, 8111
2.396, 8110
2.397, 8109
2.400, 8108
2.402, 8107
2.407, 8106
2.408, 8105
2.411, 8104
2.417, 8103
2.421, 8102
2.423, 8101
2.428, 8100
2.436, 8099
2.438, 8098
2.446, 8097
2.452, 8096
2.453, 8095
2.455, 8094
2.457, 8093
2.459, 8092
2.462, 8091
2.467, 8090
2.469, 8089
2.471, 8088
2.480, 8087
2.482, 8086
2.488, 8085
2.490, 8084
2.491, 8083
2.491, 8082
2.492, 8081
2.493, 8080
2.497, 8079
2.502, 8078
2.504, 8077
2.506, 8076
2.511, 8075
2.514, 8074
2.515, 8073
2.521, 8072
2.535, 8071
2.538, 8070
2.540, 8069
2.546, 8068
2.548, 8067
2.549, 8066
2.550, 8065
2.560, 8064
2.568, 8063
2.570, 8062
2.573, 8061
2.575, 8060
2.587, 8059
2.595, 8058
2.598, 8057
2.599, 8056
2.601, 8055
2.610, 8054
2.617, 8053
2.620, 8052
2.626, 8051
2.632, 8050
2.639, 8049
2.642, 8048
2.645, 8047
2.648, 8046
2.667, 8045
2.670, 8044
2.671, 8043
2.674, 8042
2.677, 8041
2.678, 8040
2.683, 8039
2.684, 8038
2.692, 8037
2.716, 8036
2.717, 8035
2.722, 8034
2.733, 8033
2.734, 8032
2.736, 8031
2.750, 8030
2.752, 8029
2.759, 8028
2.764, 8027
2.766, 8026
2.769, 8025
2.777, 8024
2.785, 8023
2.786, 8022
2.793, 8021
2.794, 8020
2.797, 8019
2.810, 8018
2.816, 8017
2.818, 8016
2.820, 8015
2.822, 8014
2.823, 8013
2.831, 8012
2.834, 8011
2.837, 8010
2.841, 8009
2.849, 8008
2.852, 8007
2.859, 8006
2.861, 8005
2.862, 8004
2.882, 8003
2.886, 8002
2.888, 8001
2.894, 8000
2.897, 7999
2.898, 7998
2.902, 7997
2.904, 7996
2.910, 7995
2.922, 7994
2.932, 7993
2.934, 7992
2.944, 7991
2.947, 7990
2.948, 7989
2.998, 7988
3.003, 7987
3.016, 7986
3.017, 7985
3.023, 7984
3.034, 7983
3.036, 7982
3.037, 7981
3.063, 7980
3.074, 7979
3.076, 7978
3.077, 7977
3.080, 7976
3.086, 7975
3.089, 7974
3.102, 7973
3.108, 7972
3.113, 7971
3.115, 7970
3.118, 7969
3.128, 7968
3.133, 7967
3.137, 7966
3.148, 7965
3.152, 7964
3.153, 7963
3.163, 7962
3.165, 7961
3.176, 7960
3.177, 7959
3.187, 7958
3.193, 7957
3.201, 7956
3.202, 7955
3.209, 7954
3.209, 7953
3.211, 7952
3.212, 7951
3.216, 7950
3.219, 7949
3.233, 7948
3.234, 7947
3.253, 7946
3.257, 7945
3.258, 7944
3.269, 7943
3.279, 7942
3.281, 7941
3.285, 7940
3.285, 7939
3.286, 7938
3.287, 7937
3.288, 7936
3.290, 7935
3.301, 7934
3.302, 7933
3.304, 7932
3.306, 7931
3.313, 7930
3.329, 7929
3.334, 7928
3.340, 7927
3.347, 7926
3.350, 7925
3.370, 7924
3.399, 7923
3.404, 7922
3.410, 7921
3.424, 7920
3.428, 7919
3.431, 7918
3.440, 7917
3.460, 7916
3.462, 7915
3.463, 7914
3.472, 7913
3.483, 7912
3.490, 7911
3.494, 7910
3.508, 7909
3.516, 7908
3.517, 7907
3.521, 7906
3.525, 7905
3.530, 7904
3.535, 7903
3.536, 7902
3.537, 7901
3.544, 7900
3.545, 7899
3.546, 7898
3.560, 7897
3.561, 7896
3.566, 7895
3.578, 7894
3.588, 7893
3.592, 7892
3.596, 7891
3.605, 7890
3.605, 7889
3.628, 7888
3.634, 7887
3.653, 7886
3.657, 7885
3.671, 7884
3.677, 7883
3.685, 7882
3.698, 7881
3.709, 7880
3.714, 7879
3.718, 7878
3.723, 7877
3.726, 7876
3.732, 7875
3.735, 7874
3.744, 7873
3.745, 7872
3.747, 7871
3.761, 7870
3.763, 7869
3.774, 7868
3.781, 7867
3.791, 7866
3.813, 7865
3.824, 7864
3.835, 7863
3.842, 7862
3.884, 7861
3.913, 7860
3.922, 7859
3.925, 7858
3.934, 7857
3.935, 7856
3.938, 7855
3.962, 7854
3.964, 7853
3.985, 7852
3.991, 7851
3.994, 7850
3.999, 7849
4.006, 7848
4.012, 7847
4.021, 7846
4.026, 7845
4.030, 7844
4.036, 7843
4.048, 7842
4.053, 7841
4.071, 7840
4.076, 7839
4.078, 7838
4.094, 7837
4.103, 7836
4.139, 7835
4.144, 7834
4.151, 7833
4.153, 7832
4.163, 7831
4.193, 7830
4.195, 7829
4.204, 7828
4.211, 7827
4.212, 7826
4.216, 7825
4.221, 7824
4.264, 7823
4.299, 7822
4.306, 7821
4.349, 7820
4.353, 7819
4.355, 7818
4.356, 7817
4.376, 7816
4.380, 7815
4.382, 7814
4.387, 7813
4.388, 7812
4.398, 7811
4.416, 7810
4.439, 7809
4.440, 7808
4.449, 7807
4.454, 7806
4.471, 7805
4.474, 7804
4.479, 7803
4.487, 7802
4.498, 7801
4.524, 7800
4.529, 7799
4.531, 7798
4.539, 7797
4.541, 7796
4.542, 7795
4.543, 7794
4.558, 7793
4.560, 7792
4.568, 7791
4.582, 7790
4.587, 7789
4.592, 7788
4.599, 7787
4.601, 7786
4.611, 7785
4.615, 7784
4.627, 7783
4.634, 7782
4.642, 7781
4.661, 7780
4.666, 7779
4.682, 7778
4.685, 7777
4.686, 7776
4.696, 7775
4.706, 7774
4.735, 7773
4.736, 7772
4.765, 7771
4.789, 7770
4.790, 7769
4.795, 7768
4.813, 7767
4.841, 7766
4.854, 7765
4.855, 7764
4.868, 7763
4.891, 7762
4.895, 7761
4.928, 7760
4.944, 7759
4.958, 7758
4.959, 7757
4.990, 7756
5.000, 7755
5.013, 7754
5.030, 7753
5.044, 7752
5.090, 7751
5.097, 7750
5.098, 7749
5.100, 7748
5.115, 7747
5.128, 7746
5.131, 7745
5.146, 7744
5.149, 7743
5.156, 7742
5.172, 7741
5.190, 7740
5.219, 7739
5.220, 7738
5.228, 7737
5.244, 7736
5.249, 7735
5.277, 7734
5.305, 7733
5.317, 7732
5.319, 7731
5.339, 7730
5.340, 7729
5.349, 7728
5.353, 7727
5.391, 7726
5.408, 7725
5.422, 7724
5.424, 7723
5.442, 7722
5.448, 7721
5.474, 7720
5.523, 7719
5.525, 7718
5.529, 7717
5.577, 7716
5.647, 7715
5.647, 7714
5.658, 7713
5.697, 7712
5.722, 7711
5.731, 7710
5.756, 7709
5.797, 7708
5.807, 7707
5.833, 7706
5.836, 7705
5.877, 7704
5.908, 7703
5.912, 7702
5.915, 7701
5.934, 7700
5.991, 7699
5.993, 7698
5.998, 7697
6.022, 7696
6.041, 7695
6.044, 7694
6.044, 7693
6.052, 7692
6.075, 7691
6.111, 7690
6.122, 7689
6.130, 7688
6.184, 7687
6.200, 7686
6.260, 7685
6.278, 7684
6.302, 7683
6.306, 7682
6.330, 7681
6.350, 7680
6.368, 7679
6.414, 7678
6.440, 7677
6.484, 7676
6.490, 7675
6.522, 7674
6.558, 7673
6.593, 7672
6.634, 7671
6.668, 7670
6.711, 7669
6.738, 7668
6.813, 7667
6.850, 7666
6.851, 7665
6.918, 7664
6.948, 7663
6.948, 7662
7.055, 7661
7.081, 7660
7.093, 7659
7.107, 7658
7.142, 7657
7.178, 7656
7.200, 7655
7.298, 7654
7.341, 7653
7.484, 7652
7.499, 7651
7.590, 7650
7.654, 7649
7.664, 7648
8.261, 7647
8.274, 7646
8.370, 7645
8.392, 7644
8.414, 7643
8.614, 7642
8.630, 7641
8.664, 7640
8.671, 7639
8.934, 7638
9.072, 7637
9.106, 7636
9.253, 7635
9.330, 7634
9.405, 7633
9.425, 7632
9.494, 7631
9.616, 7630
9.693, 7629
10.527, 7628
10.618, 7627
10.839, 7626
10.878, 7625
10.901, 7624
13.118, 7623
13.221, 7622
13.283, 7621
13.775, 7620
14.235, 7619
16.326, 7618
17.980, 7617
