0.000, 5325
1.513, 5324
1.515, 5323
1.528, 5322
1.540, 5321
1.549, 5320
1.554, 5319
1.586, 5318
1.601, 5317
1.605, 5316
1.609, 5315
1.611, 5314
1.655, 5313
1.679, 5312
1.705, 5311
1.714, 5310
1.718, 5309
1.720, 5308
1.739, 5307
1.749, 5306
1.757, 5305
1.778, 5304
1.789, 5303
1.818, 5302
1.840, 5301
1.849, 5300
1.851, 5299
1.909, 5298
1.912, 5297
1.916, 5296
1.923, 5295
1.929, 5294
1.930, 5293
1.936, 5292
1.942, 5291
1.962, 5290
1.968, 5289
1.986, 5288
2.007, 5287
2.011, 5286
2.029, 5285
2.038, 5284
2.063, 5283
2.092, 5282
2.110, 5281
2.152, 5280
2.175, 5279
2.191, 5278
2.192, 5277
2.198, 5276
2.207, 5275
2.211, 5274
2.215, 5273
2.218, 5272
2.219, 5271
2.225, 5270
2.255, 5269
2.263, 5268
2.265, 5267
2.281, 5266
2.356, 5265
2.365, 5264
2.399, 5263
2.409, 5262
2.412, 5261
2.455, 5260
2.462, 5259
2.471, 5258
2.543, 5257
2.554, 5256
2.576, 5255
2.580, 5254
2.585, 5253
2.617, 5252
2.624, 5251
2.626, 5250
2.629, 5249
2.644, 5248
2.685, 5247
2.691, 5246
2.728, 5245
2.804, 5244
2.832, 5243
2.833, 5242
2.878, 5241
2.891, 5240
2.895, 5239
2.938, 5238
2.953, 5237
2.958, 5236
2.962, 5235
3.010, 5234
3.012, 5233
3.048, 5232
3.057, 5231
3.072, 5230
3.101, 5229
3.116, 5228
3.125, 5227
3.149, 5226
3.159, 5225
3.188, 5224
3.201, 5223
3.217, 5222
3.246, 5221
3.247, 5220
3.314, 5219
3.318, 5218
3.320, 5217
3.325, 5216
3.345, 5215
3.348, 5214
3.370, 5213
3.381, 5212
3.408, 5211
3.421, 5210
3.424, 5209
3.461, 5208
3.468, 5207
3.483, 5206
3.485, 5205
3.519, 5204
3.521, 5203
3.559, 5202
3.568, 5201
3.603, 5200
3.647, 5199
3.659, 5198
3.682, 5197
3.689, 5196
3.730, 5195
3.739, 5194
3.811, 5193
3.827, 5192
3.837, 5191
3.859, 5190
3.880, 5189
3.890, 5188
3.908, 5187
3.946, 5186
3.981, 5185
3.987, 5184
4.062, 5183
4.111, 5182
4.168, 5181
4.170, 5180
4.184, 5179
4.194, 5178
4.203, 5177
4.233, 5176
4.243, 5175
4.248, 5174
4.258, 5173
4.263, 5172
4.295, 5171
4.374, 5170
4.384, 5169
4.414, 5168
4.444, 5167
4.468, 5166
4.477, 5165
4.490, 5164
4.547, 5163
4.590, 5162
4.603, 5161
4.646, 5160
4.682, 5159
4.691, 5158
4.692, 5157
4.715, 5156
4.736, 5155
4.738, 5154
4.758, 5153
4.791, 5152
4.800, 5151
4.805, 5150
4.828, 5149
4.912, 5148
4.929, 5147
4.939, 5146
5.042, 5145
5.044, 5144
5.046, 5143
5.058, 5142
5.068, 5141
5.117, 5140
5.139, 5139
5.153, 5138
5.156, 5137
5.169, 5136
5.198, 5135
5.257, 5134
5.284, 5133
5.319, 5132
5.332, 5131
5.342, 5130
5.343, 5129
5.358, 5128
5.364, 5127
5.368, 5126
5.382, 5125
5.477, 5124
5.483, 5123
5.486, 5122
5.499, 5121
5.536, 5120
5.546, 5119
5.549, 5118
5.559, 5117
5.560, 5116
5.578, 5115
5.591, 5114
5.656, 5113
5.670, 5112
5.735, 5111
5.747, 5110
5.750, 5109
5.770, 5108
5.773, 5107
5.787, 5106
5.802, 5105
5.832, 5104
5.851, 5103
5.865, 5102
5.906, 5101
5.930, 5100
5.980, 5099
5.983, 5098
5.987, 5097
6.001, 5096
6.007, 5095
6.010, 5094
6.012, 5093
6.027, 5092
6.067, 5091
6.068, 5090
6.169, 5089
6.195, 5088
6.227, 5087
6.248, 5086
6.268, 5085
6.276, 5084
6.284, 5083
6.311, 5082
6.327, 5081
6.336, 5080
6.360, 5079
6.387, 5078
6.419, 5077
6.460, 5076
6.504, 5075
6.575, 5074
6.737, 5073
6.747, 5072
6.771, 5071
6.783, 5070
6.855, 5069
6.870, 5068
6.894, 5067
6.931, 5066
6.969, 5065
7.038, 5064
7.040, 5063
7.099, 5062
7.142, 5061
7.203, 5060
7.228, 5059
7.240, 5058
7.269, 5057
7.286, 5056
7.290, 5055
7.295, 5054
7.301, 5053
7.323, 5052
7.360, 5051
7.371, 5050
7.379, 5049
7.399, 5048
7.437, 5047
7.453, 5046
7.458, 5045
7.584, 5044
7.671, 5043
7.691, 5042
7.696, 5041
7.735, 5040
7.792, 5039
7.844, 5038
7.854, 5037
7.875, 5036
7.915, 5035
7.917, 5034
7.959, 5033
8.016, 5032
8.036, 5031
8.053, 5030
8.080, 5029
8.085, 5028
8.092, 5027
8.096, 5026
8.106, 5025
8.150, 5024
8.203, 5023
8.216, 5022
8.219, 5021
8.226, 5020
8.316, 5019
8.350, 5018
8.399, 5017
8.446, 5016
8.454, 5015
8.621, 5014
8.639, 5013
8.647, 5012
8.658, 5011
8.678, 5010
8.732, 5009
8.817, 5008
8.846, 5007
8.870, 5006
8.968, 5005
8.980, 5004
9.015, 5003
9.022, 5002
9.037, 5001
9.087, 5000
9.117, 4999
9.175, 4998
9.177, 4997
9.278, 4996
9.289, 4995
9.315, 4994
9.319, 4993
9.362, 4992
9.390, 4991
9.396, 4990
9.417, 4989
9.458, 4988
9.597, 4987
9.624, 4986
9.684, 4985
9.806, 4984
9.814, 4983
9.848, 4982
9.858, 4981
9.919, 4980
9.931, 4979
9.938, 4978
9.954, 4977
9.963, 4976
10.030, 4975
10.076, 4974
10.099, 4973
10.134, 4972
10.163, 4971
10.170, 4970
10.176, 4969
10.187, 4968
10.216, 4967
10.219, 4966
10.284, 4965
10.316, 4964
10.339, 4963
10.399, 4962
10.407, 4961
10.427, 4960
10.554, 4959
10.565, 4958
10.585, 4957
10.640, 4956
10.652, 4955
10.721, 4954
10.752, 4953
10.803, 4952
10.807, 4951
10.917, 4950
11.006, 4949
11.084, 4948
11.112, 4947
11.163, 4946
11.218, 4945
11.225, 4944
11.370, 4943
11.676, 4942
11.680, 4941
11.741, 4940
11.856, 4939
11.883, 4938
11.923, 4937
12.158, 4936
12.408, 4935
12.442, 4934
12.550, 4933
12.572, 4932
12.769, 4931
12.808, 4930
12.816, 4929
13.087, 4928
13.101, 4927
13.148, 4926
13.212, 4925
13.213, 4924
13.984, 4923
14.168, 4922
14.236, 4921
14.398, 4920
14.404, 4919
14.588, 4918
14.781, 4917
14.871, 4916
14.992, 4915
15.000, 4914
15.056, 4913
15.217, 4912
15.423, 4911
15.680, 4910
15.957, 4909
16.337, 4908
16.650, 4907
16.980, 4906
17.076, 4905
17.228, 4904
17.426, 4903
17.447, 4902
17.464, 4901
17.934, 4900
18.243, 4899
18.338, 4898
18.369, 4897
18.674, 4896
19.026, 4895
19.104, 4894
19.143, 4893
19.201, 4892
19.230, 4891
19.356, 4890
19.739, 4889
19.917, 4888
20.039, 4887
20.057, 4886
20.162, 4885
20.447, 4884
20.771, 4883
21.805, 4882
21.859, 4881
21.942, 4880
22.419, 4879
22.470, 4878
22.850, 4877
22.950, 4876
23.364, 4875
24.004, 4874
24.459, 4873
24.807, 4872
26.713, 4871
27.536, 4870
29.028, 4869
