0.000, 9234
0.001, 9233
0.002, 9232
0.002, 9231
0.003, 9230
0.004, 9229
0.004, 9228
0.005, 9227
0.006, 9226
0.007, 9225
0.008, 9224
0.009, 9223
0.009, 9222
0.010, 9221
0.012, 9220
0.013, 9219
0.014, 9218
0.015, 9217
0.015, 9216
0.019, 9215
0.019, 9214
0.020, 9213
0.022, 9212
0.023, 9211
0.025, 9210
0.026, 9209
0.026, 9208
0.027, 9207
0.029, 9206
0.031, 9205
0.031, 9204
0.032, 9203
0.033, 9202
0.034, 9201
0.035, 9200
0.036, 9199
0.036, 9198
0.037, 9197
0.038, 9196
0.038, 9195
0.041, 9194
0.042, 9193
0.043, 9192
0.043, 9191
0.044, 9190
0.046, 9189
0.046, 9188
0.047, 9187
0.049, 9186
0.051, 9185
0.052, 9184
0.053, 9183
0.053, 9182
0.056, 9181
0.057, 9180
0.058, 9179
0.058, 9178
0.060, 9177
0.061, 9176
0.062, 9175
0.063, 9174
0.064, 9173
0.064, 9172
0.065, 9171
0.066, 9170
0.066, 9169
0.067, 9168
0.067, 9167
0.070, 9166
0.070, 9165
0.071, 9164
0.072, 9163
0.072, 9162
0.073, 9161
0.077, 9160
0.077, 9159
0.078, 9158
0.079, 9157
0.079, 9156
0.080, 9155
0.081, 9154
0.081, 9153
0.082, 9152
0.082, 9151
0.083, 9150
0.087, 9149
0.088, 9148
0.090, 9147
0.091, 9146
0.092, 9145
0.092, 9144
0.093, 9143
0.094, 9142
0.094, 9141
0.095, 9140
0.095, 9139
0.096, 9138
0.097, 9137
0.100, 9136
0.100, 9135
0.101, 9134
0.102, 9133
0.104, 9132
0.105, 9131
0.106, 9130
0.107, 9129
0.108, 9128
0.108, 9127
0.109, 9126
0.110, 9125
0.111, 9124
0.112, 9123
0.112, 9122
0.113, 9121
0.116, 9120
0.118, 9119
0.119, 9118
0.120, 9117
0.120, 9116
0.121, 9115
0.122, 9114
0.123, 9113
0.123, 9112
0.125, 9111
0.126, 9110
0.127, 9109
0.128, 9108
0.128, 9107
0.129, 9106
0.130, 9105
0.130, 9104
0.131, 9103
0.132, 9102
0.133, 9101
0.133, 9100
0.134, 9099
0.134, 9098
0.137, 9097
0.138, 9096
0.139, 9095
0.140, 9094
0.140, 9093
0.141, 9092
0.141, 9091
0.142, 9090
0.143, 9089
0.144, 9088
0.145, 9087
0.146, 9086
0.146, 9085
0.147, 9084
0.149, 9083
0.149, 9082
0.150, 9081
0.151, 9080
0.152, 9079
0.153, 9078
0.154, 9077
0.154, 9076
0.157, 9075
0.158, 9074
0.159, 9073
0.160, 9072
0.161, 9071
0.162, 9070
0.162, 9069
0.163, 9068
0.164, 9067
0.164, 9066
0.166, 9065
0.166, 9064
0.168, 9063
0.170, 9062
0.171, 9061
0.172, 9060
0.172, 9059
0.173, 9058
0.174, 9057
0.175, 9056
0.176, 9055
0.176, 9054
0.177, 9053
0.178, 9052
0.178, 9051
0.179, 9050
0.180, 9049
0.180, 9048
0.181, 9047
0.182, 9046
0.184, 9045
0.184, 9044
0.185, 9043
0.185, 9042
0.186, 9041
0.186, 9040
0.187, 9039
0.188, 9038
0.188, 9037
0.189, 9036
0.191, 9035
0.191, 9034
0.192, 9033
0.193, 9032
0.195, 9031
0.196, 9030
0.196, 9029
0.197, 9028
0.198, 9027
0.198, 9026
0.199, 9025
0.200, 9024
0.201, 9023
0.202, 9022
0.204, 9021
0.204, 9020
0.206, 9019
0.207, 9018
0.209, 9017
0.210, 9016
0.212, 9015
0.213, 9014
0.214, 9013
0.214, 9012
0.215, 9011
0.216, 9010
0.217, 9009
0.218, 9008
0.219, 9007
0.220, 9006
0.221, 9005
0.223, 9004
0.224, 9003
0.226, 9002
0.227, 9001
0.227, 9000
0.228, 8999
0.229, 8998
0.230, 8997
0.233, 8996
0.233, 8995
0.235, 8994
0.236, 8993
0.238, 8992
0.239, 8991
0.240, 8990
0.240, 8989
0.242, 8988
0.243, 8987
0.244, 8986
0.244, 8985
0.245, 8984
0.246, 8983
0.247, 8982
0.248, 8981
0.249, 8980
0.250, 8979
0.251, 8978
0.252, 8977
0.254, 8976
0.254, 8975
0.255, 8974
0.255, 8973
0.256, 8972
0.257, 8971
0.258, 8970
0.260, 8969
0.261, 8968
0.263, 8967
0.264, 8966
0.265, 8965
0.267, 8964
0.268, 8963
0.269, 8962
0.271, 8961
0.272, 8960
0.273, 8959
0.274, 8958
0.275, 8957
0.276, 8956
0.276, 8955
0.278, 8954
0.279, 8953
0.279, 8952
0.282, 8951
0.285, 8950
0.286, 8949
0.287, 8948
0.287, 8947
0.289, 8946
0.293, 8945
0.294, 8944
0.295, 8943
0.296, 8942
0.296, 8941
0.297, 8940
0.298, 8939
0.299, 8938
0.300, 8937
0.300, 8936
0.301, 8935
0.302, 8934
0.303, 8933
0.304, 8932
0.305, 8931
0.306, 8930
0.306, 8929
0.307, 8928
0.308, 8927
0.309, 8926
0.310, 8925
0.310, 8924
0.311, 8923
0.313, 8922
0.314, 8921
0.317, 8920
0.318, 8919
0.318, 8918
0.319, 8917
0.320, 8916
0.321, 8915
0.321, 8914
0.322, 8913
0.322, 8912
0.325, 8911
0.326, 8910
0.326, 8909
0.327, 8908
0.328, 8907
0.329, 8906
0.330, 8905
0.332, 8904
0.334, 8903
0.334, 8902
0.335, 8901
0.335, 8900
0.338, 8899
0.339, 8898
0.339, 8897
0.340, 8896
0.341, 8895
0.342, 8894
0.342, 8893
0.344, 8892
0.345, 8891
0.346, 8890
0.347, 8889
0.349, 8888
0.350, 8887
0.351, 8886
0.352, 8885
0.353, 8884
0.354, 8883
0.354, 8882
0.356, 8881
0.357, 8880
0.359, 8879
0.360, 8878
0.363, 8877
0.363, 8876
0.364, 8875
0.365, 8874
0.368, 8873
0.369, 8872
0.371, 8871
0.371, 8870
0.372, 8869
0.373, 8868
0.373, 8867
0.374, 8866
0.375, 8865
0.376, 8864
0.377, 8863
0.377, 8862
0.378, 8861
0.379, 8860
0.382, 8859
0.383, 8858
0.384, 8857
0.386, 8856
0.387, 8855
0.389, 8854
0.389, 8853
0.390, 8852
0.391, 8851
0.392, 8850
0.393, 8849
0.394, 8848
0.395, 8847
0.396, 8846
0.397, 8845
0.400, 8844
0.401, 8843
0.402, 8842
0.403, 8841
0.403, 8840
0.404, 8839
0.405, 8838
0.406, 8837
0.407, 8836
0.407, 8835
0.409, 8834
0.410, 8833
0.411, 8832
0.412, 8831
0.412, 8830
0.414, 8829
0.415, 8828
0.416, 8827
0.419, 8826
0.420, 8825
0.421, 8824
0.425, 8823
0.426, 8822
0.428, 8821
0.428, 8820
0.430, 8819
0.431, 8818
0.434, 8817
0.434, 8816
0.435, 8815
0.437, 8814
0.438, 8813
0.440, 8812
0.441, 8811
0.442, 8810
0.444, 8809
0.446, 8808
0.446, 8807
0.448, 8806
0.449, 8805
0.452, 8804
0.452, 8803
0.453, 8802
0.454, 8801
0.455, 8800
0.456, 8799
0.457, 8798
0.458, 8797
0.458, 8796
0.459, 8795
0.461, 8794
0.462, 8793
0.465, 8792
0.466, 8791
0.467, 8790
0.468, 8789
0.472, 8788
0.473, 8787
0.474, 8786
0.475, 8785
0.477, 8784
0.478, 8783
0.479, 8782
0.482, 8781
0.483, 8780
0.484, 8779
0.485, 8778
0.487, 8777
0.490, 8776
0.491, 8775
0.492, 8774
0.492, 8773
0.493, 8772
0.494, 8771
0.495, 8770
0.496, 8769
0.498, 8768
0.499, 8767
0.501, 8766
0.502, 8765
0.504, 8764
0.505, 8763
0.506, 8762
0.506, 8761
0.507, 8760
0.509, 8759
0.511, 8758
0.511, 8757
0.513, 8756
0.515, 8755
0.516, 8754
0.518, 8753
0.519, 8752
0.522, 8751
0.522, 8750
0.523, 8749
0.523, 8748
0.524, 8747
0.526, 8746
0.527, 8745
0.527, 8744
0.529, 8743
0.532, 8742
0.533, 8741
0.533, 8740
0.534, 8739
0.534, 8738
0.535, 8737
0.536, 8736
0.539, 8735
0.541, 8734
0.542, 8733
0.543, 8732
0.544, 8731
0.546, 8730
0.548, 8729
0.549, 8728
0.550, 8727
0.551, 8726
0.553, 8725
0.554, 8724
0.555, 8723
0.556, 8722
0.558, 8721
0.558, 8720
0.572, 8719
0.572, 8718
0.573, 8717
0.574, 8716
0.576, 8715
0.578, 8714
0.579, 8713
0.580, 8712
0.582, 8711
0.583, 8710
0.584, 8709
0.585, 8708
0.587, 8707
0.588, 8706
0.589, 8705
0.590, 8704
0.590, 8703
0.591, 8702
0.591, 8701
0.592, 8700
0.594, 8699
0.598, 8698
0.599, 8697
0.600, 8696
0.600, 8695
0.602, 8694
0.602, 8693
0.604, 8692
0.605, 8691
0.606, 8690
0.606, 8689
0.607, 8688
0.607, 8687
0.608, 8686
0.609, 8685
0.609, 8684
0.611, 8683
0.612, 8682
0.614, 8681
0.617, 8680
0.618, 8679
0.619, 8678
0.619, 8677
0.620, 8676
0.623, 8675
0.624, 8674
0.626, 8673
0.628, 8672
0.628, 8671
0.630, 8670
0.630, 8669
0.634, 8668
0.636, 8667
0.643, 8666
0.644, 8665
0.644, 8664
0.645, 8663
0.646, 8662
0.647, 8661
0.649, 8660
0.650, 8659
0.652, 8658
0.654, 8657
0.656, 8656
0.656, 8655
0.657, 8654
0.657, 8653
0.658, 8652
0.659, 8651
0.661, 8650
0.662, 8649
0.665, 8648
0.666, 8647
0.667, 8646
0.670, 8645
0.671, 8644
0.672, 8643
0.673, 8642
0.674, 8641
0.675, 8640
0.676, 8639
0.678, 8638
0.678, 8637
0.679, 8636
0.681, 8635
0.684, 8634
0.684, 8633
0.685, 8632
0.686, 8631
0.687, 8630
0.690, 8629
0.690, 8628
0.691, 8627
0.692, 8626
0.696, 8625
0.697, 8624
0.699, 8623
0.699, 8622
0.700, 8621
0.701, 8620
0.702, 8619
0.702, 8618
0.703, 8617
0.705, 8616
0.706, 8615
0.709, 8614
0.712, 8613
0.712, 8612
0.716, 8611
0.717, 8610
0.719, 8609
0.721, 8608
0.727, 8607
0.729, 8606
0.729, 8605
0.730, 8604
0.731, 8603
0.732, 8602
0.736, 8601
0.736, 8600
0.738, 8599
0.738, 8598
0.741, 8597
0.744, 8596
0.746, 8595
0.747, 8594
0.748, 8593
0.749, 8592
0.754, 8591
0.754, 8590
0.756, 8589
0.757, 8588
0.762, 8587
0.765, 8586
0.765, 8585
0.767, 8584
0.767, 8583
0.769, 8582
0.770, 8581
0.771, 8580
0.772, 8579
0.772, 8578
0.776, 8577
0.777, 8576
0.777, 8575
0.778, 8574
0.779, 8573
0.780, 8572
0.782, 8571
0.785, 8570
0.786, 8569
0.787, 8568
0.789, 8567
0.789, 8566
0.792, 8565
0.792, 8564
0.795, 8563
0.797, 8562
0.797, 8561
0.798, 8560
0.802, 8559
0.804, 8558
0.805, 8557
0.807, 8556
0.808, 8555
0.811, 8554
0.813, 8553
0.814, 8552
0.818, 8551
0.819, 8550
0.820, 8549
0.825, 8548
0.830, 8547
0.831, 8546
0.831, 8545
0.833, 8544
0.836, 8543
0.843, 8542
0.844, 8541
0.845, 8540
0.846, 8539
0.849, 8538
0.850, 8537
0.851, 8536
0.852, 8535
0.853, 8534
0.856, 8533
0.857, 8532
0.858, 8531
0.860, 8530
0.864, 8529
0.865, 8528
0.868, 8527
0.871, 8526
0.872, 8525
0.873, 8524
0.874, 8523
0.875, 8522
0.876, 8521
0.878, 8520
0.882, 8519
0.883, 8518
0.884, 8517
0.885, 8516
0.887, 8515
0.889, 8514
0.891, 8513
0.894, 8512
0.894, 8511
0.895, 8510
0.896, 8509
0.899, 8508
0.900, 8507
0.900, 8506
0.904, 8505
0.907, 8504
0.908, 8503
0.909, 8502
0.912, 8501
0.913, 8500
0.914, 8499
0.917, 8498
0.922, 8497
0.923, 8496
0.923, 8495
0.924, 8494
0.925, 8493
0.926, 8492
0.929, 8491
0.930, 8490
0.931, 8489
0.934, 8488
0.936, 8487
0.940, 8486
0.941, 8485
0.942, 8484
0.943, 8483
0.945, 8482
0.946, 8481
0.948, 8480
0.950, 8479
0.951, 8478
0.953, 8477
0.954, 8476
0.956, 8475
0.961, 8474
0.961, 8473
0.963, 8472
0.963, 8471
0.966, 8470
0.967, 8469
0.970, 8468
0.971, 8467
0.972, 8466
0.976, 8465
0.977, 8464
0.978, 8463
0.979, 8462
0.981, 8461
0.983, 8460
0.986, 8459
0.987, 8458
0.991, 8457
0.993, 8456
0.994, 8455
0.996, 8454
0.996, 8453
0.997, 8452
1.002, 8451
1.007, 8450
1.009, 8449
1.010, 8448
1.013, 8447
1.016, 8446
1.019, 8445
1.022, 8444
1.023, 8443
1.024, 8442
1.028, 8441
1.035, 8440
1.039, 8439
1.045, 8438
1.046, 8437
1.048, 8436
1.050, 8435
1.052, 8434
1.053, 8433
1.054, 8432
1.057, 8431
1.058, 8430
1.061, 8429
1.062, 8428
1.063, 8427
1.071, 8426
1.072, 8425
1.073, 8424
1.076, 8423
1.080, 8422
1.081, 8421
1.085, 8420
1.088, 8419
1.091, 8418
1.092, 8417
1.097, 8416
1.098, 8415
1.105, 8414
1.106, 8413
1.108, 8412
1.111, 8411
1.112, 8410
1.113, 8409
1.119, 8408
1.123, 8407
1.127, 8406
1.130, 8405
1.134, 8404
1.135, 8403
1.146, 8402
1.146, 8401
1.148, 8400
1.151, 8399
1.153, 8398
1.155, 8397
1.155, 8396
1.158, 8395
1.160, 8394
1.161, 8393
1.163, 8392
1.168, 8391
1.169, 8390
1.169, 8389
1.170, 8388
1.171, 8387
1.177, 8386
1.180, 8385
1.185, 8384
1.186, 8383
1.188, 8382
1.192, 8381
1.195, 8380
1.196, 8379
1.197, 8378
1.200, 8377
1.200, 8376
1.202, 8375
1.206, 8374
1.207, 8373
1.208, 8372
1.210, 8371
1.215, 8370
1.219, 8369
1.221, 8368
1.224, 8367
1.226, 8366
1.228, 8365
1.230, 8364
1.231, 8363
1.231, 8362
1.232, 8361
1.234, 8360
1.237, 8359
1.240, 8358
1.244, 8357
1.246, 8356
1.247, 8355
1.248, 8354
1.254, 8353
1.256, 8352
1.260, 8351
1.262, 8350
1.264, 8349
1.266, 8348
1.271, 8347
1.274, 8346
1.275, 8345
1.278, 8344
1.281, 8343
1.283, 8342
1.287, 8341
1.289, 8340
1.290, 8339
1.292, 8338
1.294, 8337
1.294, 8336
1.297, 8335
1.299, 8334
1.301, 8333
1.301, 8332
1.304, 8331
1.309, 8330
1.309, 8329
1.311, 8328
1.314, 8327
1.317, 8326
1.317, 8325
1.318, 8324
1.322, 8323
1.323, 8322
1.324, 8321
1.325, 8320
1.328, 8319
1.332, 8318
1.334, 8317
1.337, 8316
1.338, 8315
1.338, 8314
1.339, 8313
1.342, 8312
1.343, 8311
1.348, 8310
1.348, 8309
1.352, 8308
1.353, 8307
1.354, 8306
1.355, 8305
1.357, 8304
1.358, 8303
1.359, 8302
1.362, 8301
1.367, 8300
1.369, 8299
1.370, 8298
1.374, 8297
1.377, 8296
1.380, 8295
1.381, 8294
1.382, 8293
1.383, 8292
1.389, 8291
1.394, 8290
1.396, 8289
1.397, 8288
1.399, 8287
1.404, 8286
1.405, 8285
1.409, 8284
1.411, 8283
1.413, 8282
1.419, 8281
1.421, 8280
1.423, 8279
1.425, 8278
1.427, 8277
1.428, 8276
1.432, 8275
1.437, 8274
1.439, 8273
1.440, 8272
1.441, 8271
1.444, 8270
1.446, 8269
1.447, 8268
1.452, 8267
1.453, 8266
1.454, 8265
1.457, 8264
1.458, 8263
1.460, 8262
1.462, 8261
1.463, 8260
1.466, 8259
1.467, 8258
1.468, 8257
1.470, 8256
1.474, 8255
1.480, 8254
1.481, 8253
1.482, 8252
1.484, 8251
1.485, 8250
1.489, 8249
1.491, 8248
1.495, 8247
1.501, 8246
1.503, 8245
1.506, 8244
1.507, 8243
1.509, 8242
1.511, 8241
1.520, 8240
1.521, 8239
1.521, 8238
1.523, 8237
1.527, 8236
1.531, 8235
1.534, 8234
1.541, 8233
1.543, 8232
1.548, 8231
1.549, 8230
1.552, 8229
1.554, 8228
1.559, 8227
1.561, 8226
1.564, 8225
1.564, 8224
1.567, 8223
1.572, 8222
1.575, 8221
1.578, 8220
1.580, 8219
1.584, 8218
1.585, 8217
1.586, 8216
1.587, 8215
1.590, 8214
1.598, 8213
1.600, 8212
1.602, 8211
1.607, 8210
1.609, 8209
1.609, 8208
1.612, 8207
1.616, 8206
1.624, 8205
1.627, 8204
1.628, 8203
1.629, 8202
1.630, 8201
1.635, 8200
1.637, 8199
1.643, 8198
1.646, 8197
1.647, 8196
1.649, 8195
1.650, 8194
1.658, 8193
1.666, 8192
1.668, 8191
1.673, 8190
1.681, 8189
1.683, 8188
1.685, 8187
1.687, 8186
1.690, 8185
1.704, 8184
1.705, 8183
1.709, 8182
1.710, 8181
1.720, 8180
1.732, 8179
1.734, 8178
1.735, 8177
1.737, 8176
1.737, 8175
1.740, 8174
1.742, 8173
1.742, 8172
1.744, 8171
1.748, 8170
1.748, 8169
1.752, 8168
1.756, 8167
1.757, 8166
1.758, 8165
1.764, 8164
1.772, 8163
1.776, 8162
1.776, 8161
1.779, 8160
1.780, 8159
1.780, 8158
1.783, 8157
1.787, 8156
1.790, 8155
1.795, 8154
1.797, 8153
1.799, 8152
1.800, 8151
1.801, 8150
1.805, 8149
1.812, 8148
1.813, 8147
1.816, 8146
1.817, 8145
1.818, 8144
1.818, 8143
1.823, 8142
1.826, 8141
1.826, 8140
1.828, 8139
1.832, 8138
1.836, 8137
1.841, 8136
1.844, 8135
1.846, 8134
1.847, 8133
1.850, 8132
1.859, 8131
1.871, 8130
1.872, 8129
1.875, 8128
1.878, 8127
1.881, 8126
1.881, 8125
1.894, 8124
1.895, 8123
1.901, 8122
1.909, 8121
1.910, 8120
1.912, 8119
1.915, 8118
1.917, 8117
1.918, 8116
1.925, 8115
1.929, 8114
1.931, 8113
1.935, 8112
1.941, 8111
1.944, 8110
1.944, 8109
1.945, 8108
1.949, 8107
1.952, 8106
1.955, 8105
1.956, 8104
1.960, 8103
1.966, 8102
1.967, 8101
1.976, 8100
1.980, 8099
1.985, 8098
1.986, 8097
1.990, 8096
1.997, 8095
2.004, 8094
2.008, 8093
2.017, 8092
2.022, 8091
2.025, 8090
2.037, 8089
2.039, 8088
2.041, 8087
2.045, 8086
2.050, 8085
2.058, 8084
2.067, 8083
2.070, 8082
2.077, 8081
2.080, 8080
2.085, 8079
2.087, 8078
2.089, 8077
2.091, 8076
2.094, 8075
2.109, 8074
2.113, 8073
2.124, 8072
2.126, 8071
2.128, 8070
2.130, 8069
2.135, 8068
2.148, 8067
2.151, 8066
2.156, 8065
2.159, 8064
2.160, 8063
2.163, 8062
2.171, 8061
2.176, 8060
2.180, 8059
2.182, 8058
2.203, 8057
2.206, 8056
2.209, 8055
2.209, 8054
2.212, 8053
2.223, 8052
2.225, 8051
2.226, 8050
2.235, 8049
2.242, 8048
2.250, 8047
2.255, 8046
2.257, 8045
2.261, 8044
2.262, 8043
2.267, 8042
2.274, 8041
2.279, 8040
2.280, 8039
2.288, 8038
2.289, 8037
2.301, 8036
2.303, 8035
2.317, 8034
2.321, 8033
2.325, 8032
2.333, 8031
2.339, 8030
2.341, 8029
2.345, 8028
2.347, 8027
2.348, 8026
2.352, 8025
2.357, 8024
2.368, 8023
2.371, 8022
2.376, 8021
2.381, 8020
2.385, 8019
2.389, 8018
2.396, 8017
2.397, 8016
2.407, 8015
2.410, 8014
2.431, 8013
2.433, 8012
2.451, 8011
2.451, 8010
2.455, 8009
2.461, 8008
2.462, 8007
2.477, 8006
2.478, 8005
2.480, 8004
2.482, 8003
2.490, 8002
2.491, 8001
2.495, 8000
2.496, 7999
2.509, 7998
2.522, 7997
2.523, 7996
2.524, 7995
2.538, 7994
2.547, 7993
2.549, 7992
2.557, 7991
2.574, 7990
2.578, 7989
2.585, 7988
2.590, 7987
2.591, 7986
2.596, 7985
2.597, 7984
2.624, 7983
2.627, 7982
2.641, 7981
2.642, 7980
2.644, 7979
2.645, 7978
2.656, 7977
2.658, 7976
2.662, 7975
2.672, 7974
2.679, 7973
2.685, 7972
2.687, 7971
2.699, 7970
2.700, 7969
2.711, 7968
2.726, 7967
2.729, 7966
2.734, 7965
2.746, 7964
2.756, 7963
2.759, 7962
2.772, 7961
2.776, 7960
2.796, 7959
2.801, 7958
2.806, 7957
2.807, 7956
2.808, 7955
2.812, 7954
2.815, 7953
2.821, 7952
2.827, 7951
2.830, 7950
2.831, 7949
2.832, 7948
2.833, 7947
2.834, 7946
2.866, 7945
2.868, 7944
2.883, 7943
2.883, 7942
2.885, 7941
2.887, 7940
2.891, 7939
2.896, 7938
2.898, 7937
2.903, 7936
2.906, 7935
2.918, 7934
2.922, 7933
2.936, 7932
2.941, 7931
2.947, 7930
2.948, 7929
2.950, 7928
2.958, 7927
2.960, 7926
2.961, 7925
2.962, 7924
2.984, 7923
3.016, 7922
3.052, 7921
3.062, 7920
3.087, 7919
3.094, 7918
3.097, 7917
3.110, 7916
3.114, 7915
3.135, 7914
3.138, 7913
3.143, 7912
3.146, 7911
3.147, 7910
3.154, 7909
3.164, 7908
3.170, 7907
3.178, 7906
3.187, 7905
3.188, 7904
3.190, 7903
3.193, 7902
3.195, 7901
3.211, 7900
3.218, 7899
3.220, 7898
3.228, 7897
3.233, 7896
3.234, 7895
3.237, 7894
3.255, 7893
3.266, 7892
3.267, 7891
3.272, 7890
3.274, 7889
3.294, 7888
3.300, 7887
3.310, 7886
3.312, 7885
3.325, 7884
3.334, 7883
3.339, 7882
3.360, 7881
3.381, 7880
3.395, 7879
3.398, 7878
3.398, 7877
3.404, 7876
3.422, 7875
3.423, 7874
3.424, 7873
3.432, 7872
3.435, 7871
3.440, 7870
3.449, 7869
3.476, 7868
3.479, 7867
3.490, 7866
3.498, 7865
3.511, 7864
3.514, 7863
3.525, 7862
3.531, 7861
3.539, 7860
3.560, 7859
3.561, 7858
3.570, 7857
3.582, 7856
3.585, 7855
3.596, 7854
3.609, 7853
3.611, 7852
3.624, 7851
3.631, 7850
3.635, 7849
3.653, 7848
3.666, 7847
3.689, 7846
3.690, 7845
3.694, 7844
3.701, 7843
3.705, 7842
3.714, 7841
3.716, 7840
3.727, 7839
3.754, 7838
3.796, 7837
3.802, 7836
3.815, 7835
3.816, 7834
3.820, 7833
3.834, 7832
3.841, 7831
3.870, 7830
3.873, 7829
3.881, 7828
3.883, 7827
3.897, 7826
3.902, 7825
3.903, 7824
3.906, 7823
3.908, 7822
3.931, 7821
3.934, 7820
3.937, 7819
3.954, 7818
3.959, 7817
3.980, 7816
3.981, 7815
4.004, 7814
4.004, 7813
4.011, 7812
4.023, 7811
4.043, 7810
4.047, 7809
4.047, 7808
4.051, 7807
4.059, 7806
4.073, 7805
4.078, 7804
4.109, 7803
4.120, 7802
4.122, 7801
4.125, 7800
4.134, 7799
4.134, 7798
4.137, 7797
4.140, 7796
4.167, 7795
4.167, 7794
4.183, 7793
4.197, 7792
4.204, 7791
4.207, 7790
4.208, 7789
4.209, 7788
4.223, 7787
4.224, 7786
4.227, 7785
4.229, 7784
4.255, 7783
4.263, 7782
4.265, 7781
4.266, 7780
4.270, 7779
4.274, 7778
4.281, 7777
4.291, 7776
4.306, 7775
4.308, 7774
4.310, 7773
4.326, 7772
4.330, 7771
4.345, 7770
4.356, 7769
4.374, 7768
4.376, 7767
4.383, 7766
4.398, 7765
4.400, 7764
4.407, 7763
4.424, 7762
4.425, 7761
4.428, 7760
4.432, 7759
4.441, 7758
4.453, 7757
4.522, 7756
4.536, 7755
4.538, 7754
4.544, 7753
4.620, 7752
4.655, 7751
4.681, 7750
4.703, 7749
4.723, 7748
4.738, 7747
4.759, 7746
4.773, 7745
4.785, 7744
4.788, 7743
4.798, 7742
4.823, 7741
4.824, 7740
4.837, 7739
4.841, 7738
4.876, 7737
4.891, 7736
4.904, 7735
4.916, 7734
4.926, 7733
4.937, 7732
4.983, 7731
4.989, 7730
5.011, 7729
5.069, 7728
5.145, 7727
5.162, 7726
5.223, 7725
5.247, 7724
5.248, 7723
5.262, 7722
5.269, 7721
5.296, 7720
5.301, 7719
5.307, 7718
5.313, 7717
5.336, 7716
5.350, 7715
5.362, 7714
5.371, 7713
5.381, 7712
5.418, 7711
5.421, 7710
5.464, 7709
5.498, 7708
5.515, 7707
5.592, 7706
5.623, 7705
5.624, 7704
5.640, 7703
5.676, 7702
5.717, 7701
5.745, 7700
5.746, 7699
5.819, 7698
5.856, 7697
5.866, 7696
5.886, 7695
5.887, 7694
5.903, 7693
5.960, 7692
5.994, 7691
6.006, 7690
6.008, 7689
6.031, 7688
6.054, 7687
6.069, 7686
6.104, 7685
6.120, 7684
6.136, 7683
6.179, 7682
6.189, 7681
6.190, 7680
6.203, 7679
6.221, 7678
6.259, 7677
6.260, 7676
6.263, 7675
6.286, 7674
6.322, 7673
6.328, 7672
6.429, 7671
6.493, 7670
6.522, 7669
6.533, 7668
6.540, 7667
6.626, 7666
6.641, 7665
6.678, 7664
6.679, 7663
6.691, 7662
6.723, 7661
6.725, 7660
6.726, 7659
6.730, 7658
6.748, 7657
6.752, 7656
6.838, 7655
6.843, 7654
6.887, 7653
6.900, 7652
6.916, 7651
6.919, 7650
6.924, 7649
6.961, 7648
6.968, 7647
7.000, 7646
7.001, 7645
7.032, 7644
7.168, 7643
7.221, 7642
7.232, 7641
7.268, 7640
7.271, 7639
7.331, 7638
7.355, 7637
7.368, 7636
7.430, 7635
7.474, 7634
7.489, 7633
7.577, 7632
7.693, 7631
7.721, 7630
7.722, 7629
7.732, 7628
7.763, 7627
7.784, 7626
7.934, 7625
7.948, 7624
7.979, 7623
8.344, 7622
8.407, 7621
8.413, 7620
8.509, 7619
8.612, 7618
8.613, 7617
8.650, 7616
8.658, 7615
8.662, 7614
8.753, 7613
8.879, 7612
8.896, 7611
8.975, 7610
9.061, 7609
9.160, 7608
9.252, 7607
9.614, 7606
9.673, 7605
9.697, 7604
9.829, 7603
10.031, 7602
10.068, 7601
10.333, 7600
10.653, 7599
10.888, 7598
11.182, 7597
11.677, 7596
11.834, 7595
12.151, 7594
12.236, 7593
12.455, 7592
12.960, 7591
12.978, 7590
13.831, 7589
14.045, 7588
15.009, 7587
15.185, 7586
15.395, 7585
16.835, 7584
16.906, 7583
17.363, 7582
17.555, 7581
21.512, 7580
31.458, 7579
