0.005, 11021
0.006, 11020
0.006, 11019
0.006, 11018
0.006, 11017
0.006, 11016
0.006, 11015
0.006, 11014
0.006, 11013
0.006, 11012
0.006, 11011
0.006, 11010
0.006, 11009
0.006, 11008
0.006, 11007
0.006, 11006
0.006, 11005
0.006, 11004
0.006, 11003
0.006, 11002
0.006, 11001
0.006, 11000
0.006, 10999
0.006, 10998
0.006, 10997
0.006, 10996
0.006, 10995
0.006, 10994
0.006, 10993
0.006, 10992
0.006, 10991
0.006, 10990
0.006, 10989
0.006, 10988
0.006, 10987
0.006, 10986
0.006, 10985
0.006, 10984
0.006, 10983
0.006, 10982
0.006, 10981
0.006, 10980
0.006, 10979
0.006, 10978
0.006, 10977
0.006, 10976
0.006, 10975
0.006, 10974
0.006, 10973
0.006, 10972
0.006, 10971
0.006, 10970
0.006, 10969
0.006, 10968
0.006, 10967
0.006, 10966
0.006, 10965
0.006, 10964
0.006, 10963
0.006, 10962
0.006, 10961
0.006, 10960
0.006, 10959
0.006, 10958
0.006, 10957
0.006, 10956
0.006, 10955
0.006, 10954
0.006, 10953
0.006, 10952
0.006, 10951
0.006, 10950
0.006, 10949
0.006, 10948
0.006, 10947
0.006, 10946
0.006, 10945
0.006, 10944
0.006, 10943
0.006, 10942
0.006, 10941
0.006, 10940
0.006, 10939
0.006, 10938
0.006, 10937
0.006, 10936
0.006, 10935
0.006, 10934
0.006, 10933
0.006, 10932
0.006, 10931
0.006, 10930
0.006, 10929
0.006, 10928
0.006, 10927
0.006, 10926
0.006, 10925
0.006, 10924
0.006, 10923
0.006, 10922
0.006, 10921
0.006, 10920
0.006, 10919
0.006, 10918
0.006, 10917
0.006, 10916
0.006, 10915
0.006, 10914
0.006, 10913
0.006, 10912
0.006, 10911
0.006, 10910
0.006, 10909
0.006, 10908
0.006, 10907
0.006, 10906
0.006, 10905
0.006, 10904
0.006, 10903
0.006, 10902
0.006, 10901
0.006, 10900
0.006, 10899
0.006, 10898
0.006, 10897
0.006, 10896
0.006, 10895
0.006, 10894
0.006, 10893
0.006, 10892
0.006, 10891
0.006, 10890
0.006, 10889
0.006, 10888
0.006, 10887
0.006, 10886
0.006, 10885
0.006, 10884
0.006, 10883
0.006, 10882
0.006, 10881
0.006, 10880
0.006, 10879
0.006, 10878
0.006, 10877
0.006, 10876
0.006, 10875
0.006, 10874
0.006, 10873
0.006, 10872
0.006, 10871
0.006, 10870
0.006, 10869
0.006, 10868
0.006, 10867
0.006, 10866
0.006, 10865
0.006, 10864
0.006, 10863
0.006, 10862
0.006, 10861
0.006, 10860
0.006, 10859
0.006, 10858
0.006, 10857
0.006, 10856
0.006, 10855
0.006, 10854
0.006, 10853
0.006, 10852
0.006, 10851
0.006, 10850
0.006, 10849
0.006, 10848
0.006, 10847
0.006, 10846
0.006, 10845
0.006, 10844
0.006, 10843
0.006, 10842
0.006, 10841
0.006, 10840
0.006, 10839
0.006, 10838
0.006, 10837
0.006, 10836
0.006, 10835
0.006, 10834
0.006, 10833
0.006, 10832
0.006, 10831
0.006, 10830
0.006, 10829
0.007, 10828
0.007, 10827
0.007, 10826
0.007, 10825
0.007, 10824
0.007, 10823
0.007, 10822
0.007, 10821
0.007, 10820
0.007, 10819
0.007, 10818
0.007, 10817
0.007, 10816
0.007, 10815
0.007, 10814
0.007, 10813
0.007, 10812
0.007, 10811
0.007, 10810
0.007, 10809
0.007, 10808
0.007, 10807
0.007, 10806
0.007, 10805
0.007, 10804
0.007, 10803
0.007, 10802
0.007, 10801
0.007, 10800
0.007, 10799
0.007, 10798
0.007, 10797
0.007, 10796
0.007, 10795
0.007, 10794
0.007, 10793
0.007, 10792
0.007, 10791
0.007, 10790
0.007, 10789
0.007, 10788
0.007, 10787
0.007, 10786
0.007, 10785
0.007, 10784
0.007, 10783
0.007, 10782
0.007, 10781
0.007, 10780
0.007, 10779
0.007, 10778
0.007, 10777
0.007, 10776
0.007, 10775
0.007, 10774
0.007, 10773
0.007, 10772
0.007, 10771
0.007, 10770
0.007, 10769
0.007, 10768
0.007, 10767
0.007, 10766
0.007, 10765
0.007, 10764
0.007, 10763
0.007, 10762
0.007, 10761
0.007, 10760
0.007, 10759
0.007, 10758
0.007, 10757
0.007, 10756
0.007, 10755
0.007, 10754
0.007, 10753
0.007, 10752
0.007, 10751
0.007, 10750
0.007, 10749
0.007, 10748
0.007, 10747
0.007, 10746
0.007, 10745
0.007, 10744
0.007, 10743
0.007, 10742
0.007, 10741
0.007, 10740
0.007, 10739
0.007, 10738
0.007, 10737
0.007, 10736
0.007, 10735
0.007, 10734
0.007, 10733
0.007, 10732
0.007, 10731
0.007, 10730
0.007, 10729
0.007, 10728
0.007, 10727
0.007, 10726
0.007, 10725
0.007, 10724
0.007, 10723
0.007, 10722
0.007, 10721
0.007, 10720
0.007, 10719
0.007, 10718
0.007, 10717
0.007, 10716
0.007, 10715
0.007, 10714
0.007, 10713
0.007, 10712
0.008, 10711
0.008, 10710
0.008, 10709
0.008, 10708
0.008, 10707
0.008, 10706
0.008, 10705
0.008, 10704
0.008, 10703
0.008, 10702
0.008, 10701
0.008, 10700
0.008, 10699
0.008, 10698
0.008, 10697
0.008, 10696
0.008, 10695
0.008, 10694
0.008, 10693
0.008, 10692
0.008, 10691
0.008, 10690
0.008, 10689
0.008, 10688
0.008, 10687
0.008, 10686
0.008, 10685
0.008, 10684
0.008, 10683
0.008, 10682
0.008, 10681
0.008, 10680
0.008, 10679
0.008, 10678
0.008, 10677
0.008, 10676
0.008, 10675
0.008, 10674
0.008, 10673
0.008, 10672
0.008, 10671
0.008, 10670
0.008, 10669
0.008, 10668
0.008, 10667
0.008, 10666
0.008, 10665
0.008, 10664
0.008, 10663
0.008, 10662
0.008, 10661
0.008, 10660
0.008, 10659
0.008, 10658
0.008, 10657
0.008, 10656
0.008, 10655
0.008, 10654
0.008, 10653
0.008, 10652
0.008, 10651
0.008, 10650
0.008, 10649
0.008, 10648
0.008, 10647
0.008, 10646
0.008, 10645
0.008, 10644
0.008, 10643
0.008, 10642
0.008, 10641
0.008, 10640
0.008, 10639
0.008, 10638
0.008, 10637
0.008, 10636
0.008, 10635
0.008, 10634
0.008, 10633
0.008, 10632
0.008, 10631
0.008, 10630
0.008, 10629
0.008, 10628
0.008, 10627
0.008, 10626
0.008, 10625
0.008, 10624
0.008, 10623
0.008, 10622
0.008, 10621
0.008, 10620
0.008, 10619
0.008, 10618
0.008, 10617
0.008, 10616
0.008, 10615
0.008, 10614
0.008, 10613
0.008, 10612
0.008, 10611
0.008, 10610
0.008, 10609
0.008, 10608
0.008, 10607
0.008, 10606
0.008, 10605
0.008, 10604
0.008, 10603
0.008, 10602
0.008, 10601
0.008, 10600
0.008, 10599
0.008, 10598
0.008, 10597
0.008, 10596
0.008, 10595
0.008, 10594
0.008, 10593
0.008, 10592
0.008, 10591
0.008, 10590
0.008, 10589
0.008, 10588
0.008, 10587
0.008, 10586
0.008, 10585
0.008, 10584
0.008, 10583
0.008, 10582
0.008, 10581
0.008, 10580
0.008, 10579
0.008, 10578
0.008, 10577
0.008, 10576
0.008, 10575
0.008, 10574
0.008, 10573
0.008, 10572
0.008, 10571
0.008, 10570
0.008, 10569
0.008, 10568
0.008, 10567
0.008, 10566
0.008, 10565
0.008, 10564
0.008, 10563
0.008, 10562
0.008, 10561
0.009, 10560
0.009, 10559
0.009, 10558
0.009, 10557
0.009, 10556
0.009, 10555
0.009, 10554
0.009, 10553
0.009, 10552
0.009, 10551
0.009, 10550
0.009, 10549
0.009, 10548
0.009, 10547
0.009, 10546
0.009, 10545
0.009, 10544
0.009, 10543
0.009, 10542
0.009, 10541
0.009, 10540
0.009, 10539
0.009, 10538
0.009, 10537
0.009, 10536
0.009, 10535
0.009, 10534
0.009, 10533
0.009, 10532
0.009, 10531
0.009, 10530
0.009, 10529
0.009, 10528
0.009, 10527
0.009, 10526
0.009, 10525
0.009, 10524
0.009, 10523
0.009, 10522
0.009, 10521
0.009, 10520
0.009, 10519
0.009, 10518
0.009, 10517
0.009, 10516
0.009, 10515
0.009, 10514
0.009, 10513
0.009, 10512
0.009, 10511
0.009, 10510
0.009, 10509
0.009, 10508
0.009, 10507
0.009, 10506
0.009, 10505
0.009, 10504
0.009, 10503
0.009, 10502
0.009, 10501
0.009, 10500
0.009, 10499
0.009, 10498
0.009, 10497
0.009, 10496
0.009, 10495
0.009, 10494
0.009, 10493
0.009, 10492
0.009, 10491
0.009, 10490
0.009, 10489
0.009, 10488
0.009, 10487
0.009, 10486
0.009, 10485
0.009, 10484
0.009, 10483
0.009, 10482
0.009, 10481
0.009, 10480
0.009, 10479
0.009, 10478
0.009, 10477
0.009, 10476
0.009, 10475
0.009, 10474
0.009, 10473
0.009, 10472
0.009, 10471
0.009, 10470
0.009, 10469
0.009, 10468
0.009, 10467
0.009, 10466
0.009, 10465
0.009, 10464
0.009, 10463
0.009, 10462
0.009, 10461
0.009, 10460
0.009, 10459
0.009, 10458
0.009, 10457
0.009, 10456
0.009, 10455
0.009, 10454
0.009, 10453
0.009, 10452
0.009, 10451
0.009, 10450
0.009, 10449
0.009, 10448
0.009, 10447
0.009, 10446
0.009, 10445
0.009, 10444
0.009, 10443
0.009, 10442
0.009, 10441
0.009, 10440
0.009, 10439
0.009, 10438
0.009, 10437
0.009, 10436
0.009, 10435
0.009, 10434
0.009, 10433
0.009, 10432
0.009, 10431
0.009, 10430
0.009, 10429
0.009, 10428
0.009, 10427
0.009, 10426
0.009, 10425
0.009, 10424
0.009, 10423
0.009, 10422
0.009, 10421
0.009, 10420
0.009, 10419
0.009, 10418
0.009, 10417
0.009, 10416
0.009, 10415
0.009, 10414
0.009, 10413
0.009, 10412
0.009, 10411
0.009, 10410
0.009, 10409
0.009, 10408
0.009, 10407
0.009, 10406
0.009, 10405
0.009, 10404
0.009, 10403
0.009, 10402
0.009, 10401
0.009, 10400
0.010, 10399
0.010, 10398
0.010, 10397
0.010, 10396
0.010, 10395
0.010, 10394
0.010, 10393
0.010, 10392
0.010, 10391
0.010, 10390
0.010, 10389
0.010, 10388
0.010, 10387
0.010, 10386
0.010, 10385
0.010, 10384
0.010, 10383
0.010, 10382
0.010, 10381
0.010, 10380
0.010, 10379
0.010, 10378
0.010, 10377
0.010, 10376
0.010, 10375
0.010, 10374
0.010, 10373
0.010, 10372
0.010, 10371
0.010, 10370
0.010, 10369
0.010, 10368
0.010, 10367
0.010, 10366
0.010, 10365
0.010, 10364
0.010, 10363
0.010, 10362
0.010, 10361
0.010, 10360
0.010, 10359
0.010, 10358
0.010, 10357
0.010, 10356
0.010, 10355
0.010, 10354
0.010, 10353
0.010, 10352
0.010, 10351
0.010, 10350
0.010, 10349
0.010, 10348
0.010, 10347
0.010, 10346
0.010, 10345
0.010, 10344
0.010, 10343
0.010, 10342
0.010, 10341
0.010, 10340
0.010, 10339
0.010, 10338
0.010, 10337
0.010, 10336
0.010, 10335
0.010, 10334
0.010, 10333
0.010, 10332
0.010, 10331
0.010, 10330
0.010, 10329
0.010, 10328
0.010, 10327
0.010, 10326
0.010, 10325
0.010, 10324
0.010, 10323
0.010, 10322
0.010, 10321
0.010, 10320
0.010, 10319
0.010, 10318
0.010, 10317
0.010, 10316
0.010, 10315
0.010, 10314
0.010, 10313
0.010, 10312
0.010, 10311
0.010, 10310
0.010, 10309
0.010, 10308
0.010, 10307
0.010, 10306
0.010, 10305
0.010, 10304
0.010, 10303
0.010, 10302
0.010, 10301
0.010, 10300
0.010, 10299
0.011, 10298
0.011, 10297
0.011, 10296
0.011, 10295
0.011, 10294
0.011, 10293
0.011, 10292
0.011, 10291
0.011, 10290
0.011, 10289
0.011, 10288
0.011, 10287
0.011, 10286
0.011, 10285
0.011, 10284
0.011, 10283
0.011, 10282
0.011, 10281
0.011, 10280
0.011, 10279
0.011, 10278
0.011, 10277
0.011, 10276
0.011, 10275
0.011, 10274
0.011, 10273
0.011, 10272
0.011, 10271
0.011, 10270
0.011, 10269
0.011, 10268
0.011, 10267
0.011, 10266
0.011, 10265
0.011, 10264
0.011, 10263
0.011, 10262
0.011, 10261
0.011, 10260
0.011, 10259
0.011, 10258
0.011, 10257
0.011, 10256
0.011, 10255
0.011, 10254
0.011, 10253
0.011, 10252
0.011, 10251
0.011, 10250
0.011, 10249
0.011, 10248
0.011, 10247
0.011, 10246
0.011, 10245
0.011, 10244
0.011, 10243
0.011, 10242
0.011, 10241
0.011, 10240
0.011, 10239
0.011, 10238
0.011, 10237
0.011, 10236
0.011, 10235
0.011, 10234
0.011, 10233
0.011, 10232
0.011, 10231
0.011, 10230
0.011, 10229
0.011, 10228
0.011, 10227
0.011, 10226
0.011, 10225
0.011, 10224
0.011, 10223
0.011, 10222
0.011, 10221
0.011, 10220
0.011, 10219
0.011, 10218
0.011, 10217
0.011, 10216
0.011, 10215
0.011, 10214
0.011, 10213
0.011, 10212
0.011, 10211
0.011, 10210
0.011, 10209
0.011, 10208
0.011, 10207
0.011, 10206
0.011, 10205
0.011, 10204
0.011, 10203
0.011, 10202
0.011, 10201
0.011, 10200
0.011, 10199
0.011, 10198
0.011, 10197
0.011, 10196
0.011, 10195
0.011, 10194
0.011, 10193
0.011, 10192
0.011, 10191
0.011, 10190
0.011, 10189
0.011, 10188
0.011, 10187
0.011, 10186
0.011, 10185
0.011, 10184
0.011, 10183
0.011, 10182
0.011, 10181
0.011, 10180
0.011, 10179
0.011, 10178
0.011, 10177
0.011, 10176
0.011, 10175
0.011, 10174
0.011, 10173
0.011, 10172
0.012, 10171
0.012, 10170
0.012, 10169
0.012, 10168
0.012, 10167
0.012, 10166
0.012, 10165
0.012, 10164
0.012, 10163
0.012, 10162
0.012, 10161
0.012, 10160
0.012, 10159
0.012, 10158
0.012, 10157
0.012, 10156
0.012, 10155
0.012, 10154
0.012, 10153
0.012, 10152
0.012, 10151
0.012, 10150
0.012, 10149
0.012, 10148
0.012, 10147
0.012, 10146
0.012, 10145
0.012, 10144
0.012, 10143
0.012, 10142
0.012, 10141
0.012, 10140
0.012, 10139
0.012, 10138
0.012, 10137
0.012, 10136
0.012, 10135
0.012, 10134
0.012, 10133
0.012, 10132
0.012, 10131
0.012, 10130
0.012, 10129
0.012, 10128
0.012, 10127
0.012, 10126
0.012, 10125
0.012, 10124
0.012, 10123
0.012, 10122
0.012, 10121
0.012, 10120
0.012, 10119
0.012, 10118
0.012, 10117
0.012, 10116
0.012, 10115
0.012, 10114
0.012, 10113
0.012, 10112
0.012, 10111
0.012, 10110
0.012, 10109
0.012, 10108
0.012, 10107
0.012, 10106
0.012, 10105
0.012, 10104
0.012, 10103
0.012, 10102
0.012, 10101
0.012, 10100
0.012, 10099
0.012, 10098
0.012, 10097
0.012, 10096
0.012, 10095
0.012, 10094
0.012, 10093
0.012, 10092
0.012, 10091
0.012, 10090
0.012, 10089
0.012, 10088
0.012, 10087
0.012, 10086
0.012, 10085
0.012, 10084
0.012, 10083
0.012, 10082
0.012, 10081
0.012, 10080
0.012, 10079
0.012, 10078
0.012, 10077
0.012, 10076
0.012, 10075
0.012, 10074
0.012, 10073
0.012, 10072
0.012, 10071
0.012, 10070
0.012, 10069
0.012, 10068
0.012, 10067
0.012, 10066
0.012, 10065
0.012, 10064
0.012, 10063
0.012, 10062
0.012, 10061
0.012, 10060
0.012, 10059
0.012, 10058
0.012, 10057
0.012, 10056
0.012, 10055
0.012, 10054
0.012, 10053
0.012, 10052
0.012, 10051
0.012, 10050
0.012, 10049
0.012, 10048
0.012, 10047
0.012, 10046
0.013, 10045
0.013, 10044
0.013, 10043
0.013, 10042
0.013, 10041
0.013, 10040
0.013, 10039
0.013, 10038
0.013, 10037
0.013, 10036
0.013, 10035
0.013, 10034
0.013, 10033
0.013, 10032
0.013, 10031
0.013, 10030
0.013, 10029
0.013, 10028
0.013, 10027
0.013, 10026
0.013, 10025
0.013, 10024
0.013, 10023
0.013, 10022
0.013, 10021
0.013, 10020
0.013, 10019
0.013, 10018
0.013, 10017
0.013, 10016
0.013, 10015
0.013, 10014
0.013, 10013
0.013, 10012
0.013, 10011
0.013, 10010
0.013, 10009
0.013, 10008
0.013, 10007
0.013, 10006
0.013, 10005
0.013, 10004
0.013, 10003
0.013, 10002
0.013, 10001
0.013, 10000
0.013, 9999
0.013, 9998
0.013, 9997
0.013, 9996
0.013, 9995
0.013, 9994
0.013, 9993
0.013, 9992
0.013, 9991
0.013, 9990
0.013, 9989
0.013, 9988
0.013, 9987
0.013, 9986
0.013, 9985
0.013, 9984
0.013, 9983
0.013, 9982
0.013, 9981
0.013, 9980
0.013, 9979
0.013, 9978
0.013, 9977
0.013, 9976
0.013, 9975
0.013, 9974
0.013, 9973
0.013, 9972
0.013, 9971
0.013, 9970
0.013, 9969
0.013, 9968
0.013, 9967
0.013, 9966
0.013, 9965
0.013, 9964
0.013, 9963
0.013, 9962
0.013, 9961
0.013, 9960
0.013, 9959
0.013, 9958
0.013, 9957
0.013, 9956
0.013, 9955
0.013, 9954
0.013, 9953
0.013, 9952
0.013, 9951
0.013, 9950
0.013, 9949
0.013, 9948
0.013, 9947
0.013, 9946
0.013, 9945
0.013, 9944
0.013, 9943
0.013, 9942
0.013, 9941
0.013, 9940
0.013, 9939
0.013, 9938
0.013, 9937
0.013, 9936
0.013, 9935
0.013, 9934
0.013, 9933
0.013, 9932
0.013, 9931
0.013, 9930
0.013, 9929
0.014, 9928
0.014, 9927
0.014, 9926
0.014, 9925
0.014, 9924
0.014, 9923
0.014, 9922
0.014, 9921
0.014, 9920
0.014, 9919
0.014, 9918
0.014, 9917
0.014, 9916
0.014, 9915
0.014, 9914
0.014, 9913
0.014, 9912
0.014, 9911
0.014, 9910
0.014, 9909
0.014, 9908
0.014, 9907
0.014, 9906
0.014, 9905
0.014, 9904
0.014, 9903
0.014, 9902
0.014, 9901
0.014, 9900
0.014, 9899
0.014, 9898
0.014, 9897
0.014, 9896
0.014, 9895
0.014, 9894
0.014, 9893
0.014, 9892
0.014, 9891
0.014, 9890
0.014, 9889
0.014, 9888
0.014, 9887
0.014, 9886
0.014, 9885
0.014, 9884
0.014, 9883
0.014, 9882
0.014, 9881
0.014, 9880
0.014, 9879
0.014, 9878
0.014, 9877
0.014, 9876
0.014, 9875
0.014, 9874
0.014, 9873
0.014, 9872
0.014, 9871
0.014, 9870
0.014, 9869
0.014, 9868
0.014, 9867
0.014, 9866
0.014, 9865
0.014, 9864
0.014, 9863
0.014, 9862
0.014, 9861
0.014, 9860
0.014, 9859
0.014, 9858
0.014, 9857
0.014, 9856
0.014, 9855
0.014, 9854
0.014, 9853
0.014, 9852
0.014, 9851
0.014, 9850
0.014, 9849
0.014, 9848
0.014, 9847
0.014, 9846
0.014, 9845
0.014, 9844
0.014, 9843
0.014, 9842
0.014, 9841
0.014, 9840
0.014, 9839
0.014, 9838
0.014, 9837
0.014, 9836
0.014, 9835
0.014, 9834
0.014, 9833
0.014, 9832
0.014, 9831
0.014, 9830
0.014, 9829
0.014, 9828
0.014, 9827
0.014, 9826
0.014, 9825
0.014, 9824
0.014, 9823
0.014, 9822
0.014, 9821
0.014, 9820
0.014, 9819
0.014, 9818
0.014, 9817
0.014, 9816
0.014, 9815
0.014, 9814
0.014, 9813
0.014, 9812
0.014, 9811
0.014, 9810
0.015, 9809
0.015, 9808
0.015, 9807
0.015, 9806
0.015, 9805
0.015, 9804
0.015, 9803
0.015, 9802
0.015, 9801
0.015, 9800
0.015, 9799
0.015, 9798
0.015, 9797
0.015, 9796
0.015, 9795
0.015, 9794
0.015, 9793
0.015, 9792
0.015, 9791
0.015, 9790
0.015, 9789
0.015, 9788
0.015, 9787
0.015, 9786
0.015, 9785
0.015, 9784
0.015, 9783
0.015, 9782
0.015, 9781
0.015, 9780
0.015, 9779
0.015, 9778
0.015, 9777
0.015, 9776
0.015, 9775
0.015, 9774
0.015, 9773
0.015, 9772
0.015, 9771
0.015, 9770
0.015, 9769
0.015, 9768
0.015, 9767
0.015, 9766
0.015, 9765
0.015, 9764
0.015, 9763
0.015, 9762
0.015, 9761
0.015, 9760
0.015, 9759
0.015, 9758
0.015, 9757
0.015, 9756
0.015, 9755
0.015, 9754
0.015, 9753
0.015, 9752
0.015, 9751
0.015, 9750
0.015, 9749
0.015, 9748
0.015, 9747
0.015, 9746
0.015, 9745
0.015, 9744
0.015, 9743
0.015, 9742
0.015, 9741
0.015, 9740
0.015, 9739
0.015, 9738
0.015, 9737
0.015, 9736
0.015, 9735
0.015, 9734
0.015, 9733
0.015, 9732
0.015, 9731
0.015, 9730
0.015, 9729
0.015, 9728
0.015, 9727
0.015, 9726
0.015, 9725
0.015, 9724
0.015, 9723
0.015, 9722
0.015, 9721
0.015, 9720
0.015, 9719
0.015, 9718
0.015, 9717
0.015, 9716
0.015, 9715
0.015, 9714
0.015, 9713
0.015, 9712
0.015, 9711
0.015, 9710
0.015, 9709
0.015, 9708
0.015, 9707
0.015, 9706
0.016, 9705
0.016, 9704
0.016, 9703
0.016, 9702
0.016, 9701
0.016, 9700
0.016, 9699
0.016, 9698
0.016, 9697
0.016, 9696
0.016, 9695
0.016, 9694
0.016, 9693
0.016, 9692
0.016, 9691
0.016, 9690
0.016, 9689
0.016, 9688
0.016, 9687
0.016, 9686
0.016, 9685
0.016, 9684
0.016, 9683
0.016, 9682
0.016, 9681
0.016, 9680
0.016, 9679
0.016, 9678
0.016, 9677
0.016, 9676
0.016, 9675
0.016, 9674
0.016, 9673
0.016, 9672
0.016, 9671
0.016, 9670
0.016, 9669
0.016, 9668
0.016, 9667
0.016, 9666
0.016, 9665
0.016, 9664
0.016, 9663
0.016, 9662
0.016, 9661
0.016, 9660
0.016, 9659
0.016, 9658
0.016, 9657
0.016, 9656
0.016, 9655
0.016, 9654
0.016, 9653
0.016, 9652
0.016, 9651
0.016, 9650
0.016, 9649
0.016, 9648
0.016, 9647
0.016, 9646
0.016, 9645
0.016, 9644
0.016, 9643
0.016, 9642
0.016, 9641
0.016, 9640
0.016, 9639
0.016, 9638
0.016, 9637
0.016, 9636
0.016, 9635
0.016, 9634
0.016, 9633
0.016, 9632
0.016, 9631
0.016, 9630
0.016, 9629
0.016, 9628
0.016, 9627
0.016, 9626
0.016, 9625
0.016, 9624
0.016, 9623
0.016, 9622
0.016, 9621
0.016, 9620
0.016, 9619
0.016, 9618
0.016, 9617
0.016, 9616
0.016, 9615
0.016, 9614
0.016, 9613
0.016, 9612
0.016, 9611
0.016, 9610
0.016, 9609
0.016, 9608
0.016, 9607
0.016, 9606
0.016, 9605
0.016, 9604
0.016, 9603
0.016, 9602
0.016, 9601
0.016, 9600
0.016, 9599
0.016, 9598
0.016, 9597
0.016, 9596
0.016, 9595
0.016, 9594
0.016, 9593
0.016, 9592
0.016, 9591
0.016, 9590
0.016, 9589
0.016, 9588
0.016, 9587
0.016, 9586
0.016, 9585
0.016, 9584
0.016, 9583
0.016, 9582
0.016, 9581
0.016, 9580
0.016, 9579
0.016, 9578
0.016, 9577
0.016, 9576
0.016, 9575
0.016, 9574
0.016, 9573
0.016, 9572
0.016, 9571
0.016, 9570
0.016, 9569
0.016, 9568
0.016, 9567
0.016, 9566
0.016, 9565
0.016, 9564
0.016, 9563
0.016, 9562
0.016, 9561
0.016, 9560
0.016, 9559
0.016, 9558
0.016, 9557
0.016, 9556
0.016, 9555
0.016, 9554
0.017, 9553
0.017, 9552
0.017, 9551
0.017, 9550
0.017, 9549
0.017, 9548
0.017, 9547
0.017, 9546
0.017, 9545
0.017, 9544
0.017, 9543
0.017, 9542
0.017, 9541
0.017, 9540
0.017, 9539
0.017, 9538
0.017, 9537
0.017, 9536
0.017, 9535
0.017, 9534
0.017, 9533
0.017, 9532
0.017, 9531
0.017, 9530
0.017, 9529
0.017, 9528
0.017, 9527
0.017, 9526
0.017, 9525
0.017, 9524
0.017, 9523
0.017, 9522
0.017, 9521
0.017, 9520
0.017, 9519
0.017, 9518
0.017, 9517
0.017, 9516
0.017, 9515
0.017, 9514
0.017, 9513
0.017, 9512
0.017, 9511
0.017, 9510
0.017, 9509
0.017, 9508
0.017, 9507
0.017, 9506
0.017, 9505
0.017, 9504
0.017, 9503
0.017, 9502
0.017, 9501
0.017, 9500
0.017, 9499
0.017, 9498
0.017, 9497
0.017, 9496
0.017, 9495
0.017, 9494
0.017, 9493
0.017, 9492
0.017, 9491
0.017, 9490
0.017, 9489
0.017, 9488
0.017, 9487
0.017, 9486
0.017, 9485
0.017, 9484
0.017, 9483
0.017, 9482
0.017, 9481
0.017, 9480
0.017, 9479
0.017, 9478
0.017, 9477
0.017, 9476
0.017, 9475
0.017, 9474
0.017, 9473
0.017, 9472
0.017, 9471
0.017, 9470
0.017, 9469
0.017, 9468
0.017, 9467
0.017, 9466
0.017, 9465
0.017, 9464
0.017, 9463
0.017, 9462
0.017, 9461
0.017, 9460
0.017, 9459
0.017, 9458
0.017, 9457
0.017, 9456
0.017, 9455
0.017, 9454
0.017, 9453
0.017, 9452
0.017, 9451
0.017, 9450
0.017, 9449
0.017, 9448
0.017, 9447
0.017, 9446
0.017, 9445
0.017, 9444
0.017, 9443
0.017, 9442
0.017, 9441
0.017, 9440
0.017, 9439
0.017, 9438
0.017, 9437
0.017, 9436
0.017, 9435
0.017, 9434
0.017, 9433
0.017, 9432
0.017, 9431
0.017, 9430
0.017, 9429
0.017, 9428
0.017, 9427
0.017, 9426
0.017, 9425
0.018, 9424
0.018, 9423
0.018, 9422
0.018, 9421
0.018, 9420
0.018, 9419
0.018, 9418
0.018, 9417
0.018, 9416
0.018, 9415
0.018, 9414
0.018, 9413
0.018, 9412
0.018, 9411
0.018, 9410
0.018, 9409
0.018, 9408
0.018, 9407
0.018, 9406
0.018, 9405
0.018, 9404
0.018, 9403
0.018, 9402
0.018, 9401
0.018, 9400
0.018, 9399
0.018, 9398
0.018, 9397
0.018, 9396
0.018, 9395
0.018, 9394
0.018, 9393
0.018, 9392
0.018, 9391
0.018, 9390
0.018, 9389
0.018, 9388
0.018, 9387
0.018, 9386
0.018, 9385
0.018, 9384
0.018, 9383
0.018, 9382
0.018, 9381
0.018, 9380
0.018, 9379
0.018, 9378
0.018, 9377
0.018, 9376
0.018, 9375
0.018, 9374
0.018, 9373
0.018, 9372
0.018, 9371
0.018, 9370
0.018, 9369
0.018, 9368
0.018, 9367
0.018, 9366
0.018, 9365
0.018, 9364
0.018, 9363
0.018, 9362
0.018, 9361
0.018, 9360
0.018, 9359
0.018, 9358
0.018, 9357
0.018, 9356
0.018, 9355
0.018, 9354
0.018, 9353
0.018, 9352
0.018, 9351
0.018, 9350
0.018, 9349
0.018, 9348
0.018, 9347
0.018, 9346
0.018, 9345
0.018, 9344
0.018, 9343
0.018, 9342
0.018, 9341
0.018, 9340
0.018, 9339
0.018, 9338
0.018, 9337
0.018, 9336
0.018, 9335
0.018, 9334
0.018, 9333
0.018, 9332
0.018, 9331
0.018, 9330
0.018, 9329
0.018, 9328
0.018, 9327
0.018, 9326
0.018, 9325
0.018, 9324
0.018, 9323
0.018, 9322
0.018, 9321
0.018, 9320
0.018, 9319
0.018, 9318
0.018, 9317
0.018, 9316
0.018, 9315
0.018, 9314
0.018, 9313
0.018, 9312
0.018, 9311
0.018, 9310
0.018, 9309
0.018, 9308
0.018, 9307
0.018, 9306
0.018, 9305
0.018, 9304
0.018, 9303
0.018, 9302
0.018, 9301
0.018, 9300
0.018, 9299
0.018, 9298
0.018, 9297
0.018, 9296
0.018, 9295
0.019, 9294
0.019, 9293
0.019, 9292
0.019, 9291
0.019, 9290
0.019, 9289
0.019, 9288
0.019, 9287
0.019, 9286
0.019, 9285
0.019, 9284
0.019, 9283
0.019, 9282
0.019, 9281
0.019, 9280
0.019, 9279
0.019, 9278
0.019, 9277
0.019, 9276
0.019, 9275
0.019, 9274
0.019, 9273
0.019, 9272
0.019, 9271
0.019, 9270
0.019, 9269
0.019, 9268
0.019, 9267
0.019, 9266
0.019, 9265
0.019, 9264
0.019, 9263
0.019, 9262
0.019, 9261
0.019, 9260
0.019, 9259
0.019, 9258
0.019, 9257
0.019, 9256
0.019, 9255
0.019, 9254
0.019, 9253
0.019, 9252
0.019, 9251
0.019, 9250
0.019, 9249
0.019, 9248
0.019, 9247
0.019, 9246
0.019, 9245
0.019, 9244
0.019, 9243
0.019, 9242
0.019, 9241
0.019, 9240
0.019, 9239
0.019, 9238
0.019, 9237
0.019, 9236
0.019, 9235
0.019, 9234
0.019, 9233
0.019, 9232
0.019, 9231
0.019, 9230
0.019, 9229
0.019, 9228
0.019, 9227
0.019, 9226
0.019, 9225
0.019, 9224
0.019, 9223
0.019, 9222
0.019, 9221
0.019, 9220
0.019, 9219
0.019, 9218
0.019, 9217
0.019, 9216
0.019, 9215
0.019, 9214
0.019, 9213
0.019, 9212
0.019, 9211
0.019, 9210
0.019, 9209
0.019, 9208
0.019, 9207
0.019, 9206
0.019, 9205
0.019, 9204
0.019, 9203
0.019, 9202
0.019, 9201
0.019, 9200
0.019, 9199
0.019, 9198
0.019, 9197
0.019, 9196
0.019, 9195
0.019, 9194
0.019, 9193
0.019, 9192
0.019, 9191
0.019, 9190
0.019, 9189
0.019, 9188
0.019, 9187
0.019, 9186
0.019, 9185
0.019, 9184
0.019, 9183
0.019, 9182
0.019, 9181
0.019, 9180
0.019, 9179
0.019, 9178
0.019, 9177
0.019, 9176
0.019, 9175
0.019, 9174
0.019, 9173
0.019, 9172
0.019, 9171
0.019, 9170
0.019, 9169
0.019, 9168
0.019, 9167
0.019, 9166
0.019, 9165
0.019, 9164
0.019, 9163
0.019, 9162
0.020, 9161
0.020, 9160
0.020, 9159
0.020, 9158
0.020, 9157
0.020, 9156
0.020, 9155
0.020, 9154
0.020, 9153
0.020, 9152
0.020, 9151
0.020, 9150
0.020, 9149
0.020, 9148
0.020, 9147
0.020, 9146
0.020, 9145
0.020, 9144
0.020, 9143
0.020, 9142
0.020, 9141
0.020, 9140
0.020, 9139
0.020, 9138
0.020, 9137
0.020, 9136
0.020, 9135
0.020, 9134
0.020, 9133
0.020, 9132
0.020, 9131
0.020, 9130
0.020, 9129
0.020, 9128
0.020, 9127
0.020, 9126
0.020, 9125
0.020, 9124
0.020, 9123
0.020, 9122
0.020, 9121
0.020, 9120
0.020, 9119
0.020, 9118
0.020, 9117
0.020, 9116
0.020, 9115
0.020, 9114
0.020, 9113
0.020, 9112
0.020, 9111
0.020, 9110
0.020, 9109
0.020, 9108
0.020, 9107
0.020, 9106
0.020, 9105
0.020, 9104
0.020, 9103
0.020, 9102
0.020, 9101
0.020, 9100
0.020, 9099
0.020, 9098
0.020, 9097
0.020, 9096
0.020, 9095
0.020, 9094
0.020, 9093
0.020, 9092
0.020, 9091
0.020, 9090
0.020, 9089
0.020, 9088
0.020, 9087
0.020, 9086
0.020, 9085
0.020, 9084
0.020, 9083
0.020, 9082
0.020, 9081
0.020, 9080
0.020, 9079
0.020, 9078
0.020, 9077
0.020, 9076
0.020, 9075
0.020, 9074
0.020, 9073
0.020, 9072
0.020, 9071
0.020, 9070
0.020, 9069
0.020, 9068
0.020, 9067
0.020, 9066
0.020, 9065
0.020, 9064
0.020, 9063
0.020, 9062
0.020, 9061
0.020, 9060
0.020, 9059
0.020, 9058
0.021, 9057
0.021, 9056
0.021, 9055
0.021, 9054
0.021, 9053
0.021, 9052
0.021, 9051
0.021, 9050
0.021, 9049
0.021, 9048
0.021, 9047
0.021, 9046
0.021, 9045
0.021, 9044
0.021, 9043
0.021, 9042
0.021, 9041
0.021, 9040
0.021, 9039
0.021, 9038
0.021, 9037
0.021, 9036
0.021, 9035
0.021, 9034
0.021, 9033
0.021, 9032
0.021, 9031
0.021, 9030
0.021, 9029
0.021, 9028
0.021, 9027
0.021, 9026
0.021, 9025
0.021, 9024
0.021, 9023
0.021, 9022
0.021, 9021
0.021, 9020
0.021, 9019
0.021, 9018
0.021, 9017
0.021, 9016
0.021, 9015
0.021, 9014
0.021, 9013
0.021, 9012
0.021, 9011
0.021, 9010
0.021, 9009
0.021, 9008
0.021, 9007
0.021, 9006
0.021, 9005
0.021, 9004
0.021, 9003
0.021, 9002
0.021, 9001
0.021, 9000
0.021, 8999
0.021, 8998
0.021, 8997
0.021, 8996
0.021, 8995
0.021, 8994
0.021, 8993
0.021, 8992
0.021, 8991
0.021, 8990
0.021, 8989
0.021, 8988
0.021, 8987
0.021, 8986
0.021, 8985
0.021, 8984
0.021, 8983
0.021, 8982
0.021, 8981
0.021, 8980
0.021, 8979
0.021, 8978
0.021, 8977
0.021, 8976
0.021, 8975
0.021, 8974
0.021, 8973
0.021, 8972
0.021, 8971
0.021, 8970
0.021, 8969
0.021, 8968
0.021, 8967
0.021, 8966
0.021, 8965
0.021, 8964
0.021, 8963
0.021, 8962
0.021, 8961
0.021, 8960
0.021, 8959
0.021, 8958
0.021, 8957
0.021, 8956
0.021, 8955
0.021, 8954
0.021, 8953
0.021, 8952
0.021, 8951
0.021, 8950
0.021, 8949
0.021, 8948
0.021, 8947
0.021, 8946
0.021, 8945
0.021, 8944
0.021, 8943
0.022, 8942
0.022, 8941
0.022, 8940
0.022, 8939
0.022, 8938
0.022, 8937
0.022, 8936
0.022, 8935
0.022, 8934
0.022, 8933
0.022, 8932
0.022, 8931
0.022, 8930
0.022, 8929
0.022, 8928
0.022, 8927
0.022, 8926
0.022, 8925
0.022, 8924
0.022, 8923
0.022, 8922
0.022, 8921
0.022, 8920
0.022, 8919
0.022, 8918
0.022, 8917
0.022, 8916
0.022, 8915
0.022, 8914
0.022, 8913
0.022, 8912
0.022, 8911
0.022, 8910
0.022, 8909
0.022, 8908
0.022, 8907
0.022, 8906
0.022, 8905
0.022, 8904
0.022, 8903
0.022, 8902
0.022, 8901
0.022, 8900
0.022, 8899
0.022, 8898
0.022, 8897
0.022, 8896
0.022, 8895
0.022, 8894
0.022, 8893
0.022, 8892
0.022, 8891
0.022, 8890
0.022, 8889
0.022, 8888
0.022, 8887
0.022, 8886
0.022, 8885
0.022, 8884
0.022, 8883
0.022, 8882
0.022, 8881
0.022, 8880
0.022, 8879
0.022, 8878
0.022, 8877
0.022, 8876
0.022, 8875
0.022, 8874
0.022, 8873
0.022, 8872
0.022, 8871
0.022, 8870
0.022, 8869
0.022, 8868
0.022, 8867
0.022, 8866
0.022, 8865
0.022, 8864
0.022, 8863
0.022, 8862
0.022, 8861
0.022, 8860
0.022, 8859
0.022, 8858
0.022, 8857
0.022, 8856
0.022, 8855
0.022, 8854
0.022, 8853
0.022, 8852
0.022, 8851
0.022, 8850
0.022, 8849
0.022, 8848
0.022, 8847
0.022, 8846
0.022, 8845
0.022, 8844
0.022, 8843
0.022, 8842
0.022, 8841
0.022, 8840
0.022, 8839
0.022, 8838
0.022, 8837
0.022, 8836
0.022, 8835
0.022, 8834
0.022, 8833
0.022, 8832
0.022, 8831
0.022, 8830
0.022, 8829
0.022, 8828
0.022, 8827
0.022, 8826
0.022, 8825
0.022, 8824
0.022, 8823
0.022, 8822
0.022, 8821
0.022, 8820
0.022, 8819
0.022, 8818
0.022, 8817
0.022, 8816
0.022, 8815
0.022, 8814
0.022, 8813
0.022, 8812
0.022, 8811
0.022, 8810
0.022, 8809
0.022, 8808
0.022, 8807
0.022, 8806
0.022, 8805
0.022, 8804
0.022, 8803
0.022, 8802
0.022, 8801
0.022, 8800
0.022, 8799
0.022, 8798
0.022, 8797
0.022, 8796
0.023, 8795
0.023, 8794
0.023, 8793
0.023, 8792
0.023, 8791
0.023, 8790
0.023, 8789
0.023, 8788
0.023, 8787
0.023, 8786
0.023, 8785
0.023, 8784
0.023, 8783
0.023, 8782
0.023, 8781
0.023, 8780
0.023, 8779
0.023, 8778
0.023, 8777
0.023, 8776
0.023, 8775
0.023, 8774
0.023, 8773
0.023, 8772
0.023, 8771
0.023, 8770
0.023, 8769
0.023, 8768
0.023, 8767
0.023, 8766
0.023, 8765
0.023, 8764
0.023, 8763
0.023, 8762
0.023, 8761
0.023, 8760
0.023, 8759
0.023, 8758
0.023, 8757
0.023, 8756
0.023, 8755
0.023, 8754
0.023, 8753
0.023, 8752
0.023, 8751
0.023, 8750
0.023, 8749
0.023, 8748
0.023, 8747
0.023, 8746
0.023, 8745
0.023, 8744
0.023, 8743
0.023, 8742
0.023, 8741
0.023, 8740
0.023, 8739
0.023, 8738
0.023, 8737
0.023, 8736
0.023, 8735
0.023, 8734
0.023, 8733
0.023, 8732
0.023, 8731
0.023, 8730
0.023, 8729
0.023, 8728
0.023, 8727
0.023, 8726
0.023, 8725
0.023, 8724
0.023, 8723
0.023, 8722
0.023, 8721
0.023, 8720
0.023, 8719
0.023, 8718
0.023, 8717
0.023, 8716
0.023, 8715
0.023, 8714
0.023, 8713
0.023, 8712
0.023, 8711
0.023, 8710
0.023, 8709
0.023, 8708
0.023, 8707
0.023, 8706
0.023, 8705
0.023, 8704
0.023, 8703
0.023, 8702
0.023, 8701
0.023, 8700
0.023, 8699
0.023, 8698
0.023, 8697
0.023, 8696
0.023, 8695
0.023, 8694
0.023, 8693
0.023, 8692
0.023, 8691
0.023, 8690
0.023, 8689
0.023, 8688
0.023, 8687
0.023, 8686
0.023, 8685
0.023, 8684
0.023, 8683
0.023, 8682
0.023, 8681
0.023, 8680
0.023, 8679
0.023, 8678
0.023, 8677
0.023, 8676
0.023, 8675
0.024, 8674
0.024, 8673
0.024, 8672
0.024, 8671
0.024, 8670
0.024, 8669
0.024, 8668
0.024, 8667
0.024, 8666
0.024, 8665
0.024, 8664
0.024, 8663
0.024, 8662
0.024, 8661
0.024, 8660
0.024, 8659
0.024, 8658
0.024, 8657
0.024, 8656
0.024, 8655
0.024, 8654
0.024, 8653
0.024, 8652
0.024, 8651
0.024, 8650
0.024, 8649
0.024, 8648
0.024, 8647
0.024, 8646
0.024, 8645
0.024, 8644
0.024, 8643
0.024, 8642
0.024, 8641
0.024, 8640
0.024, 8639
0.024, 8638
0.024, 8637
0.024, 8636
0.024, 8635
0.024, 8634
0.024, 8633
0.024, 8632
0.024, 8631
0.024, 8630
0.024, 8629
0.024, 8628
0.024, 8627
0.024, 8626
0.024, 8625
0.024, 8624
0.024, 8623
0.024, 8622
0.024, 8621
0.024, 8620
0.024, 8619
0.024, 8618
0.024, 8617
0.024, 8616
0.024, 8615
0.024, 8614
0.024, 8613
0.024, 8612
0.024, 8611
0.024, 8610
0.024, 8609
0.024, 8608
0.024, 8607
0.024, 8606
0.024, 8605
0.024, 8604
0.024, 8603
0.024, 8602
0.024, 8601
0.024, 8600
0.024, 8599
0.024, 8598
0.024, 8597
0.024, 8596
0.024, 8595
0.024, 8594
0.024, 8593
0.024, 8592
0.024, 8591
0.024, 8590
0.024, 8589
0.024, 8588
0.024, 8587
0.024, 8586
0.024, 8585
0.024, 8584
0.024, 8583
0.024, 8582
0.025, 8581
0.025, 8580
0.025, 8579
0.025, 8578
0.025, 8577
0.025, 8576
0.025, 8575
0.025, 8574
0.025, 8573
0.025, 8572
0.025, 8571
0.025, 8570
0.025, 8569
0.025, 8568
0.025, 8567
0.025, 8566
0.025, 8565
0.025, 8564
0.025, 8563
0.025, 8562
0.025, 8561
0.025, 8560
0.025, 8559
0.025, 8558
0.025, 8557
0.025, 8556
0.025, 8555
0.025, 8554
0.025, 8553
0.025, 8552
0.025, 8551
0.025, 8550
0.025, 8549
0.025, 8548
0.025, 8547
0.025, 8546
0.025, 8545
0.025, 8544
0.025, 8543
0.025, 8542
0.025, 8541
0.025, 8540
0.025, 8539
0.025, 8538
0.025, 8537
0.025, 8536
0.025, 8535
0.025, 8534
0.025, 8533
0.025, 8532
0.025, 8531
0.025, 8530
0.025, 8529
0.025, 8528
0.025, 8527
0.025, 8526
0.025, 8525
0.025, 8524
0.025, 8523
0.025, 8522
0.025, 8521
0.025, 8520
0.025, 8519
0.025, 8518
0.025, 8517
0.025, 8516
0.025, 8515
0.025, 8514
0.025, 8513
0.025, 8512
0.025, 8511
0.025, 8510
0.025, 8509
0.025, 8508
0.025, 8507
0.025, 8506
0.025, 8505
0.025, 8504
0.025, 8503
0.025, 8502
0.025, 8501
0.025, 8500
0.025, 8499
0.025, 8498
0.025, 8497
0.025, 8496
0.025, 8495
0.025, 8494
0.025, 8493
0.025, 8492
0.025, 8491
0.025, 8490
0.025, 8489
0.025, 8488
0.025, 8487
0.025, 8486
0.025, 8485
0.025, 8484
0.025, 8483
0.026, 8482
0.026, 8481
0.026, 8480
0.026, 8479
0.026, 8478
0.026, 8477
0.026, 8476
0.026, 8475
0.026, 8474
0.026, 8473
0.026, 8472
0.026, 8471
0.026, 8470
0.026, 8469
0.026, 8468
0.026, 8467
0.026, 8466
0.026, 8465
0.026, 8464
0.026, 8463
0.026, 8462
0.026, 8461
0.026, 8460
0.026, 8459
0.026, 8458
0.026, 8457
0.026, 8456
0.026, 8455
0.026, 8454
0.026, 8453
0.026, 8452
0.026, 8451
0.026, 8450
0.026, 8449
0.026, 8448
0.026, 8447
0.026, 8446
0.026, 8445
0.026, 8444
0.026, 8443
0.026, 8442
0.026, 8441
0.026, 8440
0.026, 8439
0.026, 8438
0.026, 8437
0.026, 8436
0.026, 8435
0.026, 8434
0.026, 8433
0.026, 8432
0.026, 8431
0.026, 8430
0.026, 8429
0.026, 8428
0.026, 8427
0.026, 8426
0.026, 8425
0.026, 8424
0.026, 8423
0.026, 8422
0.026, 8421
0.026, 8420
0.026, 8419
0.026, 8418
0.026, 8417
0.026, 8416
0.026, 8415
0.026, 8414
0.026, 8413
0.026, 8412
0.026, 8411
0.026, 8410
0.026, 8409
0.026, 8408
0.026, 8407
0.026, 8406
0.026, 8405
0.026, 8404
0.026, 8403
0.026, 8402
0.026, 8401
0.026, 8400
0.026, 8399
0.026, 8398
0.026, 8397
0.026, 8396
0.026, 8395
0.026, 8394
0.026, 8393
0.026, 8392
0.026, 8391
0.026, 8390
0.026, 8389
0.026, 8388
0.026, 8387
0.026, 8386
0.026, 8385
0.026, 8384
0.026, 8383
0.026, 8382
0.026, 8381
0.026, 8380
0.026, 8379
0.026, 8378
0.026, 8377
0.026, 8376
0.027, 8375
0.027, 8374
0.027, 8373
0.027, 8372
0.027, 8371
0.027, 8370
0.027, 8369
0.027, 8368
0.027, 8367
0.027, 8366
0.027, 8365
0.027, 8364
0.027, 8363
0.027, 8362
0.027, 8361
0.027, 8360
0.027, 8359
0.027, 8358
0.027, 8357
0.027, 8356
0.027, 8355
0.027, 8354
0.027, 8353
0.027, 8352
0.027, 8351
0.027, 8350
0.027, 8349
0.027, 8348
0.027, 8347
0.027, 8346
0.027, 8345
0.027, 8344
0.027, 8343
0.027, 8342
0.027, 8341
0.027, 8340
0.027, 8339
0.027, 8338
0.027, 8337
0.027, 8336
0.027, 8335
0.027, 8334
0.027, 8333
0.027, 8332
0.027, 8331
0.027, 8330
0.027, 8329
0.027, 8328
0.027, 8327
0.027, 8326
0.027, 8325
0.028, 8324
0.028, 8323
0.028, 8322
0.028, 8321
0.028, 8320
0.028, 8319
0.028, 8318
0.028, 8317
0.028, 8316
0.028, 8315
0.028, 8314
0.028, 8313
0.028, 8312
0.028, 8311
0.028, 8310
0.028, 8309
0.028, 8308
0.028, 8307
0.028, 8306
0.028, 8305
0.028, 8304
0.028, 8303
0.028, 8302
0.028, 8301
0.028, 8300
0.028, 8299
0.028, 8298
0.028, 8297
0.028, 8296
0.028, 8295
0.028, 8294
0.028, 8293
0.028, 8292
0.028, 8291
0.028, 8290
0.028, 8289
0.028, 8288
0.028, 8287
0.028, 8286
0.028, 8285
0.028, 8284
0.028, 8283
0.028, 8282
0.028, 8281
0.028, 8280
0.028, 8279
0.028, 8278
0.028, 8277
0.028, 8276
0.028, 8275
0.028, 8274
0.028, 8273
0.028, 8272
0.028, 8271
0.028, 8270
0.028, 8269
0.028, 8268
0.028, 8267
0.028, 8266
0.028, 8265
0.028, 8264
0.028, 8263
0.028, 8262
0.028, 8261
0.028, 8260
0.028, 8259
0.028, 8258
0.028, 8257
0.028, 8256
0.028, 8255
0.028, 8254
0.028, 8253
0.028, 8252
0.028, 8251
0.028, 8250
0.028, 8249
0.028, 8248
0.028, 8247
0.028, 8246
0.028, 8245
0.028, 8244
0.028, 8243
0.028, 8242
0.028, 8241
0.028, 8240
0.028, 8239
0.028, 8238
0.028, 8237
0.028, 8236
0.028, 8235
0.028, 8234
0.028, 8233
0.028, 8232
0.028, 8231
0.028, 8230
0.028, 8229
0.028, 8228
0.028, 8227
0.028, 8226
0.029, 8225
0.029, 8224
0.029, 8223
0.029, 8222
0.029, 8221
0.029, 8220
0.029, 8219
0.029, 8218
0.029, 8217
0.029, 8216
0.029, 8215
0.029, 8214
0.029, 8213
0.029, 8212
0.029, 8211
0.029, 8210
0.029, 8209
0.029, 8208
0.029, 8207
0.029, 8206
0.029, 8205
0.029, 8204
0.029, 8203
0.029, 8202
0.029, 8201
0.029, 8200
0.029, 8199
0.029, 8198
0.029, 8197
0.029, 8196
0.029, 8195
0.029, 8194
0.029, 8193
0.029, 8192
0.029, 8191
0.029, 8190
0.029, 8189
0.029, 8188
0.029, 8187
0.029, 8186
0.029, 8185
0.029, 8184
0.029, 8183
0.029, 8182
0.029, 8181
0.029, 8180
0.029, 8179
0.029, 8178
0.029, 8177
0.029, 8176
0.029, 8175
0.029, 8174
0.029, 8173
0.029, 8172
0.029, 8171
0.029, 8170
0.029, 8169
0.029, 8168
0.029, 8167
0.029, 8166
0.029, 8165
0.029, 8164
0.029, 8163
0.029, 8162
0.029, 8161
0.029, 8160
0.029, 8159
0.029, 8158
0.029, 8157
0.029, 8156
0.029, 8155
0.029, 8154
0.029, 8153
0.029, 8152
0.029, 8151
0.029, 8150
0.029, 8149
0.029, 8148
0.029, 8147
0.029, 8146
0.029, 8145
0.029, 8144
0.029, 8143
0.029, 8142
0.029, 8141
0.029, 8140
0.029, 8139
0.029, 8138
0.029, 8137
0.029, 8136
0.029, 8135
0.029, 8134
0.029, 8133
0.029, 8132
0.029, 8131
0.029, 8130
0.029, 8129
0.029, 8128
0.029, 8127
0.029, 8126
0.029, 8125
0.029, 8124
0.029, 8123
0.029, 8122
0.029, 8121
0.029, 8120
0.029, 8119
0.029, 8118
0.029, 8117
0.029, 8116
0.029, 8115
0.029, 8114
0.029, 8113
0.029, 8112
0.029, 8111
0.030, 8110
0.030, 8109
0.030, 8108
0.030, 8107
0.030, 8106
0.030, 8105
0.030, 8104
0.030, 8103
0.030, 8102
0.030, 8101
0.030, 8100
0.030, 8099
0.030, 8098
0.030, 8097
0.030, 8096
0.030, 8095
0.030, 8094
0.030, 8093
0.030, 8092
0.030, 8091
0.030, 8090
0.030, 8089
0.030, 8088
0.030, 8087
0.030, 8086
0.030, 8085
0.030, 8084
0.030, 8083
0.030, 8082
0.030, 8081
0.030, 8080
0.030, 8079
0.030, 8078
0.030, 8077
0.030, 8076
0.030, 8075
0.030, 8074
0.030, 8073
0.030, 8072
0.030, 8071
0.030, 8070
0.030, 8069
0.030, 8068
0.030, 8067
0.030, 8066
0.030, 8065
0.030, 8064
0.030, 8063
0.030, 8062
0.030, 8061
0.030, 8060
0.030, 8059
0.030, 8058
0.030, 8057
0.030, 8056
0.030, 8055
0.030, 8054
0.030, 8053
0.030, 8052
0.030, 8051
0.030, 8050
0.030, 8049
0.030, 8048
0.030, 8047
0.030, 8046
0.030, 8045
0.030, 8044
0.030, 8043
0.030, 8042
0.030, 8041
0.030, 8040
0.030, 8039
0.030, 8038
0.030, 8037
0.030, 8036
0.030, 8035
0.030, 8034
0.030, 8033
0.030, 8032
0.030, 8031
0.030, 8030
0.030, 8029
0.030, 8028
0.030, 8027
0.030, 8026
0.030, 8025
0.030, 8024
0.030, 8023
0.030, 8022
0.030, 8021
0.030, 8020
0.030, 8019
0.031, 8018
0.031, 8017
0.031, 8016
0.031, 8015
0.031, 8014
0.031, 8013
0.031, 8012
0.031, 8011
0.031, 8010
0.031, 8009
0.031, 8008
0.031, 8007
0.031, 8006
0.031, 8005
0.031, 8004
0.031, 8003
0.031, 8002
0.031, 8001
0.031, 8000
0.031, 7999
0.031, 7998
0.031, 7997
0.031, 7996
0.031, 7995
0.031, 7994
0.031, 7993
0.031, 7992
0.031, 7991
0.031, 7990
0.031, 7989
0.031, 7988
0.031, 7987
0.031, 7986
0.031, 7985
0.031, 7984
0.031, 7983
0.031, 7982
0.031, 7981
0.031, 7980
0.031, 7979
0.031, 7978
0.031, 7977
0.031, 7976
0.031, 7975
0.031, 7974
0.031, 7973
0.031, 7972
0.031, 7971
0.031, 7970
0.031, 7969
0.031, 7968
0.031, 7967
0.031, 7966
0.031, 7965
0.031, 7964
0.031, 7963
0.031, 7962
0.031, 7961
0.031, 7960
0.031, 7959
0.031, 7958
0.031, 7957
0.031, 7956
0.031, 7955
0.031, 7954
0.031, 7953
0.031, 7952
0.031, 7951
0.031, 7950
0.031, 7949
0.031, 7948
0.031, 7947
0.031, 7946
0.031, 7945
0.031, 7944
0.031, 7943
0.031, 7942
0.031, 7941
0.031, 7940
0.031, 7939
0.031, 7938
0.031, 7937
0.031, 7936
0.031, 7935
0.031, 7934
0.031, 7933
0.031, 7932
0.031, 7931
0.031, 7930
0.031, 7929
0.031, 7928
0.031, 7927
0.031, 7926
0.031, 7925
0.031, 7924
0.031, 7923
0.031, 7922
0.031, 7921
0.031, 7920
0.031, 7919
0.031, 7918
0.031, 7917
0.032, 7916
0.032, 7915
0.032, 7914
0.032, 7913
0.032, 7912
0.032, 7911
0.032, 7910
0.032, 7909
0.032, 7908
0.032, 7907
0.032, 7906
0.032, 7905
0.032, 7904
0.032, 7903
0.032, 7902
0.032, 7901
0.032, 7900
0.032, 7899
0.032, 7898
0.032, 7897
0.032, 7896
0.032, 7895
0.032, 7894
0.032, 7893
0.032, 7892
0.032, 7891
0.032, 7890
0.032, 7889
0.032, 7888
0.032, 7887
0.032, 7886
0.032, 7885
0.032, 7884
0.032, 7883
0.032, 7882
0.032, 7881
0.032, 7880
0.032, 7879
0.032, 7878
0.032, 7877
0.032, 7876
0.032, 7875
0.032, 7874
0.032, 7873
0.032, 7872
0.032, 7871
0.032, 7870
0.032, 7869
0.032, 7868
0.032, 7867
0.032, 7866
0.032, 7865
0.032, 7864
0.032, 7863
0.032, 7862
0.032, 7861
0.032, 7860
0.032, 7859
0.032, 7858
0.032, 7857
0.032, 7856
0.032, 7855
0.032, 7854
0.032, 7853
0.032, 7852
0.032, 7851
0.032, 7850
0.032, 7849
0.032, 7848
0.032, 7847
0.032, 7846
0.032, 7845
0.032, 7844
0.032, 7843
0.032, 7842
0.032, 7841
0.032, 7840
0.032, 7839
0.032, 7838
0.032, 7837
0.032, 7836
0.032, 7835
0.032, 7834
0.032, 7833
0.032, 7832
0.032, 7831
0.032, 7830
0.032, 7829
0.032, 7828
0.032, 7827
0.032, 7826
0.032, 7825
0.032, 7824
0.032, 7823
0.033, 7822
0.033, 7821
0.033, 7820
0.033, 7819
0.033, 7818
0.033, 7817
0.033, 7816
0.033, 7815
0.033, 7814
0.033, 7813
0.033, 7812
0.033, 7811
0.033, 7810
0.033, 7809
0.033, 7808
0.033, 7807
0.033, 7806
0.033, 7805
0.033, 7804
0.033, 7803
0.033, 7802
0.033, 7801
0.033, 7800
0.033, 7799
0.033, 7798
0.033, 7797
0.033, 7796
0.033, 7795
0.033, 7794
0.033, 7793
0.033, 7792
0.033, 7791
0.033, 7790
0.033, 7789
0.033, 7788
0.033, 7787
0.033, 7786
0.033, 7785
0.033, 7784
0.033, 7783
0.033, 7782
0.033, 7781
0.033, 7780
0.033, 7779
0.033, 7778
0.033, 7777
0.033, 7776
0.033, 7775
0.033, 7774
0.033, 7773
0.033, 7772
0.033, 7771
0.033, 7770
0.033, 7769
0.033, 7768
0.033, 7767
0.033, 7766
0.033, 7765
0.033, 7764
0.033, 7763
0.033, 7762
0.033, 7761
0.033, 7760
0.033, 7759
0.033, 7758
0.033, 7757
0.033, 7756
0.033, 7755
0.033, 7754
0.033, 7753
0.033, 7752
0.033, 7751
0.033, 7750
0.033, 7749
0.033, 7748
0.033, 7747
0.033, 7746
0.033, 7745
0.033, 7744
0.033, 7743
0.033, 7742
0.033, 7741
0.033, 7740
0.033, 7739
0.033, 7738
0.033, 7737
0.033, 7736
0.033, 7735
0.033, 7734
0.033, 7733
0.033, 7732
0.033, 7731
0.033, 7730
0.033, 7729
0.033, 7728
0.033, 7727
0.033, 7726
0.033, 7725
0.033, 7724
0.033, 7723
0.033, 7722
0.033, 7721
0.033, 7720
0.033, 7719
0.034, 7718
0.034, 7717
0.034, 7716
0.034, 7715
0.034, 7714
0.034, 7713
0.034, 7712
0.034, 7711
0.034, 7710
0.034, 7709
0.034, 7708
0.034, 7707
0.034, 7706
0.034, 7705
0.034, 7704
0.034, 7703
0.034, 7702
0.034, 7701
0.034, 7700
0.034, 7699
0.034, 7698
0.034, 7697
0.034, 7696
0.034, 7695
0.034, 7694
0.034, 7693
0.034, 7692
0.034, 7691
0.034, 7690
0.034, 7689
0.034, 7688
0.034, 7687
0.034, 7686
0.034, 7685
0.034, 7684
0.034, 7683
0.034, 7682
0.034, 7681
0.034, 7680
0.034, 7679
0.034, 7678
0.034, 7677
0.034, 7676
0.034, 7675
0.034, 7674
0.034, 7673
0.034, 7672
0.034, 7671
0.034, 7670
0.034, 7669
0.034, 7668
0.034, 7667
0.034, 7666
0.034, 7665
0.034, 7664
0.034, 7663
0.034, 7662
0.034, 7661
0.034, 7660
0.034, 7659
0.034, 7658
0.034, 7657
0.035, 7656
0.035, 7655
0.035, 7654
0.035, 7653
0.035, 7652
0.035, 7651
0.035, 7650
0.035, 7649
0.035, 7648
0.035, 7647
0.035, 7646
0.035, 7645
0.035, 7644
0.035, 7643
0.035, 7642
0.035, 7641
0.035, 7640
0.035, 7639
0.035, 7638
0.035, 7637
0.035, 7636
0.035, 7635
0.035, 7634
0.035, 7633
0.035, 7632
0.035, 7631
0.035, 7630
0.035, 7629
0.035, 7628
0.035, 7627
0.035, 7626
0.035, 7625
0.035, 7624
0.035, 7623
0.035, 7622
0.035, 7621
0.035, 7620
0.035, 7619
0.035, 7618
0.035, 7617
0.035, 7616
0.035, 7615
0.035, 7614
0.035, 7613
0.035, 7612
0.035, 7611
0.035, 7610
0.035, 7609
0.035, 7608
0.035, 7607
0.035, 7606
0.035, 7605
0.035, 7604
0.035, 7603
0.035, 7602
0.035, 7601
0.035, 7600
0.035, 7599
0.035, 7598
0.035, 7597
0.035, 7596
0.035, 7595
0.035, 7594
0.035, 7593
0.035, 7592
0.035, 7591
0.035, 7590
0.035, 7589
0.035, 7588
0.035, 7587
0.035, 7586
0.035, 7585
0.035, 7584
0.035, 7583
0.035, 7582
0.035, 7581
0.035, 7580
0.035, 7579
0.035, 7578
0.035, 7577
0.035, 7576
0.035, 7575
0.035, 7574
0.035, 7573
0.035, 7572
0.035, 7571
0.035, 7570
0.035, 7569
0.035, 7568
0.035, 7567
0.035, 7566
0.036, 7565
0.036, 7564
0.036, 7563
0.036, 7562
0.036, 7561
0.036, 7560
0.036, 7559
0.036, 7558
0.036, 7557
0.036, 7556
0.036, 7555
0.036, 7554
0.036, 7553
0.036, 7552
0.036, 7551
0.036, 7550
0.036, 7549
0.036, 7548
0.036, 7547
0.036, 7546
0.036, 7545
0.036, 7544
0.036, 7543
0.036, 7542
0.036, 7541
0.036, 7540
0.036, 7539
0.036, 7538
0.036, 7537
0.036, 7536
0.036, 7535
0.036, 7534
0.036, 7533
0.036, 7532
0.036, 7531
0.036, 7530
0.036, 7529
0.036, 7528
0.036, 7527
0.036, 7526
0.036, 7525
0.036, 7524
0.036, 7523
0.036, 7522
0.036, 7521
0.036, 7520
0.036, 7519
0.036, 7518
0.036, 7517
0.036, 7516
0.036, 7515
0.036, 7514
0.036, 7513
0.036, 7512
0.036, 7511
0.036, 7510
0.036, 7509
0.036, 7508
0.036, 7507
0.036, 7506
0.036, 7505
0.036, 7504
0.036, 7503
0.036, 7502
0.036, 7501
0.036, 7500
0.036, 7499
0.036, 7498
0.036, 7497
0.036, 7496
0.036, 7495
0.036, 7494
0.036, 7493
0.036, 7492
0.037, 7491
0.037, 7490
0.037, 7489
0.037, 7488
0.037, 7487
0.037, 7486
0.037, 7485
0.037, 7484
0.037, 7483
0.037, 7482
0.037, 7481
0.037, 7480
0.037, 7479
0.037, 7478
0.037, 7477
0.037, 7476
0.037, 7475
0.037, 7474
0.037, 7473
0.037, 7472
0.037, 7471
0.037, 7470
0.037, 7469
0.037, 7468
0.037, 7467
0.037, 7466
0.037, 7465
0.037, 7464
0.037, 7463
0.037, 7462
0.037, 7461
0.037, 7460
0.037, 7459
0.037, 7458
0.037, 7457
0.037, 7456
0.037, 7455
0.037, 7454
0.037, 7453
0.037, 7452
0.037, 7451
0.037, 7450
0.037, 7449
0.037, 7448
0.037, 7447
0.037, 7446
0.037, 7445
0.037, 7444
0.037, 7443
0.037, 7442
0.037, 7441
0.037, 7440
0.037, 7439
0.037, 7438
0.037, 7437
0.037, 7436
0.037, 7435
0.037, 7434
0.037, 7433
0.037, 7432
0.037, 7431
0.037, 7430
0.037, 7429
0.037, 7428
0.037, 7427
0.037, 7426
0.037, 7425
0.037, 7424
0.037, 7423
0.037, 7422
0.037, 7421
0.037, 7420
0.037, 7419
0.037, 7418
0.037, 7417
0.037, 7416
0.037, 7415
0.037, 7414
0.037, 7413
0.037, 7412
0.038, 7411
0.038, 7410
0.038, 7409
0.038, 7408
0.038, 7407
0.038, 7406
0.038, 7405
0.038, 7404
0.038, 7403
0.038, 7402
0.038, 7401
0.038, 7400
0.038, 7399
0.038, 7398
0.038, 7397
0.038, 7396
0.038, 7395
0.038, 7394
0.038, 7393
0.038, 7392
0.038, 7391
0.038, 7390
0.038, 7389
0.038, 7388
0.038, 7387
0.038, 7386
0.038, 7385
0.038, 7384
0.038, 7383
0.038, 7382
0.038, 7381
0.038, 7380
0.038, 7379
0.038, 7378
0.038, 7377
0.038, 7376
0.038, 7375
0.038, 7374
0.038, 7373
0.038, 7372
0.038, 7371
0.038, 7370
0.038, 7369
0.038, 7368
0.038, 7367
0.038, 7366
0.038, 7365
0.038, 7364
0.038, 7363
0.038, 7362
0.038, 7361
0.038, 7360
0.038, 7359
0.038, 7358
0.038, 7357
0.038, 7356
0.038, 7355
0.038, 7354
0.038, 7353
0.038, 7352
0.038, 7351
0.038, 7350
0.038, 7349
0.038, 7348
0.038, 7347
0.038, 7346
0.038, 7345
0.038, 7344
0.038, 7343
0.038, 7342
0.038, 7341
0.038, 7340
0.038, 7339
0.038, 7338
0.038, 7337
0.038, 7336
0.038, 7335
0.038, 7334
0.038, 7333
0.038, 7332
0.038, 7331
0.038, 7330
0.038, 7329
0.038, 7328
0.038, 7327
0.038, 7326
0.038, 7325
0.038, 7324
0.039, 7323
0.039, 7322
0.039, 7321
0.039, 7320
0.039, 7319
0.039, 7318
0.039, 7317
0.039, 7316
0.039, 7315
0.039, 7314
0.039, 7313
0.039, 7312
0.039, 7311
0.039, 7310
0.039, 7309
0.039, 7308
0.039, 7307
0.039, 7306
0.039, 7305
0.039, 7304
0.039, 7303
0.039, 7302
0.039, 7301
0.039, 7300
0.039, 7299
0.039, 7298
0.039, 7297
0.039, 7296
0.039, 7295
0.039, 7294
0.039, 7293
0.039, 7292
0.039, 7291
0.039, 7290
0.039, 7289
0.039, 7288
0.039, 7287
0.039, 7286
0.039, 7285
0.039, 7284
0.039, 7283
0.039, 7282
0.039, 7281
0.039, 7280
0.039, 7279
0.039, 7278
0.039, 7277
0.039, 7276
0.039, 7275
0.039, 7274
0.039, 7273
0.039, 7272
0.039, 7271
0.039, 7270
0.039, 7269
0.039, 7268
0.039, 7267
0.039, 7266
0.039, 7265
0.039, 7264
0.039, 7263
0.039, 7262
0.039, 7261
0.039, 7260
0.039, 7259
0.039, 7258
0.039, 7257
0.039, 7256
0.039, 7255
0.039, 7254
0.039, 7253
0.039, 7252
0.039, 7251
0.039, 7250
0.039, 7249
0.039, 7248
0.039, 7247
0.039, 7246
0.039, 7245
0.039, 7244
0.039, 7243
0.039, 7242
0.039, 7241
0.039, 7240
0.039, 7239
0.039, 7238
0.039, 7237
0.039, 7236
0.039, 7235
0.039, 7234
0.039, 7233
0.039, 7232
0.039, 7231
0.039, 7230
0.039, 7229
0.039, 7228
0.040, 7227
0.040, 7226
0.040, 7225
0.040, 7224
0.040, 7223
0.040, 7222
0.040, 7221
0.040, 7220
0.040, 7219
0.040, 7218
0.040, 7217
0.040, 7216
0.040, 7215
0.040, 7214
0.040, 7213
0.040, 7212
0.040, 7211
0.040, 7210
0.040, 7209
0.040, 7208
0.040, 7207
0.040, 7206
0.040, 7205
0.040, 7204
0.040, 7203
0.040, 7202
0.040, 7201
0.040, 7200
0.040, 7199
0.040, 7198
0.040, 7197
0.040, 7196
0.040, 7195
0.040, 7194
0.040, 7193
0.040, 7192
0.040, 7191
0.040, 7190
0.040, 7189
0.040, 7188
0.040, 7187
0.040, 7186
0.040, 7185
0.040, 7184
0.040, 7183
0.040, 7182
0.040, 7181
0.040, 7180
0.040, 7179
0.040, 7178
0.040, 7177
0.040, 7176
0.040, 7175
0.040, 7174
0.040, 7173
0.040, 7172
0.040, 7171
0.040, 7170
0.040, 7169
0.040, 7168
0.040, 7167
0.040, 7166
0.040, 7165
0.040, 7164
0.040, 7163
0.040, 7162
0.040, 7161
0.040, 7160
0.040, 7159
0.040, 7158
0.040, 7157
0.040, 7156
0.040, 7155
0.040, 7154
0.040, 7153
0.040, 7152
0.040, 7151
0.040, 7150
0.040, 7149
0.040, 7148
0.040, 7147
0.040, 7146
0.040, 7145
0.040, 7144
0.040, 7143
0.040, 7142
0.041, 7141
0.041, 7140
0.041, 7139
0.041, 7138
0.041, 7137
0.041, 7136
0.041, 7135
0.041, 7134
0.041, 7133
0.041, 7132
0.041, 7131
0.041, 7130
0.041, 7129
0.041, 7128
0.041, 7127
0.041, 7126
0.041, 7125
0.041, 7124
0.041, 7123
0.041, 7122
0.041, 7121
0.041, 7120
0.041, 7119
0.041, 7118
0.041, 7117
0.041, 7116
0.041, 7115
0.041, 7114
0.041, 7113
0.041, 7112
0.041, 7111
0.041, 7110
0.041, 7109
0.041, 7108
0.041, 7107
0.041, 7106
0.041, 7105
0.041, 7104
0.041, 7103
0.041, 7102
0.041, 7101
0.041, 7100
0.041, 7099
0.041, 7098
0.041, 7097
0.041, 7096
0.041, 7095
0.041, 7094
0.041, 7093
0.041, 7092
0.041, 7091
0.042, 7090
0.042, 7089
0.042, 7088
0.042, 7087
0.042, 7086
0.042, 7085
0.042, 7084
0.042, 7083
0.042, 7082
0.042, 7081
0.042, 7080
0.042, 7079
0.042, 7078
0.042, 7077
0.042, 7076
0.042, 7075
0.042, 7074
0.042, 7073
0.042, 7072
0.042, 7071
0.042, 7070
0.042, 7069
0.042, 7068
0.042, 7067
0.042, 7066
0.042, 7065
0.042, 7064
0.042, 7063
0.042, 7062
0.042, 7061
0.042, 7060
0.042, 7059
0.043, 7058
0.043, 7057
0.043, 7056
0.043, 7055
0.043, 7054
0.043, 7053
0.043, 7052
0.043, 7051
0.043, 7050
0.043, 7049
0.043, 7048
0.043, 7047
0.043, 7046
0.043, 7045
0.043, 7044
0.043, 7043
0.043, 7042
0.043, 7041
0.043, 7040
0.043, 7039
0.043, 7038
0.043, 7037
0.043, 7036
0.043, 7035
0.043, 7034
0.043, 7033
0.043, 7032
0.043, 7031
0.043, 7030
0.043, 7029
0.043, 7028
0.043, 7027
0.043, 7026
0.043, 7025
0.043, 7024
0.043, 7023
0.043, 7022
0.043, 7021
0.044, 7020
0.044, 7019
0.044, 7018
0.044, 7017
