0.002, 11021
0.002, 11020
0.002, 11019
0.002, 11018
0.002, 11017
0.002, 11016
0.002, 11015
0.002, 11014
0.002, 11013
0.002, 11012
0.002, 11011
0.002, 11010
0.002, 11009
0.002, 11008
0.002, 11007
0.002, 11006
0.002, 11005
0.002, 11004
0.002, 11003
0.002, 11002
0.002, 11001
0.002, 11000
0.002, 10999
0.002, 10998
0.002, 10997
0.002, 10996
0.002, 10995
0.002, 10994
0.002, 10993
0.002, 10992
0.002, 10991
0.002, 10990
0.002, 10989
0.002, 10988
0.002, 10987
0.002, 10986
0.002, 10985
0.002, 10984
0.002, 10983
0.002, 10982
0.002, 10981
0.002, 10980
0.002, 10979
0.002, 10978
0.002, 10977
0.002, 10976
0.002, 10975
0.002, 10974
0.002, 10973
0.002, 10972
0.002, 10971
0.002, 10970
0.002, 10969
0.002, 10968
0.002, 10967
0.002, 10966
0.002, 10965
0.002, 10964
0.002, 10963
0.002, 10962
0.002, 10961
0.002, 10960
0.002, 10959
0.002, 10958
0.002, 10957
0.002, 10956
0.002, 10955
0.002, 10954
0.002, 10953
0.002, 10952
0.002, 10951
0.002, 10950
0.002, 10949
0.002, 10948
0.002, 10947
0.002, 10946
0.002, 10945
0.002, 10944
0.002, 10943
0.002, 10942
0.002, 10941
0.002, 10940
0.002, 10939
0.002, 10938
0.002, 10937
0.002, 10936
0.002, 10935
0.002, 10934
0.002, 10933
0.002, 10932
0.002, 10931
0.002, 10930
0.002, 10929
0.002, 10928
0.002, 10927
0.002, 10926
0.002, 10925
0.002, 10924
0.002, 10923
0.002, 10922
0.002, 10921
0.002, 10920
0.002, 10919
0.002, 10918
0.002, 10917
0.002, 10916
0.002, 10915
0.002, 10914
0.002, 10913
0.002, 10912
0.002, 10911
0.002, 10910
0.002, 10909
0.002, 10908
0.002, 10907
0.002, 10906
0.002, 10905
0.002, 10904
0.002, 10903
0.002, 10902
0.002, 10901
0.002, 10900
0.002, 10899
0.002, 10898
0.002, 10897
0.002, 10896
0.002, 10895
0.002, 10894
0.002, 10893
0.002, 10892
0.002, 10891
0.002, 10890
0.002, 10889
0.002, 10888
0.002, 10887
0.002, 10886
0.002, 10885
0.002, 10884
0.002, 10883
0.002, 10882
0.002, 10881
0.002, 10880
0.002, 10879
0.002, 10878
0.002, 10877
0.002, 10876
0.002, 10875
0.002, 10874
0.002, 10873
0.002, 10872
0.002, 10871
0.002, 10870
0.002, 10869
0.002, 10868
0.002, 10867
0.002, 10866
0.002, 10865
0.002, 10864
0.002, 10863
0.002, 10862
0.002, 10861
0.002, 10860
0.002, 10859
0.002, 10858
0.002, 10857
0.002, 10856
0.002, 10855
0.002, 10854
0.002, 10853
0.002, 10852
0.002, 10851
0.002, 10850
0.002, 10849
0.002, 10848
0.002, 10847
0.002, 10846
0.002, 10845
0.002, 10844
0.002, 10843
0.002, 10842
0.002, 10841
0.002, 10840
0.002, 10839
0.002, 10838
0.002, 10837
0.002, 10836
0.002, 10835
0.002, 10834
0.002, 10833
0.002, 10832
0.002, 10831
0.002, 10830
0.002, 10829
0.002, 10828
0.002, 10827
0.002, 10826
0.002, 10825
0.002, 10824
0.002, 10823
0.002, 10822
0.002, 10821
0.002, 10820
0.002, 10819
0.002, 10818
0.002, 10817
0.002, 10816
0.002, 10815
0.002, 10814
0.002, 10813
0.002, 10812
0.002, 10811
0.002, 10810
0.002, 10809
0.002, 10808
0.002, 10807
0.002, 10806
0.002, 10805
0.002, 10804
0.002, 10803
0.002, 10802
0.002, 10801
0.002, 10800
0.002, 10799
0.002, 10798
0.002, 10797
0.002, 10796
0.002, 10795
0.002, 10794
0.002, 10793
0.002, 10792
0.002, 10791
0.002, 10790
0.002, 10789
0.002, 10788
0.002, 10787
0.002, 10786
0.002, 10785
0.002, 10784
0.002, 10783
0.002, 10782
0.002, 10781
0.002, 10780
0.002, 10779
0.002, 10778
0.002, 10777
0.002, 10776
0.002, 10775
0.002, 10774
0.002, 10773
0.002, 10772
0.002, 10771
0.002, 10770
0.002, 10769
0.002, 10768
0.002, 10767
0.002, 10766
0.002, 10765
0.002, 10764
0.002, 10763
0.002, 10762
0.002, 10761
0.002, 10760
0.002, 10759
0.002, 10758
0.002, 10757
0.002, 10756
0.002, 10755
0.002, 10754
0.002, 10753
0.002, 10752
0.002, 10751
0.002, 10750
0.002, 10749
0.002, 10748
0.002, 10747
0.002, 10746
0.002, 10745
0.002, 10744
0.002, 10743
0.002, 10742
0.002, 10741
0.002, 10740
0.002, 10739
0.002, 10738
0.002, 10737
0.002, 10736
0.002, 10735
0.002, 10734
0.002, 10733
0.002, 10732
0.002, 10731
0.002, 10730
0.002, 10729
0.002, 10728
0.002, 10727
0.002, 10726
0.002, 10725
0.002, 10724
0.002, 10723
0.002, 10722
0.002, 10721
0.002, 10720
0.002, 10719
0.002, 10718
0.002, 10717
0.002, 10716
0.002, 10715
0.002, 10714
0.002, 10713
0.002, 10712
0.003, 10711
0.003, 10710
0.003, 10709
0.003, 10708
0.003, 10707
0.003, 10706
0.003, 10705
0.003, 10704
0.003, 10703
0.003, 10702
0.003, 10701
0.003, 10700
0.003, 10699
0.003, 10698
0.003, 10697
0.003, 10696
0.003, 10695
0.003, 10694
0.003, 10693
0.003, 10692
0.003, 10691
0.003, 10690
0.003, 10689
0.003, 10688
0.003, 10687
0.003, 10686
0.003, 10685
0.003, 10684
0.003, 10683
0.003, 10682
0.003, 10681
0.003, 10680
0.003, 10679
0.003, 10678
0.003, 10677
0.003, 10676
0.003, 10675
0.003, 10674
0.003, 10673
0.003, 10672
0.003, 10671
0.003, 10670
0.003, 10669
0.003, 10668
0.003, 10667
0.003, 10666
0.003, 10665
0.003, 10664
0.003, 10663
0.003, 10662
0.003, 10661
0.003, 10660
0.003, 10659
0.003, 10658
0.003, 10657
0.003, 10656
0.003, 10655
0.003, 10654
0.003, 10653
0.003, 10652
0.003, 10651
0.003, 10650
0.003, 10649
0.003, 10648
0.003, 10647
0.003, 10646
0.003, 10645
0.003, 10644
0.003, 10643
0.003, 10642
0.003, 10641
0.003, 10640
0.003, 10639
0.003, 10638
0.003, 10637
0.003, 10636
0.003, 10635
0.003, 10634
0.003, 10633
0.003, 10632
0.003, 10631
0.003, 10630
0.003, 10629
0.003, 10628
0.003, 10627
0.003, 10626
0.003, 10625
0.003, 10624
0.003, 10623
0.003, 10622
0.003, 10621
0.003, 10620
0.003, 10619
0.003, 10618
0.003, 10617
0.003, 10616
0.003, 10615
0.003, 10614
0.003, 10613
0.003, 10612
0.003, 10611
0.003, 10610
0.003, 10609
0.003, 10608
0.003, 10607
0.003, 10606
0.003, 10605
0.003, 10604
0.003, 10603
0.003, 10602
0.003, 10601
0.003, 10600
0.003, 10599
0.003, 10598
0.003, 10597
0.003, 10596
0.003, 10595
0.003, 10594
0.003, 10593
0.003, 10592
0.003, 10591
0.003, 10590
0.003, 10589
0.003, 10588
0.003, 10587
0.003, 10586
0.003, 10585
0.003, 10584
0.003, 10583
0.003, 10582
0.003, 10581
0.003, 10580
0.003, 10579
0.003, 10578
0.003, 10577
0.003, 10576
0.003, 10575
0.003, 10574
0.003, 10573
0.003, 10572
0.003, 10571
0.003, 10570
0.003, 10569
0.003, 10568
0.003, 10567
0.003, 10566
0.003, 10565
0.003, 10564
0.003, 10563
0.003, 10562
0.003, 10561
0.003, 10560
0.003, 10559
0.003, 10558
0.003, 10557
0.003, 10556
0.003, 10555
0.003, 10554
0.003, 10553
0.003, 10552
0.003, 10551
0.003, 10550
0.003, 10549
0.003, 10548
0.003, 10547
0.003, 10546
0.003, 10545
0.003, 10544
0.003, 10543
0.003, 10542
0.003, 10541
0.003, 10540
0.003, 10539
0.003, 10538
0.003, 10537
0.003, 10536
0.003, 10535
0.003, 10534
0.003, 10533
0.003, 10532
0.003, 10531
0.003, 10530
0.003, 10529
0.003, 10528
0.003, 10527
0.003, 10526
0.003, 10525
0.003, 10524
0.003, 10523
0.003, 10522
0.003, 10521
0.003, 10520
0.003, 10519
0.003, 10518
0.003, 10517
0.003, 10516
0.003, 10515
0.003, 10514
0.003, 10513
0.003, 10512
0.003, 10511
0.003, 10510
0.003, 10509
0.003, 10508
0.003, 10507
0.003, 10506
0.003, 10505
0.003, 10504
0.003, 10503
0.003, 10502
0.003, 10501
0.003, 10500
0.003, 10499
0.003, 10498
0.003, 10497
0.003, 10496
0.003, 10495
0.003, 10494
0.003, 10493
0.003, 10492
0.003, 10491
0.003, 10490
0.003, 10489
0.003, 10488
0.003, 10487
0.003, 10486
0.003, 10485
0.003, 10484
0.003, 10483
0.003, 10482
0.003, 10481
0.003, 10480
0.003, 10479
0.003, 10478
0.003, 10477
0.003, 10476
0.003, 10475
0.003, 10474
0.003, 10473
0.003, 10472
0.003, 10471
0.003, 10470
0.003, 10469
0.003, 10468
0.003, 10467
0.003, 10466
0.003, 10465
0.003, 10464
0.003, 10463
0.003, 10462
0.003, 10461
0.003, 10460
0.003, 10459
0.003, 10458
0.003, 10457
0.003, 10456
0.003, 10455
0.003, 10454
0.003, 10453
0.003, 10452
0.003, 10451
0.003, 10450
0.003, 10449
0.003, 10448
0.003, 10447
0.003, 10446
0.003, 10445
0.003, 10444
0.003, 10443
0.003, 10442
0.003, 10441
0.003, 10440
0.003, 10439
0.003, 10438
0.003, 10437
0.003, 10436
0.003, 10435
0.003, 10434
0.003, 10433
0.003, 10432
0.003, 10431
0.003, 10430
0.003, 10429
0.003, 10428
0.003, 10427
0.003, 10426
0.003, 10425
0.003, 10424
0.003, 10423
0.003, 10422
0.003, 10421
0.003, 10420
0.003, 10419
0.003, 10418
0.003, 10417
0.003, 10416
0.003, 10415
0.003, 10414
0.003, 10413
0.003, 10412
0.003, 10411
0.003, 10410
0.003, 10409
0.003, 10408
0.003, 10407
0.003, 10406
0.003, 10405
0.003, 10404
0.003, 10403
0.003, 10402
0.003, 10401
0.003, 10400
0.003, 10399
0.003, 10398
0.003, 10397
0.003, 10396
0.003, 10395
0.003, 10394
0.003, 10393
0.003, 10392
0.003, 10391
0.003, 10390
0.003, 10389
0.003, 10388
0.003, 10387
0.003, 10386
0.003, 10385
0.003, 10384
0.003, 10383
0.003, 10382
0.003, 10381
0.003, 10380
0.003, 10379
0.003, 10378
0.003, 10377
0.003, 10376
0.003, 10375
0.003, 10374
0.003, 10373
0.003, 10372
0.003, 10371
0.003, 10370
0.003, 10369
0.003, 10368
0.003, 10367
0.003, 10366
0.003, 10365
0.003, 10364
0.003, 10363
0.003, 10362
0.003, 10361
0.003, 10360
0.003, 10359
0.003, 10358
0.003, 10357
0.003, 10356
0.003, 10355
0.003, 10354
0.003, 10353
0.003, 10352
0.003, 10351
0.003, 10350
0.003, 10349
0.003, 10348
0.003, 10347
0.003, 10346
0.003, 10345
0.003, 10344
0.003, 10343
0.003, 10342
0.003, 10341
0.003, 10340
0.003, 10339
0.003, 10338
0.003, 10337
0.003, 10336
0.003, 10335
0.003, 10334
0.003, 10333
0.003, 10332
0.003, 10331
0.003, 10330
0.003, 10329
0.003, 10328
0.003, 10327
0.003, 10326
0.003, 10325
0.003, 10324
0.003, 10323
0.003, 10322
0.003, 10321
0.003, 10320
0.003, 10319
0.003, 10318
0.003, 10317
0.003, 10316
0.003, 10315
0.003, 10314
0.003, 10313
0.003, 10312
0.003, 10311
0.003, 10310
0.003, 10309
0.003, 10308
0.003, 10307
0.003, 10306
0.003, 10305
0.003, 10304
0.003, 10303
0.003, 10302
0.003, 10301
0.003, 10300
0.003, 10299
0.003, 10298
0.003, 10297
0.003, 10296
0.003, 10295
0.003, 10294
0.003, 10293
0.003, 10292
0.003, 10291
0.003, 10290
0.003, 10289
0.003, 10288
0.003, 10287
0.003, 10286
0.003, 10285
0.003, 10284
0.003, 10283
0.003, 10282
0.003, 10281
0.003, 10280
0.003, 10279
0.003, 10278
0.003, 10277
0.003, 10276
0.003, 10275
0.003, 10274
0.003, 10273
0.003, 10272
0.003, 10271
0.003, 10270
0.003, 10269
0.003, 10268
0.003, 10267
0.003, 10266
0.003, 10265
0.003, 10264
0.003, 10263
0.003, 10262
0.003, 10261
0.003, 10260
0.003, 10259
0.003, 10258
0.003, 10257
0.003, 10256
0.003, 10255
0.003, 10254
0.003, 10253
0.003, 10252
0.003, 10251
0.003, 10250
0.003, 10249
0.003, 10248
0.003, 10247
0.003, 10246
0.003, 10245
0.003, 10244
0.003, 10243
0.003, 10242
0.003, 10241
0.003, 10240
0.003, 10239
0.003, 10238
0.003, 10237
0.003, 10236
0.003, 10235
0.003, 10234
0.003, 10233
0.003, 10232
0.003, 10231
0.003, 10230
0.003, 10229
0.003, 10228
0.003, 10227
0.003, 10226
0.003, 10225
0.003, 10224
0.003, 10223
0.003, 10222
0.003, 10221
0.003, 10220
0.003, 10219
0.003, 10218
0.003, 10217
0.003, 10216
0.003, 10215
0.003, 10214
0.003, 10213
0.003, 10212
0.003, 10211
0.003, 10210
0.003, 10209
0.003, 10208
0.003, 10207
0.003, 10206
0.003, 10205
0.003, 10204
0.003, 10203
0.003, 10202
0.003, 10201
0.003, 10200
0.003, 10199
0.003, 10198
0.003, 10197
0.003, 10196
0.003, 10195
0.003, 10194
0.003, 10193
0.003, 10192
0.003, 10191
0.003, 10190
0.003, 10189
0.003, 10188
0.003, 10187
0.003, 10186
0.003, 10185
0.003, 10184
0.003, 10183
0.003, 10182
0.003, 10181
0.003, 10180
0.003, 10179
0.003, 10178
0.003, 10177
0.003, 10176
0.003, 10175
0.003, 10174
0.003, 10173
0.003, 10172
0.003, 10171
0.003, 10170
0.003, 10169
0.003, 10168
0.003, 10167
0.003, 10166
0.003, 10165
0.003, 10164
0.003, 10163
0.003, 10162
0.003, 10161
0.003, 10160
0.003, 10159
0.003, 10158
0.003, 10157
0.003, 10156
0.003, 10155
0.003, 10154
0.003, 10153
0.003, 10152
0.003, 10151
0.003, 10150
0.003, 10149
0.003, 10148
0.003, 10147
0.003, 10146
0.003, 10145
0.003, 10144
0.003, 10143
0.003, 10142
0.003, 10141
0.003, 10140
0.003, 10139
0.003, 10138
0.003, 10137
0.003, 10136
0.003, 10135
0.003, 10134
0.003, 10133
0.003, 10132
0.003, 10131
0.003, 10130
0.003, 10129
0.003, 10128
0.003, 10127
0.003, 10126
0.003, 10125
0.003, 10124
0.003, 10123
0.003, 10122
0.003, 10121
0.003, 10120
0.003, 10119
0.003, 10118
0.004, 10117
0.004, 10116
0.004, 10115
0.004, 10114
0.004, 10113
0.004, 10112
0.004, 10111
0.004, 10110
0.004, 10109
0.004, 10108
0.004, 10107
0.004, 10106
0.004, 10105
0.004, 10104
0.004, 10103
0.004, 10102
0.004, 10101
0.004, 10100
0.004, 10099
0.004, 10098
0.004, 10097
0.004, 10096
0.004, 10095
0.004, 10094
0.004, 10093
0.004, 10092
0.004, 10091
0.004, 10090
0.004, 10089
0.004, 10088
0.004, 10087
0.004, 10086
0.004, 10085
0.004, 10084
0.004, 10083
0.004, 10082
0.004, 10081
0.004, 10080
0.004, 10079
0.004, 10078
0.004, 10077
0.004, 10076
0.004, 10075
0.004, 10074
0.004, 10073
0.004, 10072
0.004, 10071
0.004, 10070
0.004, 10069
0.004, 10068
0.004, 10067
0.004, 10066
0.004, 10065
0.004, 10064
0.004, 10063
0.004, 10062
0.004, 10061
0.004, 10060
0.004, 10059
0.004, 10058
0.004, 10057
0.004, 10056
0.004, 10055
0.004, 10054
0.004, 10053
0.004, 10052
0.004, 10051
0.004, 10050
0.004, 10049
0.004, 10048
0.004, 10047
0.004, 10046
0.004, 10045
0.004, 10044
0.004, 10043
0.004, 10042
0.004, 10041
0.004, 10040
0.004, 10039
0.004, 10038
0.004, 10037
0.004, 10036
0.004, 10035
0.004, 10034
0.004, 10033
0.004, 10032
0.004, 10031
0.004, 10030
0.004, 10029
0.004, 10028
0.004, 10027
0.004, 10026
0.004, 10025
0.004, 10024
0.004, 10023
0.004, 10022
0.004, 10021
0.004, 10020
0.004, 10019
0.004, 10018
0.004, 10017
0.004, 10016
0.004, 10015
0.004, 10014
0.004, 10013
0.004, 10012
0.004, 10011
0.004, 10010
0.004, 10009
0.004, 10008
0.004, 10007
0.004, 10006
0.004, 10005
0.004, 10004
0.004, 10003
0.004, 10002
0.004, 10001
0.004, 10000
0.004, 9999
0.004, 9998
0.004, 9997
0.004, 9996
0.004, 9995
0.004, 9994
0.004, 9993
0.004, 9992
0.004, 9991
0.004, 9990
0.004, 9989
0.004, 9988
0.004, 9987
0.004, 9986
0.004, 9985
0.004, 9984
0.004, 9983
0.004, 9982
0.004, 9981
0.004, 9980
0.004, 9979
0.004, 9978
0.004, 9977
0.004, 9976
0.004, 9975
0.004, 9974
0.004, 9973
0.004, 9972
0.004, 9971
0.004, 9970
0.004, 9969
0.004, 9968
0.004, 9967
0.004, 9966
0.004, 9965
0.004, 9964
0.004, 9963
0.004, 9962
0.004, 9961
0.004, 9960
0.004, 9959
0.004, 9958
0.004, 9957
0.004, 9956
0.004, 9955
0.004, 9954
0.004, 9953
0.004, 9952
0.004, 9951
0.004, 9950
0.004, 9949
0.004, 9948
0.004, 9947
0.004, 9946
0.004, 9945
0.004, 9944
0.004, 9943
0.004, 9942
0.004, 9941
0.004, 9940
0.004, 9939
0.004, 9938
0.004, 9937
0.004, 9936
0.004, 9935
0.004, 9934
0.004, 9933
0.004, 9932
0.004, 9931
0.004, 9930
0.004, 9929
0.004, 9928
0.004, 9927
0.004, 9926
0.004, 9925
0.004, 9924
0.004, 9923
0.004, 9922
0.004, 9921
0.004, 9920
0.004, 9919
0.004, 9918
0.004, 9917
0.004, 9916
0.004, 9915
0.004, 9914
0.004, 9913
0.004, 9912
0.004, 9911
0.004, 9910
0.004, 9909
0.004, 9908
0.004, 9907
0.004, 9906
0.004, 9905
0.004, 9904
0.004, 9903
0.004, 9902
0.004, 9901
0.004, 9900
0.004, 9899
0.004, 9898
0.004, 9897
0.004, 9896
0.004, 9895
0.004, 9894
0.004, 9893
0.004, 9892
0.004, 9891
0.004, 9890
0.004, 9889
0.004, 9888
0.004, 9887
0.004, 9886
0.004, 9885
0.004, 9884
0.004, 9883
0.004, 9882
0.004, 9881
0.004, 9880
0.004, 9879
0.004, 9878
0.004, 9877
0.004, 9876
0.004, 9875
0.004, 9874
0.004, 9873
0.004, 9872
0.004, 9871
0.004, 9870
0.004, 9869
0.004, 9868
0.004, 9867
0.004, 9866
0.004, 9865
0.004, 9864
0.004, 9863
0.004, 9862
0.004, 9861
0.004, 9860
0.004, 9859
0.004, 9858
0.004, 9857
0.004, 9856
0.004, 9855
0.004, 9854
0.004, 9853
0.004, 9852
0.004, 9851
0.004, 9850
0.004, 9849
0.004, 9848
0.004, 9847
0.004, 9846
0.004, 9845
0.004, 9844
0.004, 9843
0.004, 9842
0.004, 9841
0.004, 9840
0.004, 9839
0.004, 9838
0.004, 9837
0.004, 9836
0.004, 9835
0.004, 9834
0.004, 9833
0.004, 9832
0.004, 9831
0.004, 9830
0.004, 9829
0.004, 9828
0.004, 9827
0.004, 9826
0.004, 9825
0.004, 9824
0.004, 9823
0.004, 9822
0.004, 9821
0.004, 9820
0.004, 9819
0.004, 9818
0.004, 9817
0.004, 9816
0.004, 9815
0.004, 9814
0.004, 9813
0.004, 9812
0.004, 9811
0.004, 9810
0.004, 9809
0.004, 9808
0.004, 9807
0.004, 9806
0.004, 9805
0.004, 9804
0.004, 9803
0.004, 9802
0.004, 9801
0.004, 9800
0.004, 9799
0.004, 9798
0.004, 9797
0.004, 9796
0.004, 9795
0.004, 9794
0.004, 9793
0.004, 9792
0.004, 9791
0.004, 9790
0.004, 9789
0.004, 9788
0.004, 9787
0.004, 9786
0.004, 9785
0.004, 9784
0.004, 9783
0.004, 9782
0.004, 9781
0.004, 9780
0.004, 9779
0.004, 9778
0.004, 9777
0.004, 9776
0.004, 9775
0.004, 9774
0.004, 9773
0.004, 9772
0.004, 9771
0.004, 9770
0.004, 9769
0.004, 9768
0.004, 9767
0.004, 9766
0.004, 9765
0.004, 9764
0.004, 9763
0.004, 9762
0.004, 9761
0.004, 9760
0.004, 9759
0.004, 9758
0.004, 9757
0.004, 9756
0.004, 9755
0.004, 9754
0.004, 9753
0.004, 9752
0.004, 9751
0.004, 9750
0.004, 9749
0.004, 9748
0.004, 9747
0.004, 9746
0.004, 9745
0.004, 9744
0.004, 9743
0.004, 9742
0.004, 9741
0.004, 9740
0.004, 9739
0.004, 9738
0.004, 9737
0.004, 9736
0.004, 9735
0.004, 9734
0.004, 9733
0.004, 9732
0.004, 9731
0.004, 9730
0.004, 9729
0.004, 9728
0.004, 9727
0.004, 9726
0.004, 9725
0.004, 9724
0.004, 9723
0.004, 9722
0.004, 9721
0.004, 9720
0.004, 9719
0.004, 9718
0.004, 9717
0.004, 9716
0.004, 9715
0.004, 9714
0.004, 9713
0.004, 9712
0.004, 9711
0.004, 9710
0.004, 9709
0.004, 9708
0.004, 9707
0.004, 9706
0.004, 9705
0.004, 9704
0.004, 9703
0.004, 9702
0.004, 9701
0.004, 9700
0.004, 9699
0.004, 9698
0.004, 9697
0.004, 9696
0.004, 9695
0.004, 9694
0.004, 9693
0.004, 9692
0.004, 9691
0.004, 9690
0.004, 9689
0.004, 9688
0.004, 9687
0.004, 9686
0.004, 9685
0.004, 9684
0.004, 9683
0.004, 9682
0.004, 9681
0.004, 9680
0.004, 9679
0.004, 9678
0.004, 9677
0.004, 9676
0.004, 9675
0.004, 9674
0.004, 9673
0.004, 9672
0.004, 9671
0.004, 9670
0.004, 9669
0.004, 9668
0.004, 9667
0.004, 9666
0.004, 9665
0.004, 9664
0.004, 9663
0.004, 9662
0.004, 9661
0.004, 9660
0.004, 9659
0.004, 9658
0.004, 9657
0.004, 9656
0.004, 9655
0.004, 9654
0.004, 9653
0.004, 9652
0.004, 9651
0.004, 9650
0.004, 9649
0.004, 9648
0.004, 9647
0.004, 9646
0.004, 9645
0.004, 9644
0.004, 9643
0.004, 9642
0.004, 9641
0.004, 9640
0.004, 9639
0.004, 9638
0.004, 9637
0.004, 9636
0.004, 9635
0.004, 9634
0.004, 9633
0.004, 9632
0.004, 9631
0.004, 9630
0.004, 9629
0.004, 9628
0.004, 9627
0.004, 9626
0.004, 9625
0.004, 9624
0.004, 9623
0.004, 9622
0.004, 9621
0.004, 9620
0.004, 9619
0.004, 9618
0.004, 9617
0.004, 9616
0.004, 9615
0.004, 9614
0.004, 9613
0.004, 9612
0.004, 9611
0.004, 9610
0.004, 9609
0.004, 9608
0.004, 9607
0.004, 9606
0.004, 9605
0.004, 9604
0.004, 9603
0.004, 9602
0.004, 9601
0.004, 9600
0.004, 9599
0.004, 9598
0.004, 9597
0.004, 9596
0.004, 9595
0.004, 9594
0.004, 9593
0.004, 9592
0.004, 9591
0.004, 9590
0.004, 9589
0.004, 9588
0.004, 9587
0.004, 9586
0.004, 9585
0.004, 9584
0.004, 9583
0.004, 9582
0.004, 9581
0.004, 9580
0.004, 9579
0.004, 9578
0.004, 9577
0.004, 9576
0.004, 9575
0.004, 9574
0.004, 9573
0.004, 9572
0.004, 9571
0.004, 9570
0.004, 9569
0.004, 9568
0.004, 9567
0.004, 9566
0.004, 9565
0.004, 9564
0.004, 9563
0.004, 9562
0.004, 9561
0.004, 9560
0.004, 9559
0.004, 9558
0.004, 9557
0.004, 9556
0.004, 9555
0.004, 9554
0.004, 9553
0.004, 9552
0.004, 9551
0.004, 9550
0.004, 9549
0.004, 9548
0.005, 9547
0.005, 9546
0.005, 9545
0.005, 9544
0.005, 9543
0.005, 9542
0.005, 9541
0.005, 9540
0.005, 9539
0.005, 9538
0.005, 9537
0.005, 9536
0.005, 9535
0.005, 9534
0.005, 9533
0.005, 9532
0.005, 9531
0.005, 9530
0.005, 9529
0.005, 9528
0.005, 9527
0.005, 9526
0.005, 9525
0.005, 9524
0.005, 9523
0.005, 9522
0.005, 9521
0.005, 9520
0.005, 9519
0.005, 9518
0.005, 9517
0.005, 9516
0.005, 9515
0.005, 9514
0.005, 9513
0.005, 9512
0.005, 9511
0.005, 9510
0.005, 9509
0.005, 9508
0.005, 9507
0.005, 9506
0.005, 9505
0.005, 9504
0.005, 9503
0.005, 9502
0.005, 9501
0.005, 9500
0.005, 9499
0.005, 9498
0.005, 9497
0.005, 9496
0.005, 9495
0.005, 9494
0.005, 9493
0.005, 9492
0.005, 9491
0.005, 9490
0.005, 9489
0.005, 9488
0.005, 9487
0.005, 9486
0.005, 9485
0.005, 9484
0.005, 9483
0.005, 9482
0.005, 9481
0.005, 9480
0.005, 9479
0.005, 9478
0.005, 9477
0.005, 9476
0.005, 9475
0.005, 9474
0.005, 9473
0.005, 9472
0.005, 9471
0.005, 9470
0.005, 9469
0.005, 9468
0.005, 9467
0.005, 9466
0.005, 9465
0.005, 9464
0.005, 9463
0.005, 9462
0.005, 9461
0.005, 9460
0.005, 9459
0.005, 9458
0.005, 9457
0.005, 9456
0.005, 9455
0.005, 9454
0.005, 9453
0.005, 9452
0.005, 9451
0.005, 9450
0.005, 9449
0.005, 9448
0.005, 9447
0.005, 9446
0.005, 9445
0.005, 9444
0.005, 9443
0.005, 9442
0.005, 9441
0.005, 9440
0.005, 9439
0.005, 9438
0.005, 9437
0.005, 9436
0.005, 9435
0.005, 9434
0.005, 9433
0.005, 9432
0.005, 9431
0.005, 9430
0.005, 9429
0.005, 9428
0.005, 9427
0.005, 9426
0.005, 9425
0.005, 9424
0.005, 9423
0.005, 9422
0.005, 9421
0.005, 9420
0.005, 9419
0.005, 9418
0.005, 9417
0.005, 9416
0.005, 9415
0.005, 9414
0.005, 9413
0.005, 9412
0.005, 9411
0.005, 9410
0.005, 9409
0.005, 9408
0.005, 9407
0.005, 9406
0.005, 9405
0.005, 9404
0.005, 9403
0.005, 9402
0.005, 9401
0.005, 9400
0.005, 9399
0.005, 9398
0.005, 9397
0.005, 9396
0.005, 9395
0.005, 9394
0.005, 9393
0.005, 9392
0.005, 9391
0.005, 9390
0.005, 9389
0.005, 9388
0.005, 9387
0.005, 9386
0.005, 9385
0.005, 9384
0.005, 9383
0.005, 9382
0.005, 9381
0.005, 9380
0.005, 9379
0.005, 9378
0.005, 9377
0.005, 9376
0.005, 9375
0.005, 9374
0.005, 9373
0.005, 9372
0.005, 9371
0.005, 9370
0.005, 9369
0.005, 9368
0.005, 9367
0.005, 9366
0.005, 9365
0.005, 9364
0.005, 9363
0.005, 9362
0.005, 9361
0.005, 9360
0.005, 9359
0.005, 9358
0.005, 9357
0.005, 9356
0.005, 9355
0.005, 9354
0.005, 9353
0.005, 9352
0.005, 9351
0.005, 9350
0.005, 9349
0.005, 9348
0.005, 9347
0.005, 9346
0.005, 9345
0.005, 9344
0.005, 9343
0.005, 9342
0.005, 9341
0.005, 9340
0.005, 9339
0.005, 9338
0.005, 9337
0.005, 9336
0.005, 9335
0.005, 9334
0.005, 9333
0.005, 9332
0.005, 9331
0.005, 9330
0.005, 9329
0.005, 9328
0.005, 9327
0.005, 9326
0.005, 9325
0.005, 9324
0.005, 9323
0.005, 9322
0.005, 9321
0.005, 9320
0.005, 9319
0.005, 9318
0.005, 9317
0.005, 9316
0.005, 9315
0.005, 9314
0.005, 9313
0.005, 9312
0.005, 9311
0.005, 9310
0.005, 9309
0.005, 9308
0.005, 9307
0.005, 9306
0.005, 9305
0.005, 9304
0.005, 9303
0.005, 9302
0.005, 9301
0.005, 9300
0.005, 9299
0.005, 9298
0.005, 9297
0.005, 9296
0.005, 9295
0.005, 9294
0.005, 9293
0.005, 9292
0.005, 9291
0.005, 9290
0.005, 9289
0.005, 9288
0.005, 9287
0.005, 9286
0.005, 9285
0.005, 9284
0.005, 9283
0.005, 9282
0.005, 9281
0.005, 9280
0.005, 9279
0.005, 9278
0.005, 9277
0.005, 9276
0.005, 9275
0.005, 9274
0.005, 9273
0.005, 9272
0.005, 9271
0.005, 9270
0.005, 9269
0.005, 9268
0.005, 9267
0.005, 9266
0.005, 9265
0.005, 9264
0.005, 9263
0.005, 9262
0.005, 9261
0.005, 9260
0.005, 9259
0.005, 9258
0.005, 9257
0.005, 9256
0.005, 9255
0.005, 9254
0.005, 9253
0.005, 9252
0.005, 9251
0.005, 9250
0.005, 9249
0.005, 9248
0.005, 9247
0.005, 9246
0.005, 9245
0.005, 9244
0.005, 9243
0.005, 9242
0.005, 9241
0.005, 9240
0.005, 9239
0.005, 9238
0.005, 9237
0.005, 9236
0.005, 9235
0.005, 9234
0.005, 9233
0.005, 9232
0.005, 9231
0.005, 9230
0.005, 9229
0.005, 9228
0.005, 9227
0.005, 9226
0.005, 9225
0.005, 9224
0.005, 9223
0.005, 9222
0.005, 9221
0.005, 9220
0.005, 9219
0.005, 9218
0.005, 9217
0.005, 9216
0.005, 9215
0.005, 9214
0.005, 9213
0.005, 9212
0.005, 9211
0.005, 9210
0.005, 9209
0.005, 9208
0.005, 9207
0.005, 9206
0.005, 9205
0.005, 9204
0.005, 9203
0.005, 9202
0.005, 9201
0.005, 9200
0.005, 9199
0.005, 9198
0.005, 9197
0.005, 9196
0.005, 9195
0.005, 9194
0.005, 9193
0.005, 9192
0.005, 9191
0.005, 9190
0.005, 9189
0.005, 9188
0.005, 9187
0.005, 9186
0.005, 9185
0.005, 9184
0.005, 9183
0.005, 9182
0.005, 9181
0.005, 9180
0.005, 9179
0.005, 9178
0.005, 9177
0.005, 9176
0.005, 9175
0.005, 9174
0.005, 9173
0.005, 9172
0.005, 9171
0.005, 9170
0.005, 9169
0.005, 9168
0.005, 9167
0.005, 9166
0.005, 9165
0.005, 9164
0.005, 9163
0.005, 9162
0.005, 9161
0.005, 9160
0.005, 9159
0.005, 9158
0.005, 9157
0.005, 9156
0.005, 9155
0.005, 9154
0.005, 9153
0.005, 9152
0.005, 9151
0.005, 9150
0.005, 9149
0.005, 9148
0.005, 9147
0.005, 9146
0.005, 9145
0.005, 9144
0.005, 9143
0.005, 9142
0.005, 9141
0.005, 9140
0.005, 9139
0.005, 9138
0.005, 9137
0.005, 9136
0.005, 9135
0.005, 9134
0.005, 9133
0.005, 9132
0.005, 9131
0.005, 9130
0.005, 9129
0.005, 9128
0.005, 9127
0.005, 9126
0.005, 9125
0.005, 9124
0.005, 9123
0.005, 9122
0.005, 9121
0.005, 9120
0.005, 9119
0.005, 9118
0.005, 9117
0.005, 9116
0.005, 9115
0.005, 9114
0.005, 9113
0.005, 9112
0.005, 9111
0.005, 9110
0.005, 9109
0.005, 9108
0.005, 9107
0.005, 9106
0.005, 9105
0.005, 9104
0.005, 9103
0.005, 9102
0.005, 9101
0.005, 9100
0.005, 9099
0.005, 9098
0.005, 9097
0.005, 9096
0.005, 9095
0.005, 9094
0.005, 9093
0.005, 9092
0.005, 9091
0.005, 9090
0.005, 9089
0.005, 9088
0.005, 9087
0.005, 9086
0.005, 9085
0.005, 9084
0.005, 9083
0.005, 9082
0.005, 9081
0.005, 9080
0.005, 9079
0.005, 9078
0.005, 9077
0.005, 9076
0.005, 9075
0.005, 9074
0.005, 9073
0.005, 9072
0.005, 9071
0.005, 9070
0.005, 9069
0.005, 9068
0.005, 9067
0.005, 9066
0.005, 9065
0.005, 9064
0.005, 9063
0.005, 9062
0.005, 9061
0.005, 9060
0.005, 9059
0.005, 9058
0.005, 9057
0.005, 9056
0.005, 9055
0.005, 9054
0.005, 9053
0.005, 9052
0.005, 9051
0.005, 9050
0.005, 9049
0.005, 9048
0.005, 9047
0.005, 9046
0.005, 9045
0.005, 9044
0.005, 9043
0.005, 9042
0.005, 9041
0.005, 9040
0.005, 9039
0.005, 9038
0.005, 9037
0.005, 9036
0.005, 9035
0.005, 9034
0.005, 9033
0.005, 9032
0.005, 9031
0.005, 9030
0.005, 9029
0.005, 9028
0.005, 9027
0.005, 9026
0.005, 9025
0.005, 9024
0.005, 9023
0.005, 9022
0.005, 9021
0.005, 9020
0.005, 9019
0.005, 9018
0.005, 9017
0.005, 9016
0.005, 9015
0.005, 9014
0.005, 9013
0.005, 9012
0.005, 9011
0.005, 9010
0.005, 9009
0.005, 9008
0.005, 9007
0.005, 9006
0.005, 9005
0.005, 9004
0.005, 9003
0.005, 9002
0.005, 9001
0.005, 9000
0.005, 8999
0.005, 8998
0.005, 8997
0.005, 8996
0.005, 8995
0.005, 8994
0.005, 8993
0.005, 8992
0.006, 8991
0.006, 8990
0.006, 8989
0.006, 8988
0.006, 8987
0.006, 8986
0.006, 8985
0.006, 8984
0.006, 8983
0.006, 8982
0.006, 8981
0.006, 8980
0.006, 8979
0.006, 8978
0.006, 8977
0.006, 8976
0.006, 8975
0.006, 8974
0.006, 8973
0.006, 8972
0.006, 8971
0.006, 8970
0.006, 8969
0.006, 8968
0.006, 8967
0.006, 8966
0.006, 8965
0.006, 8964
0.006, 8963
0.006, 8962
0.006, 8961
0.006, 8960
0.006, 8959
0.006, 8958
0.006, 8957
0.006, 8956
0.006, 8955
0.006, 8954
0.006, 8953
0.006, 8952
0.006, 8951
0.006, 8950
0.006, 8949
0.006, 8948
0.006, 8947
0.006, 8946
0.006, 8945
0.006, 8944
0.006, 8943
0.006, 8942
0.006, 8941
0.006, 8940
0.006, 8939
0.006, 8938
0.006, 8937
0.006, 8936
0.006, 8935
0.006, 8934
0.006, 8933
0.006, 8932
0.006, 8931
0.006, 8930
0.006, 8929
0.006, 8928
0.006, 8927
0.006, 8926
0.006, 8925
0.006, 8924
0.006, 8923
0.006, 8922
0.006, 8921
0.006, 8920
0.006, 8919
0.006, 8918
0.006, 8917
0.006, 8916
0.006, 8915
0.006, 8914
0.006, 8913
0.006, 8912
0.006, 8911
0.006, 8910
0.006, 8909
0.006, 8908
0.006, 8907
0.006, 8906
0.006, 8905
0.006, 8904
0.006, 8903
0.006, 8902
0.006, 8901
0.006, 8900
0.006, 8899
0.006, 8898
0.006, 8897
0.006, 8896
0.006, 8895
0.006, 8894
0.006, 8893
0.006, 8892
0.006, 8891
0.006, 8890
0.006, 8889
0.006, 8888
0.006, 8887
0.006, 8886
0.006, 8885
0.006, 8884
0.006, 8883
0.006, 8882
0.006, 8881
0.006, 8880
0.006, 8879
0.006, 8878
0.006, 8877
0.006, 8876
0.006, 8875
0.006, 8874
0.006, 8873
0.006, 8872
0.006, 8871
0.006, 8870
0.006, 8869
0.006, 8868
0.006, 8867
0.006, 8866
0.006, 8865
0.006, 8864
0.006, 8863
0.006, 8862
0.006, 8861
0.006, 8860
0.006, 8859
0.006, 8858
0.006, 8857
0.006, 8856
0.006, 8855
0.006, 8854
0.006, 8853
0.006, 8852
0.006, 8851
0.006, 8850
0.006, 8849
0.006, 8848
0.006, 8847
0.006, 8846
0.006, 8845
0.006, 8844
0.006, 8843
0.006, 8842
0.006, 8841
0.006, 8840
0.006, 8839
0.006, 8838
0.006, 8837
0.006, 8836
0.006, 8835
0.006, 8834
0.006, 8833
0.006, 8832
0.006, 8831
0.006, 8830
0.006, 8829
0.006, 8828
0.006, 8827
0.006, 8826
0.006, 8825
0.006, 8824
0.006, 8823
0.006, 8822
0.006, 8821
0.006, 8820
0.006, 8819
0.006, 8818
0.006, 8817
0.006, 8816
0.006, 8815
0.006, 8814
0.006, 8813
0.006, 8812
0.006, 8811
0.006, 8810
0.006, 8809
0.006, 8808
0.006, 8807
0.006, 8806
0.006, 8805
0.006, 8804
0.006, 8803
0.006, 8802
0.006, 8801
0.006, 8800
0.006, 8799
0.006, 8798
0.006, 8797
0.006, 8796
0.006, 8795
0.006, 8794
0.006, 8793
0.006, 8792
0.006, 8791
0.006, 8790
0.006, 8789
0.006, 8788
0.006, 8787
0.006, 8786
0.006, 8785
0.006, 8784
0.006, 8783
0.006, 8782
0.006, 8781
0.006, 8780
0.006, 8779
0.006, 8778
0.006, 8777
0.006, 8776
0.006, 8775
0.006, 8774
0.006, 8773
0.006, 8772
0.006, 8771
0.006, 8770
0.006, 8769
0.006, 8768
0.006, 8767
0.006, 8766
0.006, 8765
0.006, 8764
0.006, 8763
0.006, 8762
0.006, 8761
0.006, 8760
0.006, 8759
0.006, 8758
0.006, 8757
0.006, 8756
0.006, 8755
0.006, 8754
0.006, 8753
0.006, 8752
0.006, 8751
0.006, 8750
0.006, 8749
0.006, 8748
0.006, 8747
0.006, 8746
0.006, 8745
0.006, 8744
0.006, 8743
0.006, 8742
0.006, 8741
0.006, 8740
0.006, 8739
0.006, 8738
0.006, 8737
0.006, 8736
0.006, 8735
0.006, 8734
0.006, 8733
0.006, 8732
0.006, 8731
0.006, 8730
0.006, 8729
0.006, 8728
0.006, 8727
0.006, 8726
0.006, 8725
0.006, 8724
0.006, 8723
0.006, 8722
0.006, 8721
0.006, 8720
0.006, 8719
0.006, 8718
0.006, 8717
0.006, 8716
0.006, 8715
0.006, 8714
0.006, 8713
0.006, 8712
0.006, 8711
0.006, 8710
0.006, 8709
0.006, 8708
0.006, 8707
0.006, 8706
0.006, 8705
0.006, 8704
0.006, 8703
0.006, 8702
0.006, 8701
0.006, 8700
0.006, 8699
0.006, 8698
0.006, 8697
0.006, 8696
0.006, 8695
0.006, 8694
0.006, 8693
0.006, 8692
0.006, 8691
0.006, 8690
0.006, 8689
0.006, 8688
0.006, 8687
0.006, 8686
0.006, 8685
0.006, 8684
0.006, 8683
0.006, 8682
0.006, 8681
0.006, 8680
0.006, 8679
0.006, 8678
0.006, 8677
0.006, 8676
0.006, 8675
0.006, 8674
0.006, 8673
0.006, 8672
0.006, 8671
0.006, 8670
0.006, 8669
0.006, 8668
0.006, 8667
0.006, 8666
0.006, 8665
0.006, 8664
0.006, 8663
0.006, 8662
0.006, 8661
0.006, 8660
0.006, 8659
0.006, 8658
0.006, 8657
0.006, 8656
0.006, 8655
0.006, 8654
0.006, 8653
0.006, 8652
0.006, 8651
0.006, 8650
0.006, 8649
0.006, 8648
0.006, 8647
0.006, 8646
0.006, 8645
0.006, 8644
0.006, 8643
0.006, 8642
0.006, 8641
0.006, 8640
0.006, 8639
0.006, 8638
0.006, 8637
0.006, 8636
0.006, 8635
0.006, 8634
0.006, 8633
0.006, 8632
0.006, 8631
0.006, 8630
0.006, 8629
0.006, 8628
0.006, 8627
0.006, 8626
0.006, 8625
0.006, 8624
0.006, 8623
0.006, 8622
0.006, 8621
0.006, 8620
0.006, 8619
0.006, 8618
0.006, 8617
0.006, 8616
0.006, 8615
0.006, 8614
0.006, 8613
0.006, 8612
0.006, 8611
0.006, 8610
0.006, 8609
0.006, 8608
0.006, 8607
0.006, 8606
0.006, 8605
0.006, 8604
0.006, 8603
0.006, 8602
0.006, 8601
0.006, 8600
0.006, 8599
0.006, 8598
0.006, 8597
0.006, 8596
0.006, 8595
0.006, 8594
0.006, 8593
0.006, 8592
0.006, 8591
0.006, 8590
0.006, 8589
0.006, 8588
0.006, 8587
0.006, 8586
0.006, 8585
0.006, 8584
0.006, 8583
0.006, 8582
0.006, 8581
0.006, 8580
0.006, 8579
0.006, 8578
0.006, 8577
0.006, 8576
0.006, 8575
0.006, 8574
0.006, 8573
0.006, 8572
0.006, 8571
0.006, 8570
0.006, 8569
0.006, 8568
0.006, 8567
0.006, 8566
0.006, 8565
0.006, 8564
0.006, 8563
0.006, 8562
0.006, 8561
0.006, 8560
0.006, 8559
0.006, 8558
0.006, 8557
0.006, 8556
0.006, 8555
0.006, 8554
0.006, 8553
0.006, 8552
0.006, 8551
0.006, 8550
0.006, 8549
0.006, 8548
0.006, 8547
0.006, 8546
0.006, 8545
0.006, 8544
0.006, 8543
0.006, 8542
0.006, 8541
0.006, 8540
0.006, 8539
0.006, 8538
0.006, 8537
0.006, 8536
0.006, 8535
0.006, 8534
0.006, 8533
0.006, 8532
0.006, 8531
0.006, 8530
0.006, 8529
0.006, 8528
0.006, 8527
0.006, 8526
0.006, 8525
0.006, 8524
0.006, 8523
0.006, 8522
0.006, 8521
0.006, 8520
0.006, 8519
0.006, 8518
0.006, 8517
0.006, 8516
0.006, 8515
0.006, 8514
0.006, 8513
0.006, 8512
0.006, 8511
0.006, 8510
0.006, 8509
0.006, 8508
0.006, 8507
0.006, 8506
0.006, 8505
0.006, 8504
0.006, 8503
0.006, 8502
0.006, 8501
0.006, 8500
0.006, 8499
0.006, 8498
0.006, 8497
0.006, 8496
0.006, 8495
0.006, 8494
0.006, 8493
0.006, 8492
0.006, 8491
0.006, 8490
0.006, 8489
0.006, 8488
0.006, 8487
0.006, 8486
0.006, 8485
0.006, 8484
0.006, 8483
0.006, 8482
0.006, 8481
0.006, 8480
0.006, 8479
0.006, 8478
0.007, 8477
0.007, 8476
0.007, 8475
0.007, 8474
0.007, 8473
0.007, 8472
0.007, 8471
0.007, 8470
0.007, 8469
0.007, 8468
0.007, 8467
0.007, 8466
0.007, 8465
0.007, 8464
0.007, 8463
0.007, 8462
0.007, 8461
0.007, 8460
0.007, 8459
0.007, 8458
0.007, 8457
0.007, 8456
0.007, 8455
0.007, 8454
0.007, 8453
0.007, 8452
0.007, 8451
0.007, 8450
0.007, 8449
0.007, 8448
0.007, 8447
0.007, 8446
0.007, 8445
0.007, 8444
0.007, 8443
0.007, 8442
0.007, 8441
0.007, 8440
0.007, 8439
0.007, 8438
0.007, 8437
0.007, 8436
0.007, 8435
0.007, 8434
0.007, 8433
0.007, 8432
0.007, 8431
0.007, 8430
0.007, 8429
0.007, 8428
0.007, 8427
0.007, 8426
0.007, 8425
0.007, 8424
0.007, 8423
0.007, 8422
0.007, 8421
0.007, 8420
0.007, 8419
0.007, 8418
0.007, 8417
0.007, 8416
0.007, 8415
0.007, 8414
0.007, 8413
0.007, 8412
0.007, 8411
0.007, 8410
0.007, 8409
0.007, 8408
0.007, 8407
0.007, 8406
0.007, 8405
0.007, 8404
0.007, 8403
0.007, 8402
0.007, 8401
0.007, 8400
0.007, 8399
0.007, 8398
0.007, 8397
0.007, 8396
0.007, 8395
0.007, 8394
0.007, 8393
0.007, 8392
0.007, 8391
0.007, 8390
0.007, 8389
0.007, 8388
0.007, 8387
0.007, 8386
0.007, 8385
0.007, 8384
0.007, 8383
0.007, 8382
0.007, 8381
0.007, 8380
0.007, 8379
0.007, 8378
0.007, 8377
0.007, 8376
0.007, 8375
0.007, 8374
0.007, 8373
0.007, 8372
0.007, 8371
0.007, 8370
0.007, 8369
0.007, 8368
0.007, 8367
0.007, 8366
0.007, 8365
0.007, 8364
0.007, 8363
0.007, 8362
0.007, 8361
0.007, 8360
0.007, 8359
0.007, 8358
0.007, 8357
0.007, 8356
0.007, 8355
0.007, 8354
0.007, 8353
0.007, 8352
0.007, 8351
0.007, 8350
0.007, 8349
0.007, 8348
0.007, 8347
0.007, 8346
0.007, 8345
0.007, 8344
0.007, 8343
0.007, 8342
0.007, 8341
0.007, 8340
0.007, 8339
0.007, 8338
0.007, 8337
0.007, 8336
0.007, 8335
0.007, 8334
0.007, 8333
0.007, 8332
0.007, 8331
0.007, 8330
0.007, 8329
0.007, 8328
0.007, 8327
0.007, 8326
0.007, 8325
0.007, 8324
0.007, 8323
0.007, 8322
0.007, 8321
0.007, 8320
0.007, 8319
0.007, 8318
0.007, 8317
0.007, 8316
0.007, 8315
0.007, 8314
0.007, 8313
0.007, 8312
0.007, 8311
0.007, 8310
0.007, 8309
0.007, 8308
0.007, 8307
0.007, 8306
0.007, 8305
0.007, 8304
0.007, 8303
0.007, 8302
0.007, 8301
0.007, 8300
0.007, 8299
0.007, 8298
0.007, 8297
0.007, 8296
0.007, 8295
0.007, 8294
0.007, 8293
0.007, 8292
0.007, 8291
0.007, 8290
0.007, 8289
0.007, 8288
0.007, 8287
0.007, 8286
0.007, 8285
0.007, 8284
0.007, 8283
0.007, 8282
0.007, 8281
0.007, 8280
0.007, 8279
0.007, 8278
0.007, 8277
0.007, 8276
0.007, 8275
0.007, 8274
0.007, 8273
0.007, 8272
0.007, 8271
0.007, 8270
0.007, 8269
0.007, 8268
0.007, 8267
0.007, 8266
0.007, 8265
0.007, 8264
0.007, 8263
0.007, 8262
0.007, 8261
0.007, 8260
0.007, 8259
0.007, 8258
0.007, 8257
0.007, 8256
0.007, 8255
0.007, 8254
0.007, 8253
0.007, 8252
0.007, 8251
0.007, 8250
0.007, 8249
0.007, 8248
0.007, 8247
0.007, 8246
0.007, 8245
0.007, 8244
0.007, 8243
0.007, 8242
0.007, 8241
0.007, 8240
0.007, 8239
0.007, 8238
0.007, 8237
0.007, 8236
0.007, 8235
0.007, 8234
0.007, 8233
0.007, 8232
0.007, 8231
0.007, 8230
0.008, 8229
0.008, 8228
0.008, 8227
0.008, 8226
0.008, 8225
0.008, 8224
0.008, 8223
0.008, 8222
0.008, 8221
0.008, 8220
0.008, 8219
0.008, 8218
0.008, 8217
0.008, 8216
0.008, 8215
0.008, 8214
0.008, 8213
0.008, 8212
0.008, 8211
0.008, 8210
0.008, 8209
0.008, 8208
0.008, 8207
0.008, 8206
0.008, 8205
0.008, 8204
0.008, 8203
0.008, 8202
0.008, 8201
0.008, 8200
0.008, 8199
0.008, 8198
0.008, 8197
0.008, 8196
0.008, 8195
0.008, 8194
0.008, 8193
0.008, 8192
0.008, 8191
0.008, 8190
0.008, 8189
0.008, 8188
0.008, 8187
0.008, 8186
0.008, 8185
0.008, 8184
0.008, 8183
0.008, 8182
0.008, 8181
0.008, 8180
0.008, 8179
0.008, 8178
0.008, 8177
0.008, 8176
0.008, 8175
0.008, 8174
0.008, 8173
0.008, 8172
0.008, 8171
0.008, 8170
0.008, 8169
0.008, 8168
0.008, 8167
0.008, 8166
0.008, 8165
0.008, 8164
0.008, 8163
0.008, 8162
0.008, 8161
0.008, 8160
0.008, 8159
0.008, 8158
0.008, 8157
0.008, 8156
0.008, 8155
0.008, 8154
0.008, 8153
0.008, 8152
0.008, 8151
0.008, 8150
0.008, 8149
0.008, 8148
0.008, 8147
0.008, 8146
0.008, 8145
0.008, 8144
0.008, 8143
0.008, 8142
0.008, 8141
0.008, 8140
0.008, 8139
0.008, 8138
0.008, 8137
0.008, 8136
0.008, 8135
0.008, 8134
0.008, 8133
0.008, 8132
0.008, 8131
0.008, 8130
0.008, 8129
0.008, 8128
0.008, 8127
0.008, 8126
0.008, 8125
0.008, 8124
0.008, 8123
0.008, 8122
0.008, 8121
0.008, 8120
0.008, 8119
0.008, 8118
0.008, 8117
0.008, 8116
0.008, 8115
0.008, 8114
0.008, 8113
0.008, 8112
0.008, 8111
0.008, 8110
0.008, 8109
0.008, 8108
0.008, 8107
0.008, 8106
0.008, 8105
0.008, 8104
0.008, 8103
0.008, 8102
0.008, 8101
0.008, 8100
0.008, 8099
0.008, 8098
0.008, 8097
0.008, 8096
0.008, 8095
0.008, 8094
0.008, 8093
0.008, 8092
0.008, 8091
0.008, 8090
0.008, 8089
0.008, 8088
0.008, 8087
0.008, 8086
0.008, 8085
0.008, 8084
0.008, 8083
0.008, 8082
0.008, 8081
0.008, 8080
0.008, 8079
0.008, 8078
0.008, 8077
0.008, 8076
0.008, 8075
0.008, 8074
0.008, 8073
0.008, 8072
0.008, 8071
0.008, 8070
0.008, 8069
0.008, 8068
0.008, 8067
0.008, 8066
0.008, 8065
0.008, 8064
0.008, 8063
0.008, 8062
0.008, 8061
0.008, 8060
0.008, 8059
0.008, 8058
0.008, 8057
0.008, 8056
0.008, 8055
0.008, 8054
0.008, 8053
0.008, 8052
0.008, 8051
0.008, 8050
0.008, 8049
0.008, 8048
0.008, 8047
0.008, 8046
0.008, 8045
0.008, 8044
0.008, 8043
0.008, 8042
0.008, 8041
0.008, 8040
0.008, 8039
0.008, 8038
0.008, 8037
0.008, 8036
0.008, 8035
0.008, 8034
0.008, 8033
0.008, 8032
0.008, 8031
0.008, 8030
0.008, 8029
0.008, 8028
0.008, 8027
0.008, 8026
0.008, 8025
0.008, 8024
0.008, 8023
0.008, 8022
0.008, 8021
0.008, 8020
0.008, 8019
0.008, 8018
0.008, 8017
0.008, 8016
0.008, 8015
0.008, 8014
0.008, 8013
0.008, 8012
0.008, 8011
0.008, 8010
0.008, 8009
0.008, 8008
0.008, 8007
0.008, 8006
0.008, 8005
0.008, 8004
0.008, 8003
0.008, 8002
0.008, 8001
0.008, 8000
0.008, 7999
0.008, 7998
0.008, 7997
0.008, 7996
0.008, 7995
0.008, 7994
0.008, 7993
0.008, 7992
0.008, 7991
0.008, 7990
0.008, 7989
0.008, 7988
0.008, 7987
0.008, 7986
0.008, 7985
0.008, 7984
0.008, 7983
0.008, 7982
0.008, 7981
0.008, 7980
0.008, 7979
0.008, 7978
0.008, 7977
0.008, 7976
0.008, 7975
0.008, 7974
0.008, 7973
0.008, 7972
0.008, 7971
0.008, 7970
0.008, 7969
0.008, 7968
0.008, 7967
0.008, 7966
0.008, 7965
0.008, 7964
0.008, 7963
0.008, 7962
0.008, 7961
0.008, 7960
0.008, 7959
0.008, 7958
0.008, 7957
0.008, 7956
0.008, 7955
0.008, 7954
0.008, 7953
0.008, 7952
0.008, 7951
0.008, 7950
0.008, 7949
0.008, 7948
0.008, 7947
0.008, 7946
0.008, 7945
0.008, 7944
0.008, 7943
0.008, 7942
0.008, 7941
0.008, 7940
0.008, 7939
0.008, 7938
0.008, 7937
0.008, 7936
0.008, 7935
0.008, 7934
0.008, 7933
0.008, 7932
0.008, 7931
0.008, 7930
0.008, 7929
0.008, 7928
0.009, 7927
0.009, 7926
0.009, 7925
0.009, 7924
0.009, 7923
0.009, 7922
0.009, 7921
0.009, 7920
0.009, 7919
0.009, 7918
0.009, 7917
0.009, 7916
0.009, 7915
0.009, 7914
0.009, 7913
0.009, 7912
0.009, 7911
0.009, 7910
0.009, 7909
0.009, 7908
0.009, 7907
0.009, 7906
0.009, 7905
0.009, 7904
0.009, 7903
0.009, 7902
0.009, 7901
0.009, 7900
0.009, 7899
0.009, 7898
0.009, 7897
0.009, 7896
0.009, 7895
0.009, 7894
0.009, 7893
0.009, 7892
0.009, 7891
0.009, 7890
0.009, 7889
0.009, 7888
0.009, 7887
0.009, 7886
0.009, 7885
0.009, 7884
0.009, 7883
0.009, 7882
0.009, 7881
0.009, 7880
0.009, 7879
0.009, 7878
0.009, 7877
0.009, 7876
0.009, 7875
0.009, 7874
0.009, 7873
0.009, 7872
0.009, 7871
0.009, 7870
0.009, 7869
0.009, 7868
0.009, 7867
0.009, 7866
0.009, 7865
0.009, 7864
0.009, 7863
0.009, 7862
0.009, 7861
0.009, 7860
0.009, 7859
0.009, 7858
0.009, 7857
0.009, 7856
0.009, 7855
0.009, 7854
0.009, 7853
0.009, 7852
0.009, 7851
0.009, 7850
0.009, 7849
0.009, 7848
0.009, 7847
0.009, 7846
0.009, 7845
0.009, 7844
0.009, 7843
0.009, 7842
0.009, 7841
0.009, 7840
0.009, 7839
0.009, 7838
0.009, 7837
0.009, 7836
0.009, 7835
0.009, 7834
0.009, 7833
0.009, 7832
0.009, 7831
0.009, 7830
0.009, 7829
0.009, 7828
0.009, 7827
0.009, 7826
0.009, 7825
0.009, 7824
0.009, 7823
0.009, 7822
0.009, 7821
0.009, 7820
0.009, 7819
0.009, 7818
0.009, 7817
0.009, 7816
0.009, 7815
0.009, 7814
0.009, 7813
0.009, 7812
0.009, 7811
0.009, 7810
0.009, 7809
0.009, 7808
0.009, 7807
0.009, 7806
0.009, 7805
0.009, 7804
0.009, 7803
0.009, 7802
0.009, 7801
0.009, 7800
0.009, 7799
0.009, 7798
0.009, 7797
0.009, 7796
0.009, 7795
0.009, 7794
0.009, 7793
0.009, 7792
0.009, 7791
0.009, 7790
0.009, 7789
0.009, 7788
0.009, 7787
0.009, 7786
0.009, 7785
0.009, 7784
0.009, 7783
0.009, 7782
0.009, 7781
0.009, 7780
0.009, 7779
0.009, 7778
0.009, 7777
0.009, 7776
0.009, 7775
0.009, 7774
0.009, 7773
0.009, 7772
0.009, 7771
0.009, 7770
0.009, 7769
0.009, 7768
0.009, 7767
0.009, 7766
0.009, 7765
0.009, 7764
0.009, 7763
0.009, 7762
0.009, 7761
0.009, 7760
0.009, 7759
0.009, 7758
0.009, 7757
0.009, 7756
0.009, 7755
0.009, 7754
0.009, 7753
0.009, 7752
0.009, 7751
0.009, 7750
0.009, 7749
0.009, 7748
0.009, 7747
0.009, 7746
0.009, 7745
0.009, 7744
0.009, 7743
0.009, 7742
0.009, 7741
0.009, 7740
0.009, 7739
0.009, 7738
0.009, 7737
0.009, 7736
0.009, 7735
0.009, 7734
0.009, 7733
0.009, 7732
0.009, 7731
0.009, 7730
0.009, 7729
0.009, 7728
0.009, 7727
0.009, 7726
0.009, 7725
0.009, 7724
0.009, 7723
0.009, 7722
0.009, 7721
0.009, 7720
0.009, 7719
0.009, 7718
0.009, 7717
0.009, 7716
0.009, 7715
0.009, 7714
0.009, 7713
0.009, 7712
0.009, 7711
0.009, 7710
0.009, 7709
0.009, 7708
0.009, 7707
0.009, 7706
0.009, 7705
0.009, 7704
0.009, 7703
0.009, 7702
0.009, 7701
0.009, 7700
0.009, 7699
0.009, 7698
0.009, 7697
0.009, 7696
0.009, 7695
0.009, 7694
0.009, 7693
0.009, 7692
0.009, 7691
0.009, 7690
0.009, 7689
0.009, 7688
0.009, 7687
0.009, 7686
0.009, 7685
0.009, 7684
0.009, 7683
0.009, 7682
0.009, 7681
0.009, 7680
0.009, 7679
0.009, 7678
0.009, 7677
0.009, 7676
0.009, 7675
0.009, 7674
0.009, 7673
0.009, 7672
0.009, 7671
0.009, 7670
0.009, 7669
0.009, 7668
0.010, 7667
0.010, 7666
0.010, 7665
0.010, 7664
0.010, 7663
0.010, 7662
0.010, 7661
0.010, 7660
0.010, 7659
0.010, 7658
0.010, 7657
0.010, 7656
0.010, 7655
0.010, 7654
0.010, 7653
0.010, 7652
0.010, 7651
0.010, 7650
0.010, 7649
0.010, 7648
0.010, 7647
0.010, 7646
0.010, 7645
0.010, 7644
0.010, 7643
0.010, 7642
0.010, 7641
0.010, 7640
0.010, 7639
0.010, 7638
0.010, 7637
0.010, 7636
0.010, 7635
0.010, 7634
0.010, 7633
0.010, 7632
0.010, 7631
0.010, 7630
0.010, 7629
0.010, 7628
0.010, 7627
0.010, 7626
0.010, 7625
0.010, 7624
0.010, 7623
0.010, 7622
0.010, 7621
0.010, 7620
0.010, 7619
0.010, 7618
0.010, 7617
0.010, 7616
0.010, 7615
0.010, 7614
0.010, 7613
0.010, 7612
0.010, 7611
0.010, 7610
0.010, 7609
0.010, 7608
0.010, 7607
0.010, 7606
0.010, 7605
0.010, 7604
0.010, 7603
0.010, 7602
0.010, 7601
0.010, 7600
0.010, 7599
0.010, 7598
0.010, 7597
0.010, 7596
0.010, 7595
0.010, 7594
0.010, 7593
0.010, 7592
0.010, 7591
0.010, 7590
0.010, 7589
0.010, 7588
0.010, 7587
0.010, 7586
0.010, 7585
0.010, 7584
0.010, 7583
0.010, 7582
0.010, 7581
0.010, 7580
0.010, 7579
0.010, 7578
0.010, 7577
0.010, 7576
0.010, 7575
0.010, 7574
0.010, 7573
0.010, 7572
0.010, 7571
0.010, 7570
0.010, 7569
0.010, 7568
0.010, 7567
0.010, 7566
0.010, 7565
0.010, 7564
0.010, 7563
0.010, 7562
0.010, 7561
0.010, 7560
0.010, 7559
0.010, 7558
0.010, 7557
0.010, 7556
0.010, 7555
0.010, 7554
0.010, 7553
0.010, 7552
0.010, 7551
0.010, 7550
0.010, 7549
0.010, 7548
0.010, 7547
0.010, 7546
0.010, 7545
0.010, 7544
0.010, 7543
0.010, 7542
0.010, 7541
0.010, 7540
0.010, 7539
0.010, 7538
0.010, 7537
0.010, 7536
0.010, 7535
0.010, 7534
0.010, 7533
0.010, 7532
0.010, 7531
0.010, 7530
0.010, 7529
0.010, 7528
0.010, 7527
0.010, 7526
0.010, 7525
0.010, 7524
0.010, 7523
0.010, 7522
0.010, 7521
0.010, 7520
0.010, 7519
0.010, 7518
0.010, 7517
0.010, 7516
0.010, 7515
0.010, 7514
0.010, 7513
0.010, 7512
0.010, 7511
0.010, 7510
0.010, 7509
0.010, 7508
0.010, 7507
0.010, 7506
0.010, 7505
0.010, 7504
0.010, 7503
0.010, 7502
0.010, 7501
0.010, 7500
0.010, 7499
0.010, 7498
0.010, 7497
0.010, 7496
0.010, 7495
0.010, 7494
0.010, 7493
0.010, 7492
0.010, 7491
0.010, 7490
0.010, 7489
0.010, 7488
0.010, 7487
0.010, 7486
0.010, 7485
0.010, 7484
0.010, 7483
0.010, 7482
0.010, 7481
0.010, 7480
0.010, 7479
0.010, 7478
0.010, 7477
0.010, 7476
0.010, 7475
0.010, 7474
0.010, 7473
0.010, 7472
0.010, 7471
0.010, 7470
0.010, 7469
0.010, 7468
0.010, 7467
0.010, 7466
0.010, 7465
0.010, 7464
0.010, 7463
0.010, 7462
0.010, 7461
0.010, 7460
0.010, 7459
0.010, 7458
0.010, 7457
0.010, 7456
0.010, 7455
0.010, 7454
0.010, 7453
0.010, 7452
0.010, 7451
0.010, 7450
0.010, 7449
0.010, 7448
0.010, 7447
0.010, 7446
0.010, 7445
0.010, 7444
0.010, 7443
0.010, 7442
0.010, 7441
0.010, 7440
0.010, 7439
0.010, 7438
0.010, 7437
0.010, 7436
0.010, 7435
0.010, 7434
0.010, 7433
0.010, 7432
0.010, 7431
0.010, 7430
0.010, 7429
0.010, 7428
0.010, 7427
0.010, 7426
0.010, 7425
0.010, 7424
0.010, 7423
0.010, 7422
0.010, 7421
0.010, 7420
0.010, 7419
0.010, 7418
0.010, 7417
0.010, 7416
0.010, 7415
0.010, 7414
0.010, 7413
0.010, 7412
0.010, 7411
0.010, 7410
0.010, 7409
0.010, 7408
0.010, 7407
0.010, 7406
0.010, 7405
0.010, 7404
0.010, 7403
0.010, 7402
0.010, 7401
0.010, 7400
0.010, 7399
0.010, 7398
0.010, 7397
0.010, 7396
0.010, 7395
0.010, 7394
0.010, 7393
0.010, 7392
0.010, 7391
0.010, 7390
0.010, 7389
0.010, 7388
0.010, 7387
0.010, 7386
0.010, 7385
0.010, 7384
0.010, 7383
0.010, 7382
0.010, 7381
0.010, 7380
0.010, 7379
0.010, 7378
0.010, 7377
0.010, 7376
0.010, 7375
0.011, 7374
0.011, 7373
0.011, 7372
0.011, 7371
0.011, 7370
0.011, 7369
0.011, 7368
0.011, 7367
0.011, 7366
0.011, 7365
0.011, 7364
0.011, 7363
0.011, 7362
0.011, 7361
0.011, 7360
0.011, 7359
0.011, 7358
0.011, 7357
0.011, 7356
0.011, 7355
0.011, 7354
0.011, 7353
0.011, 7352
0.011, 7351
0.011, 7350
0.011, 7349
0.011, 7348
0.011, 7347
0.011, 7346
0.011, 7345
0.011, 7344
0.011, 7343
0.011, 7342
0.011, 7341
0.011, 7340
0.011, 7339
0.011, 7338
0.011, 7337
0.011, 7336
0.011, 7335
0.011, 7334
0.011, 7333
0.011, 7332
0.011, 7331
0.011, 7330
0.011, 7329
0.011, 7328
0.011, 7327
0.011, 7326
0.011, 7325
0.011, 7324
0.011, 7323
0.011, 7322
0.011, 7321
0.011, 7320
0.011, 7319
0.011, 7318
0.011, 7317
0.011, 7316
0.011, 7315
0.011, 7314
0.011, 7313
0.011, 7312
0.011, 7311
0.011, 7310
0.011, 7309
0.011, 7308
0.011, 7307
0.011, 7306
0.011, 7305
0.011, 7304
0.011, 7303
0.011, 7302
0.011, 7301
0.011, 7300
0.011, 7299
0.011, 7298
0.011, 7297
0.011, 7296
0.011, 7295
0.011, 7294
0.011, 7293
0.011, 7292
0.011, 7291
0.011, 7290
0.011, 7289
0.011, 7288
0.011, 7287
0.011, 7286
0.011, 7285
0.011, 7284
0.011, 7283
0.011, 7282
0.011, 7281
0.011, 7280
0.011, 7279
0.011, 7278
0.011, 7277
0.011, 7276
0.011, 7275
0.011, 7274
0.011, 7273
0.011, 7272
0.011, 7271
0.011, 7270
0.011, 7269
0.011, 7268
0.011, 7267
0.011, 7266
0.011, 7265
0.011, 7264
0.011, 7263
0.011, 7262
0.011, 7261
0.011, 7260
0.011, 7259
0.011, 7258
0.011, 7257
0.011, 7256
0.011, 7255
0.011, 7254
0.011, 7253
0.011, 7252
0.011, 7251
0.011, 7250
0.011, 7249
0.011, 7248
0.011, 7247
0.011, 7246
0.011, 7245
0.011, 7244
0.011, 7243
0.011, 7242
0.011, 7241
0.011, 7240
0.011, 7239
0.011, 7238
0.011, 7237
0.011, 7236
0.011, 7235
0.011, 7234
0.011, 7233
0.011, 7232
0.011, 7231
0.011, 7230
0.011, 7229
0.011, 7228
0.011, 7227
0.011, 7226
0.011, 7225
0.011, 7224
0.011, 7223
0.011, 7222
0.011, 7221
0.011, 7220
0.011, 7219
0.011, 7218
0.011, 7217
0.011, 7216
0.011, 7215
0.011, 7214
0.011, 7213
0.011, 7212
0.011, 7211
0.011, 7210
0.011, 7209
0.011, 7208
0.011, 7207
0.011, 7206
0.011, 7205
0.011, 7204
0.011, 7203
0.011, 7202
0.011, 7201
0.011, 7200
0.011, 7199
0.011, 7198
0.011, 7197
0.011, 7196
0.011, 7195
0.011, 7194
0.011, 7193
0.011, 7192
0.011, 7191
0.011, 7190
0.011, 7189
0.011, 7188
0.011, 7187
0.011, 7186
0.011, 7185
0.011, 7184
0.011, 7183
0.011, 7182
0.011, 7181
0.011, 7180
0.011, 7179
0.011, 7178
0.011, 7177
0.011, 7176
0.011, 7175
0.011, 7174
0.011, 7173
0.011, 7172
0.011, 7171
0.011, 7170
0.011, 7169
0.011, 7168
0.011, 7167
0.011, 7166
0.011, 7165
0.011, 7164
0.011, 7163
0.011, 7162
0.011, 7161
0.011, 7160
0.011, 7159
0.011, 7158
0.011, 7157
0.011, 7156
0.011, 7155
0.011, 7154
0.011, 7153
0.011, 7152
0.011, 7151
0.011, 7150
0.011, 7149
0.011, 7148
0.011, 7147
0.011, 7146
0.011, 7145
0.011, 7144
0.011, 7143
0.011, 7142
0.011, 7141
0.011, 7140
0.011, 7139
0.011, 7138
0.011, 7137
0.011, 7136
0.011, 7135
0.011, 7134
0.011, 7133
0.011, 7132
0.011, 7131
0.011, 7130
0.011, 7129
0.011, 7128
0.011, 7127
0.011, 7126
0.011, 7125
0.011, 7124
0.011, 7123
0.011, 7122
0.011, 7121
0.011, 7120
0.011, 7119
0.011, 7118
0.011, 7117
0.011, 7116
0.011, 7115
0.011, 7114
0.011, 7113
0.011, 7112
0.011, 7111
0.011, 7110
0.011, 7109
0.011, 7108
0.011, 7107
0.011, 7106
0.011, 7105
0.012, 7104
0.012, 7103
0.012, 7102
0.012, 7101
0.012, 7100
0.012, 7099
0.012, 7098
0.012, 7097
0.012, 7096
0.012, 7095
0.012, 7094
0.012, 7093
0.012, 7092
0.012, 7091
0.012, 7090
0.012, 7089
0.012, 7088
0.012, 7087
0.012, 7086
0.012, 7085
0.012, 7084
0.012, 7083
0.012, 7082
0.012, 7081
0.012, 7080
0.012, 7079
0.012, 7078
0.012, 7077
0.012, 7076
0.012, 7075
0.012, 7074
0.012, 7073
0.012, 7072
0.012, 7071
0.012, 7070
0.012, 7069
0.012, 7068
0.012, 7067
0.012, 7066
0.012, 7065
0.012, 7064
0.012, 7063
0.012, 7062
0.012, 7061
0.012, 7060
0.012, 7059
0.012, 7058
0.012, 7057
0.012, 7056
0.012, 7055
0.012, 7054
0.012, 7053
0.012, 7052
0.012, 7051
0.012, 7050
0.012, 7049
0.012, 7048
0.012, 7047
0.012, 7046
0.012, 7045
0.012, 7044
0.012, 7043
0.012, 7042
0.012, 7041
0.012, 7040
0.012, 7039
0.012, 7038
0.012, 7037
0.012, 7036
0.012, 7035
0.012, 7034
0.012, 7033
0.012, 7032
0.012, 7031
0.012, 7030
0.012, 7029
0.012, 7028
0.012, 7027
0.012, 7026
0.012, 7025
0.012, 7024
0.013, 7023
0.013, 7022
0.013, 7021
0.013, 7020
0.013, 7019
