0.003, 5326
2.354, 5325
2.369, 5324
2.371, 5323
2.382, 5322
2.385, 5321
2.388, 5320
2.389, 5319
2.392, 5318
2.393, 5317
2.416, 5316
2.422, 5315
2.424, 5314
2.433, 5313
2.437, 5312
2.454, 5311
2.457, 5310
2.469, 5309
2.473, 5308
2.504, 5307
2.507, 5306
2.521, 5305
2.522, 5304
2.537, 5303
2.551, 5302
2.553, 5301
2.567, 5300
2.577, 5299
2.581, 5298
2.587, 5297
2.590, 5296
2.603, 5295
2.612, 5294
2.614, 5293
2.619, 5292
2.621, 5291
2.627, 5290
2.632, 5289
2.641, 5288
2.663, 5287
2.669, 5286
2.671, 5285
2.688, 5284
2.698, 5283
2.700, 5282
2.717, 5281
2.754, 5280
2.761, 5279
2.771, 5278
2.781, 5277
2.788, 5276
2.804, 5275
2.828, 5274
2.848, 5273
2.857, 5272
2.882, 5271
2.907, 5270
2.926, 5269
2.930, 5268
2.981, 5267
2.989, 5266
2.993, 5265
3.013, 5264
3.038, 5263
3.047, 5262
3.052, 5261
3.089, 5260
3.124, 5259
3.146, 5258
3.150, 5257
3.151, 5256
3.186, 5255
3.192, 5254
3.197, 5253
3.213, 5252
3.217, 5251
3.238, 5250
3.249, 5249
3.268, 5248
3.293, 5247
3.315, 5246
3.318, 5245
3.334, 5244
3.336, 5243
3.342, 5242
3.368, 5241
3.373, 5240
3.378, 5239
3.454, 5238
3.470, 5237
3.499, 5236
3.507, 5235
3.510, 5234
3.516, 5233
3.520, 5232
3.531, 5231
3.546, 5230
3.557, 5229
3.559, 5228
3.577, 5227
3.591, 5226
3.622, 5225
3.623, 5224
3.651, 5223
3.680, 5222
3.694, 5221
3.702, 5220
3.723, 5219
3.753, 5218
3.774, 5217
3.791, 5216
3.809, 5215
3.814, 5214
3.821, 5213
3.838, 5212
3.846, 5211
3.848, 5210
3.849, 5209
3.856, 5208
3.874, 5207
3.885, 5206
3.896, 5205
3.940, 5204
3.952, 5203
3.960, 5202
3.961, 5201
3.985, 5200
3.996, 5199
4.019, 5198
4.032, 5197
4.054, 5196
4.079, 5195
4.083, 5194
4.087, 5193
4.106, 5192
4.120, 5191
4.136, 5190
4.167, 5189
4.174, 5188
4.187, 5187
4.207, 5186
4.213, 5185
4.233, 5184
4.239, 5183
4.249, 5182
4.255, 5181
4.266, 5180
4.275, 5179
4.290, 5178
4.302, 5177
4.338, 5176
4.361, 5175
4.364, 5174
4.392, 5173
4.404, 5172
4.408, 5171
4.412, 5170
4.424, 5169
4.441, 5168
4.479, 5167
4.489, 5166
4.505, 5165
4.514, 5164
4.532, 5163
4.633, 5162
4.658, 5161
4.664, 5160
4.694, 5159
4.702, 5158
4.769, 5157
4.796, 5156
4.813, 5155
4.824, 5154
4.838, 5153
4.845, 5152
4.875, 5151
4.886, 5150
4.890, 5149
4.893, 5148
4.932, 5147
4.940, 5146
4.947, 5145
4.951, 5144
4.989, 5143
5.004, 5142
5.009, 5141
5.017, 5140
5.023, 5139
5.043, 5138
5.053, 5137
5.065, 5136
5.066, 5135
5.069, 5134
5.072, 5133
5.106, 5132
5.169, 5131
5.186, 5130
5.197, 5129
5.211, 5128
5.222, 5127
5.229, 5126
5.270, 5125
5.271, 5124
5.280, 5123
5.316, 5122
5.342, 5121
5.348, 5120
5.403, 5119
5.421, 5118
5.436, 5117
5.491, 5116
5.512, 5115
5.533, 5114
5.641, 5113
5.653, 5112
5.671, 5111
5.699, 5110
5.708, 5109
5.745, 5108
5.767, 5107
5.795, 5106
5.805, 5105
5.843, 5104
5.900, 5103
5.908, 5102
6.034, 5101
6.088, 5100
6.090, 5099
6.104, 5098
6.111, 5097
6.118, 5096
6.122, 5095
6.159, 5094
6.166, 5093
6.168, 5092
6.169, 5091
6.210, 5090
6.230, 5089
6.263, 5088
6.264, 5087
6.285, 5086
6.316, 5085
6.325, 5084
6.335, 5083
6.345, 5082
6.379, 5081
6.411, 5080
6.418, 5079
6.459, 5078
6.471, 5077
6.483, 5076
6.503, 5075
6.507, 5074
6.602, 5073
6.680, 5072
6.725, 5071
6.823, 5070
6.852, 5069
6.916, 5068
6.917, 5067
6.929, 5066
6.966, 5065
6.972, 5064
6.999, 5063
7.005, 5062
7.008, 5061
7.023, 5060
7.049, 5059
7.082, 5058
7.090, 5057
7.114, 5056
7.197, 5055
7.202, 5054
7.243, 5053
7.245, 5052
7.270, 5051
7.276, 5050
7.309, 5049
7.345, 5048
7.348, 5047
7.349, 5046
7.355, 5045
7.451, 5044
7.501, 5043
7.520, 5042
7.537, 5041
7.543, 5040
7.558, 5039
7.569, 5038
7.578, 5037
7.584, 5036
7.585, 5035
7.604, 5034
7.664, 5033
7.677, 5032
7.680, 5031
7.708, 5030
7.836, 5029
7.872, 5028
7.875, 5027
7.894, 5026
7.943, 5025
8.014, 5024
8.073, 5023
8.083, 5022
8.106, 5021
8.131, 5020
8.155, 5019
8.172, 5018
8.177, 5017
8.192, 5016
8.215, 5015
8.245, 5014
8.298, 5013
8.310, 5012
8.321, 5011
8.330, 5010
8.349, 5009
8.398, 5008
8.405, 5007
8.528, 5006
8.549, 5005
8.550, 5004
8.570, 5003
8.614, 5002
8.683, 5001
8.750, 5000
8.783, 4999
8.801, 4998
8.818, 4997
8.891, 4996
8.893, 4995
8.935, 4994
8.942, 4993
8.954, 4992
8.964, 4991
8.971, 4990
9.097, 4989
9.133, 4988
9.191, 4987
9.279, 4986
9.280, 4985
9.289, 4984
9.296, 4983
9.303, 4982
9.308, 4981
9.381, 4980
9.394, 4979
9.545, 4978
9.603, 4977
9.617, 4976
9.758, 4975
9.784, 4974
9.818, 4973
9.930, 4972
10.019, 4971
10.101, 4970
10.102, 4969
10.150, 4968
10.176, 4967
10.178, 4966
10.219, 4965
10.328, 4964
10.436, 4963
10.519, 4962
10.577, 4961
10.594, 4960
10.611, 4959
10.740, 4958
10.743, 4957
10.757, 4956
10.784, 4955
10.872, 4954
10.899, 4953
11.044, 4952
11.105, 4951
11.115, 4950
11.138, 4949
11.176, 4948
11.227, 4947
11.237, 4946
11.240, 4945
11.495, 4944
11.596, 4943
11.800, 4942
11.851, 4941
11.934, 4940
11.978, 4939
12.010, 4938
12.028, 4937
12.044, 4936
12.047, 4935
12.285, 4934
12.324, 4933
12.487, 4932
12.579, 4931
12.588, 4930
12.593, 4929
12.774, 4928
12.854, 4927
12.981, 4926
13.064, 4925
13.116, 4924
13.165, 4923
13.199, 4922
13.255, 4921
13.267, 4920
13.438, 4919
13.515, 4918
13.726, 4917
13.806, 4916
13.932, 4915
14.016, 4914
14.194, 4913
14.463, 4912
14.678, 4911
14.769, 4910
14.985, 4909
15.015, 4908
15.370, 4907
15.454, 4906
15.505, 4905
15.586, 4904
15.594, 4903
15.700, 4902
15.725, 4901
15.918, 4900
15.967, 4899
16.046, 4898
16.306, 4897
16.406, 4896
16.466, 4895
16.474, 4894
16.519, 4893
16.772, 4892
16.947, 4891
17.820, 4890
17.932, 4889
18.022, 4888
18.025, 4887
18.249, 4886
18.256, 4885
18.741, 4884
19.652, 4883
19.927, 4882
20.320, 4881
21.067, 4880
21.661, 4879
21.665, 4878
22.055, 4877
22.542, 4876
23.841, 4875
23.934, 4874
24.423, 4873
24.652, 4872
25.032, 4871
25.396, 4870
26.086, 4869
27.759, 4868
28.661, 4867
29.053, 4866
30.330, 4865
30.359, 4864
30.812, 4863
31.139, 4862
39.832, 4861
