0.003, 5326
2.277, 5325
2.289, 5324
2.344, 5323
2.395, 5322
2.407, 5321
2.411, 5320
2.423, 5319
2.434, 5318
2.437, 5317
2.442, 5316
2.462, 5315
2.469, 5314
2.486, 5313
2.493, 5312
2.496, 5311
2.498, 5310
2.512, 5309
2.521, 5308
2.534, 5307
2.537, 5306
2.562, 5305
2.570, 5304
2.583, 5303
2.585, 5302
2.607, 5301
2.618, 5300
2.626, 5299
2.637, 5298
2.648, 5297
2.654, 5296
2.673, 5295
2.708, 5294
2.709, 5293
2.731, 5292
2.758, 5291
2.767, 5290
2.776, 5289
2.795, 5288
2.812, 5287
2.817, 5286
2.822, 5285
2.851, 5284
2.857, 5283
2.868, 5282
2.881, 5281
2.885, 5280
2.905, 5279
2.915, 5278
2.919, 5277
2.921, 5276
2.968, 5275
2.969, 5274
2.980, 5273
3.006, 5272
3.017, 5271
3.022, 5270
3.036, 5269
3.053, 5268
3.064, 5267
3.074, 5266
3.080, 5265
3.082, 5264
3.101, 5263
3.114, 5262
3.116, 5261
3.131, 5260
3.140, 5259
3.161, 5258
3.166, 5257
3.173, 5256
3.185, 5255
3.190, 5254
3.194, 5253
3.213, 5252
3.264, 5251
3.287, 5250
3.288, 5249
3.296, 5248
3.308, 5247
3.310, 5246
3.333, 5245
3.334, 5244
3.341, 5243
3.361, 5242
3.380, 5241
3.414, 5240
3.429, 5239
3.439, 5238
3.450, 5237
3.457, 5236
3.471, 5235
3.479, 5234
3.513, 5233
3.515, 5232
3.535, 5231
3.541, 5230
3.547, 5229
3.550, 5228
3.553, 5227
3.556, 5226
3.564, 5225
3.606, 5224
3.612, 5223
3.622, 5222
3.661, 5221
3.664, 5220
3.669, 5219
3.679, 5218
3.737, 5217
3.771, 5216
3.792, 5215
3.797, 5214
3.807, 5213
3.820, 5212
3.835, 5211
3.848, 5210
3.873, 5209
3.878, 5208
3.917, 5207
3.983, 5206
3.990, 5205
3.998, 5204
4.004, 5203
4.006, 5202
4.015, 5201
4.016, 5200
4.021, 5199
4.023, 5198
4.026, 5197
4.032, 5196
4.042, 5195
4.055, 5194
4.092, 5193
4.096, 5192
4.097, 5191
4.104, 5190
4.106, 5189
4.124, 5188
4.129, 5187
4.136, 5186
4.147, 5185
4.153, 5184
4.158, 5183
4.160, 5182
4.167, 5181
4.208, 5180
4.220, 5179
4.223, 5178
4.224, 5177
4.259, 5176
4.261, 5175
4.270, 5174
4.273, 5173
4.278, 5172
4.295, 5171
4.315, 5170
4.324, 5169
4.363, 5168
4.378, 5167
4.398, 5166
4.402, 5165
4.404, 5164
4.410, 5163
4.418, 5162
4.435, 5161
4.442, 5160
4.447, 5159
4.479, 5158
4.492, 5157
4.499, 5156
4.511, 5155
4.523, 5154
4.559, 5153
4.571, 5152
4.586, 5151
4.592, 5150
4.594, 5149
4.597, 5148
4.635, 5147
4.644, 5146
4.655, 5145
4.672, 5144
4.680, 5143
4.693, 5142
4.694, 5141
4.696, 5140
4.703, 5139
4.712, 5138
4.732, 5137
4.751, 5136
4.767, 5135
4.781, 5134
4.811, 5133
4.872, 5132
4.878, 5131
4.908, 5130
4.955, 5129
4.974, 5128
4.977, 5127
4.989, 5126
5.008, 5125
5.018, 5124
5.023, 5123
5.034, 5122
5.082, 5121
5.102, 5120
5.126, 5119
5.129, 5118
5.133, 5117
5.157, 5116
5.171, 5115
5.177, 5114
5.183, 5113
5.196, 5112
5.242, 5111
5.251, 5110
5.273, 5109
5.286, 5108
5.339, 5107
5.368, 5106
5.391, 5105
5.404, 5104
5.407, 5103
5.424, 5102
5.449, 5101
5.451, 5100
5.455, 5099
5.457, 5098
5.472, 5097
5.486, 5096
5.494, 5095
5.505, 5094
5.508, 5093
5.514, 5092
5.522, 5091
5.549, 5090
5.582, 5089
5.587, 5088
5.590, 5087
5.602, 5086
5.613, 5085
5.616, 5084
5.622, 5083
5.632, 5082
5.678, 5081
5.693, 5080
5.699, 5079
5.733, 5078
5.735, 5077
5.748, 5076
5.800, 5075
5.814, 5074
5.829, 5073
5.858, 5072
5.890, 5071
5.901, 5070
5.911, 5069
5.919, 5068
5.927, 5067
5.936, 5066
5.939, 5065
5.984, 5064
6.074, 5063
6.114, 5062
6.118, 5061
6.134, 5060
6.155, 5059
6.204, 5058
6.208, 5057
6.273, 5056
6.315, 5055
6.317, 5054
6.393, 5053
6.402, 5052
6.410, 5051
6.423, 5050
6.441, 5049
6.543, 5048
6.572, 5047
6.599, 5046
6.639, 5045
6.659, 5044
6.694, 5043
6.760, 5042
6.820, 5041
6.855, 5040
6.896, 5039
6.966, 5038
6.991, 5037
7.023, 5036
7.062, 5035
7.067, 5034
7.077, 5033
7.129, 5032
7.154, 5031
7.211, 5030
7.222, 5029
7.225, 5028
7.282, 5027
7.284, 5026
7.297, 5025
7.313, 5024
7.357, 5023
7.387, 5022
7.400, 5021
7.466, 5020
7.474, 5019
7.513, 5018
7.560, 5017
7.568, 5016
7.574, 5015
7.623, 5014
7.650, 5013
7.807, 5012
7.824, 5011
7.883, 5010
7.917, 5009
7.948, 5008
7.987, 5007
8.125, 5006
8.166, 5005
8.215, 5004
8.229, 5003
8.231, 5002
8.260, 5001
8.266, 5000
8.366, 4999
8.449, 4998
8.500, 4997
8.520, 4996
8.522, 4995
8.561, 4994
8.572, 4993
8.577, 4992
8.595, 4991
8.609, 4990
8.610, 4989
8.652, 4988
8.672, 4987
8.724, 4986
8.780, 4985
8.904, 4984
8.958, 4983
8.965, 4982
9.030, 4981
9.036, 4980
9.067, 4979
9.164, 4978
9.251, 4977
9.288, 4976
9.309, 4975
9.315, 4974
9.324, 4973
9.344, 4972
9.398, 4971
9.456, 4970
9.497, 4969
9.622, 4968
9.658, 4967
9.674, 4966
9.706, 4965
9.794, 4964
9.877, 4963
9.886, 4962
9.943, 4961
9.996, 4960
10.254, 4959
10.307, 4958
10.390, 4957
10.475, 4956
10.480, 4955
10.498, 4954
10.500, 4953
10.501, 4952
10.611, 4951
10.641, 4950
10.679, 4949
10.725, 4948
10.763, 4947
10.828, 4946
10.882, 4945
10.884, 4944
10.902, 4943
10.949, 4942
10.960, 4941
11.054, 4940
11.057, 4939
11.061, 4938
11.077, 4937
11.153, 4936
11.165, 4935
11.183, 4934
11.308, 4933
11.383, 4932
11.385, 4931
11.443, 4930
11.473, 4929
11.489, 4928
11.506, 4927
11.516, 4926
11.605, 4925
11.621, 4924
11.642, 4923
11.651, 4922
11.785, 4921
12.024, 4920
12.033, 4919
12.427, 4918
12.463, 4917
12.500, 4916
12.833, 4915
12.869, 4914
12.873, 4913
12.876, 4912
13.089, 4911
13.258, 4910
13.753, 4909
13.774, 4908
13.838, 4907
13.954, 4906
14.223, 4905
14.471, 4904
14.530, 4903
14.586, 4902
14.732, 4901
14.794, 4900
14.968, 4899
15.123, 4898
15.453, 4897
15.601, 4896
15.831, 4895
15.884, 4894
15.942, 4893
16.015, 4892
16.051, 4891
16.235, 4890
16.510, 4889
16.899, 4888
16.904, 4887
16.942, 4886
16.954, 4885
17.172, 4884
17.761, 4883
17.853, 4882
17.900, 4881
17.940, 4880
17.947, 4879
18.227, 4878
19.000, 4877
19.408, 4876
19.460, 4875
19.870, 4874
20.712, 4873
21.608, 4872
21.652, 4871
22.125, 4870
22.312, 4869
22.683, 4868
22.958, 4867
23.877, 4866
24.809, 4865
25.107, 4864
26.590, 4863
29.493, 4862
31.580, 4861
32.621, 4860
38.226, 4859
45.945, 4858
