0.000, 9232
0.002, 9231
0.005, 9230
0.006, 9229
0.007, 9228
0.007, 9227
0.009, 9226
0.010, 9225
0.010, 9224
0.011, 9223
0.013, 9222
0.014, 9221
0.017, 9220
0.018, 9219
0.021, 9218
0.022, 9217
0.022, 9216
0.023, 9215
0.024, 9214
0.024, 9213
0.025, 9212
0.026, 9211
0.027, 9210
0.031, 9209
0.032, 9208
0.033, 9207
0.034, 9206
0.034, 9205
0.035, 9204
0.036, 9203
0.038, 9202
0.044, 9201
0.045, 9200
0.047, 9199
0.048, 9198
0.049, 9197
0.049, 9196
0.050, 9195
0.052, 9194
0.054, 9193
0.055, 9192
0.056, 9191
0.057, 9190
0.058, 9189
0.059, 9188
0.060, 9187
0.062, 9186
0.062, 9185
0.063, 9184
0.064, 9183
0.065, 9182
0.065, 9181
0.066, 9180
0.067, 9179
0.067, 9178
0.068, 9177
0.069, 9176
0.069, 9175
0.071, 9174
0.071, 9173
0.072, 9172
0.074, 9171
0.075, 9170
0.075, 9169
0.078, 9168
0.079, 9167
0.080, 9166
0.080, 9165
0.081, 9164
0.082, 9163
0.083, 9162
0.084, 9161
0.084, 9160
0.088, 9159
0.089, 9158
0.090, 9157
0.092, 9156
0.093, 9155
0.094, 9154
0.094, 9153
0.095, 9152
0.096, 9151
0.097, 9150
0.097, 9149
0.098, 9148
0.098, 9147
0.099, 9146
0.105, 9145
0.106, 9144
0.107, 9143
0.110, 9142
0.111, 9141
0.111, 9140
0.112, 9139
0.116, 9138
0.117, 9137
0.119, 9136
0.120, 9135
0.120, 9134
0.121, 9133
0.122, 9132
0.122, 9131
0.123, 9130
0.125, 9129
0.126, 9128
0.127, 9127
0.134, 9126
0.135, 9125
0.138, 9124
0.138, 9123
0.140, 9122
0.141, 9121
0.144, 9120
0.145, 9119
0.146, 9118
0.147, 9117
0.148, 9116
0.148, 9115
0.149, 9114
0.150, 9113
0.152, 9112
0.153, 9111
0.153, 9110
0.154, 9109
0.155, 9108
0.155, 9107
0.157, 9106
0.158, 9105
0.159, 9104
0.159, 9103
0.160, 9102
0.161, 9101
0.161, 9100
0.162, 9099
0.164, 9098
0.165, 9097
0.166, 9096
0.166, 9095
0.167, 9094
0.168, 9093
0.168, 9092
0.169, 9091
0.170, 9090
0.171, 9089
0.171, 9088
0.172, 9087
0.173, 9086
0.174, 9085
0.174, 9084
0.175, 9083
0.176, 9082
0.177, 9081
0.177, 9080
0.178, 9079
0.179, 9078
0.180, 9077
0.180, 9076
0.182, 9075
0.183, 9074
0.184, 9073
0.185, 9072
0.186, 9071
0.187, 9070
0.189, 9069
0.190, 9068
0.191, 9067
0.192, 9066
0.194, 9065
0.195, 9064
0.196, 9063
0.198, 9062
0.198, 9061
0.200, 9060
0.201, 9059
0.202, 9058
0.203, 9057
0.203, 9056
0.204, 9055
0.205, 9054
0.207, 9053
0.207, 9052
0.208, 9051
0.210, 9050
0.211, 9049
0.212, 9048
0.213, 9047
0.214, 9046
0.215, 9045
0.215, 9044
0.216, 9043
0.217, 9042
0.218, 9041
0.218, 9040
0.220, 9039
0.221, 9038
0.223, 9037
0.224, 9036
0.225, 9035
0.226, 9034
0.227, 9033
0.228, 9032
0.228, 9031
0.230, 9030
0.232, 9029
0.233, 9028
0.233, 9027
0.235, 9026
0.236, 9025
0.237, 9024
0.237, 9023
0.239, 9022
0.240, 9021
0.241, 9020
0.242, 9019
0.242, 9018
0.243, 9017
0.244, 9016
0.244, 9015
0.246, 9014
0.247, 9013
0.249, 9012
0.250, 9011
0.252, 9010
0.254, 9009
0.255, 9008
0.255, 9007
0.256, 9006
0.259, 9005
0.260, 9004
0.262, 9003
0.263, 9002
0.264, 9001
0.265, 9000
0.265, 8999
0.268, 8998
0.268, 8997
0.271, 8996
0.272, 8995
0.273, 8994
0.275, 8993
0.276, 8992
0.277, 8991
0.279, 8990
0.279, 8989
0.280, 8988
0.281, 8987
0.282, 8986
0.282, 8985
0.284, 8984
0.284, 8983
0.285, 8982
0.286, 8981
0.287, 8980
0.288, 8979
0.289, 8978
0.291, 8977
0.291, 8976
0.294, 8975
0.295, 8974
0.297, 8973
0.298, 8972
0.300, 8971
0.300, 8970
0.301, 8969
0.302, 8968
0.303, 8967
0.304, 8966
0.305, 8965
0.306, 8964
0.307, 8963
0.308, 8962
0.309, 8961
0.315, 8960
0.315, 8959
0.317, 8958
0.318, 8957
0.320, 8956
0.321, 8955
0.322, 8954
0.323, 8953
0.324, 8952
0.324, 8951
0.325, 8950
0.327, 8949
0.327, 8948
0.328, 8947
0.329, 8946
0.331, 8945
0.332, 8944
0.333, 8943
0.334, 8942
0.335, 8941
0.336, 8940
0.337, 8939
0.339, 8938
0.341, 8937
0.342, 8936
0.344, 8935
0.345, 8934
0.346, 8933
0.347, 8932
0.348, 8931
0.348, 8930
0.349, 8929
0.350, 8928
0.351, 8927
0.352, 8926
0.352, 8925
0.355, 8924
0.356, 8923
0.356, 8922
0.357, 8921
0.358, 8920
0.359, 8919
0.360, 8918
0.360, 8917
0.361, 8916
0.364, 8915
0.365, 8914
0.366, 8913
0.366, 8912
0.367, 8911
0.370, 8910
0.371, 8909
0.372, 8908
0.374, 8907
0.376, 8906
0.378, 8905
0.379, 8904
0.380, 8903
0.381, 8902
0.384, 8901
0.386, 8900
0.387, 8899
0.389, 8898
0.391, 8897
0.392, 8896
0.393, 8895
0.394, 8894
0.395, 8893
0.395, 8892
0.397, 8891
0.397, 8890
0.398, 8889
0.398, 8888
0.399, 8887
0.400, 8886
0.401, 8885
0.402, 8884
0.403, 8883
0.403, 8882
0.404, 8881
0.406, 8880
0.406, 8879
0.407, 8878
0.408, 8877
0.410, 8876
0.411, 8875
0.411, 8874
0.412, 8873
0.413, 8872
0.415, 8871
0.416, 8870
0.418, 8869
0.419, 8868
0.421, 8867
0.422, 8866
0.423, 8865
0.424, 8864
0.426, 8863
0.428, 8862
0.429, 8861
0.432, 8860
0.433, 8859
0.434, 8858
0.436, 8857
0.436, 8856
0.438, 8855
0.439, 8854
0.441, 8853
0.441, 8852
0.442, 8851
0.443, 8850
0.444, 8849
0.445, 8848
0.446, 8847
0.446, 8846
0.448, 8845
0.449, 8844
0.450, 8843
0.452, 8842
0.453, 8841
0.457, 8840
0.459, 8839
0.460, 8838
0.460, 8837
0.462, 8836
0.463, 8835
0.465, 8834
0.465, 8833
0.466, 8832
0.469, 8831
0.470, 8830
0.471, 8829
0.472, 8828
0.479, 8827
0.480, 8826
0.480, 8825
0.481, 8824
0.486, 8823
0.486, 8822
0.488, 8821
0.491, 8820
0.491, 8819
0.492, 8818
0.494, 8817
0.495, 8816
0.497, 8815
0.498, 8814
0.498, 8813
0.499, 8812
0.499, 8811
0.500, 8810
0.503, 8809
0.504, 8808
0.506, 8807
0.507, 8806
0.508, 8805
0.510, 8804
0.510, 8803
0.513, 8802
0.514, 8801
0.517, 8800
0.518, 8799
0.518, 8798
0.519, 8797
0.520, 8796
0.523, 8795
0.524, 8794
0.527, 8793
0.529, 8792
0.529, 8791
0.531, 8790
0.533, 8789
0.534, 8788
0.536, 8787
0.538, 8786
0.541, 8785
0.543, 8784
0.543, 8783
0.544, 8782
0.547, 8781
0.549, 8780
0.550, 8779
0.551, 8778
0.551, 8777
0.552, 8776
0.553, 8775
0.554, 8774
0.554, 8773
0.557, 8772
0.557, 8771
0.559, 8770
0.561, 8769
0.562, 8768
0.564, 8767
0.564, 8766
0.565, 8765
0.566, 8764
0.567, 8763
0.567, 8762
0.568, 8761
0.570, 8760
0.571, 8759
0.572, 8758
0.574, 8757
0.575, 8756
0.576, 8755
0.577, 8754
0.579, 8753
0.580, 8752
0.580, 8751
0.583, 8750
0.584, 8749
0.585, 8748
0.586, 8747
0.587, 8746
0.589, 8745
0.589, 8744
0.593, 8743
0.599, 8742
0.601, 8741
0.604, 8740
0.604, 8739
0.605, 8738
0.606, 8737
0.607, 8736
0.608, 8735
0.609, 8734
0.610, 8733
0.610, 8732
0.612, 8731
0.614, 8730
0.616, 8729
0.619, 8728
0.620, 8727
0.621, 8726
0.622, 8725
0.623, 8724
0.623, 8723
0.625, 8722
0.626, 8721
0.627, 8720
0.632, 8719
0.633, 8718
0.634, 8717
0.634, 8716
0.636, 8715
0.636, 8714
0.637, 8713
0.639, 8712
0.640, 8711
0.640, 8710
0.642, 8709
0.643, 8708
0.644, 8707
0.646, 8706
0.646, 8705
0.647, 8704
0.649, 8703
0.650, 8702
0.650, 8701
0.652, 8700
0.655, 8699
0.656, 8698
0.656, 8697
0.657, 8696
0.658, 8695
0.661, 8694
0.662, 8693
0.665, 8692
0.666, 8691
0.668, 8690
0.669, 8689
0.671, 8688
0.672, 8687
0.673, 8686
0.673, 8685
0.674, 8684
0.678, 8683
0.679, 8682
0.680, 8681
0.682, 8680
0.685, 8679
0.687, 8678
0.689, 8677
0.691, 8676
0.693, 8675
0.694, 8674
0.696, 8673
0.703, 8672
0.704, 8671
0.705, 8670
0.709, 8669
0.714, 8668
0.715, 8667
0.716, 8666
0.718, 8665
0.719, 8664
0.720, 8663
0.721, 8662
0.722, 8661
0.723, 8660
0.724, 8659
0.725, 8658
0.726, 8657
0.728, 8656
0.728, 8655
0.729, 8654
0.730, 8653
0.732, 8652
0.734, 8651
0.735, 8650
0.736, 8649
0.737, 8648
0.739, 8647
0.739, 8646
0.742, 8645
0.742, 8644
0.743, 8643
0.744, 8642
0.746, 8641
0.746, 8640
0.748, 8639
0.749, 8638
0.750, 8637
0.751, 8636
0.754, 8635
0.754, 8634
0.755, 8633
0.758, 8632
0.759, 8631
0.761, 8630
0.761, 8629
0.762, 8628
0.765, 8627
0.766, 8626
0.766, 8625
0.767, 8624
0.768, 8623
0.769, 8622
0.772, 8621
0.773, 8620
0.775, 8619
0.777, 8618
0.778, 8617
0.780, 8616
0.782, 8615
0.782, 8614
0.785, 8613
0.786, 8612
0.787, 8611
0.790, 8610
0.790, 8609
0.794, 8608
0.795, 8607
0.796, 8606
0.797, 8605
0.799, 8604
0.804, 8603
0.805, 8602
0.807, 8601
0.807, 8600
0.809, 8599
0.810, 8598
0.811, 8597
0.812, 8596
0.814, 8595
0.817, 8594
0.818, 8593
0.819, 8592
0.819, 8591
0.823, 8590
0.824, 8589
0.826, 8588
0.827, 8587
0.828, 8586
0.830, 8585
0.833, 8584
0.835, 8583
0.836, 8582
0.840, 8581
0.842, 8580
0.843, 8579
0.845, 8578
0.845, 8577
0.846, 8576
0.847, 8575
0.848, 8574
0.849, 8573
0.851, 8572
0.851, 8571
0.855, 8570
0.856, 8569
0.856, 8568
0.860, 8567
0.860, 8566
0.866, 8565
0.867, 8564
0.868, 8563
0.870, 8562
0.872, 8561
0.877, 8560
0.878, 8559
0.880, 8558
0.880, 8557
0.882, 8556
0.882, 8555
0.885, 8554
0.892, 8553
0.894, 8552
0.899, 8551
0.901, 8550
0.906, 8549
0.907, 8548
0.911, 8547
0.915, 8546
0.921, 8545
0.924, 8544
0.926, 8543
0.927, 8542
0.927, 8541
0.930, 8540
0.931, 8539
0.932, 8538
0.934, 8537
0.947, 8536
0.948, 8535
0.950, 8534
0.952, 8533
0.956, 8532
0.957, 8531
0.958, 8530
0.960, 8529
0.962, 8528
0.962, 8527
0.966, 8526
0.967, 8525
0.968, 8524
0.968, 8523
0.970, 8522
0.975, 8521
0.976, 8520
0.978, 8519
0.982, 8518
0.984, 8517
0.985, 8516
0.987, 8515
0.989, 8514
0.990, 8513
0.992, 8512
0.993, 8511
0.994, 8510
0.995, 8509
0.997, 8508
0.998, 8507
1.000, 8506
1.001, 8505
1.003, 8504
1.006, 8503
1.007, 8502
1.011, 8501
1.013, 8500
1.013, 8499
1.015, 8498
1.016, 8497
1.024, 8496
1.025, 8495
1.026, 8494
1.029, 8493
1.036, 8492
1.039, 8491
1.039, 8490
1.044, 8489
1.045, 8488
1.048, 8487
1.049, 8486
1.050, 8485
1.052, 8484
1.053, 8483
1.054, 8482
1.056, 8481
1.056, 8480
1.058, 8479
1.058, 8478
1.067, 8477
1.068, 8476
1.069, 8475
1.070, 8474
1.074, 8473
1.074, 8472
1.076, 8471
1.077, 8470
1.078, 8469
1.084, 8468
1.089, 8467
1.089, 8466
1.090, 8465
1.091, 8464
1.091, 8463
1.094, 8462
1.095, 8461
1.097, 8460
1.105, 8459
1.107, 8458
1.109, 8457
1.112, 8456
1.114, 8455
1.115, 8454
1.120, 8453
1.122, 8452
1.124, 8451
1.128, 8450
1.129, 8449
1.130, 8448
1.132, 8447
1.135, 8446
1.142, 8445
1.143, 8444
1.151, 8443
1.152, 8442
1.153, 8441
1.154, 8440
1.156, 8439
1.158, 8438
1.159, 8437
1.160, 8436
1.166, 8435
1.176, 8434
1.177, 8433
1.177, 8432
1.184, 8431
1.184, 8430
1.186, 8429
1.187, 8428
1.188, 8427
1.189, 8426
1.190, 8425
1.192, 8424
1.196, 8423
1.197, 8422
1.199, 8421
1.200, 8420
1.201, 8419
1.202, 8418
1.203, 8417
1.207, 8416
1.208, 8415
1.213, 8414
1.214, 8413
1.217, 8412
1.219, 8411
1.222, 8410
1.223, 8409
1.224, 8408
1.230, 8407
1.231, 8406
1.232, 8405
1.235, 8404
1.241, 8403
1.244, 8402
1.247, 8401
1.249, 8400
1.250, 8399
1.252, 8398
1.256, 8397
1.258, 8396
1.259, 8395
1.260, 8394
1.261, 8393
1.268, 8392
1.270, 8391
1.272, 8390
1.275, 8389
1.276, 8388
1.285, 8387
1.287, 8386
1.290, 8385
1.291, 8384
1.294, 8383
1.297, 8382
1.297, 8381
1.299, 8380
1.299, 8379
1.302, 8378
1.303, 8377
1.304, 8376
1.306, 8375
1.307, 8374
1.308, 8373
1.310, 8372
1.311, 8371
1.314, 8370
1.319, 8369
1.321, 8368
1.325, 8367
1.330, 8366
1.331, 8365
1.331, 8364
1.336, 8363
1.337, 8362
1.339, 8361
1.342, 8360
1.343, 8359
1.345, 8358
1.346, 8357
1.355, 8356
1.357, 8355
1.359, 8354
1.364, 8353
1.367, 8352
1.370, 8351
1.372, 8350
1.374, 8349
1.377, 8348
1.379, 8347
1.381, 8346
1.387, 8345
1.389, 8344
1.392, 8343
1.395, 8342
1.396, 8341
1.399, 8340
1.400, 8339
1.400, 8338
1.406, 8337
1.416, 8336
1.420, 8335
1.422, 8334
1.422, 8333
1.425, 8332
1.426, 8331
1.433, 8330
1.434, 8329
1.438, 8328
1.442, 8327
1.443, 8326
1.448, 8325
1.449, 8324
1.451, 8323
1.455, 8322
1.456, 8321
1.457, 8320
1.462, 8319
1.468, 8318
1.471, 8317
1.477, 8316
1.480, 8315
1.484, 8314
1.486, 8313
1.491, 8312
1.491, 8311
1.492, 8310
1.493, 8309
1.494, 8308
1.495, 8307
1.498, 8306
1.504, 8305
1.504, 8304
1.517, 8303
1.519, 8302
1.522, 8301
1.525, 8300
1.527, 8299
1.529, 8298
1.530, 8297
1.534, 8296
1.535, 8295
1.547, 8294
1.554, 8293
1.557, 8292
1.559, 8291
1.560, 8290
1.563, 8289
1.568, 8288
1.570, 8287
1.575, 8286
1.582, 8285
1.591, 8284
1.598, 8283
1.599, 8282
1.600, 8281
1.602, 8280
1.605, 8279
1.606, 8278
1.610, 8277
1.610, 8276
1.612, 8275
1.614, 8274
1.615, 8273
1.628, 8272
1.629, 8271
1.633, 8270
1.634, 8269
1.638, 8268
1.641, 8267
1.642, 8266
1.648, 8265
1.650, 8264
1.653, 8263
1.654, 8262
1.655, 8261
1.657, 8260
1.662, 8259
1.664, 8258
1.665, 8257
1.668, 8256
1.670, 8255
1.673, 8254
1.674, 8253
1.678, 8252
1.681, 8251
1.688, 8250
1.689, 8249
1.691, 8248
1.692, 8247
1.697, 8246
1.704, 8245
1.708, 8244
1.708, 8243
1.711, 8242
1.712, 8241
1.714, 8240
1.715, 8239
1.729, 8238
1.730, 8237
1.731, 8236
1.733, 8235
1.735, 8234
1.740, 8233
1.746, 8232
1.750, 8231
1.751, 8230
1.752, 8229
1.752, 8228
1.754, 8227
1.755, 8226
1.756, 8225
1.761, 8224
1.762, 8223
1.764, 8222
1.769, 8221
1.771, 8220
1.777, 8219
1.779, 8218
1.782, 8217
1.786, 8216
1.787, 8215
1.789, 8214
1.792, 8213
1.795, 8212
1.799, 8211
1.804, 8210
1.810, 8209
1.813, 8208
1.815, 8207
1.817, 8206
1.825, 8205
1.830, 8204
1.847, 8203
1.856, 8202
1.860, 8201
1.862, 8200
1.863, 8199
1.885, 8198
1.889, 8197
1.894, 8196
1.897, 8195
1.904, 8194
1.906, 8193
1.911, 8192
1.912, 8191
1.918, 8190
1.920, 8189
1.923, 8188
1.923, 8187
1.929, 8186
1.945, 8185
1.947, 8184
1.952, 8183
1.952, 8182
1.961, 8181
1.966, 8180
1.974, 8179
1.980, 8178
1.988, 8177
1.997, 8176
2.002, 8175
2.004, 8174
2.014, 8173
2.017, 8172
2.022, 8171
2.023, 8170
2.028, 8169
2.031, 8168
2.035, 8167
2.041, 8166
2.052, 8165
2.053, 8164
2.057, 8163
2.062, 8162
2.063, 8161
2.067, 8160
2.070, 8159
2.083, 8158
2.085, 8157
2.086, 8156
2.089, 8155
2.092, 8154
2.097, 8153
2.099, 8152
2.102, 8151
2.102, 8150
2.107, 8149
2.108, 8148
2.118, 8147
2.131, 8146
2.140, 8145
2.144, 8144
2.145, 8143
2.146, 8142
2.147, 8141
2.150, 8140
2.152, 8139
2.153, 8138
2.153, 8137
2.155, 8136
2.157, 8135
2.159, 8134
2.162, 8133
2.167, 8132
2.173, 8131
2.180, 8130
2.182, 8129
2.184, 8128
2.198, 8127
2.206, 8126
2.207, 8125
2.213, 8124
2.215, 8123
2.218, 8122
2.231, 8121
2.233, 8120
2.234, 8119
2.236, 8118
2.237, 8117
2.237, 8116
2.238, 8115
2.239, 8114
2.253, 8113
2.255, 8112
2.257, 8111
2.259, 8110
2.269, 8109
2.276, 8108
2.287, 8107
2.288, 8106
2.289, 8105
2.294, 8104
2.298, 8103
2.304, 8102
2.322, 8101
2.323, 8100
2.328, 8099
2.329, 8098
2.334, 8097
2.361, 8096
2.368, 8095
2.372, 8094
2.382, 8093
2.386, 8092
2.389, 8091
2.392, 8090
2.395, 8089
2.397, 8088
2.399, 8087
2.404, 8086
2.405, 8085
2.406, 8084
2.407, 8083
2.416, 8082
2.422, 8081
2.422, 8080
2.448, 8079
2.451, 8078
2.453, 8077
2.460, 8076
2.461, 8075
2.463, 8074
2.468, 8073
2.470, 8072
2.471, 8071
2.472, 8070
2.504, 8069
2.515, 8068
2.519, 8067
2.549, 8066
2.551, 8065
2.552, 8064
2.561, 8063
2.575, 8062
2.580, 8061
2.587, 8060
2.592, 8059
2.593, 8058
2.597, 8057
2.601, 8056
2.606, 8055
2.615, 8054
2.622, 8053
2.623, 8052
2.624, 8051
2.630, 8050
2.631, 8049
2.632, 8048
2.649, 8047
2.656, 8046
2.661, 8045
2.675, 8044
2.683, 8043
2.687, 8042
2.699, 8041
2.702, 8040
2.714, 8039
2.714, 8038
2.736, 8037
2.739, 8036
2.745, 8035
2.755, 8034
2.772, 8033
2.778, 8032
2.779, 8031
2.782, 8030
2.787, 8029
2.787, 8028
2.789, 8027
2.794, 8026
2.803, 8025
2.807, 8024
2.814, 8023
2.819, 8022
2.826, 8021
2.848, 8020
2.852, 8019
2.858, 8018
2.870, 8017
2.873, 8016
2.877, 8015
2.886, 8014
2.891, 8013
2.913, 8012
2.916, 8011
2.922, 8010
2.938, 8009
2.940, 8008
2.946, 8007
2.946, 8006
2.947, 8005
2.949, 8004
2.952, 8003
2.954, 8002
2.955, 8001
2.957, 8000
2.959, 7999
2.967, 7998
2.975, 7997
2.988, 7996
2.990, 7995
2.992, 7994
2.992, 7993
2.997, 7992
3.018, 7991
3.024, 7990
3.027, 7989
3.031, 7988
3.044, 7987
3.045, 7986
3.050, 7985
3.059, 7984
3.064, 7983
3.076, 7982
3.079, 7981
3.094, 7980
3.095, 7979
3.098, 7978
3.114, 7977
3.116, 7976
3.117, 7975
3.124, 7974
3.125, 7973
3.128, 7972
3.138, 7971
3.147, 7970
3.149, 7969
3.162, 7968
3.163, 7967
3.172, 7966
3.174, 7965
3.175, 7964
3.179, 7963
3.194, 7962
3.200, 7961
3.204, 7960
3.211, 7959
3.218, 7958
3.219, 7957
3.223, 7956
3.224, 7955
3.228, 7954
3.231, 7953
3.234, 7952
3.239, 7951
3.244, 7950
3.247, 7949
3.287, 7948
3.297, 7947
3.302, 7946
3.338, 7945
3.344, 7944
3.348, 7943
3.355, 7942
3.366, 7941
3.367, 7940
3.370, 7939
3.386, 7938
3.388, 7937
3.391, 7936
3.404, 7935
3.405, 7934
3.408, 7933
3.411, 7932
3.439, 7931
3.440, 7930
3.446, 7929
3.454, 7928
3.461, 7927
3.473, 7926
3.479, 7925
3.479, 7924
3.497, 7923
3.504, 7922
3.509, 7921
3.514, 7920
3.516, 7919
3.521, 7918
3.525, 7917
3.529, 7916
3.536, 7915
3.553, 7914
3.559, 7913
3.561, 7912
3.563, 7911
3.570, 7910
3.572, 7909
3.605, 7908
3.640, 7907
3.641, 7906
3.644, 7905
3.647, 7904
3.666, 7903
3.675, 7902
3.686, 7901
3.690, 7900
3.701, 7899
3.708, 7898
3.715, 7897
3.719, 7896
3.726, 7895
3.726, 7894
3.731, 7893
3.745, 7892
3.747, 7891
3.766, 7890
3.775, 7889
3.788, 7888
3.815, 7887
3.835, 7886
3.844, 7885
3.849, 7884
3.860, 7883
3.874, 7882
3.879, 7881
3.903, 7880
3.924, 7879
3.936, 7878
3.955, 7877
3.960, 7876
3.964, 7875
4.021, 7874
4.022, 7873
4.031, 7872
4.033, 7871
4.052, 7870
4.088, 7869
4.089, 7868
4.093, 7867
4.113, 7866
4.126, 7865
4.129, 7864
4.136, 7863
4.139, 7862
4.152, 7861
4.173, 7860
4.185, 7859
4.190, 7858
4.190, 7857
4.191, 7856
4.192, 7855
4.197, 7854
4.224, 7853
4.244, 7852
4.244, 7851
4.245, 7850
4.249, 7849
4.259, 7848
4.260, 7847
4.282, 7846
4.286, 7845
4.291, 7844
4.293, 7843
4.295, 7842
4.337, 7841
4.342, 7840
4.353, 7839
4.355, 7838
4.362, 7837
4.368, 7836
4.374, 7835
4.378, 7834
4.395, 7833
4.446, 7832
4.459, 7831
4.469, 7830
4.472, 7829
4.477, 7828
4.494, 7827
4.518, 7826
4.530, 7825
4.536, 7824
4.546, 7823
4.547, 7822
4.568, 7821
4.581, 7820
4.589, 7819
4.591, 7818
4.593, 7817
4.605, 7816
4.606, 7815
4.618, 7814
4.618, 7813
4.620, 7812
4.630, 7811
4.642, 7810
4.651, 7809
4.663, 7808
4.687, 7807
4.737, 7806
4.745, 7805
4.757, 7804
4.767, 7803
4.782, 7802
4.785, 7801
4.818, 7800
4.821, 7799
4.855, 7798
4.866, 7797
4.904, 7796
4.906, 7795
4.928, 7794
4.929, 7793
4.936, 7792
4.937, 7791
4.946, 7790
4.950, 7789
4.953, 7788
4.983, 7787
4.986, 7786
4.998, 7785
5.024, 7784
5.035, 7783
5.039, 7782
5.064, 7781
5.071, 7780
5.084, 7779
5.137, 7778
5.175, 7777
5.177, 7776
5.185, 7775
5.194, 7774
5.208, 7773
5.236, 7772
5.242, 7771
5.249, 7770
5.257, 7769
5.260, 7768
5.272, 7767
5.446, 7766
5.452, 7765
5.457, 7764
5.462, 7763
5.485, 7762
5.504, 7761
5.508, 7760
5.511, 7759
5.522, 7758
5.527, 7757
5.576, 7756
5.583, 7755
5.589, 7754
5.626, 7753
5.642, 7752
5.648, 7751
5.659, 7750
5.685, 7749
5.705, 7748
5.715, 7747
5.718, 7746
5.731, 7745
5.742, 7744
5.801, 7743
5.836, 7742
5.875, 7741
5.887, 7740
5.896, 7739
5.908, 7738
5.909, 7737
5.940, 7736
5.941, 7735
5.949, 7734
5.981, 7733
5.992, 7732
5.997, 7731
6.005, 7730
6.033, 7729
6.045, 7728
6.123, 7727
6.125, 7726
6.159, 7725
6.181, 7724
6.187, 7723
6.204, 7722
6.207, 7721
6.226, 7720
6.238, 7719
6.270, 7718
6.271, 7717
6.297, 7716
6.325, 7715
6.329, 7714
6.395, 7713
6.399, 7712
6.435, 7711
6.440, 7710
6.461, 7709
6.521, 7708
6.548, 7707
6.617, 7706
6.667, 7705
6.675, 7704
6.684, 7703
6.694, 7702
6.696, 7701
6.703, 7700
6.706, 7699
6.757, 7698
6.785, 7697
6.789, 7696
6.848, 7695
6.872, 7694
6.873, 7693
6.873, 7692
6.906, 7691
6.990, 7690
6.994, 7689
7.075, 7688
7.095, 7687
7.115, 7686
7.146, 7685
7.207, 7684
7.274, 7683
7.280, 7682
7.361, 7681
7.436, 7680
7.438, 7679
7.517, 7678
7.534, 7677
7.600, 7676
7.644, 7675
7.650, 7674
7.671, 7673
7.729, 7672
7.736, 7671
7.743, 7670
7.759, 7669
7.850, 7668
7.853, 7667
7.876, 7666
7.882, 7665
7.885, 7664
7.892, 7663
7.932, 7662
7.993, 7661
8.030, 7660
8.092, 7659
8.126, 7658
8.150, 7657
8.198, 7656
8.273, 7655
8.373, 7654
8.387, 7653
8.417, 7652
8.422, 7651
8.506, 7650
8.538, 7649
8.761, 7648
8.785, 7647
8.833, 7646
9.006, 7645
9.073, 7644
9.107, 7643
9.163, 7642
9.312, 7641
9.410, 7640
9.527, 7639
9.540, 7638
9.640, 7637
9.733, 7636
9.745, 7635
9.828, 7634
9.829, 7633
9.928, 7632
10.074, 7631
10.092, 7630
10.446, 7629
10.486, 7628
10.513, 7627
10.876, 7626
10.943, 7625
10.990, 7624
11.107, 7623
11.236, 7622
11.289, 7621
11.614, 7620
11.987, 7619
12.123, 7618
12.173, 7617
12.187, 7616
12.326, 7615
12.407, 7614
12.585, 7613
12.617, 7612
13.020, 7611
13.932, 7610
14.074, 7609
14.463, 7608
14.762, 7607
15.025, 7606
15.143, 7605
15.470, 7604
16.295, 7603
16.804, 7602
17.126, 7601
18.327, 7600
19.434, 7599
22.924, 7598
