0.003, 5326
1.962, 5325
1.963, 5324
1.964, 5323
1.969, 5322
1.978, 5321
1.992, 5320
2.005, 5319
2.018, 5318
2.020, 5317
2.049, 5316
2.066, 5315
2.075, 5314
2.090, 5313
2.130, 5312
2.149, 5311
2.160, 5310
2.171, 5309
2.189, 5308
2.195, 5307
2.201, 5306
2.221, 5305
2.242, 5304
2.249, 5303
2.258, 5302
2.266, 5301
2.288, 5300
2.291, 5299
2.293, 5298
2.310, 5297
2.312, 5296
2.315, 5295
2.317, 5294
2.320, 5293
2.340, 5292
2.350, 5291
2.372, 5290
2.383, 5289
2.395, 5288
2.402, 5287
2.429, 5286
2.445, 5285
2.454, 5284
2.457, 5283
2.470, 5282
2.471, 5281
2.473, 5280
2.506, 5279
2.510, 5278
2.517, 5277
2.540, 5276
2.543, 5275
2.545, 5274
2.548, 5273
2.582, 5272
2.588, 5271
2.597, 5270
2.636, 5269
2.694, 5268
2.697, 5267
2.708, 5266
2.709, 5265
2.718, 5264
2.736, 5263
2.758, 5262
2.776, 5261
2.790, 5260
2.801, 5259
2.805, 5258
2.813, 5257
2.836, 5256
2.837, 5255
2.839, 5254
2.844, 5253
2.862, 5252
2.877, 5251
2.891, 5250
2.900, 5249
2.926, 5248
2.948, 5247
2.976, 5246
3.016, 5245
3.050, 5244
3.061, 5243
3.089, 5242
3.122, 5241
3.134, 5240
3.191, 5239
3.198, 5238
3.204, 5237
3.216, 5236
3.220, 5235
3.244, 5234
3.248, 5233
3.250, 5232
3.263, 5231
3.291, 5230
3.326, 5229
3.350, 5228
3.372, 5227
3.374, 5226
3.382, 5225
3.403, 5224
3.408, 5223
3.413, 5222
3.417, 5221
3.443, 5220
3.454, 5219
3.479, 5218
3.513, 5217
3.517, 5216
3.520, 5215
3.533, 5214
3.558, 5213
3.561, 5212
3.570, 5211
3.576, 5210
3.578, 5209
3.582, 5208
3.598, 5207
3.627, 5206
3.632, 5205
3.634, 5204
3.653, 5203
3.669, 5202
3.723, 5201
3.727, 5200
3.753, 5199
3.769, 5198
3.775, 5197
3.791, 5196
3.810, 5195
3.851, 5194
3.854, 5193
3.863, 5192
3.874, 5191
3.922, 5190
3.926, 5189
3.929, 5188
3.951, 5187
3.964, 5186
3.966, 5185
3.971, 5184
3.994, 5183
4.001, 5182
4.024, 5181
4.030, 5180
4.044, 5179
4.046, 5178
4.051, 5177
4.053, 5176
4.071, 5175
4.072, 5174
4.077, 5173
4.081, 5172
4.097, 5171
4.101, 5170
4.108, 5169
4.111, 5168
4.130, 5167
4.140, 5166
4.150, 5165
4.154, 5164
4.169, 5163
4.175, 5162
4.241, 5161
4.257, 5160
4.279, 5159
4.311, 5158
4.325, 5157
4.362, 5156
4.381, 5155
4.395, 5154
4.403, 5153
4.410, 5152
4.419, 5151
4.433, 5150
4.480, 5149
4.485, 5148
4.490, 5147
4.493, 5146
4.544, 5145
4.555, 5144
4.567, 5143
4.568, 5142
4.572, 5141
4.593, 5140
4.603, 5139
4.615, 5138
4.629, 5137
4.671, 5136
4.698, 5135
4.701, 5134
4.754, 5133
4.757, 5132
4.762, 5131
4.773, 5130
4.794, 5129
4.806, 5128
4.807, 5127
4.830, 5126
4.892, 5125
4.914, 5124
4.930, 5123
4.946, 5122
4.953, 5121
4.963, 5120
4.964, 5119
4.974, 5118
5.020, 5117
5.047, 5116
5.080, 5115
5.097, 5114
5.115, 5113
5.137, 5112
5.141, 5111
5.183, 5110
5.226, 5109
5.235, 5108
5.265, 5107
5.266, 5106
5.276, 5105
5.301, 5104
5.310, 5103
5.330, 5102
5.346, 5101
5.369, 5100
5.374, 5099
5.389, 5098
5.407, 5097
5.417, 5096
5.431, 5095
5.474, 5094
5.502, 5093
5.521, 5092
5.545, 5091
5.556, 5090
5.557, 5089
5.558, 5088
5.581, 5087
5.601, 5086
5.615, 5085
5.617, 5084
5.623, 5083
5.646, 5082
5.669, 5081
5.693, 5080
5.695, 5079
5.696, 5078
5.712, 5077
5.727, 5076
5.742, 5075
5.872, 5074
5.876, 5073
5.882, 5072
5.911, 5071
5.956, 5070
5.971, 5069
5.992, 5068
