0.001, 5326
1.510, 5325
1.526, 5324
1.548, 5323
1.559, 5322
1.567, 5321
1.571, 5320
1.581, 5319
1.594, 5318
1.595, 5317
1.606, 5316
1.624, 5315
1.636, 5314
1.640, 5313
1.644, 5312
1.654, 5311
1.675, 5310
1.692, 5309
1.698, 5308
1.711, 5307
1.731, 5306
1.735, 5305
1.786, 5304
1.795, 5303
1.814, 5302
1.824, 5301
1.825, 5300
1.847, 5299
1.850, 5298
1.854, 5297
1.857, 5296
1.871, 5295
1.883, 5294
1.889, 5293
1.901, 5292
1.911, 5291
1.912, 5290
1.915, 5289
1.925, 5288
1.933, 5287
1.942, 5286
1.968, 5285
2.033, 5284
2.053, 5283
2.090, 5282
2.099, 5281
2.101, 5280
2.109, 5279
2.147, 5278
2.161, 5277
2.162, 5276
2.171, 5275
2.178, 5274
2.191, 5273
2.199, 5272
2.215, 5271
2.219, 5270
2.223, 5269
2.249, 5268
2.264, 5267
2.267, 5266
2.273, 5265
2.312, 5264
2.316, 5263
2.326, 5262
2.339, 5261
2.348, 5260
2.366, 5259
2.394, 5258
2.409, 5257
2.420, 5256
2.427, 5255
2.431, 5254
2.436, 5253
2.472, 5252
2.477, 5251
2.481, 5250
2.486, 5249
2.511, 5248
2.537, 5247
2.549, 5246
2.556, 5245
2.562, 5244
2.575, 5243
2.591, 5242
2.594, 5241
2.616, 5240
2.621, 5239
2.629, 5238
2.648, 5237
2.701, 5236
2.750, 5235
2.765, 5234
2.787, 5233
2.823, 5232
2.839, 5231
2.854, 5230
2.861, 5229
2.897, 5228
2.904, 5227
2.915, 5226
2.916, 5225
2.967, 5224
2.989, 5223
3.025, 5222
3.029, 5221
3.060, 5220
3.067, 5219
3.074, 5218
3.086, 5217
3.101, 5216
3.112, 5215
3.121, 5214
3.127, 5213
3.137, 5212
3.152, 5211
3.157, 5210
3.166, 5209
3.200, 5208
3.205, 5207
3.248, 5206
3.261, 5205
3.269, 5204
3.320, 5203
3.340, 5202
3.361, 5201
3.386, 5200
3.399, 5199
3.405, 5198
3.434, 5197
3.438, 5196
3.452, 5195
3.455, 5194
3.477, 5193
3.495, 5192
3.509, 5191
3.516, 5190
3.566, 5189
3.570, 5188
3.615, 5187
3.618, 5186
3.631, 5185
3.639, 5184
3.663, 5183
3.704, 5182
3.706, 5181
3.736, 5180
3.770, 5179
3.804, 5178
3.808, 5177
3.818, 5176
3.856, 5175
3.856, 5174
3.860, 5173
3.870, 5172
3.925, 5171
3.930, 5170
3.960, 5169
4.032, 5168
4.048, 5167
4.053, 5166
4.071, 5165
4.083, 5164
4.125, 5163
4.135, 5162
4.148, 5161
4.176, 5160
4.181, 5159
4.222, 5158
4.225, 5157
4.238, 5156
4.258, 5155
4.260, 5154
4.287, 5153
4.297, 5152
4.333, 5151
4.401, 5150
4.437, 5149
4.439, 5148
4.493, 5147
4.496, 5146
4.506, 5145
4.521, 5144
4.523, 5143
4.538, 5142
4.540, 5141
4.607, 5140
4.619, 5139
4.635, 5138
4.642, 5137
4.652, 5136
4.689, 5135
4.709, 5134
4.716, 5133
4.737, 5132
4.758, 5131
4.813, 5130
4.845, 5129
4.871, 5128
4.897, 5127
4.914, 5126
4.920, 5125
4.957, 5124
4.982, 5123
5.000, 5122
5.003, 5121
5.044, 5120
5.059, 5119
5.065, 5118
5.078, 5117
5.082, 5116
5.094, 5115
5.122, 5114
5.206, 5113
5.228, 5112
5.272, 5111
5.289, 5110
5.298, 5109
5.300, 5108
5.320, 5107
5.356, 5106
5.360, 5105
5.363, 5104
5.367, 5103
5.370, 5102
5.457, 5101
5.472, 5100
5.517, 5099
5.543, 5098
5.551, 5097
5.572, 5096
5.593, 5095
5.623, 5094
5.651, 5093
5.702, 5092
5.723, 5091
5.732, 5090
5.739, 5089
5.761, 5088
5.771, 5087
5.772, 5086
5.776, 5085
5.785, 5084
5.792, 5083
5.808, 5082
5.829, 5081
5.852, 5080
5.889, 5079
5.899, 5078
5.925, 5077
5.950, 5076
5.971, 5075
6.039, 5074
6.041, 5073
6.050, 5072
6.062, 5071
6.073, 5070
6.082, 5069
6.103, 5068
6.132, 5067
6.192, 5066
6.220, 5065
6.251, 5064
6.296, 5063
6.302, 5062
6.362, 5061
6.377, 5060
6.450, 5059
6.451, 5058
6.505, 5057
6.508, 5056
6.545, 5055
6.550, 5054
6.585, 5053
6.600, 5052
6.627, 5051
6.638, 5050
6.645, 5049
6.761, 5048
6.771, 5047
6.796, 5046
6.802, 5045
6.813, 5044
6.904, 5043
6.905, 5042
6.937, 5041
7.020, 5040
7.031, 5039
7.066, 5038
7.082, 5037
7.099, 5036
7.241, 5035
7.249, 5034
7.268, 5033
7.284, 5032
7.353, 5031
7.360, 5030
7.401, 5029
7.416, 5028
7.491, 5027
7.546, 5026
7.574, 5025
7.639, 5024
7.754, 5023
7.814, 5022
7.890, 5021
7.960, 5020
7.974, 5019
7.997, 5018
8.060, 5017
8.099, 5016
8.101, 5015
8.110, 5014
8.139, 5013
8.155, 5012
8.172, 5011
8.199, 5010
8.299, 5009
8.302, 5008
8.332, 5007
8.384, 5006
8.391, 5005
8.394, 5004
8.413, 5003
8.429, 5002
8.532, 5001
8.543, 5000
8.552, 4999
8.554, 4998
8.561, 4997
8.625, 4996
8.648, 4995
8.656, 4994
8.701, 4993
8.717, 4992
8.725, 4991
8.751, 4990
8.861, 4989
8.925, 4988
9.028, 4987
9.161, 4986
9.183, 4985
9.235, 4984
9.241, 4983
9.285, 4982
9.299, 4981
9.312, 4980
9.326, 4979
9.328, 4978
9.337, 4977
9.386, 4976
9.475, 4975
9.507, 4974
9.510, 4973
9.685, 4972
9.732, 4971
9.770, 4970
9.858, 4969
9.873, 4968
9.894, 4967
10.004, 4966
10.008, 4965
10.072, 4964
10.119, 4963
10.198, 4962
10.291, 4961
10.353, 4960
10.480, 4959
10.567, 4958
10.574, 4957
10.673, 4956
10.809, 4955
10.815, 4954
10.851, 4953
10.901, 4952
10.939, 4951
10.973, 4950
11.031, 4949
11.034, 4948
11.088, 4947
11.218, 4946
11.256, 4945
11.334, 4944
11.356, 4943
11.452, 4942
11.540, 4941
11.730, 4940
11.770, 4939
11.783, 4938
11.840, 4937
12.055, 4936
12.066, 4935
12.095, 4934
12.107, 4933
12.125, 4932
12.170, 4931
12.293, 4930
12.354, 4929
12.356, 4928
12.546, 4927
12.799, 4926
12.907, 4925
13.119, 4924
13.247, 4923
13.485, 4922
13.826, 4921
14.008, 4920
14.116, 4919
14.165, 4918
14.173, 4917
14.420, 4916
14.456, 4915
14.665, 4914
14.829, 4913
14.855, 4912
14.908, 4911
14.929, 4910
15.136, 4909
15.391, 4908
15.467, 4907
15.556, 4906
15.590, 4905
15.591, 4904
15.760, 4903
15.878, 4902
16.117, 4901
16.270, 4900
16.435, 4899
16.518, 4898
16.723, 4897
16.896, 4896
17.146, 4895
17.253, 4894
17.779, 4893
17.817, 4892
18.052, 4891
18.317, 4890
18.326, 4889
18.486, 4888
18.503, 4887
18.550, 4886
18.860, 4885
19.039, 4884
19.098, 4883
19.377, 4882
19.628, 4881
19.659, 4880
21.597, 4879
22.199, 4878
22.417, 4877
22.634, 4876
22.978, 4875
23.288, 4874
23.476, 4873
24.445, 4872
25.145, 4871
25.589, 4870
25.776, 4869
26.707, 4868
26.867, 4867
27.333, 4866
27.547, 4865
34.389, 4864
38.494, 4863
