0.004, 9232
0.019, 9231
0.027, 9230
0.029, 9229
0.031, 9228
0.033, 9227
0.037, 9226
0.039, 9225
0.041, 9224
0.043, 9223
0.045, 9222
0.047, 9221
0.052, 9220
0.054, 9219
0.056, 9218
0.058, 9217
0.060, 9216
0.062, 9215
0.064, 9214
0.066, 9213
0.068, 9212
0.070, 9211
0.072, 9210
0.074, 9209
0.076, 9208
0.077, 9207
0.086, 9206
0.086, 9205
0.087, 9204
0.093, 9203
0.094, 9202
0.095, 9201
0.098, 9200
0.099, 9199
0.099, 9198
0.100, 9197
0.101, 9196
0.103, 9195
0.105, 9194
0.106, 9193
0.107, 9192
0.108, 9191
0.109, 9190
0.110, 9189
0.111, 9188
0.112, 9187
0.113, 9186
0.114, 9185
0.117, 9184
0.118, 9183
0.140, 9182
0.144, 9181
0.146, 9180
0.147, 9179
0.156, 9178
0.157, 9177
0.158, 9176
0.159, 9175
0.160, 9174
0.162, 9173
0.163, 9172
0.163, 9171
0.167, 9170
0.168, 9169
0.168, 9168
0.169, 9167
0.170, 9166
0.171, 9165
0.173, 9164
0.175, 9163
0.176, 9162
0.181, 9161
0.182, 9160
0.185, 9159
0.186, 9158
0.187, 9157
0.188, 9156
0.188, 9155
0.192, 9154
0.193, 9153
0.194, 9152
0.195, 9151
0.197, 9150
0.198, 9149
0.199, 9148
0.200, 9147
0.201, 9146
0.201, 9145
0.202, 9144
0.203, 9143
0.204, 9142
0.206, 9141
0.207, 9140
0.208, 9139
0.209, 9138
0.211, 9137
0.211, 9136
0.212, 9135
0.213, 9134
0.214, 9133
0.215, 9132
0.216, 9131
0.217, 9130
0.217, 9129
0.218, 9128
0.220, 9127
0.223, 9126
0.225, 9125
0.226, 9124
0.229, 9123
0.231, 9122
0.236, 9121
0.237, 9120
0.238, 9119
0.238, 9118
0.239, 9117
0.240, 9116
0.241, 9115
0.243, 9114
0.243, 9113
0.244, 9112
0.247, 9111
0.248, 9110
0.249, 9109
0.250, 9108
0.250, 9107
0.251, 9106
0.252, 9105
0.252, 9104
0.253, 9103
0.256, 9102
0.257, 9101
0.258, 9100
0.259, 9099
0.262, 9098
0.263, 9097
0.264, 9096
0.265, 9095
0.267, 9094
0.269, 9093
0.269, 9092
0.270, 9091
0.271, 9090
0.275, 9089
0.277, 9088
0.278, 9087
0.279, 9086
0.280, 9085
0.281, 9084
0.283, 9083
0.284, 9082
0.288, 9081
0.289, 9080
0.290, 9079
0.292, 9078
0.294, 9077
0.295, 9076
0.297, 9075
0.298, 9074
0.298, 9073
0.300, 9072
0.302, 9071
0.302, 9070
0.303, 9069
0.305, 9068
0.306, 9067
0.306, 9066
0.307, 9065
0.308, 9064
0.309, 9063
0.311, 9062
0.312, 9061
0.316, 9060
0.317, 9059
0.318, 9058
0.319, 9057
0.321, 9056
0.322, 9055
0.324, 9054
0.324, 9053
0.325, 9052
0.326, 9051
0.328, 9050
0.329, 9049
0.329, 9048
0.330, 9047
0.331, 9046
0.332, 9045
0.333, 9044
0.334, 9043
0.336, 9042
0.338, 9041
0.338, 9040
0.339, 9039
0.340, 9038
0.341, 9037
0.344, 9036
0.346, 9035
0.347, 9034
0.348, 9033
0.349, 9032
0.351, 9031
0.352, 9030
0.353, 9029
0.354, 9028
0.354, 9027
0.355, 9026
0.356, 9025
0.357, 9024
0.357, 9023
0.359, 9022
0.360, 9021
0.362, 9020
0.363, 9019
0.364, 9018
0.365, 9017
0.366, 9016
0.367, 9015
0.368, 9014
0.368, 9013
0.371, 9012
0.372, 9011
0.373, 9010
0.374, 9009
0.375, 9008
0.375, 9007
0.376, 9006
0.377, 9005
0.378, 9004
0.379, 9003
0.380, 9002
0.382, 9001
0.383, 9000
0.384, 8999
0.386, 8998
0.387, 8997
0.387, 8996
0.388, 8995
0.389, 8994
0.391, 8993
0.393, 8992
0.394, 8991
0.395, 8990
0.396, 8989
0.398, 8988
0.399, 8987
0.400, 8986
0.400, 8985
0.401, 8984
0.402, 8983
0.404, 8982
0.406, 8981
0.409, 8980
0.410, 8979
0.411, 8978
0.414, 8977
0.415, 8976
0.415, 8975
0.417, 8974
0.418, 8973
0.420, 8972
0.420, 8971
0.421, 8970
0.423, 8969
0.423, 8968
0.424, 8967
0.427, 8966
0.427, 8965
0.428, 8964
0.430, 8963
0.433, 8962
0.433, 8961
0.434, 8960
0.435, 8959
0.435, 8958
0.437, 8957
0.439, 8956
0.440, 8955
0.443, 8954
0.445, 8953
0.446, 8952
0.447, 8951
0.448, 8950
0.449, 8949
0.450, 8948
0.451, 8947
0.452, 8946
0.453, 8945
0.454, 8944
0.455, 8943
0.456, 8942
0.457, 8941
0.458, 8940
0.459, 8939
0.459, 8938
0.460, 8937
0.461, 8936
0.462, 8935
0.465, 8934
0.465, 8933
0.466, 8932
0.468, 8931
0.471, 8930
0.472, 8929
0.473, 8928
0.474, 8927
0.475, 8926
0.475, 8925
0.476, 8924
0.477, 8923
0.478, 8922
0.478, 8921
0.479, 8920
0.480, 8919
0.481, 8918
0.482, 8917
0.484, 8916
0.484, 8915
0.485, 8914
0.486, 8913
0.488, 8912
0.490, 8911
0.492, 8910
0.495, 8909
0.495, 8908
0.496, 8907
0.498, 8906
0.500, 8905
0.502, 8904
0.503, 8903
0.505, 8902
0.506, 8901
0.508, 8900
0.511, 8899
0.511, 8898
0.512, 8897
0.514, 8896
0.515, 8895
0.516, 8894
0.516, 8893
0.519, 8892
0.519, 8891
0.520, 8890
0.521, 8889
0.522, 8888
0.522, 8887
0.524, 8886
0.524, 8885
0.525, 8884
0.526, 8883
0.528, 8882
0.529, 8881
0.529, 8880
0.531, 8879
0.531, 8878
0.532, 8877
0.532, 8876
0.533, 8875
0.534, 8874
0.538, 8873
0.538, 8872
0.540, 8871
0.541, 8870
0.544, 8869
0.545, 8868
0.547, 8867
0.550, 8866
0.551, 8865
0.552, 8864
0.555, 8863
0.556, 8862
0.557, 8861
0.558, 8860
0.559, 8859
0.561, 8858
0.562, 8857
0.562, 8856
0.563, 8855
0.566, 8854
0.567, 8853
0.569, 8852
0.570, 8851
0.572, 8850
0.573, 8849
0.575, 8848
0.578, 8847
0.578, 8846
0.579, 8845
0.580, 8844
0.582, 8843
0.584, 8842
0.585, 8841
0.586, 8840
0.587, 8839
0.588, 8838
0.589, 8837
0.591, 8836
0.592, 8835
0.593, 8834
0.594, 8833
0.594, 8832
0.595, 8831
0.596, 8830
0.597, 8829
0.599, 8828
0.599, 8827
0.601, 8826
0.602, 8825
0.605, 8824
0.606, 8823
0.606, 8822
0.608, 8821
0.608, 8820
0.609, 8819
0.610, 8818
0.612, 8817
0.614, 8816
0.614, 8815
0.615, 8814
0.616, 8813
0.617, 8812
0.618, 8811
0.619, 8810
0.620, 8809
0.621, 8808
0.623, 8807
0.624, 8806
0.625, 8805
0.626, 8804
0.627, 8803
0.628, 8802
0.629, 8801
0.632, 8800
0.633, 8799
0.634, 8798
0.634, 8797
0.635, 8796
0.639, 8795
0.641, 8794
0.643, 8793
0.643, 8792
0.644, 8791
0.646, 8790
0.650, 8789
0.651, 8788
0.652, 8787
0.654, 8786
0.655, 8785
0.657, 8784
0.658, 8783
0.661, 8782
0.662, 8781
0.663, 8780
0.665, 8779
0.665, 8778
0.667, 8777
0.667, 8776
0.668, 8775
0.669, 8774
0.670, 8773
0.671, 8772
0.672, 8771
0.672, 8770
0.673, 8769
0.677, 8768
0.678, 8767
0.678, 8766
0.680, 8765
0.681, 8764
0.683, 8763
0.684, 8762
0.686, 8761
0.687, 8760
0.689, 8759
0.696, 8758
0.697, 8757
0.698, 8756
0.703, 8755
0.704, 8754
0.706, 8753
0.707, 8752
0.708, 8751
0.710, 8750
0.711, 8749
0.712, 8748
0.714, 8747
0.716, 8746
0.716, 8745
0.719, 8744
0.721, 8743
0.722, 8742
0.723, 8741
0.724, 8740
0.727, 8739
0.728, 8738
0.729, 8737
0.730, 8736
0.731, 8735
0.732, 8734
0.734, 8733
0.735, 8732
0.735, 8731
0.737, 8730
0.739, 8729
0.742, 8728
0.749, 8727
0.752, 8726
0.754, 8725
0.756, 8724
0.758, 8723
0.759, 8722
0.762, 8721
0.765, 8720
0.767, 8719
0.770, 8718
0.770, 8717
0.771, 8716
0.772, 8715
0.773, 8714
0.774, 8713
0.775, 8712
0.776, 8711
0.777, 8710
0.778, 8709
0.779, 8708
0.780, 8707
0.783, 8706
0.788, 8705
0.789, 8704
0.790, 8703
0.791, 8702
0.792, 8701
0.794, 8700
0.795, 8699
0.797, 8698
0.798, 8697
0.801, 8696
0.802, 8695
0.805, 8694
0.806, 8693
0.806, 8692
0.808, 8691
0.811, 8690
0.816, 8689
0.817, 8688
0.819, 8687
0.820, 8686
0.822, 8685
0.823, 8684
0.826, 8683
0.826, 8682
0.827, 8681
0.829, 8680
0.831, 8679
0.832, 8678
0.832, 8677
0.833, 8676
0.838, 8675
0.841, 8674
0.843, 8673
0.847, 8672
0.849, 8671
0.851, 8670
0.853, 8669
0.854, 8668
0.855, 8667
0.857, 8666
0.858, 8665
0.860, 8664
0.862, 8663
0.863, 8662
0.864, 8661
0.869, 8660
0.871, 8659
0.872, 8658
0.873, 8657
0.875, 8656
0.881, 8655
0.883, 8654
0.888, 8653
0.889, 8652
0.890, 8651
0.893, 8650
0.894, 8649
0.895, 8648
0.896, 8647
0.898, 8646
0.898, 8645
0.899, 8644
0.900, 8643
0.903, 8642
0.903, 8641
0.904, 8640
0.909, 8639
0.910, 8638
0.913, 8637
0.914, 8636
0.915, 8635
0.916, 8634
0.917, 8633
0.919, 8632
0.920, 8631
0.921, 8630
0.922, 8629
0.926, 8628
0.926, 8627
0.928, 8626
0.928, 8625
0.929, 8624
0.936, 8623
0.937, 8622
0.939, 8621
0.942, 8620
0.945, 8619
0.945, 8618
0.947, 8617
0.947, 8616
0.952, 8615
0.954, 8614
0.958, 8613
0.959, 8612
0.960, 8611
0.962, 8610
0.963, 8609
0.972, 8608
0.975, 8607
0.978, 8606
0.981, 8605
0.983, 8604
0.984, 8603
0.984, 8602
0.985, 8601
0.987, 8600
0.988, 8599
0.988, 8598
0.989, 8597
0.992, 8596
0.992, 8595
0.994, 8594
0.995, 8593
0.997, 8592
1.001, 8591
1.001, 8590
1.005, 8589
1.011, 8588
1.015, 8587
1.016, 8586
1.018, 8585
1.020, 8584
1.021, 8583
1.023, 8582
1.029, 8581
1.030, 8580
1.032, 8579
1.035, 8578
1.038, 8577
1.040, 8576
1.044, 8575
1.050, 8574
1.051, 8573
1.052, 8572
1.053, 8571
1.055, 8570
1.056, 8569
1.057, 8568
1.061, 8567
1.062, 8566
1.064, 8565
1.065, 8564
1.066, 8563
1.067, 8562
1.070, 8561
1.072, 8560
1.073, 8559
1.075, 8558
1.078, 8557
1.079, 8556
1.083, 8555
1.083, 8554
1.085, 8553
1.089, 8552
1.091, 8551
1.093, 8550
1.094, 8549
1.096, 8548
1.098, 8547
1.099, 8546
1.100, 8545
1.105, 8544
1.106, 8543
1.108, 8542
1.108, 8541
1.109, 8540
1.120, 8539
1.121, 8538
1.126, 8537
1.128, 8536
1.131, 8535
1.133, 8534
1.134, 8533
1.136, 8532
1.139, 8531
1.141, 8530
1.143, 8529
1.147, 8528
1.147, 8527
1.150, 8526
1.153, 8525
1.157, 8524
1.159, 8523
1.160, 8522
1.162, 8521
1.165, 8520
1.166, 8519
1.167, 8518
1.167, 8517
1.168, 8516
1.169, 8515
1.170, 8514
1.171, 8513
1.175, 8512
1.176, 8511
1.178, 8510
1.184, 8509
1.185, 8508
1.187, 8507
1.190, 8506
1.195, 8505
1.197, 8504
1.201, 8503
1.203, 8502
1.206, 8501
1.208, 8500
1.209, 8499
1.212, 8498
1.215, 8497
1.216, 8496
1.218, 8495
1.220, 8494
1.228, 8493
1.229, 8492
1.230, 8491
1.231, 8490
1.235, 8489
1.236, 8488
1.237, 8487
1.238, 8486
1.243, 8485
1.248, 8484
1.249, 8483
1.250, 8482
1.251, 8481
1.259, 8480
1.260, 8479
1.261, 8478
1.264, 8477
1.266, 8476
1.272, 8475
1.275, 8474
1.283, 8473
1.285, 8472
1.291, 8471
1.299, 8470
1.299, 8469
1.300, 8468
1.307, 8467
1.308, 8466
1.314, 8465
1.320, 8464
1.323, 8463
1.325, 8462
1.326, 8461
1.327, 8460
1.327, 8459
1.328, 8458
1.329, 8457
1.333, 8456
1.334, 8455
1.346, 8454
1.349, 8453
1.357, 8452
1.358, 8451
1.362, 8450
1.364, 8449
1.364, 8448
1.366, 8447
1.370, 8446
1.370, 8445
1.372, 8444
1.374, 8443
1.376, 8442
1.377, 8441
1.384, 8440
1.385, 8439
1.395, 8438
1.396, 8437
1.399, 8436
1.400, 8435
1.401, 8434
1.404, 8433
1.407, 8432
1.411, 8431
1.413, 8430
1.415, 8429
1.415, 8428
1.420, 8427
1.421, 8426
1.421, 8425
1.425, 8424
1.426, 8423
1.428, 8422
1.431, 8421
1.432, 8420
1.432, 8419
1.434, 8418
1.437, 8417
1.439, 8416
1.440, 8415
1.447, 8414
1.448, 8413
1.449, 8412
1.451, 8411
1.454, 8410
1.455, 8409
1.457, 8408
1.463, 8407
1.464, 8406
1.465, 8405
1.467, 8404
1.474, 8403
1.475, 8402
1.476, 8401
1.478, 8400
1.484, 8399
1.489, 8398
1.491, 8397
1.492, 8396
1.493, 8395
1.494, 8394
1.496, 8393
1.497, 8392
1.498, 8391
1.499, 8390
1.500, 8389
1.503, 8388
1.505, 8387
1.507, 8386
1.508, 8385
1.509, 8384
1.511, 8383
1.511, 8382
1.515, 8381
1.516, 8380
1.520, 8379
1.523, 8378
1.525, 8377
1.536, 8376
1.539, 8375
1.543, 8374
1.544, 8373
1.548, 8372
1.554, 8371
1.555, 8370
1.560, 8369
1.565, 8368
1.566, 8367
1.568, 8366
1.570, 8365
1.576, 8364
1.577, 8363
1.577, 8362
1.582, 8361
1.582, 8360
1.587, 8359
1.588, 8358
1.589, 8357
1.591, 8356
1.595, 8355
1.596, 8354
1.597, 8353
1.599, 8352
1.606, 8351
1.609, 8350
1.610, 8349
1.612, 8348
1.614, 8347
1.616, 8346
1.617, 8345
1.619, 8344
1.619, 8343
1.620, 8342
1.621, 8341
1.624, 8340
1.629, 8339
1.631, 8338
1.632, 8337
1.634, 8336
1.638, 8335
1.639, 8334
1.641, 8333
1.642, 8332
1.645, 8331
1.653, 8330
1.657, 8329
1.659, 8328
1.661, 8327
1.662, 8326
1.663, 8325
1.666, 8324
1.667, 8323
1.670, 8322
1.676, 8321
1.679, 8320
1.680, 8319
1.681, 8318
1.683, 8317
1.686, 8316
1.690, 8315
1.691, 8314
1.692, 8313
1.697, 8312
1.700, 8311
1.705, 8310
1.710, 8309
1.716, 8308
1.717, 8307
1.718, 8306
1.718, 8305
1.719, 8304
1.722, 8303
1.727, 8302
1.729, 8301
1.732, 8300
1.733, 8299
1.733, 8298
1.739, 8297
1.741, 8296
1.742, 8295
1.747, 8294
1.759, 8293
1.763, 8292
1.768, 8291
1.769, 8290
1.769, 8289
1.773, 8288
1.775, 8287
1.778, 8286
1.789, 8285
1.792, 8284
1.794, 8283
1.798, 8282
1.800, 8281
1.807, 8280
1.808, 8279
1.811, 8278
1.812, 8277
1.816, 8276
1.817, 8275
1.819, 8274
1.820, 8273
1.823, 8272
1.824, 8271
1.832, 8270
1.841, 8269
1.842, 8268
1.843, 8267
1.852, 8266
1.856, 8265
1.859, 8264
1.862, 8263
1.865, 8262
1.868, 8261
1.869, 8260
1.874, 8259
1.876, 8258
1.879, 8257
1.883, 8256
1.887, 8255
1.891, 8254
1.896, 8253
1.897, 8252
1.904, 8251
1.905, 8250
1.906, 8249
1.907, 8248
1.909, 8247
1.913, 8246
1.917, 8245
1.918, 8244
1.920, 8243
1.923, 8242
1.924, 8241
1.925, 8240
1.931, 8239
1.939, 8238
1.941, 8237
1.946, 8236
1.950, 8235
1.951, 8234
1.953, 8233
1.956, 8232
1.957, 8231
1.958, 8230
1.959, 8229
1.971, 8228
1.972, 8227
1.974, 8226
1.975, 8225
1.978, 8224
1.979, 8223
1.980, 8222
1.982, 8221
1.984, 8220
1.989, 8219
1.997, 8218
1.999, 8217
2.005, 8216
2.006, 8215
2.012, 8214
2.014, 8213
2.019, 8212
2.020, 8211
2.022, 8210
2.028, 8209
2.030, 8208
2.031, 8207
2.033, 8206
2.034, 8205
2.035, 8204
2.036, 8203
2.040, 8202
2.041, 8201
2.044, 8200
2.045, 8199
2.046, 8198
2.050, 8197
2.052, 8196
2.054, 8195
2.062, 8194
2.068, 8193
2.074, 8192
2.084, 8191
2.090, 8190
2.091, 8189
2.092, 8188
2.095, 8187
2.096, 8186
2.099, 8185
2.107, 8184
2.111, 8183
2.113, 8182
2.114, 8181
2.116, 8180
2.128, 8179
2.134, 8178
2.135, 8177
2.139, 8176
2.140, 8175
2.142, 8174
2.147, 8173
2.151, 8172
2.158, 8171
2.168, 8170
2.171, 8169
2.177, 8168
2.178, 8167
2.181, 8166
2.186, 8165
2.194, 8164
2.203, 8163
2.209, 8162
2.218, 8161
2.224, 8160
2.227, 8159
2.233, 8158
2.234, 8157
2.239, 8156
2.244, 8155
2.248, 8154
2.255, 8153
2.255, 8152
2.258, 8151
2.258, 8150
2.260, 8149
2.263, 8148
2.268, 8147
2.279, 8146
2.282, 8145
2.284, 8144
2.292, 8143
2.295, 8142
2.297, 8141
2.301, 8140
2.302, 8139
2.305, 8138
2.312, 8137
2.321, 8136
2.327, 8135
2.328, 8134
2.338, 8133
2.342, 8132
2.348, 8131
2.349, 8130
2.351, 8129
2.352, 8128
2.354, 8127
2.354, 8126
2.356, 8125
2.359, 8124
2.360, 8123
2.366, 8122
2.374, 8121
2.376, 8120
2.378, 8119
2.379, 8118
2.382, 8117
2.386, 8116
2.387, 8115
2.388, 8114
2.389, 8113
2.392, 8112
2.392, 8111
2.399, 8110
2.409, 8109
2.411, 8108
2.411, 8107
2.412, 8106
2.421, 8105
2.423, 8104
2.424, 8103
2.431, 8102
2.433, 8101
2.439, 8100
2.444, 8099
2.447, 8098
2.452, 8097
2.453, 8096
2.457, 8095
2.466, 8094
2.468, 8093
2.471, 8092
2.471, 8091
2.473, 8090
2.477, 8089
2.485, 8088
2.486, 8087
2.486, 8086
2.490, 8085
2.498, 8084
2.504, 8083
2.507, 8082
2.513, 8081
2.517, 8080
2.521, 8079
2.529, 8078
2.531, 8077
2.539, 8076
2.542, 8075
2.548, 8074
2.551, 8073
2.554, 8072
2.557, 8071
2.563, 8070
2.567, 8069
2.572, 8068
2.581, 8067
2.586, 8066
2.598, 8065
2.599, 8064
2.604, 8063
2.611, 8062
2.612, 8061
2.622, 8060
2.625, 8059
2.629, 8058
2.630, 8057
2.632, 8056
2.633, 8055
2.634, 8054
2.635, 8053
2.637, 8052
2.657, 8051
2.657, 8050
2.661, 8049
2.664, 8048
2.676, 8047
2.678, 8046
2.679, 8045
2.685, 8044
2.691, 8043
2.700, 8042
2.709, 8041
2.717, 8040
2.718, 8039
2.719, 8038
2.729, 8037
2.736, 8036
2.741, 8035
2.752, 8034
2.756, 8033
2.763, 8032
2.772, 8031
2.772, 8030
2.783, 8029
2.784, 8028
2.785, 8027
2.786, 8026
2.787, 8025
2.797, 8024
2.798, 8023
2.810, 8022
2.813, 8021
2.817, 8020
2.819, 8019
2.820, 8018
2.823, 8017
2.826, 8016
2.831, 8015
2.832, 8014
2.836, 8013
2.842, 8012
2.843, 8011
2.844, 8010
2.847, 8009
2.852, 8008
2.857, 8007
2.859, 8006
2.859, 8005
2.861, 8004
2.866, 8003
2.867, 8002
2.869, 8001
2.872, 8000
2.874, 7999
2.882, 7998
2.883, 7997
2.889, 7996
2.894, 7995
2.896, 7994
2.902, 7993
2.906, 7992
2.909, 7991
2.916, 7990
2.923, 7989
2.926, 7988
2.940, 7987
2.945, 7986
2.949, 7985
2.950, 7984
2.962, 7983
2.965, 7982
2.966, 7981
2.970, 7980
2.971, 7979
2.978, 7978
2.998, 7977
3.001, 7976
3.009, 7975
3.010, 7974
3.014, 7973
3.018, 7972
3.021, 7971
3.022, 7970
3.025, 7969
3.034, 7968
3.040, 7967
3.042, 7966
3.049, 7965
3.050, 7964
3.055, 7963
3.066, 7962
3.067, 7961
3.073, 7960
3.078, 7959
3.092, 7958
3.094, 7957
3.095, 7956
3.099, 7955
3.107, 7954
3.109, 7953
3.117, 7952
3.124, 7951
3.134, 7950
3.136, 7949
3.141, 7948
3.145, 7947
3.150, 7946
3.157, 7945
3.163, 7944
3.164, 7943
3.166, 7942
3.167, 7941
3.180, 7940
3.185, 7939
3.186, 7938
3.187, 7937
3.191, 7936
3.193, 7935
3.201, 7934
3.205, 7933
3.215, 7932
3.226, 7931
3.229, 7930
3.229, 7929
3.230, 7928
3.232, 7927
3.235, 7926
3.236, 7925
3.270, 7924
3.276, 7923
3.286, 7922
3.287, 7921
3.287, 7920
3.289, 7919
3.295, 7918
3.309, 7917
3.317, 7916
3.322, 7915
3.322, 7914
3.324, 7913
3.335, 7912
3.341, 7911
3.342, 7910
3.365, 7909
3.369, 7908
3.375, 7907
3.385, 7906
3.386, 7905
3.387, 7904
3.388, 7903
3.405, 7902
3.411, 7901
3.419, 7900
3.424, 7899
3.431, 7898
3.432, 7897
3.437, 7896
3.441, 7895
3.446, 7894
3.448, 7893
3.454, 7892
3.463, 7891
3.468, 7890
3.480, 7889
3.487, 7888
3.499, 7887
3.501, 7886
3.507, 7885
3.526, 7884
3.537, 7883
3.543, 7882
3.554, 7881
3.560, 7880
3.566, 7879
3.575, 7878
3.586, 7877
3.586, 7876
3.596, 7875
3.605, 7874
3.607, 7873
3.612, 7872
3.616, 7871
3.618, 7870
3.628, 7869
3.635, 7868
3.651, 7867
3.658, 7866
3.661, 7865
3.665, 7864
3.674, 7863
3.675, 7862
3.680, 7861
3.693, 7860
3.712, 7859
3.730, 7858
3.737, 7857
3.738, 7856
3.760, 7855
3.762, 7854
3.783, 7853
3.785, 7852
3.788, 7851
3.791, 7850
3.793, 7849
3.798, 7848
3.802, 7847
3.809, 7846
3.820, 7845
3.835, 7844
3.837, 7843
3.843, 7842
3.846, 7841
3.865, 7840
3.868, 7839
3.870, 7838
3.894, 7837
3.895, 7836
3.898, 7835
3.902, 7834
3.919, 7833
3.931, 7832
3.956, 7831
3.961, 7830
3.965, 7829
3.967, 7828
3.967, 7827
3.975, 7826
3.983, 7825
4.017, 7824
4.023, 7823
4.027, 7822
4.039, 7821
4.054, 7820
4.067, 7819
4.073, 7818
4.079, 7817
4.104, 7816
4.107, 7815
4.120, 7814
4.123, 7813
4.125, 7812
4.129, 7811
4.131, 7810
4.133, 7809
4.144, 7808
4.159, 7807
4.202, 7806
4.211, 7805
4.243, 7804
4.279, 7803
4.284, 7802
4.296, 7801
4.300, 7800
4.303, 7799
4.304, 7798
4.305, 7797
4.306, 7796
4.309, 7795
4.316, 7794
4.321, 7793
4.325, 7792
4.334, 7791
4.353, 7790
4.355, 7789
4.397, 7788
4.399, 7787
4.403, 7786
4.413, 7785
4.419, 7784
4.421, 7783
4.430, 7782
4.435, 7781
4.447, 7780
4.456, 7779
4.463, 7778
4.484, 7777
4.559, 7776
4.559, 7775
4.581, 7774
4.588, 7773
4.594, 7772
4.611, 7771
4.617, 7770
4.618, 7769
4.628, 7768
4.637, 7767
4.654, 7766
4.665, 7765
4.683, 7764
4.725, 7763
4.726, 7762
4.730, 7761
4.757, 7760
4.765, 7759
4.796, 7758
4.811, 7757
4.818, 7756
4.823, 7755
4.840, 7754
4.845, 7753
4.846, 7752
4.853, 7751
4.869, 7750
4.875, 7749
4.905, 7748
4.929, 7747
4.948, 7746
4.950, 7745
4.993, 7744
5.010, 7743
5.014, 7742
5.028, 7741
5.042, 7740
5.078, 7739
5.083, 7738
5.084, 7737
5.096, 7736
5.100, 7735
5.115, 7734
5.145, 7733
5.182, 7732
5.185, 7731
5.210, 7730
5.216, 7729
5.232, 7728
5.263, 7727
5.300, 7726
5.307, 7725
5.362, 7724
5.454, 7723
5.457, 7722
5.473, 7721
5.479, 7720
5.481, 7719
5.510, 7718
5.513, 7717
5.538, 7716
5.552, 7715
5.576, 7714
5.578, 7713
5.601, 7712
5.630, 7711
5.631, 7710
5.637, 7709
5.656, 7708
5.671, 7707
5.693, 7706
5.724, 7705
5.748, 7704
5.748, 7703
5.758, 7702
5.763, 7701
5.765, 7700
5.799, 7699
5.817, 7698
5.864, 7697
5.875, 7696
5.897, 7695
5.928, 7694
5.977, 7693
6.012, 7692
6.023, 7691
6.026, 7690
6.039, 7689
6.041, 7688
6.084, 7687
6.107, 7686
6.137, 7685
6.142, 7684
6.170, 7683
6.189, 7682
6.208, 7681
6.223, 7680
6.228, 7679
6.254, 7678
6.272, 7677
6.315, 7676
6.354, 7675
6.358, 7674
6.371, 7673
6.461, 7672
6.464, 7671
6.482, 7670
6.553, 7669
6.588, 7668
6.691, 7667
6.704, 7666
6.760, 7665
6.784, 7664
6.824, 7663
6.897, 7662
6.901, 7661
6.920, 7660
6.930, 7659
6.980, 7658
7.002, 7657
7.008, 7656
7.017, 7655
7.049, 7654
7.059, 7653
7.084, 7652
7.185, 7651
7.420, 7650
7.666, 7649
7.746, 7648
7.897, 7647
7.957, 7646
8.031, 7645
8.074, 7644
8.078, 7643
8.083, 7642
8.090, 7641
8.125, 7640
8.125, 7639
8.183, 7638
8.274, 7637
8.597, 7636
8.634, 7635
8.798, 7634
9.013, 7633
9.232, 7632
9.321, 7631
9.345, 7630
9.387, 7629
9.443, 7628
9.776, 7627
9.795, 7626
10.068, 7625
10.088, 7624
10.109, 7623
10.115, 7622
10.159, 7621
10.303, 7620
10.308, 7619
10.583, 7618
10.624, 7617
10.910, 7616
11.069, 7615
11.144, 7614
12.660, 7613
12.748, 7612
13.370, 7611
13.681, 7610
13.770, 7609
13.914, 7608
14.227, 7607
14.602, 7606
15.854, 7605
16.508, 7604
18.050, 7603
19.101, 7602
19.130, 7601
19.824, 7600
22.814, 7599
