0.017, 11021
0.020, 11020
0.020, 11019
0.020, 11018
0.020, 11017
0.021, 11016
0.021, 11015
0.021, 11014
0.021, 11013
0.021, 11012
0.021, 11011
0.021, 11010
0.021, 11009
0.021, 11008
0.021, 11007
0.021, 11006
0.022, 11005
0.022, 11004
0.022, 11003
0.022, 11002
0.022, 11001
0.022, 11000
0.022, 10999
0.022, 10998
0.022, 10997
0.022, 10996
0.022, 10995
0.022, 10994
0.022, 10993
0.023, 10992
0.023, 10991
0.023, 10990
0.023, 10989
0.023, 10988
0.023, 10987
0.023, 10986
0.023, 10985
0.023, 10984
0.023, 10983
0.023, 10982
0.023, 10981
0.023, 10980
0.024, 10979
0.024, 10978
0.024, 10977
0.024, 10976
0.024, 10975
0.024, 10974
0.024, 10973
0.024, 10972
0.024, 10971
0.024, 10970
0.024, 10969
0.024, 10968
0.024, 10967
0.024, 10966
0.024, 10965
0.025, 10964
0.025, 10963
0.025, 10962
0.025, 10961
0.025, 10960
0.025, 10959
0.025, 10958
0.025, 10957
0.025, 10956
0.025, 10955
0.025, 10954
0.025, 10953
0.025, 10952
0.025, 10951
0.025, 10950
0.025, 10949
0.026, 10948
0.026, 10947
0.026, 10946
0.026, 10945
0.026, 10944
0.026, 10943
0.026, 10942
0.026, 10941
0.026, 10940
0.026, 10939
0.026, 10938
0.026, 10937
0.026, 10936
0.026, 10935
0.026, 10934
0.026, 10933
0.026, 10932
0.027, 10931
0.027, 10930
0.027, 10929
0.027, 10928
0.027, 10927
0.027, 10926
0.027, 10925
0.027, 10924
0.027, 10923
0.027, 10922
0.027, 10921
0.027, 10920
0.027, 10919
0.027, 10918
0.027, 10917
0.027, 10916
0.027, 10915
0.028, 10914
0.028, 10913
0.028, 10912
0.028, 10911
0.028, 10910
0.028, 10909
0.028, 10908
0.028, 10907
0.028, 10906
0.028, 10905
0.028, 10904
0.028, 10903
0.028, 10902
0.028, 10901
0.028, 10900
0.028, 10899
0.028, 10898
0.029, 10897
0.029, 10896
0.029, 10895
0.029, 10894
0.029, 10893
0.029, 10892
0.029, 10891
0.029, 10890
0.029, 10889
0.029, 10888
0.029, 10887
0.029, 10886
0.029, 10885
0.029, 10884
0.029, 10883
0.029, 10882
0.029, 10881
0.030, 10880
0.030, 10879
0.030, 10878
0.030, 10877
0.030, 10876
0.030, 10875
0.030, 10874
0.030, 10873
0.030, 10872
0.030, 10871
0.030, 10870
0.030, 10869
0.030, 10868
0.030, 10867
0.030, 10866
0.030, 10865
0.031, 10864
0.031, 10863
0.031, 10862
0.031, 10861
0.031, 10860
0.031, 10859
0.031, 10858
0.031, 10857
0.031, 10856
0.031, 10855
0.031, 10854
0.031, 10853
0.031, 10852
0.031, 10851
0.031, 10850
0.031, 10849
0.031, 10848
0.031, 10847
0.031, 10846
0.032, 10845
0.032, 10844
0.032, 10843
0.032, 10842
0.032, 10841
0.032, 10840
0.032, 10839
0.032, 10838
0.032, 10837
0.032, 10836
0.032, 10835
0.032, 10834
0.032, 10833
0.032, 10832
0.032, 10831
0.032, 10830
0.032, 10829
0.032, 10828
0.032, 10827
0.032, 10826
0.032, 10825
0.033, 10824
0.033, 10823
0.033, 10822
0.033, 10821
0.033, 10820
0.033, 10819
0.033, 10818
0.033, 10817
0.033, 10816
0.033, 10815
0.033, 10814
0.033, 10813
0.033, 10812
0.033, 10811
0.033, 10810
0.033, 10809
0.033, 10808
0.033, 10807
0.033, 10806
0.033, 10805
0.033, 10804
0.034, 10803
0.034, 10802
0.034, 10801
0.034, 10800
0.034, 10799
0.034, 10798
0.034, 10797
0.034, 10796
0.034, 10795
0.034, 10794
0.034, 10793
0.034, 10792
0.034, 10791
0.034, 10790
0.034, 10789
0.034, 10788
0.034, 10787
0.034, 10786
0.034, 10785
0.034, 10784
0.034, 10783
0.034, 10782
0.034, 10781
0.035, 10780
0.035, 10779
0.035, 10778
0.035, 10777
0.035, 10776
0.035, 10775
0.035, 10774
0.035, 10773
0.035, 10772
0.035, 10771
0.035, 10770
0.035, 10769
0.035, 10768
0.035, 10767
0.035, 10766
0.035, 10765
0.035, 10764
0.035, 10763
0.035, 10762
0.035, 10761
0.035, 10760
0.035, 10759
0.036, 10758
0.036, 10757
0.036, 10756
0.036, 10755
0.036, 10754
0.036, 10753
0.036, 10752
0.036, 10751
0.036, 10750
0.036, 10749
0.036, 10748
0.036, 10747
0.036, 10746
0.036, 10745
0.036, 10744
0.036, 10743
0.036, 10742
0.036, 10741
0.036, 10740
0.036, 10739
0.036, 10738
0.036, 10737
0.036, 10736
0.036, 10735
0.037, 10734
0.037, 10733
0.037, 10732
0.037, 10731
0.037, 10730
0.037, 10729
0.037, 10728
0.037, 10727
0.037, 10726
0.037, 10725
0.037, 10724
0.037, 10723
0.037, 10722
0.037, 10721
0.037, 10720
0.037, 10719
0.037, 10718
0.037, 10717
0.037, 10716
0.037, 10715
0.037, 10714
0.037, 10713
0.037, 10712
0.037, 10711
0.037, 10710
0.037, 10709
0.037, 10708
0.038, 10707
0.038, 10706
0.038, 10705
0.038, 10704
0.038, 10703
0.038, 10702
0.038, 10701
0.038, 10700
0.038, 10699
0.038, 10698
0.038, 10697
0.038, 10696
0.038, 10695
0.038, 10694
0.038, 10693
0.038, 10692
0.038, 10691
0.038, 10690
0.038, 10689
0.038, 10688
0.038, 10687
0.038, 10686
0.038, 10685
0.038, 10684
0.038, 10683
0.038, 10682
0.038, 10681
0.038, 10680
0.039, 10679
0.039, 10678
0.039, 10677
0.039, 10676
0.039, 10675
0.039, 10674
0.039, 10673
0.039, 10672
0.039, 10671
0.039, 10670
0.039, 10669
0.039, 10668
0.039, 10667
0.039, 10666
0.039, 10665
0.039, 10664
0.039, 10663
0.039, 10662
0.039, 10661
0.039, 10660
0.039, 10659
0.039, 10658
0.039, 10657
0.039, 10656
0.039, 10655
0.039, 10654
0.039, 10653
0.039, 10652
0.039, 10651
0.039, 10650
0.040, 10649
0.040, 10648
0.040, 10647
0.040, 10646
0.040, 10645
0.040, 10644
0.040, 10643
0.040, 10642
0.040, 10641
0.040, 10640
0.040, 10639
0.040, 10638
0.040, 10637
0.040, 10636
0.040, 10635
0.040, 10634
0.040, 10633
0.040, 10632
0.040, 10631
0.040, 10630
0.040, 10629
0.040, 10628
0.040, 10627
0.040, 10626
0.040, 10625
0.040, 10624
0.041, 10623
0.041, 10622
0.041, 10621
0.041, 10620
0.041, 10619
0.041, 10618
0.041, 10617
0.041, 10616
0.041, 10615
0.041, 10614
0.041, 10613
0.041, 10612
0.041, 10611
0.041, 10610
0.041, 10609
0.041, 10608
0.041, 10607
0.041, 10606
0.041, 10605
0.041, 10604
0.041, 10603
0.041, 10602
0.041, 10601
0.041, 10600
0.041, 10599
0.041, 10598
0.041, 10597
0.041, 10596
0.041, 10595
0.041, 10594
0.041, 10593
0.041, 10592
0.041, 10591
0.041, 10590
0.042, 10589
0.042, 10588
0.042, 10587
0.042, 10586
0.042, 10585
0.042, 10584
0.042, 10583
0.042, 10582
0.042, 10581
0.042, 10580
0.042, 10579
0.042, 10578
0.042, 10577
0.042, 10576
0.042, 10575
0.042, 10574
0.042, 10573
0.042, 10572
0.042, 10571
0.042, 10570
0.042, 10569
0.042, 10568
0.042, 10567
0.042, 10566
0.042, 10565
0.042, 10564
0.042, 10563
0.042, 10562
0.042, 10561
0.042, 10560
0.042, 10559
0.042, 10558
0.042, 10557
0.042, 10556
0.042, 10555
0.043, 10554
0.043, 10553
0.043, 10552
0.043, 10551
0.043, 10550
0.043, 10549
0.043, 10548
0.043, 10547
0.043, 10546
0.043, 10545
0.043, 10544
0.043, 10543
0.043, 10542
0.043, 10541
0.043, 10540
0.043, 10539
0.043, 10538
0.043, 10537
0.043, 10536
0.043, 10535
0.043, 10534
0.043, 10533
0.043, 10532
0.043, 10531
0.043, 10530
0.043, 10529
0.043, 10528
0.043, 10527
0.043, 10526
0.043, 10525
0.043, 10524
0.043, 10523
0.043, 10522
0.043, 10521
0.043, 10520
0.043, 10519
0.043, 10518
0.043, 10517
0.044, 10516
0.044, 10515
0.044, 10514
0.044, 10513
0.044, 10512
0.044, 10511
0.044, 10510
0.044, 10509
0.044, 10508
0.044, 10507
0.044, 10506
0.044, 10505
0.044, 10504
0.044, 10503
0.044, 10502
0.044, 10501
0.044, 10500
0.044, 10499
0.044, 10498
0.044, 10497
0.044, 10496
0.044, 10495
0.044, 10494
0.044, 10493
0.044, 10492
0.044, 10491
0.044, 10490
0.044, 10489
0.044, 10488
0.044, 10487
0.044, 10486
0.044, 10485
0.044, 10484
0.044, 10483
0.044, 10482
0.044, 10481
0.044, 10480
0.044, 10479
0.045, 10478
0.045, 10477
0.045, 10476
0.045, 10475
0.045, 10474
0.045, 10473
0.045, 10472
0.045, 10471
0.045, 10470
0.045, 10469
0.045, 10468
0.045, 10467
0.045, 10466
0.045, 10465
0.045, 10464
0.045, 10463
0.045, 10462
0.045, 10461
0.045, 10460
0.045, 10459
0.045, 10458
0.045, 10457
0.045, 10456
0.045, 10455
0.045, 10454
0.045, 10453
0.045, 10452
0.045, 10451
0.045, 10450
0.045, 10449
0.045, 10448
0.045, 10447
0.045, 10446
0.045, 10445
0.045, 10444
0.045, 10443
0.045, 10442
0.045, 10441
0.045, 10440
0.045, 10439
0.045, 10438
0.045, 10437
0.045, 10436
0.045, 10435
0.045, 10434
0.045, 10433
0.045, 10432
0.045, 10431
0.046, 10430
0.046, 10429
0.046, 10428
0.046, 10427
0.046, 10426
0.046, 10425
0.046, 10424
0.046, 10423
0.046, 10422
0.046, 10421
0.046, 10420
0.046, 10419
0.046, 10418
0.046, 10417
0.046, 10416
0.046, 10415
0.046, 10414
0.046, 10413
0.046, 10412
0.046, 10411
0.046, 10410
0.046, 10409
0.046, 10408
0.046, 10407
0.046, 10406
0.046, 10405
0.046, 10404
0.046, 10403
0.046, 10402
0.046, 10401
0.046, 10400
0.046, 10399
0.046, 10398
0.046, 10397
0.046, 10396
0.046, 10395
0.046, 10394
0.046, 10393
0.046, 10392
0.046, 10391
0.047, 10390
0.047, 10389
0.047, 10388
0.047, 10387
0.047, 10386
0.047, 10385
0.047, 10384
0.047, 10383
0.047, 10382
0.047, 10381
0.047, 10380
0.047, 10379
0.047, 10378
0.047, 10377
0.047, 10376
0.047, 10375
0.047, 10374
0.047, 10373
0.047, 10372
0.047, 10371
0.047, 10370
0.047, 10369
0.047, 10368
0.047, 10367
0.047, 10366
0.047, 10365
0.047, 10364
0.047, 10363
0.047, 10362
0.047, 10361
0.047, 10360
0.047, 10359
0.047, 10358
0.047, 10357
0.047, 10356
0.047, 10355
0.047, 10354
0.047, 10353
0.047, 10352
0.047, 10351
0.047, 10350
0.048, 10349
0.048, 10348
0.048, 10347
0.048, 10346
0.048, 10345
0.048, 10344
0.048, 10343
0.048, 10342
0.048, 10341
0.048, 10340
0.048, 10339
0.048, 10338
0.048, 10337
0.048, 10336
0.048, 10335
0.048, 10334
0.048, 10333
0.048, 10332
0.048, 10331
0.048, 10330
0.048, 10329
0.048, 10328
0.048, 10327
0.048, 10326
0.048, 10325
0.048, 10324
0.048, 10323
0.048, 10322
0.048, 10321
0.048, 10320
0.048, 10319
0.048, 10318
0.048, 10317
0.048, 10316
0.048, 10315
0.048, 10314
0.048, 10313
0.048, 10312
0.048, 10311
0.048, 10310
0.048, 10309
0.048, 10308
0.048, 10307
0.048, 10306
0.048, 10305
0.048, 10304
0.048, 10303
0.048, 10302
0.048, 10301
0.048, 10300
0.048, 10299
0.048, 10298
0.048, 10297
0.049, 10296
0.049, 10295
0.049, 10294
0.049, 10293
0.049, 10292
0.049, 10291
0.049, 10290
0.049, 10289
0.049, 10288
0.049, 10287
0.049, 10286
0.049, 10285
0.049, 10284
0.049, 10283
0.049, 10282
0.049, 10281
0.049, 10280
0.049, 10279
0.049, 10278
0.049, 10277
0.049, 10276
0.049, 10275
0.049, 10274
0.049, 10273
0.049, 10272
0.049, 10271
0.049, 10270
0.049, 10269
0.049, 10268
0.049, 10267
0.049, 10266
0.049, 10265
0.049, 10264
0.049, 10263
0.049, 10262
0.049, 10261
0.049, 10260
0.049, 10259
0.049, 10258
0.049, 10257
0.049, 10256
0.049, 10255
0.049, 10254
0.049, 10253
0.049, 10252
0.049, 10251
0.049, 10250
0.049, 10249
0.049, 10248
0.049, 10247
0.049, 10246
0.049, 10245
0.049, 10244
0.049, 10243
0.049, 10242
0.049, 10241
0.049, 10240
0.049, 10239
0.050, 10238
0.050, 10237
0.050, 10236
0.050, 10235
0.050, 10234
0.050, 10233
0.050, 10232
0.050, 10231
0.050, 10230
0.050, 10229
0.050, 10228
0.050, 10227
0.050, 10226
0.050, 10225
0.050, 10224
0.050, 10223
0.050, 10222
0.050, 10221
0.050, 10220
0.050, 10219
0.050, 10218
0.050, 10217
0.050, 10216
0.050, 10215
0.050, 10214
0.050, 10213
0.050, 10212
0.050, 10211
0.050, 10210
0.050, 10209
0.050, 10208
0.050, 10207
0.050, 10206
0.050, 10205
0.050, 10204
0.050, 10203
0.050, 10202
0.050, 10201
0.050, 10200
0.050, 10199
0.050, 10198
0.050, 10197
0.050, 10196
0.050, 10195
0.050, 10194
0.050, 10193
0.050, 10192
0.050, 10191
0.050, 10190
0.050, 10189
0.050, 10188
0.050, 10187
0.050, 10186
0.050, 10185
0.050, 10184
0.050, 10183
0.050, 10182
0.050, 10181
0.050, 10180
0.050, 10179
0.050, 10178
0.050, 10177
0.050, 10176
0.050, 10175
0.050, 10174
0.050, 10173
0.050, 10172
0.050, 10171
0.050, 10170
0.051, 10169
0.051, 10168
0.051, 10167
0.051, 10166
0.051, 10165
0.051, 10164
0.051, 10163
0.051, 10162
0.051, 10161
0.051, 10160
0.051, 10159
0.051, 10158
0.051, 10157
0.051, 10156
0.051, 10155
0.051, 10154
0.051, 10153
0.051, 10152
0.051, 10151
0.051, 10150
0.051, 10149
0.051, 10148
0.051, 10147
0.051, 10146
0.051, 10145
0.051, 10144
0.051, 10143
0.051, 10142
0.051, 10141
0.051, 10140
0.051, 10139
0.051, 10138
0.051, 10137
0.051, 10136
0.051, 10135
0.051, 10134
0.051, 10133
0.051, 10132
0.051, 10131
0.051, 10130
0.051, 10129
0.051, 10128
0.051, 10127
0.051, 10126
0.051, 10125
0.051, 10124
0.051, 10123
0.051, 10122
0.051, 10121
0.051, 10120
0.051, 10119
0.051, 10118
0.051, 10117
0.051, 10116
0.051, 10115
0.051, 10114
0.051, 10113
0.051, 10112
0.051, 10111
0.051, 10110
0.051, 10109
0.051, 10108
0.051, 10107
0.051, 10106
0.051, 10105
0.051, 10104
0.051, 10103
0.051, 10102
0.051, 10101
0.051, 10100
0.051, 10099
0.051, 10098
0.051, 10097
0.051, 10096
0.051, 10095
0.051, 10094
0.051, 10093
0.051, 10092
0.051, 10091
0.051, 10090
0.051, 10089
0.051, 10088
0.051, 10087
0.051, 10086
0.052, 10085
0.052, 10084
0.052, 10083
0.052, 10082
0.052, 10081
0.052, 10080
0.052, 10079
0.052, 10078
0.052, 10077
0.052, 10076
0.052, 10075
0.052, 10074
0.052, 10073
0.052, 10072
0.052, 10071
0.052, 10070
0.052, 10069
0.052, 10068
0.052, 10067
0.052, 10066
0.052, 10065
0.052, 10064
0.052, 10063
0.052, 10062
0.052, 10061
0.052, 10060
0.052, 10059
0.052, 10058
0.052, 10057
0.052, 10056
0.052, 10055
0.052, 10054
0.052, 10053
0.052, 10052
0.052, 10051
0.052, 10050
0.052, 10049
0.052, 10048
0.052, 10047
0.052, 10046
0.052, 10045
0.052, 10044
0.052, 10043
0.052, 10042
0.052, 10041
0.052, 10040
0.052, 10039
0.052, 10038
0.052, 10037
0.052, 10036
0.052, 10035
0.052, 10034
0.052, 10033
0.052, 10032
0.052, 10031
0.052, 10030
0.052, 10029
0.052, 10028
0.052, 10027
0.052, 10026
0.052, 10025
0.052, 10024
0.052, 10023
0.052, 10022
0.052, 10021
0.052, 10020
0.052, 10019
0.052, 10018
0.052, 10017
0.052, 10016
0.052, 10015
0.052, 10014
0.052, 10013
0.052, 10012
0.052, 10011
0.052, 10010
0.052, 10009
0.052, 10008
0.052, 10007
0.052, 10006
0.052, 10005
0.052, 10004
0.052, 10003
0.052, 10002
0.052, 10001
0.052, 10000
0.052, 9999
0.052, 9998
0.052, 9997
0.052, 9996
0.052, 9995
0.052, 9994
0.052, 9993
0.052, 9992
0.052, 9991
0.052, 9990
0.052, 9989
0.052, 9988
0.052, 9987
0.052, 9986
0.052, 9985
0.052, 9984
0.052, 9983
0.052, 9982
0.053, 9981
0.053, 9980
0.053, 9979
0.053, 9978
0.053, 9977
0.053, 9976
0.053, 9975
0.053, 9974
0.053, 9973
0.053, 9972
0.053, 9971
0.053, 9970
0.053, 9969
0.053, 9968
0.053, 9967
0.053, 9966
0.053, 9965
0.053, 9964
0.053, 9963
0.053, 9962
0.053, 9961
0.053, 9960
0.053, 9959
0.053, 9958
0.053, 9957
0.053, 9956
0.053, 9955
0.053, 9954
0.053, 9953
0.053, 9952
0.053, 9951
0.053, 9950
0.053, 9949
0.053, 9948
0.053, 9947
0.053, 9946
0.053, 9945
0.053, 9944
0.053, 9943
0.053, 9942
0.053, 9941
0.053, 9940
0.053, 9939
0.053, 9938
0.053, 9937
0.053, 9936
0.053, 9935
0.053, 9934
0.053, 9933
0.053, 9932
0.053, 9931
0.053, 9930
0.053, 9929
0.053, 9928
0.053, 9927
0.053, 9926
0.053, 9925
0.053, 9924
0.053, 9923
0.053, 9922
0.053, 9921
0.053, 9920
0.053, 9919
0.053, 9918
0.053, 9917
0.053, 9916
0.053, 9915
0.053, 9914
0.053, 9913
0.053, 9912
0.053, 9911
0.053, 9910
0.053, 9909
0.053, 9908
0.053, 9907
0.053, 9906
0.053, 9905
0.053, 9904
0.053, 9903
0.053, 9902
0.053, 9901
0.053, 9900
0.053, 9899
0.053, 9898
0.053, 9897
0.053, 9896
0.053, 9895
0.053, 9894
0.053, 9893
0.053, 9892
0.053, 9891
0.053, 9890
0.053, 9889
0.053, 9888
0.053, 9887
0.053, 9886
0.053, 9885
0.053, 9884
0.053, 9883
0.053, 9882
0.053, 9881
0.053, 9880
0.053, 9879
0.053, 9878
0.053, 9877
0.053, 9876
0.053, 9875
0.053, 9874
0.054, 9873
0.054, 9872
0.054, 9871
0.054, 9870
0.054, 9869
0.054, 9868
0.054, 9867
0.054, 9866
0.054, 9865
0.054, 9864
0.054, 9863
0.054, 9862
0.054, 9861
0.054, 9860
0.054, 9859
0.054, 9858
0.054, 9857
0.054, 9856
0.054, 9855
0.054, 9854
0.054, 9853
0.054, 9852
0.054, 9851
0.054, 9850
0.054, 9849
0.054, 9848
0.054, 9847
0.054, 9846
0.054, 9845
0.054, 9844
0.054, 9843
0.054, 9842
0.054, 9841
0.054, 9840
0.054, 9839
0.054, 9838
0.054, 9837
0.054, 9836
0.054, 9835
0.054, 9834
0.054, 9833
0.054, 9832
0.054, 9831
0.054, 9830
0.054, 9829
0.054, 9828
0.054, 9827
0.054, 9826
0.054, 9825
0.054, 9824
0.054, 9823
0.054, 9822
0.054, 9821
0.054, 9820
0.054, 9819
0.054, 9818
0.054, 9817
0.054, 9816
0.054, 9815
0.054, 9814
0.054, 9813
0.054, 9812
0.054, 9811
0.054, 9810
0.054, 9809
0.054, 9808
0.054, 9807
0.054, 9806
0.054, 9805
0.054, 9804
0.054, 9803
0.054, 9802
0.054, 9801
0.054, 9800
0.054, 9799
0.054, 9798
0.054, 9797
0.054, 9796
0.054, 9795
0.054, 9794
0.054, 9793
0.054, 9792
0.054, 9791
0.054, 9790
0.054, 9789
0.054, 9788
0.054, 9787
0.054, 9786
0.054, 9785
0.054, 9784
0.054, 9783
0.054, 9782
0.054, 9781
0.054, 9780
0.054, 9779
0.054, 9778
0.054, 9777
0.054, 9776
0.054, 9775
0.054, 9774
0.054, 9773
0.054, 9772
0.054, 9771
0.054, 9770
0.054, 9769
0.054, 9768
0.054, 9767
0.054, 9766
0.054, 9765
0.054, 9764
0.054, 9763
0.054, 9762
0.054, 9761
0.054, 9760
0.055, 9759
0.055, 9758
0.055, 9757
0.055, 9756
0.055, 9755
0.055, 9754
0.055, 9753
0.055, 9752
0.055, 9751
0.055, 9750
0.055, 9749
0.055, 9748
0.055, 9747
0.055, 9746
0.055, 9745
0.055, 9744
0.055, 9743
0.055, 9742
0.055, 9741
0.055, 9740
0.055, 9739
0.055, 9738
0.055, 9737
0.055, 9736
0.055, 9735
0.055, 9734
0.055, 9733
0.055, 9732
0.055, 9731
0.055, 9730
0.055, 9729
0.055, 9728
0.055, 9727
0.055, 9726
0.055, 9725
0.055, 9724
0.055, 9723
0.055, 9722
0.055, 9721
0.055, 9720
0.055, 9719
0.055, 9718
0.055, 9717
0.055, 9716
0.055, 9715
0.055, 9714
0.055, 9713
0.055, 9712
0.055, 9711
0.055, 9710
0.055, 9709
0.056, 9708
0.056, 9707
0.056, 9706
0.056, 9705
0.056, 9704
0.056, 9703
0.056, 9702
0.056, 9701
0.056, 9700
0.056, 9699
0.056, 9698
0.056, 9697
0.056, 9696
0.056, 9695
0.056, 9694
0.056, 9693
0.056, 9692
0.056, 9691
0.056, 9690
0.056, 9689
0.056, 9688
0.056, 9687
0.056, 9686
0.056, 9685
0.056, 9684
0.056, 9683
0.056, 9682
0.056, 9681
0.056, 9680
0.056, 9679
0.056, 9678
0.056, 9677
0.056, 9676
0.056, 9675
0.056, 9674
0.056, 9673
0.056, 9672
0.056, 9671
0.056, 9670
0.056, 9669
0.056, 9668
0.057, 9667
0.057, 9666
0.057, 9665
0.057, 9664
0.057, 9663
0.057, 9662
0.057, 9661
0.057, 9660
0.057, 9659
0.057, 9658
0.057, 9657
0.057, 9656
0.057, 9655
0.057, 9654
0.057, 9653
0.057, 9652
0.057, 9651
0.057, 9650
0.057, 9649
0.057, 9648
0.057, 9647
0.057, 9646
0.057, 9645
0.057, 9644
0.057, 9643
0.057, 9642
0.057, 9641
0.057, 9640
0.057, 9639
0.057, 9638
0.057, 9637
0.057, 9636
0.057, 9635
0.057, 9634
0.057, 9633
0.057, 9632
0.057, 9631
0.057, 9630
0.058, 9629
0.058, 9628
0.058, 9627
0.058, 9626
0.058, 9625
0.058, 9624
0.058, 9623
0.058, 9622
0.058, 9621
0.058, 9620
0.058, 9619
0.058, 9618
0.058, 9617
0.058, 9616
0.058, 9615
0.058, 9614
0.058, 9613
0.058, 9612
0.058, 9611
0.058, 9610
0.058, 9609
0.058, 9608
0.058, 9607
0.058, 9606
0.058, 9605
0.058, 9604
0.058, 9603
0.058, 9602
0.058, 9601
0.058, 9600
0.058, 9599
0.058, 9598
0.058, 9597
0.058, 9596
0.058, 9595
0.058, 9594
0.058, 9593
0.058, 9592
0.058, 9591
0.059, 9590
0.059, 9589
0.059, 9588
0.059, 9587
0.059, 9586
0.059, 9585
0.059, 9584
0.059, 9583
0.059, 9582
0.059, 9581
0.059, 9580
0.059, 9579
0.059, 9578
0.059, 9577
0.059, 9576
0.059, 9575
0.059, 9574
0.059, 9573
0.059, 9572
0.059, 9571
0.059, 9570
0.059, 9569
0.059, 9568
0.059, 9567
0.059, 9566
0.059, 9565
0.059, 9564
0.059, 9563
0.059, 9562
0.059, 9561
0.059, 9560
0.059, 9559
0.059, 9558
0.059, 9557
0.059, 9556
0.059, 9555
0.059, 9554
0.059, 9553
0.059, 9552
0.059, 9551
0.059, 9550
0.059, 9549
0.059, 9548
0.059, 9547
0.059, 9546
0.059, 9545
0.059, 9544
0.059, 9543
0.059, 9542
0.059, 9541
0.059, 9540
0.059, 9539
0.059, 9538
0.059, 9537
0.059, 9536
0.059, 9535
0.059, 9534
0.059, 9533
0.059, 9532
0.059, 9531
0.059, 9530
0.059, 9529
0.059, 9528
0.059, 9527
0.059, 9526
0.059, 9525
0.059, 9524
0.059, 9523
0.059, 9522
0.059, 9521
0.059, 9520
0.059, 9519
0.059, 9518
0.059, 9517
0.059, 9516
0.059, 9515
0.059, 9514
0.059, 9513
0.059, 9512
0.059, 9511
0.059, 9510
0.059, 9509
0.059, 9508
0.059, 9507
0.059, 9506
0.059, 9505
0.059, 9504
0.059, 9503
0.059, 9502
0.059, 9501
0.059, 9500
0.059, 9499
0.060, 9498
0.060, 9497
0.060, 9496
0.060, 9495
0.060, 9494
0.060, 9493
0.060, 9492
0.060, 9491
0.060, 9490
0.060, 9489
0.060, 9488
0.060, 9487
0.060, 9486
0.060, 9485
0.060, 9484
0.060, 9483
0.060, 9482
0.060, 9481
0.060, 9480
0.060, 9479
0.060, 9478
0.060, 9477
0.060, 9476
0.060, 9475
0.060, 9474
0.060, 9473
0.060, 9472
0.060, 9471
0.060, 9470
0.060, 9469
0.060, 9468
0.060, 9467
0.060, 9466
0.060, 9465
0.060, 9464
0.060, 9463
0.060, 9462
0.060, 9461
0.060, 9460
0.060, 9459
0.060, 9458
0.060, 9457
0.060, 9456
0.060, 9455
0.060, 9454
0.060, 9453
0.060, 9452
0.060, 9451
0.060, 9450
0.060, 9449
0.060, 9448
0.060, 9447
0.060, 9446
0.060, 9445
0.060, 9444
0.060, 9443
0.060, 9442
0.060, 9441
0.060, 9440
0.060, 9439
0.060, 9438
0.060, 9437
0.060, 9436
0.060, 9435
0.060, 9434
0.060, 9433
0.060, 9432
0.060, 9431
0.060, 9430
0.060, 9429
0.060, 9428
0.060, 9427
0.060, 9426
0.060, 9425
0.060, 9424
0.060, 9423
0.060, 9422
0.060, 9421
0.060, 9420
0.060, 9419
0.060, 9418
0.060, 9417
0.060, 9416
0.060, 9415
0.060, 9414
0.060, 9413
0.060, 9412
0.060, 9411
0.060, 9410
0.060, 9409
0.060, 9408
0.060, 9407
0.060, 9406
0.060, 9405
0.060, 9404
0.060, 9403
0.060, 9402
0.060, 9401
0.060, 9400
0.060, 9399
0.060, 9398
0.060, 9397
0.060, 9396
0.060, 9395
0.060, 9394
0.060, 9393
0.060, 9392
0.060, 9391
0.060, 9390
0.060, 9389
0.060, 9388
0.060, 9387
0.060, 9386
0.060, 9385
0.060, 9384
0.060, 9383
0.060, 9382
0.060, 9381
0.060, 9380
0.060, 9379
0.060, 9378
0.060, 9377
0.060, 9376
0.060, 9375
0.060, 9374
0.060, 9373
0.061, 9372
0.061, 9371
0.061, 9370
0.061, 9369
0.061, 9368
0.061, 9367
0.061, 9366
0.061, 9365
0.061, 9364
0.061, 9363
0.061, 9362
0.061, 9361
0.061, 9360
0.061, 9359
0.061, 9358
0.061, 9357
0.061, 9356
0.061, 9355
0.061, 9354
0.061, 9353
0.061, 9352
0.061, 9351
0.061, 9350
0.061, 9349
0.061, 9348
0.061, 9347
0.061, 9346
0.061, 9345
0.061, 9344
0.061, 9343
0.061, 9342
0.061, 9341
0.061, 9340
0.061, 9339
0.061, 9338
0.061, 9337
0.061, 9336
0.061, 9335
0.061, 9334
0.061, 9333
0.061, 9332
0.061, 9331
0.061, 9330
0.061, 9329
0.061, 9328
0.061, 9327
0.061, 9326
0.061, 9325
0.061, 9324
0.061, 9323
0.061, 9322
0.061, 9321
0.061, 9320
0.061, 9319
0.061, 9318
0.061, 9317
0.061, 9316
0.061, 9315
0.061, 9314
0.061, 9313
0.061, 9312
0.061, 9311
0.061, 9310
0.061, 9309
0.061, 9308
0.061, 9307
0.061, 9306
0.061, 9305
0.061, 9304
0.061, 9303
0.061, 9302
0.061, 9301
0.061, 9300
0.061, 9299
0.061, 9298
0.061, 9297
0.061, 9296
0.061, 9295
0.061, 9294
0.061, 9293
0.061, 9292
0.061, 9291
0.061, 9290
0.061, 9289
0.061, 9288
0.061, 9287
0.061, 9286
0.061, 9285
0.061, 9284
0.061, 9283
0.061, 9282
0.061, 9281
0.061, 9280
0.061, 9279
0.061, 9278
0.061, 9277
0.061, 9276
0.061, 9275
0.061, 9274
0.061, 9273
0.061, 9272
0.061, 9271
0.061, 9270
0.061, 9269
0.061, 9268
0.061, 9267
0.061, 9266
0.061, 9265
0.061, 9264
0.061, 9263
0.061, 9262
0.061, 9261
0.061, 9260
0.061, 9259
0.061, 9258
0.061, 9257
0.061, 9256
0.061, 9255
0.061, 9254
0.061, 9253
0.061, 9252
0.061, 9251
0.061, 9250
0.061, 9249
0.061, 9248
0.061, 9247
0.061, 9246
0.061, 9245
0.061, 9244
0.062, 9243
0.062, 9242
0.062, 9241
0.062, 9240
0.062, 9239
0.062, 9238
0.062, 9237
0.062, 9236
0.062, 9235
0.062, 9234
0.062, 9233
0.062, 9232
0.062, 9231
0.062, 9230
0.062, 9229
0.062, 9228
0.062, 9227
0.062, 9226
0.062, 9225
0.062, 9224
0.062, 9223
0.062, 9222
0.062, 9221
0.062, 9220
0.062, 9219
0.062, 9218
0.062, 9217
0.062, 9216
0.062, 9215
0.062, 9214
0.062, 9213
0.062, 9212
0.062, 9211
0.062, 9210
0.062, 9209
0.062, 9208
0.062, 9207
0.062, 9206
0.062, 9205
0.062, 9204
0.062, 9203
0.062, 9202
0.062, 9201
0.062, 9200
0.062, 9199
0.062, 9198
0.062, 9197
0.062, 9196
0.062, 9195
0.062, 9194
0.062, 9193
0.062, 9192
0.062, 9191
0.062, 9190
0.062, 9189
0.062, 9188
0.062, 9187
0.062, 9186
0.062, 9185
0.062, 9184
0.062, 9183
0.062, 9182
0.062, 9181
0.062, 9180
0.062, 9179
0.062, 9178
0.062, 9177
0.062, 9176
0.062, 9175
0.062, 9174
0.062, 9173
0.062, 9172
0.062, 9171
0.062, 9170
0.062, 9169
0.062, 9168
0.062, 9167
0.062, 9166
0.062, 9165
0.062, 9164
0.062, 9163
0.062, 9162
0.062, 9161
0.062, 9160
0.062, 9159
0.062, 9158
0.062, 9157
0.062, 9156
0.062, 9155
0.062, 9154
0.062, 9153
0.062, 9152
0.062, 9151
0.062, 9150
0.062, 9149
0.062, 9148
0.062, 9147
0.062, 9146
0.062, 9145
0.062, 9144
0.062, 9143
0.062, 9142
0.062, 9141
0.062, 9140
0.062, 9139
0.062, 9138
0.062, 9137
0.062, 9136
0.062, 9135
0.062, 9134
0.062, 9133
0.062, 9132
0.062, 9131
0.062, 9130
0.062, 9129
0.062, 9128
0.062, 9127
0.062, 9126
0.062, 9125
0.062, 9124
0.062, 9123
0.062, 9122
0.062, 9121
0.062, 9120
0.062, 9119
0.062, 9118
0.062, 9117
0.063, 9116
0.063, 9115
0.063, 9114
0.063, 9113
0.063, 9112
0.063, 9111
0.063, 9110
0.063, 9109
0.063, 9108
0.063, 9107
0.063, 9106
0.063, 9105
0.063, 9104
0.063, 9103
0.063, 9102
0.063, 9101
0.063, 9100
0.063, 9099
0.063, 9098
0.063, 9097
0.063, 9096
0.063, 9095
0.063, 9094
0.063, 9093
0.063, 9092
0.063, 9091
0.063, 9090
0.063, 9089
0.063, 9088
0.063, 9087
0.063, 9086
0.063, 9085
0.063, 9084
0.063, 9083
0.063, 9082
0.063, 9081
0.063, 9080
0.063, 9079
0.063, 9078
0.063, 9077
0.063, 9076
0.063, 9075
0.063, 9074
0.063, 9073
0.063, 9072
0.063, 9071
0.063, 9070
0.063, 9069
0.063, 9068
0.063, 9067
0.063, 9066
0.063, 9065
0.063, 9064
0.063, 9063
0.063, 9062
0.063, 9061
0.063, 9060
0.063, 9059
0.063, 9058
0.063, 9057
0.063, 9056
0.063, 9055
0.063, 9054
0.063, 9053
0.063, 9052
0.063, 9051
0.063, 9050
0.063, 9049
0.063, 9048
0.063, 9047
0.063, 9046
0.063, 9045
0.063, 9044
0.063, 9043
0.063, 9042
0.063, 9041
0.063, 9040
0.063, 9039
0.063, 9038
0.063, 9037
0.063, 9036
0.063, 9035
0.063, 9034
0.063, 9033
0.063, 9032
0.063, 9031
0.063, 9030
0.063, 9029
0.063, 9028
0.063, 9027
0.063, 9026
0.064, 9025
0.064, 9024
0.064, 9023
0.064, 9022
0.064, 9021
0.064, 9020
0.064, 9019
0.064, 9018
0.064, 9017
0.064, 9016
0.064, 9015
0.064, 9014
0.064, 9013
0.064, 9012
0.064, 9011
0.064, 9010
0.064, 9009
0.064, 9008
0.064, 9007
0.064, 9006
0.064, 9005
0.064, 9004
0.064, 9003
0.064, 9002
0.064, 9001
0.064, 9000
0.064, 8999
0.064, 8998
0.064, 8997
0.064, 8996
0.064, 8995
0.064, 8994
0.064, 8993
0.064, 8992
0.064, 8991
0.064, 8990
0.064, 8989
0.064, 8988
0.064, 8987
0.064, 8986
0.064, 8985
0.064, 8984
0.064, 8983
0.064, 8982
0.064, 8981
0.064, 8980
0.064, 8979
0.064, 8978
0.064, 8977
0.064, 8976
0.064, 8975
0.064, 8974
0.064, 8973
0.064, 8972
0.064, 8971
0.064, 8970
0.064, 8969
0.064, 8968
0.064, 8967
0.064, 8966
0.064, 8965
0.064, 8964
0.064, 8963
0.064, 8962
0.064, 8961
0.064, 8960
0.064, 8959
0.064, 8958
0.064, 8957
0.064, 8956
0.064, 8955
0.064, 8954
0.064, 8953
0.064, 8952
0.064, 8951
0.064, 8950
0.064, 8949
0.064, 8948
0.064, 8947
0.064, 8946
0.064, 8945
0.064, 8944
0.064, 8943
0.064, 8942
0.064, 8941
0.064, 8940
0.064, 8939
0.064, 8938
0.064, 8937
0.064, 8936
0.065, 8935
0.065, 8934
0.065, 8933
0.065, 8932
0.065, 8931
0.065, 8930
0.065, 8929
0.065, 8928
0.065, 8927
0.065, 8926
0.065, 8925
0.065, 8924
0.065, 8923
0.065, 8922
0.065, 8921
0.065, 8920
0.065, 8919
0.065, 8918
0.065, 8917
0.065, 8916
0.065, 8915
0.065, 8914
0.065, 8913
0.065, 8912
0.065, 8911
0.065, 8910
0.065, 8909
0.065, 8908
0.065, 8907
0.065, 8906
0.065, 8905
0.065, 8904
0.065, 8903
0.065, 8902
0.065, 8901
0.065, 8900
0.065, 8899
0.065, 8898
0.065, 8897
0.065, 8896
0.065, 8895
0.065, 8894
0.065, 8893
0.065, 8892
0.065, 8891
0.065, 8890
0.065, 8889
0.065, 8888
0.065, 8887
0.065, 8886
0.065, 8885
0.065, 8884
0.065, 8883
0.065, 8882
0.065, 8881
0.065, 8880
0.065, 8879
0.065, 8878
0.065, 8877
0.065, 8876
0.065, 8875
0.065, 8874
0.065, 8873
0.065, 8872
0.065, 8871
0.065, 8870
0.065, 8869
0.065, 8868
0.065, 8867
0.065, 8866
0.065, 8865
0.065, 8864
0.065, 8863
0.065, 8862
0.065, 8861
0.065, 8860
0.065, 8859
0.065, 8858
0.065, 8857
0.065, 8856
0.065, 8855
0.065, 8854
0.065, 8853
0.065, 8852
0.065, 8851
0.065, 8850
0.065, 8849
0.065, 8848
0.065, 8847
0.065, 8846
0.065, 8845
0.065, 8844
0.065, 8843
0.065, 8842
0.065, 8841
0.065, 8840
0.065, 8839
0.065, 8838
0.065, 8837
0.065, 8836
0.065, 8835
0.065, 8834
0.065, 8833
0.065, 8832
0.065, 8831
0.065, 8830
0.065, 8829
0.065, 8828
0.065, 8827
0.066, 8826
0.066, 8825
0.066, 8824
0.066, 8823
0.066, 8822
0.066, 8821
0.066, 8820
0.066, 8819
0.066, 8818
0.066, 8817
0.066, 8816
0.066, 8815
0.066, 8814
0.066, 8813
0.066, 8812
0.066, 8811
0.066, 8810
0.066, 8809
0.066, 8808
0.066, 8807
0.066, 8806
0.066, 8805
0.066, 8804
0.066, 8803
0.066, 8802
0.066, 8801
0.066, 8800
0.066, 8799
0.066, 8798
0.066, 8797
0.066, 8796
0.066, 8795
0.066, 8794
0.066, 8793
0.066, 8792
0.066, 8791
0.066, 8790
0.066, 8789
0.066, 8788
0.066, 8787
0.066, 8786
0.066, 8785
0.066, 8784
0.066, 8783
0.066, 8782
0.066, 8781
0.066, 8780
0.066, 8779
0.066, 8778
0.066, 8777
0.066, 8776
0.066, 8775
0.066, 8774
0.066, 8773
0.066, 8772
0.066, 8771
0.066, 8770
0.066, 8769
0.066, 8768
0.066, 8767
0.066, 8766
0.066, 8765
0.066, 8764
0.066, 8763
0.066, 8762
0.066, 8761
0.066, 8760
0.066, 8759
0.066, 8758
0.066, 8757
0.066, 8756
0.066, 8755
0.066, 8754
0.066, 8753
0.066, 8752
0.066, 8751
0.066, 8750
0.066, 8749
0.066, 8748
0.066, 8747
0.066, 8746
0.066, 8745
0.066, 8744
0.066, 8743
0.066, 8742
0.066, 8741
0.066, 8740
0.066, 8739
0.066, 8738
0.066, 8737
0.066, 8736
0.066, 8735
0.066, 8734
0.066, 8733
0.066, 8732
0.066, 8731
0.066, 8730
0.066, 8729
0.066, 8728
0.066, 8727
0.066, 8726
0.066, 8725
0.066, 8724
0.066, 8723
0.066, 8722
0.066, 8721
0.066, 8720
0.067, 8719
0.067, 8718
0.067, 8717
0.067, 8716
0.067, 8715
0.067, 8714
0.067, 8713
0.067, 8712
0.067, 8711
0.067, 8710
0.067, 8709
0.067, 8708
0.067, 8707
0.067, 8706
0.067, 8705
0.067, 8704
0.067, 8703
0.067, 8702
0.067, 8701
0.067, 8700
0.067, 8699
0.067, 8698
0.067, 8697
0.067, 8696
0.067, 8695
0.067, 8694
0.067, 8693
0.067, 8692
0.067, 8691
0.067, 8690
0.067, 8689
0.067, 8688
0.067, 8687
0.067, 8686
0.067, 8685
0.067, 8684
0.067, 8683
0.067, 8682
0.067, 8681
0.067, 8680
0.067, 8679
0.067, 8678
0.067, 8677
0.067, 8676
0.067, 8675
0.067, 8674
0.067, 8673
0.067, 8672
0.067, 8671
0.067, 8670
0.067, 8669
0.067, 8668
0.067, 8667
0.067, 8666
0.067, 8665
0.067, 8664
0.067, 8663
0.067, 8662
0.067, 8661
0.067, 8660
0.067, 8659
0.067, 8658
0.067, 8657
0.067, 8656
0.067, 8655
0.067, 8654
0.067, 8653
0.067, 8652
0.067, 8651
0.067, 8650
0.067, 8649
0.067, 8648
0.067, 8647
0.067, 8646
0.067, 8645
0.067, 8644
0.067, 8643
0.067, 8642
0.067, 8641
0.067, 8640
0.067, 8639
0.067, 8638
0.067, 8637
0.067, 8636
0.067, 8635
0.067, 8634
0.067, 8633
0.067, 8632
0.067, 8631
0.067, 8630
0.067, 8629
0.067, 8628
0.067, 8627
0.067, 8626
0.067, 8625
0.067, 8624
0.067, 8623
0.067, 8622
0.067, 8621
0.067, 8620
0.067, 8619
0.067, 8618
0.067, 8617
0.067, 8616
0.067, 8615
0.067, 8614
0.067, 8613
0.067, 8612
0.067, 8611
0.067, 8610
0.067, 8609
0.067, 8608
0.067, 8607
0.067, 8606
0.067, 8605
0.068, 8604
0.068, 8603
0.068, 8602
0.068, 8601
0.068, 8600
0.068, 8599
0.068, 8598
0.068, 8597
0.068, 8596
0.068, 8595
0.068, 8594
0.068, 8593
0.068, 8592
0.068, 8591
0.068, 8590
0.068, 8589
0.068, 8588
0.068, 8587
0.068, 8586
0.068, 8585
0.068, 8584
0.068, 8583
0.068, 8582
0.068, 8581
0.068, 8580
0.068, 8579
0.068, 8578
0.068, 8577
0.068, 8576
0.068, 8575
0.068, 8574
0.068, 8573
0.068, 8572
0.068, 8571
0.068, 8570
0.068, 8569
0.068, 8568
0.068, 8567
0.068, 8566
0.068, 8565
0.068, 8564
0.068, 8563
0.068, 8562
0.068, 8561
0.068, 8560
0.068, 8559
0.068, 8558
0.068, 8557
0.068, 8556
0.068, 8555
0.068, 8554
0.068, 8553
0.068, 8552
0.068, 8551
0.068, 8550
0.068, 8549
0.068, 8548
0.068, 8547
0.068, 8546
0.068, 8545
0.068, 8544
0.068, 8543
0.068, 8542
0.068, 8541
0.068, 8540
0.068, 8539
0.068, 8538
0.068, 8537
0.068, 8536
0.068, 8535
0.068, 8534
0.068, 8533
0.068, 8532
0.068, 8531
0.068, 8530
0.068, 8529
0.068, 8528
0.068, 8527
0.068, 8526
0.068, 8525
0.068, 8524
0.068, 8523
0.068, 8522
0.068, 8521
0.068, 8520
0.068, 8519
0.068, 8518
0.068, 8517
0.068, 8516
0.068, 8515
0.068, 8514
0.068, 8513
0.068, 8512
0.068, 8511
0.068, 8510
0.068, 8509
0.068, 8508
0.069, 8507
0.069, 8506
0.069, 8505
0.069, 8504
0.069, 8503
0.069, 8502
0.069, 8501
0.069, 8500
0.069, 8499
0.069, 8498
0.069, 8497
0.069, 8496
0.069, 8495
0.069, 8494
0.069, 8493
0.069, 8492
0.069, 8491
0.069, 8490
0.069, 8489
0.069, 8488
0.069, 8487
0.069, 8486
0.069, 8485
0.069, 8484
0.069, 8483
0.069, 8482
0.069, 8481
0.069, 8480
0.069, 8479
0.069, 8478
0.069, 8477
0.069, 8476
0.069, 8475
0.069, 8474
0.069, 8473
0.069, 8472
0.069, 8471
0.069, 8470
0.069, 8469
0.069, 8468
0.069, 8467
0.069, 8466
0.069, 8465
0.069, 8464
0.069, 8463
0.069, 8462
0.069, 8461
0.069, 8460
0.069, 8459
0.069, 8458
0.069, 8457
0.069, 8456
0.069, 8455
0.069, 8454
0.069, 8453
0.069, 8452
0.069, 8451
0.069, 8450
0.069, 8449
0.069, 8448
0.069, 8447
0.069, 8446
0.069, 8445
0.069, 8444
0.069, 8443
0.069, 8442
0.069, 8441
0.069, 8440
0.069, 8439
0.069, 8438
0.069, 8437
0.069, 8436
0.069, 8435
0.069, 8434
0.069, 8433
0.069, 8432
0.069, 8431
0.069, 8430
0.069, 8429
0.069, 8428
0.069, 8427
0.069, 8426
0.069, 8425
0.069, 8424
0.069, 8423
0.069, 8422
0.069, 8421
0.069, 8420
0.069, 8419
0.069, 8418
0.069, 8417
0.069, 8416
0.069, 8415
0.069, 8414
0.069, 8413
0.069, 8412
0.069, 8411
0.069, 8410
0.069, 8409
0.069, 8408
0.069, 8407
0.069, 8406
0.069, 8405
0.069, 8404
0.069, 8403
0.069, 8402
0.069, 8401
0.069, 8400
0.069, 8399
0.070, 8398
0.070, 8397
0.070, 8396
0.070, 8395
0.070, 8394
0.070, 8393
0.070, 8392
0.070, 8391
0.070, 8390
0.070, 8389
0.070, 8388
0.070, 8387
0.070, 8386
0.070, 8385
0.070, 8384
0.070, 8383
0.070, 8382
0.070, 8381
0.070, 8380
0.070, 8379
0.070, 8378
0.070, 8377
0.070, 8376
0.070, 8375
0.070, 8374
0.070, 8373
0.070, 8372
0.070, 8371
0.070, 8370
0.070, 8369
0.070, 8368
0.070, 8367
0.070, 8366
0.070, 8365
0.070, 8364
0.070, 8363
0.070, 8362
0.070, 8361
0.070, 8360
0.070, 8359
0.070, 8358
0.070, 8357
0.070, 8356
0.070, 8355
0.070, 8354
0.070, 8353
0.070, 8352
0.070, 8351
0.070, 8350
0.070, 8349
0.070, 8348
0.070, 8347
0.070, 8346
0.070, 8345
0.070, 8344
0.070, 8343
0.070, 8342
0.070, 8341
0.071, 8340
0.071, 8339
0.071, 8338
0.071, 8337
0.071, 8336
0.071, 8335
0.071, 8334
0.071, 8333
0.071, 8332
0.071, 8331
0.071, 8330
0.071, 8329
0.071, 8328
0.071, 8327
0.071, 8326
0.071, 8325
0.071, 8324
0.071, 8323
0.071, 8322
0.071, 8321
0.071, 8320
0.071, 8319
0.071, 8318
0.071, 8317
0.071, 8316
0.071, 8315
0.071, 8314
0.071, 8313
0.071, 8312
0.071, 8311
0.071, 8310
0.071, 8309
0.071, 8308
0.071, 8307
0.071, 8306
0.071, 8305
0.071, 8304
0.071, 8303
0.071, 8302
0.071, 8301
0.071, 8300
0.071, 8299
0.071, 8298
0.071, 8297
0.071, 8296
0.071, 8295
0.072, 8294
0.072, 8293
0.072, 8292
0.072, 8291
0.072, 8290
0.072, 8289
0.072, 8288
0.072, 8287
0.072, 8286
0.072, 8285
0.072, 8284
0.072, 8283
0.072, 8282
0.072, 8281
0.072, 8280
0.072, 8279
0.072, 8278
0.072, 8277
0.072, 8276
0.072, 8275
0.072, 8274
0.072, 8273
0.072, 8272
0.072, 8271
0.072, 8270
0.072, 8269
0.072, 8268
0.072, 8267
0.072, 8266
0.072, 8265
0.072, 8264
0.072, 8263
0.072, 8262
0.072, 8261
0.072, 8260
0.072, 8259
0.072, 8258
0.072, 8257
0.072, 8256
0.072, 8255
0.072, 8254
0.072, 8253
0.072, 8252
0.072, 8251
0.072, 8250
0.072, 8249
0.072, 8248
0.072, 8247
0.072, 8246
0.072, 8245
0.072, 8244
0.072, 8243
0.072, 8242
0.072, 8241
0.072, 8240
0.072, 8239
0.072, 8238
0.072, 8237
0.072, 8236
0.072, 8235
0.072, 8234
0.072, 8233
0.072, 8232
0.072, 8231
0.072, 8230
0.072, 8229
0.072, 8228
0.072, 8227
0.072, 8226
0.072, 8225
0.072, 8224
0.072, 8223
0.072, 8222
0.072, 8221
0.072, 8220
0.072, 8219
0.072, 8218
0.072, 8217
0.072, 8216
0.072, 8215
0.072, 8214
0.072, 8213
0.072, 8212
0.072, 8211
0.072, 8210
0.072, 8209
0.072, 8208
0.072, 8207
0.072, 8206
0.072, 8205
0.072, 8204
0.072, 8203
0.072, 8202
0.072, 8201
0.072, 8200
0.072, 8199
0.073, 8198
0.073, 8197
0.073, 8196
0.073, 8195
0.073, 8194
0.073, 8193
0.073, 8192
0.073, 8191
0.073, 8190
0.073, 8189
0.073, 8188
0.073, 8187
0.073, 8186
0.073, 8185
0.073, 8184
0.073, 8183
0.073, 8182
0.073, 8181
0.073, 8180
0.073, 8179
0.073, 8178
0.073, 8177
0.073, 8176
0.073, 8175
0.073, 8174
0.073, 8173
0.073, 8172
0.073, 8171
0.073, 8170
0.073, 8169
0.073, 8168
0.073, 8167
0.073, 8166
0.073, 8165
0.073, 8164
0.073, 8163
0.073, 8162
0.073, 8161
0.073, 8160
0.073, 8159
0.073, 8158
0.073, 8157
0.073, 8156
0.073, 8155
0.073, 8154
0.073, 8153
0.073, 8152
0.073, 8151
0.073, 8150
0.073, 8149
0.073, 8148
0.073, 8147
0.073, 8146
0.073, 8145
0.073, 8144
0.073, 8143
0.073, 8142
0.073, 8141
0.073, 8140
0.073, 8139
0.073, 8138
0.073, 8137
0.073, 8136
0.073, 8135
0.073, 8134
0.073, 8133
0.073, 8132
0.073, 8131
0.073, 8130
0.073, 8129
0.073, 8128
0.073, 8127
0.073, 8126
0.073, 8125
0.073, 8124
0.073, 8123
0.073, 8122
0.073, 8121
0.073, 8120
0.073, 8119
0.073, 8118
0.073, 8117
0.073, 8116
0.073, 8115
0.073, 8114
0.073, 8113
0.073, 8112
0.073, 8111
0.073, 8110
0.073, 8109
0.073, 8108
0.073, 8107
0.073, 8106
0.073, 8105
0.073, 8104
0.073, 8103
0.073, 8102
0.073, 8101
0.073, 8100
0.073, 8099
0.073, 8098
0.073, 8097
0.074, 8096
0.074, 8095
0.074, 8094
0.074, 8093
0.074, 8092
0.074, 8091
0.074, 8090
0.074, 8089
0.074, 8088
0.074, 8087
0.074, 8086
0.074, 8085
0.074, 8084
0.074, 8083
0.074, 8082
0.074, 8081
0.074, 8080
0.074, 8079
0.074, 8078
0.074, 8077
0.074, 8076
0.074, 8075
0.074, 8074
0.074, 8073
0.074, 8072
0.074, 8071
0.074, 8070
0.074, 8069
0.074, 8068
0.074, 8067
0.074, 8066
0.074, 8065
0.074, 8064
0.074, 8063
0.074, 8062
0.074, 8061
0.074, 8060
0.074, 8059
0.074, 8058
0.074, 8057
0.074, 8056
0.074, 8055
0.074, 8054
0.074, 8053
0.074, 8052
0.074, 8051
0.074, 8050
0.074, 8049
0.074, 8048
0.074, 8047
0.074, 8046
0.074, 8045
0.074, 8044
0.074, 8043
0.074, 8042
0.074, 8041
0.074, 8040
0.074, 8039
0.074, 8038
0.074, 8037
0.074, 8036
0.074, 8035
0.074, 8034
0.074, 8033
0.074, 8032
0.074, 8031
0.074, 8030
0.074, 8029
0.074, 8028
0.074, 8027
0.074, 8026
0.074, 8025
0.074, 8024
0.074, 8023
0.074, 8022
0.074, 8021
0.074, 8020
0.074, 8019
0.074, 8018
0.074, 8017
0.074, 8016
0.074, 8015
0.074, 8014
0.074, 8013
0.074, 8012
0.074, 8011
0.074, 8010
0.074, 8009
0.074, 8008
0.074, 8007
0.074, 8006
0.074, 8005
0.074, 8004
0.074, 8003
0.074, 8002
0.074, 8001
0.074, 8000
0.074, 7999
0.074, 7998
0.074, 7997
0.074, 7996
0.074, 7995
0.074, 7994
0.074, 7993
0.074, 7992
0.074, 7991
0.074, 7990
0.074, 7989
0.074, 7988
0.074, 7987
0.074, 7986
0.074, 7985
0.075, 7984
0.075, 7983
0.075, 7982
0.075, 7981
0.075, 7980
0.075, 7979
0.075, 7978
0.075, 7977
0.075, 7976
0.075, 7975
0.075, 7974
0.075, 7973
0.075, 7972
0.075, 7971
0.075, 7970
0.075, 7969
0.075, 7968
0.075, 7967
0.075, 7966
0.075, 7965
0.075, 7964
0.075, 7963
0.075, 7962
0.075, 7961
0.075, 7960
0.075, 7959
0.075, 7958
0.075, 7957
0.075, 7956
0.075, 7955
0.075, 7954
0.075, 7953
0.075, 7952
0.075, 7951
0.075, 7950
0.075, 7949
0.075, 7948
0.075, 7947
0.075, 7946
0.075, 7945
0.075, 7944
0.075, 7943
0.075, 7942
0.075, 7941
0.075, 7940
0.075, 7939
0.075, 7938
0.075, 7937
0.075, 7936
0.075, 7935
0.075, 7934
0.075, 7933
0.075, 7932
0.075, 7931
0.075, 7930
0.075, 7929
0.075, 7928
0.075, 7927
0.075, 7926
0.075, 7925
0.075, 7924
0.075, 7923
0.075, 7922
0.075, 7921
0.075, 7920
0.075, 7919
0.075, 7918
0.075, 7917
0.075, 7916
0.075, 7915
0.075, 7914
0.075, 7913
0.075, 7912
0.075, 7911
0.075, 7910
0.075, 7909
0.075, 7908
0.075, 7907
0.075, 7906
0.075, 7905
0.075, 7904
0.075, 7903
0.075, 7902
0.075, 7901
0.075, 7900
0.075, 7899
0.075, 7898
0.075, 7897
0.075, 7896
0.075, 7895
0.075, 7894
0.075, 7893
0.075, 7892
0.075, 7891
0.075, 7890
0.075, 7889
0.075, 7888
0.075, 7887
0.075, 7886
0.075, 7885
0.075, 7884
0.075, 7883
0.075, 7882
0.075, 7881
0.075, 7880
0.075, 7879
0.075, 7878
0.075, 7877
0.075, 7876
0.075, 7875
0.075, 7874
0.075, 7873
0.075, 7872
0.075, 7871
0.076, 7870
0.076, 7869
0.076, 7868
0.076, 7867
0.076, 7866
0.076, 7865
0.076, 7864
0.076, 7863
0.076, 7862
0.076, 7861
0.076, 7860
0.076, 7859
0.076, 7858
0.076, 7857
0.076, 7856
0.076, 7855
0.076, 7854
0.076, 7853
0.076, 7852
0.076, 7851
0.076, 7850
0.076, 7849
0.076, 7848
0.076, 7847
0.076, 7846
0.076, 7845
0.076, 7844
0.076, 7843
0.076, 7842
0.076, 7841
0.076, 7840
0.076, 7839
0.076, 7838
0.076, 7837
0.076, 7836
0.076, 7835
0.076, 7834
0.076, 7833
0.076, 7832
0.076, 7831
0.076, 7830
0.076, 7829
0.076, 7828
0.076, 7827
0.076, 7826
0.076, 7825
0.076, 7824
0.076, 7823
0.076, 7822
0.076, 7821
0.076, 7820
0.076, 7819
0.076, 7818
0.076, 7817
0.076, 7816
0.076, 7815
0.076, 7814
0.076, 7813
0.076, 7812
0.076, 7811
0.076, 7810
0.076, 7809
0.076, 7808
0.076, 7807
0.076, 7806
0.076, 7805
0.076, 7804
0.076, 7803
0.076, 7802
0.076, 7801
0.076, 7800
0.076, 7799
0.076, 7798
0.076, 7797
0.076, 7796
0.076, 7795
0.076, 7794
0.076, 7793
0.076, 7792
0.076, 7791
0.076, 7790
0.076, 7789
0.076, 7788
0.076, 7787
0.076, 7786
0.076, 7785
0.076, 7784
0.076, 7783
0.076, 7782
0.076, 7781
0.076, 7780
0.076, 7779
0.076, 7778
0.076, 7777
0.076, 7776
0.076, 7775
0.076, 7774
0.076, 7773
0.076, 7772
0.076, 7771
0.076, 7770
0.076, 7769
0.076, 7768
0.076, 7767
0.076, 7766
0.077, 7765
0.077, 7764
0.077, 7763
0.077, 7762
0.077, 7761
0.077, 7760
0.077, 7759
0.077, 7758
0.077, 7757
0.077, 7756
0.077, 7755
0.077, 7754
0.077, 7753
0.077, 7752
0.077, 7751
0.077, 7750
0.077, 7749
0.077, 7748
0.077, 7747
0.077, 7746
0.077, 7745
0.077, 7744
0.077, 7743
0.077, 7742
0.077, 7741
0.077, 7740
0.077, 7739
0.077, 7738
0.077, 7737
0.077, 7736
0.077, 7735
0.077, 7734
0.077, 7733
0.077, 7732
0.077, 7731
0.077, 7730
0.077, 7729
0.077, 7728
0.077, 7727
0.077, 7726
0.077, 7725
0.077, 7724
0.077, 7723
0.077, 7722
0.077, 7721
0.077, 7720
0.077, 7719
0.077, 7718
0.077, 7717
0.077, 7716
0.077, 7715
0.077, 7714
0.077, 7713
0.077, 7712
0.077, 7711
0.077, 7710
0.077, 7709
0.077, 7708
0.077, 7707
0.077, 7706
0.077, 7705
0.077, 7704
0.077, 7703
0.077, 7702
0.077, 7701
0.077, 7700
0.077, 7699
0.077, 7698
0.077, 7697
0.077, 7696
0.077, 7695
0.077, 7694
0.077, 7693
0.078, 7692
0.078, 7691
0.078, 7690
0.078, 7689
0.078, 7688
0.078, 7687
0.078, 7686
0.078, 7685
0.078, 7684
0.078, 7683
0.078, 7682
0.078, 7681
0.078, 7680
0.078, 7679
0.078, 7678
0.078, 7677
0.078, 7676
0.078, 7675
0.078, 7674
0.078, 7673
0.078, 7672
0.078, 7671
0.078, 7670
0.078, 7669
0.078, 7668
0.078, 7667
0.078, 7666
0.078, 7665
0.078, 7664
0.078, 7663
0.078, 7662
0.078, 7661
0.078, 7660
0.078, 7659
0.078, 7658
0.078, 7657
0.078, 7656
0.078, 7655
0.078, 7654
0.078, 7653
0.078, 7652
0.078, 7651
0.078, 7650
0.078, 7649
0.078, 7648
0.078, 7647
0.078, 7646
0.078, 7645
0.078, 7644
0.078, 7643
0.078, 7642
0.078, 7641
0.078, 7640
0.078, 7639
0.078, 7638
0.078, 7637
0.078, 7636
0.078, 7635
0.078, 7634
0.078, 7633
0.078, 7632
0.078, 7631
0.078, 7630
0.078, 7629
0.078, 7628
0.078, 7627
0.078, 7626
0.078, 7625
0.078, 7624
0.078, 7623
0.078, 7622
0.078, 7621
0.078, 7620
0.078, 7619
0.078, 7618
0.078, 7617
0.078, 7616
0.078, 7615
0.078, 7614
0.078, 7613
0.078, 7612
0.078, 7611
0.078, 7610
0.078, 7609
0.078, 7608
0.078, 7607
0.078, 7606
0.078, 7605
0.078, 7604
0.078, 7603
0.078, 7602
0.078, 7601
0.078, 7600
0.078, 7599
0.078, 7598
0.079, 7597
0.079, 7596
0.079, 7595
0.079, 7594
0.079, 7593
0.079, 7592
0.079, 7591
0.079, 7590
0.079, 7589
0.079, 7588
0.079, 7587
0.079, 7586
0.079, 7585
0.079, 7584
0.079, 7583
0.079, 7582
0.079, 7581
0.079, 7580
0.079, 7579
0.079, 7578
0.079, 7577
0.079, 7576
0.079, 7575
0.079, 7574
0.079, 7573
0.079, 7572
0.079, 7571
0.079, 7570
0.079, 7569
0.079, 7568
0.079, 7567
0.079, 7566
0.079, 7565
0.079, 7564
0.079, 7563
0.079, 7562
0.079, 7561
0.079, 7560
0.079, 7559
0.079, 7558
0.079, 7557
0.079, 7556
0.079, 7555
0.079, 7554
0.079, 7553
0.079, 7552
0.079, 7551
0.079, 7550
0.079, 7549
0.079, 7548
0.079, 7547
0.079, 7546
0.079, 7545
0.079, 7544
0.079, 7543
0.079, 7542
0.079, 7541
0.079, 7540
0.079, 7539
0.079, 7538
0.079, 7537
0.079, 7536
0.079, 7535
0.079, 7534
0.079, 7533
0.079, 7532
0.079, 7531
0.079, 7530
0.079, 7529
0.079, 7528
0.079, 7527
0.079, 7526
0.079, 7525
0.079, 7524
0.079, 7523
0.079, 7522
0.079, 7521
0.079, 7520
0.079, 7519
0.079, 7518
0.079, 7517
0.079, 7516
0.079, 7515
0.079, 7514
0.079, 7513
0.079, 7512
0.079, 7511
0.079, 7510
0.079, 7509
0.079, 7508
0.079, 7507
0.079, 7506
0.079, 7505
0.079, 7504
0.079, 7503
0.079, 7502
0.079, 7501
0.079, 7500
0.079, 7499
0.079, 7498
0.079, 7497
0.080, 7496
0.080, 7495
0.080, 7494
0.080, 7493
0.080, 7492
0.080, 7491
0.080, 7490
0.080, 7489
0.080, 7488
0.080, 7487
0.080, 7486
0.080, 7485
0.080, 7484
0.080, 7483
0.080, 7482
0.080, 7481
0.080, 7480
0.080, 7479
0.080, 7478
0.080, 7477
0.080, 7476
0.080, 7475
0.080, 7474
0.080, 7473
0.080, 7472
0.080, 7471
0.080, 7470
0.080, 7469
0.080, 7468
0.080, 7467
0.080, 7466
0.080, 7465
0.080, 7464
0.080, 7463
0.080, 7462
0.080, 7461
0.080, 7460
0.080, 7459
0.080, 7458
0.080, 7457
0.080, 7456
0.080, 7455
0.080, 7454
0.080, 7453
0.080, 7452
0.080, 7451
0.080, 7450
0.080, 7449
0.080, 7448
0.080, 7447
0.080, 7446
0.080, 7445
0.080, 7444
0.080, 7443
0.080, 7442
0.080, 7441
0.080, 7440
0.080, 7439
0.080, 7438
0.080, 7437
0.080, 7436
0.080, 7435
0.080, 7434
0.080, 7433
0.080, 7432
0.080, 7431
0.080, 7430
0.080, 7429
0.080, 7428
0.080, 7427
0.080, 7426
0.080, 7425
0.080, 7424
0.080, 7423
0.080, 7422
0.080, 7421
0.080, 7420
0.080, 7419
0.080, 7418
0.080, 7417
0.080, 7416
0.080, 7415
0.080, 7414
0.080, 7413
0.080, 7412
0.080, 7411
0.080, 7410
0.080, 7409
0.080, 7408
0.080, 7407
0.080, 7406
0.080, 7405
0.080, 7404
0.080, 7403
0.080, 7402
0.080, 7401
0.080, 7400
0.080, 7399
0.080, 7398
0.080, 7397
0.080, 7396
0.080, 7395
0.080, 7394
0.081, 7393
0.081, 7392
0.081, 7391
0.081, 7390
0.081, 7389
0.081, 7388
0.081, 7387
0.081, 7386
0.081, 7385
0.081, 7384
0.081, 7383
0.081, 7382
0.081, 7381
0.081, 7380
0.081, 7379
0.081, 7378
0.081, 7377
0.081, 7376
0.081, 7375
0.081, 7374
0.081, 7373
0.081, 7372
0.081, 7371
0.081, 7370
0.081, 7369
0.081, 7368
0.081, 7367
0.081, 7366
0.081, 7365
0.081, 7364
0.081, 7363
0.081, 7362
0.081, 7361
0.081, 7360
0.081, 7359
0.081, 7358
0.081, 7357
0.081, 7356
0.081, 7355
0.081, 7354
0.081, 7353
0.081, 7352
0.081, 7351
0.081, 7350
0.081, 7349
0.081, 7348
0.081, 7347
0.081, 7346
0.081, 7345
0.081, 7344
0.081, 7343
0.081, 7342
0.081, 7341
0.081, 7340
0.081, 7339
0.081, 7338
0.081, 7337
0.081, 7336
0.081, 7335
0.081, 7334
0.081, 7333
0.081, 7332
0.081, 7331
0.081, 7330
0.081, 7329
0.081, 7328
0.081, 7327
0.081, 7326
0.081, 7325
0.081, 7324
0.081, 7323
0.081, 7322
0.081, 7321
0.081, 7320
0.081, 7319
0.081, 7318
0.081, 7317
0.081, 7316
0.081, 7315
0.081, 7314
0.081, 7313
0.081, 7312
0.081, 7311
0.081, 7310
0.081, 7309
0.081, 7308
0.081, 7307
0.081, 7306
0.081, 7305
0.081, 7304
0.081, 7303
0.081, 7302
0.081, 7301
0.081, 7300
0.081, 7299
0.081, 7298
0.081, 7297
0.081, 7296
0.081, 7295
0.081, 7294
0.081, 7293
0.081, 7292
0.081, 7291
0.081, 7290
0.081, 7289
0.081, 7288
0.081, 7287
0.081, 7286
0.081, 7285
0.082, 7284
0.082, 7283
0.082, 7282
0.082, 7281
0.082, 7280
0.082, 7279
0.082, 7278
0.082, 7277
0.082, 7276
0.082, 7275
0.082, 7274
0.082, 7273
0.082, 7272
0.082, 7271
0.082, 7270
0.082, 7269
0.082, 7268
0.082, 7267
0.082, 7266
0.082, 7265
0.082, 7264
0.082, 7263
0.082, 7262
0.082, 7261
0.082, 7260
0.082, 7259
0.082, 7258
0.082, 7257
0.082, 7256
0.082, 7255
0.082, 7254
0.082, 7253
0.082, 7252
0.082, 7251
0.082, 7250
0.082, 7249
0.082, 7248
0.082, 7247
0.082, 7246
0.082, 7245
0.082, 7244
0.082, 7243
0.082, 7242
0.082, 7241
0.082, 7240
0.082, 7239
0.082, 7238
0.082, 7237
0.082, 7236
0.082, 7235
0.082, 7234
0.082, 7233
0.082, 7232
0.082, 7231
0.082, 7230
0.082, 7229
0.082, 7228
0.082, 7227
0.082, 7226
0.082, 7225
0.082, 7224
0.082, 7223
0.082, 7222
0.082, 7221
0.082, 7220
0.082, 7219
0.082, 7218
0.082, 7217
0.082, 7216
0.082, 7215
0.082, 7214
0.082, 7213
0.082, 7212
0.082, 7211
0.082, 7210
0.082, 7209
0.082, 7208
0.082, 7207
0.082, 7206
0.082, 7205
0.082, 7204
0.082, 7203
0.082, 7202
0.082, 7201
0.082, 7200
0.082, 7199
0.082, 7198
0.082, 7197
0.082, 7196
0.082, 7195
0.082, 7194
0.082, 7193
0.082, 7192
0.082, 7191
0.082, 7190
0.082, 7189
0.082, 7188
0.082, 7187
0.082, 7186
0.083, 7185
0.083, 7184
0.083, 7183
0.083, 7182
0.083, 7181
0.083, 7180
0.083, 7179
0.083, 7178
0.083, 7177
0.083, 7176
0.083, 7175
0.083, 7174
0.083, 7173
0.083, 7172
0.083, 7171
0.083, 7170
0.083, 7169
0.083, 7168
0.083, 7167
0.083, 7166
0.083, 7165
0.083, 7164
0.083, 7163
0.083, 7162
0.083, 7161
0.083, 7160
0.083, 7159
0.083, 7158
0.083, 7157
0.083, 7156
0.083, 7155
0.083, 7154
0.083, 7153
0.083, 7152
0.083, 7151
0.083, 7150
0.083, 7149
0.083, 7148
0.083, 7147
0.083, 7146
0.083, 7145
0.083, 7144
0.083, 7143
0.083, 7142
0.083, 7141
0.083, 7140
0.083, 7139
0.083, 7138
0.083, 7137
0.083, 7136
0.083, 7135
0.083, 7134
0.083, 7133
0.083, 7132
0.083, 7131
0.083, 7130
0.083, 7129
0.083, 7128
0.083, 7127
0.083, 7126
0.083, 7125
0.083, 7124
0.083, 7123
0.083, 7122
0.083, 7121
0.083, 7120
0.083, 7119
0.083, 7118
0.083, 7117
0.083, 7116
0.083, 7115
0.083, 7114
0.083, 7113
0.083, 7112
0.083, 7111
0.083, 7110
0.083, 7109
0.083, 7108
0.083, 7107
0.083, 7106
0.083, 7105
0.083, 7104
0.083, 7103
0.083, 7102
0.083, 7101
0.083, 7100
0.083, 7099
0.084, 7098
0.084, 7097
0.084, 7096
0.084, 7095
0.084, 7094
0.084, 7093
0.084, 7092
0.084, 7091
0.084, 7090
0.084, 7089
0.084, 7088
0.084, 7087
0.084, 7086
0.084, 7085
0.084, 7084
0.084, 7083
0.084, 7082
0.084, 7081
0.084, 7080
0.084, 7079
0.084, 7078
0.084, 7077
0.084, 7076
0.084, 7075
0.084, 7074
0.084, 7073
0.084, 7072
0.084, 7071
0.084, 7070
0.084, 7069
0.084, 7068
0.085, 7067
0.085, 7066
0.085, 7065
0.085, 7064
0.085, 7063
0.085, 7062
0.085, 7061
0.085, 7060
0.085, 7059
0.085, 7058
0.085, 7057
0.085, 7056
0.085, 7055
0.085, 7054
0.085, 7053
0.085, 7052
0.085, 7051
0.085, 7050
0.085, 7049
0.085, 7048
0.085, 7047
0.085, 7046
0.085, 7045
0.085, 7044
0.085, 7043
0.085, 7042
0.085, 7041
0.085, 7040
0.085, 7039
0.085, 7038
0.085, 7037
0.085, 7036
0.085, 7035
0.085, 7034
0.085, 7033
0.085, 7032
0.085, 7031
0.085, 7030
0.085, 7029
0.085, 7028
0.085, 7027
0.085, 7026
0.086, 7025
0.086, 7024
0.086, 7023
0.086, 7022
0.086, 7021
0.086, 7020
0.086, 7019
0.086, 7018
0.087, 7017
