0.001, 5326
1.698, 5325
1.710, 5324
1.724, 5323
1.747, 5322
1.752, 5321
1.783, 5320
1.800, 5319
1.808, 5318
1.830, 5317
1.839, 5316
1.873, 5315
1.885, 5314
1.888, 5313
1.898, 5312
1.905, 5311
1.915, 5310
1.940, 5309
1.966, 5308
1.967, 5307
1.976, 5306
1.977, 5305
1.981, 5304
1.984, 5303
1.987, 5302
1.991, 5301
2.003, 5300
2.029, 5299
2.035, 5298
2.051, 5297
2.052, 5296
2.055, 5295
2.060, 5294
2.062, 5293
2.078, 5292
2.081, 5291
2.118, 5290
2.130, 5289
2.135, 5288
2.136, 5287
2.145, 5286
2.165, 5285
2.179, 5284
2.220, 5283
2.259, 5282
2.262, 5281
2.275, 5280
2.287, 5279
2.317, 5278
2.341, 5277
2.392, 5276
2.397, 5275
2.401, 5274
2.405, 5273
2.427, 5272
2.443, 5271
2.451, 5270
2.464, 5269
2.496, 5268
2.515, 5267
2.520, 5266
2.525, 5265
2.531, 5264
2.541, 5263
2.573, 5262
2.574, 5261
2.612, 5260
2.618, 5259
2.639, 5258
2.644, 5257
2.651, 5256
2.658, 5255
2.663, 5254
2.692, 5253
2.704, 5252
2.717, 5251
2.719, 5250
2.741, 5249
2.742, 5248
2.760, 5247
2.772, 5246
2.776, 5245
2.779, 5244
2.782, 5243
2.811, 5242
2.823, 5241
2.858, 5240
2.864, 5239
2.870, 5238
2.912, 5237
2.921, 5236
2.937, 5235
2.942, 5234
2.962, 5233
2.988, 5232
3.002, 5231
3.005, 5230
3.014, 5229
3.025, 5228
3.054, 5227
3.055, 5226
3.058, 5225
3.061, 5224
3.099, 5223
3.100, 5222
3.136, 5221
3.151, 5220
3.157, 5219
3.173, 5218
3.195, 5217
3.203, 5216
3.210, 5215
3.218, 5214
3.257, 5213
3.270, 5212
3.285, 5211
3.292, 5210
3.303, 5209
3.306, 5208
3.308, 5207
3.320, 5206
3.331, 5205
3.347, 5204
3.374, 5203
3.403, 5202
3.420, 5201
3.443, 5200
3.453, 5199
3.458, 5198
3.499, 5197
3.504, 5196
3.506, 5195
3.539, 5194
3.554, 5193
3.577, 5192
3.584, 5191
3.615, 5190
3.621, 5189
3.650, 5188
3.733, 5187
3.764, 5186
3.772, 5185
3.792, 5184
3.795, 5183
3.800, 5182
3.815, 5181
3.834, 5180
3.863, 5179
3.870, 5178
3.877, 5177
3.890, 5176
3.900, 5175
3.902, 5174
3.912, 5173
3.922, 5172
3.941, 5171
3.977, 5170
4.011, 5169
4.021, 5168
4.039, 5167
4.064, 5166
4.072, 5165
4.077, 5164
4.097, 5163
4.109, 5162
4.150, 5161
4.158, 5160
4.172, 5159
4.178, 5158
4.181, 5157
4.206, 5156
4.221, 5155
4.225, 5154
4.227, 5153
4.243, 5152
4.246, 5151
4.254, 5150
4.281, 5149
4.383, 5148
4.401, 5147
4.420, 5146
4.441, 5145
4.474, 5144
4.480, 5143
4.498, 5142
4.516, 5141
4.534, 5140
4.535, 5139
4.610, 5138
4.643, 5137
4.651, 5136
4.670, 5135
4.694, 5134
4.697, 5133
4.715, 5132
4.717, 5131
4.726, 5130
4.735, 5129
4.772, 5128
4.796, 5127
4.809, 5126
4.816, 5125
4.820, 5124
4.829, 5123
4.847, 5122
4.858, 5121
4.860, 5120
4.872, 5119
4.915, 5118
4.919, 5117
4.923, 5116
5.000, 5115
5.008, 5114
5.010, 5113
5.029, 5112
5.047, 5111
5.051, 5110
5.060, 5109
5.077, 5108
5.120, 5107
5.126, 5106
5.127, 5105
5.131, 5104
5.163, 5103
5.180, 5102
5.183, 5101
5.191, 5100
5.220, 5099
5.222, 5098
5.246, 5097
5.288, 5096
5.293, 5095
5.343, 5094
5.356, 5093
5.359, 5092
5.363, 5091
5.374, 5090
5.405, 5089
5.414, 5088
5.429, 5087
5.450, 5086
5.466, 5085
5.475, 5084
5.538, 5083
5.545, 5082
5.552, 5081
5.608, 5080
5.637, 5079
5.648, 5078
5.651, 5077
5.657, 5076
5.706, 5075
5.719, 5074
5.765, 5073
5.822, 5072
5.871, 5071
5.893, 5070
5.907, 5069
5.919, 5068
5.927, 5067
6.047, 5066
6.154, 5065
6.170, 5064
6.171, 5063
6.323, 5062
6.377, 5061
6.398, 5060
6.455, 5059
6.457, 5058
6.464, 5057
6.469, 5056
6.490, 5055
6.572, 5054
6.638, 5053
6.640, 5052
6.651, 5051
6.653, 5050
6.682, 5049
6.687, 5048
6.708, 5047
6.718, 5046
6.784, 5045
6.835, 5044
6.898, 5043
6.914, 5042
6.982, 5041
6.989, 5040
7.013, 5039
7.021, 5038
7.054, 5037
7.072, 5036
7.107, 5035
7.110, 5034
7.173, 5033
7.221, 5032
7.250, 5031
7.261, 5030
7.268, 5029
7.372, 5028
7.449, 5027
7.451, 5026
7.452, 5025
7.457, 5024
7.465, 5023
7.573, 5022
7.598, 5021
7.609, 5020
7.619, 5019
7.630, 5018
7.650, 5017
7.680, 5016
7.800, 5015
7.819, 5014
7.896, 5013
8.009, 5012
8.027, 5011
8.075, 5010
8.112, 5009
8.197, 5008
8.255, 5007
8.258, 5006
8.319, 5005
8.343, 5004
8.390, 5003
8.423, 5002
8.458, 5001
8.527, 5000
8.537, 4999
8.551, 4998
8.707, 4997
8.742, 4996
8.802, 4995
8.847, 4994
8.879, 4993
8.899, 4992
8.937, 4991
8.959, 4990
8.966, 4989
9.006, 4988
9.016, 4987
9.031, 4986
9.036, 4985
9.145, 4984
9.280, 4983
9.296, 4982
9.367, 4981
9.383, 4980
9.511, 4979
9.516, 4978
9.587, 4977
9.609, 4976
9.650, 4975
9.760, 4974
9.762, 4973
9.816, 4972
9.894, 4971
9.944, 4970
9.974, 4969
10.132, 4968
10.225, 4967
10.266, 4966
10.298, 4965
10.342, 4964
10.362, 4963
10.402, 4962
10.446, 4961
10.476, 4960
10.517, 4959
10.561, 4958
10.635, 4957
10.636, 4956
10.640, 4955
10.663, 4954
10.894, 4953
11.002, 4952
11.003, 4951
11.081, 4950
11.233, 4949
11.266, 4948
11.479, 4947
11.624, 4946
11.718, 4945
11.782, 4944
11.917, 4943
11.941, 4942
12.149, 4941
12.180, 4940
12.229, 4939
12.311, 4938
12.351, 4937
12.398, 4936
12.538, 4935
12.563, 4934
12.567, 4933
12.693, 4932
12.741, 4931
12.803, 4930
12.977, 4929
13.357, 4928
13.380, 4927
13.389, 4926
13.419, 4925
13.454, 4924
13.493, 4923
13.579, 4922
13.582, 4921
13.713, 4920
13.723, 4919
13.899, 4918
13.958, 4917
14.057, 4916
14.097, 4915
14.190, 4914
14.315, 4913
14.319, 4912
14.369, 4911
14.516, 4910
14.572, 4909
14.580, 4908
14.632, 4907
14.846, 4906
14.916, 4905
15.054, 4904
15.058, 4903
15.085, 4902
15.517, 4901
15.790, 4900
15.885, 4899
16.356, 4898
16.490, 4897
16.763, 4896
16.903, 4895
17.108, 4894
17.467, 4893
17.655, 4892
17.732, 4891
17.846, 4890
17.934, 4889
18.125, 4888
18.379, 4887
18.441, 4886
18.470, 4885
18.646, 4884
18.814, 4883
19.158, 4882
19.176, 4881
19.908, 4880
19.928, 4879
20.105, 4878
21.532, 4877
21.779, 4876
22.191, 4875
22.369, 4874
22.728, 4873
23.197, 4872
23.970, 4871
24.163, 4870
24.828, 4869
25.918, 4868
26.863, 4867
28.318, 4866
28.326, 4865
30.953, 4864
31.955, 4863
