0.003, 5326
1.489, 5325
1.494, 5324
1.517, 5323
1.525, 5322
1.528, 5321
1.531, 5320
1.552, 5319
1.553, 5318
1.556, 5317
1.559, 5316
1.572, 5315
1.592, 5314
1.595, 5313
1.606, 5312
1.620, 5311
1.663, 5310
1.705, 5309
1.708, 5308
1.720, 5307
1.723, 5306
1.770, 5305
1.792, 5304
1.796, 5303
1.803, 5302
1.820, 5301
1.823, 5300
1.824, 5299
1.839, 5298
1.840, 5297
1.848, 5296
1.855, 5295
1.864, 5294
1.872, 5293
1.895, 5292
1.911, 5291
1.912, 5290
1.937, 5289
1.945, 5288
1.954, 5287
1.965, 5286
1.975, 5285
1.981, 5284
1.996, 5283
1.998, 5282
2.002, 5281
2.005, 5280
2.008, 5279
2.013, 5278
2.038, 5277
2.043, 5276
2.058, 5275
2.072, 5274
2.076, 5273
2.076, 5272
2.102, 5271
2.113, 5270
2.122, 5269
2.126, 5268
2.134, 5267
2.145, 5266
2.148, 5265
2.151, 5264
2.155, 5263
2.183, 5262
2.204, 5261
2.219, 5260
2.226, 5259
2.256, 5258
2.258, 5257
2.263, 5256
2.279, 5255
2.301, 5254
2.332, 5253
2.344, 5252
2.362, 5251
2.366, 5250
2.436, 5249
2.460, 5248
2.468, 5247
2.496, 5246
2.511, 5245
2.522, 5244
2.561, 5243
2.584, 5242
2.607, 5241
2.611, 5240
2.627, 5239
2.641, 5238
2.647, 5237
2.670, 5236
2.680, 5235
2.691, 5234
2.722, 5233
2.737, 5232
2.743, 5231
2.789, 5230
2.791, 5229
2.814, 5228
2.823, 5227
2.842, 5226
2.860, 5225
2.867, 5224
2.871, 5223
2.885, 5222
2.895, 5221
2.910, 5220
2.912, 5219
2.923, 5218
2.927, 5217
2.938, 5216
2.976, 5215
2.987, 5214
2.992, 5213
3.005, 5212
3.010, 5211
3.036, 5210
3.043, 5209
3.078, 5208
3.084, 5207
3.097, 5206
3.111, 5205
3.115, 5204
3.126, 5203
3.159, 5202
3.173, 5201
3.175, 5200
3.197, 5199
3.200, 5198
3.202, 5197
3.204, 5196
3.209, 5195
3.221, 5194
3.227, 5193
3.251, 5192
3.258, 5191
3.292, 5190
3.330, 5189
3.354, 5188
3.364, 5187
3.391, 5186
3.401, 5185
3.406, 5184
3.411, 5183
3.425, 5182
3.454, 5181
3.469, 5180
3.472, 5179
3.478, 5178
3.496, 5177
3.539, 5176
3.547, 5175
3.552, 5174
3.576, 5173
3.577, 5172
3.580, 5171
3.582, 5170
3.590, 5169
3.620, 5168
3.626, 5167
3.636, 5166
3.652, 5165
3.691, 5164
3.698, 5163
3.701, 5162
3.703, 5161
3.725, 5160
3.751, 5159
3.752, 5158
3.758, 5157
3.769, 5156
3.792, 5155
3.802, 5154
3.832, 5153
3.860, 5152
3.882, 5151
3.891, 5150
3.914, 5149
3.923, 5148
3.927, 5147
3.959, 5146
4.018, 5145
4.035, 5144
4.118, 5143
4.144, 5142
4.184, 5141
4.185, 5140
4.221, 5139
4.224, 5138
4.252, 5137
4.271, 5136
4.274, 5135
4.281, 5134
4.286, 5133
4.319, 5132
4.341, 5131
4.342, 5130
4.401, 5129
4.417, 5128
4.467, 5127
4.473, 5126
4.481, 5125
4.495, 5124
4.558, 5123
4.560, 5122
4.579, 5121
4.595, 5120
4.649, 5119
4.654, 5118
4.663, 5117
4.697, 5116
4.715, 5115
4.734, 5114
4.756, 5113
4.772, 5112
4.793, 5111
4.809, 5110
4.858, 5109
4.871, 5108
4.873, 5107
4.891, 5106
4.902, 5105
4.924, 5104
4.932, 5103
4.977, 5102
4.985, 5101
5.002, 5100
5.020, 5099
5.032, 5098
5.061, 5097
5.105, 5096
5.131, 5095
5.142, 5094
5.173, 5093
5.184, 5092
5.236, 5091
5.248, 5090
5.272, 5089
5.285, 5088
5.291, 5087
5.305, 5086
5.310, 5085
5.316, 5084
5.341, 5083
5.352, 5082
5.366, 5081
5.438, 5080
5.469, 5079
5.495, 5078
5.498, 5077
5.512, 5076
5.576, 5075
5.587, 5074
5.595, 5073
5.606, 5072
5.622, 5071
5.629, 5070
5.631, 5069
5.648, 5068
5.682, 5067
5.742, 5066
5.764, 5065
5.771, 5064
5.823, 5063
5.835, 5062
5.848, 5061
5.971, 5060
5.977, 5059
5.988, 5058
6.011, 5057
6.047, 5056
6.092, 5055
6.103, 5054
6.127, 5053
6.162, 5052
6.176, 5051
6.185, 5050
6.241, 5049
6.395, 5048
6.499, 5047
6.506, 5046
6.570, 5045
6.614, 5044
6.619, 5043
6.654, 5042
6.675, 5041
6.690, 5040
6.710, 5039
6.713, 5038
6.777, 5037
6.784, 5036
6.786, 5035
6.807, 5034
6.818, 5033
6.852, 5032
6.966, 5031
6.981, 5030
6.983, 5029
6.989, 5028
7.043, 5027
7.054, 5026
7.056, 5025
7.069, 5024
7.098, 5023
7.138, 5022
7.225, 5021
7.274, 5020
7.327, 5019
7.418, 5018
7.425, 5017
7.468, 5016
7.569, 5015
7.594, 5014
7.605, 5013
7.662, 5012
7.693, 5011
7.702, 5010
7.766, 5009
7.806, 5008
7.850, 5007
7.867, 5006
7.871, 5005
7.925, 5004
7.927, 5003
8.060, 5002
8.121, 5001
8.130, 5000
8.135, 4999
8.196, 4998
8.203, 4997
8.227, 4996
8.240, 4995
8.299, 4994
8.318, 4993
8.337, 4992
8.377, 4991
8.400, 4990
8.452, 4989
8.487, 4988
8.506, 4987
8.534, 4986
8.537, 4985
8.595, 4984
8.599, 4983
8.681, 4982
8.686, 4981
8.743, 4980
8.748, 4979
8.751, 4978
8.826, 4977
8.829, 4976
8.852, 4975
8.871, 4974
8.886, 4973
9.084, 4972
9.184, 4971
9.208, 4970
9.226, 4969
9.249, 4968
9.264, 4967
9.405, 4966
9.531, 4965
9.698, 4964
9.750, 4963
9.786, 4962
9.825, 4961
9.847, 4960
9.984, 4959
10.061, 4958
10.100, 4957
10.157, 4956
10.165, 4955
10.166, 4954
10.253, 4953
10.555, 4952
10.880, 4951
10.928, 4950
10.993, 4949
11.009, 4948
11.038, 4947
11.073, 4946
11.081, 4945
11.095, 4944
11.159, 4943
11.286, 4942
11.287, 4941
11.340, 4940
11.434, 4939
11.439, 4938
11.461, 4937
11.540, 4936
11.555, 4935
11.572, 4934
11.582, 4933
11.609, 4932
11.616, 4931
11.934, 4930
12.026, 4929
12.031, 4928
12.032, 4927
12.038, 4926
12.262, 4925
12.378, 4924
12.479, 4923
12.689, 4922
12.721, 4921
12.724, 4920
12.729, 4919
13.095, 4918
13.175, 4917
13.230, 4916
13.489, 4915
13.513, 4914
13.523, 4913
13.780, 4912
13.784, 4911
13.816, 4910
13.870, 4909
13.920, 4908
13.957, 4907
14.104, 4906
14.107, 4905
14.161, 4904
14.242, 4903
14.259, 4902
14.358, 4901
14.427, 4900
15.029, 4899
15.079, 4898
15.160, 4897
15.313, 4896
15.371, 4895
15.626, 4894
15.861, 4893
15.870, 4892
15.977, 4891
16.249, 4890
16.713, 4889
16.727, 4888
16.867, 4887
16.894, 4886
17.223, 4885
18.305, 4884
18.386, 4883
18.532, 4882
18.589, 4881
18.612, 4880
18.893, 4879
19.256, 4878
19.304, 4877
19.522, 4876
19.579, 4875
20.005, 4874
20.486, 4873
20.598, 4872
20.713, 4871
20.782, 4870
23.083, 4869
25.195, 4868
25.419, 4867
25.458, 4866
27.152, 4865
27.649, 4864
27.747, 4863
27.939, 4862
29.647, 4861
30.982, 4860
31.510, 4859
32.378, 4858
