0.002, 11021
0.002, 11020
0.002, 11019
0.002, 11018
0.002, 11017
0.002, 11016
0.002, 11015
0.002, 11014
0.002, 11013
0.002, 11012
0.002, 11011
0.002, 11010
0.002, 11009
0.002, 11008
0.002, 11007
0.002, 11006
0.002, 11005
0.002, 11004
0.002, 11003
0.002, 11002
0.002, 11001
0.002, 11000
0.002, 10999
0.002, 10998
0.002, 10997
0.002, 10996
0.002, 10995
0.002, 10994
0.002, 10993
0.002, 10992
0.002, 10991
0.002, 10990
0.002, 10989
0.002, 10988
0.002, 10987
0.002, 10986
0.002, 10985
0.002, 10984
0.002, 10983
0.002, 10982
0.002, 10981
0.002, 10980
0.002, 10979
0.002, 10978
0.002, 10977
0.002, 10976
0.002, 10975
0.002, 10974
0.002, 10973
0.002, 10972
0.002, 10971
0.002, 10970
0.002, 10969
0.002, 10968
0.002, 10967
0.002, 10966
0.002, 10965
0.002, 10964
0.002, 10963
0.002, 10962
0.002, 10961
0.002, 10960
0.002, 10959
0.002, 10958
0.002, 10957
0.002, 10956
0.002, 10955
0.002, 10954
0.002, 10953
0.002, 10952
0.002, 10951
0.002, 10950
0.002, 10949
0.002, 10948
0.002, 10947
0.002, 10946
0.002, 10945
0.002, 10944
0.002, 10943
0.002, 10942
0.002, 10941
0.002, 10940
0.002, 10939
0.002, 10938
0.002, 10937
0.002, 10936
0.002, 10935
0.002, 10934
0.002, 10933
0.002, 10932
0.002, 10931
0.002, 10930
0.002, 10929
0.002, 10928
0.002, 10927
0.002, 10926
0.002, 10925
0.002, 10924
0.002, 10923
0.002, 10922
0.002, 10921
0.002, 10920
0.002, 10919
0.002, 10918
0.002, 10917
0.002, 10916
0.002, 10915
0.002, 10914
0.002, 10913
0.002, 10912
0.002, 10911
0.002, 10910
0.002, 10909
0.002, 10908
0.002, 10907
0.002, 10906
0.002, 10905
0.002, 10904
0.002, 10903
0.002, 10902
0.002, 10901
0.002, 10900
0.002, 10899
0.002, 10898
0.002, 10897
0.002, 10896
0.002, 10895
0.003, 10894
0.003, 10893
0.003, 10892
0.003, 10891
0.003, 10890
0.003, 10889
0.003, 10888
0.003, 10887
0.003, 10886
0.003, 10885
0.003, 10884
0.003, 10883
0.003, 10882
0.003, 10881
0.003, 10880
0.003, 10879
0.003, 10878
0.003, 10877
0.003, 10876
0.003, 10875
0.003, 10874
0.003, 10873
0.003, 10872
0.003, 10871
0.003, 10870
0.003, 10869
0.003, 10868
0.003, 10867
0.003, 10866
0.003, 10865
0.003, 10864
0.003, 10863
0.003, 10862
0.003, 10861
0.003, 10860
0.003, 10859
0.003, 10858
0.003, 10857
0.003, 10856
0.003, 10855
0.003, 10854
0.003, 10853
0.003, 10852
0.003, 10851
0.003, 10850
0.003, 10849
0.003, 10848
0.003, 10847
0.003, 10846
0.003, 10845
0.003, 10844
0.003, 10843
0.003, 10842
0.003, 10841
0.003, 10840
0.003, 10839
0.003, 10838
0.003, 10837
0.003, 10836
0.003, 10835
0.003, 10834
0.003, 10833
0.003, 10832
0.003, 10831
0.003, 10830
0.003, 10829
0.003, 10828
0.003, 10827
0.003, 10826
0.003, 10825
0.003, 10824
0.003, 10823
0.003, 10822
0.003, 10821
0.003, 10820
0.003, 10819
0.003, 10818
0.003, 10817
0.003, 10816
0.003, 10815
0.003, 10814
0.003, 10813
0.003, 10812
0.003, 10811
0.003, 10810
0.003, 10809
0.003, 10808
0.003, 10807
0.003, 10806
0.003, 10805
0.003, 10804
0.003, 10803
0.003, 10802
0.003, 10801
0.003, 10800
0.003, 10799
0.003, 10798
0.003, 10797
0.003, 10796
0.003, 10795
0.003, 10794
0.003, 10793
0.003, 10792
0.003, 10791
0.003, 10790
0.003, 10789
0.003, 10788
0.003, 10787
0.003, 10786
0.003, 10785
0.003, 10784
0.003, 10783
0.003, 10782
0.003, 10781
0.003, 10780
0.003, 10779
0.003, 10778
0.003, 10777
0.003, 10776
0.003, 10775
0.003, 10774
0.003, 10773
0.003, 10772
0.003, 10771
0.003, 10770
0.003, 10769
0.003, 10768
0.003, 10767
0.003, 10766
0.003, 10765
0.003, 10764
0.003, 10763
0.003, 10762
0.003, 10761
0.003, 10760
0.003, 10759
0.003, 10758
0.003, 10757
0.003, 10756
0.003, 10755
0.003, 10754
0.003, 10753
0.003, 10752
0.003, 10751
0.003, 10750
0.003, 10749
0.003, 10748
0.003, 10747
0.003, 10746
0.003, 10745
0.003, 10744
0.003, 10743
0.003, 10742
0.003, 10741
0.003, 10740
0.003, 10739
0.003, 10738
0.003, 10737
0.003, 10736
0.003, 10735
0.003, 10734
0.003, 10733
0.003, 10732
0.003, 10731
0.003, 10730
0.003, 10729
0.003, 10728
0.003, 10727
0.003, 10726
0.003, 10725
0.003, 10724
0.003, 10723
0.003, 10722
0.003, 10721
0.003, 10720
0.003, 10719
0.003, 10718
0.003, 10717
0.003, 10716
0.003, 10715
0.003, 10714
0.003, 10713
0.003, 10712
0.003, 10711
0.003, 10710
0.003, 10709
0.003, 10708
0.003, 10707
0.003, 10706
0.003, 10705
0.003, 10704
0.003, 10703
0.003, 10702
0.003, 10701
0.003, 10700
0.003, 10699
0.003, 10698
0.003, 10697
0.003, 10696
0.003, 10695
0.003, 10694
0.003, 10693
0.003, 10692
0.003, 10691
0.003, 10690
0.003, 10689
0.003, 10688
0.003, 10687
0.003, 10686
0.003, 10685
0.003, 10684
0.003, 10683
0.003, 10682
0.003, 10681
0.003, 10680
0.003, 10679
0.003, 10678
0.003, 10677
0.003, 10676
0.003, 10675
0.003, 10674
0.003, 10673
0.003, 10672
0.003, 10671
0.003, 10670
0.003, 10669
0.003, 10668
0.003, 10667
0.003, 10666
0.003, 10665
0.003, 10664
0.003, 10663
0.003, 10662
0.003, 10661
0.003, 10660
0.003, 10659
0.003, 10658
0.003, 10657
0.003, 10656
0.003, 10655
0.003, 10654
0.003, 10653
0.003, 10652
0.003, 10651
0.003, 10650
0.003, 10649
0.003, 10648
0.003, 10647
0.003, 10646
0.003, 10645
0.003, 10644
0.003, 10643
0.003, 10642
0.003, 10641
0.003, 10640
0.003, 10639
0.003, 10638
0.003, 10637
0.003, 10636
0.003, 10635
0.003, 10634
0.003, 10633
0.003, 10632
0.003, 10631
0.003, 10630
0.003, 10629
0.003, 10628
0.003, 10627
0.003, 10626
0.003, 10625
0.003, 10624
0.003, 10623
0.003, 10622
0.003, 10621
0.003, 10620
0.003, 10619
0.003, 10618
0.003, 10617
0.003, 10616
0.003, 10615
0.003, 10614
0.003, 10613
0.003, 10612
0.003, 10611
0.003, 10610
0.003, 10609
0.003, 10608
0.003, 10607
0.003, 10606
0.003, 10605
0.003, 10604
0.003, 10603
0.003, 10602
0.003, 10601
0.003, 10600
0.003, 10599
0.003, 10598
0.003, 10597
0.003, 10596
0.003, 10595
0.003, 10594
0.003, 10593
0.003, 10592
0.004, 10591
0.004, 10590
0.004, 10589
0.004, 10588
0.004, 10587
0.004, 10586
0.004, 10585
0.004, 10584
0.004, 10583
0.004, 10582
0.004, 10581
0.004, 10580
0.004, 10579
0.004, 10578
0.004, 10577
0.004, 10576
0.004, 10575
0.004, 10574
0.004, 10573
0.004, 10572
0.004, 10571
0.004, 10570
0.004, 10569
0.004, 10568
0.004, 10567
0.004, 10566
0.004, 10565
0.004, 10564
0.004, 10563
0.004, 10562
0.004, 10561
0.004, 10560
0.004, 10559
0.004, 10558
0.004, 10557
0.004, 10556
0.004, 10555
0.004, 10554
0.004, 10553
0.004, 10552
0.004, 10551
0.004, 10550
0.004, 10549
0.004, 10548
0.004, 10547
0.004, 10546
0.004, 10545
0.004, 10544
0.004, 10543
0.004, 10542
0.004, 10541
0.004, 10540
0.004, 10539
0.004, 10538
0.004, 10537
0.004, 10536
0.004, 10535
0.004, 10534
0.004, 10533
0.004, 10532
0.004, 10531
0.004, 10530
0.004, 10529
0.004, 10528
0.004, 10527
0.004, 10526
0.004, 10525
0.004, 10524
0.004, 10523
0.004, 10522
0.004, 10521
0.004, 10520
0.004, 10519
0.004, 10518
0.004, 10517
0.004, 10516
0.004, 10515
0.004, 10514
0.004, 10513
0.004, 10512
0.004, 10511
0.004, 10510
0.004, 10509
0.004, 10508
0.004, 10507
0.004, 10506
0.004, 10505
0.004, 10504
0.004, 10503
0.004, 10502
0.004, 10501
0.004, 10500
0.004, 10499
0.004, 10498
0.004, 10497
0.004, 10496
0.004, 10495
0.004, 10494
0.004, 10493
0.004, 10492
0.004, 10491
0.004, 10490
0.004, 10489
0.004, 10488
0.004, 10487
0.004, 10486
0.004, 10485
0.004, 10484
0.004, 10483
0.004, 10482
0.004, 10481
0.004, 10480
0.004, 10479
0.004, 10478
0.004, 10477
0.004, 10476
0.004, 10475
0.004, 10474
0.004, 10473
0.004, 10472
0.004, 10471
0.004, 10470
0.004, 10469
0.004, 10468
0.004, 10467
0.004, 10466
0.004, 10465
0.004, 10464
0.004, 10463
0.004, 10462
0.004, 10461
0.004, 10460
0.004, 10459
0.004, 10458
0.004, 10457
0.004, 10456
0.004, 10455
0.004, 10454
0.004, 10453
0.004, 10452
0.004, 10451
0.004, 10450
0.004, 10449
0.004, 10448
0.004, 10447
0.004, 10446
0.004, 10445
0.004, 10444
0.004, 10443
0.004, 10442
0.004, 10441
0.004, 10440
0.004, 10439
0.004, 10438
0.004, 10437
0.004, 10436
0.004, 10435
0.004, 10434
0.004, 10433
0.004, 10432
0.004, 10431
0.004, 10430
0.004, 10429
0.004, 10428
0.004, 10427
0.004, 10426
0.004, 10425
0.004, 10424
0.004, 10423
0.004, 10422
0.004, 10421
0.004, 10420
0.004, 10419
0.004, 10418
0.004, 10417
0.004, 10416
0.004, 10415
0.004, 10414
0.004, 10413
0.004, 10412
0.004, 10411
0.004, 10410
0.004, 10409
0.004, 10408
0.004, 10407
0.004, 10406
0.004, 10405
0.004, 10404
0.004, 10403
0.004, 10402
0.004, 10401
0.004, 10400
0.004, 10399
0.004, 10398
0.004, 10397
0.004, 10396
0.004, 10395
0.004, 10394
0.004, 10393
0.004, 10392
0.004, 10391
0.004, 10390
0.004, 10389
0.004, 10388
0.004, 10387
0.004, 10386
0.004, 10385
0.004, 10384
0.004, 10383
0.004, 10382
0.004, 10381
0.004, 10380
0.004, 10379
0.004, 10378
0.004, 10377
0.004, 10376
0.004, 10375
0.004, 10374
0.004, 10373
0.004, 10372
0.004, 10371
0.004, 10370
0.004, 10369
0.004, 10368
0.004, 10367
0.004, 10366
0.004, 10365
0.004, 10364
0.004, 10363
0.004, 10362
0.004, 10361
0.004, 10360
0.004, 10359
0.004, 10358
0.004, 10357
0.004, 10356
0.004, 10355
0.004, 10354
0.004, 10353
0.004, 10352
0.004, 10351
0.004, 10350
0.004, 10349
0.004, 10348
0.004, 10347
0.004, 10346
0.004, 10345
0.004, 10344
0.004, 10343
0.004, 10342
0.004, 10341
0.004, 10340
0.004, 10339
0.004, 10338
0.004, 10337
0.004, 10336
0.004, 10335
0.004, 10334
0.004, 10333
0.004, 10332
0.004, 10331
0.004, 10330
0.004, 10329
0.004, 10328
0.004, 10327
0.004, 10326
0.004, 10325
0.004, 10324
0.004, 10323
0.004, 10322
0.004, 10321
0.004, 10320
0.004, 10319
0.004, 10318
0.004, 10317
0.004, 10316
0.004, 10315
0.004, 10314
0.004, 10313
0.004, 10312
0.004, 10311
0.004, 10310
0.004, 10309
0.004, 10308
0.004, 10307
0.004, 10306
0.004, 10305
0.004, 10304
0.004, 10303
0.004, 10302
0.004, 10301
0.004, 10300
0.004, 10299
0.004, 10298
0.004, 10297
0.004, 10296
0.004, 10295
0.004, 10294
0.004, 10293
0.005, 10292
0.005, 10291
0.005, 10290
0.005, 10289
0.005, 10288
0.005, 10287
0.005, 10286
0.005, 10285
0.005, 10284
0.005, 10283
0.005, 10282
0.005, 10281
0.005, 10280
0.005, 10279
0.005, 10278
0.005, 10277
0.005, 10276
0.005, 10275
0.005, 10274
0.005, 10273
0.005, 10272
0.005, 10271
0.005, 10270
0.005, 10269
0.005, 10268
0.005, 10267
0.005, 10266
0.005, 10265
0.005, 10264
0.005, 10263
0.005, 10262
0.005, 10261
0.005, 10260
0.005, 10259
0.005, 10258
0.005, 10257
0.005, 10256
0.005, 10255
0.005, 10254
0.005, 10253
0.005, 10252
0.005, 10251
0.005, 10250
0.005, 10249
0.005, 10248
0.005, 10247
0.005, 10246
0.005, 10245
0.005, 10244
0.005, 10243
0.005, 10242
0.005, 10241
0.005, 10240
0.005, 10239
0.005, 10238
0.005, 10237
0.005, 10236
0.005, 10235
0.005, 10234
0.005, 10233
0.005, 10232
0.005, 10231
0.005, 10230
0.005, 10229
0.005, 10228
0.005, 10227
0.005, 10226
0.005, 10225
0.005, 10224
0.005, 10223
0.005, 10222
0.005, 10221
0.005, 10220
0.005, 10219
0.005, 10218
0.005, 10217
0.005, 10216
0.005, 10215
0.005, 10214
0.005, 10213
0.005, 10212
0.005, 10211
0.005, 10210
0.005, 10209
0.005, 10208
0.005, 10207
0.005, 10206
0.005, 10205
0.005, 10204
0.005, 10203
0.005, 10202
0.005, 10201
0.005, 10200
0.005, 10199
0.005, 10198
0.005, 10197
0.005, 10196
0.005, 10195
0.005, 10194
0.005, 10193
0.005, 10192
0.005, 10191
0.005, 10190
0.005, 10189
0.005, 10188
0.005, 10187
0.005, 10186
0.005, 10185
0.005, 10184
0.005, 10183
0.005, 10182
0.005, 10181
0.005, 10180
0.005, 10179
0.005, 10178
0.005, 10177
0.005, 10176
0.005, 10175
0.005, 10174
0.005, 10173
0.005, 10172
0.005, 10171
0.005, 10170
0.005, 10169
0.005, 10168
0.005, 10167
0.005, 10166
0.005, 10165
0.005, 10164
0.005, 10163
0.005, 10162
0.005, 10161
0.005, 10160
0.005, 10159
0.005, 10158
0.005, 10157
0.005, 10156
0.005, 10155
0.005, 10154
0.005, 10153
0.005, 10152
0.005, 10151
0.005, 10150
0.005, 10149
0.005, 10148
0.005, 10147
0.005, 10146
0.005, 10145
0.005, 10144
0.005, 10143
0.005, 10142
0.005, 10141
0.005, 10140
0.005, 10139
0.005, 10138
0.005, 10137
0.005, 10136
0.005, 10135
0.005, 10134
0.005, 10133
0.005, 10132
0.005, 10131
0.005, 10130
0.005, 10129
0.005, 10128
0.005, 10127
0.005, 10126
0.005, 10125
0.005, 10124
0.005, 10123
0.005, 10122
0.005, 10121
0.005, 10120
0.005, 10119
0.005, 10118
0.005, 10117
0.005, 10116
0.005, 10115
0.005, 10114
0.005, 10113
0.005, 10112
0.005, 10111
0.005, 10110
0.005, 10109
0.005, 10108
0.005, 10107
0.005, 10106
0.005, 10105
0.005, 10104
0.005, 10103
0.005, 10102
0.005, 10101
0.005, 10100
0.005, 10099
0.005, 10098
0.005, 10097
0.005, 10096
0.005, 10095
0.005, 10094
0.005, 10093
0.005, 10092
0.005, 10091
0.005, 10090
0.005, 10089
0.005, 10088
0.005, 10087
0.005, 10086
0.005, 10085
0.005, 10084
0.005, 10083
0.005, 10082
0.005, 10081
0.005, 10080
0.005, 10079
0.005, 10078
0.005, 10077
0.005, 10076
0.005, 10075
0.005, 10074
0.005, 10073
0.005, 10072
0.005, 10071
0.005, 10070
0.005, 10069
0.005, 10068
0.005, 10067
0.005, 10066
0.005, 10065
0.005, 10064
0.005, 10063
0.005, 10062
0.005, 10061
0.005, 10060
0.005, 10059
0.005, 10058
0.005, 10057
0.005, 10056
0.005, 10055
0.005, 10054
0.005, 10053
0.005, 10052
0.005, 10051
0.005, 10050
0.005, 10049
0.005, 10048
0.005, 10047
0.005, 10046
0.005, 10045
0.005, 10044
0.005, 10043
0.005, 10042
0.005, 10041
0.005, 10040
0.005, 10039
0.005, 10038
0.005, 10037
0.005, 10036
0.005, 10035
0.005, 10034
0.005, 10033
0.005, 10032
0.005, 10031
0.005, 10030
0.005, 10029
0.005, 10028
0.005, 10027
0.005, 10026
0.005, 10025
0.005, 10024
0.005, 10023
0.005, 10022
0.005, 10021
0.005, 10020
0.005, 10019
0.005, 10018
0.005, 10017
0.005, 10016
0.005, 10015
0.005, 10014
0.005, 10013
0.005, 10012
0.005, 10011
0.005, 10010
0.005, 10009
0.005, 10008
0.005, 10007
0.005, 10006
0.005, 10005
0.005, 10004
0.005, 10003
0.005, 10002
0.005, 10001
0.005, 10000
0.005, 9999
0.005, 9998
0.005, 9997
0.005, 9996
0.005, 9995
0.005, 9994
0.005, 9993
0.005, 9992
0.005, 9991
0.005, 9990
0.005, 9989
0.005, 9988
0.005, 9987
0.005, 9986
0.005, 9985
0.005, 9984
0.005, 9983
0.005, 9982
0.005, 9981
0.005, 9980
0.005, 9979
0.005, 9978
0.005, 9977
0.005, 9976
0.005, 9975
0.005, 9974
0.005, 9973
0.005, 9972
0.005, 9971
0.005, 9970
0.005, 9969
0.005, 9968
0.005, 9967
0.005, 9966
0.005, 9965
0.005, 9964
0.005, 9963
0.005, 9962
0.005, 9961
0.005, 9960
0.005, 9959
0.005, 9958
0.005, 9957
0.005, 9956
0.005, 9955
0.005, 9954
0.005, 9953
0.005, 9952
0.005, 9951
0.005, 9950
0.005, 9949
0.005, 9948
0.005, 9947
0.005, 9946
0.005, 9945
0.005, 9944
0.005, 9943
0.005, 9942
0.005, 9941
0.005, 9940
0.005, 9939
0.005, 9938
0.005, 9937
0.005, 9936
0.005, 9935
0.005, 9934
0.005, 9933
0.005, 9932
0.005, 9931
0.005, 9930
0.005, 9929
0.005, 9928
0.005, 9927
0.005, 9926
0.005, 9925
0.005, 9924
0.005, 9923
0.005, 9922
0.005, 9921
0.005, 9920
0.005, 9919
0.005, 9918
0.005, 9917
0.005, 9916
0.005, 9915
0.005, 9914
0.005, 9913
0.005, 9912
0.005, 9911
0.005, 9910
0.005, 9909
0.005, 9908
0.005, 9907
0.005, 9906
0.005, 9905
0.005, 9904
0.005, 9903
0.005, 9902
0.005, 9901
0.005, 9900
0.005, 9899
0.005, 9898
0.005, 9897
0.005, 9896
0.005, 9895
0.005, 9894
0.005, 9893
0.005, 9892
0.005, 9891
0.005, 9890
0.005, 9889
0.005, 9888
0.005, 9887
0.005, 9886
0.005, 9885
0.005, 9884
0.005, 9883
0.005, 9882
0.005, 9881
0.005, 9880
0.005, 9879
0.005, 9878
0.005, 9877
0.005, 9876
0.005, 9875
0.005, 9874
0.005, 9873
0.005, 9872
0.005, 9871
0.005, 9870
0.005, 9869
0.005, 9868
0.005, 9867
0.005, 9866
0.005, 9865
0.005, 9864
0.005, 9863
0.005, 9862
0.005, 9861
0.005, 9860
0.005, 9859
0.005, 9858
0.005, 9857
0.005, 9856
0.005, 9855
0.005, 9854
0.005, 9853
0.005, 9852
0.005, 9851
0.005, 9850
0.005, 9849
0.005, 9848
0.005, 9847
0.005, 9846
0.005, 9845
0.005, 9844
0.005, 9843
0.005, 9842
0.005, 9841
0.005, 9840
0.005, 9839
0.005, 9838
0.005, 9837
0.005, 9836
0.005, 9835
0.005, 9834
0.005, 9833
0.005, 9832
0.005, 9831
0.005, 9830
0.005, 9829
0.005, 9828
0.005, 9827
0.005, 9826
0.005, 9825
0.005, 9824
0.005, 9823
0.005, 9822
0.005, 9821
0.005, 9820
0.005, 9819
0.005, 9818
0.005, 9817
0.005, 9816
0.005, 9815
0.005, 9814
0.005, 9813
0.005, 9812
0.005, 9811
0.005, 9810
0.005, 9809
0.005, 9808
0.005, 9807
0.006, 9806
0.006, 9805
0.006, 9804
0.006, 9803
0.006, 9802
0.006, 9801
0.006, 9800
0.006, 9799
0.006, 9798
0.006, 9797
0.006, 9796
0.006, 9795
0.006, 9794
0.006, 9793
0.006, 9792
0.006, 9791
0.006, 9790
0.006, 9789
0.006, 9788
0.006, 9787
0.006, 9786
0.006, 9785
0.006, 9784
0.006, 9783
0.006, 9782
0.006, 9781
0.006, 9780
0.006, 9779
0.006, 9778
0.006, 9777
0.006, 9776
0.006, 9775
0.006, 9774
0.006, 9773
0.006, 9772
0.006, 9771
0.006, 9770
0.006, 9769
0.006, 9768
0.006, 9767
0.006, 9766
0.006, 9765
0.006, 9764
0.006, 9763
0.006, 9762
0.006, 9761
0.006, 9760
0.006, 9759
0.006, 9758
0.006, 9757
0.006, 9756
0.006, 9755
0.006, 9754
0.006, 9753
0.006, 9752
0.006, 9751
0.006, 9750
0.006, 9749
0.006, 9748
0.006, 9747
0.006, 9746
0.006, 9745
0.006, 9744
0.006, 9743
0.006, 9742
0.006, 9741
0.006, 9740
0.006, 9739
0.006, 9738
0.006, 9737
0.006, 9736
0.006, 9735
0.006, 9734
0.006, 9733
0.006, 9732
0.006, 9731
0.006, 9730
0.006, 9729
0.006, 9728
0.006, 9727
0.006, 9726
0.006, 9725
0.006, 9724
0.006, 9723
0.006, 9722
0.006, 9721
0.006, 9720
0.006, 9719
0.006, 9718
0.006, 9717
0.006, 9716
0.006, 9715
0.006, 9714
0.006, 9713
0.006, 9712
0.006, 9711
0.006, 9710
0.006, 9709
0.006, 9708
0.006, 9707
0.006, 9706
0.006, 9705
0.006, 9704
0.006, 9703
0.006, 9702
0.006, 9701
0.006, 9700
0.006, 9699
0.006, 9698
0.006, 9697
0.006, 9696
0.006, 9695
0.006, 9694
0.006, 9693
0.006, 9692
0.006, 9691
0.006, 9690
0.006, 9689
0.006, 9688
0.006, 9687
0.006, 9686
0.006, 9685
0.006, 9684
0.006, 9683
0.006, 9682
0.006, 9681
0.006, 9680
0.006, 9679
0.006, 9678
0.006, 9677
0.006, 9676
0.006, 9675
0.006, 9674
0.006, 9673
0.006, 9672
0.006, 9671
0.006, 9670
0.006, 9669
0.006, 9668
0.006, 9667
0.006, 9666
0.006, 9665
0.006, 9664
0.006, 9663
0.006, 9662
0.006, 9661
0.006, 9660
0.006, 9659
0.006, 9658
0.006, 9657
0.006, 9656
0.006, 9655
0.006, 9654
0.006, 9653
0.006, 9652
0.006, 9651
0.006, 9650
0.006, 9649
0.006, 9648
0.006, 9647
0.006, 9646
0.006, 9645
0.006, 9644
0.006, 9643
0.006, 9642
0.006, 9641
0.006, 9640
0.006, 9639
0.006, 9638
0.006, 9637
0.006, 9636
0.006, 9635
0.006, 9634
0.006, 9633
0.006, 9632
0.006, 9631
0.006, 9630
0.006, 9629
0.006, 9628
0.006, 9627
0.006, 9626
0.006, 9625
0.006, 9624
0.006, 9623
0.006, 9622
0.006, 9621
0.006, 9620
0.006, 9619
0.006, 9618
0.006, 9617
0.006, 9616
0.006, 9615
0.006, 9614
0.006, 9613
0.006, 9612
0.006, 9611
0.006, 9610
0.006, 9609
0.006, 9608
0.006, 9607
0.006, 9606
0.006, 9605
0.006, 9604
0.006, 9603
0.006, 9602
0.006, 9601
0.006, 9600
0.006, 9599
0.006, 9598
0.006, 9597
0.006, 9596
0.006, 9595
0.006, 9594
0.006, 9593
0.006, 9592
0.006, 9591
0.006, 9590
0.006, 9589
0.006, 9588
0.006, 9587
0.006, 9586
0.006, 9585
0.006, 9584
0.006, 9583
0.006, 9582
0.006, 9581
0.006, 9580
0.006, 9579
0.006, 9578
0.006, 9577
0.006, 9576
0.006, 9575
0.006, 9574
0.006, 9573
0.006, 9572
0.006, 9571
0.006, 9570
0.006, 9569
0.006, 9568
0.006, 9567
0.006, 9566
0.006, 9565
0.006, 9564
0.006, 9563
0.006, 9562
0.006, 9561
0.006, 9560
0.006, 9559
0.006, 9558
0.006, 9557
0.006, 9556
0.006, 9555
0.006, 9554
0.006, 9553
0.006, 9552
0.006, 9551
0.006, 9550
0.006, 9549
0.006, 9548
0.006, 9547
0.006, 9546
0.006, 9545
0.006, 9544
0.006, 9543
0.006, 9542
0.006, 9541
0.006, 9540
0.006, 9539
0.006, 9538
0.006, 9537
0.006, 9536
0.006, 9535
0.006, 9534
0.006, 9533
0.006, 9532
0.006, 9531
0.006, 9530
0.006, 9529
0.006, 9528
0.006, 9527
0.006, 9526
0.006, 9525
0.006, 9524
0.006, 9523
0.006, 9522
0.006, 9521
0.006, 9520
0.006, 9519
0.006, 9518
0.006, 9517
0.006, 9516
0.006, 9515
0.006, 9514
0.006, 9513
0.006, 9512
0.007, 9511
0.007, 9510
0.007, 9509
0.007, 9508
0.007, 9507
0.007, 9506
0.007, 9505
0.007, 9504
0.007, 9503
0.007, 9502
0.007, 9501
0.007, 9500
0.007, 9499
0.007, 9498
0.007, 9497
0.007, 9496
0.007, 9495
0.007, 9494
0.007, 9493
0.007, 9492
0.007, 9491
0.007, 9490
0.007, 9489
0.007, 9488
0.007, 9487
0.007, 9486
0.007, 9485
0.007, 9484
0.007, 9483
0.007, 9482
0.007, 9481
0.007, 9480
0.007, 9479
0.007, 9478
0.007, 9477
0.007, 9476
0.007, 9475
0.007, 9474
0.007, 9473
0.007, 9472
0.007, 9471
0.007, 9470
0.007, 9469
0.007, 9468
0.007, 9467
0.007, 9466
0.007, 9465
0.007, 9464
0.007, 9463
0.007, 9462
0.007, 9461
0.007, 9460
0.007, 9459
0.007, 9458
0.007, 9457
0.007, 9456
0.007, 9455
0.007, 9454
0.007, 9453
0.007, 9452
0.007, 9451
0.007, 9450
0.007, 9449
0.007, 9448
0.007, 9447
0.007, 9446
0.007, 9445
0.007, 9444
0.007, 9443
0.007, 9442
0.007, 9441
0.007, 9440
0.007, 9439
0.007, 9438
0.007, 9437
0.007, 9436
0.007, 9435
0.007, 9434
0.007, 9433
0.007, 9432
0.007, 9431
0.007, 9430
0.007, 9429
0.007, 9428
0.007, 9427
0.007, 9426
0.007, 9425
0.007, 9424
0.007, 9423
0.007, 9422
0.007, 9421
0.007, 9420
0.007, 9419
0.007, 9418
0.007, 9417
0.007, 9416
0.007, 9415
0.007, 9414
0.007, 9413
0.007, 9412
0.007, 9411
0.007, 9410
0.007, 9409
0.007, 9408
0.007, 9407
0.007, 9406
0.007, 9405
0.007, 9404
0.007, 9403
0.007, 9402
0.007, 9401
0.007, 9400
0.007, 9399
0.007, 9398
0.007, 9397
0.007, 9396
0.007, 9395
0.007, 9394
0.007, 9393
0.007, 9392
0.007, 9391
0.007, 9390
0.007, 9389
0.007, 9388
0.007, 9387
0.007, 9386
0.007, 9385
0.007, 9384
0.007, 9383
0.007, 9382
0.007, 9381
0.007, 9380
0.007, 9379
0.007, 9378
0.007, 9377
0.007, 9376
0.007, 9375
0.007, 9374
0.007, 9373
0.007, 9372
0.007, 9371
0.007, 9370
0.007, 9369
0.007, 9368
0.007, 9367
0.007, 9366
0.007, 9365
0.007, 9364
0.007, 9363
0.007, 9362
0.007, 9361
0.007, 9360
0.007, 9359
0.007, 9358
0.007, 9357
0.007, 9356
0.007, 9355
0.007, 9354
0.007, 9353
0.007, 9352
0.007, 9351
0.007, 9350
0.007, 9349
0.007, 9348
0.007, 9347
0.007, 9346
0.007, 9345
0.007, 9344
0.007, 9343
0.007, 9342
0.007, 9341
0.007, 9340
0.007, 9339
0.007, 9338
0.007, 9337
0.007, 9336
0.007, 9335
0.007, 9334
0.007, 9333
0.007, 9332
0.007, 9331
0.007, 9330
0.007, 9329
0.007, 9328
0.007, 9327
0.007, 9326
0.007, 9325
0.007, 9324
0.007, 9323
0.007, 9322
0.007, 9321
0.007, 9320
0.007, 9319
0.007, 9318
0.007, 9317
0.007, 9316
0.007, 9315
0.007, 9314
0.007, 9313
0.007, 9312
0.007, 9311
0.007, 9310
0.007, 9309
0.007, 9308
0.007, 9307
0.007, 9306
0.007, 9305
0.007, 9304
0.007, 9303
0.007, 9302
0.007, 9301
0.007, 9300
0.007, 9299
0.007, 9298
0.007, 9297
0.007, 9296
0.007, 9295
0.007, 9294
0.007, 9293
0.007, 9292
0.007, 9291
0.007, 9290
0.007, 9289
0.007, 9288
0.007, 9287
0.007, 9286
0.007, 9285
0.007, 9284
0.007, 9283
0.007, 9282
0.007, 9281
0.007, 9280
0.007, 9279
0.007, 9278
0.007, 9277
0.007, 9276
0.007, 9275
0.007, 9274
0.007, 9273
0.007, 9272
0.007, 9271
0.007, 9270
0.007, 9269
0.007, 9268
0.007, 9267
0.007, 9266
0.007, 9265
0.007, 9264
0.007, 9263
0.007, 9262
0.007, 9261
0.007, 9260
0.007, 9259
0.007, 9258
0.007, 9257
0.007, 9256
0.007, 9255
0.007, 9254
0.007, 9253
0.007, 9252
0.007, 9251
0.007, 9250
0.007, 9249
0.007, 9248
0.007, 9247
0.007, 9246
0.007, 9245
0.007, 9244
0.007, 9243
0.007, 9242
0.007, 9241
0.007, 9240
0.007, 9239
0.007, 9238
0.007, 9237
0.007, 9236
0.007, 9235
0.007, 9234
0.007, 9233
0.007, 9232
0.007, 9231
0.007, 9230
0.007, 9229
0.007, 9228
0.007, 9227
0.007, 9226
0.007, 9225
0.007, 9224
0.007, 9223
0.007, 9222
0.007, 9221
0.007, 9220
0.007, 9219
0.007, 9218
0.007, 9217
0.007, 9216
0.007, 9215
0.007, 9214
0.007, 9213
0.007, 9212
0.007, 9211
0.007, 9210
0.007, 9209
0.007, 9208
0.007, 9207
0.007, 9206
0.007, 9205
0.007, 9204
0.007, 9203
0.007, 9202
0.007, 9201
0.007, 9200
0.007, 9199
0.007, 9198
0.007, 9197
0.007, 9196
0.007, 9195
0.007, 9194
0.007, 9193
0.007, 9192
0.007, 9191
0.007, 9190
0.007, 9189
0.007, 9188
0.007, 9187
0.007, 9186
0.007, 9185
0.007, 9184
0.007, 9183
0.007, 9182
0.007, 9181
0.007, 9180
0.007, 9179
0.007, 9178
0.007, 9177
0.007, 9176
0.007, 9175
0.007, 9174
0.007, 9173
0.007, 9172
0.007, 9171
0.007, 9170
0.007, 9169
0.007, 9168
0.007, 9167
0.007, 9166
0.007, 9165
0.007, 9164
0.007, 9163
0.007, 9162
0.007, 9161
0.007, 9160
0.007, 9159
0.007, 9158
0.007, 9157
0.007, 9156
0.007, 9155
0.007, 9154
0.007, 9153
0.007, 9152
0.007, 9151
0.007, 9150
0.007, 9149
0.007, 9148
0.007, 9147
0.007, 9146
0.007, 9145
0.007, 9144
0.007, 9143
0.007, 9142
0.007, 9141
0.007, 9140
0.007, 9139
0.007, 9138
0.007, 9137
0.007, 9136
0.007, 9135
0.007, 9134
0.007, 9133
0.007, 9132
0.007, 9131
0.007, 9130
0.007, 9129
0.007, 9128
0.007, 9127
0.007, 9126
0.007, 9125
0.007, 9124
0.007, 9123
0.007, 9122
0.007, 9121
0.007, 9120
0.007, 9119
0.007, 9118
0.007, 9117
0.007, 9116
0.007, 9115
0.007, 9114
0.007, 9113
0.007, 9112
0.007, 9111
0.007, 9110
0.007, 9109
0.007, 9108
0.007, 9107
0.007, 9106
0.007, 9105
0.007, 9104
0.007, 9103
0.007, 9102
0.007, 9101
0.007, 9100
0.007, 9099
0.007, 9098
0.007, 9097
0.007, 9096
0.007, 9095
0.007, 9094
0.007, 9093
0.007, 9092
0.007, 9091
0.007, 9090
0.007, 9089
0.007, 9088
0.007, 9087
0.007, 9086
0.007, 9085
0.007, 9084
0.007, 9083
0.007, 9082
0.007, 9081
0.007, 9080
0.007, 9079
0.007, 9078
0.008, 9077
0.008, 9076
0.008, 9075
0.008, 9074
0.008, 9073
0.008, 9072
0.008, 9071
0.008, 9070
0.008, 9069
0.008, 9068
0.008, 9067
0.008, 9066
0.008, 9065
0.008, 9064
0.008, 9063
0.008, 9062
0.008, 9061
0.008, 9060
0.008, 9059
0.008, 9058
0.008, 9057
0.008, 9056
0.008, 9055
0.008, 9054
0.008, 9053
0.008, 9052
0.008, 9051
0.008, 9050
0.008, 9049
0.008, 9048
0.008, 9047
0.008, 9046
0.008, 9045
0.008, 9044
0.008, 9043
0.008, 9042
0.008, 9041
0.008, 9040
0.008, 9039
0.008, 9038
0.008, 9037
0.008, 9036
0.008, 9035
0.008, 9034
0.008, 9033
0.008, 9032
0.008, 9031
0.008, 9030
0.008, 9029
0.008, 9028
0.008, 9027
0.008, 9026
0.008, 9025
0.008, 9024
0.008, 9023
0.008, 9022
0.008, 9021
0.008, 9020
0.008, 9019
0.008, 9018
0.008, 9017
0.008, 9016
0.008, 9015
0.008, 9014
0.008, 9013
0.008, 9012
0.008, 9011
0.008, 9010
0.008, 9009
0.008, 9008
0.008, 9007
0.008, 9006
0.008, 9005
0.008, 9004
0.008, 9003
0.008, 9002
0.008, 9001
0.008, 9000
0.008, 8999
0.008, 8998
0.008, 8997
0.008, 8996
0.008, 8995
0.008, 8994
0.008, 8993
0.008, 8992
0.008, 8991
0.008, 8990
0.008, 8989
0.008, 8988
0.008, 8987
0.008, 8986
0.008, 8985
0.008, 8984
0.008, 8983
0.008, 8982
0.008, 8981
0.008, 8980
0.008, 8979
0.008, 8978
0.008, 8977
0.008, 8976
0.008, 8975
0.008, 8974
0.008, 8973
0.008, 8972
0.008, 8971
0.008, 8970
0.008, 8969
0.008, 8968
0.008, 8967
0.008, 8966
0.008, 8965
0.008, 8964
0.008, 8963
0.008, 8962
0.008, 8961
0.008, 8960
0.008, 8959
0.008, 8958
0.008, 8957
0.008, 8956
0.008, 8955
0.008, 8954
0.008, 8953
0.008, 8952
0.008, 8951
0.008, 8950
0.008, 8949
0.008, 8948
0.008, 8947
0.008, 8946
0.008, 8945
0.008, 8944
0.008, 8943
0.008, 8942
0.008, 8941
0.008, 8940
0.008, 8939
0.008, 8938
0.008, 8937
0.008, 8936
0.008, 8935
0.008, 8934
0.008, 8933
0.008, 8932
0.008, 8931
0.008, 8930
0.008, 8929
0.008, 8928
0.008, 8927
0.008, 8926
0.008, 8925
0.008, 8924
0.008, 8923
0.008, 8922
0.008, 8921
0.008, 8920
0.008, 8919
0.008, 8918
0.008, 8917
0.008, 8916
0.008, 8915
0.008, 8914
0.008, 8913
0.008, 8912
0.008, 8911
0.008, 8910
0.008, 8909
0.008, 8908
0.008, 8907
0.008, 8906
0.008, 8905
0.008, 8904
0.008, 8903
0.008, 8902
0.008, 8901
0.008, 8900
0.008, 8899
0.008, 8898
0.008, 8897
0.008, 8896
0.008, 8895
0.008, 8894
0.008, 8893
0.008, 8892
0.008, 8891
0.008, 8890
0.008, 8889
0.008, 8888
0.008, 8887
0.008, 8886
0.008, 8885
0.008, 8884
0.008, 8883
0.008, 8882
0.008, 8881
0.008, 8880
0.008, 8879
0.008, 8878
0.008, 8877
0.008, 8876
0.008, 8875
0.008, 8874
0.008, 8873
0.008, 8872
0.008, 8871
0.008, 8870
0.008, 8869
0.008, 8868
0.008, 8867
0.008, 8866
0.008, 8865
0.008, 8864
0.008, 8863
0.008, 8862
0.008, 8861
0.008, 8860
0.008, 8859
0.008, 8858
0.008, 8857
0.008, 8856
0.008, 8855
0.008, 8854
0.008, 8853
0.008, 8852
0.008, 8851
0.008, 8850
0.008, 8849
0.008, 8848
0.008, 8847
0.008, 8846
0.008, 8845
0.008, 8844
0.008, 8843
0.008, 8842
0.008, 8841
0.008, 8840
0.008, 8839
0.008, 8838
0.008, 8837
0.008, 8836
0.008, 8835
0.008, 8834
0.008, 8833
0.008, 8832
0.008, 8831
0.008, 8830
0.008, 8829
0.008, 8828
0.008, 8827
0.008, 8826
0.008, 8825
0.008, 8824
0.008, 8823
0.008, 8822
0.008, 8821
0.008, 8820
0.008, 8819
0.008, 8818
0.008, 8817
0.008, 8816
0.008, 8815
0.008, 8814
0.008, 8813
0.008, 8812
0.008, 8811
0.008, 8810
0.008, 8809
0.008, 8808
0.008, 8807
0.008, 8806
0.008, 8805
0.008, 8804
0.008, 8803
0.008, 8802
0.008, 8801
0.008, 8800
0.008, 8799
0.008, 8798
0.008, 8797
0.008, 8796
0.008, 8795
0.008, 8794
0.008, 8793
0.008, 8792
0.008, 8791
0.008, 8790
0.008, 8789
0.008, 8788
0.008, 8787
0.008, 8786
0.009, 8785
0.009, 8784
0.009, 8783
0.009, 8782
0.009, 8781
0.009, 8780
0.009, 8779
0.009, 8778
0.009, 8777
0.009, 8776
0.009, 8775
0.009, 8774
0.009, 8773
0.009, 8772
0.009, 8771
0.009, 8770
0.009, 8769
0.009, 8768
0.009, 8767
0.009, 8766
0.009, 8765
0.009, 8764
0.009, 8763
0.009, 8762
0.009, 8761
0.009, 8760
0.009, 8759
0.009, 8758
0.009, 8757
0.009, 8756
0.009, 8755
0.009, 8754
0.009, 8753
0.009, 8752
0.009, 8751
0.009, 8750
0.009, 8749
0.009, 8748
0.009, 8747
0.009, 8746
0.009, 8745
0.009, 8744
0.009, 8743
0.009, 8742
0.009, 8741
0.009, 8740
0.009, 8739
0.009, 8738
0.009, 8737
0.009, 8736
0.009, 8735
0.009, 8734
0.009, 8733
0.009, 8732
0.009, 8731
0.009, 8730
0.009, 8729
0.009, 8728
0.009, 8727
0.009, 8726
0.009, 8725
0.009, 8724
0.009, 8723
0.009, 8722
0.009, 8721
0.009, 8720
0.009, 8719
0.009, 8718
0.009, 8717
0.009, 8716
0.009, 8715
0.009, 8714
0.009, 8713
0.009, 8712
0.009, 8711
0.009, 8710
0.009, 8709
0.009, 8708
0.009, 8707
0.009, 8706
0.009, 8705
0.009, 8704
0.009, 8703
0.009, 8702
0.009, 8701
0.009, 8700
0.009, 8699
0.009, 8698
0.009, 8697
0.009, 8696
0.009, 8695
0.009, 8694
0.009, 8693
0.009, 8692
0.009, 8691
0.009, 8690
0.009, 8689
0.009, 8688
0.009, 8687
0.009, 8686
0.009, 8685
0.009, 8684
0.009, 8683
0.009, 8682
0.009, 8681
0.009, 8680
0.009, 8679
0.009, 8678
0.009, 8677
0.009, 8676
0.009, 8675
0.009, 8674
0.009, 8673
0.009, 8672
0.009, 8671
0.009, 8670
0.009, 8669
0.009, 8668
0.009, 8667
0.009, 8666
0.009, 8665
0.009, 8664
0.009, 8663
0.009, 8662
0.009, 8661
0.009, 8660
0.009, 8659
0.009, 8658
0.009, 8657
0.009, 8656
0.009, 8655
0.009, 8654
0.009, 8653
0.009, 8652
0.009, 8651
0.009, 8650
0.009, 8649
0.009, 8648
0.009, 8647
0.009, 8646
0.009, 8645
0.009, 8644
0.009, 8643
0.009, 8642
0.009, 8641
0.009, 8640
0.009, 8639
0.009, 8638
0.009, 8637
0.009, 8636
0.009, 8635
0.009, 8634
0.009, 8633
0.009, 8632
0.009, 8631
0.009, 8630
0.009, 8629
0.009, 8628
0.009, 8627
0.009, 8626
0.009, 8625
0.009, 8624
0.009, 8623
0.009, 8622
0.009, 8621
0.009, 8620
0.009, 8619
0.009, 8618
0.009, 8617
0.009, 8616
0.009, 8615
0.009, 8614
0.009, 8613
0.009, 8612
0.009, 8611
0.009, 8610
0.009, 8609
0.009, 8608
0.009, 8607
0.009, 8606
0.009, 8605
0.009, 8604
0.009, 8603
0.009, 8602
0.009, 8601
0.009, 8600
0.009, 8599
0.009, 8598
0.009, 8597
0.009, 8596
0.009, 8595
0.009, 8594
0.009, 8593
0.009, 8592
0.009, 8591
0.009, 8590
0.009, 8589
0.009, 8588
0.009, 8587
0.009, 8586
0.009, 8585
0.009, 8584
0.009, 8583
0.009, 8582
0.009, 8581
0.009, 8580
0.009, 8579
0.009, 8578
0.009, 8577
0.009, 8576
0.009, 8575
0.009, 8574
0.009, 8573
0.009, 8572
0.009, 8571
0.009, 8570
0.009, 8569
0.009, 8568
0.009, 8567
0.009, 8566
0.009, 8565
0.009, 8564
0.009, 8563
0.009, 8562
0.009, 8561
0.009, 8560
0.009, 8559
0.009, 8558
0.009, 8557
0.009, 8556
0.009, 8555
0.009, 8554
0.009, 8553
0.009, 8552
0.009, 8551
0.009, 8550
0.009, 8549
0.009, 8548
0.009, 8547
0.009, 8546
0.009, 8545
0.009, 8544
0.009, 8543
0.009, 8542
0.009, 8541
0.009, 8540
0.009, 8539
0.009, 8538
0.009, 8537
0.009, 8536
0.009, 8535
0.009, 8534
0.009, 8533
0.009, 8532
0.009, 8531
0.009, 8530
0.009, 8529
0.009, 8528
0.009, 8527
0.009, 8526
0.009, 8525
0.009, 8524
0.009, 8523
0.009, 8522
0.009, 8521
0.009, 8520
0.009, 8519
0.009, 8518
0.009, 8517
0.009, 8516
0.009, 8515
0.009, 8514
0.009, 8513
0.009, 8512
0.009, 8511
0.009, 8510
0.009, 8509
0.009, 8508
0.009, 8507
0.009, 8506
0.009, 8505
0.009, 8504
0.009, 8503
0.009, 8502
0.009, 8501
0.009, 8500
0.009, 8499
0.009, 8498
0.009, 8497
0.009, 8496
0.009, 8495
0.009, 8494
0.009, 8493
0.009, 8492
0.009, 8491
0.009, 8490
0.009, 8489
0.009, 8488
0.009, 8487
0.009, 8486
0.009, 8485
0.009, 8484
0.009, 8483
0.009, 8482
0.009, 8481
0.009, 8480
0.009, 8479
0.009, 8478
0.009, 8477
0.009, 8476
0.009, 8475
0.009, 8474
0.009, 8473
0.009, 8472
0.009, 8471
0.009, 8470
0.009, 8469
0.009, 8468
0.009, 8467
0.009, 8466
0.009, 8465
0.009, 8464
0.009, 8463
0.009, 8462
0.009, 8461
0.009, 8460
0.009, 8459
0.009, 8458
0.009, 8457
0.009, 8456
0.009, 8455
0.009, 8454
0.009, 8453
0.009, 8452
0.009, 8451
0.009, 8450
0.009, 8449
0.009, 8448
0.009, 8447
0.009, 8446
0.009, 8445
0.009, 8444
0.009, 8443
0.009, 8442
0.009, 8441
0.009, 8440
0.009, 8439
0.009, 8438
0.009, 8437
0.009, 8436
0.009, 8435
0.009, 8434
0.009, 8433
0.009, 8432
0.009, 8431
0.009, 8430
0.009, 8429
0.009, 8428
0.009, 8427
0.009, 8426
0.009, 8425
0.009, 8424
0.009, 8423
0.009, 8422
0.009, 8421
0.009, 8420
0.009, 8419
0.009, 8418
0.009, 8417
0.009, 8416
0.009, 8415
0.009, 8414
0.009, 8413
0.009, 8412
0.009, 8411
0.009, 8410
0.009, 8409
0.009, 8408
0.009, 8407
0.009, 8406
0.009, 8405
0.009, 8404
0.009, 8403
0.009, 8402
0.009, 8401
0.009, 8400
0.009, 8399
0.009, 8398
0.009, 8397
0.009, 8396
0.009, 8395
0.009, 8394
0.009, 8393
0.009, 8392
0.009, 8391
0.009, 8390
0.009, 8389
0.009, 8388
0.009, 8387
0.009, 8386
0.010, 8385
0.010, 8384
0.010, 8383
0.010, 8382
0.010, 8381
0.010, 8380
0.010, 8379
0.010, 8378
0.010, 8377
0.010, 8376
0.010, 8375
0.010, 8374
0.010, 8373
0.010, 8372
0.010, 8371
0.010, 8370
0.010, 8369
0.010, 8368
0.010, 8367
0.010, 8366
0.010, 8365
0.010, 8364
0.010, 8363
0.010, 8362
0.010, 8361
0.010, 8360
0.010, 8359
0.010, 8358
0.010, 8357
0.010, 8356
0.010, 8355
0.010, 8354
0.010, 8353
0.010, 8352
0.010, 8351
0.010, 8350
0.010, 8349
0.010, 8348
0.010, 8347
0.010, 8346
0.010, 8345
0.010, 8344
0.010, 8343
0.010, 8342
0.010, 8341
0.010, 8340
0.010, 8339
0.010, 8338
0.010, 8337
0.010, 8336
0.010, 8335
0.010, 8334
0.010, 8333
0.010, 8332
0.010, 8331
0.010, 8330
0.010, 8329
0.010, 8328
0.010, 8327
0.010, 8326
0.010, 8325
0.010, 8324
0.010, 8323
0.010, 8322
0.010, 8321
0.010, 8320
0.010, 8319
0.010, 8318
0.010, 8317
0.010, 8316
0.010, 8315
0.010, 8314
0.010, 8313
0.010, 8312
0.010, 8311
0.010, 8310
0.010, 8309
0.010, 8308
0.010, 8307
0.010, 8306
0.010, 8305
0.010, 8304
0.010, 8303
0.010, 8302
0.010, 8301
0.010, 8300
0.010, 8299
0.010, 8298
0.010, 8297
0.010, 8296
0.010, 8295
0.010, 8294
0.010, 8293
0.010, 8292
0.010, 8291
0.010, 8290
0.010, 8289
0.010, 8288
0.010, 8287
0.010, 8286
0.010, 8285
0.010, 8284
0.010, 8283
0.010, 8282
0.010, 8281
0.010, 8280
0.010, 8279
0.010, 8278
0.010, 8277
0.010, 8276
0.010, 8275
0.010, 8274
0.010, 8273
0.010, 8272
0.010, 8271
0.010, 8270
0.010, 8269
0.010, 8268
0.010, 8267
0.010, 8266
0.010, 8265
0.010, 8264
0.010, 8263
0.010, 8262
0.010, 8261
0.010, 8260
0.010, 8259
0.010, 8258
0.010, 8257
0.010, 8256
0.010, 8255
0.010, 8254
0.010, 8253
0.010, 8252
0.010, 8251
0.010, 8250
0.010, 8249
0.010, 8248
0.010, 8247
0.011, 8246
0.011, 8245
0.011, 8244
0.011, 8243
0.011, 8242
0.011, 8241
0.011, 8240
0.011, 8239
0.011, 8238
0.011, 8237
0.011, 8236
0.011, 8235
0.011, 8234
0.011, 8233
0.011, 8232
0.011, 8231
0.011, 8230
0.011, 8229
0.011, 8228
0.011, 8227
0.011, 8226
0.011, 8225
0.011, 8224
0.011, 8223
0.011, 8222
0.011, 8221
0.011, 8220
0.011, 8219
0.011, 8218
0.011, 8217
0.011, 8216
0.011, 8215
0.011, 8214
0.011, 8213
0.011, 8212
0.011, 8211
0.011, 8210
0.011, 8209
0.011, 8208
0.011, 8207
0.011, 8206
0.011, 8205
0.011, 8204
0.011, 8203
0.011, 8202
0.011, 8201
0.011, 8200
0.011, 8199
0.011, 8198
0.011, 8197
0.011, 8196
0.011, 8195
0.011, 8194
0.011, 8193
0.011, 8192
0.011, 8191
0.011, 8190
0.011, 8189
0.011, 8188
0.011, 8187
0.011, 8186
0.011, 8185
0.011, 8184
0.011, 8183
0.011, 8182
0.011, 8181
0.011, 8180
0.011, 8179
0.011, 8178
0.011, 8177
0.011, 8176
0.011, 8175
0.011, 8174
0.011, 8173
0.011, 8172
0.011, 8171
0.011, 8170
0.011, 8169
0.011, 8168
0.011, 8167
0.011, 8166
0.011, 8165
0.011, 8164
0.011, 8163
0.011, 8162
0.011, 8161
0.011, 8160
0.011, 8159
0.011, 8158
0.011, 8157
0.011, 8156
0.011, 8155
0.011, 8154
0.011, 8153
0.011, 8152
0.011, 8151
0.011, 8150
0.011, 8149
0.011, 8148
0.011, 8147
0.011, 8146
0.011, 8145
0.011, 8144
0.011, 8143
0.011, 8142
0.011, 8141
0.011, 8140
0.011, 8139
0.011, 8138
0.011, 8137
0.011, 8136
0.011, 8135
0.011, 8134
0.011, 8133
0.011, 8132
0.011, 8131
0.011, 8130
0.011, 8129
0.011, 8128
0.011, 8127
0.011, 8126
0.011, 8125
0.011, 8124
0.011, 8123
0.011, 8122
0.011, 8121
0.011, 8120
0.011, 8119
0.011, 8118
0.011, 8117
0.011, 8116
0.011, 8115
0.011, 8114
0.011, 8113
0.011, 8112
0.011, 8111
0.011, 8110
0.011, 8109
0.011, 8108
0.011, 8107
0.011, 8106
0.011, 8105
0.011, 8104
0.011, 8103
0.011, 8102
0.011, 8101
0.011, 8100
0.011, 8099
0.011, 8098
0.011, 8097
0.011, 8096
0.011, 8095
0.011, 8094
0.011, 8093
0.011, 8092
0.011, 8091
0.011, 8090
0.011, 8089
0.011, 8088
0.011, 8087
0.011, 8086
0.011, 8085
0.011, 8084
0.011, 8083
0.011, 8082
0.011, 8081
0.011, 8080
0.011, 8079
0.011, 8078
0.011, 8077
0.011, 8076
0.011, 8075
0.011, 8074
0.011, 8073
0.011, 8072
0.011, 8071
0.011, 8070
0.011, 8069
0.011, 8068
0.011, 8067
0.011, 8066
0.011, 8065
0.011, 8064
0.011, 8063
0.011, 8062
0.011, 8061
0.011, 8060
0.011, 8059
0.011, 8058
0.011, 8057
0.011, 8056
0.011, 8055
0.011, 8054
0.011, 8053
0.011, 8052
0.011, 8051
0.011, 8050
0.011, 8049
0.011, 8048
0.011, 8047
0.011, 8046
0.011, 8045
0.011, 8044
0.011, 8043
0.011, 8042
0.011, 8041
0.011, 8040
0.011, 8039
0.011, 8038
0.011, 8037
0.011, 8036
0.011, 8035
0.011, 8034
0.011, 8033
0.011, 8032
0.011, 8031
0.011, 8030
0.011, 8029
0.011, 8028
0.011, 8027
0.011, 8026
0.011, 8025
0.011, 8024
0.011, 8023
0.011, 8022
0.011, 8021
0.011, 8020
0.011, 8019
0.011, 8018
0.011, 8017
0.011, 8016
0.011, 8015
0.011, 8014
0.011, 8013
0.011, 8012
0.011, 8011
0.011, 8010
0.011, 8009
0.011, 8008
0.011, 8007
0.011, 8006
0.011, 8005
0.011, 8004
0.011, 8003
0.011, 8002
0.011, 8001
0.011, 8000
0.011, 7999
0.011, 7998
0.011, 7997
0.011, 7996
0.011, 7995
0.011, 7994
0.011, 7993
0.011, 7992
0.011, 7991
0.011, 7990
0.011, 7989
0.011, 7988
0.011, 7987
0.011, 7986
0.011, 7985
0.011, 7984
0.011, 7983
0.011, 7982
0.011, 7981
0.011, 7980
0.011, 7979
0.011, 7978
0.011, 7977
0.011, 7976
0.011, 7975
0.011, 7974
0.011, 7973
0.011, 7972
0.011, 7971
0.011, 7970
0.011, 7969
0.011, 7968
0.011, 7967
0.011, 7966
0.011, 7965
0.011, 7964
0.011, 7963
0.011, 7962
0.011, 7961
0.011, 7960
0.011, 7959
0.011, 7958
0.011, 7957
0.011, 7956
0.011, 7955
0.011, 7954
0.011, 7953
0.011, 7952
0.011, 7951
0.011, 7950
0.011, 7949
0.011, 7948
0.011, 7947
0.011, 7946
0.011, 7945
0.011, 7944
0.011, 7943
0.011, 7942
0.011, 7941
0.011, 7940
0.011, 7939
0.011, 7938
0.011, 7937
0.011, 7936
0.011, 7935
0.011, 7934
0.011, 7933
0.011, 7932
0.011, 7931
0.011, 7930
0.011, 7929
0.011, 7928
0.011, 7927
0.011, 7926
0.011, 7925
0.011, 7924
0.011, 7923
0.012, 7922
0.012, 7921
0.012, 7920
0.012, 7919
0.012, 7918
0.012, 7917
0.012, 7916
0.012, 7915
0.012, 7914
0.012, 7913
0.012, 7912
0.012, 7911
0.012, 7910
0.012, 7909
0.012, 7908
0.012, 7907
0.012, 7906
0.012, 7905
0.012, 7904
0.012, 7903
0.012, 7902
0.012, 7901
0.012, 7900
0.012, 7899
0.012, 7898
0.012, 7897
0.012, 7896
0.012, 7895
0.012, 7894
0.012, 7893
0.012, 7892
0.012, 7891
0.012, 7890
0.012, 7889
0.012, 7888
0.012, 7887
0.012, 7886
0.012, 7885
0.012, 7884
0.012, 7883
0.012, 7882
0.012, 7881
0.012, 7880
0.012, 7879
0.012, 7878
0.012, 7877
0.012, 7876
0.012, 7875
0.012, 7874
0.012, 7873
0.012, 7872
0.012, 7871
0.012, 7870
0.012, 7869
0.012, 7868
0.012, 7867
0.012, 7866
0.012, 7865
0.012, 7864
0.012, 7863
0.012, 7862
0.012, 7861
0.012, 7860
0.012, 7859
0.012, 7858
0.012, 7857
0.012, 7856
0.012, 7855
0.012, 7854
0.012, 7853
0.012, 7852
0.012, 7851
0.012, 7850
0.012, 7849
0.012, 7848
0.012, 7847
0.012, 7846
0.012, 7845
0.012, 7844
0.012, 7843
0.012, 7842
0.012, 7841
0.012, 7840
0.012, 7839
0.012, 7838
0.012, 7837
0.012, 7836
0.012, 7835
0.012, 7834
0.012, 7833
0.012, 7832
0.012, 7831
0.012, 7830
0.012, 7829
0.012, 7828
0.012, 7827
0.012, 7826
0.012, 7825
0.012, 7824
0.012, 7823
0.012, 7822
0.012, 7821
0.012, 7820
0.012, 7819
0.012, 7818
0.012, 7817
0.012, 7816
0.012, 7815
0.012, 7814
0.012, 7813
0.012, 7812
0.012, 7811
0.012, 7810
0.012, 7809
0.012, 7808
0.012, 7807
0.012, 7806
0.012, 7805
0.012, 7804
0.012, 7803
0.012, 7802
0.012, 7801
0.012, 7800
0.012, 7799
0.012, 7798
0.012, 7797
0.012, 7796
0.012, 7795
0.012, 7794
0.012, 7793
0.012, 7792
0.012, 7791
0.012, 7790
0.012, 7789
0.012, 7788
0.012, 7787
0.012, 7786
0.012, 7785
0.012, 7784
0.012, 7783
0.012, 7782
0.012, 7781
0.012, 7780
0.012, 7779
0.012, 7778
0.012, 7777
0.012, 7776
0.012, 7775
0.012, 7774
0.012, 7773
0.012, 7772
0.012, 7771
0.012, 7770
0.012, 7769
0.012, 7768
0.012, 7767
0.012, 7766
0.012, 7765
0.012, 7764
0.012, 7763
0.012, 7762
0.012, 7761
0.012, 7760
0.012, 7759
0.012, 7758
0.012, 7757
0.012, 7756
0.012, 7755
0.012, 7754
0.012, 7753
0.012, 7752
0.012, 7751
0.012, 7750
0.012, 7749
0.012, 7748
0.012, 7747
0.012, 7746
0.012, 7745
0.012, 7744
0.012, 7743
0.012, 7742
0.012, 7741
0.012, 7740
0.012, 7739
0.012, 7738
0.012, 7737
0.012, 7736
0.012, 7735
0.012, 7734
0.012, 7733
0.012, 7732
0.012, 7731
0.012, 7730
0.012, 7729
0.012, 7728
0.012, 7727
0.012, 7726
0.012, 7725
0.012, 7724
0.012, 7723
0.012, 7722
0.012, 7721
0.012, 7720
0.012, 7719
0.012, 7718
0.012, 7717
0.012, 7716
0.012, 7715
0.012, 7714
0.012, 7713
0.012, 7712
0.012, 7711
0.012, 7710
0.012, 7709
0.012, 7708
0.012, 7707
0.012, 7706
0.012, 7705
0.012, 7704
0.012, 7703
0.012, 7702
0.012, 7701
0.012, 7700
0.012, 7699
0.012, 7698
0.012, 7697
0.012, 7696
0.012, 7695
0.012, 7694
0.012, 7693
0.012, 7692
0.012, 7691
0.012, 7690
0.012, 7689
0.012, 7688
0.012, 7687
0.012, 7686
0.012, 7685
0.012, 7684
0.012, 7683
0.012, 7682
0.012, 7681
0.012, 7680
0.012, 7679
0.012, 7678
0.013, 7677
0.013, 7676
0.013, 7675
0.013, 7674
0.013, 7673
0.013, 7672
0.013, 7671
0.013, 7670
0.013, 7669
0.013, 7668
0.013, 7667
0.013, 7666
0.013, 7665
0.013, 7664
0.013, 7663
0.013, 7662
0.013, 7661
0.013, 7660
0.013, 7659
0.013, 7658
0.013, 7657
0.013, 7656
0.013, 7655
0.013, 7654
0.013, 7653
0.013, 7652
0.013, 7651
0.013, 7650
0.013, 7649
0.013, 7648
0.013, 7647
0.013, 7646
0.013, 7645
0.013, 7644
0.013, 7643
0.013, 7642
0.013, 7641
0.013, 7640
0.013, 7639
0.013, 7638
0.013, 7637
0.013, 7636
0.013, 7635
0.013, 7634
0.013, 7633
0.013, 7632
0.013, 7631
0.013, 7630
0.013, 7629
0.013, 7628
0.013, 7627
0.013, 7626
0.013, 7625
0.013, 7624
0.013, 7623
0.013, 7622
0.013, 7621
0.013, 7620
0.013, 7619
0.013, 7618
0.013, 7617
0.013, 7616
0.013, 7615
0.013, 7614
0.013, 7613
0.013, 7612
0.013, 7611
0.013, 7610
0.013, 7609
0.013, 7608
0.013, 7607
0.013, 7606
0.013, 7605
0.013, 7604
0.013, 7603
0.013, 7602
0.013, 7601
0.013, 7600
0.013, 7599
0.013, 7598
0.013, 7597
0.013, 7596
0.013, 7595
0.013, 7594
0.013, 7593
0.013, 7592
0.013, 7591
0.013, 7590
0.013, 7589
0.013, 7588
0.013, 7587
0.013, 7586
0.013, 7585
0.013, 7584
0.013, 7583
0.013, 7582
0.013, 7581
0.013, 7580
0.013, 7579
0.013, 7578
0.013, 7577
0.013, 7576
0.013, 7575
0.013, 7574
0.013, 7573
0.013, 7572
0.013, 7571
0.013, 7570
0.013, 7569
0.013, 7568
0.013, 7567
0.013, 7566
0.013, 7565
0.013, 7564
0.013, 7563
0.013, 7562
0.013, 7561
0.013, 7560
0.013, 7559
0.013, 7558
0.013, 7557
0.013, 7556
0.013, 7555
0.013, 7554
0.013, 7553
0.013, 7552
0.013, 7551
0.013, 7550
0.013, 7549
0.013, 7548
0.013, 7547
0.013, 7546
0.013, 7545
0.013, 7544
0.013, 7543
0.013, 7542
0.013, 7541
0.013, 7540
0.013, 7539
0.013, 7538
0.013, 7537
0.013, 7536
0.013, 7535
0.013, 7534
0.013, 7533
0.013, 7532
0.013, 7531
0.013, 7530
0.013, 7529
0.013, 7528
0.013, 7527
0.013, 7526
0.013, 7525
0.013, 7524
0.013, 7523
0.013, 7522
0.013, 7521
0.013, 7520
0.013, 7519
0.013, 7518
0.013, 7517
0.013, 7516
0.013, 7515
0.013, 7514
0.013, 7513
0.013, 7512
0.013, 7511
0.013, 7510
0.013, 7509
0.013, 7508
0.013, 7507
0.013, 7506
0.013, 7505
0.013, 7504
0.013, 7503
0.013, 7502
0.013, 7501
0.013, 7500
0.013, 7499
0.013, 7498
0.013, 7497
0.013, 7496
0.013, 7495
0.013, 7494
0.013, 7493
0.013, 7492
0.013, 7491
0.013, 7490
0.013, 7489
0.013, 7488
0.013, 7487
0.013, 7486
0.013, 7485
0.013, 7484
0.013, 7483
0.013, 7482
0.013, 7481
0.013, 7480
0.013, 7479
0.013, 7478
0.013, 7477
0.013, 7476
0.013, 7475
0.013, 7474
0.013, 7473
0.013, 7472
0.013, 7471
0.013, 7470
0.013, 7469
0.014, 7468
0.014, 7467
0.014, 7466
0.014, 7465
0.014, 7464
0.014, 7463
0.014, 7462
0.014, 7461
0.014, 7460
0.014, 7459
0.014, 7458
0.014, 7457
0.014, 7456
0.014, 7455
0.014, 7454
0.014, 7453
0.014, 7452
0.014, 7451
0.014, 7450
0.014, 7449
0.014, 7448
0.014, 7447
0.014, 7446
0.014, 7445
0.014, 7444
0.014, 7443
0.014, 7442
0.014, 7441
0.014, 7440
0.014, 7439
0.014, 7438
0.014, 7437
0.014, 7436
0.014, 7435
0.014, 7434
0.014, 7433
0.014, 7432
0.014, 7431
0.014, 7430
0.014, 7429
0.014, 7428
0.014, 7427
0.014, 7426
0.014, 7425
0.014, 7424
0.014, 7423
0.014, 7422
0.014, 7421
0.014, 7420
0.014, 7419
0.014, 7418
0.014, 7417
0.014, 7416
0.014, 7415
0.014, 7414
0.014, 7413
0.014, 7412
0.014, 7411
0.014, 7410
0.014, 7409
0.014, 7408
0.014, 7407
0.014, 7406
0.014, 7405
0.014, 7404
0.014, 7403
0.014, 7402
0.014, 7401
0.014, 7400
0.014, 7399
0.014, 7398
0.014, 7397
0.014, 7396
0.014, 7395
0.014, 7394
0.014, 7393
0.014, 7392
0.014, 7391
0.014, 7390
0.014, 7389
0.014, 7388
0.014, 7387
0.014, 7386
0.014, 7385
0.014, 7384
0.014, 7383
0.014, 7382
0.014, 7381
0.014, 7380
0.014, 7379
0.014, 7378
0.014, 7377
0.014, 7376
0.014, 7375
0.014, 7374
0.014, 7373
0.014, 7372
0.014, 7371
0.014, 7370
0.014, 7369
0.014, 7368
0.014, 7367
0.014, 7366
0.014, 7365
0.014, 7364
0.014, 7363
0.014, 7362
0.014, 7361
0.014, 7360
0.014, 7359
0.014, 7358
0.014, 7357
0.014, 7356
0.014, 7355
0.014, 7354
0.014, 7353
0.014, 7352
0.014, 7351
0.014, 7350
0.014, 7349
0.014, 7348
0.014, 7347
0.014, 7346
0.014, 7345
0.014, 7344
0.014, 7343
0.014, 7342
0.014, 7341
0.014, 7340
0.014, 7339
0.014, 7338
0.014, 7337
0.014, 7336
0.014, 7335
0.014, 7334
0.014, 7333
0.014, 7332
0.014, 7331
0.014, 7330
0.014, 7329
0.014, 7328
0.014, 7327
0.014, 7326
0.014, 7325
0.014, 7324
0.014, 7323
0.014, 7322
0.014, 7321
0.014, 7320
0.014, 7319
0.014, 7318
0.014, 7317
0.014, 7316
0.014, 7315
0.014, 7314
0.014, 7313
0.014, 7312
0.014, 7311
0.014, 7310
0.014, 7309
0.014, 7308
0.014, 7307
0.014, 7306
0.014, 7305
0.014, 7304
0.014, 7303
0.014, 7302
0.014, 7301
0.014, 7300
0.014, 7299
0.014, 7298
0.014, 7297
0.014, 7296
0.014, 7295
0.014, 7294
0.014, 7293
0.014, 7292
0.014, 7291
0.014, 7290
0.014, 7289
0.014, 7288
0.014, 7287
0.014, 7286
0.014, 7285
0.014, 7284
0.014, 7283
0.014, 7282
0.014, 7281
0.014, 7280
0.014, 7279
0.014, 7278
0.014, 7277
0.014, 7276
0.014, 7275
0.014, 7274
0.014, 7273
0.014, 7272
0.014, 7271
0.014, 7270
0.014, 7269
0.014, 7268
0.014, 7267
0.014, 7266
0.014, 7265
0.014, 7264
0.014, 7263
0.014, 7262
0.014, 7261
0.014, 7260
0.014, 7259
0.014, 7258
0.014, 7257
0.014, 7256
0.014, 7255
0.014, 7254
0.014, 7253
0.014, 7252
0.014, 7251
0.014, 7250
0.014, 7249
0.014, 7248
0.014, 7247
0.014, 7246
0.014, 7245
0.014, 7244
0.014, 7243
0.014, 7242
0.014, 7241
0.014, 7240
0.014, 7239
0.014, 7238
0.014, 7237
0.014, 7236
0.014, 7235
0.014, 7234
0.014, 7233
0.014, 7232
0.014, 7231
0.014, 7230
0.014, 7229
0.014, 7228
0.014, 7227
0.014, 7226
0.014, 7225
0.014, 7224
0.014, 7223
0.014, 7222
0.014, 7221
0.014, 7220
0.014, 7219
0.014, 7218
0.014, 7217
0.014, 7216
0.014, 7215
0.014, 7214
0.014, 7213
0.014, 7212
0.014, 7211
0.014, 7210
0.014, 7209
0.014, 7208
0.014, 7207
0.014, 7206
0.014, 7205
0.014, 7204
0.014, 7203
0.014, 7202
0.014, 7201
0.014, 7200
0.014, 7199
0.014, 7198
0.014, 7197
0.014, 7196
0.014, 7195
0.014, 7194
0.014, 7193
0.014, 7192
0.014, 7191
0.014, 7190
0.014, 7189
0.014, 7188
0.014, 7187
0.015, 7186
0.015, 7185
0.015, 7184
0.015, 7183
0.015, 7182
0.015, 7181
0.015, 7180
0.015, 7179
0.015, 7178
0.015, 7177
0.015, 7176
0.015, 7175
0.015, 7174
0.015, 7173
0.015, 7172
0.015, 7171
0.015, 7170
0.015, 7169
0.015, 7168
0.015, 7167
0.015, 7166
0.015, 7165
0.015, 7164
0.015, 7163
0.015, 7162
0.015, 7161
0.015, 7160
0.015, 7159
0.015, 7158
0.015, 7157
0.015, 7156
0.015, 7155
0.015, 7154
0.015, 7153
0.015, 7152
0.015, 7151
0.015, 7150
0.015, 7149
0.015, 7148
0.015, 7147
0.015, 7146
0.015, 7145
0.015, 7144
0.015, 7143
0.015, 7142
0.015, 7141
0.015, 7140
0.015, 7139
0.015, 7138
0.015, 7137
0.015, 7136
0.015, 7135
0.015, 7134
0.015, 7133
0.015, 7132
0.015, 7131
0.015, 7130
0.015, 7129
0.015, 7128
0.015, 7127
0.015, 7126
0.015, 7125
0.015, 7124
0.015, 7123
0.015, 7122
0.015, 7121
0.015, 7120
0.015, 7119
0.015, 7118
0.015, 7117
0.015, 7116
0.015, 7115
0.015, 7114
0.015, 7113
0.015, 7112
0.015, 7111
0.015, 7110
0.015, 7109
0.015, 7108
0.015, 7107
0.015, 7106
0.015, 7105
0.015, 7104
0.015, 7103
0.015, 7102
0.015, 7101
0.015, 7100
0.015, 7099
0.015, 7098
0.015, 7097
0.015, 7096
0.015, 7095
0.015, 7094
0.015, 7093
0.015, 7092
0.015, 7091
0.015, 7090
0.015, 7089
0.015, 7088
0.015, 7087
0.015, 7086
0.015, 7085
0.015, 7084
0.015, 7083
0.015, 7082
0.015, 7081
0.015, 7080
0.015, 7079
0.015, 7078
0.015, 7077
0.015, 7076
0.015, 7075
0.015, 7074
0.015, 7073
0.015, 7072
0.015, 7071
0.015, 7070
0.015, 7069
0.015, 7068
0.015, 7067
0.015, 7066
0.015, 7065
0.015, 7064
0.015, 7063
0.015, 7062
0.015, 7061
0.015, 7060
0.015, 7059
0.015, 7058
0.015, 7057
0.015, 7056
0.015, 7055
0.015, 7054
0.015, 7053
0.015, 7052
0.015, 7051
0.015, 7050
0.015, 7049
0.015, 7048
0.015, 7047
0.015, 7046
0.015, 7045
0.015, 7044
0.015, 7043
0.015, 7042
0.015, 7041
0.015, 7040
0.015, 7039
0.015, 7038
0.015, 7037
