0.001, 961
0.103, 960
0.106, 959
0.107, 958
0.108, 957
0.109, 956
0.109, 955
0.112, 954
0.114, 953
0.117, 952
0.121, 951
0.123, 950
0.125, 949
0.125, 948
0.128, 947
0.128, 946
0.129, 945
0.131, 944
0.135, 943
0.135, 942
0.135, 941
0.138, 940
0.139, 939
0.141, 938
0.142, 937
0.142, 936
0.144, 935
0.145, 934
0.150, 933
0.154, 932
0.158, 931
0.162, 930
0.164, 929
0.171, 928
0.185, 927
0.187, 926
0.196, 925
0.200, 924
0.208, 923
0.220, 922
0.231, 921
0.233, 920
0.235, 919
0.236, 918
0.239, 917
0.252, 916
0.272, 915
0.286, 914
0.300, 913
0.301, 912
0.303, 911
0.304, 910
0.321, 909
0.342, 908
0.367, 907
0.423, 906
0.471, 905
0.573, 904
0.685, 903
