0.000, 961
0.046, 960
0.047, 959
0.048, 958
0.049, 957
0.049, 956
0.049, 955
0.050, 954
0.051, 953
0.053, 952
0.055, 951
0.058, 950
0.059, 949
0.059, 948
0.063, 947
0.064, 946
0.068, 945
0.072, 944
0.072, 943
0.073, 942
0.073, 941
0.074, 940
0.080, 939
0.081, 938
0.083, 937
0.086, 936
0.090, 935
0.095, 934
0.098, 933
0.103, 932
0.106, 931
0.107, 930
0.108, 929
0.108, 928
0.110, 927
0.114, 926
0.131, 925
0.132, 924
0.133, 923
0.135, 922
0.138, 921
0.141, 920
0.144, 919
0.144, 918
0.145, 917
0.147, 916
0.151, 915
0.153, 914
0.155, 913
0.157, 912
0.163, 911
0.174, 910
0.189, 909
0.195, 908
0.200, 907
0.200, 906
0.213, 905
0.243, 904
0.264, 903
0.375, 902
