0.000, 961
0.056, 960
0.057, 959
0.057, 958
0.058, 957
0.060, 956
0.060, 955
0.061, 954
0.063, 953
0.064, 952
0.064, 951
0.065, 950
0.066, 949
0.066, 948
0.070, 947
0.071, 946
0.071, 945
0.073, 944
0.074, 943
0.074, 942
0.076, 941
0.078, 940
0.083, 939
0.084, 938
0.085, 937
0.088, 936
0.089, 935
0.090, 934
0.091, 933
0.095, 932
0.097, 931
0.098, 930
0.101, 929
0.103, 928
0.104, 927
0.105, 926
0.107, 925
0.108, 924
0.117, 923
0.121, 922
0.122, 921
0.127, 920
0.139, 919
0.141, 918
0.145, 917
0.152, 916
0.153, 915
0.157, 914
0.158, 913
0.159, 912
0.166, 911
0.169, 910
0.171, 909
0.176, 908
0.214, 907
0.217, 906
0.223, 905
0.225, 904
0.230, 903
0.231, 902
0.253, 901
0.283, 900
