0.001, 960
0.064, 959
0.065, 958
0.065, 957
0.066, 956
0.067, 955
0.067, 954
0.068, 953
0.069, 952
0.070, 951
0.071, 950
0.072, 949
0.074, 948
0.075, 947
0.077, 946
0.077, 945
0.078, 944
0.078, 943
0.081, 942
0.082, 941
0.083, 940
0.083, 939
0.084, 938
0.086, 937
0.091, 936
0.091, 935
0.094, 934
0.094, 933
0.094, 932
0.100, 931
0.104, 930
0.110, 929
0.112, 928
0.120, 927
0.122, 926
0.128, 925
0.132, 924
0.136, 923
0.139, 922
0.140, 921
0.143, 920
0.145, 919
0.146, 918
0.150, 917
0.152, 916
0.153, 915
0.156, 914
0.160, 913
0.160, 912
0.170, 911
0.171, 910
0.177, 909
0.179, 908
0.180, 907
0.188, 906
0.192, 905
0.226, 904
0.265, 903
0.284, 902
0.347, 901
0.359, 900
