0.001, 960
0.078, 959
0.079, 958
0.082, 957
0.085, 956
0.085, 955
0.086, 954
0.087, 953
0.089, 952
0.092, 951
0.092, 950
0.093, 949
0.093, 948
0.101, 947
0.102, 946
0.103, 945
0.104, 944
0.105, 943
0.107, 942
0.109, 941
0.111, 940
0.111, 939
0.111, 938
0.112, 937
0.114, 936
0.117, 935
0.119, 934
0.120, 933
0.120, 932
0.122, 931
0.123, 930
0.125, 929
0.126, 928
0.127, 927
0.127, 926
0.127, 925
0.128, 924
0.130, 923
0.133, 922
0.135, 921
0.137, 920
0.139, 919
0.140, 918
0.141, 917
0.151, 916
0.156, 915
0.171, 914
0.178, 913
0.194, 912
0.204, 911
0.211, 910
0.217, 909
0.227, 908
0.231, 907
0.242, 906
0.287, 905
0.330, 904
0.338, 903
0.345, 902
0.354, 901
0.461, 900
