0.001, 1022
0.002, 1021
0.002, 1020
0.002, 1019
0.002, 1018
0.002, 1017
0.002, 1016
0.002, 1015
0.002, 1014
0.002, 1013
0.002, 1012
0.002, 1011
0.002, 1010
0.002, 1009
0.002, 1008
0.002, 1007
0.002, 1006
0.002, 1005
0.002, 1004
0.002, 1003
0.002, 1002
0.002, 1001
0.002, 1000
0.002, 999
0.002, 998
0.002, 997
0.002, 996
0.002, 995
0.002, 994
0.002, 993
0.002, 992
0.002, 991
0.002, 990
0.002, 989
0.002, 988
0.002, 987
0.002, 986
0.002, 985
0.002, 984
0.002, 983
0.002, 982
0.002, 981
0.002, 980
0.002, 979
0.002, 978
0.002, 977
0.002, 976
0.002, 975
0.002, 974
0.002, 973
0.002, 972
0.003, 971
0.003, 970
0.003, 969
0.003, 968
0.003, 967
0.003, 966
0.003, 965
0.003, 964
0.003, 963
0.003, 962
0.003, 961
0.003, 960
0.003, 959
0.003, 958
0.003, 957
0.003, 956
0.003, 955
0.003, 954
0.003, 953
0.003, 952
0.003, 951
0.003, 950
0.003, 949
0.003, 948
0.003, 947
0.003, 946
0.003, 945
0.003, 944
0.003, 943
0.003, 942
0.003, 941
0.003, 940
0.003, 939
0.003, 938
0.003, 937
0.004, 936
0.004, 935
0.004, 934
0.004, 933
0.004, 932
0.004, 931
0.004, 930
0.004, 929
0.004, 928
0.004, 927
0.004, 926
0.004, 925
0.004, 924
0.004, 923
0.004, 922
0.004, 921
0.004, 920
0.004, 919
0.004, 918
0.004, 917
0.004, 916
0.004, 915
0.004, 914
0.004, 913
0.004, 912
0.004, 911
0.004, 910
0.004, 909
0.004, 908
0.004, 907
0.004, 906
0.004, 905
0.004, 904
0.005, 903
0.005, 902
0.005, 901
0.005, 900
0.005, 899
0.005, 898
0.005, 897
0.005, 896
0.005, 895
0.005, 894
0.005, 893
0.005, 892
0.005, 891
0.005, 890
0.005, 889
0.005, 888
0.005, 887
0.005, 886
0.005, 885
0.005, 884
0.005, 883
0.005, 882
0.005, 881
0.005, 880
0.005, 879
0.005, 878
0.005, 877
0.005, 876
0.005, 875
0.005, 874
0.005, 873
0.005, 872
0.005, 871
0.005, 870
0.005, 869
0.005, 868
0.005, 867
0.005, 866
0.006, 865
0.006, 864
0.006, 863
0.006, 862
0.006, 861
0.006, 860
0.006, 859
0.006, 858
0.006, 857
0.006, 856
0.006, 855
0.006, 854
0.006, 853
0.006, 852
0.006, 851
0.006, 850
0.006, 849
0.006, 848
0.006, 847
0.006, 846
0.006, 845
0.006, 844
0.006, 843
0.006, 842
0.006, 841
0.006, 840
0.006, 839
0.006, 838
0.006, 837
0.006, 836
0.006, 835
0.006, 834
0.006, 833
0.006, 832
0.007, 831
0.007, 830
0.007, 829
0.007, 828
0.007, 827
0.007, 826
0.007, 825
0.007, 824
0.007, 823
0.007, 822
0.007, 821
0.007, 820
0.007, 819
0.007, 818
0.007, 817
0.007, 816
0.007, 815
0.007, 814
0.007, 813
0.007, 812
0.007, 811
0.007, 810
0.007, 809
0.007, 808
0.007, 807
0.007, 806
0.007, 805
0.007, 804
0.007, 803
0.007, 802
0.007, 801
0.007, 800
0.007, 799
0.007, 798
0.007, 797
0.007, 796
0.007, 795
0.007, 794
0.008, 793
0.008, 792
0.008, 791
0.008, 790
0.008, 789
0.008, 788
0.008, 787
0.008, 786
0.008, 785
0.008, 784
0.008, 783
0.008, 782
0.008, 781
0.008, 780
0.008, 779
0.008, 778
0.008, 777
0.008, 776
0.008, 775
0.008, 774
0.008, 773
0.008, 772
0.008, 771
0.008, 770
0.008, 769
0.008, 768
0.009, 767
0.009, 766
0.009, 765
0.009, 764
0.009, 763
0.009, 762
0.009, 761
0.009, 760
0.009, 759
0.009, 758
0.009, 757
0.009, 756
0.009, 755
0.009, 754
0.009, 753
0.009, 752
0.009, 751
0.009, 750
0.009, 749
0.009, 748
0.010, 747
0.010, 746
