0.002, 1022
0.002, 1021
0.002, 1020
0.002, 1019
0.002, 1018
0.002, 1017
0.002, 1016
0.002, 1015
0.002, 1014
0.002, 1013
0.002, 1012
0.002, 1011
0.002, 1010
0.002, 1009
0.002, 1008
0.002, 1007
0.002, 1006
0.002, 1005
0.003, 1004
0.003, 1003
0.003, 1002
0.003, 1001
0.003, 1000
0.003, 999
0.003, 998
0.003, 997
0.003, 996
0.003, 995
0.003, 994
0.003, 993
0.003, 992
0.003, 991
0.003, 990
0.003, 989
0.003, 988
0.003, 987
0.003, 986
0.003, 985
0.003, 984
0.003, 983
0.003, 982
0.003, 981
0.003, 980
0.003, 979
0.003, 978
0.003, 977
0.003, 976
0.003, 975
0.003, 974
0.003, 973
0.003, 972
0.003, 971
0.003, 970
0.003, 969
0.003, 968
0.003, 967
0.003, 966
0.003, 965
0.003, 964
0.003, 963
0.003, 962
0.003, 961
0.003, 960
0.003, 959
0.003, 958
0.003, 957
0.003, 956
0.003, 955
0.003, 954
0.003, 953
0.003, 952
0.003, 951
0.003, 950
0.003, 949
0.003, 948
0.003, 947
0.003, 946
0.003, 945
0.003, 944
0.003, 943
0.003, 942
0.003, 941
0.003, 940
0.003, 939
0.003, 938
0.003, 937
0.003, 936
0.003, 935
0.003, 934
0.003, 933
0.003, 932
0.003, 931
0.003, 930
0.003, 929
0.003, 928
0.003, 927
0.003, 926
0.003, 925
0.003, 924
0.004, 923
0.004, 922
0.004, 921
0.004, 920
0.004, 919
0.004, 918
0.004, 917
0.004, 916
0.004, 915
0.004, 914
0.004, 913
0.004, 912
0.004, 911
0.004, 910
0.004, 909
0.004, 908
0.004, 907
0.004, 906
0.004, 905
0.004, 904
0.004, 903
0.004, 902
0.004, 901
0.004, 900
0.004, 899
0.004, 898
0.004, 897
0.004, 896
0.004, 895
0.004, 894
0.004, 893
0.004, 892
0.004, 891
0.004, 890
0.004, 889
0.004, 888
0.004, 887
0.004, 886
0.004, 885
0.004, 884
0.004, 883
0.004, 882
0.004, 881
0.004, 880
0.004, 879
0.004, 878
0.004, 877
0.004, 876
0.004, 875
0.004, 874
0.004, 873
0.004, 872
0.004, 871
0.004, 870
0.004, 869
0.004, 868
0.004, 867
0.004, 866
0.004, 865
0.004, 864
0.004, 863
0.004, 862
0.004, 861
0.004, 860
0.004, 859
0.004, 858
0.004, 857
0.005, 856
0.005, 855
0.005, 854
0.005, 853
0.005, 852
0.005, 851
0.005, 850
0.005, 849
0.005, 848
0.005, 847
0.005, 846
0.005, 845
0.005, 844
0.005, 843
0.005, 842
0.005, 841
0.005, 840
0.005, 839
0.005, 838
0.005, 837
0.005, 836
0.005, 835
0.005, 834
0.005, 833
0.005, 832
0.005, 831
0.005, 830
0.005, 829
0.005, 828
0.005, 827
0.005, 826
0.005, 825
0.005, 824
0.005, 823
0.005, 822
0.005, 821
0.005, 820
0.005, 819
0.005, 818
0.005, 817
0.005, 816
0.005, 815
0.005, 814
0.005, 813
0.005, 812
0.005, 811
0.005, 810
0.005, 809
0.005, 808
0.005, 807
0.006, 806
0.006, 805
0.006, 804
0.006, 803
0.006, 802
0.006, 801
0.006, 800
0.006, 799
0.006, 798
0.006, 797
0.006, 796
0.006, 795
0.006, 794
0.006, 793
0.006, 792
0.006, 791
0.006, 790
0.006, 789
0.006, 788
0.006, 787
0.006, 786
0.006, 785
0.006, 784
0.006, 783
0.006, 782
0.006, 781
0.006, 780
0.006, 779
0.006, 778
0.006, 777
0.006, 776
0.006, 775
0.006, 774
0.006, 773
0.006, 772
0.006, 771
0.006, 770
0.006, 769
0.006, 768
0.006, 767
0.006, 766
0.006, 765
0.006, 764
0.006, 763
0.006, 762
0.007, 761
0.007, 760
0.007, 759
0.007, 758
0.007, 757
0.007, 756
0.007, 755
0.007, 754
0.007, 753
0.007, 752
0.007, 751
0.007, 750
0.007, 749
0.007, 748
0.007, 747
0.007, 746
0.007, 745
