0.015, 4939
0.018, 4938
0.019, 4937
0.019, 4936
0.019, 4935
0.019, 4934
0.019, 4933
0.019, 4932
0.019, 4931
0.019, 4930
0.020, 4929
0.020, 4928
0.020, 4927
0.020, 4926
0.020, 4925
0.020, 4924
0.020, 4923
0.020, 4922
0.020, 4921
0.020, 4920
0.020, 4919
0.020, 4918
0.021, 4917
0.021, 4916
0.021, 4915
0.021, 4914
0.021, 4913
0.021, 4912
0.021, 4911
0.021, 4910
0.021, 4909
0.021, 4908
0.022, 4907
0.022, 4906
0.022, 4905
0.022, 4904
0.022, 4903
0.022, 4902
0.022, 4901
0.022, 4900
0.022, 4899
0.022, 4898
0.022, 4897
0.022, 4896
0.023, 4895
0.023, 4894
0.023, 4893
0.023, 4892
0.023, 4891
0.023, 4890
0.023, 4889
0.023, 4888
0.023, 4887
0.023, 4886
0.023, 4885
0.024, 4884
0.024, 4883
0.024, 4882
0.024, 4881
0.024, 4880
0.024, 4879
0.024, 4878
0.024, 4877
0.024, 4876
0.024, 4875
0.024, 4874
0.024, 4873
0.024, 4872
0.024, 4871
0.025, 4870
0.025, 4869
0.025, 4868
0.025, 4867
0.025, 4866
0.025, 4865
0.025, 4864
0.025, 4863
0.025, 4862
0.025, 4861
0.025, 4860
0.025, 4859
0.025, 4858
0.026, 4857
0.026, 4856
0.026, 4855
0.026, 4854
0.026, 4853
0.026, 4852
0.026, 4851
0.026, 4850
0.026, 4849
0.026, 4848
0.026, 4847
0.026, 4846
0.027, 4845
0.027, 4844
0.027, 4843
0.027, 4842
0.027, 4841
0.027, 4840
0.027, 4839
0.027, 4838
0.027, 4837
0.027, 4836
0.027, 4835
0.027, 4834
0.027, 4833
0.027, 4832
0.027, 4831
0.028, 4830
0.028, 4829
0.028, 4828
0.028, 4827
0.028, 4826
0.028, 4825
0.028, 4824
0.028, 4823
0.028, 4822
0.028, 4821
0.028, 4820
0.028, 4819
0.028, 4818
0.028, 4817
0.028, 4816
0.029, 4815
0.029, 4814
0.029, 4813
0.029, 4812
0.029, 4811
0.029, 4810
0.029, 4809
0.029, 4808
0.029, 4807
0.029, 4806
0.029, 4805
0.029, 4804
0.029, 4803
0.029, 4802
0.029, 4801
0.029, 4800
0.030, 4799
0.030, 4798
0.030, 4797
0.030, 4796
0.030, 4795
0.030, 4794
0.030, 4793
0.030, 4792
0.030, 4791
0.030, 4790
0.030, 4789
0.030, 4788
0.030, 4787
0.030, 4786
0.031, 4785
0.031, 4784
0.031, 4783
0.031, 4782
0.031, 4781
0.031, 4780
0.031, 4779
0.031, 4778
0.031, 4777
0.031, 4776
0.031, 4775
0.031, 4774
0.031, 4773
0.031, 4772
0.031, 4771
0.031, 4770
0.031, 4769
0.032, 4768
0.032, 4767
0.032, 4766
0.032, 4765
0.032, 4764
0.032, 4763
0.032, 4762
0.032, 4761
0.032, 4760
0.032, 4759
0.032, 4758
0.032, 4757
0.032, 4756
0.032, 4755
0.033, 4754
0.033, 4753
0.033, 4752
0.033, 4751
0.033, 4750
0.033, 4749
0.033, 4748
0.033, 4747
0.033, 4746
0.033, 4745
0.033, 4744
0.033, 4743
0.033, 4742
0.033, 4741
0.033, 4740
0.033, 4739
0.033, 4738
0.034, 4737
0.034, 4736
0.034, 4735
0.034, 4734
0.034, 4733
0.034, 4732
0.034, 4731
0.034, 4730
0.034, 4729
0.034, 4728
0.034, 4727
0.034, 4726
0.034, 4725
0.034, 4724
0.034, 4723
0.034, 4722
0.034, 4721
0.035, 4720
0.035, 4719
0.035, 4718
0.035, 4717
0.035, 4716
0.035, 4715
0.035, 4714
0.035, 4713
0.035, 4712
0.035, 4711
0.035, 4710
0.035, 4709
0.035, 4708
0.035, 4707
0.035, 4706
0.035, 4705
0.036, 4704
0.036, 4703
0.036, 4702
0.036, 4701
0.036, 4700
0.036, 4699
0.036, 4698
0.036, 4697
0.036, 4696
0.036, 4695
0.036, 4694
0.036, 4693
0.036, 4692
0.036, 4691
0.036, 4690
0.037, 4689
0.037, 4688
0.037, 4687
0.037, 4686
0.037, 4685
0.037, 4684
0.037, 4683
0.037, 4682
0.037, 4681
0.038, 4680
0.038, 4679
0.038, 4678
0.038, 4677
0.038, 4676
0.038, 4675
0.038, 4674
0.038, 4673
0.038, 4672
0.038, 4671
0.038, 4670
0.038, 4669
0.038, 4668
0.038, 4667
0.038, 4666
0.038, 4665
0.038, 4664
0.038, 4663
0.038, 4662
0.039, 4661
0.039, 4660
0.039, 4659
0.039, 4658
0.039, 4657
0.039, 4656
0.039, 4655
0.039, 4654
0.039, 4653
0.039, 4652
0.039, 4651
0.039, 4650
0.039, 4649
0.039, 4648
0.039, 4647
0.039, 4646
0.039, 4645
0.039, 4644
0.039, 4643
0.039, 4642
0.039, 4641
0.040, 4640
0.040, 4639
0.040, 4638
0.040, 4637
0.040, 4636
0.040, 4635
0.040, 4634
0.040, 4633
0.040, 4632
0.040, 4631
0.040, 4630
0.040, 4629
0.040, 4628
0.040, 4627
0.040, 4626
0.040, 4625
0.040, 4624
0.040, 4623
0.040, 4622
0.040, 4621
0.040, 4620
0.041, 4619
0.041, 4618
0.041, 4617
0.041, 4616
0.041, 4615
0.041, 4614
0.041, 4613
0.041, 4612
0.041, 4611
0.041, 4610
0.041, 4609
0.041, 4608
0.041, 4607
0.041, 4606
0.041, 4605
0.041, 4604
0.041, 4603
0.041, 4602
0.041, 4601
0.041, 4600
0.041, 4599
0.042, 4598
0.042, 4597
0.042, 4596
0.042, 4595
0.042, 4594
0.042, 4593
0.042, 4592
0.042, 4591
0.042, 4590
0.042, 4589
0.042, 4588
0.042, 4587
0.042, 4586
0.042, 4585
0.042, 4584
0.042, 4583
0.042, 4582
0.042, 4581
0.042, 4580
0.042, 4579
0.043, 4578
0.043, 4577
0.043, 4576
0.043, 4575
0.043, 4574
0.043, 4573
0.043, 4572
0.043, 4571
0.043, 4570
0.043, 4569
0.043, 4568
0.043, 4567
0.043, 4566
0.043, 4565
0.043, 4564
0.043, 4563
0.043, 4562
0.043, 4561
0.043, 4560
0.043, 4559
0.043, 4558
0.044, 4557
0.044, 4556
0.044, 4555
0.044, 4554
0.044, 4553
0.044, 4552
0.044, 4551
0.044, 4550
0.044, 4549
0.044, 4548
0.044, 4547
0.044, 4546
0.044, 4545
0.044, 4544
0.044, 4543
0.044, 4542
0.044, 4541
0.044, 4540
0.044, 4539
0.044, 4538
0.044, 4537
0.044, 4536
0.044, 4535
0.044, 4534
0.045, 4533
0.045, 4532
0.045, 4531
0.045, 4530
0.045, 4529
0.045, 4528
0.045, 4527
0.045, 4526
0.045, 4525
0.045, 4524
0.045, 4523
0.045, 4522
0.045, 4521
0.045, 4520
0.045, 4519
0.045, 4518
0.045, 4517
0.045, 4516
0.045, 4515
0.045, 4514
0.045, 4513
0.045, 4512
0.045, 4511
0.045, 4510
0.046, 4509
0.046, 4508
0.046, 4507
0.046, 4506
0.046, 4505
0.046, 4504
0.046, 4503
0.046, 4502
0.046, 4501
0.046, 4500
0.046, 4499
0.046, 4498
0.046, 4497
0.046, 4496
0.046, 4495
0.046, 4494
0.046, 4493
0.046, 4492
0.046, 4491
0.046, 4490
0.046, 4489
0.046, 4488
0.046, 4487
0.046, 4486
0.046, 4485
0.046, 4484
0.046, 4483
0.046, 4482
0.046, 4481
0.046, 4480
0.047, 4479
0.047, 4478
0.047, 4477
0.047, 4476
0.047, 4475
0.047, 4474
0.047, 4473
0.047, 4472
0.047, 4471
0.047, 4470
0.047, 4469
0.047, 4468
0.047, 4467
0.047, 4466
0.047, 4465
0.047, 4464
0.047, 4463
0.047, 4462
0.047, 4461
0.047, 4460
0.047, 4459
0.047, 4458
0.047, 4457
0.047, 4456
0.047, 4455
0.047, 4454
0.047, 4453
0.047, 4452
0.048, 4451
0.048, 4450
0.048, 4449
0.048, 4448
0.048, 4447
0.048, 4446
0.048, 4445
0.048, 4444
0.048, 4443
0.048, 4442
0.048, 4441
0.048, 4440
0.048, 4439
0.048, 4438
0.048, 4437
0.048, 4436
0.048, 4435
0.048, 4434
0.048, 4433
0.048, 4432
0.048, 4431
0.048, 4430
0.048, 4429
0.048, 4428
0.048, 4427
0.048, 4426
0.048, 4425
0.048, 4424
0.048, 4423
0.048, 4422
0.048, 4421
0.048, 4420
0.048, 4419
0.049, 4418
0.049, 4417
0.049, 4416
0.049, 4415
0.049, 4414
0.049, 4413
0.049, 4412
0.049, 4411
0.049, 4410
0.049, 4409
0.049, 4408
0.049, 4407
0.049, 4406
0.049, 4405
0.049, 4404
0.049, 4403
0.049, 4402
0.049, 4401
0.049, 4400
0.049, 4399
0.049, 4398
0.049, 4397
0.049, 4396
0.049, 4395
0.049, 4394
0.049, 4393
0.049, 4392
0.050, 4391
0.050, 4390
0.050, 4389
0.050, 4388
0.050, 4387
0.050, 4386
0.050, 4385
0.050, 4384
0.050, 4383
0.050, 4382
0.050, 4381
0.050, 4380
0.050, 4379
0.050, 4378
0.050, 4377
0.050, 4376
0.050, 4375
0.050, 4374
0.050, 4373
0.050, 4372
0.050, 4371
0.050, 4370
0.050, 4369
0.050, 4368
0.050, 4367
0.050, 4366
0.050, 4365
0.050, 4364
0.050, 4363
0.050, 4362
0.050, 4361
0.050, 4360
0.050, 4359
0.051, 4358
0.051, 4357
0.051, 4356
0.051, 4355
0.051, 4354
0.051, 4353
0.051, 4352
0.051, 4351
0.051, 4350
0.051, 4349
0.051, 4348
0.051, 4347
0.051, 4346
0.051, 4345
0.051, 4344
0.051, 4343
0.051, 4342
0.051, 4341
0.051, 4340
0.051, 4339
0.051, 4338
0.051, 4337
0.051, 4336
0.051, 4335
0.051, 4334
0.051, 4333
0.051, 4332
0.051, 4331
0.051, 4330
0.051, 4329
0.051, 4328
0.051, 4327
0.051, 4326
0.051, 4325
0.052, 4324
0.052, 4323
0.052, 4322
0.052, 4321
0.052, 4320
0.052, 4319
0.052, 4318
0.052, 4317
0.052, 4316
0.052, 4315
0.052, 4314
0.052, 4313
0.052, 4312
0.052, 4311
0.052, 4310
0.052, 4309
0.052, 4308
0.052, 4307
0.052, 4306
0.052, 4305
0.052, 4304
0.052, 4303
0.052, 4302
0.052, 4301
0.052, 4300
0.052, 4299
0.052, 4298
0.052, 4297
0.052, 4296
0.052, 4295
0.052, 4294
0.052, 4293
0.052, 4292
0.052, 4291
0.052, 4290
0.052, 4289
0.052, 4288
0.052, 4287
0.052, 4286
0.052, 4285
0.053, 4284
0.053, 4283
0.053, 4282
0.053, 4281
0.053, 4280
0.053, 4279
0.053, 4278
0.053, 4277
0.053, 4276
0.053, 4275
0.053, 4274
0.053, 4273
0.053, 4272
0.053, 4271
0.053, 4270
0.053, 4269
0.053, 4268
0.053, 4267
0.053, 4266
0.053, 4265
0.053, 4264
0.053, 4263
0.053, 4262
0.053, 4261
0.053, 4260
0.053, 4259
0.053, 4258
0.053, 4257
0.054, 4256
0.054, 4255
0.054, 4254
0.054, 4253
0.054, 4252
0.054, 4251
0.054, 4250
0.054, 4249
0.054, 4248
0.054, 4247
0.054, 4246
0.054, 4245
0.054, 4244
0.054, 4243
0.054, 4242
0.054, 4241
0.054, 4240
0.054, 4239
0.054, 4238
0.054, 4237
0.054, 4236
0.054, 4235
0.054, 4234
0.054, 4233
0.054, 4232
0.054, 4231
0.054, 4230
0.054, 4229
0.054, 4228
0.054, 4227
0.054, 4226
0.054, 4225
0.054, 4224
0.054, 4223
0.054, 4222
0.054, 4221
0.054, 4220
0.054, 4219
0.054, 4218
0.054, 4217
0.054, 4216
0.054, 4215
0.054, 4214
0.054, 4213
0.054, 4212
0.054, 4211
0.054, 4210
0.054, 4209
0.054, 4208
0.055, 4207
0.055, 4206
0.055, 4205
0.055, 4204
0.055, 4203
0.055, 4202
0.055, 4201
0.055, 4200
0.055, 4199
0.055, 4198
0.055, 4197
0.055, 4196
0.055, 4195
0.055, 4194
0.055, 4193
0.055, 4192
0.055, 4191
0.055, 4190
0.055, 4189
0.055, 4188
0.055, 4187
0.055, 4186
0.055, 4185
0.055, 4184
0.055, 4183
0.055, 4182
0.055, 4181
0.055, 4180
0.055, 4179
0.055, 4178
0.055, 4177
0.055, 4176
0.055, 4175
0.055, 4174
0.055, 4173
0.055, 4172
0.055, 4171
0.055, 4170
0.055, 4169
0.055, 4168
0.055, 4167
0.055, 4166
0.056, 4165
0.056, 4164
0.056, 4163
0.056, 4162
0.056, 4161
0.056, 4160
0.056, 4159
0.056, 4158
0.056, 4157
0.056, 4156
0.056, 4155
0.056, 4154
0.056, 4153
0.056, 4152
0.056, 4151
0.056, 4150
0.056, 4149
0.056, 4148
0.056, 4147
0.056, 4146
0.056, 4145
0.056, 4144
0.056, 4143
0.056, 4142
0.056, 4141
0.056, 4140
0.056, 4139
0.056, 4138
0.056, 4137
0.056, 4136
0.056, 4135
0.056, 4134
0.056, 4133
0.056, 4132
0.056, 4131
0.056, 4130
0.056, 4129
0.056, 4128
0.056, 4127
0.056, 4126
0.056, 4125
0.056, 4124
0.056, 4123
0.056, 4122
0.056, 4121
0.056, 4120
0.056, 4119
0.056, 4118
0.056, 4117
0.056, 4116
0.056, 4115
0.056, 4114
0.056, 4113
0.056, 4112
0.056, 4111
0.056, 4110
0.056, 4109
0.056, 4108
0.057, 4107
0.057, 4106
0.057, 4105
0.057, 4104
0.057, 4103
0.057, 4102
0.057, 4101
0.057, 4100
0.057, 4099
0.057, 4098
0.057, 4097
0.057, 4096
0.057, 4095
0.057, 4094
0.057, 4093
0.057, 4092
0.057, 4091
0.057, 4090
0.057, 4089
0.057, 4088
0.057, 4087
0.057, 4086
0.057, 4085
0.057, 4084
0.057, 4083
0.057, 4082
0.057, 4081
0.057, 4080
0.057, 4079
0.057, 4078
0.057, 4077
0.057, 4076
0.057, 4075
0.057, 4074
0.057, 4073
0.057, 4072
0.057, 4071
0.057, 4070
0.057, 4069
0.057, 4068
0.057, 4067
0.057, 4066
0.057, 4065
0.057, 4064
0.057, 4063
0.057, 4062
0.057, 4061
0.057, 4060
0.057, 4059
0.057, 4058
0.058, 4057
0.058, 4056
0.058, 4055
0.058, 4054
0.058, 4053
0.058, 4052
0.058, 4051
0.058, 4050
0.058, 4049
0.058, 4048
0.058, 4047
0.058, 4046
0.058, 4045
0.058, 4044
0.058, 4043
0.058, 4042
0.058, 4041
0.058, 4040
0.058, 4039
0.058, 4038
0.058, 4037
0.058, 4036
0.058, 4035
0.058, 4034
0.058, 4033
0.058, 4032
0.058, 4031
0.058, 4030
0.058, 4029
0.058, 4028
0.058, 4027
0.058, 4026
0.058, 4025
0.058, 4024
0.058, 4023
0.058, 4022
0.058, 4021
0.058, 4020
0.058, 4019
0.058, 4018
0.058, 4017
0.058, 4016
0.058, 4015
0.058, 4014
0.058, 4013
0.058, 4012
0.058, 4011
0.058, 4010
0.058, 4009
0.058, 4008
0.059, 4007
0.059, 4006
0.059, 4005
0.059, 4004
0.059, 4003
0.059, 4002
0.059, 4001
0.059, 4000
0.059, 3999
0.059, 3998
0.059, 3997
0.059, 3996
0.059, 3995
0.059, 3994
0.059, 3993
0.059, 3992
0.059, 3991
0.059, 3990
0.059, 3989
0.059, 3988
0.059, 3987
0.059, 3986
0.059, 3985
0.059, 3984
0.059, 3983
0.059, 3982
0.059, 3981
0.059, 3980
0.059, 3979
0.059, 3978
0.059, 3977
0.059, 3976
0.059, 3975
0.059, 3974
0.059, 3973
0.059, 3972
0.059, 3971
0.059, 3970
0.059, 3969
0.059, 3968
0.059, 3967
0.059, 3966
0.059, 3965
0.059, 3964
0.059, 3963
0.059, 3962
0.059, 3961
0.059, 3960
0.059, 3959
0.059, 3958
0.059, 3957
0.059, 3956
0.059, 3955
0.059, 3954
0.059, 3953
0.059, 3952
0.059, 3951
0.059, 3950
0.059, 3949
0.059, 3948
0.059, 3947
0.059, 3946
0.059, 3945
0.059, 3944
0.059, 3943
0.059, 3942
0.059, 3941
0.059, 3940
0.059, 3939
0.059, 3938
0.060, 3937
0.060, 3936
0.060, 3935
0.060, 3934
0.060, 3933
0.060, 3932
0.060, 3931
0.060, 3930
0.060, 3929
0.060, 3928
0.060, 3927
0.060, 3926
0.060, 3925
0.060, 3924
0.060, 3923
0.060, 3922
0.060, 3921
0.060, 3920
0.060, 3919
0.060, 3918
0.060, 3917
0.060, 3916
0.060, 3915
0.060, 3914
0.060, 3913
0.060, 3912
0.060, 3911
0.060, 3910
0.060, 3909
0.060, 3908
0.060, 3907
0.060, 3906
0.060, 3905
0.060, 3904
0.060, 3903
0.060, 3902
0.060, 3901
0.060, 3900
0.060, 3899
0.060, 3898
0.060, 3897
0.060, 3896
0.060, 3895
0.060, 3894
0.060, 3893
0.060, 3892
0.060, 3891
0.060, 3890
0.060, 3889
0.060, 3888
0.060, 3887
0.061, 3886
0.061, 3885
0.061, 3884
0.061, 3883
0.061, 3882
0.061, 3881
0.061, 3880
0.061, 3879
0.061, 3878
0.061, 3877
0.061, 3876
0.061, 3875
0.061, 3874
0.061, 3873
0.061, 3872
0.061, 3871
0.061, 3870
0.061, 3869
0.061, 3868
0.061, 3867
0.061, 3866
0.061, 3865
0.061, 3864
0.061, 3863
0.061, 3862
0.061, 3861
0.061, 3860
0.061, 3859
0.061, 3858
0.061, 3857
0.061, 3856
0.061, 3855
0.061, 3854
0.061, 3853
0.061, 3852
0.061, 3851
0.061, 3850
0.061, 3849
0.061, 3848
0.061, 3847
0.061, 3846
0.061, 3845
0.061, 3844
0.061, 3843
0.061, 3842
0.061, 3841
0.061, 3840
0.061, 3839
0.061, 3838
0.061, 3837
0.061, 3836
0.061, 3835
0.061, 3834
0.061, 3833
0.061, 3832
0.061, 3831
0.061, 3830
0.061, 3829
0.061, 3828
0.061, 3827
0.062, 3826
0.062, 3825
0.062, 3824
0.062, 3823
0.062, 3822
0.062, 3821
0.062, 3820
0.062, 3819
0.062, 3818
0.062, 3817
0.062, 3816
0.062, 3815
0.062, 3814
0.062, 3813
0.062, 3812
0.062, 3811
0.062, 3810
0.062, 3809
0.062, 3808
0.062, 3807
0.062, 3806
0.062, 3805
0.062, 3804
0.062, 3803
0.062, 3802
0.062, 3801
0.062, 3800
0.062, 3799
0.062, 3798
0.062, 3797
0.062, 3796
0.062, 3795
0.062, 3794
0.062, 3793
0.062, 3792
0.062, 3791
0.062, 3790
0.062, 3789
0.062, 3788
0.062, 3787
0.062, 3786
0.062, 3785
0.062, 3784
0.062, 3783
0.062, 3782
0.062, 3781
0.062, 3780
0.062, 3779
0.062, 3778
0.062, 3777
0.062, 3776
0.062, 3775
0.062, 3774
0.062, 3773
0.062, 3772
0.062, 3771
0.062, 3770
0.062, 3769
0.062, 3768
0.062, 3767
0.062, 3766
0.062, 3765
0.062, 3764
0.062, 3763
0.062, 3762
0.062, 3761
0.062, 3760
0.062, 3759
0.063, 3758
0.063, 3757
0.063, 3756
0.063, 3755
0.063, 3754
0.063, 3753
0.063, 3752
0.063, 3751
0.063, 3750
0.063, 3749
0.063, 3748
0.063, 3747
0.063, 3746
0.063, 3745
0.063, 3744
0.063, 3743
0.063, 3742
0.063, 3741
0.063, 3740
0.063, 3739
0.063, 3738
0.063, 3737
0.063, 3736
0.063, 3735
0.063, 3734
0.063, 3733
0.063, 3732
0.063, 3731
0.063, 3730
0.063, 3729
0.063, 3728
0.063, 3727
0.063, 3726
0.063, 3725
0.063, 3724
0.063, 3723
0.063, 3722
0.063, 3721
0.063, 3720
0.063, 3719
0.063, 3718
0.063, 3717
0.063, 3716
0.063, 3715
0.063, 3714
0.063, 3713
0.063, 3712
0.063, 3711
0.063, 3710
0.063, 3709
0.063, 3708
0.063, 3707
0.063, 3706
0.063, 3705
0.063, 3704
0.063, 3703
0.063, 3702
0.063, 3701
0.063, 3700
0.063, 3699
0.063, 3698
0.063, 3697
0.063, 3696
0.063, 3695
0.063, 3694
0.063, 3693
0.063, 3692
0.063, 3691
0.063, 3690
0.063, 3689
0.063, 3688
0.063, 3687
0.063, 3686
0.063, 3685
0.063, 3684
0.063, 3683
0.063, 3682
0.063, 3681
0.063, 3680
0.064, 3679
0.064, 3678
0.064, 3677
0.064, 3676
0.064, 3675
0.064, 3674
0.064, 3673
0.064, 3672
0.064, 3671
0.064, 3670
0.064, 3669
0.064, 3668
0.064, 3667
0.064, 3666
0.064, 3665
0.064, 3664
0.064, 3663
0.064, 3662
0.064, 3661
0.064, 3660
0.064, 3659
0.064, 3658
0.064, 3657
0.064, 3656
0.064, 3655
0.064, 3654
0.064, 3653
0.064, 3652
0.064, 3651
0.064, 3650
0.064, 3649
0.064, 3648
0.064, 3647
0.064, 3646
0.064, 3645
0.064, 3644
0.064, 3643
0.064, 3642
0.064, 3641
0.064, 3640
0.064, 3639
0.064, 3638
0.064, 3637
0.064, 3636
0.064, 3635
0.064, 3634
0.064, 3633
0.064, 3632
0.064, 3631
0.064, 3630
0.064, 3629
0.064, 3628
0.064, 3627
0.064, 3626
0.064, 3625
0.064, 3624
0.064, 3623
0.064, 3622
0.064, 3621
0.064, 3620
0.064, 3619
0.064, 3618
0.064, 3617
0.064, 3616
0.064, 3615
0.064, 3614
0.065, 3613
0.065, 3612
0.065, 3611
0.065, 3610
0.065, 3609
0.065, 3608
0.065, 3607
0.065, 3606
0.065, 3605
0.065, 3604
0.065, 3603
0.065, 3602
0.065, 3601
0.065, 3600
0.065, 3599
0.065, 3598
0.065, 3597
0.065, 3596
0.065, 3595
0.065, 3594
0.065, 3593
0.065, 3592
0.065, 3591
0.065, 3590
0.065, 3589
0.065, 3588
0.065, 3587
0.065, 3586
0.065, 3585
0.065, 3584
0.065, 3583
0.065, 3582
0.065, 3581
0.065, 3580
0.065, 3579
0.065, 3578
0.065, 3577
0.065, 3576
0.065, 3575
0.065, 3574
0.065, 3573
0.065, 3572
0.066, 3571
0.066, 3570
0.066, 3569
0.066, 3568
0.066, 3567
0.066, 3566
0.066, 3565
0.066, 3564
0.066, 3563
0.066, 3562
0.066, 3561
0.066, 3560
0.066, 3559
0.066, 3558
0.066, 3557
0.066, 3556
0.066, 3555
0.066, 3554
0.066, 3553
0.066, 3552
0.066, 3551
0.066, 3550
0.066, 3549
0.066, 3548
0.066, 3547
0.066, 3546
0.066, 3545
0.066, 3544
0.066, 3543
0.066, 3542
0.066, 3541
0.066, 3540
0.066, 3539
0.066, 3538
0.066, 3537
0.066, 3536
0.066, 3535
0.066, 3534
0.066, 3533
0.066, 3532
0.066, 3531
0.066, 3530
0.066, 3529
0.066, 3528
0.066, 3527
0.066, 3526
0.066, 3525
0.066, 3524
0.066, 3523
0.066, 3522
0.066, 3521
0.066, 3520
0.066, 3519
0.066, 3518
0.066, 3517
0.066, 3516
0.066, 3515
0.066, 3514
0.066, 3513
0.066, 3512
0.066, 3511
0.066, 3510
0.066, 3509
0.066, 3508
0.066, 3507
0.066, 3506
0.066, 3505
0.066, 3504
0.066, 3503
0.066, 3502
0.066, 3501
0.066, 3500
0.066, 3499
0.067, 3498
0.067, 3497
0.067, 3496
0.067, 3495
0.067, 3494
0.067, 3493
0.067, 3492
0.067, 3491
0.067, 3490
0.067, 3489
0.067, 3488
0.067, 3487
0.067, 3486
0.067, 3485
0.067, 3484
0.067, 3483
0.067, 3482
0.067, 3481
0.067, 3480
0.067, 3479
0.067, 3478
0.067, 3477
0.067, 3476
0.067, 3475
0.067, 3474
0.067, 3473
0.067, 3472
0.067, 3471
0.067, 3470
0.067, 3469
0.067, 3468
0.067, 3467
0.067, 3466
0.067, 3465
0.067, 3464
0.067, 3463
0.067, 3462
0.067, 3461
0.067, 3460
0.067, 3459
0.067, 3458
0.067, 3457
0.067, 3456
0.067, 3455
0.067, 3454
0.067, 3453
0.067, 3452
0.067, 3451
0.067, 3450
0.067, 3449
0.067, 3448
0.067, 3447
0.067, 3446
0.067, 3445
0.067, 3444
0.067, 3443
0.067, 3442
0.067, 3441
0.067, 3440
0.067, 3439
0.067, 3438
0.067, 3437
0.067, 3436
0.067, 3435
0.067, 3434
0.067, 3433
0.067, 3432
0.067, 3431
0.067, 3430
0.067, 3429
0.067, 3428
0.067, 3427
0.067, 3426
0.067, 3425
0.067, 3424
0.067, 3423
0.067, 3422
0.067, 3421
0.067, 3420
0.067, 3419
0.067, 3418
0.067, 3417
0.067, 3416
0.067, 3415
0.067, 3414
0.067, 3413
0.067, 3412
0.067, 3411
0.067, 3410
0.067, 3409
0.067, 3408
0.067, 3407
0.068, 3406
0.068, 3405
0.068, 3404
0.068, 3403
0.068, 3402
0.068, 3401
0.068, 3400
0.068, 3399
0.068, 3398
0.068, 3397
0.068, 3396
0.068, 3395
0.068, 3394
0.068, 3393
0.068, 3392
0.068, 3391
0.068, 3390
0.068, 3389
0.068, 3388
0.068, 3387
0.068, 3386
0.068, 3385
0.068, 3384
0.068, 3383
0.068, 3382
0.068, 3381
0.068, 3380
0.068, 3379
0.068, 3378
0.068, 3377
0.068, 3376
0.068, 3375
0.068, 3374
0.068, 3373
0.068, 3372
0.068, 3371
0.068, 3370
0.068, 3369
0.068, 3368
0.068, 3367
0.068, 3366
0.068, 3365
0.068, 3364
0.068, 3363
0.068, 3362
0.068, 3361
0.068, 3360
0.068, 3359
0.068, 3358
0.068, 3357
0.068, 3356
0.068, 3355
0.068, 3354
0.068, 3353
0.068, 3352
0.068, 3351
0.068, 3350
0.068, 3349
0.068, 3348
0.068, 3347
0.068, 3346
0.068, 3345
0.068, 3344
0.068, 3343
0.068, 3342
0.068, 3341
0.068, 3340
0.068, 3339
0.068, 3338
0.068, 3337
0.068, 3336
0.068, 3335
0.068, 3334
0.068, 3333
0.068, 3332
0.068, 3331
0.068, 3330
0.069, 3329
0.069, 3328
0.069, 3327
0.069, 3326
0.069, 3325
0.069, 3324
0.069, 3323
0.069, 3322
0.069, 3321
0.069, 3320
0.069, 3319
0.069, 3318
0.069, 3317
0.069, 3316
0.069, 3315
0.069, 3314
0.069, 3313
0.069, 3312
0.069, 3311
0.069, 3310
0.069, 3309
0.069, 3308
0.069, 3307
0.069, 3306
0.069, 3305
0.069, 3304
0.069, 3303
0.069, 3302
0.069, 3301
0.069, 3300
0.069, 3299
0.069, 3298
0.069, 3297
0.069, 3296
0.069, 3295
0.069, 3294
0.069, 3293
0.069, 3292
0.069, 3291
0.069, 3290
0.069, 3289
0.069, 3288
0.069, 3287
0.069, 3286
0.069, 3285
0.069, 3284
0.069, 3283
0.069, 3282
0.069, 3281
0.069, 3280
0.069, 3279
0.069, 3278
0.069, 3277
0.069, 3276
0.069, 3275
0.069, 3274
0.069, 3273
0.069, 3272
0.069, 3271
0.069, 3270
0.069, 3269
0.069, 3268
0.069, 3267
0.069, 3266
0.069, 3265
0.069, 3264
0.069, 3263
0.069, 3262
0.069, 3261
0.069, 3260
0.069, 3259
0.069, 3258
0.069, 3257
0.069, 3256
0.069, 3255
0.069, 3254
0.069, 3253
0.069, 3252
0.069, 3251
0.069, 3250
0.069, 3249
0.069, 3248
0.069, 3247
0.069, 3246
0.069, 3245
0.069, 3244
0.069, 3243
0.069, 3242
0.069, 3241
0.069, 3240
0.069, 3239
0.069, 3238
0.069, 3237
0.069, 3236
0.070, 3235
0.070, 3234
0.070, 3233
0.070, 3232
0.070, 3231
0.070, 3230
0.070, 3229
0.070, 3228
0.070, 3227
0.070, 3226
0.070, 3225
0.070, 3224
0.070, 3223
0.070, 3222
0.070, 3221
0.070, 3220
0.070, 3219
0.070, 3218
0.070, 3217
0.070, 3216
0.070, 3215
0.070, 3214
0.070, 3213
0.070, 3212
0.070, 3211
0.070, 3210
0.070, 3209
0.070, 3208
0.070, 3207
0.070, 3206
0.070, 3205
0.070, 3204
0.070, 3203
0.070, 3202
0.070, 3201
0.070, 3200
0.070, 3199
0.070, 3198
0.070, 3197
0.070, 3196
0.070, 3195
0.070, 3194
0.070, 3193
0.070, 3192
0.070, 3191
0.070, 3190
0.070, 3189
0.070, 3188
0.070, 3187
0.070, 3186
0.070, 3185
0.070, 3184
0.070, 3183
0.070, 3182
0.070, 3181
0.070, 3180
0.070, 3179
0.070, 3178
0.070, 3177
0.070, 3176
0.070, 3175
0.070, 3174
0.070, 3173
0.070, 3172
0.070, 3171
0.070, 3170
0.070, 3169
0.070, 3168
0.070, 3167
0.070, 3166
0.070, 3165
0.070, 3164
0.070, 3163
0.070, 3162
0.070, 3161
0.070, 3160
0.070, 3159
0.070, 3158
0.070, 3157
0.070, 3156
0.071, 3155
0.071, 3154
0.071, 3153
0.071, 3152
0.071, 3151
0.071, 3150
0.071, 3149
0.071, 3148
0.071, 3147
0.071, 3146
0.071, 3145
0.071, 3144
0.071, 3143
0.071, 3142
0.071, 3141
0.071, 3140
0.071, 3139
0.071, 3138
0.071, 3137
0.071, 3136
0.071, 3135
0.071, 3134
0.071, 3133
0.071, 3132
0.071, 3131
0.071, 3130
0.071, 3129
0.071, 3128
0.071, 3127
0.071, 3126
0.071, 3125
0.071, 3124
0.071, 3123
0.071, 3122
0.071, 3121
0.071, 3120
0.071, 3119
0.071, 3118
0.071, 3117
0.071, 3116
0.071, 3115
0.071, 3114
0.071, 3113
0.071, 3112
0.071, 3111
0.071, 3110
0.071, 3109
0.071, 3108
0.071, 3107
0.071, 3106
0.071, 3105
0.071, 3104
0.071, 3103
0.071, 3102
0.071, 3101
0.071, 3100
0.071, 3099
0.071, 3098
0.071, 3097
0.071, 3096
0.071, 3095
0.071, 3094
0.071, 3093
0.071, 3092
0.071, 3091
0.071, 3090
0.071, 3089
0.071, 3088
0.071, 3087
0.071, 3086
0.071, 3085
0.071, 3084
0.071, 3083
0.071, 3082
0.071, 3081
0.071, 3080
0.071, 3079
0.071, 3078
0.071, 3077
0.071, 3076
0.071, 3075
0.071, 3074
0.071, 3073
0.071, 3072
0.071, 3071
0.071, 3070
0.071, 3069
0.071, 3068
0.071, 3067
0.071, 3066
0.071, 3065
0.071, 3064
0.071, 3063
0.071, 3062
0.072, 3061
0.072, 3060
0.072, 3059
0.072, 3058
0.072, 3057
0.072, 3056
0.072, 3055
0.072, 3054
0.072, 3053
0.072, 3052
0.072, 3051
0.072, 3050
0.072, 3049
0.072, 3048
0.072, 3047
0.072, 3046
0.072, 3045
0.072, 3044
0.072, 3043
0.072, 3042
0.072, 3041
0.072, 3040
0.072, 3039
0.072, 3038
0.072, 3037
0.072, 3036
0.072, 3035
0.072, 3034
0.072, 3033
0.072, 3032
0.072, 3031
0.072, 3030
0.072, 3029
0.072, 3028
0.072, 3027
0.072, 3026
0.072, 3025
0.072, 3024
0.072, 3023
0.072, 3022
0.072, 3021
0.072, 3020
0.072, 3019
0.072, 3018
0.072, 3017
0.072, 3016
0.072, 3015
0.072, 3014
0.072, 3013
0.072, 3012
0.072, 3011
0.072, 3010
0.072, 3009
0.072, 3008
0.072, 3007
0.072, 3006
0.072, 3005
0.072, 3004
0.072, 3003
0.072, 3002
0.072, 3001
0.072, 3000
0.072, 2999
0.072, 2998
0.072, 2997
0.072, 2996
0.072, 2995
0.072, 2994
0.072, 2993
0.072, 2992
0.072, 2991
0.072, 2990
0.072, 2989
0.072, 2988
0.072, 2987
0.072, 2986
0.072, 2985
0.072, 2984
0.072, 2983
0.072, 2982
0.072, 2981
0.073, 2980
0.073, 2979
0.073, 2978
0.073, 2977
0.073, 2976
0.073, 2975
0.073, 2974
0.073, 2973
0.073, 2972
0.073, 2971
0.073, 2970
0.073, 2969
0.073, 2968
0.073, 2967
0.073, 2966
0.073, 2965
0.073, 2964
0.073, 2963
0.073, 2962
0.073, 2961
0.073, 2960
0.073, 2959
0.073, 2958
0.073, 2957
0.073, 2956
0.073, 2955
0.073, 2954
0.073, 2953
0.073, 2952
0.073, 2951
0.073, 2950
0.073, 2949
0.073, 2948
0.073, 2947
0.073, 2946
0.073, 2945
0.073, 2944
0.073, 2943
0.073, 2942
0.073, 2941
0.073, 2940
0.073, 2939
0.073, 2938
0.073, 2937
0.073, 2936
0.073, 2935
0.073, 2934
0.073, 2933
0.073, 2932
0.073, 2931
0.073, 2930
0.073, 2929
0.073, 2928
0.073, 2927
0.073, 2926
0.073, 2925
0.073, 2924
0.073, 2923
0.073, 2922
0.073, 2921
0.073, 2920
0.073, 2919
0.073, 2918
0.073, 2917
0.073, 2916
0.073, 2915
0.073, 2914
0.073, 2913
0.073, 2912
0.073, 2911
0.073, 2910
0.073, 2909
0.073, 2908
0.073, 2907
0.073, 2906
0.073, 2905
0.073, 2904
0.073, 2903
0.073, 2902
0.073, 2901
0.073, 2900
0.073, 2899
0.073, 2898
0.073, 2897
0.073, 2896
0.073, 2895
0.073, 2894
0.073, 2893
0.073, 2892
0.074, 2891
0.074, 2890
0.074, 2889
0.074, 2888
0.074, 2887
0.074, 2886
0.074, 2885
0.074, 2884
0.074, 2883
0.074, 2882
0.074, 2881
0.074, 2880
0.074, 2879
0.074, 2878
0.074, 2877
0.074, 2876
0.074, 2875
0.074, 2874
0.074, 2873
0.074, 2872
0.074, 2871
0.074, 2870
0.074, 2869
0.074, 2868
0.074, 2867
0.074, 2866
0.074, 2865
0.074, 2864
0.074, 2863
0.074, 2862
0.074, 2861
0.074, 2860
0.074, 2859
0.074, 2858
0.074, 2857
0.074, 2856
0.074, 2855
0.074, 2854
0.074, 2853
0.074, 2852
0.074, 2851
0.074, 2850
0.074, 2849
0.074, 2848
0.074, 2847
0.074, 2846
0.074, 2845
0.074, 2844
0.074, 2843
0.074, 2842
0.074, 2841
0.074, 2840
0.074, 2839
0.074, 2838
0.074, 2837
0.074, 2836
0.074, 2835
0.074, 2834
0.074, 2833
0.074, 2832
0.074, 2831
0.074, 2830
0.074, 2829
0.074, 2828
0.075, 2827
0.075, 2826
0.075, 2825
0.075, 2824
0.075, 2823
0.075, 2822
0.075, 2821
0.075, 2820
0.075, 2819
0.075, 2818
0.075, 2817
0.075, 2816
0.075, 2815
0.075, 2814
0.075, 2813
0.075, 2812
0.075, 2811
0.075, 2810
0.075, 2809
0.075, 2808
0.075, 2807
0.075, 2806
0.075, 2805
0.075, 2804
0.075, 2803
0.075, 2802
0.075, 2801
0.075, 2800
0.075, 2799
0.075, 2798
0.075, 2797
0.075, 2796
0.075, 2795
0.075, 2794
0.075, 2793
0.075, 2792
0.075, 2791
0.075, 2790
0.075, 2789
0.075, 2788
0.075, 2787
0.075, 2786
0.075, 2785
0.075, 2784
0.075, 2783
0.075, 2782
0.075, 2781
0.075, 2780
0.075, 2779
0.075, 2778
0.075, 2777
0.075, 2776
0.075, 2775
0.075, 2774
0.075, 2773
0.075, 2772
0.075, 2771
0.075, 2770
0.075, 2769
0.075, 2768
0.075, 2767
0.075, 2766
0.075, 2765
0.075, 2764
0.075, 2763
0.075, 2762
0.075, 2761
0.075, 2760
0.075, 2759
0.075, 2758
0.075, 2757
0.075, 2756
0.075, 2755
0.075, 2754
0.075, 2753
0.075, 2752
0.075, 2751
0.075, 2750
0.075, 2749
0.075, 2748
0.075, 2747
0.075, 2746
0.075, 2745
0.075, 2744
0.075, 2743
0.075, 2742
0.075, 2741
0.075, 2740
0.075, 2739
0.075, 2738
0.075, 2737
0.075, 2736
0.075, 2735
0.075, 2734
0.076, 2733
0.076, 2732
0.076, 2731
0.076, 2730
0.076, 2729
0.076, 2728
0.076, 2727
0.076, 2726
0.076, 2725
0.076, 2724
0.076, 2723
0.076, 2722
0.076, 2721
0.076, 2720
0.076, 2719
0.076, 2718
0.076, 2717
0.076, 2716
0.076, 2715
0.076, 2714
0.076, 2713
0.076, 2712
0.076, 2711
0.076, 2710
0.076, 2709
0.076, 2708
0.076, 2707
0.076, 2706
0.076, 2705
0.076, 2704
0.076, 2703
0.076, 2702
0.076, 2701
0.076, 2700
0.076, 2699
0.076, 2698
0.076, 2697
0.076, 2696
0.076, 2695
0.076, 2694
0.076, 2693
0.076, 2692
0.076, 2691
0.076, 2690
0.076, 2689
0.076, 2688
0.076, 2687
0.076, 2686
0.076, 2685
0.076, 2684
0.076, 2683
0.076, 2682
0.076, 2681
0.076, 2680
0.076, 2679
0.076, 2678
0.076, 2677
0.076, 2676
0.076, 2675
0.076, 2674
0.076, 2673
0.076, 2672
0.076, 2671
0.076, 2670
0.076, 2669
0.076, 2668
0.076, 2667
0.076, 2666
0.076, 2665
0.076, 2664
0.076, 2663
0.077, 2662
0.077, 2661
0.077, 2660
0.077, 2659
0.077, 2658
0.077, 2657
0.077, 2656
0.077, 2655
0.077, 2654
0.077, 2653
0.077, 2652
0.077, 2651
0.077, 2650
0.077, 2649
0.077, 2648
0.077, 2647
0.077, 2646
0.077, 2645
0.077, 2644
0.077, 2643
0.077, 2642
0.077, 2641
0.077, 2640
0.077, 2639
0.077, 2638
0.077, 2637
0.077, 2636
0.077, 2635
0.077, 2634
0.077, 2633
0.077, 2632
0.077, 2631
0.077, 2630
0.077, 2629
0.077, 2628
0.077, 2627
0.077, 2626
0.077, 2625
0.077, 2624
0.077, 2623
0.077, 2622
0.077, 2621
0.077, 2620
0.077, 2619
0.077, 2618
0.077, 2617
0.077, 2616
0.077, 2615
0.077, 2614
0.077, 2613
0.077, 2612
0.077, 2611
0.077, 2610
0.077, 2609
0.077, 2608
0.077, 2607
0.077, 2606
0.077, 2605
0.077, 2604
0.077, 2603
0.077, 2602
0.077, 2601
0.077, 2600
0.077, 2599
0.077, 2598
0.077, 2597
0.077, 2596
0.077, 2595
0.077, 2594
0.077, 2593
0.077, 2592
0.077, 2591
0.077, 2590
0.078, 2589
0.078, 2588
0.078, 2587
0.078, 2586
0.078, 2585
0.078, 2584
0.078, 2583
0.078, 2582
0.078, 2581
0.078, 2580
0.078, 2579
0.078, 2578
0.078, 2577
0.078, 2576
0.078, 2575
0.078, 2574
0.078, 2573
0.078, 2572
0.078, 2571
0.078, 2570
0.078, 2569
0.078, 2568
0.078, 2567
0.078, 2566
0.078, 2565
0.078, 2564
0.078, 2563
0.078, 2562
0.078, 2561
0.078, 2560
0.078, 2559
0.078, 2558
0.078, 2557
0.078, 2556
0.078, 2555
0.078, 2554
0.078, 2553
0.078, 2552
0.078, 2551
0.078, 2550
0.078, 2549
0.078, 2548
0.078, 2547
0.078, 2546
0.078, 2545
0.078, 2544
0.078, 2543
0.078, 2542
0.078, 2541
0.078, 2540
0.078, 2539
0.078, 2538
0.078, 2537
0.078, 2536
0.078, 2535
0.078, 2534
0.078, 2533
0.078, 2532
0.078, 2531
0.078, 2530
0.078, 2529
0.078, 2528
0.078, 2527
0.078, 2526
0.078, 2525
0.078, 2524
0.078, 2523
0.078, 2522
0.078, 2521
0.078, 2520
0.078, 2519
0.078, 2518
0.078, 2517
0.078, 2516
0.079, 2515
0.079, 2514
0.079, 2513
0.079, 2512
0.079, 2511
0.079, 2510
0.079, 2509
0.079, 2508
0.079, 2507
0.079, 2506
0.079, 2505
0.079, 2504
0.079, 2503
0.079, 2502
0.079, 2501
0.079, 2500
0.079, 2499
0.079, 2498
0.079, 2497
0.079, 2496
0.079, 2495
0.079, 2494
0.079, 2493
0.079, 2492
0.079, 2491
0.079, 2490
0.079, 2489
0.079, 2488
0.079, 2487
0.079, 2486
0.079, 2485
0.079, 2484
0.079, 2483
0.079, 2482
0.079, 2481
0.079, 2480
0.079, 2479
0.079, 2478
0.079, 2477
0.079, 2476
0.079, 2475
0.079, 2474
0.079, 2473
0.079, 2472
0.079, 2471
0.079, 2470
0.079, 2469
0.079, 2468
0.079, 2467
0.079, 2466
0.079, 2465
0.079, 2464
0.079, 2463
0.079, 2462
0.079, 2461
0.079, 2460
0.079, 2459
0.079, 2458
0.079, 2457
0.079, 2456
0.079, 2455
0.079, 2454
0.079, 2453
0.079, 2452
0.079, 2451
0.079, 2450
0.079, 2449
0.079, 2448
0.079, 2447
0.079, 2446
0.079, 2445
0.079, 2444
0.079, 2443
0.079, 2442
0.079, 2441
0.079, 2440
0.080, 2439
0.080, 2438
0.080, 2437
0.080, 2436
0.080, 2435
0.080, 2434
0.080, 2433
0.080, 2432
0.080, 2431
0.080, 2430
0.080, 2429
0.080, 2428
0.080, 2427
0.080, 2426
0.080, 2425
0.080, 2424
0.080, 2423
0.080, 2422
0.080, 2421
0.080, 2420
0.080, 2419
0.080, 2418
0.080, 2417
0.080, 2416
0.080, 2415
0.080, 2414
0.080, 2413
0.080, 2412
0.080, 2411
0.080, 2410
0.080, 2409
0.080, 2408
0.080, 2407
0.080, 2406
0.080, 2405
0.080, 2404
0.080, 2403
0.080, 2402
0.080, 2401
0.080, 2400
0.080, 2399
0.080, 2398
0.080, 2397
0.080, 2396
0.080, 2395
0.080, 2394
0.080, 2393
0.080, 2392
0.080, 2391
0.080, 2390
0.080, 2389
0.080, 2388
0.080, 2387
0.080, 2386
0.080, 2385
0.080, 2384
0.080, 2383
0.080, 2382
0.080, 2381
0.080, 2380
0.080, 2379
0.080, 2378
0.080, 2377
0.080, 2376
0.080, 2375
0.080, 2374
0.080, 2373
0.080, 2372
0.080, 2371
0.080, 2370
0.080, 2369
0.080, 2368
0.080, 2367
0.080, 2366
0.080, 2365
0.080, 2364
0.080, 2363
0.080, 2362
0.080, 2361
0.080, 2360
0.080, 2359
0.080, 2358
0.080, 2357
0.080, 2356
0.080, 2355
0.080, 2354
0.080, 2353
0.080, 2352
0.080, 2351
0.081, 2350
0.081, 2349
0.081, 2348
0.081, 2347
0.081, 2346
0.081, 2345
0.081, 2344
0.081, 2343
0.081, 2342
0.081, 2341
0.081, 2340
0.081, 2339
0.081, 2338
0.081, 2337
0.081, 2336
0.081, 2335
0.081, 2334
0.081, 2333
0.081, 2332
0.081, 2331
0.081, 2330
0.081, 2329
0.081, 2328
0.081, 2327
0.081, 2326
0.081, 2325
0.081, 2324
0.081, 2323
0.081, 2322
0.081, 2321
0.081, 2320
0.081, 2319
0.081, 2318
0.081, 2317
0.081, 2316
0.081, 2315
0.081, 2314
0.081, 2313
0.081, 2312
0.081, 2311
0.081, 2310
0.081, 2309
0.081, 2308
0.081, 2307
0.081, 2306
0.081, 2305
0.081, 2304
0.081, 2303
0.081, 2302
0.081, 2301
0.081, 2300
0.081, 2299
0.081, 2298
0.081, 2297
0.081, 2296
0.081, 2295
0.081, 2294
0.081, 2293
0.082, 2292
0.082, 2291
0.082, 2290
0.082, 2289
0.082, 2288
0.082, 2287
0.082, 2286
0.082, 2285
0.082, 2284
0.082, 2283
0.082, 2282
0.082, 2281
0.082, 2280
0.082, 2279
0.082, 2278
0.082, 2277
0.082, 2276
0.082, 2275
0.082, 2274
0.082, 2273
0.082, 2272
0.082, 2271
0.082, 2270
