0.002, 4939
0.002, 4938
0.002, 4937
0.002, 4936
0.002, 4935
0.002, 4934
0.002, 4933
0.002, 4932
0.002, 4931
0.002, 4930
0.002, 4929
0.002, 4928
0.002, 4927
0.002, 4926
0.002, 4925
0.002, 4924
0.002, 4923
0.002, 4922
0.002, 4921
0.002, 4920
0.002, 4919
0.002, 4918
0.002, 4917
0.002, 4916
0.002, 4915
0.002, 4914
0.002, 4913
0.002, 4912
0.002, 4911
0.002, 4910
0.002, 4909
0.002, 4908
0.002, 4907
0.002, 4906
0.002, 4905
0.002, 4904
0.002, 4903
0.002, 4902
0.002, 4901
0.002, 4900
0.002, 4899
0.002, 4898
0.002, 4897
0.002, 4896
0.002, 4895
0.002, 4894
0.002, 4893
0.002, 4892
0.002, 4891
0.002, 4890
0.002, 4889
0.002, 4888
0.002, 4887
0.002, 4886
0.002, 4885
0.002, 4884
0.002, 4883
0.002, 4882
0.002, 4881
0.002, 4880
0.002, 4879
0.002, 4878
0.002, 4877
0.002, 4876
0.002, 4875
0.002, 4874
0.002, 4873
0.002, 4872
0.002, 4871
0.002, 4870
0.002, 4869
0.002, 4868
0.002, 4867
0.002, 4866
0.002, 4865
0.002, 4864
0.002, 4863
0.002, 4862
0.002, 4861
0.002, 4860
0.002, 4859
0.002, 4858
0.002, 4857
0.002, 4856
0.002, 4855
0.002, 4854
0.002, 4853
0.002, 4852
0.002, 4851
0.002, 4850
0.002, 4849
0.002, 4848
0.002, 4847
0.002, 4846
0.002, 4845
0.002, 4844
0.002, 4843
0.002, 4842
0.002, 4841
0.002, 4840
0.002, 4839
0.002, 4838
0.002, 4837
0.002, 4836
0.002, 4835
0.002, 4834
0.002, 4833
0.002, 4832
0.002, 4831
0.002, 4830
0.002, 4829
0.002, 4828
0.002, 4827
0.002, 4826
0.002, 4825
0.002, 4824
0.002, 4823
0.002, 4822
0.002, 4821
0.002, 4820
0.002, 4819
0.002, 4818
0.002, 4817
0.002, 4816
0.002, 4815
0.002, 4814
0.002, 4813
0.002, 4812
0.002, 4811
0.002, 4810
0.002, 4809
0.002, 4808
0.002, 4807
0.002, 4806
0.002, 4805
0.002, 4804
0.002, 4803
0.002, 4802
0.002, 4801
0.002, 4800
0.002, 4799
0.002, 4798
0.002, 4797
0.002, 4796
0.002, 4795
0.002, 4794
0.002, 4793
0.002, 4792
0.002, 4791
0.002, 4790
0.002, 4789
0.002, 4788
0.002, 4787
0.002, 4786
0.002, 4785
0.002, 4784
0.003, 4783
0.003, 4782
0.003, 4781
0.003, 4780
0.003, 4779
0.003, 4778
0.003, 4777
0.003, 4776
0.003, 4775
0.003, 4774
0.003, 4773
0.003, 4772
0.003, 4771
0.003, 4770
0.003, 4769
0.003, 4768
0.003, 4767
0.003, 4766
0.003, 4765
0.003, 4764
0.003, 4763
0.003, 4762
0.003, 4761
0.003, 4760
0.003, 4759
0.003, 4758
0.003, 4757
0.003, 4756
0.003, 4755
0.003, 4754
0.003, 4753
0.003, 4752
0.003, 4751
0.003, 4750
0.003, 4749
0.003, 4748
0.003, 4747
0.003, 4746
0.003, 4745
0.003, 4744
0.003, 4743
0.003, 4742
0.003, 4741
0.003, 4740
0.003, 4739
0.003, 4738
0.003, 4737
0.003, 4736
0.003, 4735
0.003, 4734
0.003, 4733
0.003, 4732
0.003, 4731
0.003, 4730
0.003, 4729
0.003, 4728
0.003, 4727
0.003, 4726
0.003, 4725
0.003, 4724
0.003, 4723
0.003, 4722
0.003, 4721
0.003, 4720
0.003, 4719
0.003, 4718
0.003, 4717
0.003, 4716
0.003, 4715
0.003, 4714
0.003, 4713
0.003, 4712
0.003, 4711
0.003, 4710
0.003, 4709
0.003, 4708
0.003, 4707
0.003, 4706
0.003, 4705
0.003, 4704
0.003, 4703
0.003, 4702
0.003, 4701
0.003, 4700
0.003, 4699
0.003, 4698
0.003, 4697
0.003, 4696
0.003, 4695
0.003, 4694
0.003, 4693
0.003, 4692
0.003, 4691
0.003, 4690
0.003, 4689
0.003, 4688
0.003, 4687
0.003, 4686
0.003, 4685
0.003, 4684
0.003, 4683
0.003, 4682
0.003, 4681
0.003, 4680
0.003, 4679
0.003, 4678
0.003, 4677
0.003, 4676
0.003, 4675
0.003, 4674
0.003, 4673
0.003, 4672
0.003, 4671
0.003, 4670
0.003, 4669
0.003, 4668
0.003, 4667
0.003, 4666
0.003, 4665
0.003, 4664
0.003, 4663
0.003, 4662
0.003, 4661
0.003, 4660
0.003, 4659
0.003, 4658
0.003, 4657
0.003, 4656
0.003, 4655
0.003, 4654
0.003, 4653
0.003, 4652
0.003, 4651
0.003, 4650
0.003, 4649
0.003, 4648
0.003, 4647
0.003, 4646
0.003, 4645
0.003, 4644
0.003, 4643
0.003, 4642
0.003, 4641
0.003, 4640
0.003, 4639
0.003, 4638
0.003, 4637
0.003, 4636
0.003, 4635
0.003, 4634
0.003, 4633
0.003, 4632
0.003, 4631
0.003, 4630
0.003, 4629
0.003, 4628
0.003, 4627
0.003, 4626
0.003, 4625
0.003, 4624
0.003, 4623
0.003, 4622
0.003, 4621
0.003, 4620
0.003, 4619
0.003, 4618
0.003, 4617
0.003, 4616
0.003, 4615
0.003, 4614
0.003, 4613
0.003, 4612
0.003, 4611
0.003, 4610
0.003, 4609
0.003, 4608
0.003, 4607
0.003, 4606
0.003, 4605
0.003, 4604
0.003, 4603
0.003, 4602
0.003, 4601
0.003, 4600
0.003, 4599
0.003, 4598
0.003, 4597
0.003, 4596
0.003, 4595
0.003, 4594
0.003, 4593
0.003, 4592
0.003, 4591
0.003, 4590
0.003, 4589
0.003, 4588
0.003, 4587
0.003, 4586
0.003, 4585
0.003, 4584
0.003, 4583
0.003, 4582
0.003, 4581
0.003, 4580
0.003, 4579
0.003, 4578
0.003, 4577
0.003, 4576
0.003, 4575
0.003, 4574
0.003, 4573
0.003, 4572
0.003, 4571
0.003, 4570
0.003, 4569
0.003, 4568
0.003, 4567
0.003, 4566
0.003, 4565
0.003, 4564
0.003, 4563
0.003, 4562
0.003, 4561
0.003, 4560
0.003, 4559
0.003, 4558
0.003, 4557
0.003, 4556
0.003, 4555
0.003, 4554
0.003, 4553
0.003, 4552
0.003, 4551
0.003, 4550
0.003, 4549
0.003, 4548
0.003, 4547
0.003, 4546
0.003, 4545
0.003, 4544
0.003, 4543
0.003, 4542
0.003, 4541
0.003, 4540
0.003, 4539
0.003, 4538
0.003, 4537
0.003, 4536
0.003, 4535
0.003, 4534
0.003, 4533
0.003, 4532
0.003, 4531
0.003, 4530
0.003, 4529
0.003, 4528
0.003, 4527
0.003, 4526
0.003, 4525
0.003, 4524
0.003, 4523
0.003, 4522
0.003, 4521
0.003, 4520
0.003, 4519
0.003, 4518
0.003, 4517
0.003, 4516
0.003, 4515
0.003, 4514
0.003, 4513
0.003, 4512
0.003, 4511
0.003, 4510
0.003, 4509
0.003, 4508
0.003, 4507
0.003, 4506
0.003, 4505
0.003, 4504
0.003, 4503
0.003, 4502
0.003, 4501
0.003, 4500
0.003, 4499
0.003, 4498
0.003, 4497
0.003, 4496
0.003, 4495
0.003, 4494
0.003, 4493
0.003, 4492
0.003, 4491
0.003, 4490
0.003, 4489
0.003, 4488
0.003, 4487
0.003, 4486
0.003, 4485
0.003, 4484
0.003, 4483
0.003, 4482
0.003, 4481
0.003, 4480
0.003, 4479
0.003, 4478
0.003, 4477
0.003, 4476
0.003, 4475
0.003, 4474
0.003, 4473
0.003, 4472
0.003, 4471
0.003, 4470
0.003, 4469
0.003, 4468
0.003, 4467
0.003, 4466
0.003, 4465
0.003, 4464
0.003, 4463
0.003, 4462
0.003, 4461
0.003, 4460
0.003, 4459
0.003, 4458
0.003, 4457
0.003, 4456
0.003, 4455
0.003, 4454
0.003, 4453
0.003, 4452
0.003, 4451
0.003, 4450
0.003, 4449
0.003, 4448
0.003, 4447
0.003, 4446
0.003, 4445
0.003, 4444
0.003, 4443
0.003, 4442
0.003, 4441
0.003, 4440
0.003, 4439
0.003, 4438
0.003, 4437
0.003, 4436
0.003, 4435
0.003, 4434
0.003, 4433
0.003, 4432
0.003, 4431
0.003, 4430
0.003, 4429
0.003, 4428
0.003, 4427
0.003, 4426
0.003, 4425
0.003, 4424
0.003, 4423
0.003, 4422
0.003, 4421
0.003, 4420
0.003, 4419
0.003, 4418
0.003, 4417
0.003, 4416
0.003, 4415
0.003, 4414
0.003, 4413
0.003, 4412
0.003, 4411
0.003, 4410
0.003, 4409
0.003, 4408
0.003, 4407
0.003, 4406
0.003, 4405
0.003, 4404
0.003, 4403
0.003, 4402
0.003, 4401
0.003, 4400
0.003, 4399
0.004, 4398
0.004, 4397
0.004, 4396
0.004, 4395
0.004, 4394
0.004, 4393
0.004, 4392
0.004, 4391
0.004, 4390
0.004, 4389
0.004, 4388
0.004, 4387
0.004, 4386
0.004, 4385
0.004, 4384
0.004, 4383
0.004, 4382
0.004, 4381
0.004, 4380
0.004, 4379
0.004, 4378
0.004, 4377
0.004, 4376
0.004, 4375
0.004, 4374
0.004, 4373
0.004, 4372
0.004, 4371
0.004, 4370
0.004, 4369
0.004, 4368
0.004, 4367
0.004, 4366
0.004, 4365
0.004, 4364
0.004, 4363
0.004, 4362
0.004, 4361
0.004, 4360
0.004, 4359
0.004, 4358
0.004, 4357
0.004, 4356
0.004, 4355
0.004, 4354
0.004, 4353
0.004, 4352
0.004, 4351
0.004, 4350
0.004, 4349
0.004, 4348
0.004, 4347
0.004, 4346
0.004, 4345
0.004, 4344
0.004, 4343
0.004, 4342
0.004, 4341
0.004, 4340
0.004, 4339
0.004, 4338
0.004, 4337
0.004, 4336
0.004, 4335
0.004, 4334
0.004, 4333
0.004, 4332
0.004, 4331
0.004, 4330
0.004, 4329
0.004, 4328
0.004, 4327
0.004, 4326
0.004, 4325
0.004, 4324
0.004, 4323
0.004, 4322
0.004, 4321
0.004, 4320
0.004, 4319
0.004, 4318
0.004, 4317
0.004, 4316
0.004, 4315
0.004, 4314
0.004, 4313
0.004, 4312
0.004, 4311
0.004, 4310
0.004, 4309
0.004, 4308
0.004, 4307
0.004, 4306
0.004, 4305
0.004, 4304
0.004, 4303
0.004, 4302
0.004, 4301
0.004, 4300
0.004, 4299
0.004, 4298
0.004, 4297
0.004, 4296
0.004, 4295
0.004, 4294
0.004, 4293
0.004, 4292
0.004, 4291
0.004, 4290
0.004, 4289
0.004, 4288
0.004, 4287
0.004, 4286
0.004, 4285
0.004, 4284
0.004, 4283
0.004, 4282
0.004, 4281
0.004, 4280
0.004, 4279
0.004, 4278
0.004, 4277
0.004, 4276
0.004, 4275
0.004, 4274
0.004, 4273
0.004, 4272
0.004, 4271
0.004, 4270
0.004, 4269
0.004, 4268
0.004, 4267
0.004, 4266
0.004, 4265
0.004, 4264
0.004, 4263
0.004, 4262
0.004, 4261
0.004, 4260
0.004, 4259
0.004, 4258
0.004, 4257
0.004, 4256
0.004, 4255
0.004, 4254
0.004, 4253
0.004, 4252
0.004, 4251
0.004, 4250
0.004, 4249
0.004, 4248
0.004, 4247
0.004, 4246
0.004, 4245
0.004, 4244
0.004, 4243
0.004, 4242
0.004, 4241
0.004, 4240
0.004, 4239
0.004, 4238
0.004, 4237
0.004, 4236
0.004, 4235
0.004, 4234
0.004, 4233
0.004, 4232
0.004, 4231
0.004, 4230
0.004, 4229
0.004, 4228
0.004, 4227
0.004, 4226
0.004, 4225
0.004, 4224
0.004, 4223
0.004, 4222
0.004, 4221
0.004, 4220
0.004, 4219
0.004, 4218
0.004, 4217
0.004, 4216
0.004, 4215
0.004, 4214
0.004, 4213
0.004, 4212
0.004, 4211
0.004, 4210
0.004, 4209
0.004, 4208
0.004, 4207
0.004, 4206
0.004, 4205
0.004, 4204
0.004, 4203
0.004, 4202
0.004, 4201
0.004, 4200
0.004, 4199
0.004, 4198
0.004, 4197
0.004, 4196
0.004, 4195
0.004, 4194
0.004, 4193
0.004, 4192
0.004, 4191
0.004, 4190
0.004, 4189
0.004, 4188
0.004, 4187
0.004, 4186
0.004, 4185
0.004, 4184
0.004, 4183
0.004, 4182
0.004, 4181
0.004, 4180
0.004, 4179
0.004, 4178
0.004, 4177
0.004, 4176
0.004, 4175
0.004, 4174
0.004, 4173
0.004, 4172
0.004, 4171
0.004, 4170
0.004, 4169
0.004, 4168
0.004, 4167
0.004, 4166
0.004, 4165
0.004, 4164
0.004, 4163
0.004, 4162
0.004, 4161
0.004, 4160
0.004, 4159
0.004, 4158
0.004, 4157
0.004, 4156
0.004, 4155
0.004, 4154
0.004, 4153
0.004, 4152
0.004, 4151
0.004, 4150
0.004, 4149
0.004, 4148
0.004, 4147
0.004, 4146
0.004, 4145
0.004, 4144
0.004, 4143
0.004, 4142
0.004, 4141
0.004, 4140
0.004, 4139
0.004, 4138
0.004, 4137
0.004, 4136
0.004, 4135
0.004, 4134
0.004, 4133
0.004, 4132
0.004, 4131
0.004, 4130
0.004, 4129
0.004, 4128
0.004, 4127
0.004, 4126
0.004, 4125
0.004, 4124
0.004, 4123
0.004, 4122
0.004, 4121
0.004, 4120
0.004, 4119
0.004, 4118
0.004, 4117
0.004, 4116
0.004, 4115
0.004, 4114
0.004, 4113
0.004, 4112
0.004, 4111
0.004, 4110
0.004, 4109
0.004, 4108
0.004, 4107
0.004, 4106
0.004, 4105
0.004, 4104
0.004, 4103
0.004, 4102
0.004, 4101
0.004, 4100
0.004, 4099
0.004, 4098
0.004, 4097
0.004, 4096
0.004, 4095
0.004, 4094
0.004, 4093
0.004, 4092
0.004, 4091
0.004, 4090
0.004, 4089
0.004, 4088
0.004, 4087
0.004, 4086
0.005, 4085
0.005, 4084
0.005, 4083
0.005, 4082
0.005, 4081
0.005, 4080
0.005, 4079
0.005, 4078
0.005, 4077
0.005, 4076
0.005, 4075
0.005, 4074
0.005, 4073
0.005, 4072
0.005, 4071
0.005, 4070
0.005, 4069
0.005, 4068
0.005, 4067
0.005, 4066
0.005, 4065
0.005, 4064
0.005, 4063
0.005, 4062
0.005, 4061
0.005, 4060
0.005, 4059
0.005, 4058
0.005, 4057
0.005, 4056
0.005, 4055
0.005, 4054
0.005, 4053
0.005, 4052
0.005, 4051
0.005, 4050
0.005, 4049
0.005, 4048
0.005, 4047
0.005, 4046
0.005, 4045
0.005, 4044
0.005, 4043
0.005, 4042
0.005, 4041
0.005, 4040
0.005, 4039
0.005, 4038
0.005, 4037
0.005, 4036
0.005, 4035
0.005, 4034
0.005, 4033
0.005, 4032
0.005, 4031
0.005, 4030
0.005, 4029
0.005, 4028
0.005, 4027
0.005, 4026
0.005, 4025
0.005, 4024
0.005, 4023
0.005, 4022
0.005, 4021
0.005, 4020
0.005, 4019
0.005, 4018
0.005, 4017
0.005, 4016
0.005, 4015
0.005, 4014
0.005, 4013
0.005, 4012
0.005, 4011
0.005, 4010
0.005, 4009
0.005, 4008
0.005, 4007
0.005, 4006
0.005, 4005
0.005, 4004
0.005, 4003
0.005, 4002
0.005, 4001
0.005, 4000
0.005, 3999
0.005, 3998
0.005, 3997
0.005, 3996
0.005, 3995
0.005, 3994
0.005, 3993
0.005, 3992
0.005, 3991
0.005, 3990
0.005, 3989
0.005, 3988
0.005, 3987
0.005, 3986
0.005, 3985
0.005, 3984
0.005, 3983
0.005, 3982
0.005, 3981
0.005, 3980
0.005, 3979
0.005, 3978
0.005, 3977
0.005, 3976
0.005, 3975
0.005, 3974
0.005, 3973
0.005, 3972
0.005, 3971
0.005, 3970
0.005, 3969
0.005, 3968
0.005, 3967
0.005, 3966
0.005, 3965
0.005, 3964
0.005, 3963
0.005, 3962
0.005, 3961
0.005, 3960
0.005, 3959
0.005, 3958
0.005, 3957
0.005, 3956
0.005, 3955
0.005, 3954
0.005, 3953
0.005, 3952
0.005, 3951
0.005, 3950
0.005, 3949
0.005, 3948
0.005, 3947
0.005, 3946
0.005, 3945
0.005, 3944
0.005, 3943
0.005, 3942
0.005, 3941
0.005, 3940
0.005, 3939
0.005, 3938
0.005, 3937
0.005, 3936
0.005, 3935
0.005, 3934
0.005, 3933
0.005, 3932
0.005, 3931
0.005, 3930
0.005, 3929
0.005, 3928
0.005, 3927
0.005, 3926
0.005, 3925
0.005, 3924
0.005, 3923
0.005, 3922
0.005, 3921
0.005, 3920
0.005, 3919
0.005, 3918
0.005, 3917
0.005, 3916
0.005, 3915
0.005, 3914
0.005, 3913
0.005, 3912
0.005, 3911
0.005, 3910
0.005, 3909
0.005, 3908
0.005, 3907
0.005, 3906
0.005, 3905
0.005, 3904
0.005, 3903
0.005, 3902
0.005, 3901
0.005, 3900
0.005, 3899
0.005, 3898
0.005, 3897
0.005, 3896
0.005, 3895
0.005, 3894
0.005, 3893
0.005, 3892
0.005, 3891
0.005, 3890
0.005, 3889
0.005, 3888
0.005, 3887
0.005, 3886
0.005, 3885
0.005, 3884
0.005, 3883
0.005, 3882
0.005, 3881
0.005, 3880
0.005, 3879
0.005, 3878
0.005, 3877
0.005, 3876
0.005, 3875
0.005, 3874
0.005, 3873
0.005, 3872
0.005, 3871
0.005, 3870
0.005, 3869
0.005, 3868
0.005, 3867
0.005, 3866
0.005, 3865
0.005, 3864
0.005, 3863
0.005, 3862
0.005, 3861
0.005, 3860
0.005, 3859
0.005, 3858
0.005, 3857
0.005, 3856
0.005, 3855
0.005, 3854
0.005, 3853
0.005, 3852
0.005, 3851
0.005, 3850
0.005, 3849
0.005, 3848
0.005, 3847
0.005, 3846
0.005, 3845
0.005, 3844
0.005, 3843
0.005, 3842
0.005, 3841
0.005, 3840
0.005, 3839
0.005, 3838
0.005, 3837
0.005, 3836
0.005, 3835
0.005, 3834
0.005, 3833
0.005, 3832
0.005, 3831
0.005, 3830
0.005, 3829
0.005, 3828
0.005, 3827
0.005, 3826
0.005, 3825
0.005, 3824
0.005, 3823
0.005, 3822
0.005, 3821
0.005, 3820
0.005, 3819
0.005, 3818
0.005, 3817
0.005, 3816
0.005, 3815
0.005, 3814
0.005, 3813
0.005, 3812
0.005, 3811
0.005, 3810
0.005, 3809
0.005, 3808
0.005, 3807
0.005, 3806
0.005, 3805
0.005, 3804
0.005, 3803
0.005, 3802
0.005, 3801
0.005, 3800
0.005, 3799
0.005, 3798
0.005, 3797
0.005, 3796
0.005, 3795
0.005, 3794
0.005, 3793
0.005, 3792
0.005, 3791
0.005, 3790
0.005, 3789
0.005, 3788
0.005, 3787
0.005, 3786
0.005, 3785
0.005, 3784
0.005, 3783
0.005, 3782
0.005, 3781
0.005, 3780
0.005, 3779
0.005, 3778
0.005, 3777
0.005, 3776
0.005, 3775
0.005, 3774
0.005, 3773
0.005, 3772
0.005, 3771
0.005, 3770
0.005, 3769
0.005, 3768
0.005, 3767
0.005, 3766
0.005, 3765
0.005, 3764
0.005, 3763
0.005, 3762
0.006, 3761
0.006, 3760
0.006, 3759
0.006, 3758
0.006, 3757
0.006, 3756
0.006, 3755
0.006, 3754
0.006, 3753
0.006, 3752
0.006, 3751
0.006, 3750
0.006, 3749
0.006, 3748
0.006, 3747
0.006, 3746
0.006, 3745
0.006, 3744
0.006, 3743
0.006, 3742
0.006, 3741
0.006, 3740
0.006, 3739
0.006, 3738
0.006, 3737
0.006, 3736
0.006, 3735
0.006, 3734
0.006, 3733
0.006, 3732
0.006, 3731
0.006, 3730
0.006, 3729
0.006, 3728
0.006, 3727
0.006, 3726
0.006, 3725
0.006, 3724
0.006, 3723
0.006, 3722
0.006, 3721
0.006, 3720
0.006, 3719
0.006, 3718
0.006, 3717
0.006, 3716
0.006, 3715
0.006, 3714
0.006, 3713
0.006, 3712
0.006, 3711
0.006, 3710
0.006, 3709
0.006, 3708
0.006, 3707
0.006, 3706
0.006, 3705
0.006, 3704
0.006, 3703
0.006, 3702
0.006, 3701
0.006, 3700
0.006, 3699
0.006, 3698
0.006, 3697
0.006, 3696
0.006, 3695
0.006, 3694
0.006, 3693
0.006, 3692
0.006, 3691
0.006, 3690
0.006, 3689
0.006, 3688
0.006, 3687
0.006, 3686
0.006, 3685
0.006, 3684
0.006, 3683
0.006, 3682
0.006, 3681
0.006, 3680
0.006, 3679
0.006, 3678
0.006, 3677
0.006, 3676
0.006, 3675
0.006, 3674
0.006, 3673
0.006, 3672
0.006, 3671
0.006, 3670
0.006, 3669
0.006, 3668
0.006, 3667
0.006, 3666
0.006, 3665
0.006, 3664
0.006, 3663
0.006, 3662
0.006, 3661
0.006, 3660
0.006, 3659
0.006, 3658
0.006, 3657
0.006, 3656
0.006, 3655
0.006, 3654
0.006, 3653
0.006, 3652
0.006, 3651
0.006, 3650
0.006, 3649
0.006, 3648
0.006, 3647
0.006, 3646
0.006, 3645
0.006, 3644
0.006, 3643
0.006, 3642
0.006, 3641
0.006, 3640
0.006, 3639
0.006, 3638
0.006, 3637
0.006, 3636
0.006, 3635
0.006, 3634
0.006, 3633
0.006, 3632
0.006, 3631
0.006, 3630
0.006, 3629
0.006, 3628
0.006, 3627
0.006, 3626
0.006, 3625
0.006, 3624
0.006, 3623
0.006, 3622
0.006, 3621
0.006, 3620
0.006, 3619
0.006, 3618
0.006, 3617
0.006, 3616
0.006, 3615
0.006, 3614
0.006, 3613
0.006, 3612
0.006, 3611
0.006, 3610
0.006, 3609
0.006, 3608
0.006, 3607
0.006, 3606
0.006, 3605
0.006, 3604
0.006, 3603
0.006, 3602
0.006, 3601
0.006, 3600
0.006, 3599
0.006, 3598
0.006, 3597
0.006, 3596
0.006, 3595
0.006, 3594
0.006, 3593
0.006, 3592
0.006, 3591
0.006, 3590
0.006, 3589
0.006, 3588
0.006, 3587
0.006, 3586
0.006, 3585
0.006, 3584
0.006, 3583
0.006, 3582
0.006, 3581
0.006, 3580
0.006, 3579
0.006, 3578
0.006, 3577
0.006, 3576
0.006, 3575
0.006, 3574
0.006, 3573
0.006, 3572
0.006, 3571
0.006, 3570
0.006, 3569
0.006, 3568
0.006, 3567
0.006, 3566
0.007, 3565
0.007, 3564
0.007, 3563
0.007, 3562
0.007, 3561
0.007, 3560
0.007, 3559
0.007, 3558
0.007, 3557
0.007, 3556
0.007, 3555
0.007, 3554
0.007, 3553
0.007, 3552
0.007, 3551
0.007, 3550
0.007, 3549
0.007, 3548
0.007, 3547
0.007, 3546
0.007, 3545
0.007, 3544
0.007, 3543
0.007, 3542
0.007, 3541
0.007, 3540
0.007, 3539
0.007, 3538
0.007, 3537
0.007, 3536
0.007, 3535
0.007, 3534
0.007, 3533
0.007, 3532
0.007, 3531
0.007, 3530
0.007, 3529
0.007, 3528
0.007, 3527
0.007, 3526
0.007, 3525
0.007, 3524
0.007, 3523
0.007, 3522
0.007, 3521
0.007, 3520
0.007, 3519
0.007, 3518
0.007, 3517
0.007, 3516
0.007, 3515
0.007, 3514
0.007, 3513
0.007, 3512
0.007, 3511
0.007, 3510
0.007, 3509
0.007, 3508
0.007, 3507
0.007, 3506
0.007, 3505
0.007, 3504
0.007, 3503
0.007, 3502
0.007, 3501
0.007, 3500
0.007, 3499
0.007, 3498
0.007, 3497
0.007, 3496
0.007, 3495
0.007, 3494
0.007, 3493
0.007, 3492
0.007, 3491
0.007, 3490
0.007, 3489
0.007, 3488
0.007, 3487
0.007, 3486
0.007, 3485
0.007, 3484
0.007, 3483
0.007, 3482
0.007, 3481
0.007, 3480
0.007, 3479
0.007, 3478
0.007, 3477
0.007, 3476
0.007, 3475
0.007, 3474
0.007, 3473
0.007, 3472
0.007, 3471
0.007, 3470
0.007, 3469
0.007, 3468
0.007, 3467
0.007, 3466
0.007, 3465
0.007, 3464
0.007, 3463
0.007, 3462
0.007, 3461
0.007, 3460
0.007, 3459
0.007, 3458
0.007, 3457
0.007, 3456
0.007, 3455
0.007, 3454
0.007, 3453
0.007, 3452
0.007, 3451
0.007, 3450
0.007, 3449
0.007, 3448
0.007, 3447
0.007, 3446
0.007, 3445
0.007, 3444
0.007, 3443
0.007, 3442
0.007, 3441
0.007, 3440
0.007, 3439
0.007, 3438
0.007, 3437
0.007, 3436
0.007, 3435
0.007, 3434
0.007, 3433
0.007, 3432
0.007, 3431
0.007, 3430
0.007, 3429
0.007, 3428
0.007, 3427
0.007, 3426
0.007, 3425
0.007, 3424
0.007, 3423
0.007, 3422
0.007, 3421
0.007, 3420
0.007, 3419
0.007, 3418
0.007, 3417
0.007, 3416
0.007, 3415
0.007, 3414
0.007, 3413
0.007, 3412
0.007, 3411
0.007, 3410
0.007, 3409
0.007, 3408
0.007, 3407
0.007, 3406
0.007, 3405
0.007, 3404
0.007, 3403
0.007, 3402
0.007, 3401
0.007, 3400
0.007, 3399
0.007, 3398
0.007, 3397
0.007, 3396
0.007, 3395
0.007, 3394
0.007, 3393
0.007, 3392
0.007, 3391
0.007, 3390
0.007, 3389
0.007, 3388
0.007, 3387
0.007, 3386
0.007, 3385
0.007, 3384
0.007, 3383
0.007, 3382
0.007, 3381
0.007, 3380
0.007, 3379
0.007, 3378
0.007, 3377
0.007, 3376
0.007, 3375
0.007, 3374
0.007, 3373
0.007, 3372
0.007, 3371
0.007, 3370
0.007, 3369
0.007, 3368
0.007, 3367
0.007, 3366
0.007, 3365
0.008, 3364
0.008, 3363
0.008, 3362
0.008, 3361
0.008, 3360
0.008, 3359
0.008, 3358
0.008, 3357
0.008, 3356
0.008, 3355
0.008, 3354
0.008, 3353
0.008, 3352
0.008, 3351
0.008, 3350
0.008, 3349
0.008, 3348
0.008, 3347
0.008, 3346
0.008, 3345
0.008, 3344
0.008, 3343
0.008, 3342
0.008, 3341
0.008, 3340
0.008, 3339
0.008, 3338
0.008, 3337
0.008, 3336
0.008, 3335
0.008, 3334
0.008, 3333
0.008, 3332
0.008, 3331
0.008, 3330
0.008, 3329
0.008, 3328
0.008, 3327
0.008, 3326
0.008, 3325
0.008, 3324
0.008, 3323
0.008, 3322
0.008, 3321
0.008, 3320
0.008, 3319
0.008, 3318
0.008, 3317
0.008, 3316
0.008, 3315
0.008, 3314
0.008, 3313
0.008, 3312
0.008, 3311
0.008, 3310
0.008, 3309
0.008, 3308
0.008, 3307
0.008, 3306
0.008, 3305
0.008, 3304
0.008, 3303
0.008, 3302
0.008, 3301
0.008, 3300
0.008, 3299
0.008, 3298
0.008, 3297
0.008, 3296
0.008, 3295
0.008, 3294
0.008, 3293
0.008, 3292
0.008, 3291
0.008, 3290
0.008, 3289
0.008, 3288
0.008, 3287
0.008, 3286
0.008, 3285
0.008, 3284
0.008, 3283
0.008, 3282
0.008, 3281
0.008, 3280
0.008, 3279
0.008, 3278
0.008, 3277
0.008, 3276
0.008, 3275
0.008, 3274
0.008, 3273
0.008, 3272
0.008, 3271
0.008, 3270
0.008, 3269
0.008, 3268
0.008, 3267
0.008, 3266
0.008, 3265
0.008, 3264
0.008, 3263
0.008, 3262
0.008, 3261
0.008, 3260
0.008, 3259
0.008, 3258
0.008, 3257
0.008, 3256
0.008, 3255
0.008, 3254
0.008, 3253
0.008, 3252
0.008, 3251
0.008, 3250
0.008, 3249
0.008, 3248
0.008, 3247
0.008, 3246
0.008, 3245
0.008, 3244
0.008, 3243
0.008, 3242
0.008, 3241
0.008, 3240
0.008, 3239
0.008, 3238
0.008, 3237
0.008, 3236
0.008, 3235
0.008, 3234
0.008, 3233
0.008, 3232
0.008, 3231
0.008, 3230
0.008, 3229
0.008, 3228
0.008, 3227
0.008, 3226
0.008, 3225
0.008, 3224
0.008, 3223
0.008, 3222
0.008, 3221
0.008, 3220
0.008, 3219
0.008, 3218
0.008, 3217
0.008, 3216
0.008, 3215
0.008, 3214
0.008, 3213
0.008, 3212
0.008, 3211
0.008, 3210
0.008, 3209
0.008, 3208
0.008, 3207
0.008, 3206
0.008, 3205
0.008, 3204
0.008, 3203
0.008, 3202
0.008, 3201
0.008, 3200
0.008, 3199
0.008, 3198
0.008, 3197
0.008, 3196
0.008, 3195
0.008, 3194
0.008, 3193
0.008, 3192
0.008, 3191
0.008, 3190
0.008, 3189
0.008, 3188
0.008, 3187
0.008, 3186
0.008, 3185
0.008, 3184
0.008, 3183
0.008, 3182
0.008, 3181
0.008, 3180
0.008, 3179
0.008, 3178
0.008, 3177
0.008, 3176
0.008, 3175
0.008, 3174
0.008, 3173
0.008, 3172
0.008, 3171
0.008, 3170
0.008, 3169
0.008, 3168
0.008, 3167
0.008, 3166
0.008, 3165
0.008, 3164
0.008, 3163
0.008, 3162
0.008, 3161
0.008, 3160
0.008, 3159
0.008, 3158
0.008, 3157
0.008, 3156
0.008, 3155
0.008, 3154
0.008, 3153
0.008, 3152
0.008, 3151
0.008, 3150
0.008, 3149
0.008, 3148
0.008, 3147
0.008, 3146
0.008, 3145
0.008, 3144
0.008, 3143
0.008, 3142
0.008, 3141
0.008, 3140
0.008, 3139
0.008, 3138
0.008, 3137
0.008, 3136
0.008, 3135
0.008, 3134
0.008, 3133
0.008, 3132
0.008, 3131
0.008, 3130
0.008, 3129
0.008, 3128
0.008, 3127
0.008, 3126
0.008, 3125
0.008, 3124
0.008, 3123
0.008, 3122
0.008, 3121
0.008, 3120
0.008, 3119
0.008, 3118
0.008, 3117
0.008, 3116
0.008, 3115
0.008, 3114
0.008, 3113
0.008, 3112
0.008, 3111
0.008, 3110
0.008, 3109
0.008, 3108
0.008, 3107
0.008, 3106
0.008, 3105
0.008, 3104
0.008, 3103
0.008, 3102
0.008, 3101
0.008, 3100
0.008, 3099
0.008, 3098
0.008, 3097
0.008, 3096
0.008, 3095
0.008, 3094
0.008, 3093
0.008, 3092
0.008, 3091
0.008, 3090
0.008, 3089
0.008, 3088
0.008, 3087
0.008, 3086
0.008, 3085
0.008, 3084
0.008, 3083
0.008, 3082
0.008, 3081
0.008, 3080
0.008, 3079
0.008, 3078
0.008, 3077
0.008, 3076
0.008, 3075
0.008, 3074
0.008, 3073
0.008, 3072
0.008, 3071
0.008, 3070
0.008, 3069
0.008, 3068
0.008, 3067
0.008, 3066
0.008, 3065
0.008, 3064
0.008, 3063
0.008, 3062
0.008, 3061
0.008, 3060
0.008, 3059
0.008, 3058
0.008, 3057
0.008, 3056
0.008, 3055
0.008, 3054
0.008, 3053
0.008, 3052
0.008, 3051
0.009, 3050
0.009, 3049
0.009, 3048
0.009, 3047
0.009, 3046
0.009, 3045
0.009, 3044
0.009, 3043
0.009, 3042
0.009, 3041
0.009, 3040
0.009, 3039
0.009, 3038
0.009, 3037
0.009, 3036
0.009, 3035
0.009, 3034
0.009, 3033
0.009, 3032
0.009, 3031
0.009, 3030
0.009, 3029
0.009, 3028
0.009, 3027
0.009, 3026
0.009, 3025
0.009, 3024
0.009, 3023
0.009, 3022
0.009, 3021
0.009, 3020
0.009, 3019
0.009, 3018
0.009, 3017
0.009, 3016
0.009, 3015
0.009, 3014
0.009, 3013
0.009, 3012
0.009, 3011
0.009, 3010
0.009, 3009
0.009, 3008
0.009, 3007
0.009, 3006
0.009, 3005
0.009, 3004
0.009, 3003
0.009, 3002
0.009, 3001
0.009, 3000
0.009, 2999
0.009, 2998
0.009, 2997
0.009, 2996
0.009, 2995
0.009, 2994
0.009, 2993
0.009, 2992
0.009, 2991
0.009, 2990
0.009, 2989
0.009, 2988
0.009, 2987
0.009, 2986
0.009, 2985
0.009, 2984
0.009, 2983
0.009, 2982
0.009, 2981
0.009, 2980
0.009, 2979
0.009, 2978
0.009, 2977
0.009, 2976
0.009, 2975
0.009, 2974
0.009, 2973
0.009, 2972
0.009, 2971
0.009, 2970
0.009, 2969
0.009, 2968
0.009, 2967
0.009, 2966
0.009, 2965
0.009, 2964
0.009, 2963
0.009, 2962
0.009, 2961
0.009, 2960
0.009, 2959
0.009, 2958
0.009, 2957
0.009, 2956
0.009, 2955
0.009, 2954
0.009, 2953
0.009, 2952
0.009, 2951
0.009, 2950
0.009, 2949
0.009, 2948
0.009, 2947
0.009, 2946
0.009, 2945
0.009, 2944
0.009, 2943
0.009, 2942
0.009, 2941
0.009, 2940
0.009, 2939
0.009, 2938
0.009, 2937
0.009, 2936
0.009, 2935
0.009, 2934
0.009, 2933
0.009, 2932
0.009, 2931
0.009, 2930
0.009, 2929
0.009, 2928
0.009, 2927
0.009, 2926
0.009, 2925
0.009, 2924
0.009, 2923
0.009, 2922
0.009, 2921
0.009, 2920
0.009, 2919
0.009, 2918
0.009, 2917
0.009, 2916
0.009, 2915
0.009, 2914
0.009, 2913
0.009, 2912
0.009, 2911
0.009, 2910
0.009, 2909
0.009, 2908
0.009, 2907
0.009, 2906
0.009, 2905
0.009, 2904
0.009, 2903
0.009, 2902
0.009, 2901
0.009, 2900
0.009, 2899
0.009, 2898
0.009, 2897
0.009, 2896
0.009, 2895
0.009, 2894
0.009, 2893
0.009, 2892
0.009, 2891
0.009, 2890
0.009, 2889
0.009, 2888
0.009, 2887
0.009, 2886
0.009, 2885
0.009, 2884
0.009, 2883
0.009, 2882
0.009, 2881
0.009, 2880
0.009, 2879
0.009, 2878
0.009, 2877
0.009, 2876
0.009, 2875
0.009, 2874
0.009, 2873
0.009, 2872
0.009, 2871
0.009, 2870
0.009, 2869
0.009, 2868
0.009, 2867
0.009, 2866
0.009, 2865
0.009, 2864
0.009, 2863
0.009, 2862
0.009, 2861
0.009, 2860
0.009, 2859
0.009, 2858
0.009, 2857
0.009, 2856
0.009, 2855
0.009, 2854
0.009, 2853
0.009, 2852
0.009, 2851
0.009, 2850
0.009, 2849
0.009, 2848
0.009, 2847
0.009, 2846
0.009, 2845
0.009, 2844
0.009, 2843
0.009, 2842
0.009, 2841
0.009, 2840
0.009, 2839
0.009, 2838
0.009, 2837
0.009, 2836
0.009, 2835
0.009, 2834
0.009, 2833
0.009, 2832
0.009, 2831
0.009, 2830
0.009, 2829
0.009, 2828
0.009, 2827
0.009, 2826
0.009, 2825
0.009, 2824
0.009, 2823
0.009, 2822
0.009, 2821
0.009, 2820
0.009, 2819
0.009, 2818
0.009, 2817
0.009, 2816
0.009, 2815
0.009, 2814
0.009, 2813
0.009, 2812
0.009, 2811
0.009, 2810
0.009, 2809
0.009, 2808
0.009, 2807
0.009, 2806
0.009, 2805
0.009, 2804
0.009, 2803
0.009, 2802
0.009, 2801
0.009, 2800
0.009, 2799
0.009, 2798
0.009, 2797
0.009, 2796
0.009, 2795
0.009, 2794
0.009, 2793
0.009, 2792
0.009, 2791
0.009, 2790
0.009, 2789
0.009, 2788
0.009, 2787
0.009, 2786
0.009, 2785
0.009, 2784
0.009, 2783
0.009, 2782
0.009, 2781
0.009, 2780
0.009, 2779
0.009, 2778
0.009, 2777
0.009, 2776
0.009, 2775
0.009, 2774
0.009, 2773
0.009, 2772
0.009, 2771
0.009, 2770
0.009, 2769
0.009, 2768
0.009, 2767
0.009, 2766
0.009, 2765
0.009, 2764
0.009, 2763
0.009, 2762
0.009, 2761
0.009, 2760
0.009, 2759
0.009, 2758
0.009, 2757
0.009, 2756
0.009, 2755
0.009, 2754
0.009, 2753
0.009, 2752
0.009, 2751
0.009, 2750
0.009, 2749
0.009, 2748
0.010, 2747
0.010, 2746
0.010, 2745
0.010, 2744
0.010, 2743
0.010, 2742
0.010, 2741
0.010, 2740
0.010, 2739
0.010, 2738
0.010, 2737
0.010, 2736
0.010, 2735
0.010, 2734
0.010, 2733
0.010, 2732
0.010, 2731
0.010, 2730
0.010, 2729
0.010, 2728
0.010, 2727
0.010, 2726
0.010, 2725
0.010, 2724
0.010, 2723
0.010, 2722
0.010, 2721
0.010, 2720
0.010, 2719
0.010, 2718
0.010, 2717
0.010, 2716
0.010, 2715
0.010, 2714
0.010, 2713
0.010, 2712
0.010, 2711
0.010, 2710
0.010, 2709
0.010, 2708
0.010, 2707
0.010, 2706
0.010, 2705
0.010, 2704
0.010, 2703
0.010, 2702
0.010, 2701
0.010, 2700
0.010, 2699
0.010, 2698
0.010, 2697
0.010, 2696
0.010, 2695
0.010, 2694
0.010, 2693
0.010, 2692
0.010, 2691
0.010, 2690
0.010, 2689
0.010, 2688
0.010, 2687
0.010, 2686
0.010, 2685
0.010, 2684
0.010, 2683
0.010, 2682
0.010, 2681
0.010, 2680
0.010, 2679
0.010, 2678
0.010, 2677
0.010, 2676
0.010, 2675
0.010, 2674
0.010, 2673
0.010, 2672
0.010, 2671
0.010, 2670
0.010, 2669
0.010, 2668
0.010, 2667
0.010, 2666
0.010, 2665
0.010, 2664
0.010, 2663
0.010, 2662
0.010, 2661
0.010, 2660
0.010, 2659
0.010, 2658
0.010, 2657
0.010, 2656
0.010, 2655
0.010, 2654
0.010, 2653
0.010, 2652
0.010, 2651
0.010, 2650
0.010, 2649
0.010, 2648
0.010, 2647
0.010, 2646
0.010, 2645
0.010, 2644
0.010, 2643
0.010, 2642
0.010, 2641
0.010, 2640
0.010, 2639
0.010, 2638
0.010, 2637
0.010, 2636
0.010, 2635
0.010, 2634
0.010, 2633
0.010, 2632
0.010, 2631
0.010, 2630
0.010, 2629
0.010, 2628
0.010, 2627
0.010, 2626
0.010, 2625
0.010, 2624
0.010, 2623
0.010, 2622
0.010, 2621
0.010, 2620
0.010, 2619
0.010, 2618
0.010, 2617
0.010, 2616
0.010, 2615
0.010, 2614
0.010, 2613
0.010, 2612
0.010, 2611
0.010, 2610
0.010, 2609
0.010, 2608
0.010, 2607
0.010, 2606
0.010, 2605
0.010, 2604
0.010, 2603
0.010, 2602
0.010, 2601
0.010, 2600
0.010, 2599
0.010, 2598
0.010, 2597
0.010, 2596
0.010, 2595
0.010, 2594
0.010, 2593
0.010, 2592
0.010, 2591
0.010, 2590
0.010, 2589
0.010, 2588
0.010, 2587
0.010, 2586
0.010, 2585
0.010, 2584
0.010, 2583
0.010, 2582
0.010, 2581
0.010, 2580
0.010, 2579
0.010, 2578
0.010, 2577
0.010, 2576
0.010, 2575
0.010, 2574
0.010, 2573
0.010, 2572
0.010, 2571
0.010, 2570
0.010, 2569
0.010, 2568
0.010, 2567
0.010, 2566
0.010, 2565
0.010, 2564
0.010, 2563
0.010, 2562
0.010, 2561
0.010, 2560
0.010, 2559
0.010, 2558
0.010, 2557
0.010, 2556
0.010, 2555
0.010, 2554
0.010, 2553
0.010, 2552
0.010, 2551
0.010, 2550
0.010, 2549
0.010, 2548
0.010, 2547
0.010, 2546
0.010, 2545
0.010, 2544
0.010, 2543
0.010, 2542
0.010, 2541
0.010, 2540
0.010, 2539
0.010, 2538
0.010, 2537
0.010, 2536
0.010, 2535
0.010, 2534
0.010, 2533
0.010, 2532
0.010, 2531
0.010, 2530
0.010, 2529
0.010, 2528
0.010, 2527
0.010, 2526
0.010, 2525
0.010, 2524
0.010, 2523
0.010, 2522
0.010, 2521
0.010, 2520
0.010, 2519
0.010, 2518
0.010, 2517
0.010, 2516
0.010, 2515
0.010, 2514
0.010, 2513
0.010, 2512
0.010, 2511
0.010, 2510
0.010, 2509
0.010, 2508
0.010, 2507
0.010, 2506
0.010, 2505
0.010, 2504
0.010, 2503
0.010, 2502
0.010, 2501
0.010, 2500
0.010, 2499
0.010, 2498
0.010, 2497
0.010, 2496
0.010, 2495
0.010, 2494
0.010, 2493
0.010, 2492
0.010, 2491
0.010, 2490
0.011, 2489
0.011, 2488
0.011, 2487
0.011, 2486
0.011, 2485
0.011, 2484
0.011, 2483
0.011, 2482
0.011, 2481
0.011, 2480
0.011, 2479
0.011, 2478
0.011, 2477
0.011, 2476
0.011, 2475
0.011, 2474
0.011, 2473
0.011, 2472
0.011, 2471
0.011, 2470
0.011, 2469
0.011, 2468
0.011, 2467
0.011, 2466
0.011, 2465
0.011, 2464
0.011, 2463
0.011, 2462
0.011, 2461
0.011, 2460
0.011, 2459
0.011, 2458
0.011, 2457
0.011, 2456
0.011, 2455
0.011, 2454
0.011, 2453
0.011, 2452
0.011, 2451
0.011, 2450
0.011, 2449
0.011, 2448
0.011, 2447
0.011, 2446
0.011, 2445
0.011, 2444
0.011, 2443
0.011, 2442
0.011, 2441
0.011, 2440
0.011, 2439
0.011, 2438
0.011, 2437
0.011, 2436
0.011, 2435
0.011, 2434
0.011, 2433
0.011, 2432
0.011, 2431
0.011, 2430
0.011, 2429
0.011, 2428
0.011, 2427
0.011, 2426
0.011, 2425
0.011, 2424
0.011, 2423
0.011, 2422
0.011, 2421
0.011, 2420
0.011, 2419
0.011, 2418
0.011, 2417
0.011, 2416
0.011, 2415
0.011, 2414
0.011, 2413
0.011, 2412
0.011, 2411
0.011, 2410
0.011, 2409
0.011, 2408
0.011, 2407
0.011, 2406
0.011, 2405
0.011, 2404
0.011, 2403
0.011, 2402
0.011, 2401
0.011, 2400
0.011, 2399
0.011, 2398
0.011, 2397
0.011, 2396
0.011, 2395
0.011, 2394
0.011, 2393
0.011, 2392
0.011, 2391
0.011, 2390
0.011, 2389
0.011, 2388
0.011, 2387
0.011, 2386
0.011, 2385
0.011, 2384
0.011, 2383
0.011, 2382
0.011, 2381
0.011, 2380
0.011, 2379
0.011, 2378
0.011, 2377
0.011, 2376
0.011, 2375
0.011, 2374
0.011, 2373
0.011, 2372
0.011, 2371
0.011, 2370
0.011, 2369
0.011, 2368
0.011, 2367
0.011, 2366
0.011, 2365
0.011, 2364
0.011, 2363
0.011, 2362
0.011, 2361
0.011, 2360
0.011, 2359
0.011, 2358
0.011, 2357
0.011, 2356
0.011, 2355
0.011, 2354
0.011, 2353
0.011, 2352
0.011, 2351
0.011, 2350
0.011, 2349
0.011, 2348
0.011, 2347
0.011, 2346
0.011, 2345
0.011, 2344
0.011, 2343
0.011, 2342
0.011, 2341
0.011, 2340
0.011, 2339
0.011, 2338
0.011, 2337
0.011, 2336
0.011, 2335
0.011, 2334
0.011, 2333
0.011, 2332
0.011, 2331
0.011, 2330
0.011, 2329
0.011, 2328
0.011, 2327
0.011, 2326
0.011, 2325
0.011, 2324
0.011, 2323
0.011, 2322
0.011, 2321
0.011, 2320
0.011, 2319
0.011, 2318
0.011, 2317
0.011, 2316
0.011, 2315
0.011, 2314
0.011, 2313
0.011, 2312
0.011, 2311
0.011, 2310
0.011, 2309
0.011, 2308
0.011, 2307
0.011, 2306
0.011, 2305
0.011, 2304
0.012, 2303
0.012, 2302
0.012, 2301
0.012, 2300
0.012, 2299
0.012, 2298
0.012, 2297
0.012, 2296
0.012, 2295
0.012, 2294
0.012, 2293
0.012, 2292
0.012, 2291
0.012, 2290
0.012, 2289
0.012, 2288
0.012, 2287
0.012, 2286
0.012, 2285
0.012, 2284
0.012, 2283
0.012, 2282
0.012, 2281
0.012, 2280
0.012, 2279
0.012, 2278
0.012, 2277
0.012, 2276
0.012, 2275
0.012, 2274
0.012, 2273
0.012, 2272
0.012, 2271
0.012, 2270
0.012, 2269
