0.003, 4939
0.003, 4938
0.003, 4937
0.003, 4936
0.003, 4935
0.003, 4934
0.003, 4933
0.003, 4932
0.003, 4931
0.003, 4930
0.003, 4929
0.003, 4928
0.003, 4927
0.003, 4926
0.003, 4925
0.003, 4924
0.003, 4923
0.003, 4922
0.003, 4921
0.003, 4920
0.003, 4919
0.003, 4918
0.003, 4917
0.003, 4916
0.003, 4915
0.003, 4914
0.003, 4913
0.003, 4912
0.003, 4911
0.003, 4910
0.003, 4909
0.003, 4908
0.003, 4907
0.003, 4906
0.003, 4905
0.003, 4904
0.003, 4903
0.003, 4902
0.003, 4901
0.003, 4900
0.003, 4899
0.003, 4898
0.003, 4897
0.003, 4896
0.003, 4895
0.003, 4894
0.003, 4893
0.003, 4892
0.003, 4891
0.003, 4890
0.003, 4889
0.003, 4888
0.003, 4887
0.003, 4886
0.003, 4885
0.003, 4884
0.003, 4883
0.003, 4882
0.003, 4881
0.003, 4880
0.003, 4879
0.003, 4878
0.003, 4877
0.003, 4876
0.003, 4875
0.003, 4874
0.003, 4873
0.003, 4872
0.003, 4871
0.003, 4870
0.003, 4869
0.003, 4868
0.003, 4867
0.003, 4866
0.003, 4865
0.003, 4864
0.003, 4863
0.003, 4862
0.004, 4861
0.004, 4860
0.004, 4859
0.004, 4858
0.004, 4857
0.004, 4856
0.004, 4855
0.004, 4854
0.004, 4853
0.004, 4852
0.004, 4851
0.004, 4850
0.004, 4849
0.004, 4848
0.004, 4847
0.004, 4846
0.004, 4845
0.004, 4844
0.004, 4843
0.004, 4842
0.004, 4841
0.004, 4840
0.004, 4839
0.004, 4838
0.004, 4837
0.004, 4836
0.004, 4835
0.004, 4834
0.004, 4833
0.004, 4832
0.004, 4831
0.004, 4830
0.004, 4829
0.004, 4828
0.004, 4827
0.004, 4826
0.004, 4825
0.004, 4824
0.004, 4823
0.004, 4822
0.004, 4821
0.004, 4820
0.004, 4819
0.004, 4818
0.004, 4817
0.004, 4816
0.004, 4815
0.004, 4814
0.004, 4813
0.004, 4812
0.004, 4811
0.004, 4810
0.004, 4809
0.004, 4808
0.004, 4807
0.004, 4806
0.004, 4805
0.004, 4804
0.004, 4803
0.004, 4802
0.004, 4801
0.004, 4800
0.004, 4799
0.004, 4798
0.004, 4797
0.004, 4796
0.004, 4795
0.004, 4794
0.004, 4793
0.004, 4792
0.004, 4791
0.004, 4790
0.004, 4789
0.004, 4788
0.004, 4787
0.004, 4786
0.004, 4785
0.004, 4784
0.004, 4783
0.004, 4782
0.004, 4781
0.004, 4780
0.004, 4779
0.004, 4778
0.004, 4777
0.004, 4776
0.004, 4775
0.004, 4774
0.004, 4773
0.004, 4772
0.004, 4771
0.004, 4770
0.004, 4769
0.004, 4768
0.004, 4767
0.004, 4766
0.004, 4765
0.004, 4764
0.004, 4763
0.004, 4762
0.004, 4761
0.004, 4760
0.004, 4759
0.004, 4758
0.004, 4757
0.004, 4756
0.004, 4755
0.004, 4754
0.004, 4753
0.004, 4752
0.004, 4751
0.004, 4750
0.004, 4749
0.004, 4748
0.004, 4747
0.004, 4746
0.004, 4745
0.004, 4744
0.004, 4743
0.004, 4742
0.004, 4741
0.004, 4740
0.004, 4739
0.004, 4738
0.004, 4737
0.004, 4736
0.004, 4735
0.004, 4734
0.004, 4733
0.004, 4732
0.004, 4731
0.004, 4730
0.004, 4729
0.004, 4728
0.004, 4727
0.004, 4726
0.005, 4725
0.005, 4724
0.005, 4723
0.005, 4722
0.005, 4721
0.005, 4720
0.005, 4719
0.005, 4718
0.005, 4717
0.005, 4716
0.005, 4715
0.005, 4714
0.005, 4713
0.005, 4712
0.005, 4711
0.005, 4710
0.005, 4709
0.005, 4708
0.005, 4707
0.005, 4706
0.005, 4705
0.005, 4704
0.005, 4703
0.005, 4702
0.005, 4701
0.005, 4700
0.005, 4699
0.005, 4698
0.005, 4697
0.005, 4696
0.005, 4695
0.005, 4694
0.005, 4693
0.005, 4692
0.005, 4691
0.005, 4690
0.005, 4689
0.005, 4688
0.005, 4687
0.005, 4686
0.005, 4685
0.005, 4684
0.005, 4683
0.005, 4682
0.005, 4681
0.005, 4680
0.005, 4679
0.005, 4678
0.005, 4677
0.005, 4676
0.005, 4675
0.005, 4674
0.005, 4673
0.005, 4672
0.005, 4671
0.005, 4670
0.005, 4669
0.005, 4668
0.005, 4667
0.005, 4666
0.005, 4665
0.005, 4664
0.005, 4663
0.005, 4662
0.005, 4661
0.005, 4660
0.005, 4659
0.005, 4658
0.005, 4657
0.005, 4656
0.005, 4655
0.005, 4654
0.005, 4653
0.005, 4652
0.005, 4651
0.005, 4650
0.005, 4649
0.005, 4648
0.005, 4647
0.005, 4646
0.005, 4645
0.005, 4644
0.005, 4643
0.005, 4642
0.005, 4641
0.005, 4640
0.005, 4639
0.005, 4638
0.005, 4637
0.005, 4636
0.005, 4635
0.005, 4634
0.005, 4633
0.005, 4632
0.005, 4631
0.005, 4630
0.005, 4629
0.005, 4628
0.005, 4627
0.005, 4626
0.005, 4625
0.005, 4624
0.006, 4623
0.006, 4622
0.006, 4621
0.006, 4620
0.006, 4619
0.006, 4618
0.006, 4617
0.006, 4616
0.006, 4615
0.006, 4614
0.006, 4613
0.006, 4612
0.006, 4611
0.006, 4610
0.006, 4609
0.006, 4608
0.006, 4607
0.006, 4606
0.006, 4605
0.006, 4604
0.006, 4603
0.006, 4602
0.006, 4601
0.006, 4600
0.006, 4599
0.006, 4598
0.006, 4597
0.006, 4596
0.006, 4595
0.006, 4594
0.006, 4593
0.006, 4592
0.006, 4591
0.006, 4590
0.006, 4589
0.006, 4588
0.006, 4587
0.006, 4586
0.006, 4585
0.006, 4584
0.006, 4583
0.006, 4582
0.006, 4581
0.006, 4580
0.006, 4579
0.006, 4578
0.006, 4577
0.006, 4576
0.006, 4575
0.006, 4574
0.006, 4573
0.006, 4572
0.006, 4571
0.006, 4570
0.006, 4569
0.006, 4568
0.006, 4567
0.006, 4566
0.006, 4565
0.006, 4564
0.006, 4563
0.006, 4562
0.006, 4561
0.006, 4560
0.006, 4559
0.006, 4558
0.006, 4557
0.006, 4556
0.006, 4555
0.006, 4554
0.006, 4553
0.006, 4552
0.006, 4551
0.006, 4550
0.006, 4549
0.006, 4548
0.006, 4547
0.006, 4546
0.006, 4545
0.006, 4544
0.006, 4543
0.006, 4542
0.006, 4541
0.006, 4540
0.006, 4539
0.006, 4538
0.006, 4537
0.006, 4536
0.006, 4535
0.006, 4534
0.006, 4533
0.006, 4532
0.006, 4531
0.006, 4530
0.006, 4529
0.006, 4528
0.006, 4527
0.006, 4526
0.006, 4525
0.006, 4524
0.006, 4523
0.006, 4522
0.006, 4521
0.006, 4520
0.006, 4519
0.006, 4518
0.006, 4517
0.006, 4516
0.006, 4515
0.006, 4514
0.006, 4513
0.006, 4512
0.006, 4511
0.006, 4510
0.006, 4509
0.006, 4508
0.006, 4507
0.006, 4506
0.006, 4505
0.006, 4504
0.006, 4503
0.006, 4502
0.006, 4501
0.006, 4500
0.007, 4499
0.007, 4498
0.007, 4497
0.007, 4496
0.007, 4495
0.007, 4494
0.007, 4493
0.007, 4492
0.007, 4491
0.007, 4490
0.007, 4489
0.007, 4488
0.007, 4487
0.007, 4486
0.007, 4485
0.007, 4484
0.007, 4483
0.007, 4482
0.007, 4481
0.007, 4480
0.007, 4479
0.007, 4478
0.007, 4477
0.007, 4476
0.007, 4475
0.007, 4474
0.007, 4473
0.007, 4472
0.007, 4471
0.007, 4470
0.007, 4469
0.007, 4468
0.007, 4467
0.007, 4466
0.007, 4465
0.007, 4464
0.007, 4463
0.007, 4462
0.007, 4461
0.007, 4460
0.007, 4459
0.007, 4458
0.007, 4457
0.007, 4456
0.007, 4455
0.007, 4454
0.007, 4453
0.007, 4452
0.007, 4451
0.007, 4450
0.007, 4449
0.007, 4448
0.007, 4447
0.007, 4446
0.007, 4445
0.007, 4444
0.007, 4443
0.007, 4442
0.007, 4441
0.007, 4440
0.007, 4439
0.007, 4438
0.007, 4437
0.007, 4436
0.007, 4435
0.007, 4434
0.007, 4433
0.007, 4432
0.007, 4431
0.007, 4430
0.007, 4429
0.007, 4428
0.007, 4427
0.007, 4426
0.007, 4425
0.007, 4424
0.007, 4423
0.007, 4422
0.007, 4421
0.007, 4420
0.007, 4419
0.007, 4418
0.007, 4417
0.007, 4416
0.007, 4415
0.007, 4414
0.007, 4413
0.007, 4412
0.007, 4411
0.007, 4410
0.007, 4409
0.007, 4408
0.007, 4407
0.007, 4406
0.007, 4405
0.007, 4404
0.007, 4403
0.007, 4402
0.007, 4401
0.007, 4400
0.007, 4399
0.007, 4398
0.007, 4397
0.007, 4396
0.007, 4395
0.007, 4394
0.007, 4393
0.007, 4392
0.007, 4391
0.007, 4390
0.008, 4389
0.008, 4388
0.008, 4387
0.008, 4386
0.008, 4385
0.008, 4384
0.008, 4383
0.008, 4382
0.008, 4381
0.008, 4380
0.008, 4379
0.008, 4378
0.008, 4377
0.008, 4376
0.008, 4375
0.008, 4374
0.008, 4373
0.008, 4372
0.008, 4371
0.008, 4370
0.008, 4369
0.008, 4368
0.008, 4367
0.008, 4366
0.008, 4365
0.008, 4364
0.008, 4363
0.008, 4362
0.008, 4361
0.008, 4360
0.008, 4359
0.008, 4358
0.008, 4357
0.008, 4356
0.008, 4355
0.008, 4354
0.008, 4353
0.008, 4352
0.008, 4351
0.008, 4350
0.008, 4349
0.008, 4348
0.008, 4347
0.008, 4346
0.008, 4345
0.008, 4344
0.008, 4343
0.008, 4342
0.008, 4341
0.008, 4340
0.008, 4339
0.008, 4338
0.008, 4337
0.008, 4336
0.008, 4335
0.008, 4334
0.008, 4333
0.008, 4332
0.008, 4331
0.008, 4330
0.008, 4329
0.008, 4328
0.008, 4327
0.008, 4326
0.008, 4325
0.008, 4324
0.008, 4323
0.008, 4322
0.008, 4321
0.008, 4320
0.008, 4319
0.008, 4318
0.008, 4317
0.008, 4316
0.008, 4315
0.008, 4314
0.008, 4313
0.008, 4312
0.008, 4311
0.008, 4310
0.008, 4309
0.008, 4308
0.008, 4307
0.008, 4306
0.008, 4305
0.008, 4304
0.008, 4303
0.008, 4302
0.008, 4301
0.008, 4300
0.008, 4299
0.008, 4298
0.008, 4297
0.008, 4296
0.008, 4295
0.008, 4294
0.008, 4293
0.008, 4292
0.008, 4291
0.008, 4290
0.008, 4289
0.008, 4288
0.008, 4287
0.008, 4286
0.008, 4285
0.008, 4284
0.008, 4283
0.008, 4282
0.008, 4281
0.008, 4280
0.008, 4279
0.008, 4278
0.008, 4277
0.008, 4276
0.008, 4275
0.008, 4274
0.009, 4273
0.009, 4272
0.009, 4271
0.009, 4270
0.009, 4269
0.009, 4268
0.009, 4267
0.009, 4266
0.009, 4265
0.009, 4264
0.009, 4263
0.009, 4262
0.009, 4261
0.009, 4260
0.009, 4259
0.009, 4258
0.009, 4257
0.009, 4256
0.009, 4255
0.009, 4254
0.009, 4253
0.009, 4252
0.009, 4251
0.009, 4250
0.009, 4249
0.009, 4248
0.009, 4247
0.009, 4246
0.009, 4245
0.009, 4244
0.009, 4243
0.009, 4242
0.009, 4241
0.009, 4240
0.009, 4239
0.009, 4238
0.009, 4237
0.009, 4236
0.009, 4235
0.009, 4234
0.009, 4233
0.009, 4232
0.009, 4231
0.009, 4230
0.009, 4229
0.009, 4228
0.009, 4227
0.009, 4226
0.009, 4225
0.009, 4224
0.009, 4223
0.009, 4222
0.009, 4221
0.009, 4220
0.009, 4219
0.009, 4218
0.009, 4217
0.009, 4216
0.009, 4215
0.009, 4214
0.009, 4213
0.009, 4212
0.009, 4211
0.009, 4210
0.009, 4209
0.009, 4208
0.009, 4207
0.009, 4206
0.009, 4205
0.009, 4204
0.009, 4203
0.009, 4202
0.009, 4201
0.009, 4200
0.009, 4199
0.009, 4198
0.009, 4197
0.009, 4196
0.009, 4195
0.009, 4194
0.009, 4193
0.009, 4192
0.009, 4191
0.009, 4190
0.009, 4189
0.009, 4188
0.009, 4187
0.009, 4186
0.009, 4185
0.009, 4184
0.009, 4183
0.009, 4182
0.009, 4181
0.009, 4180
0.009, 4179
0.009, 4178
0.009, 4177
0.009, 4176
0.009, 4175
0.009, 4174
0.009, 4173
0.009, 4172
0.009, 4171
0.009, 4170
0.009, 4169
0.009, 4168
0.009, 4167
0.009, 4166
0.009, 4165
0.009, 4164
0.009, 4163
0.009, 4162
0.010, 4161
0.010, 4160
0.010, 4159
0.010, 4158
0.010, 4157
0.010, 4156
0.010, 4155
0.010, 4154
0.010, 4153
0.010, 4152
0.010, 4151
0.010, 4150
0.010, 4149
0.010, 4148
0.010, 4147
0.010, 4146
0.010, 4145
0.010, 4144
0.010, 4143
0.010, 4142
0.010, 4141
0.010, 4140
0.010, 4139
0.010, 4138
0.010, 4137
0.010, 4136
0.010, 4135
0.010, 4134
0.010, 4133
0.010, 4132
0.010, 4131
0.010, 4130
0.010, 4129
0.010, 4128
0.010, 4127
0.010, 4126
0.010, 4125
0.010, 4124
0.010, 4123
0.010, 4122
0.010, 4121
0.010, 4120
0.010, 4119
0.010, 4118
0.010, 4117
0.010, 4116
0.010, 4115
0.010, 4114
0.010, 4113
0.010, 4112
0.010, 4111
0.010, 4110
0.010, 4109
0.010, 4108
0.010, 4107
0.010, 4106
0.010, 4105
0.010, 4104
0.010, 4103
0.010, 4102
0.010, 4101
0.010, 4100
0.010, 4099
0.010, 4098
0.010, 4097
0.010, 4096
0.010, 4095
0.010, 4094
0.010, 4093
0.010, 4092
0.010, 4091
0.010, 4090
0.010, 4089
0.010, 4088
0.010, 4087
0.010, 4086
0.010, 4085
0.010, 4084
0.010, 4083
0.010, 4082
0.010, 4081
0.010, 4080
0.010, 4079
0.010, 4078
0.010, 4077
0.010, 4076
0.010, 4075
0.010, 4074
0.010, 4073
0.010, 4072
0.010, 4071
0.010, 4070
0.010, 4069
0.010, 4068
0.010, 4067
0.010, 4066
0.010, 4065
0.010, 4064
0.010, 4063
0.010, 4062
0.010, 4061
0.010, 4060
0.010, 4059
0.010, 4058
0.010, 4057
0.010, 4056
0.010, 4055
0.010, 4054
0.011, 4053
0.011, 4052
0.011, 4051
0.011, 4050
0.011, 4049
0.011, 4048
0.011, 4047
0.011, 4046
0.011, 4045
0.011, 4044
0.011, 4043
0.011, 4042
0.011, 4041
0.011, 4040
0.011, 4039
0.011, 4038
0.011, 4037
0.011, 4036
0.011, 4035
0.011, 4034
0.011, 4033
0.011, 4032
0.011, 4031
0.011, 4030
0.011, 4029
0.011, 4028
0.011, 4027
0.011, 4026
0.011, 4025
0.011, 4024
0.011, 4023
0.011, 4022
0.011, 4021
0.011, 4020
0.011, 4019
0.011, 4018
0.011, 4017
0.011, 4016
0.011, 4015
0.011, 4014
0.011, 4013
0.011, 4012
0.011, 4011
0.011, 4010
0.011, 4009
0.011, 4008
0.011, 4007
0.011, 4006
0.011, 4005
0.011, 4004
0.011, 4003
0.011, 4002
0.011, 4001
0.011, 4000
0.011, 3999
0.011, 3998
0.011, 3997
0.011, 3996
0.011, 3995
0.011, 3994
0.011, 3993
0.011, 3992
0.011, 3991
0.011, 3990
0.011, 3989
0.011, 3988
0.011, 3987
0.011, 3986
0.011, 3985
0.011, 3984
0.011, 3983
0.011, 3982
0.011, 3981
0.011, 3980
0.011, 3979
0.011, 3978
0.011, 3977
0.011, 3976
0.011, 3975
0.011, 3974
0.011, 3973
0.011, 3972
0.011, 3971
0.011, 3970
0.011, 3969
0.011, 3968
0.011, 3967
0.011, 3966
0.011, 3965
0.011, 3964
0.011, 3963
0.011, 3962
0.011, 3961
0.011, 3960
0.011, 3959
0.011, 3958
0.011, 3957
0.011, 3956
0.011, 3955
0.011, 3954
0.011, 3953
0.011, 3952
0.011, 3951
0.011, 3950
0.011, 3949
0.011, 3948
0.011, 3947
0.011, 3946
0.011, 3945
0.011, 3944
0.011, 3943
0.011, 3942
0.011, 3941
0.011, 3940
0.011, 3939
0.011, 3938
0.011, 3937
0.011, 3936
0.011, 3935
0.011, 3934
0.011, 3933
0.011, 3932
0.011, 3931
0.011, 3930
0.011, 3929
0.011, 3928
0.011, 3927
0.012, 3926
0.012, 3925
0.012, 3924
0.012, 3923
0.012, 3922
0.012, 3921
0.012, 3920
0.012, 3919
0.012, 3918
0.012, 3917
0.012, 3916
0.012, 3915
0.012, 3914
0.012, 3913
0.012, 3912
0.012, 3911
0.012, 3910
0.012, 3909
0.012, 3908
0.012, 3907
0.012, 3906
0.012, 3905
0.012, 3904
0.012, 3903
0.012, 3902
0.012, 3901
0.012, 3900
0.012, 3899
0.012, 3898
0.012, 3897
0.012, 3896
0.012, 3895
0.012, 3894
0.012, 3893
0.012, 3892
0.012, 3891
0.012, 3890
0.012, 3889
0.012, 3888
0.012, 3887
0.012, 3886
0.012, 3885
0.012, 3884
0.012, 3883
0.012, 3882
0.012, 3881
0.012, 3880
0.012, 3879
0.012, 3878
0.012, 3877
0.012, 3876
0.012, 3875
0.012, 3874
0.012, 3873
0.012, 3872
0.012, 3871
0.012, 3870
0.012, 3869
0.012, 3868
0.012, 3867
0.012, 3866
0.012, 3865
0.012, 3864
0.012, 3863
0.012, 3862
0.012, 3861
0.012, 3860
0.012, 3859
0.012, 3858
0.012, 3857
0.012, 3856
0.012, 3855
0.012, 3854
0.012, 3853
0.012, 3852
0.012, 3851
0.012, 3850
0.012, 3849
0.012, 3848
0.012, 3847
0.012, 3846
0.012, 3845
0.012, 3844
0.012, 3843
0.012, 3842
0.012, 3841
0.012, 3840
0.012, 3839
0.012, 3838
0.012, 3837
0.012, 3836
0.012, 3835
0.012, 3834
0.012, 3833
0.012, 3832
0.012, 3831
0.012, 3830
0.012, 3829
0.012, 3828
0.012, 3827
0.012, 3826
0.012, 3825
0.012, 3824
0.012, 3823
0.012, 3822
0.012, 3821
0.012, 3820
0.012, 3819
0.013, 3818
0.013, 3817
0.013, 3816
0.013, 3815
0.013, 3814
0.013, 3813
0.013, 3812
0.013, 3811
0.013, 3810
0.013, 3809
0.013, 3808
0.013, 3807
0.013, 3806
0.013, 3805
0.013, 3804
0.013, 3803
0.013, 3802
0.013, 3801
0.013, 3800
0.013, 3799
0.013, 3798
0.013, 3797
0.013, 3796
0.013, 3795
0.013, 3794
0.013, 3793
0.013, 3792
0.013, 3791
0.013, 3790
0.013, 3789
0.013, 3788
0.013, 3787
0.013, 3786
0.013, 3785
0.013, 3784
0.013, 3783
0.013, 3782
0.013, 3781
0.013, 3780
0.013, 3779
0.013, 3778
0.013, 3777
0.013, 3776
0.013, 3775
0.013, 3774
0.013, 3773
0.013, 3772
0.013, 3771
0.013, 3770
0.013, 3769
0.013, 3768
0.013, 3767
0.013, 3766
0.013, 3765
0.013, 3764
0.013, 3763
0.013, 3762
0.013, 3761
0.013, 3760
0.013, 3759
0.013, 3758
0.013, 3757
0.013, 3756
0.013, 3755
0.013, 3754
0.013, 3753
0.013, 3752
0.013, 3751
0.013, 3750
0.013, 3749
0.013, 3748
0.013, 3747
0.013, 3746
0.013, 3745
0.013, 3744
0.013, 3743
0.013, 3742
0.013, 3741
0.013, 3740
0.013, 3739
0.013, 3738
0.013, 3737
0.013, 3736
0.013, 3735
0.013, 3734
0.013, 3733
0.013, 3732
0.013, 3731
0.013, 3730
0.013, 3729
0.013, 3728
0.013, 3727
0.013, 3726
0.013, 3725
0.013, 3724
0.013, 3723
0.013, 3722
0.013, 3721
0.013, 3720
0.013, 3719
0.013, 3718
0.013, 3717
0.013, 3716
0.013, 3715
0.013, 3714
0.013, 3713
0.013, 3712
0.013, 3711
0.013, 3710
0.013, 3709
0.013, 3708
0.013, 3707
0.013, 3706
0.013, 3705
0.013, 3704
0.013, 3703
0.013, 3702
0.013, 3701
0.013, 3700
0.013, 3699
0.013, 3698
0.013, 3697
0.013, 3696
0.013, 3695
0.013, 3694
0.013, 3693
0.013, 3692
0.013, 3691
0.014, 3690
0.014, 3689
0.014, 3688
0.014, 3687
0.014, 3686
0.014, 3685
0.014, 3684
0.014, 3683
0.014, 3682
0.014, 3681
0.014, 3680
0.014, 3679
0.014, 3678
0.014, 3677
0.014, 3676
0.014, 3675
0.014, 3674
0.014, 3673
0.014, 3672
0.014, 3671
0.014, 3670
0.014, 3669
0.014, 3668
0.014, 3667
0.014, 3666
0.014, 3665
0.014, 3664
0.014, 3663
0.014, 3662
0.014, 3661
0.014, 3660
0.014, 3659
0.014, 3658
0.014, 3657
0.014, 3656
0.014, 3655
0.014, 3654
0.014, 3653
0.014, 3652
0.014, 3651
0.014, 3650
0.014, 3649
0.014, 3648
0.014, 3647
0.014, 3646
0.014, 3645
0.014, 3644
0.014, 3643
0.014, 3642
0.014, 3641
0.014, 3640
0.014, 3639
0.014, 3638
0.014, 3637
0.014, 3636
0.014, 3635
0.014, 3634
0.014, 3633
0.014, 3632
0.014, 3631
0.014, 3630
0.014, 3629
0.014, 3628
0.014, 3627
0.014, 3626
0.014, 3625
0.014, 3624
0.014, 3623
0.014, 3622
0.014, 3621
0.014, 3620
0.014, 3619
0.014, 3618
0.014, 3617
0.014, 3616
0.014, 3615
0.014, 3614
0.014, 3613
0.014, 3612
0.014, 3611
0.014, 3610
0.014, 3609
0.014, 3608
0.014, 3607
0.014, 3606
0.014, 3605
0.014, 3604
0.014, 3603
0.014, 3602
0.014, 3601
0.014, 3600
0.014, 3599
0.014, 3598
0.014, 3597
0.014, 3596
0.014, 3595
0.014, 3594
0.014, 3593
0.014, 3592
0.014, 3591
0.014, 3590
0.014, 3589
0.014, 3588
0.014, 3587
0.014, 3586
0.014, 3585
0.014, 3584
0.014, 3583
0.014, 3582
0.014, 3581
0.014, 3580
0.015, 3579
0.015, 3578
0.015, 3577
0.015, 3576
0.015, 3575
0.015, 3574
0.015, 3573
0.015, 3572
0.015, 3571
0.015, 3570
0.015, 3569
0.015, 3568
0.015, 3567
0.015, 3566
0.015, 3565
0.015, 3564
0.015, 3563
0.015, 3562
0.015, 3561
0.015, 3560
0.015, 3559
0.015, 3558
0.015, 3557
0.015, 3556
0.015, 3555
0.015, 3554
0.015, 3553
0.015, 3552
0.015, 3551
0.015, 3550
0.015, 3549
0.015, 3548
0.015, 3547
0.015, 3546
0.015, 3545
0.015, 3544
0.015, 3543
0.015, 3542
0.015, 3541
0.015, 3540
0.015, 3539
0.015, 3538
0.015, 3537
0.015, 3536
0.015, 3535
0.015, 3534
0.015, 3533
0.015, 3532
0.015, 3531
0.015, 3530
0.015, 3529
0.015, 3528
0.015, 3527
0.015, 3526
0.015, 3525
0.015, 3524
0.015, 3523
0.015, 3522
0.015, 3521
0.015, 3520
0.015, 3519
0.015, 3518
0.015, 3517
0.015, 3516
0.015, 3515
0.015, 3514
0.015, 3513
0.015, 3512
0.015, 3511
0.015, 3510
0.015, 3509
0.015, 3508
0.015, 3507
0.015, 3506
0.015, 3505
0.015, 3504
0.015, 3503
0.015, 3502
0.015, 3501
0.015, 3500
0.015, 3499
0.015, 3498
0.015, 3497
0.015, 3496
0.015, 3495
0.015, 3494
0.015, 3493
0.015, 3492
0.015, 3491
0.015, 3490
0.015, 3489
0.015, 3488
0.015, 3487
0.016, 3486
0.016, 3485
0.016, 3484
0.016, 3483
0.016, 3482
0.016, 3481
0.016, 3480
0.016, 3479
0.016, 3478
0.016, 3477
0.016, 3476
0.016, 3475
0.016, 3474
0.016, 3473
0.016, 3472
0.016, 3471
0.016, 3470
0.016, 3469
0.016, 3468
0.016, 3467
0.016, 3466
0.016, 3465
0.016, 3464
0.016, 3463
0.016, 3462
0.016, 3461
0.016, 3460
0.016, 3459
0.016, 3458
0.016, 3457
0.016, 3456
0.016, 3455
0.016, 3454
0.016, 3453
0.016, 3452
0.016, 3451
0.016, 3450
0.016, 3449
0.016, 3448
0.016, 3447
0.016, 3446
0.016, 3445
0.016, 3444
0.016, 3443
0.016, 3442
0.016, 3441
0.016, 3440
0.016, 3439
0.016, 3438
0.016, 3437
0.016, 3436
0.016, 3435
0.016, 3434
0.016, 3433
0.016, 3432
0.016, 3431
0.016, 3430
0.016, 3429
0.016, 3428
0.016, 3427
0.016, 3426
0.016, 3425
0.016, 3424
0.016, 3423
0.016, 3422
0.016, 3421
0.016, 3420
0.016, 3419
0.016, 3418
0.016, 3417
0.016, 3416
0.016, 3415
0.016, 3414
0.016, 3413
0.016, 3412
0.016, 3411
0.016, 3410
0.016, 3409
0.016, 3408
0.016, 3407
0.016, 3406
0.016, 3405
0.016, 3404
0.016, 3403
0.016, 3402
0.016, 3401
0.016, 3400
0.016, 3399
0.016, 3398
0.016, 3397
0.016, 3396
0.016, 3395
0.016, 3394
0.016, 3393
0.016, 3392
0.016, 3391
0.016, 3390
0.016, 3389
0.016, 3388
0.016, 3387
0.016, 3386
0.016, 3385
0.016, 3384
0.016, 3383
0.016, 3382
0.016, 3381
0.016, 3380
0.016, 3379
0.016, 3378
0.016, 3377
0.016, 3376
0.016, 3375
0.016, 3374
0.017, 3373
0.017, 3372
0.017, 3371
0.017, 3370
0.017, 3369
0.017, 3368
0.017, 3367
0.017, 3366
0.017, 3365
0.017, 3364
0.017, 3363
0.017, 3362
0.017, 3361
0.017, 3360
0.017, 3359
0.017, 3358
0.017, 3357
0.017, 3356
0.017, 3355
0.017, 3354
0.017, 3353
0.017, 3352
0.017, 3351
0.017, 3350
0.017, 3349
0.017, 3348
0.017, 3347
0.017, 3346
0.017, 3345
0.017, 3344
0.017, 3343
0.017, 3342
0.017, 3341
0.017, 3340
0.017, 3339
0.017, 3338
0.017, 3337
0.017, 3336
0.017, 3335
0.017, 3334
0.017, 3333
0.017, 3332
0.017, 3331
0.017, 3330
0.017, 3329
0.017, 3328
0.017, 3327
0.017, 3326
0.017, 3325
0.017, 3324
0.017, 3323
0.017, 3322
0.017, 3321
0.017, 3320
0.017, 3319
0.017, 3318
0.017, 3317
0.017, 3316
0.017, 3315
0.017, 3314
0.017, 3313
0.017, 3312
0.017, 3311
0.017, 3310
0.017, 3309
0.017, 3308
0.017, 3307
0.017, 3306
0.017, 3305
0.017, 3304
0.017, 3303
0.017, 3302
0.017, 3301
0.017, 3300
0.017, 3299
0.017, 3298
0.017, 3297
0.017, 3296
0.017, 3295
0.017, 3294
0.017, 3293
0.017, 3292
0.017, 3291
0.017, 3290
0.017, 3289
0.017, 3288
0.017, 3287
0.017, 3286
0.017, 3285
0.017, 3284
0.017, 3283
0.017, 3282
0.017, 3281
0.017, 3280
0.017, 3279
0.017, 3278
0.017, 3277
0.017, 3276
0.017, 3275
0.017, 3274
0.017, 3273
0.017, 3272
0.017, 3271
0.017, 3270
0.017, 3269
0.017, 3268
0.017, 3267
0.017, 3266
0.017, 3265
0.017, 3264
0.017, 3263
0.017, 3262
0.017, 3261
0.017, 3260
0.017, 3259
0.017, 3258
0.017, 3257
0.017, 3256
0.017, 3255
0.017, 3254
0.017, 3253
0.017, 3252
0.017, 3251
0.017, 3250
0.017, 3249
0.017, 3248
0.018, 3247
0.018, 3246
0.018, 3245
0.018, 3244
0.018, 3243
0.018, 3242
0.018, 3241
0.018, 3240
0.018, 3239
0.018, 3238
0.018, 3237
0.018, 3236
0.018, 3235
0.018, 3234
0.018, 3233
0.018, 3232
0.018, 3231
0.018, 3230
0.018, 3229
0.018, 3228
0.018, 3227
0.018, 3226
0.018, 3225
0.018, 3224
0.018, 3223
0.018, 3222
0.018, 3221
0.018, 3220
0.018, 3219
0.018, 3218
0.018, 3217
0.018, 3216
0.018, 3215
0.018, 3214
0.018, 3213
0.018, 3212
0.018, 3211
0.018, 3210
0.018, 3209
0.018, 3208
0.018, 3207
0.018, 3206
0.018, 3205
0.018, 3204
0.018, 3203
0.018, 3202
0.018, 3201
0.018, 3200
0.018, 3199
0.018, 3198
0.018, 3197
0.018, 3196
0.018, 3195
0.018, 3194
0.018, 3193
0.018, 3192
0.018, 3191
0.018, 3190
0.018, 3189
0.018, 3188
0.018, 3187
0.018, 3186
0.018, 3185
0.018, 3184
0.018, 3183
0.018, 3182
0.018, 3181
0.018, 3180
0.018, 3179
0.018, 3178
0.018, 3177
0.018, 3176
0.018, 3175
0.018, 3174
0.018, 3173
0.018, 3172
0.018, 3171
0.018, 3170
0.018, 3169
0.018, 3168
0.018, 3167
0.018, 3166
0.018, 3165
0.018, 3164
0.018, 3163
0.018, 3162
0.018, 3161
0.018, 3160
0.018, 3159
0.018, 3158
0.018, 3157
0.018, 3156
0.018, 3155
0.018, 3154
0.018, 3153
0.018, 3152
0.018, 3151
0.018, 3150
0.018, 3149
0.018, 3148
0.018, 3147
0.018, 3146
0.018, 3145
0.018, 3144
0.018, 3143
0.018, 3142
0.018, 3141
0.018, 3140
0.019, 3139
0.019, 3138
0.019, 3137
0.019, 3136
0.019, 3135
0.019, 3134
0.019, 3133
0.019, 3132
0.019, 3131
0.019, 3130
0.019, 3129
0.019, 3128
0.019, 3127
0.019, 3126
0.019, 3125
0.019, 3124
0.019, 3123
0.019, 3122
0.019, 3121
0.019, 3120
0.019, 3119
0.019, 3118
0.019, 3117
0.019, 3116
0.019, 3115
0.019, 3114
0.019, 3113
0.019, 3112
0.019, 3111
0.019, 3110
0.019, 3109
0.019, 3108
0.019, 3107
0.019, 3106
0.019, 3105
0.019, 3104
0.019, 3103
0.019, 3102
0.019, 3101
0.019, 3100
0.019, 3099
0.019, 3098
0.019, 3097
0.019, 3096
0.019, 3095
0.019, 3094
0.019, 3093
0.019, 3092
0.019, 3091
0.019, 3090
0.019, 3089
0.019, 3088
0.019, 3087
0.019, 3086
0.019, 3085
0.019, 3084
0.019, 3083
0.019, 3082
0.019, 3081
0.019, 3080
0.019, 3079
0.019, 3078
0.019, 3077
0.019, 3076
0.019, 3075
0.019, 3074
0.019, 3073
0.019, 3072
0.019, 3071
0.019, 3070
0.019, 3069
0.019, 3068
0.019, 3067
0.019, 3066
0.019, 3065
0.019, 3064
0.019, 3063
0.019, 3062
0.019, 3061
0.019, 3060
0.019, 3059
0.019, 3058
0.019, 3057
0.019, 3056
0.019, 3055
0.019, 3054
0.019, 3053
0.019, 3052
0.019, 3051
0.019, 3050
0.019, 3049
0.019, 3048
0.019, 3047
0.019, 3046
0.019, 3045
0.019, 3044
0.019, 3043
0.019, 3042
0.019, 3041
0.019, 3040
0.019, 3039
0.019, 3038
0.019, 3037
0.019, 3036
0.019, 3035
0.019, 3034
0.019, 3033
0.019, 3032
0.019, 3031
0.019, 3030
0.019, 3029
0.019, 3028
0.020, 3027
0.020, 3026
0.020, 3025
0.020, 3024
0.020, 3023
0.020, 3022
0.020, 3021
0.020, 3020
0.020, 3019
0.020, 3018
0.020, 3017
0.020, 3016
0.020, 3015
0.020, 3014
0.020, 3013
0.020, 3012
0.020, 3011
0.020, 3010
0.020, 3009
0.020, 3008
0.020, 3007
0.020, 3006
0.020, 3005
0.020, 3004
0.020, 3003
0.020, 3002
0.020, 3001
0.020, 3000
0.020, 2999
0.020, 2998
0.020, 2997
0.020, 2996
0.020, 2995
0.020, 2994
0.020, 2993
0.020, 2992
0.020, 2991
0.020, 2990
0.020, 2989
0.020, 2988
0.020, 2987
0.020, 2986
0.020, 2985
0.020, 2984
0.020, 2983
0.020, 2982
0.020, 2981
0.020, 2980
0.020, 2979
0.020, 2978
0.020, 2977
0.020, 2976
0.020, 2975
0.020, 2974
0.020, 2973
0.020, 2972
0.020, 2971
0.020, 2970
0.020, 2969
0.020, 2968
0.020, 2967
0.020, 2966
0.020, 2965
0.020, 2964
0.020, 2963
0.020, 2962
0.020, 2961
0.020, 2960
0.020, 2959
0.020, 2958
0.020, 2957
0.020, 2956
0.020, 2955
0.020, 2954
0.020, 2953
0.020, 2952
0.020, 2951
0.020, 2950
0.020, 2949
0.020, 2948
0.020, 2947
0.020, 2946
0.020, 2945
0.020, 2944
0.020, 2943
0.020, 2942
0.020, 2941
0.020, 2940
0.020, 2939
0.020, 2938
0.020, 2937
0.020, 2936
0.020, 2935
0.020, 2934
0.020, 2933
0.020, 2932
0.020, 2931
0.020, 2930
0.020, 2929
0.020, 2928
0.020, 2927
0.020, 2926
0.020, 2925
0.020, 2924
0.020, 2923
0.020, 2922
0.020, 2921
0.020, 2920
0.020, 2919
0.020, 2918
0.020, 2917
0.020, 2916
0.020, 2915
0.020, 2914
0.020, 2913
0.020, 2912
0.020, 2911
0.020, 2910
0.020, 2909
0.020, 2908
0.020, 2907
0.020, 2906
0.020, 2905
0.020, 2904
0.020, 2903
0.020, 2902
0.020, 2901
0.020, 2900
0.020, 2899
0.020, 2898
0.020, 2897
0.020, 2896
0.020, 2895
0.020, 2894
0.020, 2893
0.020, 2892
0.021, 2891
0.021, 2890
0.021, 2889
0.021, 2888
0.021, 2887
0.021, 2886
0.021, 2885
0.021, 2884
0.021, 2883
0.021, 2882
0.021, 2881
0.021, 2880
0.021, 2879
0.021, 2878
0.021, 2877
0.021, 2876
0.021, 2875
0.021, 2874
0.021, 2873
0.021, 2872
0.021, 2871
0.021, 2870
0.021, 2869
0.021, 2868
0.021, 2867
0.021, 2866
0.021, 2865
0.021, 2864
0.021, 2863
0.021, 2862
0.021, 2861
0.021, 2860
0.021, 2859
0.021, 2858
0.021, 2857
0.021, 2856
0.021, 2855
0.021, 2854
0.021, 2853
0.021, 2852
0.021, 2851
0.021, 2850
0.021, 2849
0.021, 2848
0.021, 2847
0.021, 2846
0.021, 2845
0.021, 2844
0.021, 2843
0.021, 2842
0.021, 2841
0.021, 2840
0.021, 2839
0.021, 2838
0.021, 2837
0.021, 2836
0.021, 2835
0.021, 2834
0.021, 2833
0.021, 2832
0.021, 2831
0.021, 2830
0.021, 2829
0.021, 2828
0.021, 2827
0.021, 2826
0.021, 2825
0.021, 2824
0.021, 2823
0.021, 2822
0.021, 2821
0.021, 2820
0.021, 2819
0.021, 2818
0.021, 2817
0.022, 2816
0.022, 2815
0.022, 2814
0.022, 2813
0.022, 2812
0.022, 2811
0.022, 2810
0.022, 2809
0.022, 2808
0.022, 2807
0.022, 2806
0.022, 2805
0.022, 2804
0.022, 2803
0.022, 2802
0.022, 2801
0.022, 2800
0.022, 2799
0.022, 2798
0.022, 2797
0.022, 2796
0.022, 2795
0.022, 2794
0.022, 2793
0.022, 2792
0.022, 2791
0.022, 2790
0.022, 2789
0.022, 2788
0.022, 2787
0.022, 2786
0.022, 2785
0.022, 2784
0.022, 2783
0.022, 2782
0.022, 2781
0.022, 2780
0.022, 2779
0.022, 2778
0.022, 2777
0.022, 2776
0.022, 2775
0.022, 2774
0.022, 2773
0.022, 2772
0.022, 2771
0.022, 2770
0.022, 2769
0.022, 2768
0.022, 2767
0.022, 2766
0.022, 2765
0.022, 2764
0.022, 2763
0.022, 2762
0.022, 2761
0.022, 2760
0.022, 2759
0.022, 2758
0.022, 2757
0.022, 2756
0.022, 2755
0.022, 2754
0.022, 2753
0.022, 2752
0.022, 2751
0.022, 2750
0.022, 2749
0.022, 2748
0.022, 2747
0.022, 2746
0.022, 2745
0.022, 2744
0.022, 2743
0.022, 2742
0.022, 2741
0.022, 2740
0.022, 2739
0.022, 2738
0.022, 2737
0.022, 2736
0.022, 2735
0.022, 2734
0.022, 2733
0.022, 2732
0.022, 2731
0.022, 2730
0.022, 2729
0.022, 2728
0.022, 2727
0.022, 2726
0.022, 2725
0.022, 2724
0.022, 2723
0.022, 2722
0.022, 2721
0.022, 2720
0.022, 2719
0.022, 2718
0.022, 2717
0.023, 2716
0.023, 2715
0.023, 2714
0.023, 2713
0.023, 2712
0.023, 2711
0.023, 2710
0.023, 2709
0.023, 2708
0.023, 2707
0.023, 2706
0.023, 2705
0.023, 2704
0.023, 2703
0.023, 2702
0.023, 2701
0.023, 2700
0.023, 2699
0.023, 2698
0.023, 2697
0.023, 2696
0.023, 2695
0.023, 2694
0.023, 2693
0.023, 2692
0.023, 2691
0.023, 2690
0.023, 2689
0.023, 2688
0.023, 2687
0.023, 2686
0.023, 2685
0.023, 2684
0.023, 2683
0.023, 2682
0.023, 2681
0.023, 2680
0.023, 2679
0.023, 2678
0.023, 2677
0.023, 2676
0.023, 2675
0.023, 2674
0.023, 2673
0.023, 2672
0.023, 2671
0.023, 2670
0.023, 2669
0.023, 2668
0.023, 2667
0.023, 2666
0.023, 2665
0.023, 2664
0.023, 2663
0.023, 2662
0.023, 2661
0.023, 2660
0.023, 2659
0.023, 2658
0.023, 2657
0.023, 2656
0.023, 2655
0.023, 2654
0.023, 2653
0.023, 2652
0.023, 2651
0.023, 2650
0.023, 2649
0.023, 2648
0.023, 2647
0.023, 2646
0.023, 2645
0.023, 2644
0.023, 2643
0.023, 2642
0.023, 2641
0.023, 2640
0.023, 2639
0.023, 2638
0.023, 2637
0.023, 2636
0.023, 2635
0.023, 2634
0.023, 2633
0.023, 2632
0.023, 2631
0.023, 2630
0.023, 2629
0.023, 2628
0.023, 2627
0.023, 2626
0.023, 2625
0.023, 2624
0.023, 2623
0.023, 2622
0.023, 2621
0.023, 2620
0.023, 2619
0.023, 2618
0.023, 2617
0.023, 2616
0.023, 2615
0.023, 2614
0.023, 2613
0.023, 2612
0.023, 2611
0.023, 2610
0.023, 2609
0.023, 2608
0.023, 2607
0.023, 2606
0.023, 2605
0.023, 2604
0.023, 2603
0.023, 2602
0.023, 2601
0.023, 2600
0.023, 2599
0.023, 2598
0.023, 2597
0.024, 2596
0.024, 2595
0.024, 2594
0.024, 2593
0.024, 2592
0.024, 2591
0.024, 2590
0.024, 2589
0.024, 2588
0.024, 2587
0.024, 2586
0.024, 2585
0.024, 2584
0.024, 2583
0.024, 2582
0.024, 2581
0.024, 2580
0.024, 2579
0.024, 2578
0.024, 2577
0.024, 2576
0.024, 2575
0.024, 2574
0.024, 2573
0.024, 2572
0.024, 2571
0.024, 2570
0.024, 2569
0.024, 2568
0.024, 2567
0.024, 2566
0.024, 2565
0.024, 2564
0.024, 2563
0.024, 2562
0.024, 2561
0.024, 2560
0.024, 2559
0.024, 2558
0.024, 2557
0.024, 2556
0.024, 2555
0.024, 2554
0.024, 2553
0.024, 2552
0.024, 2551
0.024, 2550
0.024, 2549
0.024, 2548
0.024, 2547
0.024, 2546
0.024, 2545
0.024, 2544
0.024, 2543
0.024, 2542
0.024, 2541
0.024, 2540
0.024, 2539
0.024, 2538
0.024, 2537
0.024, 2536
0.024, 2535
0.024, 2534
0.024, 2533
0.024, 2532
0.024, 2531
0.024, 2530
0.024, 2529
0.024, 2528
0.024, 2527
0.024, 2526
0.024, 2525
0.024, 2524
0.024, 2523
0.024, 2522
0.024, 2521
0.024, 2520
0.024, 2519
0.024, 2518
0.024, 2517
0.024, 2516
0.024, 2515
0.024, 2514
0.024, 2513
0.024, 2512
0.024, 2511
0.024, 2510
0.024, 2509
0.024, 2508
0.024, 2507
0.024, 2506
0.024, 2505
0.024, 2504
0.024, 2503
0.024, 2502
0.024, 2501
0.024, 2500
0.024, 2499
0.024, 2498
0.024, 2497
0.024, 2496
0.024, 2495
0.024, 2494
0.024, 2493
0.024, 2492
0.024, 2491
0.024, 2490
0.024, 2489
0.024, 2488
0.025, 2487
0.025, 2486
0.025, 2485
0.025, 2484
0.025, 2483
0.025, 2482
0.025, 2481
0.025, 2480
0.025, 2479
0.025, 2478
0.025, 2477
0.025, 2476
0.025, 2475
0.025, 2474
0.025, 2473
0.025, 2472
0.025, 2471
0.025, 2470
0.025, 2469
0.025, 2468
0.025, 2467
0.025, 2466
0.025, 2465
0.025, 2464
0.025, 2463
0.025, 2462
0.025, 2461
0.025, 2460
0.025, 2459
0.025, 2458
0.025, 2457
0.025, 2456
0.025, 2455
0.025, 2454
0.025, 2453
0.025, 2452
0.025, 2451
0.025, 2450
0.025, 2449
0.025, 2448
0.025, 2447
0.025, 2446
0.025, 2445
0.025, 2444
0.025, 2443
0.025, 2442
0.025, 2441
0.025, 2440
0.025, 2439
0.025, 2438
0.025, 2437
0.025, 2436
0.025, 2435
0.025, 2434
0.025, 2433
0.025, 2432
0.025, 2431
0.025, 2430
0.025, 2429
0.025, 2428
0.025, 2427
0.025, 2426
0.025, 2425
0.025, 2424
0.025, 2423
0.025, 2422
0.025, 2421
0.025, 2420
0.025, 2419
0.025, 2418
0.025, 2417
0.025, 2416
0.025, 2415
0.025, 2414
0.025, 2413
0.025, 2412
0.025, 2411
0.025, 2410
0.025, 2409
0.025, 2408
0.025, 2407
0.025, 2406
0.025, 2405
0.025, 2404
0.025, 2403
0.025, 2402
0.025, 2401
0.025, 2400
0.025, 2399
0.025, 2398
0.025, 2397
0.025, 2396
0.025, 2395
0.025, 2394
0.025, 2393
0.025, 2392
0.025, 2391
0.025, 2390
0.025, 2389
0.025, 2388
0.025, 2387
0.025, 2386
0.025, 2385
0.025, 2384
0.025, 2383
0.025, 2382
0.025, 2381
0.025, 2380
0.025, 2379
0.025, 2378
0.025, 2377
0.025, 2376
0.026, 2375
0.026, 2374
0.026, 2373
0.026, 2372
0.026, 2371
0.026, 2370
0.026, 2369
0.026, 2368
0.026, 2367
0.026, 2366
0.026, 2365
0.026, 2364
0.026, 2363
0.026, 2362
0.026, 2361
0.026, 2360
0.026, 2359
0.026, 2358
0.026, 2357
0.026, 2356
0.026, 2355
0.026, 2354
0.026, 2353
0.026, 2352
0.026, 2351
0.026, 2350
0.026, 2349
0.026, 2348
0.026, 2347
0.026, 2346
0.026, 2345
0.026, 2344
0.026, 2343
0.026, 2342
0.026, 2341
0.026, 2340
0.026, 2339
0.026, 2338
0.026, 2337
0.026, 2336
0.026, 2335
0.026, 2334
0.026, 2333
0.026, 2332
0.026, 2331
0.026, 2330
0.026, 2329
0.026, 2328
0.026, 2327
0.026, 2326
0.026, 2325
0.026, 2324
0.026, 2323
0.026, 2322
0.026, 2321
0.026, 2320
0.026, 2319
0.026, 2318
0.026, 2317
0.026, 2316
0.026, 2315
0.026, 2314
0.026, 2313
0.026, 2312
0.026, 2311
0.026, 2310
0.026, 2309
0.026, 2308
0.026, 2307
0.026, 2306
0.026, 2305
0.026, 2304
0.026, 2303
0.026, 2302
0.026, 2301
0.026, 2300
0.026, 2299
0.026, 2298
0.026, 2297
0.026, 2296
0.026, 2295
0.026, 2294
0.027, 2293
0.027, 2292
0.027, 2291
0.027, 2290
0.027, 2289
0.027, 2288
0.027, 2287
0.027, 2286
0.027, 2285
0.027, 2284
0.027, 2283
0.027, 2282
0.027, 2281
0.027, 2280
0.027, 2279
0.027, 2278
0.027, 2277
0.027, 2276
0.027, 2275
0.027, 2274
0.027, 2273
0.027, 2272
0.027, 2271
