0.002, 4939
0.002, 4938
0.002, 4937
0.002, 4936
0.002, 4935
0.002, 4934
0.002, 4933
0.002, 4932
0.002, 4931
0.002, 4930
0.002, 4929
0.002, 4928
0.002, 4927
0.002, 4926
0.002, 4925
0.002, 4924
0.002, 4923
0.002, 4922
0.002, 4921
0.002, 4920
0.002, 4919
0.002, 4918
0.002, 4917
0.002, 4916
0.002, 4915
0.002, 4914
0.002, 4913
0.002, 4912
0.002, 4911
0.002, 4910
0.002, 4909
0.002, 4908
0.002, 4907
0.002, 4906
0.002, 4905
0.002, 4904
0.002, 4903
0.002, 4902
0.002, 4901
0.002, 4900
0.002, 4899
0.002, 4898
0.002, 4897
0.002, 4896
0.002, 4895
0.002, 4894
0.002, 4893
0.002, 4892
0.002, 4891
0.002, 4890
0.002, 4889
0.002, 4888
0.002, 4887
0.002, 4886
0.002, 4885
0.002, 4884
0.002, 4883
0.002, 4882
0.002, 4881
0.002, 4880
0.002, 4879
0.002, 4878
0.002, 4877
0.002, 4876
0.002, 4875
0.002, 4874
0.002, 4873
0.002, 4872
0.002, 4871
0.002, 4870
0.002, 4869
0.002, 4868
0.002, 4867
0.002, 4866
0.002, 4865
0.002, 4864
0.002, 4863
0.002, 4862
0.002, 4861
0.002, 4860
0.002, 4859
0.002, 4858
0.002, 4857
0.002, 4856
0.002, 4855
0.002, 4854
0.002, 4853
0.002, 4852
0.002, 4851
0.002, 4850
0.002, 4849
0.002, 4848
0.002, 4847
0.002, 4846
0.002, 4845
0.002, 4844
0.002, 4843
0.002, 4842
0.002, 4841
0.002, 4840
0.002, 4839
0.002, 4838
0.002, 4837
0.002, 4836
0.002, 4835
0.002, 4834
0.002, 4833
0.002, 4832
0.002, 4831
0.002, 4830
0.002, 4829
0.002, 4828
0.002, 4827
0.002, 4826
0.002, 4825
0.002, 4824
0.002, 4823
0.002, 4822
0.002, 4821
0.002, 4820
0.002, 4819
0.002, 4818
0.002, 4817
0.002, 4816
0.002, 4815
0.002, 4814
0.002, 4813
0.002, 4812
0.002, 4811
0.002, 4810
0.002, 4809
0.002, 4808
0.002, 4807
0.002, 4806
0.002, 4805
0.002, 4804
0.002, 4803
0.002, 4802
0.002, 4801
0.002, 4800
0.002, 4799
0.002, 4798
0.002, 4797
0.002, 4796
0.002, 4795
0.002, 4794
0.002, 4793
0.002, 4792
0.002, 4791
0.002, 4790
0.002, 4789
0.002, 4788
0.002, 4787
0.002, 4786
0.002, 4785
0.002, 4784
0.002, 4783
0.002, 4782
0.002, 4781
0.002, 4780
0.002, 4779
0.002, 4778
0.002, 4777
0.002, 4776
0.002, 4775
0.002, 4774
0.002, 4773
0.002, 4772
0.002, 4771
0.002, 4770
0.002, 4769
0.002, 4768
0.002, 4767
0.002, 4766
0.002, 4765
0.002, 4764
0.002, 4763
0.002, 4762
0.002, 4761
0.002, 4760
0.002, 4759
0.002, 4758
0.002, 4757
0.002, 4756
0.002, 4755
0.002, 4754
0.002, 4753
0.002, 4752
0.002, 4751
0.002, 4750
0.002, 4749
0.002, 4748
0.002, 4747
0.002, 4746
0.002, 4745
0.002, 4744
0.002, 4743
0.002, 4742
0.002, 4741
0.002, 4740
0.002, 4739
0.002, 4738
0.002, 4737
0.002, 4736
0.002, 4735
0.002, 4734
0.002, 4733
0.002, 4732
0.002, 4731
0.002, 4730
0.002, 4729
0.002, 4728
0.002, 4727
0.002, 4726
0.002, 4725
0.002, 4724
0.002, 4723
0.002, 4722
0.002, 4721
0.002, 4720
0.002, 4719
0.002, 4718
0.002, 4717
0.002, 4716
0.002, 4715
0.002, 4714
0.002, 4713
0.002, 4712
0.002, 4711
0.002, 4710
0.002, 4709
0.002, 4708
0.002, 4707
0.002, 4706
0.002, 4705
0.002, 4704
0.002, 4703
0.002, 4702
0.002, 4701
0.002, 4700
0.002, 4699
0.002, 4698
0.002, 4697
0.002, 4696
0.002, 4695
0.002, 4694
0.002, 4693
0.002, 4692
0.002, 4691
0.002, 4690
0.002, 4689
0.002, 4688
0.002, 4687
0.002, 4686
0.002, 4685
0.002, 4684
0.002, 4683
0.002, 4682
0.002, 4681
0.002, 4680
0.002, 4679
0.002, 4678
0.002, 4677
0.002, 4676
0.002, 4675
0.002, 4674
0.002, 4673
0.002, 4672
0.002, 4671
0.002, 4670
0.002, 4669
0.002, 4668
0.002, 4667
0.002, 4666
0.002, 4665
0.002, 4664
0.002, 4663
0.002, 4662
0.002, 4661
0.002, 4660
0.002, 4659
0.002, 4658
0.002, 4657
0.002, 4656
0.002, 4655
0.002, 4654
0.002, 4653
0.002, 4652
0.002, 4651
0.002, 4650
0.002, 4649
0.002, 4648
0.002, 4647
0.002, 4646
0.002, 4645
0.002, 4644
0.002, 4643
0.002, 4642
0.002, 4641
0.002, 4640
0.002, 4639
0.002, 4638
0.002, 4637
0.002, 4636
0.002, 4635
0.002, 4634
0.002, 4633
0.002, 4632
0.002, 4631
0.002, 4630
0.002, 4629
0.002, 4628
0.002, 4627
0.002, 4626
0.002, 4625
0.002, 4624
0.002, 4623
0.002, 4622
0.002, 4621
0.003, 4620
0.003, 4619
0.003, 4618
0.003, 4617
0.003, 4616
0.003, 4615
0.003, 4614
0.003, 4613
0.003, 4612
0.003, 4611
0.003, 4610
0.003, 4609
0.003, 4608
0.003, 4607
0.003, 4606
0.003, 4605
0.003, 4604
0.003, 4603
0.003, 4602
0.003, 4601
0.003, 4600
0.003, 4599
0.003, 4598
0.003, 4597
0.003, 4596
0.003, 4595
0.003, 4594
0.003, 4593
0.003, 4592
0.003, 4591
0.003, 4590
0.003, 4589
0.003, 4588
0.003, 4587
0.003, 4586
0.003, 4585
0.003, 4584
0.003, 4583
0.003, 4582
0.003, 4581
0.003, 4580
0.003, 4579
0.003, 4578
0.003, 4577
0.003, 4576
0.003, 4575
0.003, 4574
0.003, 4573
0.003, 4572
0.003, 4571
0.003, 4570
0.003, 4569
0.003, 4568
0.003, 4567
0.003, 4566
0.003, 4565
0.003, 4564
0.003, 4563
0.003, 4562
0.003, 4561
0.003, 4560
0.003, 4559
0.003, 4558
0.003, 4557
0.003, 4556
0.003, 4555
0.003, 4554
0.003, 4553
0.003, 4552
0.003, 4551
0.003, 4550
0.003, 4549
0.003, 4548
0.003, 4547
0.003, 4546
0.003, 4545
0.003, 4544
0.003, 4543
0.003, 4542
0.003, 4541
0.003, 4540
0.003, 4539
0.003, 4538
0.003, 4537
0.003, 4536
0.003, 4535
0.003, 4534
0.003, 4533
0.003, 4532
0.003, 4531
0.003, 4530
0.003, 4529
0.003, 4528
0.003, 4527
0.003, 4526
0.003, 4525
0.003, 4524
0.003, 4523
0.003, 4522
0.003, 4521
0.003, 4520
0.003, 4519
0.003, 4518
0.003, 4517
0.003, 4516
0.003, 4515
0.003, 4514
0.003, 4513
0.003, 4512
0.003, 4511
0.003, 4510
0.003, 4509
0.003, 4508
0.003, 4507
0.003, 4506
0.003, 4505
0.003, 4504
0.003, 4503
0.003, 4502
0.003, 4501
0.003, 4500
0.003, 4499
0.003, 4498
0.003, 4497
0.003, 4496
0.003, 4495
0.003, 4494
0.003, 4493
0.003, 4492
0.003, 4491
0.003, 4490
0.003, 4489
0.003, 4488
0.003, 4487
0.003, 4486
0.003, 4485
0.003, 4484
0.003, 4483
0.003, 4482
0.003, 4481
0.003, 4480
0.003, 4479
0.003, 4478
0.003, 4477
0.003, 4476
0.003, 4475
0.003, 4474
0.003, 4473
0.003, 4472
0.003, 4471
0.003, 4470
0.003, 4469
0.003, 4468
0.003, 4467
0.003, 4466
0.003, 4465
0.003, 4464
0.003, 4463
0.003, 4462
0.003, 4461
0.003, 4460
0.003, 4459
0.003, 4458
0.003, 4457
0.003, 4456
0.003, 4455
0.003, 4454
0.003, 4453
0.003, 4452
0.003, 4451
0.003, 4450
0.003, 4449
0.003, 4448
0.003, 4447
0.003, 4446
0.003, 4445
0.003, 4444
0.003, 4443
0.003, 4442
0.003, 4441
0.003, 4440
0.003, 4439
0.003, 4438
0.003, 4437
0.003, 4436
0.003, 4435
0.003, 4434
0.003, 4433
0.003, 4432
0.003, 4431
0.003, 4430
0.003, 4429
0.003, 4428
0.003, 4427
0.003, 4426
0.003, 4425
0.003, 4424
0.003, 4423
0.003, 4422
0.003, 4421
0.003, 4420
0.003, 4419
0.003, 4418
0.003, 4417
0.003, 4416
0.003, 4415
0.003, 4414
0.003, 4413
0.003, 4412
0.003, 4411
0.003, 4410
0.003, 4409
0.003, 4408
0.003, 4407
0.003, 4406
0.003, 4405
0.003, 4404
0.003, 4403
0.003, 4402
0.003, 4401
0.003, 4400
0.003, 4399
0.003, 4398
0.003, 4397
0.003, 4396
0.003, 4395
0.003, 4394
0.003, 4393
0.003, 4392
0.003, 4391
0.003, 4390
0.003, 4389
0.003, 4388
0.003, 4387
0.003, 4386
0.003, 4385
0.003, 4384
0.003, 4383
0.003, 4382
0.003, 4381
0.003, 4380
0.003, 4379
0.003, 4378
0.003, 4377
0.003, 4376
0.003, 4375
0.003, 4374
0.003, 4373
0.003, 4372
0.003, 4371
0.003, 4370
0.003, 4369
0.003, 4368
0.003, 4367
0.003, 4366
0.003, 4365
0.003, 4364
0.003, 4363
0.003, 4362
0.003, 4361
0.003, 4360
0.003, 4359
0.003, 4358
0.003, 4357
0.003, 4356
0.003, 4355
0.003, 4354
0.003, 4353
0.003, 4352
0.003, 4351
0.003, 4350
0.003, 4349
0.003, 4348
0.003, 4347
0.003, 4346
0.003, 4345
0.003, 4344
0.003, 4343
0.003, 4342
0.003, 4341
0.003, 4340
0.003, 4339
0.003, 4338
0.003, 4337
0.003, 4336
0.003, 4335
0.003, 4334
0.003, 4333
0.003, 4332
0.003, 4331
0.003, 4330
0.003, 4329
0.003, 4328
0.003, 4327
0.003, 4326
0.003, 4325
0.003, 4324
0.003, 4323
0.003, 4322
0.003, 4321
0.003, 4320
0.003, 4319
0.003, 4318
0.003, 4317
0.003, 4316
0.003, 4315
0.003, 4314
0.003, 4313
0.003, 4312
0.003, 4311
0.003, 4310
0.003, 4309
0.003, 4308
0.003, 4307
0.003, 4306
0.003, 4305
0.003, 4304
0.003, 4303
0.003, 4302
0.003, 4301
0.003, 4300
0.003, 4299
0.003, 4298
0.003, 4297
0.003, 4296
0.003, 4295
0.003, 4294
0.003, 4293
0.003, 4292
0.003, 4291
0.003, 4290
0.003, 4289
0.003, 4288
0.003, 4287
0.003, 4286
0.003, 4285
0.003, 4284
0.003, 4283
0.003, 4282
0.003, 4281
0.003, 4280
0.003, 4279
0.003, 4278
0.003, 4277
0.003, 4276
0.003, 4275
0.003, 4274
0.003, 4273
0.003, 4272
0.003, 4271
0.003, 4270
0.003, 4269
0.003, 4268
0.003, 4267
0.003, 4266
0.003, 4265
0.003, 4264
0.003, 4263
0.003, 4262
0.003, 4261
0.003, 4260
0.003, 4259
0.003, 4258
0.003, 4257
0.003, 4256
0.003, 4255
0.003, 4254
0.003, 4253
0.003, 4252
0.003, 4251
0.003, 4250
0.003, 4249
0.003, 4248
0.003, 4247
0.003, 4246
0.003, 4245
0.003, 4244
0.003, 4243
0.003, 4242
0.003, 4241
0.003, 4240
0.003, 4239
0.003, 4238
0.003, 4237
0.003, 4236
0.003, 4235
0.003, 4234
0.003, 4233
0.003, 4232
0.003, 4231
0.003, 4230
0.003, 4229
0.003, 4228
0.003, 4227
0.003, 4226
0.003, 4225
0.003, 4224
0.003, 4223
0.003, 4222
0.003, 4221
0.003, 4220
0.003, 4219
0.003, 4218
0.003, 4217
0.003, 4216
0.003, 4215
0.003, 4214
0.003, 4213
0.003, 4212
0.003, 4211
0.003, 4210
0.003, 4209
0.003, 4208
0.003, 4207
0.003, 4206
0.003, 4205
0.003, 4204
0.003, 4203
0.003, 4202
0.003, 4201
0.003, 4200
0.003, 4199
0.003, 4198
0.003, 4197
0.003, 4196
0.003, 4195
0.003, 4194
0.003, 4193
0.003, 4192
0.003, 4191
0.003, 4190
0.003, 4189
0.003, 4188
0.003, 4187
0.003, 4186
0.003, 4185
0.003, 4184
0.003, 4183
0.003, 4182
0.003, 4181
0.003, 4180
0.003, 4179
0.003, 4178
0.003, 4177
0.003, 4176
0.003, 4175
0.003, 4174
0.003, 4173
0.003, 4172
0.003, 4171
0.003, 4170
0.003, 4169
0.003, 4168
0.004, 4167
0.004, 4166
0.004, 4165
0.004, 4164
0.004, 4163
0.004, 4162
0.004, 4161
0.004, 4160
0.004, 4159
0.004, 4158
0.004, 4157
0.004, 4156
0.004, 4155
0.004, 4154
0.004, 4153
0.004, 4152
0.004, 4151
0.004, 4150
0.004, 4149
0.004, 4148
0.004, 4147
0.004, 4146
0.004, 4145
0.004, 4144
0.004, 4143
0.004, 4142
0.004, 4141
0.004, 4140
0.004, 4139
0.004, 4138
0.004, 4137
0.004, 4136
0.004, 4135
0.004, 4134
0.004, 4133
0.004, 4132
0.004, 4131
0.004, 4130
0.004, 4129
0.004, 4128
0.004, 4127
0.004, 4126
0.004, 4125
0.004, 4124
0.004, 4123
0.004, 4122
0.004, 4121
0.004, 4120
0.004, 4119
0.004, 4118
0.004, 4117
0.004, 4116
0.004, 4115
0.004, 4114
0.004, 4113
0.004, 4112
0.004, 4111
0.004, 4110
0.004, 4109
0.004, 4108
0.004, 4107
0.004, 4106
0.004, 4105
0.004, 4104
0.004, 4103
0.004, 4102
0.004, 4101
0.004, 4100
0.004, 4099
0.004, 4098
0.004, 4097
0.004, 4096
0.004, 4095
0.004, 4094
0.004, 4093
0.004, 4092
0.004, 4091
0.004, 4090
0.004, 4089
0.004, 4088
0.004, 4087
0.004, 4086
0.004, 4085
0.004, 4084
0.004, 4083
0.004, 4082
0.004, 4081
0.004, 4080
0.004, 4079
0.004, 4078
0.004, 4077
0.004, 4076
0.004, 4075
0.004, 4074
0.004, 4073
0.004, 4072
0.004, 4071
0.004, 4070
0.004, 4069
0.004, 4068
0.004, 4067
0.004, 4066
0.004, 4065
0.004, 4064
0.004, 4063
0.004, 4062
0.004, 4061
0.004, 4060
0.004, 4059
0.004, 4058
0.004, 4057
0.004, 4056
0.004, 4055
0.004, 4054
0.004, 4053
0.004, 4052
0.004, 4051
0.004, 4050
0.004, 4049
0.004, 4048
0.004, 4047
0.004, 4046
0.004, 4045
0.004, 4044
0.004, 4043
0.004, 4042
0.004, 4041
0.004, 4040
0.004, 4039
0.004, 4038
0.004, 4037
0.004, 4036
0.004, 4035
0.004, 4034
0.004, 4033
0.004, 4032
0.004, 4031
0.004, 4030
0.004, 4029
0.004, 4028
0.004, 4027
0.004, 4026
0.004, 4025
0.004, 4024
0.004, 4023
0.004, 4022
0.004, 4021
0.004, 4020
0.004, 4019
0.004, 4018
0.004, 4017
0.004, 4016
0.004, 4015
0.004, 4014
0.004, 4013
0.004, 4012
0.004, 4011
0.004, 4010
0.004, 4009
0.004, 4008
0.004, 4007
0.004, 4006
0.004, 4005
0.004, 4004
0.004, 4003
0.004, 4002
0.004, 4001
0.004, 4000
0.004, 3999
0.004, 3998
0.004, 3997
0.004, 3996
0.004, 3995
0.004, 3994
0.004, 3993
0.004, 3992
0.004, 3991
0.004, 3990
0.004, 3989
0.004, 3988
0.004, 3987
0.004, 3986
0.004, 3985
0.004, 3984
0.004, 3983
0.004, 3982
0.004, 3981
0.004, 3980
0.004, 3979
0.004, 3978
0.004, 3977
0.004, 3976
0.004, 3975
0.004, 3974
0.004, 3973
0.004, 3972
0.004, 3971
0.004, 3970
0.004, 3969
0.004, 3968
0.004, 3967
0.004, 3966
0.004, 3965
0.004, 3964
0.004, 3963
0.004, 3962
0.004, 3961
0.004, 3960
0.004, 3959
0.004, 3958
0.004, 3957
0.004, 3956
0.004, 3955
0.004, 3954
0.004, 3953
0.004, 3952
0.004, 3951
0.004, 3950
0.004, 3949
0.004, 3948
0.004, 3947
0.004, 3946
0.004, 3945
0.004, 3944
0.004, 3943
0.004, 3942
0.004, 3941
0.004, 3940
0.004, 3939
0.004, 3938
0.004, 3937
0.004, 3936
0.004, 3935
0.004, 3934
0.004, 3933
0.004, 3932
0.004, 3931
0.004, 3930
0.004, 3929
0.004, 3928
0.004, 3927
0.004, 3926
0.004, 3925
0.004, 3924
0.004, 3923
0.004, 3922
0.004, 3921
0.004, 3920
0.004, 3919
0.004, 3918
0.004, 3917
0.004, 3916
0.004, 3915
0.004, 3914
0.004, 3913
0.004, 3912
0.004, 3911
0.004, 3910
0.004, 3909
0.004, 3908
0.004, 3907
0.004, 3906
0.004, 3905
0.004, 3904
0.004, 3903
0.004, 3902
0.004, 3901
0.004, 3900
0.004, 3899
0.004, 3898
0.004, 3897
0.004, 3896
0.004, 3895
0.004, 3894
0.004, 3893
0.004, 3892
0.004, 3891
0.004, 3890
0.004, 3889
0.004, 3888
0.004, 3887
0.004, 3886
0.004, 3885
0.004, 3884
0.004, 3883
0.004, 3882
0.004, 3881
0.004, 3880
0.004, 3879
0.004, 3878
0.004, 3877
0.004, 3876
0.004, 3875
0.004, 3874
0.004, 3873
0.004, 3872
0.004, 3871
0.004, 3870
0.004, 3869
0.004, 3868
0.004, 3867
0.004, 3866
0.004, 3865
0.004, 3864
0.004, 3863
0.004, 3862
0.004, 3861
0.004, 3860
0.004, 3859
0.004, 3858
0.004, 3857
0.004, 3856
0.004, 3855
0.004, 3854
0.004, 3853
0.004, 3852
0.004, 3851
0.004, 3850
0.004, 3849
0.004, 3848
0.004, 3847
0.004, 3846
0.004, 3845
0.004, 3844
0.004, 3843
0.004, 3842
0.004, 3841
0.004, 3840
0.004, 3839
0.004, 3838
0.004, 3837
0.004, 3836
0.004, 3835
0.004, 3834
0.004, 3833
0.004, 3832
0.004, 3831
0.004, 3830
0.004, 3829
0.004, 3828
0.004, 3827
0.004, 3826
0.004, 3825
0.004, 3824
0.004, 3823
0.004, 3822
0.004, 3821
0.004, 3820
0.004, 3819
0.004, 3818
0.005, 3817
0.005, 3816
0.005, 3815
0.005, 3814
0.005, 3813
0.005, 3812
0.005, 3811
0.005, 3810
0.005, 3809
0.005, 3808
0.005, 3807
0.005, 3806
0.005, 3805
0.005, 3804
0.005, 3803
0.005, 3802
0.005, 3801
0.005, 3800
0.005, 3799
0.005, 3798
0.005, 3797
0.005, 3796
0.005, 3795
0.005, 3794
0.005, 3793
0.005, 3792
0.005, 3791
0.005, 3790
0.005, 3789
0.005, 3788
0.005, 3787
0.005, 3786
0.005, 3785
0.005, 3784
0.005, 3783
0.005, 3782
0.005, 3781
0.005, 3780
0.005, 3779
0.005, 3778
0.005, 3777
0.005, 3776
0.005, 3775
0.005, 3774
0.005, 3773
0.005, 3772
0.005, 3771
0.005, 3770
0.005, 3769
0.005, 3768
0.005, 3767
0.005, 3766
0.005, 3765
0.005, 3764
0.005, 3763
0.005, 3762
0.005, 3761
0.005, 3760
0.005, 3759
0.005, 3758
0.005, 3757
0.005, 3756
0.005, 3755
0.005, 3754
0.005, 3753
0.005, 3752
0.005, 3751
0.005, 3750
0.005, 3749
0.005, 3748
0.005, 3747
0.005, 3746
0.005, 3745
0.005, 3744
0.005, 3743
0.005, 3742
0.005, 3741
0.005, 3740
0.005, 3739
0.005, 3738
0.005, 3737
0.005, 3736
0.005, 3735
0.005, 3734
0.005, 3733
0.005, 3732
0.005, 3731
0.005, 3730
0.005, 3729
0.005, 3728
0.005, 3727
0.005, 3726
0.005, 3725
0.005, 3724
0.005, 3723
0.005, 3722
0.005, 3721
0.005, 3720
0.005, 3719
0.005, 3718
0.005, 3717
0.005, 3716
0.005, 3715
0.005, 3714
0.005, 3713
0.005, 3712
0.005, 3711
0.005, 3710
0.005, 3709
0.005, 3708
0.005, 3707
0.005, 3706
0.005, 3705
0.005, 3704
0.005, 3703
0.005, 3702
0.005, 3701
0.005, 3700
0.005, 3699
0.005, 3698
0.005, 3697
0.005, 3696
0.005, 3695
0.005, 3694
0.005, 3693
0.005, 3692
0.005, 3691
0.005, 3690
0.005, 3689
0.005, 3688
0.005, 3687
0.005, 3686
0.005, 3685
0.005, 3684
0.005, 3683
0.005, 3682
0.005, 3681
0.005, 3680
0.005, 3679
0.005, 3678
0.005, 3677
0.005, 3676
0.005, 3675
0.005, 3674
0.005, 3673
0.005, 3672
0.005, 3671
0.005, 3670
0.005, 3669
0.005, 3668
0.005, 3667
0.005, 3666
0.005, 3665
0.005, 3664
0.005, 3663
0.005, 3662
0.005, 3661
0.005, 3660
0.005, 3659
0.005, 3658
0.005, 3657
0.005, 3656
0.005, 3655
0.005, 3654
0.005, 3653
0.005, 3652
0.005, 3651
0.005, 3650
0.005, 3649
0.005, 3648
0.005, 3647
0.005, 3646
0.005, 3645
0.005, 3644
0.005, 3643
0.005, 3642
0.005, 3641
0.005, 3640
0.005, 3639
0.005, 3638
0.005, 3637
0.005, 3636
0.005, 3635
0.005, 3634
0.005, 3633
0.005, 3632
0.005, 3631
0.005, 3630
0.005, 3629
0.005, 3628
0.005, 3627
0.005, 3626
0.005, 3625
0.005, 3624
0.005, 3623
0.005, 3622
0.005, 3621
0.005, 3620
0.005, 3619
0.005, 3618
0.005, 3617
0.005, 3616
0.005, 3615
0.005, 3614
0.005, 3613
0.005, 3612
0.005, 3611
0.005, 3610
0.005, 3609
0.005, 3608
0.005, 3607
0.005, 3606
0.005, 3605
0.005, 3604
0.005, 3603
0.005, 3602
0.005, 3601
0.005, 3600
0.005, 3599
0.005, 3598
0.005, 3597
0.005, 3596
0.005, 3595
0.005, 3594
0.005, 3593
0.005, 3592
0.005, 3591
0.005, 3590
0.005, 3589
0.005, 3588
0.005, 3587
0.005, 3586
0.005, 3585
0.005, 3584
0.005, 3583
0.005, 3582
0.005, 3581
0.005, 3580
0.005, 3579
0.005, 3578
0.005, 3577
0.005, 3576
0.005, 3575
0.005, 3574
0.005, 3573
0.005, 3572
0.005, 3571
0.005, 3570
0.005, 3569
0.005, 3568
0.005, 3567
0.005, 3566
0.005, 3565
0.005, 3564
0.005, 3563
0.005, 3562
0.005, 3561
0.005, 3560
0.005, 3559
0.005, 3558
0.005, 3557
0.005, 3556
0.005, 3555
0.005, 3554
0.005, 3553
0.005, 3552
0.005, 3551
0.005, 3550
0.005, 3549
0.005, 3548
0.005, 3547
0.005, 3546
0.005, 3545
0.005, 3544
0.005, 3543
0.005, 3542
0.005, 3541
0.005, 3540
0.005, 3539
0.005, 3538
0.005, 3537
0.005, 3536
0.005, 3535
0.005, 3534
0.005, 3533
0.005, 3532
0.005, 3531
0.005, 3530
0.005, 3529
0.005, 3528
0.005, 3527
0.005, 3526
0.005, 3525
0.005, 3524
0.005, 3523
0.005, 3522
0.005, 3521
0.005, 3520
0.005, 3519
0.005, 3518
0.005, 3517
0.005, 3516
0.005, 3515
0.005, 3514
0.005, 3513
0.005, 3512
0.005, 3511
0.005, 3510
0.005, 3509
0.005, 3508
0.005, 3507
0.005, 3506
0.005, 3505
0.005, 3504
0.005, 3503
0.005, 3502
0.005, 3501
0.005, 3500
0.005, 3499
0.005, 3498
0.005, 3497
0.005, 3496
0.005, 3495
0.005, 3494
0.005, 3493
0.005, 3492
0.005, 3491
0.005, 3490
0.005, 3489
0.006, 3488
0.006, 3487
0.006, 3486
0.006, 3485
0.006, 3484
0.006, 3483
0.006, 3482
0.006, 3481
0.006, 3480
0.006, 3479
0.006, 3478
0.006, 3477
0.006, 3476
0.006, 3475
0.006, 3474
0.006, 3473
0.006, 3472
0.006, 3471
0.006, 3470
0.006, 3469
0.006, 3468
0.006, 3467
0.006, 3466
0.006, 3465
0.006, 3464
0.006, 3463
0.006, 3462
0.006, 3461
0.006, 3460
0.006, 3459
0.006, 3458
0.006, 3457
0.006, 3456
0.006, 3455
0.006, 3454
0.006, 3453
0.006, 3452
0.006, 3451
0.006, 3450
0.006, 3449
0.006, 3448
0.006, 3447
0.006, 3446
0.006, 3445
0.006, 3444
0.006, 3443
0.006, 3442
0.006, 3441
0.006, 3440
0.006, 3439
0.006, 3438
0.006, 3437
0.006, 3436
0.006, 3435
0.006, 3434
0.006, 3433
0.006, 3432
0.006, 3431
0.006, 3430
0.006, 3429
0.006, 3428
0.006, 3427
0.006, 3426
0.006, 3425
0.006, 3424
0.006, 3423
0.006, 3422
0.006, 3421
0.006, 3420
0.006, 3419
0.006, 3418
0.006, 3417
0.006, 3416
0.006, 3415
0.006, 3414
0.006, 3413
0.006, 3412
0.006, 3411
0.006, 3410
0.006, 3409
0.006, 3408
0.006, 3407
0.006, 3406
0.006, 3405
0.006, 3404
0.006, 3403
0.006, 3402
0.006, 3401
0.006, 3400
0.006, 3399
0.006, 3398
0.006, 3397
0.006, 3396
0.006, 3395
0.006, 3394
0.006, 3393
0.006, 3392
0.006, 3391
0.006, 3390
0.006, 3389
0.006, 3388
0.006, 3387
0.006, 3386
0.006, 3385
0.006, 3384
0.006, 3383
0.006, 3382
0.006, 3381
0.006, 3380
0.006, 3379
0.006, 3378
0.006, 3377
0.006, 3376
0.006, 3375
0.006, 3374
0.006, 3373
0.006, 3372
0.006, 3371
0.006, 3370
0.006, 3369
0.006, 3368
0.006, 3367
0.006, 3366
0.006, 3365
0.006, 3364
0.006, 3363
0.006, 3362
0.006, 3361
0.006, 3360
0.006, 3359
0.006, 3358
0.006, 3357
0.006, 3356
0.006, 3355
0.006, 3354
0.006, 3353
0.006, 3352
0.006, 3351
0.006, 3350
0.006, 3349
0.006, 3348
0.006, 3347
0.006, 3346
0.006, 3345
0.006, 3344
0.006, 3343
0.006, 3342
0.006, 3341
0.006, 3340
0.006, 3339
0.006, 3338
0.006, 3337
0.006, 3336
0.006, 3335
0.006, 3334
0.006, 3333
0.006, 3332
0.006, 3331
0.006, 3330
0.006, 3329
0.006, 3328
0.006, 3327
0.006, 3326
0.006, 3325
0.006, 3324
0.006, 3323
0.006, 3322
0.006, 3321
0.006, 3320
0.006, 3319
0.006, 3318
0.006, 3317
0.006, 3316
0.006, 3315
0.006, 3314
0.006, 3313
0.006, 3312
0.006, 3311
0.006, 3310
0.006, 3309
0.006, 3308
0.006, 3307
0.006, 3306
0.006, 3305
0.006, 3304
0.006, 3303
0.006, 3302
0.006, 3301
0.006, 3300
0.006, 3299
0.006, 3298
0.006, 3297
0.006, 3296
0.006, 3295
0.006, 3294
0.006, 3293
0.006, 3292
0.006, 3291
0.006, 3290
0.006, 3289
0.006, 3288
0.006, 3287
0.006, 3286
0.006, 3285
0.006, 3284
0.006, 3283
0.006, 3282
0.006, 3281
0.006, 3280
0.006, 3279
0.006, 3278
0.006, 3277
0.006, 3276
0.006, 3275
0.006, 3274
0.006, 3273
0.006, 3272
0.006, 3271
0.006, 3270
0.006, 3269
0.006, 3268
0.006, 3267
0.006, 3266
0.006, 3265
0.006, 3264
0.006, 3263
0.006, 3262
0.006, 3261
0.006, 3260
0.006, 3259
0.006, 3258
0.006, 3257
0.006, 3256
0.006, 3255
0.006, 3254
0.006, 3253
0.006, 3252
0.006, 3251
0.006, 3250
0.006, 3249
0.006, 3248
0.006, 3247
0.006, 3246
0.006, 3245
0.006, 3244
0.006, 3243
0.006, 3242
0.006, 3241
0.006, 3240
0.006, 3239
0.006, 3238
0.006, 3237
0.006, 3236
0.006, 3235
0.006, 3234
0.006, 3233
0.006, 3232
0.006, 3231
0.006, 3230
0.006, 3229
0.006, 3228
0.006, 3227
0.006, 3226
0.006, 3225
0.006, 3224
0.006, 3223
0.006, 3222
0.006, 3221
0.006, 3220
0.006, 3219
0.006, 3218
0.006, 3217
0.006, 3216
0.006, 3215
0.006, 3214
0.006, 3213
0.006, 3212
0.006, 3211
0.006, 3210
0.006, 3209
0.006, 3208
0.006, 3207
0.006, 3206
0.006, 3205
0.006, 3204
0.006, 3203
0.006, 3202
0.006, 3201
0.006, 3200
0.006, 3199
0.006, 3198
0.006, 3197
0.006, 3196
0.006, 3195
0.006, 3194
0.006, 3193
0.006, 3192
0.006, 3191
0.006, 3190
0.006, 3189
0.006, 3188
0.006, 3187
0.006, 3186
0.006, 3185
0.006, 3184
0.006, 3183
0.006, 3182
0.006, 3181
0.006, 3180
0.006, 3179
0.006, 3178
0.006, 3177
0.006, 3176
0.006, 3175
0.006, 3174
0.006, 3173
0.006, 3172
0.006, 3171
0.006, 3170
0.006, 3169
0.006, 3168
0.006, 3167
0.006, 3166
0.006, 3165
0.006, 3164
0.006, 3163
0.006, 3162
0.006, 3161
0.006, 3160
0.006, 3159
0.006, 3158
0.006, 3157
0.006, 3156
0.006, 3155
0.006, 3154
0.006, 3153
0.006, 3152
0.006, 3151
0.006, 3150
0.006, 3149
0.006, 3148
0.006, 3147
0.006, 3146
0.007, 3145
0.007, 3144
0.007, 3143
0.007, 3142
0.007, 3141
0.007, 3140
0.007, 3139
0.007, 3138
0.007, 3137
0.007, 3136
0.007, 3135
0.007, 3134
0.007, 3133
0.007, 3132
0.007, 3131
0.007, 3130
0.007, 3129
0.007, 3128
0.007, 3127
0.007, 3126
0.007, 3125
0.007, 3124
0.007, 3123
0.007, 3122
0.007, 3121
0.007, 3120
0.007, 3119
0.007, 3118
0.007, 3117
0.007, 3116
0.007, 3115
0.007, 3114
0.007, 3113
0.007, 3112
0.007, 3111
0.007, 3110
0.007, 3109
0.007, 3108
0.007, 3107
0.007, 3106
0.007, 3105
0.007, 3104
0.007, 3103
0.007, 3102
0.007, 3101
0.007, 3100
0.007, 3099
0.007, 3098
0.007, 3097
0.007, 3096
0.007, 3095
0.007, 3094
0.007, 3093
0.007, 3092
0.007, 3091
0.007, 3090
0.007, 3089
0.007, 3088
0.007, 3087
0.007, 3086
0.007, 3085
0.007, 3084
0.007, 3083
0.007, 3082
0.007, 3081
0.007, 3080
0.007, 3079
0.007, 3078
0.007, 3077
0.007, 3076
0.007, 3075
0.007, 3074
0.007, 3073
0.007, 3072
0.007, 3071
0.007, 3070
0.007, 3069
0.007, 3068
0.007, 3067
0.007, 3066
0.007, 3065
0.007, 3064
0.007, 3063
0.007, 3062
0.007, 3061
0.007, 3060
0.007, 3059
0.007, 3058
0.007, 3057
0.007, 3056
0.007, 3055
0.007, 3054
0.007, 3053
0.007, 3052
0.007, 3051
0.007, 3050
0.007, 3049
0.007, 3048
0.007, 3047
0.007, 3046
0.007, 3045
0.007, 3044
0.007, 3043
0.007, 3042
0.007, 3041
0.007, 3040
0.007, 3039
0.007, 3038
0.007, 3037
0.007, 3036
0.007, 3035
0.007, 3034
0.007, 3033
0.007, 3032
0.007, 3031
0.007, 3030
0.007, 3029
0.007, 3028
0.007, 3027
0.007, 3026
0.007, 3025
0.007, 3024
0.007, 3023
0.007, 3022
0.007, 3021
0.007, 3020
0.007, 3019
0.007, 3018
0.007, 3017
0.007, 3016
0.007, 3015
0.007, 3014
0.007, 3013
0.007, 3012
0.007, 3011
0.007, 3010
0.007, 3009
0.007, 3008
0.007, 3007
0.007, 3006
0.007, 3005
0.007, 3004
0.007, 3003
0.007, 3002
0.007, 3001
0.007, 3000
0.007, 2999
0.007, 2998
0.007, 2997
0.007, 2996
0.007, 2995
0.007, 2994
0.007, 2993
0.007, 2992
0.007, 2991
0.007, 2990
0.007, 2989
0.007, 2988
0.007, 2987
0.007, 2986
0.007, 2985
0.007, 2984
0.007, 2983
0.007, 2982
0.007, 2981
0.007, 2980
0.007, 2979
0.007, 2978
0.007, 2977
0.007, 2976
0.007, 2975
0.007, 2974
0.007, 2973
0.007, 2972
0.007, 2971
0.007, 2970
0.007, 2969
0.007, 2968
0.007, 2967
0.007, 2966
0.007, 2965
0.007, 2964
0.007, 2963
0.007, 2962
0.007, 2961
0.007, 2960
0.007, 2959
0.007, 2958
0.007, 2957
0.007, 2956
0.007, 2955
0.007, 2954
0.007, 2953
0.007, 2952
0.007, 2951
0.007, 2950
0.007, 2949
0.007, 2948
0.007, 2947
0.007, 2946
0.007, 2945
0.007, 2944
0.007, 2943
0.007, 2942
0.007, 2941
0.007, 2940
0.007, 2939
0.007, 2938
0.007, 2937
0.007, 2936
0.007, 2935
0.007, 2934
0.007, 2933
0.007, 2932
0.007, 2931
0.007, 2930
0.007, 2929
0.007, 2928
0.007, 2927
0.007, 2926
0.007, 2925
0.007, 2924
0.007, 2923
0.007, 2922
0.007, 2921
0.007, 2920
0.007, 2919
0.007, 2918
0.007, 2917
0.007, 2916
0.007, 2915
0.007, 2914
0.007, 2913
0.007, 2912
0.007, 2911
0.007, 2910
0.007, 2909
0.007, 2908
0.007, 2907
0.007, 2906
0.007, 2905
0.007, 2904
0.007, 2903
0.007, 2902
0.007, 2901
0.007, 2900
0.007, 2899
0.007, 2898
0.007, 2897
0.007, 2896
0.007, 2895
0.007, 2894
0.007, 2893
0.007, 2892
0.007, 2891
0.007, 2890
0.007, 2889
0.007, 2888
0.007, 2887
0.007, 2886
0.007, 2885
0.007, 2884
0.007, 2883
0.007, 2882
0.007, 2881
0.007, 2880
0.007, 2879
0.007, 2878
0.007, 2877
0.007, 2876
0.007, 2875
0.007, 2874
0.007, 2873
0.007, 2872
0.007, 2871
0.007, 2870
0.007, 2869
0.007, 2868
0.007, 2867
0.007, 2866
0.007, 2865
0.007, 2864
0.007, 2863
0.007, 2862
0.007, 2861
0.007, 2860
0.007, 2859
0.007, 2858
0.007, 2857
0.007, 2856
0.007, 2855
0.007, 2854
0.007, 2853
0.007, 2852
0.007, 2851
0.007, 2850
0.007, 2849
0.007, 2848
0.007, 2847
0.007, 2846
0.007, 2845
0.007, 2844
0.007, 2843
0.007, 2842
0.007, 2841
0.007, 2840
0.007, 2839
0.007, 2838
0.007, 2837
0.007, 2836
0.007, 2835
0.007, 2834
0.007, 2833
0.007, 2832
0.007, 2831
0.007, 2830
0.007, 2829
0.007, 2828
0.007, 2827
0.007, 2826
0.007, 2825
0.007, 2824
0.007, 2823
0.007, 2822
0.007, 2821
0.007, 2820
0.007, 2819
0.007, 2818
0.007, 2817
0.007, 2816
0.007, 2815
0.007, 2814
0.007, 2813
0.007, 2812
0.007, 2811
0.007, 2810
0.007, 2809
0.007, 2808
0.007, 2807
0.007, 2806
0.007, 2805
0.007, 2804
0.007, 2803
0.007, 2802
0.007, 2801
0.007, 2800
0.007, 2799
0.007, 2798
0.007, 2797
0.007, 2796
0.007, 2795
0.007, 2794
0.007, 2793
0.007, 2792
0.007, 2791
0.007, 2790
0.007, 2789
0.007, 2788
0.007, 2787
0.007, 2786
0.007, 2785
0.007, 2784
0.007, 2783
0.007, 2782
0.007, 2781
0.007, 2780
0.007, 2779
0.007, 2778
0.007, 2777
0.007, 2776
0.008, 2775
0.008, 2774
0.008, 2773
0.008, 2772
0.008, 2771
0.008, 2770
0.008, 2769
0.008, 2768
0.008, 2767
0.008, 2766
0.008, 2765
0.008, 2764
0.008, 2763
0.008, 2762
0.008, 2761
0.008, 2760
0.008, 2759
0.008, 2758
0.008, 2757
0.008, 2756
0.008, 2755
0.008, 2754
0.008, 2753
0.008, 2752
0.008, 2751
0.008, 2750
0.008, 2749
0.008, 2748
0.008, 2747
0.008, 2746
0.008, 2745
0.008, 2744
0.008, 2743
0.008, 2742
0.008, 2741
0.008, 2740
0.008, 2739
0.008, 2738
0.008, 2737
0.008, 2736
0.008, 2735
0.008, 2734
0.008, 2733
0.008, 2732
0.008, 2731
0.008, 2730
0.008, 2729
0.008, 2728
0.008, 2727
0.008, 2726
0.008, 2725
0.008, 2724
0.008, 2723
0.008, 2722
0.008, 2721
0.008, 2720
0.008, 2719
0.008, 2718
0.008, 2717
0.008, 2716
0.008, 2715
0.008, 2714
0.008, 2713
0.008, 2712
0.008, 2711
0.008, 2710
0.008, 2709
0.008, 2708
0.008, 2707
0.008, 2706
0.008, 2705
0.008, 2704
0.008, 2703
0.008, 2702
0.008, 2701
0.008, 2700
0.008, 2699
0.008, 2698
0.008, 2697
0.008, 2696
0.008, 2695
0.008, 2694
0.008, 2693
0.008, 2692
0.008, 2691
0.008, 2690
0.008, 2689
0.008, 2688
0.008, 2687
0.008, 2686
0.008, 2685
0.008, 2684
0.008, 2683
0.008, 2682
0.008, 2681
0.008, 2680
0.008, 2679
0.008, 2678
0.008, 2677
0.008, 2676
0.008, 2675
0.008, 2674
0.008, 2673
0.008, 2672
0.008, 2671
0.008, 2670
0.008, 2669
0.008, 2668
0.008, 2667
0.008, 2666
0.008, 2665
0.008, 2664
0.008, 2663
0.008, 2662
0.008, 2661
0.008, 2660
0.008, 2659
0.008, 2658
0.008, 2657
0.008, 2656
0.008, 2655
0.008, 2654
0.008, 2653
0.008, 2652
0.008, 2651
0.008, 2650
0.008, 2649
0.008, 2648
0.008, 2647
0.008, 2646
0.008, 2645
0.008, 2644
0.008, 2643
0.008, 2642
0.008, 2641
0.008, 2640
0.008, 2639
0.008, 2638
0.008, 2637
0.008, 2636
0.008, 2635
0.008, 2634
0.008, 2633
0.008, 2632
0.008, 2631
0.008, 2630
0.008, 2629
0.008, 2628
0.008, 2627
0.008, 2626
0.008, 2625
0.008, 2624
0.008, 2623
0.008, 2622
0.008, 2621
0.008, 2620
0.008, 2619
0.008, 2618
0.008, 2617
0.008, 2616
0.008, 2615
0.008, 2614
0.008, 2613
0.008, 2612
0.008, 2611
0.008, 2610
0.008, 2609
0.008, 2608
0.008, 2607
0.008, 2606
0.008, 2605
0.008, 2604
0.008, 2603
0.008, 2602
0.008, 2601
0.008, 2600
0.008, 2599
0.008, 2598
0.008, 2597
0.008, 2596
0.008, 2595
0.008, 2594
0.008, 2593
0.008, 2592
0.008, 2591
0.008, 2590
0.008, 2589
0.008, 2588
0.008, 2587
0.008, 2586
0.008, 2585
0.008, 2584
0.008, 2583
0.008, 2582
0.008, 2581
0.008, 2580
0.008, 2579
0.008, 2578
0.008, 2577
0.008, 2576
0.008, 2575
0.008, 2574
0.008, 2573
0.008, 2572
0.008, 2571
0.008, 2570
0.008, 2569
0.008, 2568
0.008, 2567
0.008, 2566
0.008, 2565
0.008, 2564
0.008, 2563
0.008, 2562
0.008, 2561
0.008, 2560
0.008, 2559
0.008, 2558
0.008, 2557
0.008, 2556
0.008, 2555
0.008, 2554
0.008, 2553
0.008, 2552
0.008, 2551
0.008, 2550
0.008, 2549
0.008, 2548
0.008, 2547
0.008, 2546
0.008, 2545
0.008, 2544
0.008, 2543
0.008, 2542
0.008, 2541
0.008, 2540
0.008, 2539
0.008, 2538
0.008, 2537
0.008, 2536
0.008, 2535
0.008, 2534
0.008, 2533
0.008, 2532
0.008, 2531
0.008, 2530
0.008, 2529
0.008, 2528
0.008, 2527
0.008, 2526
0.008, 2525
0.008, 2524
0.008, 2523
0.008, 2522
0.008, 2521
0.008, 2520
0.008, 2519
0.008, 2518
0.008, 2517
0.008, 2516
0.009, 2515
0.009, 2514
0.009, 2513
0.009, 2512
0.009, 2511
0.009, 2510
0.009, 2509
0.009, 2508
0.009, 2507
0.009, 2506
0.009, 2505
0.009, 2504
0.009, 2503
0.009, 2502
0.009, 2501
0.009, 2500
0.009, 2499
0.009, 2498
0.009, 2497
0.009, 2496
0.009, 2495
0.009, 2494
0.009, 2493
0.009, 2492
0.009, 2491
0.009, 2490
0.009, 2489
0.009, 2488
0.009, 2487
0.009, 2486
0.009, 2485
0.009, 2484
0.009, 2483
0.009, 2482
0.009, 2481
0.009, 2480
0.009, 2479
0.009, 2478
0.009, 2477
0.009, 2476
0.009, 2475
0.009, 2474
0.009, 2473
0.009, 2472
0.009, 2471
0.009, 2470
0.009, 2469
0.009, 2468
0.009, 2467
0.009, 2466
0.009, 2465
0.009, 2464
0.009, 2463
0.009, 2462
0.009, 2461
0.009, 2460
0.009, 2459
0.009, 2458
0.009, 2457
0.009, 2456
0.009, 2455
0.009, 2454
0.009, 2453
0.009, 2452
0.009, 2451
0.009, 2450
0.009, 2449
0.009, 2448
0.009, 2447
0.009, 2446
0.009, 2445
0.009, 2444
0.009, 2443
0.009, 2442
0.009, 2441
0.009, 2440
0.009, 2439
0.009, 2438
0.009, 2437
0.009, 2436
0.009, 2435
0.009, 2434
0.009, 2433
0.009, 2432
0.009, 2431
0.009, 2430
0.009, 2429
0.009, 2428
0.009, 2427
0.009, 2426
0.009, 2425
0.009, 2424
0.009, 2423
0.009, 2422
0.009, 2421
0.009, 2420
0.009, 2419
0.009, 2418
0.009, 2417
0.009, 2416
0.009, 2415
0.009, 2414
0.009, 2413
0.009, 2412
0.009, 2411
0.009, 2410
0.009, 2409
0.009, 2408
0.009, 2407
0.009, 2406
0.009, 2405
0.009, 2404
0.009, 2403
0.009, 2402
0.009, 2401
0.009, 2400
0.009, 2399
0.009, 2398
0.009, 2397
0.009, 2396
0.009, 2395
0.009, 2394
0.009, 2393
0.009, 2392
0.009, 2391
0.009, 2390
0.009, 2389
0.009, 2388
0.009, 2387
0.009, 2386
0.009, 2385
0.009, 2384
0.009, 2383
0.009, 2382
0.009, 2381
0.009, 2380
0.009, 2379
0.009, 2378
0.009, 2377
0.009, 2376
0.009, 2375
0.009, 2374
0.009, 2373
0.009, 2372
0.009, 2371
0.009, 2370
0.009, 2369
0.009, 2368
0.009, 2367
0.009, 2366
0.009, 2365
0.009, 2364
0.009, 2363
0.009, 2362
0.009, 2361
0.009, 2360
0.009, 2359
0.009, 2358
0.009, 2357
0.009, 2356
0.009, 2355
0.009, 2354
0.009, 2353
0.009, 2352
0.009, 2351
0.009, 2350
0.009, 2349
0.009, 2348
0.009, 2347
0.009, 2346
0.009, 2345
0.009, 2344
0.009, 2343
0.009, 2342
0.009, 2341
0.009, 2340
0.009, 2339
0.009, 2338
0.009, 2337
0.009, 2336
0.009, 2335
0.009, 2334
0.009, 2333
0.009, 2332
0.009, 2331
0.009, 2330
0.009, 2329
0.009, 2328
0.009, 2327
0.009, 2326
0.009, 2325
0.009, 2324
0.009, 2323
0.009, 2322
0.009, 2321
0.009, 2320
0.009, 2319
0.009, 2318
0.009, 2317
0.009, 2316
0.009, 2315
0.009, 2314
0.009, 2313
0.009, 2312
0.009, 2311
0.009, 2310
0.009, 2309
0.009, 2308
0.009, 2307
0.009, 2306
0.009, 2305
0.009, 2304
0.009, 2303
0.009, 2302
0.009, 2301
0.009, 2300
0.009, 2299
0.009, 2298
0.009, 2297
0.009, 2296
0.009, 2295
0.009, 2294
0.009, 2293
0.009, 2292
0.009, 2291
0.009, 2290
0.009, 2289
0.009, 2288
0.009, 2287
0.009, 2286
0.009, 2285
0.010, 2284
0.010, 2283
0.010, 2282
0.010, 2281
0.010, 2280
0.010, 2279
0.010, 2278
0.010, 2277
0.010, 2276
0.010, 2275
0.010, 2274
0.010, 2273
0.010, 2272
0.010, 2271
0.010, 2270
0.010, 2269
