0.002, 4939
0.002, 4938
0.002, 4937
0.002, 4936
0.002, 4935
0.002, 4934
0.002, 4933
0.002, 4932
0.002, 4931
0.002, 4930
0.002, 4929
0.002, 4928
0.002, 4927
0.002, 4926
0.002, 4925
0.002, 4924
0.002, 4923
0.002, 4922
0.002, 4921
0.002, 4920
0.002, 4919
0.002, 4918
0.002, 4917
0.002, 4916
0.002, 4915
0.002, 4914
0.002, 4913
0.002, 4912
0.002, 4911
0.002, 4910
0.002, 4909
0.002, 4908
0.002, 4907
0.002, 4906
0.002, 4905
0.002, 4904
0.002, 4903
0.002, 4902
0.002, 4901
0.002, 4900
0.002, 4899
0.002, 4898
0.002, 4897
0.002, 4896
0.002, 4895
0.002, 4894
0.002, 4893
0.002, 4892
0.002, 4891
0.002, 4890
0.002, 4889
0.002, 4888
0.002, 4887
0.002, 4886
0.002, 4885
0.002, 4884
0.002, 4883
0.002, 4882
0.002, 4881
0.002, 4880
0.002, 4879
0.002, 4878
0.002, 4877
0.002, 4876
0.002, 4875
0.002, 4874
0.002, 4873
0.002, 4872
0.002, 4871
0.002, 4870
0.002, 4869
0.002, 4868
0.002, 4867
0.002, 4866
0.002, 4865
0.002, 4864
0.002, 4863
0.002, 4862
0.002, 4861
0.002, 4860
0.002, 4859
0.002, 4858
0.002, 4857
0.002, 4856
0.002, 4855
0.002, 4854
0.002, 4853
0.002, 4852
0.002, 4851
0.002, 4850
0.002, 4849
0.002, 4848
0.002, 4847
0.002, 4846
0.002, 4845
0.002, 4844
0.002, 4843
0.002, 4842
0.002, 4841
0.002, 4840
0.002, 4839
0.002, 4838
0.002, 4837
0.002, 4836
0.002, 4835
0.002, 4834
0.002, 4833
0.002, 4832
0.002, 4831
0.002, 4830
0.002, 4829
0.002, 4828
0.002, 4827
0.002, 4826
0.002, 4825
0.002, 4824
0.002, 4823
0.002, 4822
0.002, 4821
0.002, 4820
0.002, 4819
0.002, 4818
0.002, 4817
0.002, 4816
0.002, 4815
0.002, 4814
0.002, 4813
0.002, 4812
0.002, 4811
0.002, 4810
0.002, 4809
0.002, 4808
0.002, 4807
0.002, 4806
0.002, 4805
0.002, 4804
0.002, 4803
0.002, 4802
0.002, 4801
0.002, 4800
0.002, 4799
0.002, 4798
0.002, 4797
0.002, 4796
0.002, 4795
0.002, 4794
0.002, 4793
0.002, 4792
0.002, 4791
0.002, 4790
0.002, 4789
0.002, 4788
0.002, 4787
0.002, 4786
0.002, 4785
0.002, 4784
0.002, 4783
0.002, 4782
0.002, 4781
0.002, 4780
0.002, 4779
0.002, 4778
0.002, 4777
0.002, 4776
0.002, 4775
0.002, 4774
0.002, 4773
0.002, 4772
0.002, 4771
0.002, 4770
0.002, 4769
0.002, 4768
0.002, 4767
0.002, 4766
0.002, 4765
0.002, 4764
0.002, 4763
0.002, 4762
0.002, 4761
0.002, 4760
0.002, 4759
0.002, 4758
0.002, 4757
0.002, 4756
0.002, 4755
0.002, 4754
0.002, 4753
0.002, 4752
0.002, 4751
0.002, 4750
0.002, 4749
0.002, 4748
0.002, 4747
0.002, 4746
0.002, 4745
0.002, 4744
0.002, 4743
0.002, 4742
0.002, 4741
0.002, 4740
0.002, 4739
0.002, 4738
0.002, 4737
0.002, 4736
0.002, 4735
0.002, 4734
0.002, 4733
0.002, 4732
0.002, 4731
0.002, 4730
0.002, 4729
0.002, 4728
0.002, 4727
0.002, 4726
0.002, 4725
0.002, 4724
0.002, 4723
0.002, 4722
0.002, 4721
0.002, 4720
0.002, 4719
0.002, 4718
0.002, 4717
0.002, 4716
0.002, 4715
0.002, 4714
0.002, 4713
0.002, 4712
0.002, 4711
0.002, 4710
0.002, 4709
0.002, 4708
0.002, 4707
0.002, 4706
0.002, 4705
0.002, 4704
0.002, 4703
0.002, 4702
0.002, 4701
0.002, 4700
0.002, 4699
0.002, 4698
0.002, 4697
0.002, 4696
0.002, 4695
0.002, 4694
0.002, 4693
0.002, 4692
0.002, 4691
0.002, 4690
0.002, 4689
0.002, 4688
0.002, 4687
0.002, 4686
0.002, 4685
0.002, 4684
0.002, 4683
0.002, 4682
0.002, 4681
0.002, 4680
0.002, 4679
0.002, 4678
0.002, 4677
0.002, 4676
0.002, 4675
0.002, 4674
0.002, 4673
0.002, 4672
0.002, 4671
0.002, 4670
0.002, 4669
0.002, 4668
0.002, 4667
0.002, 4666
0.002, 4665
0.002, 4664
0.002, 4663
0.002, 4662
0.002, 4661
0.002, 4660
0.002, 4659
0.002, 4658
0.002, 4657
0.002, 4656
0.002, 4655
0.002, 4654
0.002, 4653
0.002, 4652
0.002, 4651
0.002, 4650
0.002, 4649
0.002, 4648
0.002, 4647
0.002, 4646
0.002, 4645
0.002, 4644
0.002, 4643
0.002, 4642
0.002, 4641
0.002, 4640
0.002, 4639
0.002, 4638
0.002, 4637
0.002, 4636
0.002, 4635
0.002, 4634
0.002, 4633
0.002, 4632
0.002, 4631
0.002, 4630
0.002, 4629
0.002, 4628
0.002, 4627
0.002, 4626
0.002, 4625
0.002, 4624
0.002, 4623
0.002, 4622
0.002, 4621
0.002, 4620
0.002, 4619
0.002, 4618
0.002, 4617
0.002, 4616
0.002, 4615
0.002, 4614
0.002, 4613
0.002, 4612
0.002, 4611
0.002, 4610
0.002, 4609
0.002, 4608
0.002, 4607
0.002, 4606
0.002, 4605
0.002, 4604
0.002, 4603
0.002, 4602
0.002, 4601
0.002, 4600
0.002, 4599
0.002, 4598
0.002, 4597
0.002, 4596
0.002, 4595
0.002, 4594
0.002, 4593
0.002, 4592
0.002, 4591
0.002, 4590
0.002, 4589
0.002, 4588
0.002, 4587
0.002, 4586
0.002, 4585
0.002, 4584
0.002, 4583
0.002, 4582
0.002, 4581
0.002, 4580
0.002, 4579
0.002, 4578
0.002, 4577
0.002, 4576
0.002, 4575
0.002, 4574
0.002, 4573
0.002, 4572
0.002, 4571
0.002, 4570
0.002, 4569
0.002, 4568
0.002, 4567
0.002, 4566
0.002, 4565
0.002, 4564
0.002, 4563
0.002, 4562
0.002, 4561
0.002, 4560
0.002, 4559
0.002, 4558
0.002, 4557
0.002, 4556
0.002, 4555
0.002, 4554
0.002, 4553
0.002, 4552
0.002, 4551
0.002, 4550
0.002, 4549
0.002, 4548
0.002, 4547
0.002, 4546
0.002, 4545
0.002, 4544
0.002, 4543
0.002, 4542
0.002, 4541
0.002, 4540
0.002, 4539
0.002, 4538
0.002, 4537
0.002, 4536
0.002, 4535
0.002, 4534
0.002, 4533
0.002, 4532
0.002, 4531
0.002, 4530
0.002, 4529
0.002, 4528
0.002, 4527
0.002, 4526
0.002, 4525
0.002, 4524
0.002, 4523
0.002, 4522
0.002, 4521
0.002, 4520
0.002, 4519
0.002, 4518
0.002, 4517
0.002, 4516
0.002, 4515
0.002, 4514
0.002, 4513
0.002, 4512
0.002, 4511
0.002, 4510
0.002, 4509
0.002, 4508
0.002, 4507
0.002, 4506
0.002, 4505
0.002, 4504
0.002, 4503
0.002, 4502
0.002, 4501
0.002, 4500
0.002, 4499
0.002, 4498
0.002, 4497
0.002, 4496
0.002, 4495
0.002, 4494
0.002, 4493
0.002, 4492
0.002, 4491
0.002, 4490
0.002, 4489
0.002, 4488
0.002, 4487
0.002, 4486
0.002, 4485
0.002, 4484
0.002, 4483
0.002, 4482
0.002, 4481
0.002, 4480
0.002, 4479
0.002, 4478
0.002, 4477
0.002, 4476
0.002, 4475
0.002, 4474
0.002, 4473
0.002, 4472
0.002, 4471
0.002, 4470
0.002, 4469
0.002, 4468
0.002, 4467
0.002, 4466
0.002, 4465
0.002, 4464
0.002, 4463
0.002, 4462
0.002, 4461
0.002, 4460
0.002, 4459
0.002, 4458
0.002, 4457
0.002, 4456
0.002, 4455
0.002, 4454
0.002, 4453
0.002, 4452
0.002, 4451
0.002, 4450
0.002, 4449
0.002, 4448
0.002, 4447
0.002, 4446
0.002, 4445
0.002, 4444
0.002, 4443
0.002, 4442
0.002, 4441
0.002, 4440
0.002, 4439
0.002, 4438
0.002, 4437
0.002, 4436
0.002, 4435
0.002, 4434
0.002, 4433
0.002, 4432
0.002, 4431
0.002, 4430
0.002, 4429
0.002, 4428
0.002, 4427
0.002, 4426
0.002, 4425
0.002, 4424
0.002, 4423
0.002, 4422
0.002, 4421
0.002, 4420
0.002, 4419
0.002, 4418
0.002, 4417
0.002, 4416
0.002, 4415
0.002, 4414
0.002, 4413
0.002, 4412
0.002, 4411
0.002, 4410
0.002, 4409
0.002, 4408
0.002, 4407
0.002, 4406
0.002, 4405
0.002, 4404
0.002, 4403
0.002, 4402
0.002, 4401
0.002, 4400
0.002, 4399
0.002, 4398
0.002, 4397
0.002, 4396
0.002, 4395
0.002, 4394
0.002, 4393
0.002, 4392
0.002, 4391
0.002, 4390
0.002, 4389
0.002, 4388
0.002, 4387
0.002, 4386
0.002, 4385
0.002, 4384
0.002, 4383
0.002, 4382
0.002, 4381
0.002, 4380
0.002, 4379
0.002, 4378
0.002, 4377
0.002, 4376
0.002, 4375
0.002, 4374
0.002, 4373
0.002, 4372
0.002, 4371
0.002, 4370
0.002, 4369
0.002, 4368
0.002, 4367
0.002, 4366
0.002, 4365
0.002, 4364
0.003, 4363
0.003, 4362
0.003, 4361
0.003, 4360
0.003, 4359
0.003, 4358
0.003, 4357
0.003, 4356
0.003, 4355
0.003, 4354
0.003, 4353
0.003, 4352
0.003, 4351
0.003, 4350
0.003, 4349
0.003, 4348
0.003, 4347
0.003, 4346
0.003, 4345
0.003, 4344
0.003, 4343
0.003, 4342
0.003, 4341
0.003, 4340
0.003, 4339
0.003, 4338
0.003, 4337
0.003, 4336
0.003, 4335
0.003, 4334
0.003, 4333
0.003, 4332
0.003, 4331
0.003, 4330
0.003, 4329
0.003, 4328
0.003, 4327
0.003, 4326
0.003, 4325
0.003, 4324
0.003, 4323
0.003, 4322
0.003, 4321
0.003, 4320
0.003, 4319
0.003, 4318
0.003, 4317
0.003, 4316
0.003, 4315
0.003, 4314
0.003, 4313
0.003, 4312
0.003, 4311
0.003, 4310
0.003, 4309
0.003, 4308
0.003, 4307
0.003, 4306
0.003, 4305
0.003, 4304
0.003, 4303
0.003, 4302
0.003, 4301
0.003, 4300
0.003, 4299
0.003, 4298
0.003, 4297
0.003, 4296
0.003, 4295
0.003, 4294
0.003, 4293
0.003, 4292
0.003, 4291
0.003, 4290
0.003, 4289
0.003, 4288
0.003, 4287
0.003, 4286
0.003, 4285
0.003, 4284
0.003, 4283
0.003, 4282
0.003, 4281
0.003, 4280
0.003, 4279
0.003, 4278
0.003, 4277
0.003, 4276
0.003, 4275
0.003, 4274
0.003, 4273
0.003, 4272
0.003, 4271
0.003, 4270
0.003, 4269
0.003, 4268
0.003, 4267
0.003, 4266
0.003, 4265
0.003, 4264
0.003, 4263
0.003, 4262
0.003, 4261
0.003, 4260
0.003, 4259
0.003, 4258
0.003, 4257
0.003, 4256
0.003, 4255
0.003, 4254
0.003, 4253
0.003, 4252
0.003, 4251
0.003, 4250
0.003, 4249
0.003, 4248
0.003, 4247
0.003, 4246
0.003, 4245
0.003, 4244
0.003, 4243
0.003, 4242
0.003, 4241
0.003, 4240
0.003, 4239
0.003, 4238
0.003, 4237
0.003, 4236
0.003, 4235
0.003, 4234
0.003, 4233
0.003, 4232
0.003, 4231
0.003, 4230
0.003, 4229
0.003, 4228
0.003, 4227
0.003, 4226
0.003, 4225
0.003, 4224
0.003, 4223
0.003, 4222
0.003, 4221
0.003, 4220
0.003, 4219
0.003, 4218
0.003, 4217
0.003, 4216
0.003, 4215
0.003, 4214
0.003, 4213
0.003, 4212
0.003, 4211
0.003, 4210
0.003, 4209
0.003, 4208
0.003, 4207
0.003, 4206
0.003, 4205
0.003, 4204
0.003, 4203
0.003, 4202
0.003, 4201
0.003, 4200
0.003, 4199
0.003, 4198
0.003, 4197
0.003, 4196
0.003, 4195
0.003, 4194
0.003, 4193
0.003, 4192
0.003, 4191
0.003, 4190
0.003, 4189
0.003, 4188
0.003, 4187
0.003, 4186
0.003, 4185
0.003, 4184
0.003, 4183
0.003, 4182
0.003, 4181
0.003, 4180
0.003, 4179
0.003, 4178
0.003, 4177
0.003, 4176
0.003, 4175
0.003, 4174
0.003, 4173
0.003, 4172
0.003, 4171
0.003, 4170
0.003, 4169
0.003, 4168
0.003, 4167
0.003, 4166
0.003, 4165
0.003, 4164
0.003, 4163
0.003, 4162
0.003, 4161
0.003, 4160
0.003, 4159
0.003, 4158
0.003, 4157
0.003, 4156
0.003, 4155
0.003, 4154
0.003, 4153
0.003, 4152
0.003, 4151
0.003, 4150
0.003, 4149
0.003, 4148
0.003, 4147
0.003, 4146
0.003, 4145
0.003, 4144
0.003, 4143
0.003, 4142
0.003, 4141
0.003, 4140
0.003, 4139
0.003, 4138
0.003, 4137
0.003, 4136
0.003, 4135
0.003, 4134
0.003, 4133
0.003, 4132
0.003, 4131
0.003, 4130
0.003, 4129
0.003, 4128
0.003, 4127
0.003, 4126
0.003, 4125
0.003, 4124
0.003, 4123
0.003, 4122
0.003, 4121
0.003, 4120
0.003, 4119
0.003, 4118
0.003, 4117
0.003, 4116
0.003, 4115
0.003, 4114
0.003, 4113
0.003, 4112
0.003, 4111
0.003, 4110
0.003, 4109
0.003, 4108
0.003, 4107
0.003, 4106
0.003, 4105
0.003, 4104
0.003, 4103
0.003, 4102
0.003, 4101
0.003, 4100
0.003, 4099
0.003, 4098
0.003, 4097
0.003, 4096
0.003, 4095
0.003, 4094
0.003, 4093
0.003, 4092
0.003, 4091
0.003, 4090
0.003, 4089
0.003, 4088
0.003, 4087
0.003, 4086
0.003, 4085
0.003, 4084
0.003, 4083
0.003, 4082
0.003, 4081
0.003, 4080
0.003, 4079
0.003, 4078
0.003, 4077
0.003, 4076
0.003, 4075
0.003, 4074
0.003, 4073
0.003, 4072
0.003, 4071
0.003, 4070
0.003, 4069
0.003, 4068
0.003, 4067
0.003, 4066
0.003, 4065
0.003, 4064
0.003, 4063
0.003, 4062
0.003, 4061
0.003, 4060
0.003, 4059
0.003, 4058
0.003, 4057
0.003, 4056
0.003, 4055
0.003, 4054
0.003, 4053
0.003, 4052
0.003, 4051
0.003, 4050
0.003, 4049
0.003, 4048
0.003, 4047
0.003, 4046
0.003, 4045
0.003, 4044
0.003, 4043
0.003, 4042
0.003, 4041
0.003, 4040
0.003, 4039
0.003, 4038
0.003, 4037
0.003, 4036
0.003, 4035
0.003, 4034
0.003, 4033
0.003, 4032
0.003, 4031
0.003, 4030
0.003, 4029
0.003, 4028
0.003, 4027
0.003, 4026
0.003, 4025
0.003, 4024
0.003, 4023
0.003, 4022
0.003, 4021
0.003, 4020
0.003, 4019
0.003, 4018
0.003, 4017
0.003, 4016
0.003, 4015
0.003, 4014
0.003, 4013
0.003, 4012
0.003, 4011
0.003, 4010
0.003, 4009
0.003, 4008
0.003, 4007
0.003, 4006
0.003, 4005
0.003, 4004
0.003, 4003
0.003, 4002
0.003, 4001
0.003, 4000
0.003, 3999
0.003, 3998
0.003, 3997
0.003, 3996
0.003, 3995
0.003, 3994
0.003, 3993
0.003, 3992
0.003, 3991
0.003, 3990
0.003, 3989
0.003, 3988
0.003, 3987
0.003, 3986
0.003, 3985
0.003, 3984
0.003, 3983
0.003, 3982
0.003, 3981
0.003, 3980
0.003, 3979
0.003, 3978
0.003, 3977
0.003, 3976
0.003, 3975
0.003, 3974
0.003, 3973
0.003, 3972
0.003, 3971
0.003, 3970
0.003, 3969
0.003, 3968
0.003, 3967
0.003, 3966
0.003, 3965
0.003, 3964
0.003, 3963
0.003, 3962
0.003, 3961
0.003, 3960
0.003, 3959
0.003, 3958
0.003, 3957
0.003, 3956
0.003, 3955
0.003, 3954
0.003, 3953
0.003, 3952
0.003, 3951
0.003, 3950
0.003, 3949
0.003, 3948
0.003, 3947
0.003, 3946
0.003, 3945
0.003, 3944
0.003, 3943
0.003, 3942
0.003, 3941
0.003, 3940
0.003, 3939
0.003, 3938
0.003, 3937
0.003, 3936
0.003, 3935
0.003, 3934
0.003, 3933
0.003, 3932
0.003, 3931
0.003, 3930
0.003, 3929
0.003, 3928
0.003, 3927
0.003, 3926
0.003, 3925
0.003, 3924
0.003, 3923
0.003, 3922
0.003, 3921
0.003, 3920
0.003, 3919
0.003, 3918
0.003, 3917
0.003, 3916
0.003, 3915
0.003, 3914
0.003, 3913
0.003, 3912
0.003, 3911
0.003, 3910
0.003, 3909
0.003, 3908
0.003, 3907
0.003, 3906
0.003, 3905
0.003, 3904
0.003, 3903
0.003, 3902
0.003, 3901
0.003, 3900
0.003, 3899
0.003, 3898
0.003, 3897
0.003, 3896
0.003, 3895
0.003, 3894
0.003, 3893
0.003, 3892
0.003, 3891
0.003, 3890
0.003, 3889
0.003, 3888
0.003, 3887
0.003, 3886
0.003, 3885
0.003, 3884
0.003, 3883
0.003, 3882
0.003, 3881
0.003, 3880
0.003, 3879
0.003, 3878
0.003, 3877
0.003, 3876
0.003, 3875
0.003, 3874
0.003, 3873
0.003, 3872
0.003, 3871
0.003, 3870
0.003, 3869
0.003, 3868
0.003, 3867
0.003, 3866
0.003, 3865
0.003, 3864
0.003, 3863
0.003, 3862
0.003, 3861
0.003, 3860
0.003, 3859
0.003, 3858
0.003, 3857
0.003, 3856
0.003, 3855
0.003, 3854
0.003, 3853
0.003, 3852
0.003, 3851
0.003, 3850
0.003, 3849
0.003, 3848
0.003, 3847
0.003, 3846
0.003, 3845
0.003, 3844
0.003, 3843
0.003, 3842
0.003, 3841
0.003, 3840
0.003, 3839
0.003, 3838
0.003, 3837
0.003, 3836
0.003, 3835
0.003, 3834
0.003, 3833
0.003, 3832
0.003, 3831
0.003, 3830
0.003, 3829
0.003, 3828
0.003, 3827
0.003, 3826
0.003, 3825
0.003, 3824
0.003, 3823
0.003, 3822
0.003, 3821
0.003, 3820
0.003, 3819
0.003, 3818
0.003, 3817
0.003, 3816
0.003, 3815
0.003, 3814
0.003, 3813
0.003, 3812
0.003, 3811
0.003, 3810
0.003, 3809
0.003, 3808
0.003, 3807
0.003, 3806
0.003, 3805
0.003, 3804
0.003, 3803
0.003, 3802
0.003, 3801
0.003, 3800
0.003, 3799
0.003, 3798
0.003, 3797
0.003, 3796
0.003, 3795
0.003, 3794
0.003, 3793
0.003, 3792
0.003, 3791
0.003, 3790
0.003, 3789
0.003, 3788
0.003, 3787
0.003, 3786
0.003, 3785
0.003, 3784
0.003, 3783
0.003, 3782
0.003, 3781
0.004, 3780
0.004, 3779
0.004, 3778
0.004, 3777
0.004, 3776
0.004, 3775
0.004, 3774
0.004, 3773
0.004, 3772
0.004, 3771
0.004, 3770
0.004, 3769
0.004, 3768
0.004, 3767
0.004, 3766
0.004, 3765
0.004, 3764
0.004, 3763
0.004, 3762
0.004, 3761
0.004, 3760
0.004, 3759
0.004, 3758
0.004, 3757
0.004, 3756
0.004, 3755
0.004, 3754
0.004, 3753
0.004, 3752
0.004, 3751
0.004, 3750
0.004, 3749
0.004, 3748
0.004, 3747
0.004, 3746
0.004, 3745
0.004, 3744
0.004, 3743
0.004, 3742
0.004, 3741
0.004, 3740
0.004, 3739
0.004, 3738
0.004, 3737
0.004, 3736
0.004, 3735
0.004, 3734
0.004, 3733
0.004, 3732
0.004, 3731
0.004, 3730
0.004, 3729
0.004, 3728
0.004, 3727
0.004, 3726
0.004, 3725
0.004, 3724
0.004, 3723
0.004, 3722
0.004, 3721
0.004, 3720
0.004, 3719
0.004, 3718
0.004, 3717
0.004, 3716
0.004, 3715
0.004, 3714
0.004, 3713
0.004, 3712
0.004, 3711
0.004, 3710
0.004, 3709
0.004, 3708
0.004, 3707
0.004, 3706
0.004, 3705
0.004, 3704
0.004, 3703
0.004, 3702
0.004, 3701
0.004, 3700
0.004, 3699
0.004, 3698
0.004, 3697
0.004, 3696
0.004, 3695
0.004, 3694
0.004, 3693
0.004, 3692
0.004, 3691
0.004, 3690
0.004, 3689
0.004, 3688
0.004, 3687
0.004, 3686
0.004, 3685
0.004, 3684
0.004, 3683
0.004, 3682
0.004, 3681
0.004, 3680
0.004, 3679
0.004, 3678
0.004, 3677
0.004, 3676
0.004, 3675
0.004, 3674
0.004, 3673
0.004, 3672
0.004, 3671
0.004, 3670
0.004, 3669
0.004, 3668
0.004, 3667
0.004, 3666
0.004, 3665
0.004, 3664
0.004, 3663
0.004, 3662
0.004, 3661
0.004, 3660
0.004, 3659
0.004, 3658
0.004, 3657
0.004, 3656
0.004, 3655
0.004, 3654
0.004, 3653
0.004, 3652
0.004, 3651
0.004, 3650
0.004, 3649
0.004, 3648
0.004, 3647
0.004, 3646
0.004, 3645
0.004, 3644
0.004, 3643
0.004, 3642
0.004, 3641
0.004, 3640
0.004, 3639
0.004, 3638
0.004, 3637
0.004, 3636
0.004, 3635
0.004, 3634
0.004, 3633
0.004, 3632
0.004, 3631
0.004, 3630
0.004, 3629
0.004, 3628
0.004, 3627
0.004, 3626
0.004, 3625
0.004, 3624
0.004, 3623
0.004, 3622
0.004, 3621
0.004, 3620
0.004, 3619
0.004, 3618
0.004, 3617
0.004, 3616
0.004, 3615
0.004, 3614
0.004, 3613
0.004, 3612
0.004, 3611
0.004, 3610
0.004, 3609
0.004, 3608
0.004, 3607
0.004, 3606
0.004, 3605
0.004, 3604
0.004, 3603
0.004, 3602
0.004, 3601
0.004, 3600
0.004, 3599
0.004, 3598
0.004, 3597
0.004, 3596
0.004, 3595
0.004, 3594
0.004, 3593
0.004, 3592
0.004, 3591
0.004, 3590
0.004, 3589
0.004, 3588
0.004, 3587
0.004, 3586
0.004, 3585
0.004, 3584
0.004, 3583
0.004, 3582
0.004, 3581
0.004, 3580
0.004, 3579
0.004, 3578
0.004, 3577
0.004, 3576
0.004, 3575
0.004, 3574
0.004, 3573
0.004, 3572
0.004, 3571
0.004, 3570
0.004, 3569
0.004, 3568
0.004, 3567
0.004, 3566
0.004, 3565
0.004, 3564
0.004, 3563
0.004, 3562
0.004, 3561
0.004, 3560
0.004, 3559
0.004, 3558
0.004, 3557
0.004, 3556
0.004, 3555
0.004, 3554
0.004, 3553
0.004, 3552
0.004, 3551
0.004, 3550
0.004, 3549
0.004, 3548
0.004, 3547
0.004, 3546
0.004, 3545
0.004, 3544
0.004, 3543
0.004, 3542
0.004, 3541
0.004, 3540
0.004, 3539
0.004, 3538
0.004, 3537
0.004, 3536
0.004, 3535
0.004, 3534
0.004, 3533
0.004, 3532
0.004, 3531
0.004, 3530
0.004, 3529
0.004, 3528
0.004, 3527
0.004, 3526
0.004, 3525
0.004, 3524
0.004, 3523
0.004, 3522
0.004, 3521
0.004, 3520
0.004, 3519
0.004, 3518
0.004, 3517
0.004, 3516
0.004, 3515
0.004, 3514
0.004, 3513
0.004, 3512
0.004, 3511
0.004, 3510
0.004, 3509
0.004, 3508
0.004, 3507
0.004, 3506
0.004, 3505
0.004, 3504
0.004, 3503
0.004, 3502
0.004, 3501
0.004, 3500
0.004, 3499
0.004, 3498
0.004, 3497
0.004, 3496
0.004, 3495
0.004, 3494
0.004, 3493
0.004, 3492
0.004, 3491
0.004, 3490
0.004, 3489
0.004, 3488
0.004, 3487
0.004, 3486
0.004, 3485
0.004, 3484
0.004, 3483
0.004, 3482
0.004, 3481
0.004, 3480
0.004, 3479
0.004, 3478
0.004, 3477
0.004, 3476
0.004, 3475
0.004, 3474
0.004, 3473
0.004, 3472
0.004, 3471
0.004, 3470
0.004, 3469
0.004, 3468
0.004, 3467
0.004, 3466
0.004, 3465
0.004, 3464
0.004, 3463
0.004, 3462
0.004, 3461
0.004, 3460
0.004, 3459
0.004, 3458
0.004, 3457
0.004, 3456
0.004, 3455
0.004, 3454
0.004, 3453
0.004, 3452
0.004, 3451
0.004, 3450
0.004, 3449
0.004, 3448
0.004, 3447
0.004, 3446
0.004, 3445
0.004, 3444
0.004, 3443
0.004, 3442
0.004, 3441
0.004, 3440
0.004, 3439
0.004, 3438
0.004, 3437
0.004, 3436
0.004, 3435
0.004, 3434
0.004, 3433
0.004, 3432
0.004, 3431
0.004, 3430
0.004, 3429
0.004, 3428
0.004, 3427
0.004, 3426
0.004, 3425
0.004, 3424
0.004, 3423
0.004, 3422
0.004, 3421
0.004, 3420
0.004, 3419
0.004, 3418
0.004, 3417
0.004, 3416
0.004, 3415
0.004, 3414
0.004, 3413
0.004, 3412
0.004, 3411
0.004, 3410
0.004, 3409
0.004, 3408
0.004, 3407
0.004, 3406
0.004, 3405
0.004, 3404
0.004, 3403
0.004, 3402
0.004, 3401
0.004, 3400
0.004, 3399
0.004, 3398
0.004, 3397
0.004, 3396
0.004, 3395
0.004, 3394
0.004, 3393
0.004, 3392
0.004, 3391
0.004, 3390
0.004, 3389
0.004, 3388
0.004, 3387
0.004, 3386
0.004, 3385
0.004, 3384
0.004, 3383
0.004, 3382
0.004, 3381
0.004, 3380
0.004, 3379
0.004, 3378
0.004, 3377
0.004, 3376
0.004, 3375
0.004, 3374
0.004, 3373
0.004, 3372
0.004, 3371
0.004, 3370
0.004, 3369
0.004, 3368
0.004, 3367
0.004, 3366
0.004, 3365
0.004, 3364
0.004, 3363
0.004, 3362
0.004, 3361
0.004, 3360
0.004, 3359
0.004, 3358
0.004, 3357
0.004, 3356
0.004, 3355
0.004, 3354
0.004, 3353
0.004, 3352
0.004, 3351
0.004, 3350
0.004, 3349
0.004, 3348
0.004, 3347
0.004, 3346
0.004, 3345
0.004, 3344
0.004, 3343
0.004, 3342
0.004, 3341
0.004, 3340
0.004, 3339
0.004, 3338
0.004, 3337
0.004, 3336
0.004, 3335
0.004, 3334
0.004, 3333
0.004, 3332
0.004, 3331
0.004, 3330
0.004, 3329
0.004, 3328
0.004, 3327
0.004, 3326
0.004, 3325
0.004, 3324
0.004, 3323
0.004, 3322
0.004, 3321
0.004, 3320
0.004, 3319
0.004, 3318
0.004, 3317
0.004, 3316
0.004, 3315
0.004, 3314
0.004, 3313
0.004, 3312
0.004, 3311
0.004, 3310
0.004, 3309
0.004, 3308
0.004, 3307
0.004, 3306
0.004, 3305
0.004, 3304
0.004, 3303
0.004, 3302
0.004, 3301
0.004, 3300
0.004, 3299
0.004, 3298
0.004, 3297
0.004, 3296
0.004, 3295
0.004, 3294
0.004, 3293
0.004, 3292
0.004, 3291
0.004, 3290
0.004, 3289
0.004, 3288
0.004, 3287
0.004, 3286
0.004, 3285
0.004, 3284
0.004, 3283
0.004, 3282
0.004, 3281
0.004, 3280
0.004, 3279
0.004, 3278
0.004, 3277
0.004, 3276
0.004, 3275
0.004, 3274
0.004, 3273
0.004, 3272
0.004, 3271
0.004, 3270
0.004, 3269
0.004, 3268
0.004, 3267
0.004, 3266
0.004, 3265
0.004, 3264
0.004, 3263
0.004, 3262
0.004, 3261
0.004, 3260
0.004, 3259
0.004, 3258
0.004, 3257
0.004, 3256
0.004, 3255
0.004, 3254
0.004, 3253
0.004, 3252
0.004, 3251
0.005, 3250
0.005, 3249
0.005, 3248
0.005, 3247
0.005, 3246
0.005, 3245
0.005, 3244
0.005, 3243
0.005, 3242
0.005, 3241
0.005, 3240
0.005, 3239
0.005, 3238
0.005, 3237
0.005, 3236
0.005, 3235
0.005, 3234
0.005, 3233
0.005, 3232
0.005, 3231
0.005, 3230
0.005, 3229
0.005, 3228
0.005, 3227
0.005, 3226
0.005, 3225
0.005, 3224
0.005, 3223
0.005, 3222
0.005, 3221
0.005, 3220
0.005, 3219
0.005, 3218
0.005, 3217
0.005, 3216
0.005, 3215
0.005, 3214
0.005, 3213
0.005, 3212
0.005, 3211
0.005, 3210
0.005, 3209
0.005, 3208
0.005, 3207
0.005, 3206
0.005, 3205
0.005, 3204
0.005, 3203
0.005, 3202
0.005, 3201
0.005, 3200
0.005, 3199
0.005, 3198
0.005, 3197
0.005, 3196
0.005, 3195
0.005, 3194
0.005, 3193
0.005, 3192
0.005, 3191
0.005, 3190
0.005, 3189
0.005, 3188
0.005, 3187
0.005, 3186
0.005, 3185
0.005, 3184
0.005, 3183
0.005, 3182
0.005, 3181
0.005, 3180
0.005, 3179
0.005, 3178
0.005, 3177
0.005, 3176
0.005, 3175
0.005, 3174
0.005, 3173
0.005, 3172
0.005, 3171
0.005, 3170
0.005, 3169
0.005, 3168
0.005, 3167
0.005, 3166
0.005, 3165
0.005, 3164
0.005, 3163
0.005, 3162
0.005, 3161
0.005, 3160
0.005, 3159
0.005, 3158
0.005, 3157
0.005, 3156
0.005, 3155
0.005, 3154
0.005, 3153
0.005, 3152
0.005, 3151
0.005, 3150
0.005, 3149
0.005, 3148
0.005, 3147
0.005, 3146
0.005, 3145
0.005, 3144
0.005, 3143
0.005, 3142
0.005, 3141
0.005, 3140
0.005, 3139
0.005, 3138
0.005, 3137
0.005, 3136
0.005, 3135
0.005, 3134
0.005, 3133
0.005, 3132
0.005, 3131
0.005, 3130
0.005, 3129
0.005, 3128
0.005, 3127
0.005, 3126
0.005, 3125
0.005, 3124
0.005, 3123
0.005, 3122
0.005, 3121
0.005, 3120
0.005, 3119
0.005, 3118
0.005, 3117
0.005, 3116
0.005, 3115
0.005, 3114
0.005, 3113
0.005, 3112
0.005, 3111
0.005, 3110
0.005, 3109
0.005, 3108
0.005, 3107
0.005, 3106
0.005, 3105
0.005, 3104
0.005, 3103
0.005, 3102
0.005, 3101
0.005, 3100
0.005, 3099
0.005, 3098
0.005, 3097
0.005, 3096
0.005, 3095
0.005, 3094
0.005, 3093
0.005, 3092
0.005, 3091
0.005, 3090
0.005, 3089
0.005, 3088
0.005, 3087
0.005, 3086
0.005, 3085
0.005, 3084
0.005, 3083
0.005, 3082
0.005, 3081
0.005, 3080
0.005, 3079
0.005, 3078
0.005, 3077
0.005, 3076
0.005, 3075
0.005, 3074
0.005, 3073
0.005, 3072
0.005, 3071
0.005, 3070
0.005, 3069
0.005, 3068
0.005, 3067
0.005, 3066
0.005, 3065
0.005, 3064
0.005, 3063
0.005, 3062
0.005, 3061
0.005, 3060
0.005, 3059
0.005, 3058
0.005, 3057
0.005, 3056
0.005, 3055
0.005, 3054
0.005, 3053
0.005, 3052
0.005, 3051
0.005, 3050
0.005, 3049
0.005, 3048
0.005, 3047
0.005, 3046
0.005, 3045
0.005, 3044
0.005, 3043
0.005, 3042
0.005, 3041
0.005, 3040
0.005, 3039
0.005, 3038
0.005, 3037
0.005, 3036
0.005, 3035
0.005, 3034
0.005, 3033
0.005, 3032
0.005, 3031
0.005, 3030
0.005, 3029
0.005, 3028
0.005, 3027
0.005, 3026
0.005, 3025
0.005, 3024
0.005, 3023
0.005, 3022
0.005, 3021
0.005, 3020
0.005, 3019
0.005, 3018
0.005, 3017
0.005, 3016
0.005, 3015
0.005, 3014
0.005, 3013
0.005, 3012
0.005, 3011
0.005, 3010
0.005, 3009
0.005, 3008
0.005, 3007
0.005, 3006
0.005, 3005
0.005, 3004
0.005, 3003
0.005, 3002
0.005, 3001
0.005, 3000
0.005, 2999
0.005, 2998
0.005, 2997
0.005, 2996
0.005, 2995
0.005, 2994
0.005, 2993
0.005, 2992
0.005, 2991
0.005, 2990
0.005, 2989
0.005, 2988
0.005, 2987
0.005, 2986
0.005, 2985
0.005, 2984
0.005, 2983
0.005, 2982
0.005, 2981
0.005, 2980
0.005, 2979
0.005, 2978
0.005, 2977
0.005, 2976
0.005, 2975
0.005, 2974
0.005, 2973
0.005, 2972
0.005, 2971
0.005, 2970
0.005, 2969
0.005, 2968
0.005, 2967
0.005, 2966
0.005, 2965
0.005, 2964
0.005, 2963
0.005, 2962
0.005, 2961
0.005, 2960
0.005, 2959
0.005, 2958
0.005, 2957
0.005, 2956
0.005, 2955
0.005, 2954
0.005, 2953
0.005, 2952
0.005, 2951
0.005, 2950
0.005, 2949
0.005, 2948
0.005, 2947
0.005, 2946
0.005, 2945
0.005, 2944
0.005, 2943
0.005, 2942
0.005, 2941
0.005, 2940
0.005, 2939
0.005, 2938
0.005, 2937
0.005, 2936
0.005, 2935
0.005, 2934
0.005, 2933
0.005, 2932
0.005, 2931
0.005, 2930
0.005, 2929
0.005, 2928
0.005, 2927
0.005, 2926
0.005, 2925
0.005, 2924
0.005, 2923
0.005, 2922
0.005, 2921
0.005, 2920
0.005, 2919
0.005, 2918
0.005, 2917
0.005, 2916
0.005, 2915
0.005, 2914
0.005, 2913
0.005, 2912
0.005, 2911
0.005, 2910
0.005, 2909
0.005, 2908
0.005, 2907
0.005, 2906
0.005, 2905
0.005, 2904
0.005, 2903
0.005, 2902
0.005, 2901
0.005, 2900
0.005, 2899
0.005, 2898
0.005, 2897
0.005, 2896
0.005, 2895
0.005, 2894
0.005, 2893
0.005, 2892
0.005, 2891
0.005, 2890
0.005, 2889
0.005, 2888
0.005, 2887
0.005, 2886
0.005, 2885
0.005, 2884
0.005, 2883
0.005, 2882
0.005, 2881
0.005, 2880
0.005, 2879
0.005, 2878
0.005, 2877
0.005, 2876
0.005, 2875
0.005, 2874
0.005, 2873
0.005, 2872
0.005, 2871
0.005, 2870
0.005, 2869
0.005, 2868
0.005, 2867
0.005, 2866
0.005, 2865
0.005, 2864
0.005, 2863
0.005, 2862
0.005, 2861
0.005, 2860
0.005, 2859
0.005, 2858
0.005, 2857
0.005, 2856
0.005, 2855
0.005, 2854
0.005, 2853
0.005, 2852
0.005, 2851
0.005, 2850
0.005, 2849
0.005, 2848
0.005, 2847
0.005, 2846
0.005, 2845
0.005, 2844
0.005, 2843
0.005, 2842
0.005, 2841
0.005, 2840
0.005, 2839
0.005, 2838
0.005, 2837
0.005, 2836
0.005, 2835
0.005, 2834
0.005, 2833
0.005, 2832
0.005, 2831
0.005, 2830
0.005, 2829
0.005, 2828
0.005, 2827
0.005, 2826
0.005, 2825
0.005, 2824
0.005, 2823
0.005, 2822
0.005, 2821
0.005, 2820
0.005, 2819
0.005, 2818
0.005, 2817
0.005, 2816
0.005, 2815
0.005, 2814
0.005, 2813
0.005, 2812
0.005, 2811
0.005, 2810
0.005, 2809
0.005, 2808
0.005, 2807
0.005, 2806
0.005, 2805
0.005, 2804
0.005, 2803
0.005, 2802
0.005, 2801
0.005, 2800
0.005, 2799
0.005, 2798
0.005, 2797
0.005, 2796
0.005, 2795
0.005, 2794
0.005, 2793
0.005, 2792
0.005, 2791
0.005, 2790
0.005, 2789
0.005, 2788
0.005, 2787
0.005, 2786
0.005, 2785
0.005, 2784
0.005, 2783
0.005, 2782
0.005, 2781
0.005, 2780
0.005, 2779
0.005, 2778
0.005, 2777
0.005, 2776
0.005, 2775
0.005, 2774
0.005, 2773
0.005, 2772
0.005, 2771
0.005, 2770
0.005, 2769
0.005, 2768
0.005, 2767
0.005, 2766
0.005, 2765
0.005, 2764
0.005, 2763
0.005, 2762
0.005, 2761
0.005, 2760
0.005, 2759
0.005, 2758
0.005, 2757
0.005, 2756
0.005, 2755
0.005, 2754
0.005, 2753
0.005, 2752
0.005, 2751
0.005, 2750
0.005, 2749
0.005, 2748
0.005, 2747
0.005, 2746
0.005, 2745
0.006, 2744
0.006, 2743
0.006, 2742
0.006, 2741
0.006, 2740
0.006, 2739
0.006, 2738
0.006, 2737
0.006, 2736
0.006, 2735
0.006, 2734
0.006, 2733
0.006, 2732
0.006, 2731
0.006, 2730
0.006, 2729
0.006, 2728
0.006, 2727
0.006, 2726
0.006, 2725
0.006, 2724
0.006, 2723
0.006, 2722
0.006, 2721
0.006, 2720
0.006, 2719
0.006, 2718
0.006, 2717
0.006, 2716
0.006, 2715
0.006, 2714
0.006, 2713
0.006, 2712
0.006, 2711
0.006, 2710
0.006, 2709
0.006, 2708
0.006, 2707
0.006, 2706
0.006, 2705
0.006, 2704
0.006, 2703
0.006, 2702
0.006, 2701
0.006, 2700
0.006, 2699
0.006, 2698
0.006, 2697
0.006, 2696
0.006, 2695
0.006, 2694
0.006, 2693
0.006, 2692
0.006, 2691
0.006, 2690
0.006, 2689
0.006, 2688
0.006, 2687
0.006, 2686
0.006, 2685
0.006, 2684
0.006, 2683
0.006, 2682
0.006, 2681
0.006, 2680
0.006, 2679
0.006, 2678
0.006, 2677
0.006, 2676
0.006, 2675
0.006, 2674
0.006, 2673
0.006, 2672
0.006, 2671
0.006, 2670
0.006, 2669
0.006, 2668
0.006, 2667
0.006, 2666
0.006, 2665
0.006, 2664
0.006, 2663
0.006, 2662
0.006, 2661
0.006, 2660
0.006, 2659
0.006, 2658
0.006, 2657
0.006, 2656
0.006, 2655
0.006, 2654
0.006, 2653
0.006, 2652
0.006, 2651
0.006, 2650
0.006, 2649
0.006, 2648
0.006, 2647
0.006, 2646
0.006, 2645
0.006, 2644
0.006, 2643
0.006, 2642
0.006, 2641
0.006, 2640
0.006, 2639
0.006, 2638
0.006, 2637
0.006, 2636
0.006, 2635
0.006, 2634
0.006, 2633
0.006, 2632
0.006, 2631
0.006, 2630
0.006, 2629
0.006, 2628
0.006, 2627
0.006, 2626
0.006, 2625
0.006, 2624
0.006, 2623
0.006, 2622
0.006, 2621
0.006, 2620
0.006, 2619
0.006, 2618
0.006, 2617
0.006, 2616
0.006, 2615
0.006, 2614
0.006, 2613
0.006, 2612
0.006, 2611
0.006, 2610
0.006, 2609
0.006, 2608
0.006, 2607
0.006, 2606
0.006, 2605
0.006, 2604
0.006, 2603
0.006, 2602
0.006, 2601
0.006, 2600
0.006, 2599
0.006, 2598
0.006, 2597
0.006, 2596
0.006, 2595
0.006, 2594
0.006, 2593
0.006, 2592
0.006, 2591
0.006, 2590
0.006, 2589
0.006, 2588
0.006, 2587
0.006, 2586
0.006, 2585
0.006, 2584
0.006, 2583
0.006, 2582
0.006, 2581
0.006, 2580
0.006, 2579
0.006, 2578
0.006, 2577
0.006, 2576
0.006, 2575
0.006, 2574
0.006, 2573
0.006, 2572
0.006, 2571
0.006, 2570
0.006, 2569
0.006, 2568
0.006, 2567
0.006, 2566
0.006, 2565
0.006, 2564
0.006, 2563
0.006, 2562
0.006, 2561
0.006, 2560
0.006, 2559
0.006, 2558
0.006, 2557
0.006, 2556
0.006, 2555
0.006, 2554
0.006, 2553
0.006, 2552
0.006, 2551
0.006, 2550
0.006, 2549
0.006, 2548
0.006, 2547
0.006, 2546
0.006, 2545
0.006, 2544
0.006, 2543
0.006, 2542
0.006, 2541
0.006, 2540
0.006, 2539
0.006, 2538
0.006, 2537
0.006, 2536
0.006, 2535
0.006, 2534
0.006, 2533
0.006, 2532
0.006, 2531
0.006, 2530
0.006, 2529
0.006, 2528
0.006, 2527
0.006, 2526
0.006, 2525
0.006, 2524
0.006, 2523
0.006, 2522
0.006, 2521
0.006, 2520
0.006, 2519
0.006, 2518
0.006, 2517
0.006, 2516
0.006, 2515
0.006, 2514
0.006, 2513
0.006, 2512
0.006, 2511
0.006, 2510
0.006, 2509
0.006, 2508
0.006, 2507
0.006, 2506
0.006, 2505
0.006, 2504
0.006, 2503
0.006, 2502
0.006, 2501
0.006, 2500
0.006, 2499
0.006, 2498
0.006, 2497
0.006, 2496
0.006, 2495
0.006, 2494
0.006, 2493
0.006, 2492
0.006, 2491
0.006, 2490
0.006, 2489
0.006, 2488
0.006, 2487
0.006, 2486
0.006, 2485
0.006, 2484
0.006, 2483
0.006, 2482
0.006, 2481
0.006, 2480
0.006, 2479
0.006, 2478
0.006, 2477
0.006, 2476
0.006, 2475
0.006, 2474
0.006, 2473
0.006, 2472
0.006, 2471
0.006, 2470
0.006, 2469
0.006, 2468
0.006, 2467
0.006, 2466
0.006, 2465
0.006, 2464
0.006, 2463
0.006, 2462
0.006, 2461
0.006, 2460
0.006, 2459
0.006, 2458
0.006, 2457
0.006, 2456
0.006, 2455
0.006, 2454
0.006, 2453
0.006, 2452
0.006, 2451
0.006, 2450
0.006, 2449
0.006, 2448
0.006, 2447
0.006, 2446
0.006, 2445
0.006, 2444
0.006, 2443
0.006, 2442
0.006, 2441
0.006, 2440
0.006, 2439
0.006, 2438
0.006, 2437
0.006, 2436
0.006, 2435
0.006, 2434
0.006, 2433
0.006, 2432
0.006, 2431
0.006, 2430
0.006, 2429
0.006, 2428
0.006, 2427
0.006, 2426
0.006, 2425
0.006, 2424
0.006, 2423
0.006, 2422
0.006, 2421
0.006, 2420
0.006, 2419
0.006, 2418
0.006, 2417
0.006, 2416
0.006, 2415
0.006, 2414
0.006, 2413
0.006, 2412
0.006, 2411
0.006, 2410
0.006, 2409
0.006, 2408
0.006, 2407
0.006, 2406
0.006, 2405
0.006, 2404
0.006, 2403
0.006, 2402
0.006, 2401
0.006, 2400
0.006, 2399
0.006, 2398
0.006, 2397
0.006, 2396
0.006, 2395
0.006, 2394
0.006, 2393
0.006, 2392
0.006, 2391
0.006, 2390
0.006, 2389
0.006, 2388
0.006, 2387
0.006, 2386
0.006, 2385
0.006, 2384
0.006, 2383
0.006, 2382
0.006, 2381
0.006, 2380
0.006, 2379
0.006, 2378
0.006, 2377
0.006, 2376
0.006, 2375
0.006, 2374
0.006, 2373
0.006, 2372
0.006, 2371
0.006, 2370
0.006, 2369
0.006, 2368
0.006, 2367
0.006, 2366
0.006, 2365
0.006, 2364
0.006, 2363
0.006, 2362
0.006, 2361
0.006, 2360
0.006, 2359
0.006, 2358
0.006, 2357
0.006, 2356
0.006, 2355
0.006, 2354
0.006, 2353
0.006, 2352
0.006, 2351
0.006, 2350
0.006, 2349
0.006, 2348
0.006, 2347
0.006, 2346
0.006, 2345
0.006, 2344
0.006, 2343
0.006, 2342
0.006, 2341
0.007, 2340
0.007, 2339
0.007, 2338
0.007, 2337
0.007, 2336
0.007, 2335
0.007, 2334
0.007, 2333
0.007, 2332
0.007, 2331
0.007, 2330
0.007, 2329
0.007, 2328
0.007, 2327
0.007, 2326
0.007, 2325
0.007, 2324
0.007, 2323
0.007, 2322
0.007, 2321
0.007, 2320
0.007, 2319
0.007, 2318
0.007, 2317
0.007, 2316
0.007, 2315
0.007, 2314
0.007, 2313
0.007, 2312
0.007, 2311
0.007, 2310
0.007, 2309
0.007, 2308
0.007, 2307
0.007, 2306
0.007, 2305
0.007, 2304
0.007, 2303
0.007, 2302
0.007, 2301
0.007, 2300
0.007, 2299
0.007, 2298
0.007, 2297
0.007, 2296
0.007, 2295
0.007, 2294
0.007, 2293
0.007, 2292
0.007, 2291
0.007, 2290
0.007, 2289
0.007, 2288
0.007, 2287
0.007, 2286
0.007, 2285
0.007, 2284
0.007, 2283
0.007, 2282
0.007, 2281
0.007, 2280
0.007, 2279
0.007, 2278
0.007, 2277
0.007, 2276
0.007, 2275
0.007, 2274
0.007, 2273
0.007, 2272
