0.003, 4939
0.003, 4938
0.003, 4937
0.003, 4936
0.003, 4935
0.003, 4934
0.003, 4933
0.003, 4932
0.003, 4931
0.003, 4930
0.003, 4929
0.003, 4928
0.003, 4927
0.003, 4926
0.003, 4925
0.003, 4924
0.003, 4923
0.003, 4922
0.003, 4921
0.003, 4920
0.003, 4919
0.003, 4918
0.003, 4917
0.003, 4916
0.003, 4915
0.003, 4914
0.003, 4913
0.003, 4912
0.003, 4911
0.003, 4910
0.003, 4909
0.003, 4908
0.003, 4907
0.003, 4906
0.003, 4905
0.003, 4904
0.003, 4903
0.003, 4902
0.003, 4901
0.003, 4900
0.003, 4899
0.003, 4898
0.003, 4897
0.003, 4896
0.003, 4895
0.003, 4894
0.003, 4893
0.003, 4892
0.003, 4891
0.003, 4890
0.003, 4889
0.003, 4888
0.003, 4887
0.003, 4886
0.003, 4885
0.003, 4884
0.003, 4883
0.003, 4882
0.003, 4881
0.003, 4880
0.003, 4879
0.003, 4878
0.003, 4877
0.003, 4876
0.003, 4875
0.003, 4874
0.003, 4873
0.003, 4872
0.003, 4871
0.003, 4870
0.003, 4869
0.003, 4868
0.003, 4867
0.003, 4866
0.003, 4865
0.003, 4864
0.003, 4863
0.003, 4862
0.003, 4861
0.003, 4860
0.003, 4859
0.003, 4858
0.003, 4857
0.003, 4856
0.003, 4855
0.004, 4854
0.004, 4853
0.004, 4852
0.004, 4851
0.004, 4850
0.004, 4849
0.004, 4848
0.004, 4847
0.004, 4846
0.004, 4845
0.004, 4844
0.004, 4843
0.004, 4842
0.004, 4841
0.004, 4840
0.004, 4839
0.004, 4838
0.004, 4837
0.004, 4836
0.004, 4835
0.004, 4834
0.004, 4833
0.004, 4832
0.004, 4831
0.004, 4830
0.004, 4829
0.004, 4828
0.004, 4827
0.004, 4826
0.004, 4825
0.004, 4824
0.004, 4823
0.004, 4822
0.004, 4821
0.004, 4820
0.004, 4819
0.004, 4818
0.004, 4817
0.004, 4816
0.004, 4815
0.004, 4814
0.004, 4813
0.004, 4812
0.004, 4811
0.004, 4810
0.004, 4809
0.004, 4808
0.004, 4807
0.004, 4806
0.004, 4805
0.004, 4804
0.004, 4803
0.004, 4802
0.004, 4801
0.004, 4800
0.004, 4799
0.004, 4798
0.004, 4797
0.004, 4796
0.004, 4795
0.004, 4794
0.004, 4793
0.004, 4792
0.004, 4791
0.004, 4790
0.004, 4789
0.004, 4788
0.004, 4787
0.004, 4786
0.004, 4785
0.004, 4784
0.004, 4783
0.004, 4782
0.004, 4781
0.004, 4780
0.004, 4779
0.004, 4778
0.004, 4777
0.004, 4776
0.004, 4775
0.004, 4774
0.004, 4773
0.004, 4772
0.004, 4771
0.004, 4770
0.004, 4769
0.004, 4768
0.004, 4767
0.004, 4766
0.004, 4765
0.004, 4764
0.004, 4763
0.004, 4762
0.004, 4761
0.004, 4760
0.004, 4759
0.004, 4758
0.004, 4757
0.004, 4756
0.004, 4755
0.004, 4754
0.004, 4753
0.004, 4752
0.004, 4751
0.004, 4750
0.004, 4749
0.004, 4748
0.004, 4747
0.004, 4746
0.004, 4745
0.004, 4744
0.004, 4743
0.004, 4742
0.004, 4741
0.004, 4740
0.004, 4739
0.004, 4738
0.004, 4737
0.004, 4736
0.004, 4735
0.004, 4734
0.004, 4733
0.004, 4732
0.004, 4731
0.004, 4730
0.004, 4729
0.004, 4728
0.004, 4727
0.004, 4726
0.004, 4725
0.004, 4724
0.004, 4723
0.004, 4722
0.004, 4721
0.004, 4720
0.004, 4719
0.004, 4718
0.004, 4717
0.004, 4716
0.004, 4715
0.005, 4714
0.005, 4713
0.005, 4712
0.005, 4711
0.005, 4710
0.005, 4709
0.005, 4708
0.005, 4707
0.005, 4706
0.005, 4705
0.005, 4704
0.005, 4703
0.005, 4702
0.005, 4701
0.005, 4700
0.005, 4699
0.005, 4698
0.005, 4697
0.005, 4696
0.005, 4695
0.005, 4694
0.005, 4693
0.005, 4692
0.005, 4691
0.005, 4690
0.005, 4689
0.005, 4688
0.005, 4687
0.005, 4686
0.005, 4685
0.005, 4684
0.005, 4683
0.005, 4682
0.005, 4681
0.005, 4680
0.005, 4679
0.005, 4678
0.005, 4677
0.005, 4676
0.005, 4675
0.005, 4674
0.005, 4673
0.005, 4672
0.005, 4671
0.005, 4670
0.005, 4669
0.005, 4668
0.005, 4667
0.005, 4666
0.005, 4665
0.005, 4664
0.005, 4663
0.005, 4662
0.005, 4661
0.005, 4660
0.005, 4659
0.005, 4658
0.005, 4657
0.005, 4656
0.005, 4655
0.005, 4654
0.005, 4653
0.005, 4652
0.005, 4651
0.005, 4650
0.005, 4649
0.005, 4648
0.005, 4647
0.005, 4646
0.005, 4645
0.005, 4644
0.005, 4643
0.005, 4642
0.005, 4641
0.005, 4640
0.005, 4639
0.005, 4638
0.005, 4637
0.005, 4636
0.005, 4635
0.005, 4634
0.005, 4633
0.005, 4632
0.005, 4631
0.005, 4630
0.005, 4629
0.005, 4628
0.005, 4627
0.005, 4626
0.005, 4625
0.005, 4624
0.005, 4623
0.005, 4622
0.005, 4621
0.005, 4620
0.005, 4619
0.005, 4618
0.005, 4617
0.005, 4616
0.005, 4615
0.005, 4614
0.005, 4613
0.005, 4612
0.005, 4611
0.005, 4610
0.005, 4609
0.005, 4608
0.005, 4607
0.005, 4606
0.005, 4605
0.005, 4604
0.005, 4603
0.005, 4602
0.005, 4601
0.005, 4600
0.005, 4599
0.005, 4598
0.005, 4597
0.005, 4596
0.006, 4595
0.006, 4594
0.006, 4593
0.006, 4592
0.006, 4591
0.006, 4590
0.006, 4589
0.006, 4588
0.006, 4587
0.006, 4586
0.006, 4585
0.006, 4584
0.006, 4583
0.006, 4582
0.006, 4581
0.006, 4580
0.006, 4579
0.006, 4578
0.006, 4577
0.006, 4576
0.006, 4575
0.006, 4574
0.006, 4573
0.006, 4572
0.006, 4571
0.006, 4570
0.006, 4569
0.006, 4568
0.006, 4567
0.006, 4566
0.006, 4565
0.006, 4564
0.006, 4563
0.006, 4562
0.006, 4561
0.006, 4560
0.006, 4559
0.006, 4558
0.006, 4557
0.006, 4556
0.006, 4555
0.006, 4554
0.006, 4553
0.006, 4552
0.006, 4551
0.006, 4550
0.006, 4549
0.006, 4548
0.006, 4547
0.006, 4546
0.006, 4545
0.006, 4544
0.006, 4543
0.006, 4542
0.006, 4541
0.006, 4540
0.006, 4539
0.006, 4538
0.006, 4537
0.006, 4536
0.006, 4535
0.006, 4534
0.006, 4533
0.006, 4532
0.006, 4531
0.006, 4530
0.006, 4529
0.006, 4528
0.006, 4527
0.006, 4526
0.006, 4525
0.006, 4524
0.006, 4523
0.006, 4522
0.006, 4521
0.006, 4520
0.006, 4519
0.006, 4518
0.006, 4517
0.006, 4516
0.006, 4515
0.006, 4514
0.006, 4513
0.006, 4512
0.006, 4511
0.006, 4510
0.006, 4509
0.006, 4508
0.006, 4507
0.006, 4506
0.006, 4505
0.006, 4504
0.006, 4503
0.006, 4502
0.006, 4501
0.006, 4500
0.006, 4499
0.006, 4498
0.006, 4497
0.006, 4496
0.006, 4495
0.006, 4494
0.006, 4493
0.006, 4492
0.006, 4491
0.006, 4490
0.006, 4489
0.006, 4488
0.006, 4487
0.006, 4486
0.006, 4485
0.006, 4484
0.006, 4483
0.006, 4482
0.006, 4481
0.006, 4480
0.006, 4479
0.006, 4478
0.006, 4477
0.007, 4476
0.007, 4475
0.007, 4474
0.007, 4473
0.007, 4472
0.007, 4471
0.007, 4470
0.007, 4469
0.007, 4468
0.007, 4467
0.007, 4466
0.007, 4465
0.007, 4464
0.007, 4463
0.007, 4462
0.007, 4461
0.007, 4460
0.007, 4459
0.007, 4458
0.007, 4457
0.007, 4456
0.007, 4455
0.007, 4454
0.007, 4453
0.007, 4452
0.007, 4451
0.007, 4450
0.007, 4449
0.007, 4448
0.007, 4447
0.007, 4446
0.007, 4445
0.007, 4444
0.007, 4443
0.007, 4442
0.007, 4441
0.007, 4440
0.007, 4439
0.007, 4438
0.007, 4437
0.007, 4436
0.007, 4435
0.007, 4434
0.007, 4433
0.007, 4432
0.007, 4431
0.007, 4430
0.007, 4429
0.007, 4428
0.007, 4427
0.007, 4426
0.007, 4425
0.007, 4424
0.007, 4423
0.007, 4422
0.007, 4421
0.007, 4420
0.007, 4419
0.007, 4418
0.007, 4417
0.007, 4416
0.007, 4415
0.007, 4414
0.007, 4413
0.007, 4412
0.007, 4411
0.007, 4410
0.007, 4409
0.007, 4408
0.007, 4407
0.007, 4406
0.007, 4405
0.007, 4404
0.007, 4403
0.007, 4402
0.007, 4401
0.007, 4400
0.007, 4399
0.007, 4398
0.007, 4397
0.007, 4396
0.007, 4395
0.007, 4394
0.007, 4393
0.007, 4392
0.007, 4391
0.007, 4390
0.007, 4389
0.007, 4388
0.007, 4387
0.007, 4386
0.007, 4385
0.007, 4384
0.007, 4383
0.007, 4382
0.007, 4381
0.007, 4380
0.007, 4379
0.007, 4378
0.007, 4377
0.007, 4376
0.007, 4375
0.007, 4374
0.007, 4373
0.007, 4372
0.007, 4371
0.007, 4370
0.007, 4369
0.007, 4368
0.007, 4367
0.007, 4366
0.007, 4365
0.007, 4364
0.007, 4363
0.007, 4362
0.007, 4361
0.007, 4360
0.007, 4359
0.007, 4358
0.007, 4357
0.007, 4356
0.007, 4355
0.007, 4354
0.008, 4353
0.008, 4352
0.008, 4351
0.008, 4350
0.008, 4349
0.008, 4348
0.008, 4347
0.008, 4346
0.008, 4345
0.008, 4344
0.008, 4343
0.008, 4342
0.008, 4341
0.008, 4340
0.008, 4339
0.008, 4338
0.008, 4337
0.008, 4336
0.008, 4335
0.008, 4334
0.008, 4333
0.008, 4332
0.008, 4331
0.008, 4330
0.008, 4329
0.008, 4328
0.008, 4327
0.008, 4326
0.008, 4325
0.008, 4324
0.008, 4323
0.008, 4322
0.008, 4321
0.008, 4320
0.008, 4319
0.008, 4318
0.008, 4317
0.008, 4316
0.008, 4315
0.008, 4314
0.008, 4313
0.008, 4312
0.008, 4311
0.008, 4310
0.008, 4309
0.008, 4308
0.008, 4307
0.008, 4306
0.008, 4305
0.008, 4304
0.008, 4303
0.008, 4302
0.008, 4301
0.008, 4300
0.008, 4299
0.008, 4298
0.008, 4297
0.008, 4296
0.008, 4295
0.008, 4294
0.008, 4293
0.008, 4292
0.008, 4291
0.008, 4290
0.008, 4289
0.008, 4288
0.008, 4287
0.008, 4286
0.008, 4285
0.008, 4284
0.008, 4283
0.008, 4282
0.008, 4281
0.008, 4280
0.008, 4279
0.008, 4278
0.008, 4277
0.008, 4276
0.008, 4275
0.008, 4274
0.008, 4273
0.008, 4272
0.008, 4271
0.008, 4270
0.008, 4269
0.008, 4268
0.008, 4267
0.008, 4266
0.008, 4265
0.008, 4264
0.008, 4263
0.008, 4262
0.008, 4261
0.008, 4260
0.008, 4259
0.008, 4258
0.008, 4257
0.008, 4256
0.009, 4255
0.009, 4254
0.009, 4253
0.009, 4252
0.009, 4251
0.009, 4250
0.009, 4249
0.009, 4248
0.009, 4247
0.009, 4246
0.009, 4245
0.009, 4244
0.009, 4243
0.009, 4242
0.009, 4241
0.009, 4240
0.009, 4239
0.009, 4238
0.009, 4237
0.009, 4236
0.009, 4235
0.009, 4234
0.009, 4233
0.009, 4232
0.009, 4231
0.009, 4230
0.009, 4229
0.009, 4228
0.009, 4227
0.009, 4226
0.009, 4225
0.009, 4224
0.009, 4223
0.009, 4222
0.009, 4221
0.009, 4220
0.009, 4219
0.009, 4218
0.009, 4217
0.009, 4216
0.009, 4215
0.009, 4214
0.009, 4213
0.009, 4212
0.009, 4211
0.009, 4210
0.009, 4209
0.009, 4208
0.009, 4207
0.009, 4206
0.009, 4205
0.009, 4204
0.009, 4203
0.009, 4202
0.009, 4201
0.009, 4200
0.009, 4199
0.009, 4198
0.009, 4197
0.009, 4196
0.009, 4195
0.009, 4194
0.009, 4193
0.009, 4192
0.009, 4191
0.009, 4190
0.009, 4189
0.009, 4188
0.009, 4187
0.009, 4186
0.009, 4185
0.009, 4184
0.009, 4183
0.009, 4182
0.009, 4181
0.009, 4180
0.009, 4179
0.009, 4178
0.009, 4177
0.009, 4176
0.009, 4175
0.009, 4174
0.009, 4173
0.009, 4172
0.009, 4171
0.009, 4170
0.009, 4169
0.009, 4168
0.009, 4167
0.009, 4166
0.009, 4165
0.009, 4164
0.009, 4163
0.009, 4162
0.009, 4161
0.009, 4160
0.009, 4159
0.009, 4158
0.009, 4157
0.009, 4156
0.009, 4155
0.009, 4154
0.009, 4153
0.009, 4152
0.009, 4151
0.009, 4150
0.009, 4149
0.009, 4148
0.009, 4147
0.009, 4146
0.009, 4145
0.009, 4144
0.009, 4143
0.009, 4142
0.009, 4141
0.009, 4140
0.009, 4139
0.009, 4138
0.009, 4137
0.009, 4136
0.009, 4135
0.009, 4134
0.009, 4133
0.009, 4132
0.009, 4131
0.009, 4130
0.009, 4129
0.009, 4128
0.009, 4127
0.009, 4126
0.009, 4125
0.010, 4124
0.010, 4123
0.010, 4122
0.010, 4121
0.010, 4120
0.010, 4119
0.010, 4118
0.010, 4117
0.010, 4116
0.010, 4115
0.010, 4114
0.010, 4113
0.010, 4112
0.010, 4111
0.010, 4110
0.010, 4109
0.010, 4108
0.010, 4107
0.010, 4106
0.010, 4105
0.010, 4104
0.010, 4103
0.010, 4102
0.010, 4101
0.010, 4100
0.010, 4099
0.010, 4098
0.010, 4097
0.010, 4096
0.010, 4095
0.010, 4094
0.010, 4093
0.010, 4092
0.010, 4091
0.010, 4090
0.010, 4089
0.010, 4088
0.010, 4087
0.010, 4086
0.010, 4085
0.010, 4084
0.010, 4083
0.010, 4082
0.010, 4081
0.010, 4080
0.010, 4079
0.010, 4078
0.010, 4077
0.010, 4076
0.010, 4075
0.010, 4074
0.010, 4073
0.010, 4072
0.010, 4071
0.010, 4070
0.010, 4069
0.010, 4068
0.010, 4067
0.010, 4066
0.010, 4065
0.010, 4064
0.010, 4063
0.010, 4062
0.010, 4061
0.010, 4060
0.010, 4059
0.010, 4058
0.010, 4057
0.010, 4056
0.010, 4055
0.010, 4054
0.010, 4053
0.010, 4052
0.010, 4051
0.010, 4050
0.010, 4049
0.010, 4048
0.010, 4047
0.010, 4046
0.010, 4045
0.010, 4044
0.010, 4043
0.010, 4042
0.010, 4041
0.010, 4040
0.010, 4039
0.010, 4038
0.010, 4037
0.010, 4036
0.010, 4035
0.010, 4034
0.010, 4033
0.010, 4032
0.010, 4031
0.010, 4030
0.010, 4029
0.010, 4028
0.010, 4027
0.010, 4026
0.010, 4025
0.010, 4024
0.010, 4023
0.010, 4022
0.010, 4021
0.010, 4020
0.010, 4019
0.010, 4018
0.010, 4017
0.010, 4016
0.010, 4015
0.010, 4014
0.010, 4013
0.010, 4012
0.010, 4011
0.010, 4010
0.010, 4009
0.010, 4008
0.010, 4007
0.010, 4006
0.010, 4005
0.010, 4004
0.010, 4003
0.010, 4002
0.010, 4001
0.010, 4000
0.010, 3999
0.010, 3998
0.010, 3997
0.010, 3996
0.010, 3995
0.010, 3994
0.010, 3993
0.010, 3992
0.010, 3991
0.010, 3990
0.010, 3989
0.010, 3988
0.010, 3987
0.010, 3986
0.010, 3985
0.010, 3984
0.010, 3983
0.010, 3982
0.010, 3981
0.010, 3980
0.010, 3979
0.010, 3978
0.010, 3977
0.010, 3976
0.010, 3975
0.010, 3974
0.010, 3973
0.010, 3972
0.010, 3971
0.010, 3970
0.010, 3969
0.010, 3968
0.010, 3967
0.010, 3966
0.010, 3965
0.010, 3964
0.010, 3963
0.010, 3962
0.010, 3961
0.010, 3960
0.010, 3959
0.010, 3958
0.010, 3957
0.010, 3956
0.010, 3955
0.010, 3954
0.010, 3953
0.010, 3952
0.010, 3951
0.010, 3950
0.010, 3949
0.010, 3948
0.010, 3947
0.010, 3946
0.010, 3945
0.010, 3944
0.010, 3943
0.010, 3942
0.010, 3941
0.010, 3940
0.011, 3939
0.011, 3938
0.011, 3937
0.011, 3936
0.011, 3935
0.011, 3934
0.011, 3933
0.011, 3932
0.011, 3931
0.011, 3930
0.011, 3929
0.011, 3928
0.011, 3927
0.011, 3926
0.011, 3925
0.011, 3924
0.011, 3923
0.011, 3922
0.011, 3921
0.011, 3920
0.011, 3919
0.011, 3918
0.011, 3917
0.011, 3916
0.011, 3915
0.011, 3914
0.011, 3913
0.011, 3912
0.011, 3911
0.011, 3910
0.011, 3909
0.011, 3908
0.011, 3907
0.011, 3906
0.011, 3905
0.011, 3904
0.011, 3903
0.011, 3902
0.011, 3901
0.011, 3900
0.011, 3899
0.011, 3898
0.011, 3897
0.011, 3896
0.011, 3895
0.011, 3894
0.011, 3893
0.011, 3892
0.011, 3891
0.011, 3890
0.011, 3889
0.011, 3888
0.011, 3887
0.011, 3886
0.011, 3885
0.011, 3884
0.011, 3883
0.011, 3882
0.011, 3881
0.011, 3880
0.011, 3879
0.011, 3878
0.011, 3877
0.011, 3876
0.011, 3875
0.011, 3874
0.011, 3873
0.011, 3872
0.011, 3871
0.011, 3870
0.011, 3869
0.011, 3868
0.011, 3867
0.011, 3866
0.011, 3865
0.011, 3864
0.011, 3863
0.011, 3862
0.011, 3861
0.011, 3860
0.011, 3859
0.011, 3858
0.011, 3857
0.011, 3856
0.011, 3855
0.011, 3854
0.011, 3853
0.011, 3852
0.011, 3851
0.011, 3850
0.011, 3849
0.011, 3848
0.011, 3847
0.011, 3846
0.011, 3845
0.011, 3844
0.011, 3843
0.011, 3842
0.011, 3841
0.011, 3840
0.011, 3839
0.011, 3838
0.011, 3837
0.011, 3836
0.011, 3835
0.011, 3834
0.011, 3833
0.011, 3832
0.011, 3831
0.011, 3830
0.011, 3829
0.011, 3828
0.011, 3827
0.011, 3826
0.011, 3825
0.011, 3824
0.011, 3823
0.011, 3822
0.011, 3821
0.011, 3820
0.011, 3819
0.011, 3818
0.011, 3817
0.011, 3816
0.011, 3815
0.011, 3814
0.011, 3813
0.011, 3812
0.011, 3811
0.011, 3810
0.011, 3809
0.011, 3808
0.011, 3807
0.011, 3806
0.011, 3805
0.011, 3804
0.011, 3803
0.011, 3802
0.011, 3801
0.011, 3800
0.011, 3799
0.011, 3798
0.011, 3797
0.011, 3796
0.011, 3795
0.011, 3794
0.011, 3793
0.011, 3792
0.011, 3791
0.011, 3790
0.011, 3789
0.011, 3788
0.011, 3787
0.011, 3786
0.011, 3785
0.011, 3784
0.011, 3783
0.011, 3782
0.011, 3781
0.011, 3780
0.011, 3779
0.011, 3778
0.011, 3777
0.011, 3776
0.011, 3775
0.011, 3774
0.011, 3773
0.011, 3772
0.011, 3771
0.011, 3770
0.011, 3769
0.011, 3768
0.011, 3767
0.011, 3766
0.011, 3765
0.011, 3764
0.011, 3763
0.011, 3762
0.011, 3761
0.011, 3760
0.011, 3759
0.011, 3758
0.011, 3757
0.011, 3756
0.011, 3755
0.011, 3754
0.011, 3753
0.011, 3752
0.011, 3751
0.011, 3750
0.011, 3749
0.011, 3748
0.011, 3747
0.011, 3746
0.011, 3745
0.011, 3744
0.011, 3743
0.011, 3742
0.011, 3741
0.011, 3740
0.011, 3739
0.011, 3738
0.011, 3737
0.011, 3736
0.011, 3735
0.011, 3734
0.011, 3733
0.011, 3732
0.011, 3731
0.012, 3730
0.012, 3729
0.012, 3728
0.012, 3727
0.012, 3726
0.012, 3725
0.012, 3724
0.012, 3723
0.012, 3722
0.012, 3721
0.012, 3720
0.012, 3719
0.012, 3718
0.012, 3717
0.012, 3716
0.012, 3715
0.012, 3714
0.012, 3713
0.012, 3712
0.012, 3711
0.012, 3710
0.012, 3709
0.012, 3708
0.012, 3707
0.012, 3706
0.012, 3705
0.012, 3704
0.012, 3703
0.012, 3702
0.012, 3701
0.012, 3700
0.012, 3699
0.012, 3698
0.012, 3697
0.012, 3696
0.012, 3695
0.012, 3694
0.012, 3693
0.012, 3692
0.012, 3691
0.012, 3690
0.012, 3689
0.012, 3688
0.012, 3687
0.012, 3686
0.012, 3685
0.012, 3684
0.012, 3683
0.012, 3682
0.012, 3681
0.012, 3680
0.012, 3679
0.012, 3678
0.012, 3677
0.012, 3676
0.012, 3675
0.012, 3674
0.012, 3673
0.012, 3672
0.012, 3671
0.012, 3670
0.012, 3669
0.012, 3668
0.012, 3667
0.012, 3666
0.012, 3665
0.012, 3664
0.012, 3663
0.012, 3662
0.012, 3661
0.012, 3660
0.012, 3659
0.012, 3658
0.012, 3657
0.012, 3656
0.012, 3655
0.012, 3654
0.012, 3653
0.012, 3652
0.012, 3651
0.012, 3650
0.012, 3649
0.012, 3648
0.012, 3647
0.012, 3646
0.012, 3645
0.012, 3644
0.012, 3643
0.012, 3642
0.012, 3641
0.012, 3640
0.012, 3639
0.012, 3638
0.012, 3637
0.012, 3636
0.012, 3635
0.012, 3634
0.012, 3633
0.012, 3632
0.012, 3631
0.012, 3630
0.012, 3629
0.012, 3628
0.012, 3627
0.012, 3626
0.012, 3625
0.012, 3624
0.012, 3623
0.012, 3622
0.012, 3621
0.012, 3620
0.012, 3619
0.012, 3618
0.012, 3617
0.012, 3616
0.012, 3615
0.012, 3614
0.012, 3613
0.012, 3612
0.012, 3611
0.012, 3610
0.012, 3609
0.012, 3608
0.012, 3607
0.012, 3606
0.012, 3605
0.012, 3604
0.012, 3603
0.012, 3602
0.012, 3601
0.012, 3600
0.012, 3599
0.012, 3598
0.012, 3597
0.012, 3596
0.012, 3595
0.012, 3594
0.012, 3593
0.012, 3592
0.012, 3591
0.012, 3590
0.012, 3589
0.012, 3588
0.012, 3587
0.012, 3586
0.012, 3585
0.012, 3584
0.012, 3583
0.012, 3582
0.012, 3581
0.012, 3580
0.012, 3579
0.012, 3578
0.012, 3577
0.012, 3576
0.012, 3575
0.012, 3574
0.013, 3573
0.013, 3572
0.013, 3571
0.013, 3570
0.013, 3569
0.013, 3568
0.013, 3567
0.013, 3566
0.013, 3565
0.013, 3564
0.013, 3563
0.013, 3562
0.013, 3561
0.013, 3560
0.013, 3559
0.013, 3558
0.013, 3557
0.013, 3556
0.013, 3555
0.013, 3554
0.013, 3553
0.013, 3552
0.013, 3551
0.013, 3550
0.013, 3549
0.013, 3548
0.013, 3547
0.013, 3546
0.013, 3545
0.013, 3544
0.013, 3543
0.013, 3542
0.013, 3541
0.013, 3540
0.013, 3539
0.013, 3538
0.013, 3537
0.013, 3536
0.013, 3535
0.013, 3534
0.013, 3533
0.013, 3532
0.013, 3531
0.013, 3530
0.013, 3529
0.013, 3528
0.013, 3527
0.013, 3526
0.013, 3525
0.013, 3524
0.013, 3523
0.013, 3522
0.013, 3521
0.013, 3520
0.013, 3519
0.013, 3518
0.013, 3517
0.013, 3516
0.013, 3515
0.013, 3514
0.013, 3513
0.013, 3512
0.013, 3511
0.013, 3510
0.013, 3509
0.013, 3508
0.013, 3507
0.013, 3506
0.013, 3505
0.013, 3504
0.013, 3503
0.013, 3502
0.013, 3501
0.013, 3500
0.013, 3499
0.013, 3498
0.013, 3497
0.013, 3496
0.013, 3495
0.013, 3494
0.013, 3493
0.013, 3492
0.013, 3491
0.013, 3490
0.013, 3489
0.013, 3488
0.013, 3487
0.013, 3486
0.013, 3485
0.013, 3484
0.013, 3483
0.013, 3482
0.013, 3481
0.013, 3480
0.013, 3479
0.013, 3478
0.013, 3477
0.013, 3476
0.013, 3475
0.013, 3474
0.013, 3473
0.013, 3472
0.013, 3471
0.013, 3470
0.013, 3469
0.013, 3468
0.013, 3467
0.013, 3466
0.013, 3465
0.013, 3464
0.013, 3463
0.013, 3462
0.013, 3461
0.013, 3460
0.013, 3459
0.013, 3458
0.013, 3457
0.013, 3456
0.013, 3455
0.013, 3454
0.013, 3453
0.013, 3452
0.013, 3451
0.013, 3450
0.013, 3449
0.013, 3448
0.013, 3447
0.013, 3446
0.013, 3445
0.013, 3444
0.013, 3443
0.013, 3442
0.013, 3441
0.013, 3440
0.013, 3439
0.013, 3438
0.013, 3437
0.013, 3436
0.013, 3435
0.013, 3434
0.013, 3433
0.013, 3432
0.013, 3431
0.013, 3430
0.013, 3429
0.013, 3428
0.013, 3427
0.013, 3426
0.013, 3425
0.013, 3424
0.013, 3423
0.013, 3422
0.013, 3421
0.013, 3420
0.013, 3419
0.013, 3418
0.013, 3417
0.013, 3416
0.013, 3415
0.013, 3414
0.013, 3413
0.013, 3412
0.013, 3411
0.013, 3410
0.013, 3409
0.013, 3408
0.013, 3407
0.013, 3406
0.013, 3405
0.013, 3404
0.013, 3403
0.013, 3402
0.013, 3401
0.013, 3400
0.013, 3399
0.013, 3398
0.013, 3397
0.013, 3396
0.013, 3395
0.013, 3394
0.013, 3393
0.013, 3392
0.013, 3391
0.013, 3390
0.013, 3389
0.013, 3388
0.013, 3387
0.013, 3386
0.014, 3385
0.014, 3384
0.014, 3383
0.014, 3382
0.014, 3381
0.014, 3380
0.014, 3379
0.014, 3378
0.014, 3377
0.014, 3376
0.014, 3375
0.014, 3374
0.014, 3373
0.014, 3372
0.014, 3371
0.014, 3370
0.014, 3369
0.014, 3368
0.014, 3367
0.014, 3366
0.014, 3365
0.014, 3364
0.014, 3363
0.014, 3362
0.014, 3361
0.014, 3360
0.014, 3359
0.014, 3358
0.014, 3357
0.014, 3356
0.014, 3355
0.014, 3354
0.014, 3353
0.014, 3352
0.014, 3351
0.014, 3350
0.014, 3349
0.014, 3348
0.014, 3347
0.014, 3346
0.014, 3345
0.014, 3344
0.014, 3343
0.014, 3342
0.014, 3341
0.014, 3340
0.014, 3339
0.014, 3338
0.014, 3337
0.014, 3336
0.014, 3335
0.014, 3334
0.014, 3333
0.014, 3332
0.014, 3331
0.014, 3330
0.014, 3329
0.014, 3328
0.014, 3327
0.014, 3326
0.014, 3325
0.014, 3324
0.014, 3323
0.014, 3322
0.014, 3321
0.014, 3320
0.014, 3319
0.014, 3318
0.014, 3317
0.014, 3316
0.014, 3315
0.014, 3314
0.014, 3313
0.014, 3312
0.014, 3311
0.014, 3310
0.014, 3309
0.014, 3308
0.014, 3307
0.014, 3306
0.014, 3305
0.014, 3304
0.014, 3303
0.014, 3302
0.014, 3301
0.014, 3300
0.014, 3299
0.014, 3298
0.014, 3297
0.014, 3296
0.014, 3295
0.014, 3294
0.014, 3293
0.014, 3292
0.014, 3291
0.014, 3290
0.014, 3289
0.014, 3288
0.014, 3287
0.014, 3286
0.014, 3285
0.014, 3284
0.014, 3283
0.014, 3282
0.014, 3281
0.014, 3280
0.014, 3279
0.014, 3278
0.014, 3277
0.014, 3276
0.014, 3275
0.014, 3274
0.014, 3273
0.014, 3272
0.014, 3271
0.014, 3270
0.014, 3269
0.014, 3268
0.014, 3267
0.014, 3266
0.014, 3265
0.014, 3264
0.014, 3263
0.014, 3262
0.014, 3261
0.014, 3260
0.014, 3259
0.014, 3258
0.014, 3257
0.014, 3256
0.014, 3255
0.014, 3254
0.014, 3253
0.014, 3252
0.014, 3251
0.014, 3250
0.014, 3249
0.014, 3248
0.014, 3247
0.014, 3246
0.014, 3245
0.014, 3244
0.014, 3243
0.014, 3242
0.014, 3241
0.014, 3240
0.014, 3239
0.014, 3238
0.014, 3237
0.014, 3236
0.014, 3235
0.014, 3234
0.014, 3233
0.014, 3232
0.014, 3231
0.014, 3230
0.015, 3229
0.015, 3228
0.015, 3227
0.015, 3226
0.015, 3225
0.015, 3224
0.015, 3223
0.015, 3222
0.015, 3221
0.015, 3220
0.015, 3219
0.015, 3218
0.015, 3217
0.015, 3216
0.015, 3215
0.015, 3214
0.015, 3213
0.015, 3212
0.015, 3211
0.015, 3210
0.015, 3209
0.015, 3208
0.015, 3207
0.015, 3206
0.015, 3205
0.015, 3204
0.015, 3203
0.015, 3202
0.015, 3201
0.015, 3200
0.015, 3199
0.015, 3198
0.015, 3197
0.015, 3196
0.015, 3195
0.015, 3194
0.015, 3193
0.015, 3192
0.015, 3191
0.015, 3190
0.015, 3189
0.015, 3188
0.015, 3187
0.015, 3186
0.015, 3185
0.015, 3184
0.015, 3183
0.015, 3182
0.015, 3181
0.015, 3180
0.015, 3179
0.015, 3178
0.015, 3177
0.015, 3176
0.015, 3175
0.015, 3174
0.015, 3173
0.015, 3172
0.015, 3171
0.015, 3170
0.015, 3169
0.015, 3168
0.015, 3167
0.015, 3166
0.015, 3165
0.015, 3164
0.015, 3163
0.015, 3162
0.015, 3161
0.015, 3160
0.015, 3159
0.015, 3158
0.015, 3157
0.015, 3156
0.015, 3155
0.015, 3154
0.015, 3153
0.015, 3152
0.015, 3151
0.015, 3150
0.015, 3149
0.015, 3148
0.015, 3147
0.015, 3146
0.015, 3145
0.015, 3144
0.015, 3143
0.015, 3142
0.015, 3141
0.015, 3140
0.015, 3139
0.015, 3138
0.015, 3137
0.015, 3136
0.015, 3135
0.015, 3134
0.015, 3133
0.015, 3132
0.015, 3131
0.015, 3130
0.015, 3129
0.015, 3128
0.015, 3127
0.015, 3126
0.015, 3125
0.015, 3124
0.015, 3123
0.015, 3122
0.015, 3121
0.015, 3120
0.015, 3119
0.015, 3118
0.015, 3117
0.015, 3116
0.015, 3115
0.015, 3114
0.015, 3113
0.015, 3112
0.015, 3111
0.015, 3110
0.015, 3109
0.015, 3108
0.015, 3107
0.015, 3106
0.015, 3105
0.015, 3104
0.015, 3103
0.015, 3102
0.015, 3101
0.015, 3100
0.015, 3099
0.015, 3098
0.015, 3097
0.015, 3096
0.015, 3095
0.015, 3094
0.015, 3093
0.015, 3092
0.015, 3091
0.015, 3090
0.015, 3089
0.015, 3088
0.015, 3087
0.015, 3086
0.015, 3085
0.015, 3084
0.015, 3083
0.015, 3082
0.015, 3081
0.015, 3080
0.015, 3079
0.015, 3078
0.015, 3077
0.015, 3076
0.015, 3075
0.015, 3074
0.015, 3073
0.015, 3072
0.015, 3071
0.016, 3070
0.016, 3069
0.016, 3068
0.016, 3067
0.016, 3066
0.016, 3065
0.016, 3064
0.016, 3063
0.016, 3062
0.016, 3061
0.016, 3060
0.016, 3059
0.016, 3058
0.016, 3057
0.016, 3056
0.016, 3055
0.016, 3054
0.016, 3053
0.016, 3052
0.016, 3051
0.016, 3050
0.016, 3049
0.016, 3048
0.016, 3047
0.016, 3046
0.016, 3045
0.016, 3044
0.016, 3043
0.016, 3042
0.016, 3041
0.016, 3040
0.016, 3039
0.016, 3038
0.016, 3037
0.016, 3036
0.016, 3035
0.016, 3034
0.016, 3033
0.016, 3032
0.016, 3031
0.016, 3030
0.016, 3029
0.016, 3028
0.016, 3027
0.016, 3026
0.016, 3025
0.016, 3024
0.016, 3023
0.016, 3022
0.016, 3021
0.016, 3020
0.016, 3019
0.016, 3018
0.016, 3017
0.016, 3016
0.016, 3015
0.016, 3014
0.016, 3013
0.016, 3012
0.016, 3011
0.016, 3010
0.016, 3009
0.016, 3008
0.016, 3007
0.016, 3006
0.016, 3005
0.016, 3004
0.016, 3003
0.016, 3002
0.016, 3001
0.016, 3000
0.016, 2999
0.016, 2998
0.016, 2997
0.016, 2996
0.016, 2995
0.016, 2994
0.016, 2993
0.016, 2992
0.016, 2991
0.016, 2990
0.016, 2989
0.016, 2988
0.016, 2987
0.016, 2986
0.016, 2985
0.016, 2984
0.016, 2983
0.016, 2982
0.016, 2981
0.016, 2980
0.016, 2979
0.016, 2978
0.017, 2977
0.017, 2976
0.017, 2975
0.017, 2974
0.017, 2973
0.017, 2972
0.017, 2971
0.017, 2970
0.017, 2969
0.017, 2968
0.017, 2967
0.017, 2966
0.017, 2965
0.017, 2964
0.017, 2963
0.017, 2962
0.017, 2961
0.017, 2960
0.017, 2959
0.017, 2958
0.017, 2957
0.017, 2956
0.017, 2955
0.017, 2954
0.017, 2953
0.017, 2952
0.017, 2951
0.017, 2950
0.017, 2949
0.017, 2948
0.017, 2947
0.017, 2946
0.017, 2945
0.017, 2944
0.017, 2943
0.017, 2942
0.017, 2941
0.017, 2940
0.017, 2939
0.017, 2938
0.017, 2937
0.017, 2936
0.017, 2935
0.017, 2934
0.017, 2933
0.017, 2932
0.017, 2931
0.017, 2930
0.017, 2929
0.017, 2928
0.017, 2927
0.017, 2926
0.017, 2925
0.017, 2924
0.017, 2923
0.017, 2922
0.017, 2921
0.017, 2920
0.017, 2919
0.017, 2918
0.017, 2917
0.017, 2916
0.017, 2915
0.017, 2914
0.017, 2913
0.017, 2912
0.017, 2911
0.017, 2910
0.017, 2909
0.017, 2908
0.017, 2907
0.017, 2906
0.017, 2905
0.017, 2904
0.017, 2903
0.017, 2902
0.017, 2901
0.017, 2900
0.017, 2899
0.017, 2898
0.017, 2897
0.017, 2896
0.017, 2895
0.017, 2894
0.017, 2893
0.017, 2892
0.018, 2891
0.018, 2890
0.018, 2889
0.018, 2888
0.018, 2887
0.018, 2886
0.018, 2885
0.018, 2884
0.018, 2883
0.018, 2882
0.018, 2881
0.018, 2880
0.018, 2879
0.018, 2878
0.018, 2877
0.018, 2876
0.018, 2875
0.018, 2874
0.018, 2873
0.018, 2872
0.018, 2871
0.018, 2870
0.018, 2869
0.018, 2868
0.018, 2867
0.018, 2866
0.018, 2865
0.018, 2864
0.018, 2863
0.018, 2862
0.018, 2861
0.018, 2860
0.018, 2859
0.018, 2858
0.018, 2857
0.018, 2856
0.018, 2855
0.018, 2854
0.018, 2853
0.018, 2852
0.018, 2851
0.018, 2850
0.018, 2849
0.018, 2848
0.018, 2847
0.018, 2846
0.018, 2845
0.018, 2844
0.018, 2843
0.018, 2842
0.018, 2841
0.018, 2840
0.018, 2839
0.018, 2838
0.018, 2837
0.018, 2836
0.018, 2835
0.018, 2834
0.018, 2833
0.018, 2832
0.018, 2831
0.018, 2830
0.018, 2829
0.018, 2828
0.018, 2827
0.018, 2826
0.018, 2825
0.018, 2824
0.018, 2823
0.018, 2822
0.018, 2821
0.018, 2820
0.018, 2819
0.018, 2818
0.018, 2817
0.018, 2816
0.018, 2815
0.018, 2814
0.018, 2813
0.018, 2812
0.018, 2811
0.018, 2810
0.018, 2809
0.018, 2808
0.018, 2807
0.018, 2806
0.018, 2805
0.018, 2804
0.018, 2803
0.019, 2802
0.019, 2801
0.019, 2800
0.019, 2799
0.019, 2798
0.019, 2797
0.019, 2796
0.019, 2795
0.019, 2794
0.019, 2793
0.019, 2792
0.019, 2791
0.019, 2790
0.019, 2789
0.019, 2788
0.019, 2787
0.019, 2786
0.019, 2785
0.019, 2784
0.019, 2783
0.019, 2782
0.019, 2781
0.019, 2780
0.019, 2779
0.019, 2778
0.019, 2777
0.019, 2776
0.019, 2775
0.019, 2774
0.019, 2773
0.019, 2772
0.019, 2771
0.019, 2770
0.019, 2769
0.019, 2768
0.019, 2767
0.019, 2766
0.019, 2765
0.019, 2764
0.019, 2763
0.019, 2762
0.019, 2761
0.019, 2760
0.019, 2759
0.019, 2758
0.019, 2757
0.019, 2756
0.019, 2755
0.019, 2754
0.019, 2753
0.019, 2752
0.019, 2751
0.019, 2750
0.019, 2749
0.019, 2748
0.019, 2747
0.019, 2746
0.019, 2745
0.019, 2744
0.019, 2743
0.019, 2742
0.019, 2741
0.019, 2740
0.019, 2739
0.019, 2738
0.019, 2737
0.019, 2736
0.019, 2735
0.019, 2734
0.019, 2733
0.019, 2732
0.019, 2731
0.019, 2730
0.019, 2729
0.019, 2728
0.019, 2727
0.019, 2726
0.019, 2725
0.019, 2724
0.019, 2723
0.019, 2722
0.019, 2721
0.019, 2720
0.019, 2719
0.019, 2718
0.019, 2717
0.019, 2716
0.019, 2715
0.019, 2714
0.019, 2713
0.019, 2712
0.019, 2711
0.019, 2710
0.019, 2709
0.019, 2708
0.019, 2707
0.019, 2706
0.019, 2705
0.019, 2704
0.019, 2703
0.019, 2702
0.019, 2701
0.019, 2700
0.019, 2699
0.019, 2698
0.019, 2697
0.019, 2696
0.019, 2695
0.020, 2694
0.020, 2693
0.020, 2692
0.020, 2691
0.020, 2690
0.020, 2689
0.020, 2688
0.020, 2687
0.020, 2686
0.020, 2685
0.020, 2684
0.020, 2683
0.020, 2682
0.020, 2681
0.020, 2680
0.020, 2679
0.020, 2678
0.020, 2677
0.020, 2676
0.020, 2675
0.020, 2674
0.020, 2673
0.020, 2672
0.020, 2671
0.020, 2670
0.020, 2669
0.020, 2668
0.020, 2667
0.020, 2666
0.020, 2665
0.020, 2664
0.020, 2663
0.020, 2662
0.020, 2661
0.020, 2660
0.020, 2659
0.020, 2658
0.020, 2657
0.020, 2656
0.020, 2655
0.020, 2654
0.020, 2653
0.020, 2652
0.020, 2651
0.020, 2650
0.020, 2649
0.020, 2648
0.020, 2647
0.020, 2646
0.020, 2645
0.020, 2644
0.020, 2643
0.020, 2642
0.020, 2641
0.020, 2640
0.020, 2639
0.020, 2638
0.020, 2637
0.020, 2636
0.020, 2635
0.020, 2634
0.020, 2633
0.020, 2632
0.020, 2631
0.020, 2630
0.020, 2629
0.020, 2628
0.020, 2627
0.020, 2626
0.020, 2625
0.020, 2624
0.020, 2623
0.020, 2622
0.020, 2621
0.020, 2620
0.020, 2619
0.020, 2618
0.020, 2617
0.020, 2616
0.020, 2615
0.020, 2614
0.020, 2613
0.020, 2612
0.020, 2611
0.020, 2610
0.020, 2609
0.020, 2608
0.021, 2607
0.021, 2606
0.021, 2605
0.021, 2604
0.021, 2603
0.021, 2602
0.021, 2601
0.021, 2600
0.021, 2599
0.021, 2598
0.021, 2597
0.021, 2596
0.021, 2595
0.021, 2594
0.021, 2593
0.021, 2592
0.021, 2591
0.021, 2590
0.021, 2589
0.021, 2588
0.021, 2587
0.021, 2586
0.021, 2585
0.021, 2584
0.021, 2583
0.021, 2582
0.021, 2581
0.021, 2580
0.021, 2579
0.021, 2578
0.021, 2577
0.021, 2576
0.021, 2575
0.021, 2574
0.021, 2573
0.021, 2572
0.021, 2571
0.021, 2570
0.021, 2569
0.021, 2568
0.021, 2567
0.021, 2566
0.021, 2565
0.021, 2564
0.021, 2563
0.021, 2562
0.021, 2561
0.021, 2560
0.021, 2559
0.021, 2558
0.021, 2557
0.021, 2556
0.021, 2555
0.021, 2554
0.021, 2553
0.021, 2552
0.021, 2551
0.021, 2550
0.021, 2549
0.021, 2548
0.021, 2547
0.021, 2546
0.021, 2545
0.021, 2544
0.021, 2543
0.021, 2542
0.021, 2541
0.021, 2540
0.021, 2539
0.021, 2538
0.021, 2537
0.021, 2536
0.021, 2535
0.021, 2534
0.021, 2533
0.021, 2532
0.021, 2531
0.021, 2530
0.021, 2529
0.021, 2528
0.021, 2527
0.021, 2526
0.022, 2525
0.022, 2524
0.022, 2523
0.022, 2522
0.022, 2521
0.022, 2520
0.022, 2519
0.022, 2518
0.022, 2517
0.022, 2516
0.022, 2515
0.022, 2514
0.022, 2513
0.022, 2512
0.022, 2511
0.022, 2510
0.022, 2509
0.022, 2508
0.022, 2507
0.022, 2506
0.022, 2505
0.022, 2504
0.022, 2503
0.022, 2502
0.022, 2501
0.022, 2500
0.022, 2499
0.022, 2498
0.022, 2497
0.022, 2496
0.022, 2495
0.022, 2494
0.022, 2493
0.022, 2492
0.022, 2491
0.022, 2490
0.022, 2489
0.022, 2488
0.022, 2487
0.022, 2486
0.022, 2485
0.022, 2484
0.022, 2483
0.022, 2482
0.022, 2481
0.022, 2480
0.022, 2479
0.022, 2478
0.022, 2477
0.022, 2476
0.022, 2475
0.022, 2474
0.022, 2473
0.022, 2472
0.022, 2471
0.022, 2470
0.022, 2469
0.022, 2468
0.022, 2467
0.022, 2466
0.022, 2465
0.022, 2464
0.022, 2463
0.022, 2462
0.022, 2461
0.022, 2460
0.022, 2459
0.022, 2458
0.022, 2457
0.022, 2456
0.022, 2455
0.022, 2454
0.022, 2453
0.022, 2452
0.022, 2451
0.022, 2450
0.023, 2449
0.023, 2448
0.023, 2447
0.023, 2446
0.023, 2445
0.023, 2444
0.023, 2443
0.023, 2442
0.023, 2441
0.023, 2440
0.023, 2439
0.023, 2438
0.023, 2437
0.023, 2436
0.023, 2435
0.023, 2434
0.023, 2433
0.023, 2432
0.023, 2431
0.023, 2430
0.023, 2429
0.023, 2428
0.023, 2427
0.023, 2426
0.023, 2425
0.023, 2424
0.023, 2423
0.023, 2422
0.023, 2421
0.023, 2420
0.023, 2419
0.023, 2418
0.023, 2417
0.023, 2416
0.023, 2415
0.023, 2414
0.023, 2413
0.023, 2412
0.023, 2411
0.023, 2410
0.023, 2409
0.023, 2408
0.023, 2407
0.023, 2406
0.023, 2405
0.023, 2404
0.023, 2403
0.023, 2402
0.023, 2401
0.023, 2400
0.023, 2399
0.023, 2398
0.023, 2397
0.023, 2396
0.023, 2395
0.023, 2394
0.023, 2393
0.023, 2392
0.023, 2391
0.023, 2390
0.023, 2389
0.023, 2388
0.023, 2387
0.023, 2386
0.023, 2385
0.023, 2384
0.023, 2383
0.023, 2382
0.023, 2381
0.023, 2380
0.023, 2379
0.023, 2378
0.023, 2377
0.023, 2376
0.023, 2375
0.023, 2374
0.023, 2373
0.023, 2372
0.023, 2371
0.023, 2370
0.023, 2369
0.023, 2368
0.023, 2367
0.023, 2366
0.023, 2365
0.023, 2364
0.023, 2363
0.023, 2362
0.023, 2361
0.023, 2360
0.023, 2359
0.023, 2358
0.023, 2357
0.023, 2356
0.023, 2355
0.023, 2354
0.023, 2353
0.023, 2352
0.023, 2351
0.023, 2350
0.023, 2349
0.023, 2348
0.023, 2347
0.023, 2346
0.023, 2345
0.023, 2344
0.023, 2343
0.023, 2342
0.023, 2341
0.023, 2340
0.023, 2339
0.023, 2338
0.023, 2337
0.023, 2336
0.023, 2335
0.023, 2334
0.023, 2333
0.023, 2332
0.023, 2331
0.023, 2330
0.023, 2329
0.023, 2328
0.023, 2327
0.023, 2326
0.023, 2325
0.023, 2324
0.023, 2323
0.023, 2322
0.023, 2321
0.023, 2320
0.023, 2319
0.023, 2318
0.023, 2317
0.024, 2316
0.024, 2315
0.024, 2314
0.024, 2313
0.024, 2312
0.024, 2311
0.024, 2310
0.024, 2309
0.024, 2308
0.024, 2307
0.024, 2306
0.024, 2305
0.024, 2304
0.024, 2303
0.024, 2302
0.024, 2301
0.024, 2300
0.024, 2299
0.024, 2298
0.024, 2297
0.024, 2296
0.024, 2295
0.024, 2294
0.024, 2293
0.024, 2292
0.024, 2291
0.024, 2290
0.024, 2289
0.024, 2288
0.024, 2287
0.024, 2286
0.024, 2285
0.024, 2284
0.024, 2283
0.024, 2282
0.024, 2281
0.024, 2280
0.024, 2279
0.024, 2278
0.024, 2277
0.024, 2276
0.024, 2275
0.024, 2274
0.024, 2273
0.024, 2272
0.024, 2271
0.024, 2270
0.024, 2269
