0.001, 3255
0.013, 3254
0.019, 3253
0.022, 3252
0.023, 3251
0.024, 3250
0.025, 3249
0.139, 3248
0.140, 3247
0.141, 3246
0.141, 3245
0.142, 3244
0.143, 3243
0.144, 3242
0.144, 3241
0.145, 3240
0.146, 3239
0.146, 3238
0.146, 3237
0.147, 3236
0.147, 3235
0.148, 3234
0.150, 3233
0.150, 3232
0.151, 3231
0.152, 3230
0.153, 3229
0.154, 3228
0.154, 3227
0.155, 3226
0.156, 3225
0.157, 3224
0.157, 3223
0.158, 3222
0.159, 3221
0.160, 3220
0.161, 3219
0.161, 3218
0.162, 3217
0.162, 3216
0.163, 3215
0.163, 3214
0.164, 3213
0.165, 3212
0.165, 3211
0.166, 3210
0.167, 3209
0.167, 3208
0.168, 3207
0.168, 3206
0.169, 3205
0.170, 3204
0.171, 3203
0.172, 3202
0.173, 3201
0.174, 3200
0.175, 3199
0.176, 3198
0.176, 3197
0.176, 3196
0.176, 3195
0.178, 3194
0.179, 3193
0.179, 3192
0.179, 3191
0.180, 3190
0.181, 3189
0.181, 3188
0.181, 3187
0.184, 3186
0.185, 3185
0.186, 3184
0.186, 3183
0.187, 3182
0.188, 3181
0.188, 3180
0.190, 3179
0.190, 3178
0.191, 3177
0.191, 3176
0.192, 3175
0.193, 3174
0.193, 3173
0.194, 3172
0.195, 3171
0.195, 3170
0.195, 3169
0.196, 3168
0.197, 3167
0.197, 3166
0.198, 3165
0.198, 3164
0.199, 3163
0.200, 3162
0.200, 3161
0.201, 3160
0.203, 3159
0.203, 3158
0.204, 3157
0.205, 3156
0.205, 3155
0.206, 3154
0.207, 3153
0.207, 3152
0.208, 3151
0.208, 3150
0.209, 3149
0.209, 3148
0.210, 3147
0.210, 3146
0.210, 3145
0.212, 3144
0.212, 3143
0.214, 3142
0.214, 3141
0.215, 3140
0.215, 3139
0.216, 3138
0.217, 3137
0.218, 3136
0.218, 3135
0.220, 3134
0.221, 3133
0.222, 3132
0.222, 3131
0.222, 3130
0.223, 3129
0.223, 3128
0.224, 3127
0.225, 3126
0.225, 3125
0.226, 3124
0.227, 3123
0.228, 3122
0.228, 3121
0.229, 3120
0.231, 3119
0.232, 3118
0.232, 3117
0.233, 3116
0.233, 3115
0.234, 3114
0.234, 3113
0.234, 3112
0.235, 3111
0.236, 3110
0.236, 3109
0.238, 3108
0.238, 3107
0.238, 3106
0.239, 3105
0.240, 3104
0.241, 3103
0.242, 3102
0.243, 3101
0.243, 3100
0.243, 3099
0.244, 3098
0.244, 3097
0.245, 3096
0.246, 3095
0.246, 3094
0.248, 3093
0.249, 3092
0.250, 3091
0.250, 3090
0.251, 3089
0.252, 3088
0.253, 3087
0.253, 3086
0.253, 3085
0.253, 3084
0.254, 3083
0.255, 3082
0.255, 3081
0.255, 3080
0.257, 3079
0.258, 3078
0.259, 3077
0.260, 3076
0.261, 3075
0.263, 3074
0.264, 3073
0.265, 3072
0.265, 3071
0.268, 3070
0.268, 3069
0.269, 3068
0.270, 3067
0.272, 3066
0.272, 3065
0.273, 3064
0.276, 3063
0.276, 3062
0.277, 3061
0.277, 3060
0.278, 3059
0.278, 3058
0.279, 3057
0.279, 3056
0.280, 3055
0.280, 3054
0.281, 3053
0.284, 3052
0.284, 3051
0.285, 3050
0.285, 3049
0.285, 3048
0.287, 3047
0.289, 3046
0.291, 3045
0.292, 3044
0.292, 3043
0.292, 3042
0.293, 3041
0.294, 3040
0.294, 3039
0.295, 3038
0.297, 3037
0.298, 3036
0.298, 3035
0.299, 3034
0.300, 3033
0.301, 3032
0.302, 3031
0.303, 3030
0.303, 3029
0.303, 3028
0.305, 3027
0.305, 3026
0.307, 3025
0.308, 3024
0.309, 3023
0.309, 3022
0.310, 3021
0.311, 3020
0.311, 3019
0.311, 3018
0.312, 3017
0.312, 3016
0.313, 3015
0.313, 3014
0.315, 3013
0.316, 3012
0.317, 3011
0.318, 3010
0.318, 3009
0.320, 3008
0.320, 3007
0.320, 3006
0.321, 3005
0.322, 3004
0.322, 3003
0.323, 3002
0.324, 3001
0.325, 3000
0.325, 2999
0.326, 2998
0.327, 2997
0.328, 2996
0.329, 2995
0.330, 2994
0.331, 2993
0.334, 2992
0.336, 2991
0.338, 2990
0.339, 2989
0.339, 2988
0.340, 2987
0.341, 2986
0.341, 2985
0.342, 2984
0.342, 2983
0.343, 2982
0.344, 2981
0.346, 2980
0.347, 2979
0.348, 2978
0.349, 2977
0.351, 2976
0.351, 2975
0.353, 2974
0.353, 2973
0.354, 2972
0.354, 2971
0.355, 2970
0.355, 2969
0.355, 2968
0.357, 2967
0.358, 2966
0.359, 2965
0.359, 2964
0.359, 2963
0.360, 2962
0.360, 2961
0.361, 2960
0.361, 2959
0.364, 2958
0.364, 2957
0.364, 2956
0.366, 2955
0.368, 2954
0.368, 2953
0.369, 2952
0.370, 2951
0.371, 2950
0.373, 2949
0.375, 2948
0.375, 2947
0.376, 2946
0.376, 2945
0.377, 2944
0.377, 2943
0.378, 2942
0.379, 2941
0.380, 2940
0.381, 2939
0.381, 2938
0.381, 2937
0.382, 2936
0.382, 2935
0.385, 2934
0.385, 2933
0.386, 2932
0.389, 2931
0.389, 2930
0.390, 2929
0.391, 2928
0.393, 2927
0.394, 2926
0.394, 2925
0.395, 2924
0.396, 2923
0.397, 2922
0.398, 2921
0.399, 2920
0.400, 2919
0.401, 2918
0.402, 2917
0.403, 2916
0.405, 2915
0.406, 2914
0.407, 2913
0.407, 2912
0.408, 2911
0.410, 2910
0.411, 2909
0.412, 2908
0.413, 2907
0.416, 2906
0.417, 2905
0.417, 2904
0.419, 2903
0.421, 2902
0.422, 2901
0.423, 2900
0.424, 2899
0.425, 2898
0.425, 2897
0.427, 2896
0.427, 2895
0.429, 2894
0.430, 2893
0.430, 2892
0.430, 2891
0.431, 2890
0.433, 2889
0.434, 2888
0.434, 2887
0.440, 2886
0.442, 2885
0.442, 2884
0.443, 2883
0.443, 2882
0.444, 2881
0.445, 2880
0.447, 2879
0.447, 2878
0.448, 2877
0.450, 2876
0.451, 2875
0.452, 2874
0.453, 2873
0.454, 2872
0.454, 2871
0.455, 2870
0.458, 2869
0.458, 2868
0.459, 2867
0.461, 2866
0.462, 2865
0.464, 2864
0.468, 2863
0.468, 2862
0.470, 2861
0.471, 2860
0.472, 2859
0.472, 2858
0.474, 2857
0.474, 2856
0.475, 2855
0.476, 2854
0.477, 2853
0.478, 2852
0.481, 2851
0.481, 2850
0.482, 2849
0.483, 2848
0.484, 2847
0.486, 2846
0.487, 2845
0.489, 2844
0.490, 2843
0.491, 2842
0.492, 2841
0.494, 2840
0.498, 2839
0.500, 2838
0.501, 2837
0.502, 2836
0.503, 2835
0.503, 2834
0.504, 2833
0.505, 2832
0.508, 2831
0.508, 2830
0.508, 2829
0.510, 2828
0.510, 2827
0.510, 2826
0.515, 2825
0.515, 2824
0.516, 2823
0.517, 2822
0.518, 2821
0.519, 2820
0.519, 2819
0.520, 2818
0.523, 2817
0.523, 2816
0.524, 2815
0.531, 2814
0.531, 2813
0.532, 2812
0.532, 2811
0.532, 2810
0.533, 2809
0.534, 2808
0.536, 2807
0.538, 2806
0.539, 2805
0.543, 2804
0.544, 2803
0.546, 2802
0.548, 2801
0.549, 2800
0.549, 2799
0.551, 2798
0.552, 2797
0.553, 2796
0.554, 2795
0.554, 2794
0.557, 2793
0.559, 2792
0.560, 2791
0.561, 2790
0.562, 2789
0.563, 2788
0.565, 2787
0.566, 2786
0.567, 2785
0.568, 2784
0.569, 2783
0.571, 2782
0.571, 2781
0.575, 2780
0.575, 2779
0.576, 2778
0.583, 2777
0.583, 2776
0.590, 2775
0.592, 2774
0.593, 2773
0.594, 2772
0.594, 2771
0.595, 2770
0.595, 2769
0.597, 2768
0.600, 2767
0.601, 2766
0.601, 2765
0.602, 2764
0.605, 2763
0.605, 2762
0.615, 2761
0.615, 2760
0.615, 2759
0.616, 2758
0.617, 2757
0.621, 2756
0.622, 2755
0.623, 2754
0.627, 2753
0.628, 2752
0.628, 2751
0.630, 2750
0.633, 2749
0.634, 2748
0.636, 2747
0.639, 2746
0.639, 2745
0.642, 2744
0.647, 2743
0.650, 2742
0.655, 2741
0.655, 2740
0.656, 2739
0.658, 2738
0.659, 2737
0.663, 2736
0.663, 2735
0.666, 2734
0.667, 2733
0.667, 2732
0.668, 2731
0.672, 2730
0.673, 2729
0.673, 2728
0.674, 2727
0.675, 2726
0.676, 2725
0.676, 2724
0.677, 2723
0.681, 2722
0.685, 2721
0.686, 2720
0.687, 2719
0.688, 2718
0.690, 2717
0.691, 2716
0.692, 2715
0.693, 2714
0.694, 2713
0.699, 2712
0.700, 2711
0.701, 2710
0.701, 2709
0.703, 2708
0.703, 2707
0.704, 2706
0.706, 2705
0.707, 2704
0.709, 2703
0.714, 2702
0.715, 2701
0.715, 2700
0.716, 2699
0.716, 2698
0.718, 2697
0.719, 2696
0.719, 2695
0.720, 2694
0.726, 2693
0.730, 2692
0.732, 2691
0.732, 2690
0.733, 2689
0.736, 2688
0.736, 2687
0.741, 2686
0.741, 2685
0.742, 2684
0.744, 2683
0.746, 2682
0.747, 2681
0.747, 2680
0.748, 2679
0.749, 2678
0.750, 2677
0.750, 2676
0.751, 2675
0.755, 2674
0.758, 2673
0.760, 2672
0.762, 2671
0.763, 2670
0.765, 2669
0.771, 2668
0.771, 2667
0.777, 2666
0.777, 2665
0.778, 2664
0.783, 2663
0.784, 2662
0.786, 2661
0.788, 2660
0.789, 2659
0.796, 2658
0.802, 2657
0.804, 2656
0.806, 2655
0.806, 2654
0.807, 2653
0.808, 2652
0.812, 2651
0.814, 2650
0.814, 2649
0.814, 2648
0.819, 2647
0.819, 2646
0.820, 2645
0.826, 2644
0.828, 2643
0.828, 2642
0.831, 2641
0.832, 2640
0.832, 2639
0.835, 2638
0.836, 2637
0.841, 2636
0.848, 2635
0.850, 2634
0.850, 2633
0.856, 2632
0.858, 2631
0.860, 2630
0.863, 2629
0.867, 2628
0.868, 2627
0.873, 2626
0.873, 2625
0.875, 2624
0.876, 2623
0.881, 2622
0.881, 2621
0.887, 2620
0.889, 2619
0.890, 2618
0.899, 2617
0.900, 2616
0.903, 2615
0.906, 2614
0.908, 2613
0.910, 2612
0.914, 2611
0.923, 2610
0.923, 2609
0.931, 2608
0.934, 2607
0.937, 2606
0.947, 2605
0.949, 2604
0.950, 2603
0.959, 2602
0.964, 2601
0.966, 2600
0.967, 2599
0.971, 2598
0.971, 2597
0.972, 2596
0.978, 2595
0.979, 2594
0.982, 2593
0.990, 2592
0.996, 2591
0.998, 2590
1.008, 2589
1.009, 2588
1.012, 2587
1.017, 2586
1.018, 2585
1.021, 2584
1.028, 2583
1.031, 2582
1.032, 2581
1.033, 2580
1.038, 2579
1.043, 2578
1.050, 2577
1.051, 2576
1.069, 2575
1.071, 2574
1.073, 2573
1.078, 2572
1.079, 2571
1.086, 2570
1.088, 2569
1.090, 2568
1.091, 2567
1.093, 2566
1.094, 2565
1.099, 2564
1.112, 2563
1.114, 2562
1.122, 2561
1.122, 2560
1.129, 2559
1.130, 2558
1.131, 2557
1.132, 2556
1.145, 2555
1.146, 2554
1.146, 2553
1.154, 2552
1.155, 2551
1.156, 2550
1.160, 2549
1.163, 2548
1.166, 2547
1.167, 2546
1.172, 2545
1.186, 2544
1.191, 2543
1.194, 2542
1.197, 2541
1.205, 2540
1.211, 2539
1.228, 2538
1.243, 2537
1.248, 2536
1.266, 2535
1.267, 2534
1.272, 2533
1.273, 2532
1.274, 2531
1.283, 2530
1.311, 2529
1.312, 2528
1.332, 2527
1.333, 2526
1.333, 2525
1.352, 2524
1.358, 2523
1.362, 2522
1.377, 2521
1.379, 2520
1.388, 2519
1.395, 2518
1.397, 2517
1.398, 2516
1.422, 2515
1.423, 2514
1.437, 2513
1.440, 2512
1.441, 2511
1.443, 2510
1.452, 2509
1.457, 2508
1.462, 2507
1.485, 2506
1.486, 2505
1.497, 2504
1.499, 2503
1.513, 2502
1.526, 2501
1.527, 2500
1.545, 2499
1.560, 2498
1.591, 2497
1.601, 2496
1.610, 2495
1.647, 2494
1.652, 2493
1.659, 2492
1.683, 2491
1.694, 2490
1.718, 2489
1.724, 2488
1.733, 2487
1.735, 2486
1.761, 2485
1.764, 2484
1.783, 2483
1.789, 2482
1.796, 2481
1.816, 2480
1.826, 2479
1.847, 2478
1.865, 2477
1.868, 2476
1.890, 2475
1.911, 2474
1.922, 2473
1.964, 2472
1.980, 2471
1.983, 2470
2.005, 2469
2.082, 2468
2.082, 2467
2.113, 2466
2.137, 2465
2.168, 2464
2.177, 2463
2.200, 2462
2.211, 2461
2.224, 2460
2.238, 2459
2.297, 2458
2.327, 2457
2.343, 2456
2.343, 2455
2.377, 2454
2.454, 2453
2.483, 2452
2.544, 2451
2.692, 2450
2.704, 2449
2.734, 2448
2.812, 2447
2.865, 2446
3.101, 2445
