0.001, 3256
0.001, 3255
0.075, 3254
0.078, 3253
0.079, 3252
0.080, 3251
0.081, 3250
0.083, 3249
0.083, 3248
0.085, 3247
0.085, 3246
0.085, 3245
0.086, 3244
0.086, 3243
0.086, 3242
0.088, 3241
0.088, 3240
0.089, 3239
0.089, 3238
0.090, 3237
0.091, 3236
0.092, 3235
0.093, 3234
0.094, 3233
0.094, 3232
0.096, 3231
0.097, 3230
0.098, 3229
0.098, 3228
0.100, 3227
0.101, 3226
0.102, 3225
0.102, 3224
0.103, 3223
0.104, 3222
0.104, 3221
0.106, 3220
0.107, 3219
0.108, 3218
0.109, 3217
0.110, 3216
0.111, 3215
0.112, 3214
0.112, 3213
0.113, 3212
0.114, 3211
0.114, 3210
0.115, 3209
0.115, 3208
0.115, 3207
0.116, 3206
0.117, 3205
0.117, 3204
0.118, 3203
0.119, 3202
0.119, 3201
0.120, 3200
0.121, 3199
0.122, 3198
0.122, 3197
0.123, 3196
0.123, 3195
0.125, 3194
0.126, 3193
0.126, 3192
0.127, 3191
0.128, 3190
0.129, 3189
0.129, 3188
0.131, 3187
0.131, 3186
0.132, 3185
0.132, 3184
0.132, 3183
0.133, 3182
0.134, 3181
0.137, 3180
0.138, 3179
0.139, 3178
0.139, 3177
0.140, 3176
0.141, 3175
0.141, 3174
0.142, 3173
0.144, 3172
0.146, 3171
0.146, 3170
0.148, 3169
0.150, 3168
0.151, 3167
0.152, 3166
0.152, 3165
0.155, 3164
0.155, 3163
0.157, 3162
0.159, 3161
0.159, 3160
0.160, 3159
0.161, 3158
0.162, 3157
0.163, 3156
0.164, 3155
0.165, 3154
0.166, 3153
0.166, 3152
0.167, 3151
0.167, 3150
0.171, 3149
0.172, 3148
0.174, 3147
0.174, 3146
0.175, 3145
0.176, 3144
0.178, 3143
0.178, 3142
0.179, 3141
0.179, 3140
0.180, 3139
0.180, 3138
0.181, 3137
0.182, 3136
0.183, 3135
0.183, 3134
0.185, 3133
0.186, 3132
0.187, 3131
0.191, 3130
0.192, 3129
0.192, 3128
0.196, 3127
0.197, 3126
0.197, 3125
0.198, 3124
0.198, 3123
0.199, 3122
0.199, 3121
0.200, 3120
0.201, 3119
0.203, 3118
0.203, 3117
0.203, 3116
0.204, 3115
0.205, 3114
0.206, 3113
0.207, 3112
0.209, 3111
0.211, 3110
0.213, 3109
0.213, 3108
0.214, 3107
0.216, 3106
0.217, 3105
0.218, 3104
0.220, 3103
0.221, 3102
0.223, 3101
0.226, 3100
0.229, 3099
0.230, 3098
0.231, 3097
0.232, 3096
0.232, 3095
0.233, 3094
0.235, 3093
0.235, 3092
0.236, 3091
0.239, 3090
0.240, 3089
0.242, 3088
0.242, 3087
0.243, 3086
0.246, 3085
0.246, 3084
0.247, 3083
0.248, 3082
0.248, 3081
0.249, 3080
0.252, 3079
0.253, 3078
0.255, 3077
0.256, 3076
0.257, 3075
0.257, 3074
0.258, 3073
0.260, 3072
0.260, 3071
0.265, 3070
0.266, 3069
0.267, 3068
0.268, 3067
0.269, 3066
0.271, 3065
0.272, 3064
0.272, 3063
0.275, 3062
0.279, 3061
0.280, 3060
0.283, 3059
0.283, 3058
0.285, 3057
0.287, 3056
0.288, 3055
0.290, 3054
0.292, 3053
0.293, 3052
0.295, 3051
0.298, 3050
0.300, 3049
0.301, 3048
0.302, 3047
0.303, 3046
0.303, 3045
0.304, 3044
0.305, 3043
0.305, 3042
0.306, 3041
0.308, 3040
0.312, 3039
0.314, 3038
0.316, 3037
0.317, 3036
0.317, 3035
0.319, 3034
0.320, 3033
0.322, 3032
0.325, 3031
0.325, 3030
0.326, 3029
0.328, 3028
0.328, 3027
0.332, 3026
0.333, 3025
0.335, 3024
0.335, 3023
0.336, 3022
0.336, 3021
0.337, 3020
0.338, 3019
0.338, 3018
0.339, 3017
0.341, 3016
0.341, 3015
0.342, 3014
0.342, 3013
0.342, 3012
0.345, 3011
0.346, 3010
0.347, 3009
0.348, 3008
0.348, 3007
0.349, 3006
0.350, 3005
0.350, 3004
0.351, 3003
0.351, 3002
0.352, 3001
0.352, 3000
0.354, 2999
0.355, 2998
0.355, 2997
0.358, 2996
0.359, 2995
0.360, 2994
0.360, 2993
0.362, 2992
0.362, 2991
0.365, 2990
0.366, 2989
0.367, 2988
0.368, 2987
0.369, 2986
0.369, 2985
0.370, 2984
0.370, 2983
0.372, 2982
0.373, 2981
0.374, 2980
0.375, 2979
0.375, 2978
0.376, 2977
0.377, 2976
0.377, 2975
0.378, 2974
0.380, 2973
0.380, 2972
0.381, 2971
0.383, 2970
0.384, 2969
0.384, 2968
0.385, 2967
0.386, 2966
0.388, 2965
0.390, 2964
0.391, 2963
0.394, 2962
0.395, 2961
0.395, 2960
0.396, 2959
0.396, 2958
0.398, 2957
0.399, 2956
0.400, 2955
0.400, 2954
0.402, 2953
0.403, 2952
0.404, 2951
0.405, 2950
0.406, 2949
0.406, 2948
0.408, 2947
0.408, 2946
0.409, 2945
0.410, 2944
0.410, 2943
0.411, 2942
0.411, 2941
0.413, 2940
0.414, 2939
0.417, 2938
0.420, 2937
0.422, 2936
0.424, 2935
0.424, 2934
0.426, 2933
0.426, 2932
0.428, 2931
0.431, 2930
0.433, 2929
0.434, 2928
0.437, 2927
0.438, 2926
0.439, 2925
0.440, 2924
0.443, 2923
0.444, 2922
0.444, 2921
0.444, 2920
0.447, 2919
0.447, 2918
0.448, 2917
0.448, 2916
0.448, 2915
0.451, 2914
0.454, 2913
0.454, 2912
0.455, 2911
0.455, 2910
0.457, 2909
0.457, 2908
0.458, 2907
0.460, 2906
0.461, 2905
0.463, 2904
0.464, 2903
0.466, 2902
0.467, 2901
0.468, 2900
0.470, 2899
0.470, 2898
0.472, 2897
0.474, 2896
0.474, 2895
0.477, 2894
0.477, 2893
0.479, 2892
0.480, 2891
0.485, 2890
0.487, 2889
0.488, 2888
0.490, 2887
0.490, 2886
0.491, 2885
0.493, 2884
0.496, 2883
0.497, 2882
0.501, 2881
0.504, 2880
0.505, 2879
0.506, 2878
0.509, 2877
0.509, 2876
0.511, 2875
0.512, 2874
0.514, 2873
0.520, 2872
0.521, 2871
0.522, 2870
0.525, 2869
0.528, 2868
0.529, 2867
0.534, 2866
0.536, 2865
0.538, 2864
0.539, 2863
0.539, 2862
0.539, 2861
0.542, 2860
0.543, 2859
0.545, 2858
0.545, 2857
0.546, 2856
0.546, 2855
0.552, 2854
0.552, 2853
0.556, 2852
0.556, 2851
0.557, 2850
0.557, 2849
0.558, 2848
0.559, 2847
0.560, 2846
0.560, 2845
0.561, 2844
0.562, 2843
0.562, 2842
0.563, 2841
0.563, 2840
0.563, 2839
0.564, 2838
0.567, 2837
0.571, 2836
0.572, 2835
0.572, 2834
0.579, 2833
0.579, 2832
0.582, 2831
0.585, 2830
0.587, 2829
0.590, 2828
0.593, 2827
0.595, 2826
0.599, 2825
0.600, 2824
0.603, 2823
0.605, 2822
0.607, 2821
0.608, 2820
0.609, 2819
0.612, 2818
0.616, 2817
0.619, 2816
0.621, 2815
0.622, 2814
0.622, 2813
0.623, 2812
0.628, 2811
0.629, 2810
0.630, 2809
0.631, 2808
0.633, 2807
0.634, 2806
0.637, 2805
0.638, 2804
0.641, 2803
0.641, 2802
0.644, 2801
0.645, 2800
0.648, 2799
0.649, 2798
0.649, 2797
0.651, 2796
0.654, 2795
0.657, 2794
0.658, 2793
0.659, 2792
0.659, 2791
0.661, 2790
0.661, 2789
0.665, 2788
0.669, 2787
0.674, 2786
0.675, 2785
0.678, 2784
0.678, 2783
0.679, 2782
0.680, 2781
0.683, 2780
0.688, 2779
0.694, 2778
0.696, 2777
0.697, 2776
0.699, 2775
0.702, 2774
0.710, 2773
0.711, 2772
0.718, 2771
0.721, 2770
0.723, 2769
0.727, 2768
0.731, 2767
0.733, 2766
0.734, 2765
0.736, 2764
0.738, 2763
0.741, 2762
0.742, 2761
0.744, 2760
0.745, 2759
0.745, 2758
0.755, 2757
0.759, 2756
0.760, 2755
0.763, 2754
0.765, 2753
0.767, 2752
0.771, 2751
0.773, 2750
0.774, 2749
0.776, 2748
0.777, 2747
0.778, 2746
0.779, 2745
0.780, 2744
0.780, 2743
0.782, 2742
0.786, 2741
0.787, 2740
0.788, 2739
0.788, 2738
0.790, 2737
0.796, 2736
0.796, 2735
0.797, 2734
0.797, 2733
0.799, 2732
0.800, 2731
0.803, 2730
0.806, 2729
0.811, 2728
0.813, 2727
0.815, 2726
0.820, 2725
0.820, 2724
0.823, 2723
0.824, 2722
0.827, 2721
0.830, 2720
0.837, 2719
0.839, 2718
0.842, 2717
0.843, 2716
0.844, 2715
0.845, 2714
0.854, 2713
0.856, 2712
0.857, 2711
0.858, 2710
0.859, 2709
0.861, 2708
0.862, 2707
0.863, 2706
0.868, 2705
0.871, 2704
0.873, 2703
0.878, 2702
0.879, 2701
0.881, 2700
0.888, 2699
0.892, 2698
0.898, 2697
0.899, 2696
0.900, 2695
0.900, 2694
0.901, 2693
0.902, 2692
0.904, 2691
0.908, 2690
0.916, 2689
0.923, 2688
0.924, 2687
0.927, 2686
0.933, 2685
0.946, 2684
0.948, 2683
0.952, 2682
0.959, 2681
0.960, 2680
0.961, 2679
0.975, 2678
0.975, 2677
0.976, 2676
0.982, 2675
0.985, 2674
0.987, 2673
0.988, 2672
0.990, 2671
1.003, 2670
1.019, 2669
1.020, 2668
1.021, 2667
1.025, 2666
1.026, 2665
1.026, 2664
1.043, 2663
1.043, 2662
1.053, 2661
1.054, 2660
1.055, 2659
1.060, 2658
1.061, 2657
1.062, 2656
1.065, 2655
1.072, 2654
1.077, 2653
1.085, 2652
1.092, 2651
1.092, 2650
1.096, 2649
1.100, 2648
1.101, 2647
1.104, 2646
1.106, 2645
1.113, 2644
1.120, 2643
1.127, 2642
1.127, 2641
1.131, 2640
1.132, 2639
1.138, 2638
1.140, 2637
1.142, 2636
1.143, 2635
1.146, 2634
1.151, 2633
1.155, 2632
1.156, 2631
1.157, 2630
1.159, 2629
1.167, 2628
1.169, 2627
1.173, 2626
1.174, 2625
1.177, 2624
1.179, 2623
1.186, 2622
1.187, 2621
1.194, 2620
1.197, 2619
1.198, 2618
1.201, 2617
1.202, 2616
1.203, 2615
1.207, 2614
1.208, 2613
1.222, 2612
1.224, 2611
1.225, 2610
1.228, 2609
1.229, 2608
1.229, 2607
1.240, 2606
1.242, 2605
1.246, 2604
1.250, 2603
1.260, 2602
1.261, 2601
1.266, 2600
1.271, 2599
1.272, 2598
1.276, 2597
1.277, 2596
1.277, 2595
1.278, 2594
1.278, 2593
1.299, 2592
1.305, 2591
1.319, 2590
1.320, 2589
1.320, 2588
1.322, 2587
1.326, 2586
1.327, 2585
1.340, 2584
1.341, 2583
1.341, 2582
1.342, 2581
1.348, 2580
1.354, 2579
1.357, 2578
1.357, 2577
1.361, 2576
1.365, 2575
1.371, 2574
1.375, 2573
1.376, 2572
1.395, 2571
1.396, 2570
1.407, 2569
1.409, 2568
1.412, 2567
1.423, 2566
1.425, 2565
1.444, 2564
1.456, 2563
1.461, 2562
1.464, 2561
1.467, 2560
1.470, 2559
1.476, 2558
1.479, 2557
1.482, 2556
1.484, 2555
1.487, 2554
1.491, 2553
1.492, 2552
1.497, 2551
1.504, 2550
1.511, 2549
1.513, 2548
1.519, 2547
1.524, 2546
1.534, 2545
1.545, 2544
1.546, 2543
1.547, 2542
1.565, 2541
1.570, 2540
1.579, 2539
1.584, 2538
1.586, 2537
1.596, 2536
1.598, 2535
1.652, 2534
1.660, 2533
1.670, 2532
1.680, 2531
1.696, 2530
1.699, 2529
1.704, 2528
1.736, 2527
1.752, 2526
1.753, 2525
1.755, 2524
1.758, 2523
1.767, 2522
1.770, 2521
1.774, 2520
1.783, 2519
1.787, 2518
1.789, 2517
1.801, 2516
1.808, 2515
1.818, 2514
1.834, 2513
1.838, 2512
1.840, 2511
1.857, 2510
1.868, 2509
1.869, 2508
1.870, 2507
1.882, 2506
1.888, 2505
1.891, 2504
1.897, 2503
1.899, 2502
1.912, 2501
1.924, 2500
1.937, 2499
1.956, 2498
1.974, 2497
1.979, 2496
1.984, 2495
1.984, 2494
1.985, 2493
2.017, 2492
2.040, 2491
2.044, 2490
2.047, 2489
2.071, 2488
2.097, 2487
2.110, 2486
2.112, 2485
2.133, 2484
2.145, 2483
2.154, 2482
2.172, 2481
2.184, 2480
2.315, 2479
2.322, 2478
2.327, 2477
2.372, 2476
2.458, 2475
2.469, 2474
2.490, 2473
2.511, 2472
2.566, 2471
2.617, 2470
2.618, 2469
2.652, 2468
2.678, 2467
2.680, 2466
2.718, 2465
2.724, 2464
2.751, 2463
2.812, 2462
2.957, 2461
2.998, 2460
3.027, 2459
3.039, 2458
3.117, 2457
3.193, 2456
3.381, 2455
3.406, 2454
3.544, 2453
3.989, 2452
4.527, 2451
4.800, 2450
5.151, 2449
