0.000, 3254
0.075, 3253
0.076, 3252
0.076, 3251
0.077, 3250
0.077, 3249
0.079, 3248
0.079, 3247
0.080, 3246
0.080, 3245
0.081, 3244
0.081, 3243
0.082, 3242
0.082, 3241
0.083, 3240
0.083, 3239
0.084, 3238
0.084, 3237
0.085, 3236
0.086, 3235
0.087, 3234
0.088, 3233
0.088, 3232
0.089, 3231
0.089, 3230
0.090, 3229
0.090, 3228
0.091, 3227
0.092, 3226
0.092, 3225
0.093, 3224
0.094, 3223
0.094, 3222
0.095, 3221
0.096, 3220
0.096, 3219
0.096, 3218
0.097, 3217
0.097, 3216
0.098, 3215
0.099, 3214
0.100, 3213
0.101, 3212
0.101, 3211
0.102, 3210
0.103, 3209
0.104, 3208
0.104, 3207
0.104, 3206
0.105, 3205
0.106, 3204
0.106, 3203
0.109, 3202
0.111, 3201
0.111, 3200
0.112, 3199
0.112, 3198
0.112, 3197
0.113, 3196
0.114, 3195
0.114, 3194
0.115, 3193
0.115, 3192
0.115, 3191
0.116, 3190
0.116, 3189
0.116, 3188
0.118, 3187
0.119, 3186
0.120, 3185
0.120, 3184
0.120, 3183
0.121, 3182
0.121, 3181
0.122, 3180
0.123, 3179
0.123, 3178
0.124, 3177
0.125, 3176
0.126, 3175
0.126, 3174
0.127, 3173
0.127, 3172
0.128, 3171
0.128, 3170
0.129, 3169
0.129, 3168
0.130, 3167
0.131, 3166
0.132, 3165
0.133, 3164
0.134, 3163
0.134, 3162
0.134, 3161
0.135, 3160
0.136, 3159
0.136, 3158
0.137, 3157
0.138, 3156
0.138, 3155
0.138, 3154
0.139, 3153
0.139, 3152
0.140, 3151
0.140, 3150
0.141, 3149
0.141, 3148
0.141, 3147
0.142, 3146
0.143, 3145
0.144, 3144
0.145, 3143
0.145, 3142
0.145, 3141
0.146, 3140
0.146, 3139
0.146, 3138
0.147, 3137
0.148, 3136
0.149, 3135
0.149, 3134
0.151, 3133
0.152, 3132
0.152, 3131
0.153, 3130
0.154, 3129
0.154, 3128
0.155, 3127
0.157, 3126
0.158, 3125
0.159, 3124
0.160, 3123
0.162, 3122
0.162, 3121
0.163, 3120
0.164, 3119
0.164, 3118
0.164, 3117
0.165, 3116
0.166, 3115
0.166, 3114
0.166, 3113
0.167, 3112
0.167, 3111
0.168, 3110
0.169, 3109
0.171, 3108
0.173, 3107
0.173, 3106
0.175, 3105
0.176, 3104
0.180, 3103
0.181, 3102
0.182, 3101
0.182, 3100
0.183, 3099
0.185, 3098
0.186, 3097
0.188, 3096
0.188, 3095
0.188, 3094
0.189, 3093
0.189, 3092
0.190, 3091
0.190, 3090
0.191, 3089
0.193, 3088
0.194, 3087
0.195, 3086
0.196, 3085
0.196, 3084
0.198, 3083
0.198, 3082
0.200, 3081
0.201, 3080
0.201, 3079
0.201, 3078
0.202, 3077
0.204, 3076
0.206, 3075
0.207, 3074
0.207, 3073
0.208, 3072
0.209, 3071
0.210, 3070
0.210, 3069
0.211, 3068
0.211, 3067
0.214, 3066
0.214, 3065
0.214, 3064
0.215, 3063
0.216, 3062
0.217, 3061
0.218, 3060
0.218, 3059
0.220, 3058
0.220, 3057
0.223, 3056
0.223, 3055
0.223, 3054
0.224, 3053
0.224, 3052
0.225, 3051
0.225, 3050
0.226, 3049
0.228, 3048
0.228, 3047
0.229, 3046
0.230, 3045
0.231, 3044
0.232, 3043
0.233, 3042
0.236, 3041
0.237, 3040
0.237, 3039
0.237, 3038
0.238, 3037
0.241, 3036
0.242, 3035
0.243, 3034
0.243, 3033
0.244, 3032
0.244, 3031
0.245, 3030
0.247, 3029
0.248, 3028
0.249, 3027
0.249, 3026
0.250, 3025
0.252, 3024
0.252, 3023
0.253, 3022
0.254, 3021
0.254, 3020
0.255, 3019
0.255, 3018
0.256, 3017
0.256, 3016
0.257, 3015
0.258, 3014
0.259, 3013
0.260, 3012
0.261, 3011
0.262, 3010
0.263, 3009
0.263, 3008
0.264, 3007
0.265, 3006
0.266, 3005
0.267, 3004
0.268, 3003
0.268, 3002
0.269, 3001
0.271, 3000
0.271, 2999
0.273, 2998
0.273, 2997
0.275, 2996
0.275, 2995
0.277, 2994
0.279, 2993
0.279, 2992
0.281, 2991
0.283, 2990
0.285, 2989
0.286, 2988
0.289, 2987
0.289, 2986
0.289, 2985
0.290, 2984
0.290, 2983
0.290, 2982
0.293, 2981
0.293, 2980
0.293, 2979
0.295, 2978
0.295, 2977
0.296, 2976
0.297, 2975
0.297, 2974
0.302, 2973
0.303, 2972
0.304, 2971
0.304, 2970
0.305, 2969
0.305, 2968
0.305, 2967
0.307, 2966
0.309, 2965
0.310, 2964
0.311, 2963
0.313, 2962
0.315, 2961
0.315, 2960
0.315, 2959
0.316, 2958
0.317, 2957
0.317, 2956
0.317, 2955
0.318, 2954
0.320, 2953
0.322, 2952
0.323, 2951
0.325, 2950
0.326, 2949
0.329, 2948
0.330, 2947
0.334, 2946
0.334, 2945
0.336, 2944
0.339, 2943
0.340, 2942
0.340, 2941
0.340, 2940
0.341, 2939
0.343, 2938
0.344, 2937
0.345, 2936
0.345, 2935
0.346, 2934
0.346, 2933
0.347, 2932
0.348, 2931
0.349, 2930
0.350, 2929
0.351, 2928
0.352, 2927
0.353, 2926
0.353, 2925
0.354, 2924
0.357, 2923
0.358, 2922
0.359, 2921
0.361, 2920
0.363, 2919
0.363, 2918
0.365, 2917
0.367, 2916
0.368, 2915
0.368, 2914
0.370, 2913
0.370, 2912
0.371, 2911
0.373, 2910
0.373, 2909
0.374, 2908
0.376, 2907
0.377, 2906
0.378, 2905
0.379, 2904
0.382, 2903
0.382, 2902
0.382, 2901
0.383, 2900
0.385, 2899
0.385, 2898
0.387, 2897
0.389, 2896
0.390, 2895
0.391, 2894
0.392, 2893
0.393, 2892
0.394, 2891
0.396, 2890
0.396, 2889
0.397, 2888
0.398, 2887
0.398, 2886
0.400, 2885
0.401, 2884
0.401, 2883
0.402, 2882
0.404, 2881
0.405, 2880
0.406, 2879
0.406, 2878
0.406, 2877
0.410, 2876
0.411, 2875
0.411, 2874
0.412, 2873
0.414, 2872
0.415, 2871
0.417, 2870
0.418, 2869
0.418, 2868
0.419, 2867
0.421, 2866
0.422, 2865
0.423, 2864
0.423, 2863
0.429, 2862
0.431, 2861
0.431, 2860
0.432, 2859
0.434, 2858
0.434, 2857
0.435, 2856
0.435, 2855
0.435, 2854
0.436, 2853
0.437, 2852
0.437, 2851
0.442, 2850
0.443, 2849
0.446, 2848
0.446, 2847
0.448, 2846
0.449, 2845
0.449, 2844
0.454, 2843
0.457, 2842
0.457, 2841
0.457, 2840
0.461, 2839
0.462, 2838
0.464, 2837
0.466, 2836
0.471, 2835
0.473, 2834
0.474, 2833
0.476, 2832
0.477, 2831
0.478, 2830
0.480, 2829
0.480, 2828
0.483, 2827
0.488, 2826
0.494, 2825
0.496, 2824
0.500, 2823
0.504, 2822
0.507, 2821
0.509, 2820
0.515, 2819
0.517, 2818
0.517, 2817
0.518, 2816
0.520, 2815
0.524, 2814
0.526, 2813
0.527, 2812
0.528, 2811
0.528, 2810
0.528, 2809
0.529, 2808
0.531, 2807
0.531, 2806
0.532, 2805
0.533, 2804
0.534, 2803
0.535, 2802
0.541, 2801
0.543, 2800
0.547, 2799
0.548, 2798
0.550, 2797
0.554, 2796
0.555, 2795
0.556, 2794
0.556, 2793
0.557, 2792
0.557, 2791
0.559, 2790
0.560, 2789
0.561, 2788
0.562, 2787
0.564, 2786
0.566, 2785
0.567, 2784
0.571, 2783
0.572, 2782
0.574, 2781
0.575, 2780
0.576, 2779
0.578, 2778
0.580, 2777
0.583, 2776
0.584, 2775
0.587, 2774
0.587, 2773
0.587, 2772
0.587, 2771
0.589, 2770
0.590, 2769
0.591, 2768
0.593, 2767
0.594, 2766
0.597, 2765
0.601, 2764
0.602, 2763
0.605, 2762
0.605, 2761
0.607, 2760
0.608, 2759
0.608, 2758
0.609, 2757
0.611, 2756
0.611, 2755
0.614, 2754
0.615, 2753
0.616, 2752
0.617, 2751
0.618, 2750
0.618, 2749
0.620, 2748
0.621, 2747
0.624, 2746
0.624, 2745
0.626, 2744
0.628, 2743
0.633, 2742
0.634, 2741
0.635, 2740
0.636, 2739
0.637, 2738
0.641, 2737
0.642, 2736
0.649, 2735
0.649, 2734
0.653, 2733
0.659, 2732
0.661, 2731
0.662, 2730
0.663, 2729
0.666, 2728
0.666, 2727
0.667, 2726
0.670, 2725
0.671, 2724
0.674, 2723
0.675, 2722
0.680, 2721
0.680, 2720
0.681, 2719
0.683, 2718
0.683, 2717
0.687, 2716
0.688, 2715
0.689, 2714
0.697, 2713
0.697, 2712
0.697, 2711
0.699, 2710
0.700, 2709
0.702, 2708
0.708, 2707
0.709, 2706
0.712, 2705
0.713, 2704
0.715, 2703
0.716, 2702
0.720, 2701
0.722, 2700
0.723, 2699
0.724, 2698
0.727, 2697
0.730, 2696
0.732, 2695
0.733, 2694
0.736, 2693
0.737, 2692
0.739, 2691
0.741, 2690
0.741, 2689
0.741, 2688
0.744, 2687
0.749, 2686
0.750, 2685
0.755, 2684
0.759, 2683
0.761, 2682
0.762, 2681
0.765, 2680
0.770, 2679
0.771, 2678
0.776, 2677
0.776, 2676
0.783, 2675
0.784, 2674
0.784, 2673
0.788, 2672
0.791, 2671
0.794, 2670
0.795, 2669
0.799, 2668
0.799, 2667
0.800, 2666
0.808, 2665
0.811, 2664
0.816, 2663
0.821, 2662
0.822, 2661
0.823, 2660
0.824, 2659
0.826, 2658
0.830, 2657
0.832, 2656
0.833, 2655
0.835, 2654
0.837, 2653
0.838, 2652
0.843, 2651
0.844, 2650
0.852, 2649
0.853, 2648
0.853, 2647
0.856, 2646
0.859, 2645
0.862, 2644
0.864, 2643
0.871, 2642
0.875, 2641
0.878, 2640
0.884, 2639
0.887, 2638
0.892, 2637
0.897, 2636
0.902, 2635
0.903, 2634
0.905, 2633
0.907, 2632
0.907, 2631
0.911, 2630
0.912, 2629
0.917, 2628
0.919, 2627
0.924, 2626
0.930, 2625
0.932, 2624
0.933, 2623
0.934, 2622
0.937, 2621
0.938, 2620
0.940, 2619
0.943, 2618
0.944, 2617
0.945, 2616
0.956, 2615
0.961, 2614
0.962, 2613
0.965, 2612
0.967, 2611
0.968, 2610
0.972, 2609
0.972, 2608
0.974, 2607
0.981, 2606
0.982, 2605
0.985, 2604
0.988, 2603
0.994, 2602
0.997, 2601
1.000, 2600
1.012, 2599
1.014, 2598
1.016, 2597
1.020, 2596
1.045, 2595
1.046, 2594
1.047, 2593
1.052, 2592
1.055, 2591
1.062, 2590
1.064, 2589
1.068, 2588
1.077, 2587
1.078, 2586
1.080, 2585
1.082, 2584
1.082, 2583
1.088, 2582
1.090, 2581
1.091, 2580
1.092, 2579
1.092, 2578
1.101, 2577
1.103, 2576
1.105, 2575
1.106, 2574
1.113, 2573
1.115, 2572
1.116, 2571
1.134, 2570
1.142, 2569
1.146, 2568
1.146, 2567
1.148, 2566
1.155, 2565
1.157, 2564
1.160, 2563
1.163, 2562
1.165, 2561
1.167, 2560
1.169, 2559
1.179, 2558
1.188, 2557
1.193, 2556
1.203, 2555
1.205, 2554
1.213, 2553
1.217, 2552
1.230, 2551
1.231, 2550
1.238, 2549
1.244, 2548
1.248, 2547
1.250, 2546
1.254, 2545
1.259, 2544
1.269, 2543
1.273, 2542
1.280, 2541
1.293, 2540
1.300, 2539
1.300, 2538
1.308, 2537
1.318, 2536
1.341, 2535
1.359, 2534
1.364, 2533
1.364, 2532
1.365, 2531
1.368, 2530
1.368, 2529
1.380, 2528
1.397, 2527
1.405, 2526
1.418, 2525
1.429, 2524
1.430, 2523
1.440, 2522
1.444, 2521
1.445, 2520
1.448, 2519
1.450, 2518
1.470, 2517
1.480, 2516
1.502, 2515
1.509, 2514
1.556, 2513
1.579, 2512
1.594, 2511
1.616, 2510
1.620, 2509
1.632, 2508
1.641, 2507
1.642, 2506
1.645, 2505
1.664, 2504
1.667, 2503
1.672, 2502
1.673, 2501
1.674, 2500
1.693, 2499
1.717, 2498
1.735, 2497
1.745, 2496
1.748, 2495
1.755, 2494
1.756, 2493
1.771, 2492
1.786, 2491
1.796, 2490
1.823, 2489
1.823, 2488
1.873, 2487
1.888, 2486
1.935, 2485
1.938, 2484
1.946, 2483
1.955, 2482
1.956, 2481
1.979, 2480
2.035, 2479
2.046, 2478
2.073, 2477
2.077, 2476
2.093, 2475
2.113, 2474
2.182, 2473
2.196, 2472
2.224, 2471
2.247, 2470
2.250, 2469
2.284, 2468
2.302, 2467
2.347, 2466
2.394, 2465
2.459, 2464
2.484, 2463
2.569, 2462
2.803, 2461
3.237, 2460
3.693, 2459
4.051, 2458
4.114, 2457
4.177, 2456
4.772, 2455
4.984, 2454
