0.001, 1587
0.001, 1586
0.001, 1585
0.001, 1584
0.001, 1583
0.001, 1582
0.001, 1581
0.001, 1580
0.001, 1579
0.001, 1578
0.001, 1577
0.001, 1576
0.001, 1575
0.002, 1574
0.002, 1573
0.002, 1572
0.002, 1571
0.002, 1570
0.002, 1569
0.002, 1568
0.002, 1567
0.002, 1566
0.002, 1565
0.002, 1564
0.002, 1563
0.002, 1562
0.002, 1561
0.002, 1560
0.002, 1559
0.002, 1558
0.002, 1557
0.002, 1556
0.002, 1555
0.002, 1554
0.002, 1553
0.002, 1552
0.002, 1551
0.002, 1550
0.002, 1549
0.002, 1548
0.002, 1547
0.002, 1546
0.002, 1545
0.002, 1544
0.002, 1543
0.002, 1542
0.002, 1541
0.002, 1540
0.002, 1539
0.002, 1538
0.002, 1537
0.002, 1536
0.002, 1535
0.002, 1534
0.002, 1533
0.002, 1532
0.002, 1531
0.002, 1530
0.002, 1529
0.002, 1528
0.002, 1527
0.002, 1526
0.002, 1525
0.002, 1524
0.002, 1523
0.002, 1522
0.002, 1521
0.002, 1520
0.002, 1519
0.002, 1518
0.002, 1517
0.002, 1516
0.002, 1515
0.002, 1514
0.002, 1513
0.002, 1512
0.002, 1511
0.002, 1510
0.002, 1509
0.002, 1508
0.002, 1507
0.002, 1506
0.002, 1505
0.002, 1504
0.002, 1503
0.002, 1502
0.002, 1501
0.002, 1500
0.002, 1499
0.002, 1498
0.002, 1497
0.002, 1496
0.002, 1495
0.002, 1494
0.002, 1493
0.002, 1492
0.002, 1491
0.002, 1490
0.002, 1489
0.002, 1488
0.002, 1487
0.002, 1486
0.002, 1485
0.002, 1484
0.002, 1483
0.002, 1482
0.002, 1481
0.002, 1480
0.002, 1479
0.002, 1478
0.002, 1477
0.002, 1476
0.002, 1475
0.002, 1474
0.002, 1473
0.002, 1472
0.002, 1471
0.002, 1470
0.002, 1469
0.002, 1468
0.002, 1467
0.002, 1466
0.002, 1465
0.002, 1464
0.002, 1463
0.002, 1462
0.002, 1461
0.002, 1460
0.002, 1459
0.002, 1458
0.002, 1457
0.002, 1456
0.002, 1455
0.002, 1454
0.002, 1453
0.002, 1452
0.002, 1451
0.002, 1450
0.002, 1449
0.002, 1448
0.002, 1447
0.002, 1446
0.002, 1445
0.002, 1444
0.002, 1443
0.002, 1442
0.002, 1441
0.002, 1440
0.002, 1439
0.002, 1438
0.002, 1437
0.002, 1436
0.002, 1435
0.002, 1434
0.002, 1433
0.002, 1432
0.002, 1431
0.002, 1430
0.002, 1429
0.002, 1428
0.002, 1427
0.002, 1426
0.002, 1425
0.002, 1424
0.002, 1423
0.002, 1422
0.002, 1421
0.002, 1420
0.002, 1419
0.002, 1418
0.003, 1417
0.003, 1416
0.003, 1415
0.003, 1414
0.003, 1413
0.003, 1412
0.003, 1411
0.003, 1410
0.003, 1409
0.003, 1408
0.003, 1407
0.003, 1406
0.003, 1405
0.003, 1404
0.003, 1403
0.003, 1402
0.003, 1401
0.003, 1400
0.003, 1399
0.003, 1398
0.003, 1397
0.003, 1396
0.003, 1395
0.003, 1394
0.003, 1393
0.003, 1392
0.003, 1391
0.003, 1390
0.003, 1389
0.003, 1388
0.003, 1387
0.003, 1386
0.003, 1385
0.003, 1384
0.003, 1383
0.003, 1382
0.003, 1381
0.003, 1380
0.003, 1379
0.003, 1378
0.003, 1377
0.003, 1376
0.003, 1375
0.003, 1374
0.003, 1373
0.003, 1372
0.003, 1371
0.003, 1370
0.003, 1369
0.003, 1368
0.003, 1367
0.003, 1366
0.003, 1365
0.003, 1364
0.003, 1363
0.003, 1362
0.003, 1361
0.003, 1360
0.003, 1359
0.003, 1358
0.003, 1357
0.003, 1356
0.003, 1355
0.003, 1354
0.003, 1353
0.003, 1352
0.003, 1351
0.003, 1350
0.003, 1349
0.003, 1348
0.003, 1347
0.003, 1346
0.003, 1345
0.003, 1344
0.003, 1343
0.003, 1342
0.003, 1341
0.003, 1340
0.003, 1339
0.003, 1338
0.003, 1337
0.003, 1336
0.003, 1335
0.003, 1334
0.003, 1333
0.003, 1332
0.003, 1331
0.003, 1330
0.003, 1329
0.003, 1328
0.003, 1327
0.003, 1326
0.003, 1325
0.003, 1324
0.003, 1323
0.003, 1322
0.003, 1321
0.003, 1320
0.003, 1319
0.003, 1318
0.003, 1317
0.003, 1316
0.003, 1315
0.003, 1314
0.003, 1313
0.003, 1312
0.003, 1311
0.003, 1310
0.003, 1309
0.003, 1308
0.003, 1307
0.003, 1306
0.003, 1305
0.003, 1304
0.003, 1303
0.003, 1302
0.003, 1301
0.003, 1300
0.003, 1299
0.003, 1298
0.003, 1297
0.003, 1296
0.003, 1295
0.003, 1294
0.003, 1293
0.003, 1292
0.003, 1291
0.003, 1290
0.003, 1289
0.003, 1288
0.003, 1287
0.003, 1286
0.003, 1285
0.003, 1284
0.003, 1283
0.003, 1282
0.003, 1281
0.003, 1280
0.003, 1279
0.003, 1278
0.003, 1277
0.003, 1276
0.003, 1275
0.003, 1274
0.003, 1273
0.003, 1272
0.004, 1271
0.004, 1270
0.004, 1269
0.004, 1268
0.004, 1267
0.004, 1266
0.004, 1265
0.004, 1264
0.004, 1263
0.004, 1262
0.004, 1261
0.004, 1260
0.004, 1259
0.004, 1258
0.004, 1257
0.004, 1256
0.004, 1255
0.004, 1254
0.004, 1253
0.004, 1252
0.004, 1251
0.004, 1250
0.004, 1249
0.004, 1248
0.004, 1247
0.004, 1246
0.004, 1245
0.004, 1244
0.004, 1243
0.004, 1242
0.004, 1241
0.004, 1240
0.004, 1239
0.004, 1238
0.004, 1237
0.004, 1236
0.004, 1235
0.004, 1234
0.004, 1233
0.004, 1232
0.004, 1231
0.004, 1230
0.004, 1229
0.004, 1228
0.004, 1227
0.004, 1226
0.004, 1225
0.004, 1224
0.004, 1223
0.004, 1222
0.004, 1221
0.004, 1220
0.004, 1219
0.004, 1218
0.004, 1217
0.004, 1216
0.004, 1215
0.004, 1214
0.004, 1213
0.004, 1212
0.004, 1211
0.004, 1210
0.004, 1209
0.004, 1208
0.004, 1207
0.004, 1206
0.004, 1205
0.004, 1204
0.004, 1203
0.004, 1202
0.004, 1201
0.004, 1200
0.004, 1199
0.004, 1198
0.004, 1197
0.004, 1196
0.004, 1195
0.004, 1194
0.004, 1193
0.004, 1192
0.004, 1191
0.004, 1190
0.004, 1189
0.004, 1188
0.004, 1187
0.004, 1186
0.004, 1185
0.004, 1184
0.004, 1183
0.004, 1182
0.004, 1181
0.004, 1180
0.004, 1179
0.004, 1178
0.004, 1177
0.004, 1176
0.004, 1175
0.004, 1174
0.004, 1173
0.004, 1172
0.004, 1171
0.004, 1170
0.004, 1169
0.004, 1168
0.004, 1167
0.004, 1166
0.004, 1165
0.004, 1164
0.004, 1163
0.004, 1162
0.004, 1161
0.004, 1160
0.004, 1159
0.004, 1158
0.004, 1157
0.004, 1156
0.004, 1155
0.004, 1154
0.004, 1153
0.004, 1152
0.004, 1151
0.004, 1150
0.004, 1149
0.004, 1148
0.004, 1147
0.004, 1146
0.005, 1145
0.005, 1144
0.005, 1143
0.005, 1142
0.005, 1141
0.005, 1140
0.005, 1139
0.005, 1138
0.005, 1137
0.005, 1136
0.005, 1135
0.005, 1134
0.005, 1133
0.005, 1132
0.005, 1131
0.005, 1130
0.005, 1129
0.005, 1128
0.005, 1127
0.005, 1126
0.005, 1125
0.005, 1124
0.005, 1123
0.005, 1122
0.005, 1121
0.005, 1120
0.005, 1119
0.005, 1118
0.005, 1117
0.005, 1116
0.005, 1115
0.005, 1114
0.005, 1113
0.005, 1112
0.005, 1111
0.005, 1110
0.005, 1109
0.005, 1108
0.005, 1107
0.005, 1106
0.005, 1105
0.005, 1104
0.005, 1103
0.005, 1102
0.005, 1101
0.005, 1100
0.005, 1099
0.005, 1098
0.005, 1097
0.005, 1096
0.005, 1095
0.005, 1094
0.005, 1093
0.005, 1092
0.005, 1091
0.005, 1090
0.005, 1089
0.005, 1088
0.005, 1087
0.005, 1086
0.005, 1085
0.005, 1084
0.005, 1083
0.005, 1082
0.005, 1081
0.005, 1080
0.005, 1079
0.005, 1078
0.005, 1077
0.005, 1076
0.005, 1075
0.005, 1074
0.005, 1073
0.005, 1072
0.005, 1071
0.005, 1070
0.005, 1069
0.005, 1068
0.005, 1067
0.005, 1066
0.005, 1065
0.005, 1064
0.005, 1063
0.005, 1062
0.005, 1061
0.005, 1060
0.005, 1059
0.005, 1058
0.005, 1057
0.005, 1056
0.005, 1055
0.005, 1054
0.005, 1053
0.005, 1052
0.005, 1051
0.005, 1050
0.005, 1049
0.005, 1048
0.005, 1047
0.005, 1046
0.005, 1045
0.005, 1044
0.005, 1043
0.005, 1042
0.005, 1041
0.005, 1040
0.005, 1039
0.005, 1038
0.005, 1037
0.005, 1036
0.005, 1035
0.005, 1034
0.005, 1033
0.005, 1032
0.005, 1031
0.005, 1030
0.005, 1029
0.005, 1028
0.005, 1027
0.005, 1026
0.005, 1025
0.005, 1024
0.005, 1023
0.005, 1022
0.005, 1021
0.005, 1020
0.005, 1019
0.005, 1018
0.005, 1017
0.005, 1016
0.005, 1015
0.005, 1014
0.005, 1013
0.005, 1012
0.005, 1011
0.005, 1010
0.005, 1009
0.005, 1008
0.006, 1007
0.006, 1006
0.006, 1005
0.006, 1004
0.006, 1003
0.006, 1002
0.006, 1001
0.006, 1000
0.006, 999
0.006, 998
0.006, 997
0.006, 996
0.006, 995
0.006, 994
0.006, 993
0.006, 992
0.006, 991
0.006, 990
0.006, 989
0.006, 988
0.006, 987
0.006, 986
0.006, 985
0.006, 984
0.006, 983
0.006, 982
0.006, 981
0.006, 980
0.006, 979
0.006, 978
0.006, 977
0.006, 976
0.006, 975
0.006, 974
0.006, 973
0.006, 972
0.006, 971
0.006, 970
0.006, 969
0.006, 968
0.006, 967
0.006, 966
0.006, 965
0.006, 964
0.006, 963
0.006, 962
0.006, 961
0.006, 960
0.006, 959
0.006, 958
0.006, 957
0.006, 956
0.006, 955
0.006, 954
0.006, 953
0.006, 952
0.006, 951
0.006, 950
0.006, 949
0.006, 948
0.006, 947
0.006, 946
0.006, 945
0.006, 944
0.006, 943
0.006, 942
0.006, 941
0.006, 940
0.006, 939
0.006, 938
0.006, 937
0.006, 936
0.006, 935
0.006, 934
0.006, 933
0.006, 932
0.006, 931
0.006, 930
0.006, 929
0.006, 928
0.006, 927
0.006, 926
0.006, 925
0.006, 924
0.006, 923
0.006, 922
0.006, 921
0.007, 920
0.007, 919
0.007, 918
0.007, 917
0.007, 916
0.007, 915
0.007, 914
0.007, 913
0.007, 912
0.007, 911
0.007, 910
0.007, 909
0.007, 908
0.007, 907
0.007, 906
0.007, 905
0.007, 904
0.007, 903
0.007, 902
0.007, 901
0.007, 900
0.007, 899
