0.001, 1587
0.001, 1586
0.001, 1585
0.001, 1584
0.001, 1583
0.001, 1582
0.001, 1581
0.001, 1580
0.001, 1579
0.001, 1578
0.001, 1577
0.001, 1576
0.001, 1575
0.001, 1574
0.001, 1573
0.001, 1572
0.001, 1571
0.001, 1570
0.001, 1569
0.001, 1568
0.001, 1567
0.001, 1566
0.001, 1565
0.001, 1564
0.001, 1563
0.001, 1562
0.001, 1561
0.001, 1560
0.001, 1559
0.001, 1558
0.001, 1557
0.001, 1556
0.001, 1555
0.001, 1554
0.001, 1553
0.001, 1552
0.001, 1551
0.001, 1550
0.001, 1549
0.001, 1548
0.001, 1547
0.001, 1546
0.001, 1545
0.001, 1544
0.001, 1543
0.001, 1542
0.001, 1541
0.001, 1540
0.001, 1539
0.001, 1538
0.001, 1537
0.001, 1536
0.001, 1535
0.002, 1534
0.002, 1533
0.002, 1532
0.002, 1531
0.002, 1530
0.002, 1529
0.002, 1528
0.002, 1527
0.002, 1526
0.002, 1525
0.002, 1524
0.002, 1523
0.002, 1522
0.002, 1521
0.002, 1520
0.002, 1519
0.002, 1518
0.002, 1517
0.002, 1516
0.002, 1515
0.002, 1514
0.002, 1513
0.002, 1512
0.002, 1511
0.002, 1510
0.002, 1509
0.002, 1508
0.002, 1507
0.002, 1506
0.002, 1505
0.002, 1504
0.002, 1503
0.002, 1502
0.002, 1501
0.002, 1500
0.002, 1499
0.002, 1498
0.002, 1497
0.002, 1496
0.002, 1495
0.002, 1494
0.002, 1493
0.002, 1492
0.002, 1491
0.002, 1490
0.002, 1489
0.002, 1488
0.002, 1487
0.002, 1486
0.002, 1485
0.002, 1484
0.002, 1483
0.002, 1482
0.002, 1481
0.002, 1480
0.002, 1479
0.002, 1478
0.002, 1477
0.002, 1476
0.002, 1475
0.002, 1474
0.002, 1473
0.002, 1472
0.002, 1471
0.002, 1470
0.002, 1469
0.002, 1468
0.002, 1467
0.002, 1466
0.002, 1465
0.002, 1464
0.002, 1463
0.002, 1462
0.002, 1461
0.002, 1460
0.002, 1459
0.002, 1458
0.002, 1457
0.002, 1456
0.002, 1455
0.002, 1454
0.002, 1453
0.002, 1452
0.002, 1451
0.002, 1450
0.002, 1449
0.002, 1448
0.002, 1447
0.002, 1446
0.002, 1445
0.002, 1444
0.002, 1443
0.002, 1442
0.002, 1441
0.002, 1440
0.002, 1439
0.002, 1438
0.002, 1437
0.002, 1436
0.002, 1435
0.002, 1434
0.002, 1433
0.002, 1432
0.002, 1431
0.002, 1430
0.002, 1429
0.002, 1428
0.002, 1427
0.002, 1426
0.002, 1425
0.002, 1424
0.002, 1423
0.002, 1422
0.002, 1421
0.002, 1420
0.002, 1419
0.002, 1418
0.002, 1417
0.002, 1416
0.002, 1415
0.002, 1414
0.002, 1413
0.002, 1412
0.002, 1411
0.002, 1410
0.002, 1409
0.002, 1408
0.002, 1407
0.002, 1406
0.002, 1405
0.002, 1404
0.002, 1403
0.002, 1402
0.002, 1401
0.002, 1400
0.002, 1399
0.002, 1398
0.002, 1397
0.002, 1396
0.002, 1395
0.002, 1394
0.002, 1393
0.002, 1392
0.002, 1391
0.002, 1390
0.002, 1389
0.002, 1388
0.002, 1387
0.002, 1386
0.002, 1385
0.002, 1384
0.002, 1383
0.002, 1382
0.002, 1381
0.002, 1380
0.002, 1379
0.002, 1378
0.002, 1377
0.002, 1376
0.002, 1375
0.002, 1374
0.002, 1373
0.002, 1372
0.002, 1371
0.002, 1370
0.002, 1369
0.002, 1368
0.002, 1367
0.002, 1366
0.002, 1365
0.002, 1364
0.002, 1363
0.003, 1362
0.003, 1361
0.003, 1360
0.003, 1359
0.003, 1358
0.003, 1357
0.003, 1356
0.003, 1355
0.003, 1354
0.003, 1353
0.003, 1352
0.003, 1351
0.003, 1350
0.003, 1349
0.003, 1348
0.003, 1347
0.003, 1346
0.003, 1345
0.003, 1344
0.003, 1343
0.003, 1342
0.003, 1341
0.003, 1340
0.003, 1339
0.003, 1338
0.003, 1337
0.003, 1336
0.003, 1335
0.003, 1334
0.003, 1333
0.003, 1332
0.003, 1331
0.003, 1330
0.003, 1329
0.003, 1328
0.003, 1327
0.003, 1326
0.003, 1325
0.003, 1324
0.003, 1323
0.003, 1322
0.003, 1321
0.003, 1320
0.003, 1319
0.003, 1318
0.003, 1317
0.003, 1316
0.003, 1315
0.003, 1314
0.003, 1313
0.003, 1312
0.003, 1311
0.003, 1310
0.003, 1309
0.003, 1308
0.003, 1307
0.003, 1306
0.003, 1305
0.003, 1304
0.003, 1303
0.003, 1302
0.003, 1301
0.003, 1300
0.003, 1299
0.003, 1298
0.003, 1297
0.003, 1296
0.003, 1295
0.003, 1294
0.003, 1293
0.003, 1292
0.003, 1291
0.003, 1290
0.003, 1289
0.003, 1288
0.003, 1287
0.003, 1286
0.003, 1285
0.003, 1284
0.003, 1283
0.003, 1282
0.003, 1281
0.003, 1280
0.003, 1279
0.003, 1278
0.003, 1277
0.003, 1276
0.003, 1275
0.003, 1274
0.003, 1273
0.003, 1272
0.003, 1271
0.003, 1270
0.003, 1269
0.003, 1268
0.003, 1267
0.003, 1266
0.003, 1265
0.003, 1264
0.003, 1263
0.003, 1262
0.003, 1261
0.003, 1260
0.003, 1259
0.003, 1258
0.003, 1257
0.003, 1256
0.003, 1255
0.003, 1254
0.003, 1253
0.003, 1252
0.003, 1251
0.003, 1250
0.003, 1249
0.003, 1248
0.003, 1247
0.003, 1246
0.003, 1245
0.003, 1244
0.003, 1243
0.003, 1242
0.003, 1241
0.003, 1240
0.003, 1239
0.003, 1238
0.003, 1237
0.003, 1236
0.003, 1235
0.003, 1234
0.003, 1233
0.003, 1232
0.003, 1231
0.003, 1230
0.003, 1229
0.003, 1228
0.003, 1227
0.003, 1226
0.003, 1225
0.003, 1224
0.003, 1223
0.003, 1222
0.003, 1221
0.003, 1220
0.003, 1219
0.003, 1218
0.003, 1217
0.003, 1216
0.003, 1215
0.003, 1214
0.003, 1213
0.003, 1212
0.003, 1211
0.003, 1210
0.003, 1209
0.003, 1208
0.003, 1207
0.003, 1206
0.003, 1205
0.004, 1204
0.004, 1203
0.004, 1202
0.004, 1201
0.004, 1200
0.004, 1199
0.004, 1198
0.004, 1197
0.004, 1196
0.004, 1195
0.004, 1194
0.004, 1193
0.004, 1192
0.004, 1191
0.004, 1190
0.004, 1189
0.004, 1188
0.004, 1187
0.004, 1186
0.004, 1185
0.004, 1184
0.004, 1183
0.004, 1182
0.004, 1181
0.004, 1180
0.004, 1179
0.004, 1178
0.004, 1177
0.004, 1176
0.004, 1175
0.004, 1174
0.004, 1173
0.004, 1172
0.004, 1171
0.004, 1170
0.004, 1169
0.004, 1168
0.004, 1167
0.004, 1166
0.004, 1165
0.004, 1164
0.004, 1163
0.004, 1162
0.004, 1161
0.004, 1160
0.004, 1159
0.004, 1158
0.004, 1157
0.004, 1156
0.004, 1155
0.004, 1154
0.004, 1153
0.004, 1152
0.004, 1151
0.004, 1150
0.004, 1149
0.004, 1148
0.004, 1147
0.004, 1146
0.004, 1145
0.004, 1144
0.004, 1143
0.004, 1142
0.004, 1141
0.004, 1140
0.004, 1139
0.004, 1138
0.004, 1137
0.004, 1136
0.004, 1135
0.004, 1134
0.004, 1133
0.004, 1132
0.004, 1131
0.004, 1130
0.004, 1129
0.004, 1128
0.004, 1127
0.004, 1126
0.004, 1125
0.004, 1124
0.004, 1123
0.004, 1122
0.004, 1121
0.004, 1120
0.004, 1119
0.004, 1118
0.004, 1117
0.004, 1116
0.004, 1115
0.004, 1114
0.004, 1113
0.004, 1112
0.004, 1111
0.004, 1110
0.004, 1109
0.004, 1108
0.004, 1107
0.004, 1106
0.004, 1105
0.004, 1104
0.004, 1103
0.004, 1102
0.004, 1101
0.004, 1100
0.004, 1099
0.004, 1098
0.004, 1097
0.004, 1096
0.004, 1095
0.004, 1094
0.004, 1093
0.004, 1092
0.004, 1091
0.004, 1090
0.004, 1089
0.004, 1088
0.004, 1087
0.004, 1086
0.004, 1085
0.004, 1084
0.004, 1083
0.004, 1082
0.004, 1081
0.004, 1080
0.004, 1079
0.004, 1078
0.004, 1077
0.004, 1076
0.004, 1075
0.004, 1074
0.004, 1073
0.004, 1072
0.004, 1071
0.004, 1070
0.004, 1069
0.004, 1068
0.004, 1067
0.004, 1066
0.004, 1065
0.004, 1064
0.004, 1063
0.004, 1062
0.004, 1061
0.004, 1060
0.004, 1059
0.004, 1058
0.004, 1057
0.004, 1056
0.004, 1055
0.004, 1054
0.004, 1053
0.004, 1052
0.004, 1051
0.004, 1050
0.004, 1049
0.004, 1048
0.004, 1047
0.004, 1046
0.004, 1045
0.004, 1044
0.004, 1043
0.004, 1042
0.004, 1041
0.004, 1040
0.004, 1039
0.004, 1038
0.004, 1037
0.004, 1036
0.004, 1035
0.004, 1034
0.005, 1033
0.005, 1032
0.005, 1031
0.005, 1030
0.005, 1029
0.005, 1028
0.005, 1027
0.005, 1026
0.005, 1025
0.005, 1024
0.005, 1023
0.005, 1022
0.005, 1021
0.005, 1020
0.005, 1019
0.005, 1018
0.005, 1017
0.005, 1016
0.005, 1015
0.005, 1014
0.005, 1013
0.005, 1012
0.005, 1011
0.005, 1010
0.005, 1009
0.005, 1008
0.005, 1007
0.005, 1006
0.005, 1005
0.005, 1004
0.005, 1003
0.005, 1002
0.005, 1001
0.005, 1000
0.005, 999
0.005, 998
0.005, 997
0.005, 996
0.005, 995
0.005, 994
0.005, 993
0.005, 992
0.005, 991
0.005, 990
0.005, 989
0.005, 988
0.005, 987
0.005, 986
0.005, 985
0.005, 984
0.005, 983
0.005, 982
0.005, 981
0.005, 980
0.005, 979
0.005, 978
0.005, 977
0.005, 976
0.005, 975
0.005, 974
0.005, 973
0.005, 972
0.005, 971
0.005, 970
0.005, 969
0.005, 968
0.005, 967
0.005, 966
0.005, 965
0.005, 964
0.005, 963
0.005, 962
0.005, 961
0.005, 960
0.005, 959
0.005, 958
0.005, 957
0.005, 956
0.005, 955
0.005, 954
0.005, 953
0.005, 952
0.005, 951
0.005, 950
0.005, 949
0.005, 948
0.005, 947
0.005, 946
0.005, 945
0.005, 944
0.005, 943
0.005, 942
0.005, 941
0.005, 940
0.005, 939
0.005, 938
0.005, 937
0.005, 936
0.005, 935
0.005, 934
0.005, 933
0.005, 932
0.005, 931
0.005, 930
0.005, 929
0.005, 928
0.005, 927
0.005, 926
0.005, 925
0.005, 924
0.005, 923
0.005, 922
0.005, 921
0.005, 920
0.005, 919
0.005, 918
0.005, 917
0.005, 916
0.005, 915
0.005, 914
0.005, 913
0.005, 912
0.005, 911
0.005, 910
0.005, 909
0.005, 908
0.005, 907
0.005, 906
0.005, 905
0.005, 904
0.005, 903
0.005, 902
0.005, 901
0.005, 900
0.005, 899
