0.002, 1587
0.002, 1586
0.002, 1585
0.002, 1584
0.002, 1583
0.002, 1582
0.002, 1581
0.002, 1580
0.002, 1579
0.002, 1578
0.002, 1577
0.002, 1576
0.002, 1575
0.002, 1574
0.002, 1573
0.002, 1572
0.002, 1571
0.002, 1570
0.002, 1569
0.002, 1568
0.002, 1567
0.002, 1566
0.002, 1565
0.002, 1564
0.002, 1563
0.002, 1562
0.002, 1561
0.002, 1560
0.002, 1559
0.002, 1558
0.002, 1557
0.002, 1556
0.002, 1555
0.002, 1554
0.002, 1553
0.002, 1552
0.002, 1551
0.002, 1550
0.002, 1549
0.002, 1548
0.002, 1547
0.003, 1546
0.003, 1545
0.003, 1544
0.003, 1543
0.003, 1542
0.003, 1541
0.003, 1540
0.003, 1539
0.003, 1538
0.003, 1537
0.003, 1536
0.003, 1535
0.003, 1534
0.003, 1533
0.003, 1532
0.003, 1531
0.003, 1530
0.003, 1529
0.003, 1528
0.003, 1527
0.003, 1526
0.003, 1525
0.003, 1524
0.003, 1523
0.003, 1522
0.003, 1521
0.003, 1520
0.003, 1519
0.003, 1518
0.003, 1517
0.003, 1516
0.003, 1515
0.003, 1514
0.003, 1513
0.003, 1512
0.003, 1511
0.003, 1510
0.003, 1509
0.003, 1508
0.003, 1507
0.003, 1506
0.003, 1505
0.003, 1504
0.003, 1503
0.003, 1502
0.003, 1501
0.003, 1500
0.003, 1499
0.003, 1498
0.003, 1497
0.003, 1496
0.003, 1495
0.003, 1494
0.003, 1493
0.003, 1492
0.003, 1491
0.003, 1490
0.003, 1489
0.003, 1488
0.003, 1487
0.003, 1486
0.003, 1485
0.003, 1484
0.003, 1483
0.003, 1482
0.003, 1481
0.003, 1480
0.003, 1479
0.003, 1478
0.003, 1477
0.003, 1476
0.003, 1475
0.003, 1474
0.003, 1473
0.003, 1472
0.003, 1471
0.004, 1470
0.004, 1469
0.004, 1468
0.004, 1467
0.004, 1466
0.004, 1465
0.004, 1464
0.004, 1463
0.004, 1462
0.004, 1461
0.004, 1460
0.004, 1459
0.004, 1458
0.004, 1457
0.004, 1456
0.004, 1455
0.004, 1454
0.004, 1453
0.004, 1452
0.004, 1451
0.004, 1450
0.004, 1449
0.004, 1448
0.004, 1447
0.004, 1446
0.004, 1445
0.004, 1444
0.004, 1443
0.004, 1442
0.004, 1441
0.004, 1440
0.004, 1439
0.004, 1438
0.004, 1437
0.004, 1436
0.004, 1435
0.004, 1434
0.004, 1433
0.004, 1432
0.004, 1431
0.004, 1430
0.004, 1429
0.004, 1428
0.004, 1427
0.004, 1426
0.004, 1425
0.004, 1424
0.004, 1423
0.004, 1422
0.004, 1421
0.004, 1420
0.004, 1419
0.004, 1418
0.004, 1417
0.004, 1416
0.004, 1415
0.004, 1414
0.004, 1413
0.004, 1412
0.004, 1411
0.004, 1410
0.004, 1409
0.004, 1408
0.004, 1407
0.004, 1406
0.004, 1405
0.004, 1404
0.004, 1403
0.004, 1402
0.004, 1401
0.004, 1400
0.005, 1399
0.005, 1398
0.005, 1397
0.005, 1396
0.005, 1395
0.005, 1394
0.005, 1393
0.005, 1392
0.005, 1391
0.005, 1390
0.005, 1389
0.005, 1388
0.005, 1387
0.005, 1386
0.005, 1385
0.005, 1384
0.005, 1383
0.005, 1382
0.005, 1381
0.005, 1380
0.005, 1379
0.005, 1378
0.005, 1377
0.005, 1376
0.005, 1375
0.005, 1374
0.005, 1373
0.005, 1372
0.005, 1371
0.005, 1370
0.005, 1369
0.005, 1368
0.005, 1367
0.005, 1366
0.005, 1365
0.005, 1364
0.005, 1363
0.005, 1362
0.005, 1361
0.005, 1360
0.005, 1359
0.005, 1358
0.005, 1357
0.005, 1356
0.005, 1355
0.005, 1354
0.005, 1353
0.005, 1352
0.005, 1351
0.005, 1350
0.005, 1349
0.005, 1348
0.005, 1347
0.005, 1346
0.005, 1345
0.005, 1344
0.005, 1343
0.005, 1342
0.005, 1341
0.005, 1340
0.005, 1339
0.005, 1338
0.005, 1337
0.005, 1336
0.005, 1335
0.005, 1334
0.005, 1333
0.005, 1332
0.005, 1331
0.005, 1330
0.005, 1329
0.005, 1328
0.006, 1327
0.006, 1326
0.006, 1325
0.006, 1324
0.006, 1323
0.006, 1322
0.006, 1321
0.006, 1320
0.006, 1319
0.006, 1318
0.006, 1317
0.006, 1316
0.006, 1315
0.006, 1314
0.006, 1313
0.006, 1312
0.006, 1311
0.006, 1310
0.006, 1309
0.006, 1308
0.006, 1307
0.006, 1306
0.006, 1305
0.006, 1304
0.006, 1303
0.006, 1302
0.006, 1301
0.006, 1300
0.006, 1299
0.006, 1298
0.006, 1297
0.006, 1296
0.006, 1295
0.006, 1294
0.006, 1293
0.006, 1292
0.006, 1291
0.006, 1290
0.006, 1289
0.006, 1288
0.006, 1287
0.006, 1286
0.006, 1285
0.006, 1284
0.006, 1283
0.006, 1282
0.006, 1281
0.006, 1280
0.006, 1279
0.006, 1278
0.006, 1277
0.006, 1276
0.006, 1275
0.006, 1274
0.006, 1273
0.006, 1272
0.006, 1271
0.006, 1270
0.006, 1269
0.006, 1268
0.006, 1267
0.006, 1266
0.006, 1265
0.006, 1264
0.006, 1263
0.006, 1262
0.006, 1261
0.006, 1260
0.006, 1259
0.006, 1258
0.006, 1257
0.006, 1256
0.006, 1255
0.006, 1254
0.006, 1253
0.006, 1252
0.006, 1251
0.006, 1250
0.006, 1249
0.006, 1248
0.006, 1247
0.006, 1246
0.006, 1245
0.006, 1244
0.006, 1243
0.007, 1242
0.007, 1241
0.007, 1240
0.007, 1239
0.007, 1238
0.007, 1237
0.007, 1236
0.007, 1235
0.007, 1234
0.007, 1233
0.007, 1232
0.007, 1231
0.007, 1230
0.007, 1229
0.007, 1228
0.007, 1227
0.007, 1226
0.007, 1225
0.007, 1224
0.007, 1223
0.007, 1222
0.007, 1221
0.007, 1220
0.007, 1219
0.007, 1218
0.007, 1217
0.007, 1216
0.007, 1215
0.007, 1214
0.007, 1213
0.007, 1212
0.007, 1211
0.007, 1210
0.007, 1209
0.007, 1208
0.007, 1207
0.007, 1206
0.007, 1205
0.007, 1204
0.007, 1203
0.007, 1202
0.007, 1201
0.007, 1200
0.007, 1199
0.007, 1198
0.007, 1197
0.007, 1196
0.007, 1195
0.007, 1194
0.007, 1193
0.007, 1192
0.007, 1191
0.007, 1190
0.007, 1189
0.007, 1188
0.007, 1187
0.007, 1186
0.007, 1185
0.007, 1184
0.007, 1183
0.007, 1182
0.007, 1181
0.007, 1180
0.007, 1179
0.007, 1178
0.007, 1177
0.007, 1176
0.007, 1175
0.007, 1174
0.007, 1173
0.007, 1172
0.007, 1171
0.007, 1170
0.007, 1169
0.007, 1168
0.007, 1167
0.007, 1166
0.007, 1165
0.007, 1164
0.007, 1163
0.007, 1162
0.007, 1161
0.007, 1160
0.007, 1159
0.007, 1158
0.007, 1157
0.007, 1156
0.008, 1155
0.008, 1154
0.008, 1153
0.008, 1152
0.008, 1151
0.008, 1150
0.008, 1149
0.008, 1148
0.008, 1147
0.008, 1146
0.008, 1145
0.008, 1144
0.008, 1143
0.008, 1142
0.008, 1141
0.008, 1140
0.008, 1139
0.008, 1138
0.008, 1137
0.008, 1136
0.008, 1135
0.008, 1134
0.008, 1133
0.008, 1132
0.008, 1131
0.008, 1130
0.008, 1129
0.008, 1128
0.008, 1127
0.008, 1126
0.008, 1125
0.008, 1124
0.008, 1123
0.008, 1122
0.008, 1121
0.008, 1120
0.008, 1119
0.008, 1118
0.008, 1117
0.008, 1116
0.008, 1115
0.008, 1114
0.008, 1113
0.008, 1112
0.008, 1111
0.008, 1110
0.008, 1109
0.008, 1108
0.008, 1107
0.008, 1106
0.008, 1105
0.008, 1104
0.008, 1103
0.008, 1102
0.008, 1101
0.008, 1100
0.008, 1099
0.008, 1098
0.008, 1097
0.008, 1096
0.008, 1095
0.008, 1094
0.008, 1093
0.008, 1092
0.008, 1091
0.008, 1090
0.008, 1089
0.008, 1088
0.008, 1087
0.008, 1086
0.008, 1085
0.008, 1084
0.008, 1083
0.008, 1082
0.008, 1081
0.008, 1080
0.008, 1079
0.008, 1078
0.008, 1077
0.008, 1076
0.008, 1075
0.008, 1074
0.008, 1073
0.008, 1072
0.008, 1071
0.008, 1070
0.008, 1069
0.008, 1068
0.008, 1067
0.008, 1066
0.008, 1065
0.009, 1064
0.009, 1063
0.009, 1062
0.009, 1061
0.009, 1060
0.009, 1059
0.009, 1058
0.009, 1057
0.009, 1056
0.009, 1055
0.009, 1054
0.009, 1053
0.009, 1052
0.009, 1051
0.009, 1050
0.009, 1049
0.009, 1048
0.009, 1047
0.009, 1046
0.009, 1045
0.009, 1044
0.009, 1043
0.009, 1042
0.009, 1041
0.009, 1040
0.009, 1039
0.009, 1038
0.009, 1037
0.009, 1036
0.009, 1035
0.009, 1034
0.009, 1033
0.009, 1032
0.009, 1031
0.009, 1030
0.009, 1029
0.009, 1028
0.009, 1027
0.009, 1026
0.009, 1025
0.009, 1024
0.009, 1023
0.009, 1022
0.009, 1021
0.009, 1020
0.009, 1019
0.009, 1018
0.009, 1017
0.009, 1016
0.009, 1015
0.009, 1014
0.009, 1013
0.009, 1012
0.009, 1011
0.009, 1010
0.009, 1009
0.009, 1008
0.009, 1007
0.009, 1006
0.009, 1005
0.009, 1004
0.009, 1003
0.009, 1002
0.009, 1001
0.009, 1000
0.009, 999
0.009, 998
0.009, 997
0.009, 996
0.009, 995
0.009, 994
0.009, 993
0.010, 992
0.010, 991
0.010, 990
0.010, 989
0.010, 988
0.010, 987
0.010, 986
0.010, 985
0.010, 984
0.010, 983
0.010, 982
0.010, 981
0.010, 980
0.010, 979
0.010, 978
0.010, 977
0.010, 976
0.010, 975
0.010, 974
0.010, 973
0.010, 972
0.010, 971
0.010, 970
0.010, 969
0.010, 968
0.010, 967
0.010, 966
0.010, 965
0.010, 964
0.010, 963
0.010, 962
0.010, 961
0.010, 960
0.010, 959
0.010, 958
0.010, 957
0.010, 956
0.010, 955
0.010, 954
0.010, 953
0.010, 952
0.010, 951
0.010, 950
0.010, 949
0.010, 948
0.010, 947
0.010, 946
0.010, 945
0.010, 944
0.010, 943
0.010, 942
0.010, 941
0.010, 940
0.011, 939
0.011, 938
0.011, 937
0.011, 936
0.011, 935
0.011, 934
0.011, 933
0.011, 932
0.011, 931
0.011, 930
0.011, 929
0.011, 928
0.011, 927
0.011, 926
0.011, 925
0.011, 924
0.011, 923
0.011, 922
0.011, 921
0.011, 920
0.011, 919
0.011, 918
0.011, 917
0.011, 916
0.011, 915
0.011, 914
0.011, 913
0.011, 912
0.011, 911
0.011, 910
0.011, 909
0.011, 908
0.011, 907
0.011, 906
0.011, 905
0.011, 904
0.011, 903
0.011, 902
0.011, 901
0.011, 900
0.011, 899
