0.012, 1587
0.015, 1586
0.015, 1585
0.016, 1584
0.016, 1583
0.016, 1582
0.016, 1581
0.016, 1580
0.016, 1579
0.016, 1578
0.017, 1577
0.017, 1576
0.017, 1575
0.017, 1574
0.017, 1573
0.017, 1572
0.017, 1571
0.017, 1570
0.018, 1569
0.018, 1568
0.018, 1567
0.018, 1566
0.018, 1565
0.018, 1564
0.018, 1563
0.018, 1562
0.019, 1561
0.019, 1560
0.019, 1559
0.019, 1558
0.019, 1557
0.019, 1556
0.019, 1555
0.019, 1554
0.019, 1553
0.019, 1552
0.020, 1551
0.020, 1550
0.020, 1549
0.020, 1548
0.020, 1547
0.020, 1546
0.020, 1545
0.020, 1544
0.020, 1543
0.020, 1542
0.020, 1541
0.021, 1540
0.021, 1539
0.021, 1538
0.021, 1537
0.021, 1536
0.021, 1535
0.021, 1534
0.021, 1533
0.021, 1532
0.021, 1531
0.021, 1530
0.021, 1529
0.022, 1528
0.022, 1527
0.022, 1526
0.022, 1525
0.022, 1524
0.022, 1523
0.022, 1522
0.022, 1521
0.022, 1520
0.022, 1519
0.022, 1518
0.023, 1517
0.023, 1516
0.023, 1515
0.023, 1514
0.023, 1513
0.023, 1512
0.023, 1511
0.023, 1510
0.023, 1509
0.023, 1508
0.023, 1507
0.024, 1506
0.024, 1505
0.024, 1504
0.024, 1503
0.024, 1502
0.024, 1501
0.024, 1500
0.024, 1499
0.024, 1498
0.024, 1497
0.024, 1496
0.024, 1495
0.024, 1494
0.024, 1493
0.024, 1492
0.025, 1491
0.025, 1490
0.025, 1489
0.025, 1488
0.025, 1487
0.025, 1486
0.025, 1485
0.025, 1484
0.025, 1483
0.025, 1482
0.025, 1481
0.025, 1480
0.025, 1479
0.025, 1478
0.025, 1477
0.025, 1476
0.025, 1475
0.025, 1474
0.026, 1473
0.026, 1472
0.026, 1471
0.026, 1470
0.026, 1469
0.026, 1468
0.026, 1467
0.026, 1466
0.026, 1465
0.026, 1464
0.026, 1463
0.026, 1462
0.026, 1461
0.026, 1460
0.027, 1459
0.027, 1458
0.027, 1457
0.027, 1456
0.027, 1455
0.027, 1454
0.027, 1453
0.027, 1452
0.027, 1451
0.027, 1450
0.027, 1449
0.027, 1448
0.027, 1447
0.028, 1446
0.028, 1445
0.028, 1444
0.028, 1443
0.028, 1442
0.028, 1441
0.028, 1440
0.028, 1439
0.028, 1438
0.028, 1437
0.028, 1436
0.028, 1435
0.028, 1434
0.028, 1433
0.028, 1432
0.028, 1431
0.029, 1430
0.029, 1429
0.029, 1428
0.029, 1427
0.029, 1426
0.029, 1425
0.029, 1424
0.029, 1423
0.029, 1422
0.029, 1421
0.029, 1420
0.029, 1419
0.029, 1418
0.029, 1417
0.029, 1416
0.030, 1415
0.030, 1414
0.030, 1413
0.030, 1412
0.030, 1411
0.030, 1410
0.030, 1409
0.030, 1408
0.030, 1407
0.030, 1406
0.030, 1405
0.030, 1404
0.030, 1403
0.031, 1402
0.031, 1401
0.031, 1400
0.031, 1399
0.031, 1398
0.031, 1397
0.031, 1396
0.031, 1395
0.031, 1394
0.031, 1393
0.031, 1392
0.031, 1391
0.031, 1390
0.031, 1389
0.031, 1388
0.031, 1387
0.031, 1386
0.032, 1385
0.032, 1384
0.032, 1383
0.032, 1382
0.032, 1381
0.032, 1380
0.032, 1379
0.032, 1378
0.032, 1377
0.032, 1376
0.032, 1375
0.032, 1374
0.032, 1373
0.033, 1372
0.033, 1371
0.033, 1370
0.033, 1369
0.033, 1368
0.033, 1367
0.033, 1366
0.033, 1365
0.033, 1364
0.033, 1363
0.033, 1362
0.033, 1361
0.033, 1360
0.033, 1359
0.033, 1358
0.033, 1357
0.033, 1356
0.033, 1355
0.034, 1354
0.034, 1353
0.034, 1352
0.034, 1351
0.034, 1350
0.034, 1349
0.034, 1348
0.034, 1347
0.034, 1346
0.034, 1345
0.034, 1344
0.034, 1343
0.034, 1342
0.034, 1341
0.034, 1340
0.034, 1339
0.034, 1338
0.035, 1337
0.035, 1336
0.035, 1335
0.035, 1334
0.035, 1333
0.035, 1332
0.035, 1331
0.035, 1330
0.035, 1329
0.035, 1328
0.035, 1327
0.035, 1326
0.035, 1325
0.035, 1324
0.035, 1323
0.035, 1322
0.035, 1321
0.036, 1320
0.036, 1319
0.036, 1318
0.036, 1317
0.036, 1316
0.036, 1315
0.036, 1314
0.036, 1313
0.036, 1312
0.036, 1311
0.036, 1310
0.036, 1309
0.036, 1308
0.036, 1307
0.036, 1306
0.036, 1305
0.036, 1304
0.036, 1303
0.036, 1302
0.036, 1301
0.036, 1300
0.036, 1299
0.036, 1298
0.037, 1297
0.037, 1296
0.037, 1295
0.037, 1294
0.037, 1293
0.037, 1292
0.037, 1291
0.037, 1290
0.037, 1289
0.037, 1288
0.037, 1287
0.037, 1286
0.037, 1285
0.037, 1284
0.037, 1283
0.037, 1282
0.037, 1281
0.037, 1280
0.037, 1279
0.037, 1278
0.037, 1277
0.038, 1276
0.038, 1275
0.038, 1274
0.038, 1273
0.038, 1272
0.038, 1271
0.038, 1270
0.038, 1269
0.038, 1268
0.038, 1267
0.038, 1266
0.038, 1265
0.038, 1264
0.038, 1263
0.038, 1262
0.038, 1261
0.038, 1260
0.038, 1259
0.038, 1258
0.038, 1257
0.038, 1256
0.038, 1255
0.038, 1254
0.039, 1253
0.039, 1252
0.039, 1251
0.039, 1250
0.039, 1249
0.039, 1248
0.039, 1247
0.039, 1246
0.039, 1245
0.039, 1244
0.039, 1243
0.039, 1242
0.039, 1241
0.039, 1240
0.039, 1239
0.039, 1238
0.039, 1237
0.039, 1236
0.039, 1235
0.039, 1234
0.039, 1233
0.039, 1232
0.040, 1231
0.040, 1230
0.040, 1229
0.040, 1228
0.040, 1227
0.040, 1226
0.040, 1225
0.040, 1224
0.040, 1223
0.040, 1222
0.040, 1221
0.040, 1220
0.040, 1219
0.040, 1218
0.040, 1217
0.040, 1216
0.040, 1215
0.040, 1214
0.040, 1213
0.040, 1212
0.040, 1211
0.040, 1210
0.041, 1209
0.041, 1208
0.041, 1207
0.041, 1206
0.041, 1205
0.041, 1204
0.041, 1203
0.041, 1202
0.041, 1201
0.041, 1200
0.041, 1199
0.041, 1198
0.041, 1197
0.041, 1196
0.041, 1195
0.041, 1194
0.041, 1193
0.041, 1192
0.041, 1191
0.041, 1190
0.041, 1189
0.041, 1188
0.042, 1187
0.042, 1186
0.042, 1185
0.042, 1184
0.042, 1183
0.042, 1182
0.042, 1181
0.042, 1180
0.042, 1179
0.042, 1178
0.042, 1177
0.042, 1176
0.042, 1175
0.042, 1174
0.042, 1173
0.042, 1172
0.042, 1171
0.042, 1170
0.042, 1169
0.042, 1168
0.042, 1167
0.043, 1166
0.043, 1165
0.043, 1164
0.043, 1163
0.043, 1162
0.043, 1161
0.043, 1160
0.043, 1159
0.043, 1158
0.043, 1157
0.043, 1156
0.043, 1155
0.043, 1154
0.043, 1153
0.043, 1152
0.043, 1151
0.043, 1150
0.043, 1149
0.043, 1148
0.044, 1147
0.044, 1146
0.044, 1145
0.044, 1144
0.044, 1143
0.044, 1142
0.044, 1141
0.044, 1140
0.044, 1139
0.044, 1138
0.044, 1137
0.044, 1136
0.044, 1135
0.044, 1134
0.044, 1133
0.044, 1132
0.044, 1131
0.044, 1130
0.044, 1129
0.044, 1128
0.044, 1127
0.044, 1126
0.045, 1125
0.045, 1124
0.045, 1123
0.045, 1122
0.045, 1121
0.045, 1120
0.045, 1119
0.045, 1118
0.045, 1117
0.045, 1116
0.045, 1115
0.045, 1114
0.045, 1113
0.045, 1112
0.045, 1111
0.045, 1110
0.045, 1109
0.045, 1108
0.045, 1107
0.045, 1106
0.045, 1105
0.045, 1104
0.046, 1103
0.046, 1102
0.046, 1101
0.046, 1100
0.046, 1099
0.046, 1098
0.046, 1097
0.046, 1096
0.046, 1095
0.046, 1094
0.046, 1093
0.046, 1092
0.046, 1091
0.046, 1090
0.046, 1089
0.046, 1088
0.046, 1087
0.046, 1086
0.046, 1085
0.047, 1084
0.047, 1083
0.047, 1082
0.047, 1081
0.047, 1080
0.047, 1079
0.047, 1078
0.047, 1077
0.047, 1076
0.047, 1075
0.047, 1074
0.047, 1073
0.047, 1072
0.047, 1071
0.047, 1070
0.047, 1069
0.047, 1068
0.047, 1067
0.048, 1066
0.048, 1065
0.048, 1064
0.048, 1063
0.048, 1062
0.048, 1061
0.048, 1060
0.048, 1059
0.048, 1058
0.048, 1057
0.048, 1056
0.048, 1055
0.048, 1054
0.048, 1053
0.048, 1052
0.048, 1051
0.048, 1050
0.048, 1049
0.048, 1048
0.048, 1047
0.048, 1046
0.048, 1045
0.048, 1044
0.048, 1043
0.048, 1042
0.049, 1041
0.049, 1040
0.049, 1039
0.049, 1038
0.049, 1037
0.049, 1036
0.049, 1035
0.049, 1034
0.049, 1033
0.049, 1032
0.049, 1031
0.049, 1030
0.049, 1029
0.049, 1028
0.049, 1027
0.049, 1026
0.049, 1025
0.049, 1024
0.049, 1023
0.049, 1022
0.049, 1021
0.049, 1020
0.049, 1019
0.050, 1018
0.050, 1017
0.050, 1016
0.050, 1015
0.050, 1014
0.050, 1013
0.050, 1012
0.050, 1011
0.050, 1010
0.050, 1009
0.050, 1008
0.050, 1007
0.050, 1006
0.050, 1005
0.050, 1004
0.050, 1003
0.050, 1002
0.050, 1001
0.050, 1000
0.050, 999
0.050, 998
0.050, 997
0.050, 996
0.050, 995
0.050, 994
0.050, 993
0.050, 992
0.050, 991
0.050, 990
0.050, 989
0.050, 988
0.051, 987
0.051, 986
0.051, 985
0.051, 984
0.051, 983
0.051, 982
0.051, 981
0.051, 980
0.051, 979
0.051, 978
0.051, 977
0.051, 976
0.051, 975
0.051, 974
0.051, 973
0.051, 972
0.051, 971
0.051, 970
0.051, 969
0.051, 968
0.051, 967
0.051, 966
0.051, 965
0.051, 964
0.051, 963
0.051, 962
0.051, 961
0.051, 960
0.051, 959
0.051, 958
0.051, 957
0.052, 956
0.052, 955
0.052, 954
0.052, 953
0.052, 952
0.052, 951
0.052, 950
0.052, 949
0.052, 948
0.052, 947
0.052, 946
0.052, 945
0.052, 944
0.052, 943
0.052, 942
0.052, 941
0.052, 940
0.052, 939
0.052, 938
0.052, 937
0.052, 936
0.052, 935
0.052, 934
0.052, 933
0.052, 932
0.052, 931
0.052, 930
0.052, 929
0.052, 928
0.052, 927
0.053, 926
0.053, 925
0.053, 924
0.053, 923
0.053, 922
0.053, 921
0.053, 920
0.053, 919
0.053, 918
0.053, 917
0.053, 916
0.053, 915
0.053, 914
0.053, 913
0.053, 912
0.053, 911
0.053, 910
0.053, 909
0.053, 908
0.053, 907
0.053, 906
0.053, 905
0.053, 904
0.053, 903
0.053, 902
0.053, 901
0.054, 900
0.054, 899
