0.000, 5326
1.732, 5325
1.745, 5324
1.757, 5323
1.769, 5322
1.771, 5321
1.780, 5320
1.784, 5319
1.798, 5318
1.806, 5317
1.812, 5316
1.816, 5315
1.823, 5314
1.826, 5313
1.828, 5312
1.832, 5311
1.857, 5310
1.864, 5309
1.866, 5308
1.872, 5307
1.877, 5306
1.887, 5305
1.894, 5304
1.906, 5303
1.909, 5302
1.911, 5301
1.920, 5300
1.925, 5299
1.939, 5298
1.944, 5297
1.946, 5296
1.951, 5295
1.958, 5294
1.964, 5293
1.973, 5292
1.994, 5291
2.000, 5290
2.001, 5289
2.038, 5288
2.042, 5287
2.053, 5286
2.058, 5285
2.095, 5284
2.115, 5283
2.132, 5282
2.133, 5281
2.134, 5280
2.169, 5279
2.175, 5278
2.178, 5277
2.181, 5276
2.196, 5275
2.228, 5274
2.238, 5273
2.240, 5272
2.259, 5271
2.287, 5270
2.289, 5269
2.338, 5268
2.366, 5267
2.376, 5266
2.377, 5265
2.402, 5264
2.410, 5263
2.422, 5262
2.427, 5261
2.450, 5260
2.480, 5259
2.499, 5258
2.504, 5257
2.512, 5256
2.525, 5255
2.528, 5254
2.545, 5253
2.565, 5252
2.574, 5251
2.576, 5250
2.585, 5249
2.591, 5248
2.609, 5247
2.630, 5246
2.638, 5245
2.648, 5244
2.666, 5243
2.691, 5242
2.695, 5241
2.718, 5240
2.722, 5239
2.723, 5238
2.739, 5237
2.748, 5236
2.784, 5235
2.788, 5234
2.802, 5233
2.811, 5232
2.848, 5231
2.862, 5230
2.874, 5229
2.912, 5228
2.922, 5227
2.943, 5226
2.958, 5225
2.961, 5224
3.019, 5223
3.037, 5222
3.060, 5221
3.079, 5220
3.084, 5219
3.128, 5218
3.149, 5217
3.154, 5216
3.180, 5215
3.211, 5214
3.218, 5213
3.248, 5212
3.281, 5211
3.318, 5210
3.356, 5209
3.387, 5208
3.399, 5207
3.401, 5206
3.434, 5205
3.437, 5204
3.447, 5203
3.473, 5202
3.491, 5201
3.517, 5200
3.531, 5199
3.544, 5198
3.562, 5197
3.568, 5196
3.573, 5195
3.576, 5194
3.590, 5193
3.601, 5192
3.606, 5191
3.627, 5190
3.647, 5189
3.675, 5188
3.705, 5187
3.710, 5186
3.730, 5185
3.775, 5184
3.784, 5183
3.803, 5182
3.804, 5181
3.812, 5180
3.823, 5179
3.840, 5178
3.854, 5177
3.917, 5176
3.925, 5175
3.940, 5174
3.949, 5173
3.953, 5172
3.968, 5171
3.971, 5170
3.979, 5169
3.994, 5168
4.012, 5167
4.045, 5166
4.063, 5165
4.078, 5164
4.095, 5163
4.099, 5162
4.115, 5161
4.125, 5160
4.141, 5159
4.168, 5158
4.189, 5157
4.202, 5156
4.219, 5155
4.223, 5154
4.237, 5153
4.261, 5152
4.270, 5151
4.304, 5150
4.314, 5149
4.318, 5148
4.320, 5147
4.334, 5146
4.336, 5145
4.351, 5144
4.358, 5143
4.399, 5142
4.426, 5141
4.427, 5140
4.445, 5139
4.455, 5138
4.463, 5137
4.498, 5136
4.533, 5135
4.539, 5134
4.587, 5133
4.627, 5132
4.638, 5131
4.663, 5130
4.686, 5129
4.692, 5128
4.696, 5127
4.700, 5126
4.708, 5125
4.755, 5124
4.758, 5123
4.791, 5122
4.812, 5121
4.867, 5120
4.907, 5119
4.935, 5118
4.939, 5117
4.948, 5116
4.977, 5115
4.999, 5114
5.007, 5113
5.035, 5112
5.037, 5111
5.088, 5110
5.110, 5109
5.111, 5108
5.170, 5107
5.175, 5106
5.201, 5105
5.219, 5104
5.276, 5103
5.309, 5102
5.313, 5101
5.327, 5100
5.372, 5099
5.382, 5098
5.389, 5097
5.399, 5096
5.454, 5095
5.493, 5094
5.506, 5093
5.519, 5092
5.562, 5091
5.585, 5090
5.591, 5089
5.605, 5088
5.638, 5087
5.698, 5086
5.714, 5085
5.719, 5084
5.725, 5083
5.734, 5082
5.735, 5081
5.746, 5080
5.766, 5079
5.777, 5078
5.780, 5077
5.845, 5076
5.850, 5075
5.856, 5074
5.879, 5073
5.892, 5072
5.902, 5071
5.947, 5070
5.959, 5069
6.025, 5068
6.058, 5067
6.075, 5066
6.125, 5065
6.137, 5064
6.180, 5063
6.218, 5062
6.227, 5061
6.361, 5060
6.395, 5059
6.398, 5058
6.475, 5057
6.476, 5056
6.511, 5055
6.524, 5054
6.659, 5053
6.717, 5052
6.742, 5051
6.745, 5050
6.820, 5049
6.835, 5048
6.864, 5047
6.908, 5046
6.983, 5045
7.018, 5044
7.025, 5043
7.037, 5042
7.043, 5041
7.049, 5040
7.082, 5039
7.088, 5038
7.111, 5037
7.130, 5036
7.131, 5035
7.168, 5034
7.175, 5033
7.220, 5032
7.227, 5031
7.241, 5030
7.260, 5029
7.324, 5028
7.338, 5027
7.359, 5026
7.465, 5025
7.467, 5024
7.540, 5023
7.546, 5022
7.553, 5021
7.584, 5020
7.598, 5019
7.693, 5018
7.704, 5017
7.779, 5016
7.781, 5015
7.796, 5014
7.815, 5013
7.818, 5012
7.832, 5011
7.855, 5010
7.933, 5009
7.986, 5008
7.995, 5007
8.006, 5006
8.164, 5005
8.258, 5004
8.297, 5003
8.383, 5002
8.489, 5001
8.504, 5000
8.520, 4999
8.571, 4998
8.591, 4997
8.623, 4996
8.628, 4995
8.652, 4994
8.658, 4993
8.679, 4992
8.684, 4991
8.718, 4990
8.761, 4989
8.830, 4988
8.901, 4987
9.010, 4986
9.067, 4985
9.069, 4984
9.080, 4983
9.093, 4982
9.166, 4981
9.193, 4980
9.210, 4979
9.250, 4978
9.281, 4977
9.391, 4976
9.407, 4975
9.422, 4974
9.434, 4973
9.517, 4972
9.520, 4971
9.579, 4970
9.659, 4969
9.704, 4968
9.911, 4967
10.027, 4966
10.041, 4965
10.100, 4964
10.190, 4963
10.233, 4962
10.264, 4961
10.278, 4960
10.347, 4959
10.349, 4958
10.385, 4957
10.392, 4956
10.479, 4955
10.605, 4954
10.683, 4953
10.690, 4952
10.850, 4951
10.951, 4950
11.187, 4949
11.270, 4948
11.304, 4947
11.344, 4946
11.353, 4945
11.361, 4944
11.384, 4943
11.626, 4942
11.721, 4941
11.800, 4940
11.824, 4939
11.834, 4938
11.860, 4937
11.926, 4936
11.942, 4935
12.068, 4934
12.093, 4933
12.137, 4932
12.165, 4931
12.172, 4930
12.298, 4929
12.328, 4928
12.397, 4927
12.739, 4926
12.827, 4925
12.834, 4924
12.916, 4923
13.033, 4922
13.168, 4921
13.199, 4920
13.208, 4919
13.304, 4918
13.419, 4917
13.595, 4916
13.669, 4915
13.682, 4914
13.714, 4913
13.979, 4912
14.065, 4911
14.559, 4910
14.584, 4909
14.622, 4908
14.645, 4907
14.707, 4906
14.911, 4905
14.979, 4904
15.267, 4903
15.288, 4902
15.296, 4901
15.469, 4900
15.766, 4899
15.774, 4898
16.395, 4897
16.563, 4896
16.955, 4895
17.205, 4894
18.122, 4893
18.231, 4892
18.893, 4891
19.035, 4890
19.662, 4889
19.788, 4888
19.803, 4887
19.860, 4886
20.207, 4885
20.253, 4884
20.485, 4883
20.680, 4882
21.695, 4881
22.254, 4880
22.624, 4879
22.774, 4878
22.857, 4877
22.876, 4876
23.306, 4875
23.578, 4874
24.436, 4873
24.516, 4872
24.887, 4871
25.029, 4870
25.142, 4869
26.932, 4868
28.160, 4867
28.781, 4866
29.041, 4865
31.168, 4864
31.739, 4863
33.046, 4862
