0.001, 5326
1.557, 5325
1.566, 5324
1.572, 5323
1.584, 5322
1.635, 5321
1.649, 5320
1.660, 5319
1.675, 5318
1.678, 5317
1.711, 5316
1.727, 5315
1.731, 5314
1.732, 5313
1.749, 5312
1.755, 5311
1.798, 5310
1.820, 5309
1.825, 5308
1.834, 5307
1.843, 5306
1.853, 5305
1.865, 5304
1.867, 5303
1.880, 5302
1.900, 5301
1.922, 5300
1.923, 5299
1.950, 5298
1.952, 5297
1.975, 5296
1.992, 5295
2.000, 5294
2.008, 5293
2.019, 5292
2.052, 5291
2.061, 5290
2.078, 5289
2.079, 5288
2.107, 5287
2.110, 5286
2.126, 5285
2.138, 5284
2.159, 5283
2.161, 5282
2.204, 5281
2.213, 5280
2.222, 5279
2.228, 5278
2.253, 5277
2.283, 5276
2.288, 5275
2.290, 5274
2.296, 5273
2.322, 5272
2.335, 5271
2.340, 5270
2.351, 5269
2.361, 5268
2.364, 5267
2.369, 5266
2.375, 5265
2.396, 5264
2.401, 5263
2.402, 5262
2.407, 5261
2.410, 5260
2.421, 5259
2.443, 5258
2.454, 5257
2.457, 5256
2.471, 5255
2.486, 5254
2.551, 5253
2.554, 5252
2.580, 5251
2.582, 5250
2.606, 5249
2.624, 5248
2.627, 5247
2.633, 5246
2.637, 5245
2.644, 5244
2.651, 5243
2.658, 5242
2.664, 5241
2.705, 5240
2.711, 5239
2.714, 5238
2.718, 5237
2.728, 5236
2.770, 5235
2.772, 5234
2.776, 5233
2.798, 5232
2.812, 5231
2.816, 5230
2.821, 5229
2.826, 5228
2.835, 5227
2.843, 5226
2.869, 5225
2.873, 5224
2.893, 5223
2.912, 5222
2.916, 5221
2.917, 5220
2.925, 5219
2.947, 5218
2.948, 5217
2.974, 5216
2.975, 5215
2.982, 5214
2.988, 5213
3.001, 5212
3.029, 5211
3.052, 5210
3.092, 5209
3.096, 5208
3.109, 5207
3.121, 5206
3.167, 5205
3.168, 5204
3.181, 5203
3.196, 5202
3.218, 5201
3.220, 5200
3.256, 5199
3.296, 5198
3.311, 5197
3.325, 5196
3.334, 5195
3.347, 5194
3.361, 5193
3.399, 5192
3.410, 5191
3.436, 5190
3.439, 5189
3.442, 5188
3.460, 5187
3.489, 5186
3.505, 5185
3.574, 5184
3.583, 5183
3.603, 5182
3.643, 5181
3.686, 5180
3.714, 5179
3.743, 5178
3.761, 5177
3.769, 5176
3.790, 5175
3.839, 5174
3.841, 5173
3.850, 5172
3.882, 5171
3.886, 5170
3.890, 5169
3.899, 5168
3.910, 5167
3.945, 5166
3.956, 5165
3.962, 5164
3.991, 5163
4.016, 5162
4.092, 5161
4.093, 5160
4.127, 5159
4.130, 5158
4.173, 5157
4.176, 5156
4.222, 5155
4.236, 5154
4.250, 5153
4.251, 5152
4.261, 5151
4.290, 5150
4.293, 5149
4.308, 5148
4.312, 5147
4.330, 5146
4.337, 5145
4.346, 5144
4.355, 5143
4.361, 5142
4.412, 5141
4.416, 5140
4.422, 5139
4.472, 5138
4.487, 5137
4.614, 5136
4.634, 5135
4.636, 5134
4.654, 5133
4.671, 5132
4.691, 5131
4.707, 5130
4.710, 5129
4.723, 5128
4.730, 5127
4.744, 5126
4.785, 5125
4.805, 5124
4.818, 5123
4.831, 5122
4.866, 5121
4.879, 5120
4.900, 5119
4.922, 5118
4.923, 5117
4.969, 5116
5.005, 5115
5.007, 5114
5.016, 5113
5.021, 5112
5.070, 5111
5.076, 5110
5.085, 5109
5.102, 5108
5.135, 5107
5.174, 5106
5.196, 5105
5.279, 5104
5.303, 5103
5.355, 5102
5.373, 5101
5.440, 5100
5.461, 5099
5.464, 5098
5.469, 5097
5.565, 5096
5.583, 5095
5.654, 5094
5.692, 5093
5.715, 5092
5.754, 5091
5.763, 5090
5.777, 5089
5.778, 5088
5.821, 5087
5.840, 5086
5.846, 5085
5.884, 5084
5.928, 5083
5.979, 5082
5.984, 5081
5.993, 5080
5.997, 5079
6.008, 5078
6.039, 5077
6.048, 5076
6.055, 5075
6.076, 5074
6.111, 5073
6.128, 5072
6.145, 5071
6.150, 5070
6.166, 5069
6.170, 5068
6.211, 5067
6.230, 5066
6.304, 5065
6.330, 5064
6.339, 5063
6.398, 5062
6.414, 5061
6.416, 5060
6.418, 5059
6.420, 5058
6.421, 5057
6.433, 5056
6.439, 5055
6.473, 5054
6.613, 5053
6.653, 5052
6.746, 5051
6.766, 5050
6.827, 5049
6.851, 5048
6.866, 5047
6.936, 5046
7.058, 5045
7.074, 5044
7.080, 5043
7.144, 5042
7.151, 5041
7.162, 5040
7.182, 5039
7.197, 5038
7.232, 5037
7.274, 5036
7.291, 5035
7.413, 5034
7.426, 5033
7.463, 5032
7.468, 5031
7.494, 5030
7.523, 5029
7.526, 5028
7.554, 5027
7.563, 5026
7.601, 5025
7.607, 5024
7.640, 5023
7.658, 5022
7.678, 5021
7.692, 5020
7.696, 5019
7.817, 5018
7.832, 5017
8.030, 5016
8.158, 5015
8.169, 5014
8.228, 5013
8.249, 5012
8.282, 5011
8.343, 5010
8.356, 5009
8.386, 5008
8.404, 5007
8.433, 5006
8.453, 5005
8.526, 5004
8.541, 5003
8.559, 5002
8.699, 5001
8.758, 5000
8.806, 4999
8.812, 4998
8.949, 4997
8.954, 4996
8.978, 4995
8.994, 4994
9.033, 4993
9.076, 4992
9.078, 4991
9.128, 4990
9.143, 4989
9.165, 4988
9.250, 4987
9.252, 4986
9.286, 4985
9.340, 4984
9.349, 4983
9.445, 4982
9.446, 4981
9.546, 4980
9.603, 4979
9.605, 4978
9.680, 4977
9.683, 4976
9.707, 4975
9.769, 4974
9.780, 4973
9.781, 4972
9.783, 4971
9.969, 4970
10.015, 4969
10.035, 4968
10.153, 4967
10.468, 4966
10.620, 4965
10.647, 4964
10.742, 4963
10.780, 4962
10.789, 4961
10.802, 4960
10.814, 4959
10.888, 4958
10.920, 4957
10.942, 4956
10.982, 4955
11.001, 4954
11.031, 4953
11.093, 4952
11.267, 4951
11.272, 4950
11.334, 4949
11.344, 4948
11.346, 4947
11.369, 4946
11.380, 4945
11.445, 4944
11.526, 4943
11.617, 4942
11.688, 4941
11.824, 4940
11.956, 4939
12.075, 4938
12.090, 4937
12.164, 4936
12.208, 4935
12.267, 4934
12.269, 4933
12.315, 4932
12.361, 4931
12.502, 4930
12.562, 4929
12.713, 4928
13.210, 4927
13.241, 4926
13.252, 4925
13.372, 4924
13.392, 4923
13.455, 4922
13.474, 4921
13.529, 4920
13.565, 4919
13.740, 4918
13.830, 4917
13.870, 4916
13.934, 4915
13.964, 4914
14.004, 4913
14.112, 4912
14.146, 4911
14.212, 4910
14.231, 4909
14.262, 4908
14.652, 4907
14.659, 4906
14.676, 4905
14.807, 4904
14.834, 4903
14.837, 4902
15.094, 4901
15.175, 4900
15.185, 4899
15.252, 4898
15.323, 4897
15.329, 4896
15.350, 4895
15.383, 4894
15.713, 4893
15.802, 4892
16.054, 4891
16.382, 4890
16.536, 4889
16.611, 4888
16.881, 4887
17.302, 4886
17.616, 4885
18.199, 4884
18.499, 4883
18.598, 4882
18.866, 4881
18.895, 4880
19.144, 4879
19.175, 4878
19.494, 4877
19.496, 4876
19.535, 4875
19.614, 4874
20.984, 4873
21.621, 4872
22.000, 4871
22.227, 4870
22.317, 4869
22.581, 4868
23.330, 4867
23.596, 4866
24.048, 4865
24.122, 4864
26.092, 4863
26.197, 4862
31.793, 4861
33.461, 4860
35.683, 4859
36.306, 4858
36.469, 4857
