0.000, 5325
1.353, 5324
1.372, 5323
1.375, 5322
1.377, 5321
1.384, 5320
1.391, 5319
1.403, 5318
1.407, 5317
1.419, 5316
1.424, 5315
1.426, 5314
1.444, 5313
1.461, 5312
1.475, 5311
1.481, 5310
1.486, 5309
1.487, 5308
1.489, 5307
1.500, 5306
1.501, 5305
1.512, 5304
1.517, 5303
1.526, 5302
1.532, 5301
1.558, 5300
1.560, 5299
1.564, 5298
1.567, 5297
1.591, 5296
1.596, 5295
1.597, 5294
1.604, 5293
1.610, 5292
1.625, 5291
1.630, 5290
1.643, 5289
1.644, 5288
1.652, 5287
1.660, 5286
1.661, 5285
1.678, 5284
1.710, 5283
1.726, 5282
1.750, 5281
1.761, 5280
1.770, 5279
1.779, 5278
1.783, 5277
1.809, 5276
1.816, 5275
1.825, 5274
1.827, 5273
1.856, 5272
1.900, 5271
1.916, 5270
1.932, 5269
1.932, 5268
1.957, 5267
1.966, 5266
2.006, 5265
2.009, 5264
2.010, 5263
2.013, 5262
2.046, 5261
2.076, 5260
2.097, 5259
2.114, 5258
2.121, 5257
2.128, 5256
2.152, 5255
2.161, 5254
2.186, 5253
2.193, 5252
2.200, 5251
2.215, 5250
2.243, 5249
2.252, 5248
2.291, 5247
2.333, 5246
2.342, 5245
2.366, 5244
2.382, 5243
2.392, 5242
2.406, 5241
2.416, 5240
2.422, 5239
2.423, 5238
2.427, 5237
2.431, 5236
2.442, 5235
2.456, 5234
2.481, 5233
2.514, 5232
2.521, 5231
2.536, 5230
2.538, 5229
2.542, 5228
2.543, 5227
2.557, 5226
2.560, 5225
2.576, 5224
2.580, 5223
2.583, 5222
2.629, 5221
2.634, 5220
2.643, 5219
2.644, 5218
2.650, 5217
2.672, 5216
2.690, 5215
2.711, 5214
2.715, 5213
2.716, 5212
2.803, 5211
2.809, 5210
2.817, 5209
2.830, 5208
2.833, 5207
2.937, 5206
2.947, 5205
2.949, 5204
2.952, 5203
2.953, 5202
2.957, 5201
2.961, 5200
2.971, 5199
3.026, 5198
3.036, 5197
3.038, 5196
3.066, 5195
3.068, 5194
3.078, 5193
3.081, 5192
3.085, 5191
3.109, 5190
3.148, 5189
3.213, 5188
3.235, 5187
3.242, 5186
3.257, 5185
3.305, 5184
3.357, 5183
3.360, 5182
3.393, 5181
3.398, 5180
3.433, 5179
3.470, 5178
3.475, 5177
3.482, 5176
3.486, 5175
3.508, 5174
3.522, 5173
3.535, 5172
3.540, 5171
3.566, 5170
3.567, 5169
3.661, 5168
3.669, 5167
3.671, 5166
3.677, 5165
3.719, 5164
3.725, 5163
3.738, 5162
3.754, 5161
3.796, 5160
3.837, 5159
3.855, 5158
3.946, 5157
3.963, 5156
3.982, 5155
3.983, 5154
3.996, 5153
4.034, 5152
4.038, 5151
4.053, 5150
4.073, 5149
4.088, 5148
4.095, 5147
4.101, 5146
4.111, 5145
4.124, 5144
4.126, 5143
4.148, 5142
4.173, 5141
4.181, 5140
4.218, 5139
4.233, 5138
4.250, 5137
4.265, 5136
4.297, 5135
4.301, 5134
4.323, 5133
4.332, 5132
4.342, 5131
4.374, 5130
4.424, 5129
4.425, 5128
4.436, 5127
4.515, 5126
4.520, 5125
4.530, 5124
4.533, 5123
4.551, 5122
4.555, 5121
4.617, 5120
4.623, 5119
4.636, 5118
4.645, 5117
4.684, 5116
4.686, 5115
4.744, 5114
4.796, 5113
4.800, 5112
4.819, 5111
4.858, 5110
4.887, 5109
4.895, 5108
4.906, 5107
4.909, 5106
4.934, 5105
4.946, 5104
4.997, 5103
5.006, 5102
5.007, 5101
5.015, 5100
5.073, 5099
5.091, 5098
5.130, 5097
5.151, 5096
5.250, 5095
5.355, 5094
5.361, 5093
5.377, 5092
5.416, 5091
5.424, 5090
5.512, 5089
5.520, 5088
5.605, 5087
5.640, 5086
5.660, 5085
5.741, 5084
5.769, 5083
5.775, 5082
5.809, 5081
5.810, 5080
5.819, 5079
5.824, 5078
5.859, 5077
5.863, 5076
5.891, 5075
5.905, 5074
5.911, 5073
5.922, 5072
5.929, 5071
6.064, 5070
6.083, 5069
6.120, 5068
6.133, 5067
6.140, 5066
6.147, 5065
6.182, 5064
6.228, 5063
6.243, 5062
6.269, 5061
6.292, 5060
6.315, 5059
6.418, 5058
6.486, 5057
6.492, 5056
6.498, 5055
6.499, 5054
6.504, 5053
6.620, 5052
6.647, 5051
6.661, 5050
6.664, 5049
6.768, 5048
6.778, 5047
6.831, 5046
6.890, 5045
6.894, 5044
6.922, 5043
7.226, 5042
7.285, 5041
7.290, 5040
7.371, 5039
7.399, 5038
7.430, 5037
7.475, 5036
7.479, 5035
7.562, 5034
7.569, 5033
7.582, 5032
7.605, 5031
7.689, 5030
7.777, 5029
7.790, 5028
7.816, 5027
8.045, 5026
8.067, 5025
8.119, 5024
8.204, 5023
8.234, 5022
8.261, 5021
8.309, 5020
8.349, 5019
8.358, 5018
8.462, 5017
8.464, 5016
8.517, 5015
8.544, 5014
8.558, 5013
8.567, 5012
8.567, 5011
8.753, 5010
8.835, 5009
8.848, 5008
8.869, 5007
8.875, 5006
8.890, 5005
8.912, 5004
8.953, 5003
9.060, 5002
9.088, 5001
9.100, 5000
9.249, 4999
9.253, 4998
9.284, 4997
9.285, 4996
9.337, 4995
9.370, 4994
9.396, 4993
9.398, 4992
9.402, 4991
9.407, 4990
9.521, 4989
9.531, 4988
9.587, 4987
9.603, 4986
9.619, 4985
9.667, 4984
9.737, 4983
9.868, 4982
9.971, 4981
9.994, 4980
9.995, 4979
10.012, 4978
10.150, 4977
10.206, 4976
10.233, 4975
10.248, 4974
10.276, 4973
10.312, 4972
10.338, 4971
10.400, 4970
10.430, 4969
10.495, 4968
10.538, 4967
10.619, 4966
10.704, 4965
10.732, 4964
10.818, 4963
10.909, 4962
10.951, 4961
10.998, 4960
11.081, 4959
11.145, 4958
11.152, 4957
11.173, 4956
11.278, 4955
11.314, 4954
11.327, 4953
11.359, 4952
11.411, 4951
11.452, 4950
11.544, 4949
11.611, 4948
11.630, 4947
11.644, 4946
11.708, 4945
11.711, 4944
11.723, 4943
11.748, 4942
11.764, 4941
11.893, 4940
11.908, 4939
12.006, 4938
12.022, 4937
12.183, 4936
12.320, 4935
12.429, 4934
12.525, 4933
12.593, 4932
12.835, 4931
12.878, 4930
12.882, 4929
12.937, 4928
13.082, 4927
13.088, 4926
13.139, 4925
13.235, 4924
13.401, 4923
13.482, 4922
13.596, 4921
13.752, 4920
13.798, 4919
13.816, 4918
14.238, 4917
14.261, 4916
14.365, 4915
14.765, 4914
14.822, 4913
15.204, 4912
15.327, 4911
15.405, 4910
15.593, 4909
15.766, 4908
15.861, 4907
15.876, 4906
16.472, 4905
16.504, 4904
16.785, 4903
16.836, 4902
17.009, 4901
17.047, 4900
17.164, 4899
17.167, 4898
17.242, 4897
17.582, 4896
17.608, 4895
17.696, 4894
17.769, 4893
17.771, 4892
17.907, 4891
18.027, 4890
18.334, 4889
18.983, 4888
19.179, 4887
19.817, 4886
19.965, 4885
20.344, 4884
20.898, 4883
21.274, 4882
22.095, 4881
23.131, 4880
23.376, 4879
23.494, 4878
23.643, 4877
23.748, 4876
24.194, 4875
27.146, 4874
27.418, 4873
28.414, 4872
29.941, 4871
29.969, 4870
31.822, 4869
34.593, 4868
