0.001, 5326
1.594, 5325
1.607, 5324
1.615, 5323
1.619, 5322
1.636, 5321
1.643, 5320
1.647, 5319
1.665, 5318
1.675, 5317
1.684, 5316
1.707, 5315
1.711, 5314
1.756, 5313
1.767, 5312
1.802, 5311
1.805, 5310
1.819, 5309
1.829, 5308
1.837, 5307
1.860, 5306
1.878, 5305
1.882, 5304
1.903, 5303
1.904, 5302
1.917, 5301
1.920, 5300
1.923, 5299
1.926, 5298
1.928, 5297
1.941, 5296
1.947, 5295
1.986, 5294
1.987, 5293
1.989, 5292
2.009, 5291
2.031, 5290
2.044, 5289
2.072, 5288
2.091, 5287
2.093, 5286
2.145, 5285
2.178, 5284
2.181, 5283
2.199, 5282
2.200, 5281
2.204, 5280
2.218, 5279
2.232, 5278
2.237, 5277
2.240, 5276
2.266, 5275
2.276, 5274
2.290, 5273
2.291, 5272
2.299, 5271
2.338, 5270
2.348, 5269
2.377, 5268
2.399, 5267
2.422, 5266
2.427, 5265
2.435, 5264
2.437, 5263
2.440, 5262
2.457, 5261
2.471, 5260
2.481, 5259
2.496, 5258
2.499, 5257
2.506, 5256
2.541, 5255
2.545, 5254
2.548, 5253
2.549, 5252
2.554, 5251
2.564, 5250
2.572, 5249
2.575, 5248
2.600, 5247
2.606, 5246
2.619, 5245
2.627, 5244
2.682, 5243
2.715, 5242
2.721, 5241
2.733, 5240
2.767, 5239
2.769, 5238
2.771, 5237
2.772, 5236
2.777, 5235
2.781, 5234
2.796, 5233
2.838, 5232
2.843, 5231
2.843, 5230
2.874, 5229
2.877, 5228
2.882, 5227
2.903, 5226
2.909, 5225
2.925, 5224
2.925, 5223
2.941, 5222
2.943, 5221
2.956, 5220
2.964, 5219
2.968, 5218
2.987, 5217
3.003, 5216
3.008, 5215
3.044, 5214
3.070, 5213
3.073, 5212
3.124, 5211
3.126, 5210
3.141, 5209
3.175, 5208
3.178, 5207
3.193, 5206
3.226, 5205
3.271, 5204
3.277, 5203
3.279, 5202
3.286, 5201
3.299, 5200
3.333, 5199
3.382, 5198
3.439, 5197
3.443, 5196
3.458, 5195
3.481, 5194
3.492, 5193
3.500, 5192
3.508, 5191
3.534, 5190
3.576, 5189
3.585, 5188
3.587, 5187
3.614, 5186
3.626, 5185
3.630, 5184
3.647, 5183
3.695, 5182
3.700, 5181
3.704, 5180
3.712, 5179
3.720, 5178
3.739, 5177
3.748, 5176
3.755, 5175
3.794, 5174
3.808, 5173
3.831, 5172
3.934, 5171
3.953, 5170
3.955, 5169
3.963, 5168
3.993, 5167
3.996, 5166
4.002, 5165
4.011, 5164
4.017, 5163
4.023, 5162
4.035, 5161
4.049, 5160
4.052, 5159
4.076, 5158
4.095, 5157
4.105, 5156
4.128, 5155
4.151, 5154
4.155, 5153
4.184, 5152
4.276, 5151
4.280, 5150
4.290, 5149
4.314, 5148
4.324, 5147
4.332, 5146
4.340, 5145
4.358, 5144
4.377, 5143
4.379, 5142
4.381, 5141
4.382, 5140
4.400, 5139
4.409, 5138
4.422, 5137
4.435, 5136
4.438, 5135
4.442, 5134
4.466, 5133
4.470, 5132
4.490, 5131
4.502, 5130
4.511, 5129
4.535, 5128
4.585, 5127
4.607, 5126
4.614, 5125
4.623, 5124
4.629, 5123
4.646, 5122
4.652, 5121
4.672, 5120
4.751, 5119
4.788, 5118
4.798, 5117
4.825, 5116
4.992, 5115
5.105, 5114
5.128, 5113
5.143, 5112
5.229, 5111
5.318, 5110
5.328, 5109
5.346, 5108
5.387, 5107
5.392, 5106
5.395, 5105
5.413, 5104
5.433, 5103
5.471, 5102
5.479, 5101
5.487, 5100
5.505, 5099
5.515, 5098
5.554, 5097
5.567, 5096
5.579, 5095
5.607, 5094
5.697, 5093
5.720, 5092
5.755, 5091
5.767, 5090
5.770, 5089
5.842, 5088
5.919, 5087
5.926, 5086
5.955, 5085
6.056, 5084
6.059, 5083
6.114, 5082
6.118, 5081
6.146, 5080
6.159, 5079
6.164, 5078
6.167, 5077
6.170, 5076
6.182, 5075
6.192, 5074
6.227, 5073
6.279, 5072
6.367, 5071
6.377, 5070
6.381, 5069
6.427, 5068
6.496, 5067
6.512, 5066
6.518, 5065
6.544, 5064
6.547, 5063
6.619, 5062
6.645, 5061
6.651, 5060
6.662, 5059
6.670, 5058
6.691, 5057
6.698, 5056
6.721, 5055
6.767, 5054
6.848, 5053
6.885, 5052
6.898, 5051
6.919, 5050
6.995, 5049
7.004, 5048
7.044, 5047
7.052, 5046
7.067, 5045
7.076, 5044
7.108, 5043
7.129, 5042
7.130, 5041
7.134, 5040
7.141, 5039
7.221, 5038
7.270, 5037
7.293, 5036
7.297, 5035
7.298, 5034
7.310, 5033
7.341, 5032
7.364, 5031
7.448, 5030
7.454, 5029
7.515, 5028
7.540, 5027
7.549, 5026
7.565, 5025
7.579, 5024
7.609, 5023
7.662, 5022
7.703, 5021
7.728, 5020
7.812, 5019
7.829, 5018
7.895, 5017
7.929, 5016
7.941, 5015
8.042, 5014
8.070, 5013
8.097, 5012
8.099, 5011
8.134, 5010
8.146, 5009
8.282, 5008
8.289, 5007
8.355, 5006
8.364, 5005
8.370, 5004
8.429, 5003
8.458, 5002
8.518, 5001
8.600, 5000
8.612, 4999
8.675, 4998
8.736, 4997
8.758, 4996
8.792, 4995
8.922, 4994
8.929, 4993
8.946, 4992
8.969, 4991
9.056, 4990
9.112, 4989
9.139, 4988
9.146, 4987
9.228, 4986
9.333, 4985
9.451, 4984
9.497, 4983
9.524, 4982
9.634, 4981
9.666, 4980
9.675, 4979
9.723, 4978
9.800, 4977
9.897, 4976
9.995, 4975
10.082, 4974
10.158, 4973
10.296, 4972
10.347, 4971
10.350, 4970
10.411, 4969
10.424, 4968
10.448, 4967
10.559, 4966
10.564, 4965
10.569, 4964
10.577, 4963
10.603, 4962
10.654, 4961
10.685, 4960
10.834, 4959
10.839, 4958
10.852, 4957
10.891, 4956
10.914, 4955
10.962, 4954
11.070, 4953
11.129, 4952
11.192, 4951
11.253, 4950
11.280, 4949
11.464, 4948
11.515, 4947
11.539, 4946
11.615, 4945
11.668, 4944
11.677, 4943
11.725, 4942
11.741, 4941
11.803, 4940
11.847, 4939
12.124, 4938
12.148, 4937
12.344, 4936
12.453, 4935
12.454, 4934
12.514, 4933
12.683, 4932
12.691, 4931
12.772, 4930
12.995, 4929
13.164, 4928
13.165, 4927
13.184, 4926
13.285, 4925
13.465, 4924
13.482, 4923
13.597, 4922
13.745, 4921
14.094, 4920
14.227, 4919
14.347, 4918
14.556, 4917
14.661, 4916
15.249, 4915
15.320, 4914
15.413, 4913
15.613, 4912
16.107, 4911
16.499, 4910
17.185, 4909
17.208, 4908
17.262, 4907
17.308, 4906
17.365, 4905
17.676, 4904
17.809, 4903
17.925, 4902
18.285, 4901
18.411, 4900
18.479, 4899
18.996, 4898
19.193, 4897
19.323, 4896
19.415, 4895
19.673, 4894
19.780, 4893
20.189, 4892
21.108, 4891
21.148, 4890
21.661, 4889
21.923, 4888
22.022, 4887
23.106, 4886
23.536, 4885
23.550, 4884
23.863, 4883
24.128, 4882
24.164, 4881
24.613, 4880
26.715, 4879
27.770, 4878
27.895, 4877
29.115, 4876
30.198, 4875
31.658, 4874
32.643, 4873
35.675, 4872
35.916, 4871
