0.001, 3907
3.990, 3906
4.017, 3905
4.047, 3904
4.103, 3903
4.106, 3902
4.112, 3901
4.114, 3900
4.116, 3899
4.121, 3898
4.155, 3897
4.158, 3896
4.168, 3895
4.190, 3894
4.219, 3893
4.235, 3892
4.239, 3891
4.255, 3890
4.285, 3889
4.303, 3888
4.320, 3887
4.328, 3886
4.346, 3885
4.395, 3884
4.399, 3883
4.425, 3882
4.444, 3881
4.467, 3880
4.486, 3879
4.566, 3878
4.597, 3877
4.599, 3876
4.604, 3875
4.629, 3874
4.647, 3873
4.655, 3872
4.671, 3871
4.730, 3870
4.752, 3869
4.794, 3868
4.813, 3867
4.834, 3866
4.845, 3865
4.876, 3864
4.885, 3863
4.907, 3862
4.949, 3861
4.952, 3860
4.953, 3859
4.955, 3858
4.993, 3857
4.998, 3856
5.018, 3855
5.021, 3854
5.043, 3853
5.046, 3852
5.074, 3851
5.080, 3850
5.092, 3849
5.107, 3848
5.140, 3847
5.194, 3846
5.211, 3845
5.215, 3844
5.266, 3843
5.277, 3842
5.279, 3841
5.301, 3840
5.305, 3839
5.330, 3838
5.355, 3837
5.397, 3836
5.411, 3835
5.482, 3834
5.496, 3833
5.513, 3832
5.518, 3831
5.553, 3830
5.632, 3829
5.671, 3828
5.691, 3827
5.752, 3826
5.754, 3825
5.798, 3824
5.801, 3823
5.899, 3822
5.910, 3821
5.972, 3820
6.035, 3819
6.092, 3818
6.115, 3817
6.181, 3816
6.190, 3815
6.234, 3814
6.249, 3813
6.260, 3812
6.273, 3811
6.299, 3810
6.403, 3809
6.456, 3808
6.467, 3807
6.483, 3806
6.496, 3805
6.546, 3804
6.547, 3803
6.562, 3802
6.583, 3801
6.612, 3800
6.625, 3799
6.634, 3798
6.645, 3797
6.690, 3796
6.700, 3795
6.719, 3794
6.746, 3793
6.752, 3792
6.758, 3791
6.762, 3790
6.772, 3789
6.784, 3788
6.804, 3787
6.814, 3786
6.840, 3785
6.857, 3784
6.908, 3783
6.935, 3782
6.938, 3781
6.954, 3780
6.965, 3779
6.975, 3778
6.986, 3777
6.994, 3776
7.006, 3775
7.069, 3774
7.076, 3773
7.090, 3772
7.126, 3771
7.130, 3770
7.133, 3769
7.177, 3768
7.193, 3767
7.197, 3766
7.251, 3765
7.254, 3764
7.256, 3763
7.311, 3762
7.390, 3761
7.424, 3760
7.432, 3759
7.442, 3758
7.507, 3757
7.520, 3756
7.527, 3755
7.551, 3754
7.605, 3753
7.683, 3752
7.727, 3751
7.771, 3750
7.787, 3749
7.802, 3748
7.804, 3747
7.809, 3746
7.877, 3745
7.890, 3744
7.894, 3743
7.931, 3742
8.055, 3741
8.140, 3740
8.167, 3739
8.213, 3738
8.240, 3737
8.275, 3736
8.307, 3735
8.327, 3734
8.346, 3733
8.424, 3732
8.453, 3731
8.503, 3730
8.513, 3729
8.549, 3728
8.552, 3727
8.571, 3726
8.574, 3725
8.619, 3724
8.662, 3723
8.668, 3722
8.679, 3721
8.801, 3720
8.828, 3719
8.839, 3718
8.907, 3717
8.936, 3716
8.994, 3715
9.001, 3714
9.087, 3713
9.143, 3712
9.175, 3711
9.186, 3710
9.205, 3709
9.235, 3708
9.245, 3707
9.253, 3706
9.302, 3705
9.366, 3704
9.375, 3703
9.404, 3702
9.455, 3701
9.520, 3700
9.536, 3699
9.565, 3698
9.598, 3697
9.635, 3696
9.654, 3695
9.705, 3694
9.715, 3693
9.759, 3692
9.776, 3691
9.917, 3690
9.939, 3689
10.052, 3688
10.059, 3687
10.080, 3686
10.083, 3685
10.095, 3684
10.123, 3683
10.130, 3682
10.132, 3681
10.139, 3680
10.147, 3679
10.151, 3678
10.160, 3677
10.180, 3676
10.227, 3675
10.256, 3674
10.277, 3673
10.313, 3672
10.320, 3671
10.326, 3670
10.328, 3669
10.444, 3668
10.471, 3667
10.531, 3666
10.554, 3665
10.589, 3664
10.624, 3663
10.631, 3662
10.639, 3661
10.664, 3660
10.770, 3659
10.902, 3658
10.908, 3657
11.151, 3656
11.190, 3655
11.228, 3654
11.304, 3653
11.459, 3652
11.473, 3651
11.488, 3650
11.514, 3649
11.564, 3648
11.569, 3647
11.640, 3646
11.722, 3645
11.729, 3644
11.741, 3643
11.811, 3642
11.923, 3641
11.938, 3640
11.960, 3639
11.979, 3638
12.075, 3637
12.138, 3636
12.145, 3635
12.177, 3634
12.205, 3633
12.255, 3632
12.277, 3631
12.279, 3630
12.335, 3629
12.373, 3628
12.419, 3627
12.495, 3626
12.549, 3625
12.614, 3624
12.720, 3623
12.732, 3622
12.768, 3621
12.774, 3620
12.779, 3619
12.796, 3618
12.798, 3617
12.809, 3616
12.812, 3615
12.871, 3614
12.892, 3613
12.973, 3612
12.985, 3611
12.993, 3610
13.239, 3609
13.272, 3608
13.301, 3607
13.447, 3606
13.459, 3605
13.469, 3604
13.606, 3603
13.632, 3602
13.740, 3601
13.750, 3600
13.764, 3599
13.794, 3598
13.822, 3597
13.914, 3596
14.007, 3595
14.015, 3594
14.153, 3593
14.182, 3592
14.393, 3591
14.590, 3590
14.597, 3589
14.718, 3588
14.740, 3587
14.784, 3586
14.805, 3585
14.856, 3584
14.888, 3583
14.937, 3582
14.993, 3581
15.061, 3580
15.122, 3579
15.393, 3578
15.480, 3577
15.658, 3576
15.676, 3575
15.741, 3574
15.787, 3573
15.997, 3572
16.063, 3571
16.123, 3570
16.127, 3569
16.131, 3568
16.150, 3567
16.321, 3566
16.335, 3565
16.372, 3564
16.495, 3563
16.548, 3562
16.646, 3561
16.691, 3560
16.791, 3559
16.801, 3558
16.809, 3557
17.010, 3556
17.110, 3555
17.180, 3554
17.189, 3553
17.240, 3552
17.270, 3551
17.349, 3550
17.392, 3549
17.407, 3548
17.427, 3547
17.479, 3546
17.506, 3545
17.662, 3544
17.696, 3543
17.747, 3542
17.864, 3541
17.927, 3540
17.929, 3539
17.932, 3538
17.974, 3537
18.132, 3536
18.204, 3535
18.240, 3534
18.266, 3533
18.292, 3532
18.328, 3531
18.342, 3530
18.452, 3529
18.497, 3528
18.604, 3527
18.671, 3526
18.682, 3525
18.713, 3524
18.723, 3523
18.819, 3522
18.867, 3521
18.975, 3520
18.996, 3519
19.151, 3518
19.179, 3517
19.187, 3516
19.199, 3515
19.326, 3514
19.429, 3513
19.546, 3512
19.610, 3511
19.665, 3510
19.895, 3509
19.905, 3508
20.024, 3507
20.081, 3506
20.087, 3505
20.180, 3504
20.197, 3503
20.432, 3502
20.445, 3501
20.505, 3500
20.530, 3499
20.586, 3498
20.618, 3497
20.648, 3496
20.687, 3495
20.713, 3494
20.928, 3493
21.123, 3492
21.340, 3491
21.384, 3490
21.402, 3489
21.420, 3488
21.710, 3487
21.752, 3486
21.844, 3485
21.864, 3484
22.075, 3483
22.133, 3482
22.163, 3481
22.262, 3480
22.283, 3479
22.297, 3478
22.340, 3477
22.373, 3476
22.503, 3475
22.536, 3474
22.723, 3473
22.735, 3472
22.793, 3471
22.821, 3470
22.862, 3469
22.924, 3468
23.020, 3467
23.251, 3466
23.420, 3465
23.437, 3464
23.510, 3463
23.726, 3462
23.731, 3461
23.733, 3460
23.736, 3459
23.799, 3458
24.085, 3457
24.287, 3456
24.394, 3455
24.512, 3454
24.618, 3453
24.626, 3452
24.644, 3451
24.745, 3450
24.994, 3449
25.201, 3448
25.350, 3447
25.620, 3446
25.629, 3445
25.686, 3444
25.807, 3443
25.822, 3442
25.867, 3441
26.113, 3440
26.432, 3439
26.521, 3438
26.847, 3437
26.900, 3436
27.026, 3435
27.128, 3434
27.210, 3433
27.540, 3432
27.690, 3431
28.033, 3430
28.117, 3429
28.213, 3428
28.398, 3427
28.500, 3426
28.535, 3425
28.741, 3424
28.965, 3423
29.081, 3422
29.086, 3421
29.255, 3420
29.356, 3419
29.536, 3418
29.916, 3417
30.174, 3416
30.343, 3415
30.553, 3414
30.601, 3413
30.796, 3412
30.928, 3411
31.585, 3410
31.599, 3409
31.977, 3408
32.014, 3407
32.149, 3406
32.351, 3405
32.368, 3404
32.678, 3403
32.743, 3402
32.789, 3401
32.885, 3400
32.908, 3399
32.979, 3398
33.094, 3397
33.194, 3396
33.315, 3395
33.484, 3394
34.100, 3393
34.453, 3392
34.807, 3391
35.273, 3390
35.287, 3389
35.538, 3388
35.551, 3387
35.939, 3386
35.985, 3385
36.781, 3384
37.241, 3383
37.381, 3382
37.454, 3381
37.949, 3380
38.140, 3379
38.168, 3378
38.577, 3377
38.591, 3376
38.665, 3375
39.666, 3374
40.547, 3373
41.183, 3372
41.683, 3371
41.725, 3370
42.198, 3369
42.620, 3368
42.954, 3367
43.600, 3366
44.432, 3365
45.193, 3364
45.465, 3363
45.636, 3362
45.705, 3361
45.958, 3360
46.963, 3359
47.833, 3358
48.430, 3357
49.095, 3356
50.538, 3355
56.085, 3354
59.823, 3353
59.926, 3352
