0.001, 3907
4.101, 3906
4.113, 3905
4.125, 3904
4.139, 3903
4.155, 3902
4.176, 3901
4.202, 3900
4.208, 3899
4.274, 3898
4.282, 3897
4.305, 3896
4.325, 3895
4.337, 3894
4.348, 3893
4.381, 3892
4.385, 3891
4.472, 3890
4.561, 3889
4.594, 3888
4.606, 3887
4.625, 3886
4.661, 3885
4.678, 3884
4.744, 3883
4.788, 3882
4.862, 3881
4.916, 3880
4.933, 3879
4.935, 3878
4.966, 3877
4.999, 3876
5.043, 3875
5.153, 3874
5.173, 3873
5.185, 3872
5.211, 3871
5.305, 3870
5.316, 3869
5.411, 3868
5.436, 3867
5.455, 3866
5.503, 3865
5.517, 3864
5.536, 3863
5.537, 3862
5.544, 3861
5.548, 3860
5.572, 3859
5.601, 3858
5.607, 3857
5.635, 3856
5.639, 3855
5.659, 3854
5.683, 3853
5.788, 3852
5.815, 3851
5.816, 3850
5.892, 3849
5.920, 3848
5.945, 3847
6.024, 3846
6.066, 3845
6.077, 3844
6.111, 3843
6.131, 3842
6.147, 3841
6.183, 3840
6.242, 3839
6.250, 3838
6.253, 3837
6.263, 3836
6.274, 3835
6.277, 3834
6.345, 3833
6.396, 3832
6.422, 3831
6.433, 3830
6.452, 3829
6.460, 3828
6.496, 3827
6.510, 3826
6.521, 3825
6.573, 3824
6.588, 3823
6.605, 3822
6.622, 3821
6.640, 3820
6.672, 3819
6.686, 3818
6.718, 3817
6.769, 3816
6.772, 3815
6.773, 3814
6.795, 3813
6.820, 3812
6.901, 3811
6.934, 3810
6.941, 3809
6.992, 3808
7.037, 3807
7.087, 3806
7.097, 3805
7.155, 3804
7.157, 3803
7.169, 3802
7.182, 3801
7.195, 3800
7.214, 3799
7.223, 3798
7.249, 3797
7.287, 3796
7.336, 3795
7.384, 3794
7.427, 3793
7.462, 3792
7.466, 3791
7.491, 3790
7.506, 3789
7.516, 3788
7.531, 3787
7.537, 3786
7.562, 3785
7.582, 3784
7.604, 3783
7.608, 3782
7.617, 3781
7.632, 3780
7.696, 3779
7.703, 3778
7.823, 3777
7.826, 3776
7.872, 3775
7.887, 3774
7.894, 3773
7.903, 3772
7.914, 3771
7.926, 3770
7.990, 3769
8.008, 3768
8.016, 3767
8.062, 3766
8.071, 3765
8.082, 3764
8.159, 3763
8.166, 3762
8.173, 3761
8.223, 3760
8.226, 3759
8.263, 3758
8.273, 3757
8.332, 3756
8.334, 3755
8.372, 3754
8.382, 3753
8.465, 3752
8.470, 3751
8.508, 3750
8.518, 3749
8.539, 3748
8.541, 3747
8.547, 3746
8.569, 3745
8.615, 3744
8.638, 3743
8.669, 3742
8.677, 3741
8.699, 3740
8.713, 3739
8.722, 3738
8.747, 3737
8.810, 3736
8.814, 3735
8.839, 3734
8.858, 3733
8.863, 3732
8.982, 3731
8.995, 3730
8.997, 3729
9.113, 3728
9.194, 3727
9.259, 3726
9.296, 3725
9.325, 3724
9.336, 3723
9.354, 3722
9.358, 3721
9.392, 3720
9.483, 3719
9.494, 3718
9.503, 3717
9.569, 3716
9.579, 3715
9.669, 3714
9.676, 3713
9.702, 3712
9.706, 3711
9.716, 3710
9.717, 3709
9.800, 3708
9.843, 3707
9.852, 3706
9.927, 3705
9.947, 3704
9.966, 3703
10.070, 3702
10.072, 3701
10.177, 3700
10.179, 3699
10.203, 3698
10.216, 3697
10.254, 3696
10.266, 3695
10.337, 3694
10.465, 3693
10.577, 3692
10.621, 3691
10.688, 3690
10.752, 3689
10.803, 3688
10.875, 3687
10.916, 3686
10.938, 3685
10.983, 3684
10.987, 3683
11.009, 3682
11.024, 3681
11.073, 3680
11.104, 3679
11.114, 3678
11.125, 3677
11.151, 3676
11.168, 3675
11.259, 3674
11.276, 3673
11.318, 3672
11.362, 3671
11.389, 3670
11.401, 3669
11.460, 3668
11.468, 3667
11.483, 3666
11.502, 3665
11.633, 3664
11.739, 3663
11.740, 3662
11.756, 3661
11.760, 3660
11.808, 3659
11.826, 3658
11.862, 3657
11.901, 3656
11.946, 3655
11.955, 3654
11.961, 3653
12.010, 3652
12.020, 3651
12.166, 3650
12.199, 3649
12.242, 3648
12.371, 3647
12.399, 3646
12.422, 3645
12.474, 3644
12.508, 3643
12.603, 3642
12.614, 3641
12.772, 3640
12.783, 3639
12.855, 3638
12.888, 3637
12.945, 3636
12.947, 3635
12.969, 3634
12.993, 3633
13.013, 3632
13.110, 3631
13.164, 3630
13.167, 3629
13.289, 3628
13.414, 3627
13.423, 3626
13.468, 3625
13.516, 3624
13.563, 3623
13.610, 3622
13.654, 3621
13.656, 3620
13.666, 3619
13.677, 3618
13.709, 3617
13.723, 3616
13.815, 3615
13.905, 3614
13.931, 3613
13.960, 3612
13.968, 3611
14.020, 3610
14.026, 3609
14.083, 3608
14.115, 3607
14.154, 3606
14.160, 3605
14.164, 3604
14.515, 3603
14.621, 3602
14.707, 3601
14.727, 3600
14.737, 3599
14.757, 3598
14.798, 3597
14.894, 3596
14.924, 3595
14.930, 3594
14.947, 3593
14.993, 3592
15.004, 3591
15.025, 3590
15.057, 3589
15.127, 3588
15.181, 3587
15.422, 3586
15.497, 3585
15.530, 3584
15.582, 3583
15.588, 3582
15.692, 3581
15.714, 3580
15.718, 3579
15.725, 3578
15.925, 3577
16.009, 3576
16.246, 3575
16.305, 3574
16.311, 3573
16.491, 3572
16.501, 3571
16.559, 3570
16.617, 3569
16.767, 3568
16.807, 3567
16.913, 3566
16.917, 3565
16.937, 3564
17.063, 3563
17.084, 3562
17.155, 3561
17.205, 3560
17.213, 3559
17.226, 3558
17.559, 3557
17.583, 3556
17.590, 3555
17.599, 3554
17.737, 3553
17.845, 3552
17.849, 3551
17.856, 3550
17.916, 3549
17.951, 3548
18.095, 3547
18.136, 3546
18.150, 3545
18.198, 3544
18.637, 3543
18.665, 3542
18.769, 3541
19.009, 3540
19.190, 3539
19.230, 3538
19.237, 3537
19.277, 3536
19.421, 3535
19.526, 3534
19.591, 3533
19.700, 3532
19.702, 3531
19.756, 3530
19.974, 3529
20.007, 3528
20.018, 3527
20.053, 3526
20.117, 3525
20.183, 3524
20.188, 3523
20.191, 3522
20.247, 3521
20.511, 3520
20.617, 3519
20.667, 3518
20.721, 3517
20.745, 3516
20.828, 3515
20.880, 3514
20.887, 3513
21.038, 3512
21.056, 3511
21.082, 3510
21.092, 3509
21.214, 3508
21.247, 3507
21.380, 3506
21.580, 3505
21.613, 3504
21.716, 3503
21.722, 3502
21.883, 3501
21.919, 3500
21.967, 3499
22.069, 3498
22.196, 3497
22.199, 3496
22.231, 3495
22.258, 3494
22.302, 3493
22.524, 3492
22.698, 3491
22.700, 3490
22.716, 3489
22.767, 3488
22.955, 3487
22.962, 3486
23.005, 3485
23.014, 3484
23.127, 3483
23.144, 3482
23.170, 3481
23.215, 3480
23.262, 3479
23.378, 3478
23.614, 3477
23.978, 3476
24.255, 3475
24.264, 3474
24.286, 3473
24.326, 3472
24.512, 3471
24.526, 3470
24.552, 3469
24.835, 3468
24.865, 3467
25.028, 3466
25.126, 3465
25.377, 3464
25.431, 3463
25.511, 3462
25.671, 3461
25.709, 3460
25.837, 3459
25.861, 3458
26.149, 3457
26.270, 3456
26.362, 3455
26.364, 3454
26.592, 3453
26.735, 3452
27.121, 3451
27.213, 3450
27.419, 3449
27.478, 3448
27.613, 3447
27.652, 3446
27.685, 3445
27.801, 3444
27.834, 3443
27.934, 3442
28.263, 3441
28.275, 3440
28.413, 3439
28.552, 3438
28.563, 3437
28.635, 3436
28.658, 3435
29.000, 3434
29.018, 3433
29.068, 3432
29.078, 3431
29.306, 3430
29.456, 3429
29.587, 3428
29.778, 3427
29.892, 3426
29.930, 3425
29.954, 3424
29.963, 3423
30.037, 3422
30.093, 3421
30.127, 3420
30.274, 3419
30.315, 3418
30.361, 3417
30.515, 3416
30.856, 3415
30.917, 3414
31.000, 3413
31.300, 3412
31.335, 3411
31.391, 3410
31.421, 3409
31.531, 3408
31.788, 3407
31.934, 3406
32.120, 3405
32.218, 3404
32.248, 3403
32.285, 3402
32.632, 3401
32.754, 3400
32.952, 3399
33.078, 3398
34.224, 3397
34.296, 3396
34.457, 3395
34.567, 3394
34.714, 3393
35.598, 3392
35.822, 3391
35.928, 3390
36.044, 3389
36.116, 3388
36.545, 3387
36.767, 3386
36.879, 3385
37.948, 3384
38.129, 3383
39.213, 3382
39.400, 3381
39.932, 3380
40.666, 3379
41.035, 3378
41.088, 3377
41.198, 3376
41.335, 3375
41.358, 3374
42.694, 3373
42.711, 3372
42.727, 3371
42.905, 3370
43.280, 3369
43.311, 3368
43.474, 3367
44.005, 3366
44.056, 3365
44.220, 3364
44.736, 3363
45.299, 3362
45.708, 3361
46.897, 3360
46.909, 3359
47.694, 3358
49.428, 3357
49.697, 3356
49.843, 3355
51.478, 3354
52.296, 3353
52.760, 3352
56.950, 3351
57.041, 3350
57.521, 3349
59.126, 3348
59.274, 3347
