0.001, 3906
3.337, 3905
3.339, 3904
3.354, 3903
3.364, 3902
3.375, 3901
3.409, 3900
3.415, 3899
3.432, 3898
3.468, 3897
3.528, 3896
3.530, 3895
3.532, 3894
3.534, 3893
3.549, 3892
3.601, 3891
3.671, 3890
3.688, 3889
3.750, 3888
3.751, 3887
3.756, 3886
3.758, 3885
3.761, 3884
3.773, 3883
3.801, 3882
3.820, 3881
3.830, 3880
3.831, 3879
3.836, 3878
3.939, 3877
3.946, 3876
3.962, 3875
4.032, 3874
4.039, 3873
4.041, 3872
4.044, 3871
4.059, 3870
4.068, 3869
4.095, 3868
4.114, 3867
4.151, 3866
4.194, 3865
4.227, 3864
4.231, 3863
4.233, 3862
4.235, 3861
4.259, 3860
4.269, 3859
4.278, 3858
4.285, 3857
4.304, 3856
4.342, 3855
4.352, 3854
4.401, 3853
4.414, 3852
4.421, 3851
4.437, 3850
4.453, 3849
4.525, 3848
4.546, 3847
4.601, 3846
4.652, 3845
4.722, 3844
4.740, 3843
4.765, 3842
4.771, 3841
4.790, 3840
4.811, 3839
4.838, 3838
4.885, 3837
4.920, 3836
4.951, 3835
4.995, 3834
5.059, 3833
5.061, 3832
5.068, 3831
5.077, 3830
5.080, 3829
5.216, 3828
5.231, 3827
5.323, 3826
5.335, 3825
5.370, 3824
5.374, 3823
5.494, 3822
5.576, 3821
5.647, 3820
5.649, 3819
5.651, 3818
5.686, 3817
5.698, 3816
5.827, 3815
5.868, 3814
5.892, 3813
5.922, 3812
5.963, 3811
5.981, 3810
6.043, 3809
6.089, 3808
6.093, 3807
6.111, 3806
6.181, 3805
6.182, 3804
6.209, 3803
6.259, 3802
6.273, 3801
6.320, 3800
6.330, 3799
6.338, 3798
6.342, 3797
6.376, 3796
6.394, 3795
6.429, 3794
6.448, 3793
6.451, 3792
6.565, 3791
6.572, 3790
6.582, 3789
6.592, 3788
6.670, 3787
6.711, 3786
6.721, 3785
6.730, 3784
6.748, 3783
6.755, 3782
6.780, 3781
6.803, 3780
6.819, 3779
6.852, 3778
6.900, 3777
6.923, 3776
6.937, 3775
6.992, 3774
7.079, 3773
7.100, 3772
7.129, 3771
7.250, 3770
7.253, 3769
7.308, 3768
7.343, 3767
7.384, 3766
7.417, 3765
7.440, 3764
7.457, 3763
7.467, 3762
7.475, 3761
7.493, 3760
7.525, 3759
7.529, 3758
7.542, 3757
7.588, 3756
7.633, 3755
7.649, 3754
7.686, 3753
7.744, 3752
7.752, 3751
7.802, 3750
7.811, 3749
7.859, 3748
7.881, 3747
7.908, 3746
7.949, 3745
7.974, 3744
7.981, 3743
8.009, 3742
8.025, 3741
8.035, 3740
8.064, 3739
8.092, 3738
8.130, 3737
8.136, 3736
8.169, 3735
8.180, 3734
8.182, 3733
8.276, 3732
8.288, 3731
8.329, 3730
8.335, 3729
8.372, 3728
8.380, 3727
8.438, 3726
8.464, 3725
8.564, 3724
8.580, 3723
8.588, 3722
8.609, 3721
8.636, 3720
8.648, 3719
8.668, 3718
8.697, 3717
8.735, 3716
8.804, 3715
8.844, 3714
8.909, 3713
9.001, 3712
9.006, 3711
9.149, 3710
9.160, 3709
9.220, 3708
9.296, 3707
9.303, 3706
9.391, 3705
9.396, 3704
9.438, 3703
9.442, 3702
9.455, 3701
9.474, 3700
9.485, 3699
9.498, 3698
9.503, 3697
9.510, 3696
9.525, 3695
9.550, 3694
9.578, 3693
9.579, 3692
9.613, 3691
9.664, 3690
9.682, 3689
9.748, 3688
9.758, 3687
9.779, 3686
9.840, 3685
9.846, 3684
9.849, 3683
9.881, 3682
9.916, 3681
9.945, 3680
9.997, 3679
10.022, 3678
10.046, 3677
10.074, 3676
10.079, 3675
10.131, 3674
10.189, 3673
10.210, 3672
10.228, 3671
10.236, 3670
10.289, 3669
10.336, 3668
10.347, 3667
10.363, 3666
10.379, 3665
10.387, 3664
10.413, 3663
10.416, 3662
10.462, 3661
10.473, 3660
10.547, 3659
10.663, 3658
10.748, 3657
10.820, 3656
10.827, 3655
10.900, 3654
10.945, 3653
10.972, 3652
11.076, 3651
11.097, 3650
11.109, 3649
11.260, 3648
11.442, 3647
11.486, 3646
11.497, 3645
11.597, 3644
11.622, 3643
11.680, 3642
11.743, 3641
11.757, 3640
11.774, 3639
11.790, 3638
11.805, 3637
11.826, 3636
11.847, 3635
11.876, 3634
11.891, 3633
11.955, 3632
11.964, 3631
12.002, 3630
12.077, 3629
12.097, 3628
12.114, 3627
12.145, 3626
12.262, 3625
12.264, 3624
12.266, 3623
12.439, 3622
12.456, 3621
12.504, 3620
12.601, 3619
12.629, 3618
12.678, 3617
12.714, 3616
12.743, 3615
12.768, 3614
12.814, 3613
12.884, 3612
13.012, 3611
13.041, 3610
13.187, 3609
13.210, 3608
13.220, 3607
13.235, 3606
13.288, 3605
13.574, 3604
13.584, 3603
13.836, 3602
13.870, 3601
13.886, 3600
13.982, 3599
14.001, 3598
14.020, 3597
14.074, 3596
14.115, 3595
14.163, 3594
14.167, 3593
14.176, 3592
14.220, 3591
14.223, 3590
14.350, 3589
14.503, 3588
14.619, 3587
14.744, 3586
14.854, 3585
14.861, 3584
14.899, 3583
15.035, 3582
15.037, 3581
15.050, 3580
15.217, 3579
15.233, 3578
15.355, 3577
15.385, 3576
15.412, 3575
15.434, 3574
15.477, 3573
15.533, 3572
15.538, 3571
15.678, 3570
15.916, 3569
15.920, 3568
15.952, 3567
15.999, 3566
16.043, 3565
16.173, 3564
16.181, 3563
16.202, 3562
16.220, 3561
16.359, 3560
16.420, 3559
16.653, 3558
16.661, 3557
16.669, 3556
16.752, 3555
16.868, 3554
17.027, 3553
17.091, 3552
17.169, 3551
17.326, 3550
17.407, 3549
17.420, 3548
17.449, 3547
17.467, 3546
17.504, 3545
17.512, 3544
17.527, 3543
17.631, 3542
17.716, 3541
17.794, 3540
17.900, 3539
18.059, 3538
18.111, 3537
18.150, 3536
18.272, 3535
18.299, 3534
18.334, 3533
18.370, 3532
18.410, 3531
18.417, 3530
18.460, 3529
18.478, 3528
18.526, 3527
18.561, 3526
18.607, 3525
18.696, 3524
18.718, 3523
18.761, 3522
18.765, 3521
18.805, 3520
18.914, 3519
18.959, 3518
18.982, 3517
19.097, 3516
19.184, 3515
19.206, 3514
19.217, 3513
19.265, 3512
19.313, 3511
19.326, 3510
19.432, 3509
19.467, 3508
19.842, 3507
19.958, 3506
19.961, 3505
19.979, 3504
20.016, 3503
20.398, 3502
20.400, 3501
20.529, 3500
20.593, 3499
20.626, 3498
20.640, 3497
21.003, 3496
21.067, 3495
21.090, 3494
21.116, 3493
21.130, 3492
21.135, 3491
21.312, 3490
21.315, 3489
21.397, 3488
21.519, 3487
21.659, 3486
21.959, 3485
22.054, 3484
22.069, 3483
22.074, 3482
22.098, 3481
22.165, 3480
22.189, 3479
22.258, 3478
22.347, 3477
22.423, 3476
22.431, 3475
22.656, 3474
22.771, 3473
22.855, 3472
22.986, 3471
23.161, 3470
23.186, 3469
23.294, 3468
23.477, 3467
23.495, 3466
23.608, 3465
23.713, 3464
23.849, 3463
23.913, 3462
23.930, 3461
23.932, 3460
23.993, 3459
24.070, 3458
24.182, 3457
24.443, 3456
24.571, 3455
24.705, 3454
24.764, 3453
24.838, 3452
25.242, 3451
25.315, 3450
25.404, 3449
25.449, 3448
25.567, 3447
25.639, 3446
25.688, 3445
25.798, 3444
25.805, 3443
25.827, 3442
26.177, 3441
26.498, 3440
26.531, 3439
26.539, 3438
26.575, 3437
26.601, 3436
26.714, 3435
26.797, 3434
26.843, 3433
26.865, 3432
27.075, 3431
27.167, 3430
27.401, 3429
27.815, 3428
27.844, 3427
27.869, 3426
27.924, 3425
27.973, 3424
28.024, 3423
28.066, 3422
28.172, 3421
28.389, 3420
28.423, 3419
28.552, 3418
28.616, 3417
28.703, 3416
28.958, 3415
28.981, 3414
29.120, 3413
29.227, 3412
29.414, 3411
29.660, 3410
29.894, 3409
29.985, 3408
30.089, 3407
30.573, 3406
30.630, 3405
30.751, 3404
30.962, 3403
31.060, 3402
31.819, 3401
32.121, 3400
32.214, 3399
32.228, 3398
32.301, 3397
32.489, 3396
33.817, 3395
33.910, 3394
34.527, 3393
35.114, 3392
35.141, 3391
35.240, 3390
35.369, 3389
35.378, 3388
35.425, 3387
35.634, 3386
36.059, 3385
36.791, 3384
36.937, 3383
37.017, 3382
37.153, 3381
37.257, 3380
37.340, 3379
37.901, 3378
38.170, 3377
38.320, 3376
39.298, 3375
39.813, 3374
39.844, 3373
40.129, 3372
40.392, 3371
40.420, 3370
40.449, 3369
40.712, 3368
40.964, 3367
41.201, 3366
41.582, 3365
41.608, 3364
42.212, 3363
42.796, 3362
42.867, 3361
43.554, 3360
44.619, 3359
44.913, 3358
45.173, 3357
45.596, 3356
46.330, 3355
48.905, 3354
49.863, 3353
50.739, 3352
51.399, 3351
51.757, 3350
52.952, 3349
54.447, 3348
55.340, 3347
55.414, 3346
58.061, 3345
58.896, 3344
59.393, 3343
