0.003, 3907
4.224, 3906
4.268, 3905
4.293, 3904
4.306, 3903
4.348, 3902
4.392, 3901
4.409, 3900
4.414, 3899
4.428, 3898
4.495, 3897
4.499, 3896
4.552, 3895
4.618, 3894
4.650, 3893
4.693, 3892
4.699, 3891
4.711, 3890
4.729, 3889
4.738, 3888
4.777, 3887
4.807, 3886
4.828, 3885
4.862, 3884
4.876, 3883
4.879, 3882
4.915, 3881
4.996, 3880
5.002, 3879
5.064, 3878
5.077, 3877
5.086, 3876
5.119, 3875
5.157, 3874
5.254, 3873
5.286, 3872
5.309, 3871
5.330, 3870
5.341, 3869
5.419, 3868
5.424, 3867
5.431, 3866
5.447, 3865
5.457, 3864
5.464, 3863
5.480, 3862
5.488, 3861
5.545, 3860
5.551, 3859
5.570, 3858
5.581, 3857
5.609, 3856
5.654, 3855
5.702, 3854
5.705, 3853
5.742, 3852
5.814, 3851
5.835, 3850
5.838, 3849
5.843, 3848
5.870, 3847
5.874, 3846
5.938, 3845
5.945, 3844
6.011, 3843
6.070, 3842
6.081, 3841
6.144, 3840
6.149, 3839
6.193, 3838
6.226, 3837
6.232, 3836
6.272, 3835
6.323, 3834
6.412, 3833
6.453, 3832
6.460, 3831
6.482, 3830
6.501, 3829
6.506, 3828
6.538, 3827
6.570, 3826
6.576, 3825
6.586, 3824
6.644, 3823
6.654, 3822
6.657, 3821
6.686, 3820
6.706, 3819
6.712, 3818
6.722, 3817
6.846, 3816
6.862, 3815
6.886, 3814
6.919, 3813
6.938, 3812
6.960, 3811
7.008, 3810
7.011, 3809
7.026, 3808
7.140, 3807
7.171, 3806
7.194, 3805
7.221, 3804
7.234, 3803
7.254, 3802
7.292, 3801
7.355, 3800
7.372, 3799
7.385, 3798
7.416, 3797
7.430, 3796
7.460, 3795
7.487, 3794
7.517, 3793
7.539, 3792
7.550, 3791
7.556, 3790
7.631, 3789
7.637, 3788
7.642, 3787
7.739, 3786
7.744, 3785
7.755, 3784
7.818, 3783
7.832, 3782
7.834, 3781
7.863, 3780
7.896, 3779
7.952, 3778
7.956, 3777
7.969, 3776
8.026, 3775
8.061, 3774
8.165, 3773
8.239, 3772
8.290, 3771
8.316, 3770
8.353, 3769
8.367, 3768
8.373, 3767
8.392, 3766
8.415, 3765
8.510, 3764
8.579, 3763
8.586, 3762
8.639, 3761
8.658, 3760
8.666, 3759
8.668, 3758
8.682, 3757
8.692, 3756
8.702, 3755
8.717, 3754
8.721, 3753
8.833, 3752
8.914, 3751
8.965, 3750
8.977, 3749
9.004, 3748
9.007, 3747
9.016, 3746
9.058, 3745
9.126, 3744
9.180, 3743
9.184, 3742
9.194, 3741
9.216, 3740
9.226, 3739
9.243, 3738
9.265, 3737
9.281, 3736
9.292, 3735
9.315, 3734
9.427, 3733
9.478, 3732
9.502, 3731
9.576, 3730
9.604, 3729
9.646, 3728
9.665, 3727
9.680, 3726
9.696, 3725
9.710, 3724
9.719, 3723
9.726, 3722
9.733, 3721
9.767, 3720
9.785, 3719
9.820, 3718
9.845, 3717
10.022, 3716
10.039, 3715
10.076, 3714
10.089, 3713
10.114, 3712
10.116, 3711
10.156, 3710
10.173, 3709
10.202, 3708
10.211, 3707
10.213, 3706
10.238, 3705
10.258, 3704
10.265, 3703
10.268, 3702
10.289, 3701
10.303, 3700
10.337, 3699
10.361, 3698
10.372, 3697
10.398, 3696
10.450, 3695
10.499, 3694
10.512, 3693
10.522, 3692
10.584, 3691
10.702, 3690
10.710, 3689
10.772, 3688
10.812, 3687
10.849, 3686
10.856, 3685
10.868, 3684
10.872, 3683
10.875, 3682
10.898, 3681
10.906, 3680
10.986, 3679
11.009, 3678
11.023, 3677
11.042, 3676
11.056, 3675
11.064, 3674
11.095, 3673
11.107, 3672
11.128, 3671
11.138, 3670
11.158, 3669
11.161, 3668
11.182, 3667
11.203, 3666
11.215, 3665
11.220, 3664
11.222, 3663
11.298, 3662
11.301, 3661
11.497, 3660
11.499, 3659
11.646, 3658
11.671, 3657
11.722, 3656
11.771, 3655
11.782, 3654
11.808, 3653
11.865, 3652
11.880, 3651
11.957, 3650
11.973, 3649
12.002, 3648
12.021, 3647
12.141, 3646
12.183, 3645
12.216, 3644
12.294, 3643
12.350, 3642
12.467, 3641
12.474, 3640
12.483, 3639
12.767, 3638
12.801, 3637
12.902, 3636
12.981, 3635
13.034, 3634
13.065, 3633
13.090, 3632
13.092, 3631
13.174, 3630
13.209, 3629
13.298, 3628
13.320, 3627
13.322, 3626
13.348, 3625
13.372, 3624
13.385, 3623
13.469, 3622
13.549, 3621
13.582, 3620
13.596, 3619
13.709, 3618
13.717, 3617
13.795, 3616
13.797, 3615
13.975, 3614
14.122, 3613
14.165, 3612
14.166, 3611
14.455, 3610
14.486, 3609
14.603, 3608
14.605, 3607
14.627, 3606
14.744, 3605
14.766, 3604
14.819, 3603
14.833, 3602
14.852, 3601
14.896, 3600
14.916, 3599
15.023, 3598
15.046, 3597
15.067, 3596
15.109, 3595
15.133, 3594
15.144, 3593
15.202, 3592
15.217, 3591
15.281, 3590
15.293, 3589
15.319, 3588
15.398, 3587
15.463, 3586
15.504, 3585
15.508, 3584
15.541, 3583
15.578, 3582
15.626, 3581
15.672, 3580
15.685, 3579
15.687, 3578
15.697, 3577
15.712, 3576
15.718, 3575
15.836, 3574
15.906, 3573
15.954, 3572
15.961, 3571
16.085, 3570
16.149, 3569
16.346, 3568
16.378, 3567
16.443, 3566
16.588, 3565
16.699, 3564
16.740, 3563
16.873, 3562
16.893, 3561
16.915, 3560
17.012, 3559
17.056, 3558
17.077, 3557
17.140, 3556
17.211, 3555
17.594, 3554
17.606, 3553
17.629, 3552
17.773, 3551
17.910, 3550
17.975, 3549
18.048, 3548
18.107, 3547
18.155, 3546
18.165, 3545
18.233, 3544
18.290, 3543
18.580, 3542
18.617, 3541
18.630, 3540
18.682, 3539
18.760, 3538
18.803, 3537
18.872, 3536
18.910, 3535
18.914, 3534
19.004, 3533
19.006, 3532
19.034, 3531
19.117, 3530
19.204, 3529
19.295, 3528
19.321, 3527
19.329, 3526
19.346, 3525
19.375, 3524
19.394, 3523
19.402, 3522
19.477, 3521
19.540, 3520
19.567, 3519
19.596, 3518
19.624, 3517
19.642, 3516
19.651, 3515
19.713, 3514
19.759, 3513
19.869, 3512
20.028, 3511
20.116, 3510
20.190, 3509
20.244, 3508
20.309, 3507
20.387, 3506
20.428, 3505
20.435, 3504
20.461, 3503
20.522, 3502
20.526, 3501
20.677, 3500
20.766, 3499
20.830, 3498
20.894, 3497
21.077, 3496
21.129, 3495
21.135, 3494
21.227, 3493
21.312, 3492
21.347, 3491
21.372, 3490
21.455, 3489
21.462, 3488
21.482, 3487
21.491, 3486
21.647, 3485
21.812, 3484
21.975, 3483
22.012, 3482
22.022, 3481
22.045, 3480
22.066, 3479
22.143, 3478
22.206, 3477
22.476, 3476
22.573, 3475
22.583, 3474
22.753, 3473
22.928, 3472
22.985, 3471
23.267, 3470
23.309, 3469
23.343, 3468
23.468, 3467
23.480, 3466
23.564, 3465
23.860, 3464
23.948, 3463
23.973, 3462
24.019, 3461
24.132, 3460
24.138, 3459
24.211, 3458
24.328, 3457
24.340, 3456
24.494, 3455
24.716, 3454
24.785, 3453
24.950, 3452
25.005, 3451
25.180, 3450
25.448, 3449
25.509, 3448
25.615, 3447
25.780, 3446
25.794, 3445
26.027, 3444
26.080, 3443
26.152, 3442
26.236, 3441
26.275, 3440
26.299, 3439
26.328, 3438
26.642, 3437
26.655, 3436
26.696, 3435
26.698, 3434
26.962, 3433
26.970, 3432
26.984, 3431
27.303, 3430
27.769, 3429
28.082, 3428
28.182, 3427
28.283, 3426
28.408, 3425
28.540, 3424
28.557, 3423
28.593, 3422
28.689, 3421
28.788, 3420
28.872, 3419
28.919, 3418
28.981, 3417
29.136, 3416
29.142, 3415
29.178, 3414
29.430, 3413
29.625, 3412
29.707, 3411
29.968, 3410
30.015, 3409
30.447, 3408
30.790, 3407
30.967, 3406
31.180, 3405
31.398, 3404
32.182, 3403
32.267, 3402
32.278, 3401
32.418, 3400
33.386, 3399
33.561, 3398
33.816, 3397
33.823, 3396
33.985, 3395
34.376, 3394
34.668, 3393
35.450, 3392
36.189, 3391
36.314, 3390
36.376, 3389
36.677, 3388
36.752, 3387
37.596, 3386
37.800, 3385
38.011, 3384
38.113, 3383
39.054, 3382
39.374, 3381
39.896, 3380
40.021, 3379
41.007, 3378
41.235, 3377
41.274, 3376
41.552, 3375
42.106, 3374
42.563, 3373
42.631, 3372
42.951, 3371
43.410, 3370
43.531, 3369
43.704, 3368
43.816, 3367
43.908, 3366
44.256, 3365
44.460, 3364
44.761, 3363
45.099, 3362
46.757, 3361
46.861, 3360
46.913, 3359
46.933, 3358
47.210, 3357
47.324, 3356
47.483, 3355
49.094, 3354
49.798, 3353
49.942, 3352
50.795, 3351
51.640, 3350
52.919, 3349
53.219, 3348
54.712, 3347
