0.001, 3907
4.826, 3906
4.838, 3905
4.855, 3904
4.856, 3903
4.891, 3902
4.919, 3901
4.930, 3900
4.960, 3899
5.045, 3898
5.059, 3897
5.081, 3896
5.084, 3895
5.092, 3894
5.151, 3893
5.210, 3892
5.237, 3891
5.240, 3890
5.262, 3889
5.304, 3888
5.341, 3887
5.348, 3886
5.364, 3885
5.373, 3884
5.385, 3883
5.386, 3882
5.405, 3881
5.432, 3880
5.445, 3879
5.473, 3878
5.513, 3877
5.538, 3876
5.570, 3875
5.574, 3874
5.589, 3873
5.597, 3872
5.623, 3871
5.625, 3870
5.657, 3869
5.680, 3868
5.681, 3867
5.740, 3866
5.743, 3865
5.773, 3864
5.820, 3863
5.841, 3862
5.870, 3861
5.881, 3860
5.896, 3859
5.921, 3858
5.923, 3857
5.954, 3856
5.973, 3855
5.977, 3854
5.983, 3853
6.075, 3852
6.081, 3851
6.106, 3850
6.175, 3849
6.218, 3848
6.244, 3847
6.253, 3846
6.271, 3845
6.297, 3844
6.321, 3843
6.385, 3842
6.403, 3841
6.406, 3840
6.449, 3839
6.454, 3838
6.471, 3837
6.513, 3836
6.523, 3835
6.548, 3834
6.559, 3833
6.572, 3832
6.610, 3831
6.656, 3830
6.686, 3829
6.695, 3828
6.696, 3827
6.700, 3826
6.707, 3825
6.763, 3824
6.771, 3823
6.792, 3822
6.798, 3821
6.829, 3820
6.859, 3819
6.867, 3818
6.944, 3817
6.961, 3816
7.004, 3815
7.006, 3814
7.053, 3813
7.089, 3812
7.092, 3811
7.094, 3810
7.113, 3809
7.133, 3808
7.145, 3807
7.157, 3806
7.160, 3805
7.175, 3804
7.202, 3803
7.228, 3802
7.246, 3801
7.280, 3800
7.282, 3799
7.296, 3798
7.330, 3797
7.334, 3796
7.407, 3795
7.422, 3794
7.515, 3793
7.528, 3792
7.593, 3791
7.622, 3790
7.661, 3789
7.677, 3788
7.717, 3787
7.738, 3786
7.742, 3785
7.753, 3784
7.756, 3783
7.771, 3782
7.793, 3781
7.825, 3780
7.844, 3779
7.846, 3778
7.854, 3777
7.870, 3776
7.872, 3775
7.888, 3774
7.889, 3773
7.916, 3772
7.935, 3771
7.985, 3770
7.986, 3769
7.995, 3768
7.997, 3767
8.001, 3766
8.022, 3765
8.026, 3764
8.045, 3763
8.169, 3762
8.182, 3761
8.207, 3760
8.223, 3759
8.228, 3758
8.291, 3757
8.374, 3756
8.382, 3755
8.401, 3754
8.417, 3753
8.421, 3752
8.470, 3751
8.497, 3750
8.538, 3749
8.596, 3748
8.644, 3747
8.669, 3746
8.673, 3745
8.721, 3744
8.805, 3743
8.844, 3742
8.882, 3741
8.908, 3740
8.915, 3739
8.969, 3738
8.988, 3737
9.100, 3736
9.154, 3735
9.174, 3734
9.198, 3733
9.216, 3732
9.225, 3731
9.229, 3730
9.238, 3729
9.251, 3728
9.271, 3727
9.283, 3726
9.297, 3725
9.315, 3724
9.319, 3723
9.326, 3722
9.331, 3721
9.351, 3720
9.375, 3719
9.383, 3718
9.386, 3717
9.407, 3716
9.412, 3715
9.415, 3714
9.418, 3713
9.444, 3712
9.484, 3711
9.525, 3710
9.528, 3709
9.534, 3708
9.576, 3707
9.601, 3706
9.653, 3705
9.673, 3704
9.747, 3703
9.754, 3702
9.764, 3701
9.772, 3700
9.788, 3699
9.814, 3698
9.817, 3697
9.847, 3696
9.857, 3695
9.890, 3694
9.916, 3693
9.960, 3692
10.020, 3691
10.022, 3690
10.034, 3689
10.038, 3688
10.080, 3687
10.091, 3686
10.150, 3685
10.159, 3684
10.167, 3683
10.205, 3682
10.249, 3681
10.321, 3680
10.335, 3679
10.343, 3678
10.416, 3677
10.437, 3676
10.527, 3675
10.544, 3674
10.614, 3673
10.645, 3672
10.687, 3671
10.702, 3670
10.760, 3669
10.792, 3668
10.808, 3667
10.828, 3666
10.851, 3665
10.870, 3664
10.917, 3663
10.919, 3662
10.992, 3661
11.015, 3660
11.026, 3659
11.042, 3658
11.070, 3657
11.151, 3656
11.154, 3655
11.163, 3654
11.174, 3653
11.196, 3652
11.237, 3651
11.274, 3650
11.280, 3649
11.284, 3648
11.361, 3647
11.427, 3646
11.435, 3645
11.438, 3644
11.466, 3643
11.514, 3642
11.523, 3641
11.600, 3640
11.606, 3639
11.794, 3638
11.884, 3637
11.966, 3636
12.080, 3635
12.094, 3634
12.101, 3633
12.206, 3632
12.287, 3631
12.364, 3630
12.478, 3629
12.499, 3628
12.629, 3627
12.654, 3626
12.686, 3625
12.720, 3624
12.775, 3623
12.776, 3622
12.829, 3621
12.877, 3620
12.888, 3619
12.959, 3618
12.976, 3617
12.994, 3616
13.008, 3615
13.085, 3614
13.152, 3613
13.159, 3612
13.268, 3611
13.287, 3610
13.311, 3609
13.322, 3608
13.325, 3607
13.399, 3606
13.429, 3605
13.485, 3604
13.581, 3603
13.602, 3602
13.651, 3601
13.665, 3600
13.834, 3599
13.870, 3598
13.873, 3597
13.881, 3596
14.000, 3595
14.137, 3594
14.169, 3593
14.190, 3592
14.231, 3591
14.277, 3590
14.280, 3589
14.286, 3588
14.437, 3587
14.446, 3586
14.562, 3585
14.576, 3584
14.819, 3583
14.877, 3582
14.881, 3581
14.950, 3580
14.958, 3579
14.970, 3578
15.048, 3577
15.062, 3576
15.118, 3575
15.126, 3574
15.249, 3573
15.340, 3572
15.405, 3571
15.457, 3570
15.463, 3569
15.734, 3568
15.795, 3567
15.801, 3566
15.890, 3565
15.910, 3564
16.000, 3563
16.114, 3562
16.188, 3561
16.196, 3560
16.245, 3559
16.370, 3558
16.606, 3557
16.732, 3556
16.733, 3555
16.920, 3554
16.948, 3553
16.960, 3552
16.965, 3551
16.993, 3550
17.102, 3549
17.122, 3548
17.176, 3547
17.222, 3546
17.354, 3545
17.572, 3544
17.629, 3543
17.721, 3542
17.842, 3541
17.902, 3540
17.989, 3539
18.072, 3538
18.144, 3537
18.204, 3536
18.231, 3535
18.333, 3534
18.409, 3533
18.614, 3532
18.662, 3531
18.665, 3530
18.828, 3529
18.878, 3528
18.983, 3527
19.022, 3526
19.064, 3525
19.251, 3524
19.477, 3523
19.546, 3522
19.615, 3521
19.665, 3520
19.690, 3519
19.788, 3518
19.804, 3517
19.901, 3516
19.912, 3515
19.982, 3514
20.026, 3513
20.047, 3512
20.133, 3511
20.202, 3510
20.262, 3509
20.428, 3508
20.557, 3507
20.881, 3506
20.900, 3505
21.243, 3504
21.310, 3503
21.404, 3502
21.640, 3501
21.642, 3500
21.830, 3499
21.951, 3498
22.001, 3497
22.058, 3496
22.086, 3495
22.266, 3494
22.268, 3493
22.435, 3492
22.611, 3491
22.624, 3490
22.676, 3489
22.731, 3488
22.747, 3487
23.040, 3486
23.063, 3485
23.165, 3484
23.227, 3483
23.249, 3482
23.308, 3481
23.391, 3480
23.418, 3479
23.453, 3478
23.707, 3477
23.797, 3476
23.814, 3475
23.822, 3474
24.398, 3473
24.458, 3472
24.636, 3471
24.665, 3470
24.666, 3469
24.717, 3468
24.780, 3467
24.923, 3466
24.973, 3465
25.014, 3464
25.220, 3463
25.250, 3462
25.292, 3461
25.307, 3460
25.463, 3459
25.575, 3458
25.701, 3457
25.857, 3456
25.914, 3455
26.195, 3454
26.408, 3453
26.442, 3452
26.584, 3451
26.698, 3450
26.765, 3449
26.793, 3448
26.825, 3447
26.879, 3446
26.947, 3445
27.059, 3444
27.137, 3443
27.145, 3442
27.302, 3441
27.345, 3440
27.354, 3439
27.499, 3438
27.521, 3437
27.565, 3436
27.867, 3435
28.001, 3434
28.046, 3433
28.178, 3432
28.245, 3431
28.294, 3430
28.689, 3429
29.074, 3428
29.112, 3427
29.190, 3426
29.443, 3425
29.601, 3424
29.688, 3423
29.798, 3422
30.025, 3421
30.282, 3420
30.448, 3419
30.463, 3418
30.600, 3417
30.632, 3416
31.448, 3415
31.586, 3414
31.664, 3413
31.811, 3412
31.844, 3411
31.989, 3410
32.508, 3409
32.580, 3408
32.924, 3407
33.094, 3406
33.186, 3405
33.289, 3404
33.490, 3403
33.623, 3402
33.635, 3401
33.719, 3400
33.817, 3399
34.208, 3398
34.278, 3397
34.853, 3396
35.487, 3395
35.789, 3394
35.977, 3393
36.561, 3392
36.613, 3391
36.998, 3390
37.692, 3389
37.704, 3388
37.825, 3387
38.120, 3386
38.404, 3385
38.521, 3384
38.612, 3383
39.327, 3382
39.532, 3381
39.573, 3380
39.681, 3379
39.709, 3378
39.862, 3377
39.898, 3376
40.036, 3375
40.686, 3374
41.002, 3373
41.891, 3372
41.975, 3371
42.510, 3370
43.032, 3369
43.275, 3368
43.670, 3367
43.679, 3366
43.828, 3365
44.000, 3364
44.772, 3363
44.908, 3362
45.280, 3361
45.568, 3360
45.695, 3359
45.752, 3358
45.996, 3357
47.600, 3356
47.741, 3355
47.859, 3354
49.803, 3353
50.419, 3352
51.294, 3351
53.046, 3350
54.829, 3349
55.971, 3348
58.281, 3347
59.041, 3346
59.636, 3345
