0.006, 11021
0.006, 11020
0.006, 11019
0.006, 11018
0.006, 11017
0.006, 11016
0.006, 11015
0.006, 11014
0.006, 11013
0.006, 11012
0.006, 11011
0.006, 11010
0.006, 11009
0.006, 11008
0.006, 11007
0.006, 11006
0.006, 11005
0.006, 11004
0.006, 11003
0.006, 11002
0.006, 11001
0.006, 11000
0.006, 10999
0.006, 10998
0.006, 10997
0.006, 10996
0.006, 10995
0.006, 10994
0.006, 10993
0.006, 10992
0.006, 10991
0.006, 10990
0.006, 10989
0.006, 10988
0.006, 10987
0.006, 10986
0.006, 10985
0.006, 10984
0.006, 10983
0.006, 10982
0.006, 10981
0.006, 10980
0.006, 10979
0.006, 10978
0.006, 10977
0.006, 10976
0.006, 10975
0.006, 10974
0.006, 10973
0.006, 10972
0.006, 10971
0.006, 10970
0.006, 10969
0.006, 10968
0.006, 10967
0.006, 10966
0.006, 10965
0.006, 10964
0.006, 10963
0.006, 10962
0.006, 10961
0.006, 10960
0.006, 10959
0.006, 10958
0.006, 10957
0.006, 10956
0.006, 10955
0.006, 10954
0.006, 10953
0.006, 10952
0.006, 10951
0.006, 10950
0.006, 10949
0.006, 10948
0.006, 10947
0.006, 10946
0.006, 10945
0.006, 10944
0.006, 10943
0.006, 10942
0.006, 10941
0.006, 10940
0.006, 10939
0.006, 10938
0.006, 10937
0.006, 10936
0.006, 10935
0.006, 10934
0.006, 10933
0.006, 10932
0.006, 10931
0.006, 10930
0.006, 10929
0.006, 10928
0.006, 10927
0.006, 10926
0.006, 10925
0.006, 10924
0.006, 10923
0.006, 10922
0.006, 10921
0.006, 10920
0.006, 10919
0.006, 10918
0.006, 10917
0.006, 10916
0.006, 10915
0.006, 10914
0.006, 10913
0.006, 10912
0.006, 10911
0.006, 10910
0.006, 10909
0.006, 10908
0.006, 10907
0.006, 10906
0.006, 10905
0.006, 10904
0.006, 10903
0.006, 10902
0.006, 10901
0.006, 10900
0.006, 10899
0.006, 10898
0.006, 10897
0.006, 10896
0.006, 10895
0.006, 10894
0.006, 10893
0.006, 10892
0.006, 10891
0.006, 10890
0.006, 10889
0.006, 10888
0.006, 10887
0.006, 10886
0.006, 10885
0.006, 10884
0.006, 10883
0.006, 10882
0.006, 10881
0.006, 10880
0.006, 10879
0.006, 10878
0.006, 10877
0.006, 10876
0.006, 10875
0.006, 10874
0.007, 10873
0.007, 10872
0.007, 10871
0.007, 10870
0.007, 10869
0.007, 10868
0.007, 10867
0.007, 10866
0.007, 10865
0.007, 10864
0.007, 10863
0.007, 10862
0.007, 10861
0.007, 10860
0.007, 10859
0.007, 10858
0.007, 10857
0.007, 10856
0.007, 10855
0.007, 10854
0.007, 10853
0.007, 10852
0.007, 10851
0.007, 10850
0.007, 10849
0.007, 10848
0.007, 10847
0.007, 10846
0.007, 10845
0.007, 10844
0.007, 10843
0.007, 10842
0.007, 10841
0.007, 10840
0.007, 10839
0.007, 10838
0.007, 10837
0.007, 10836
0.007, 10835
0.007, 10834
0.007, 10833
0.007, 10832
0.007, 10831
0.007, 10830
0.007, 10829
0.007, 10828
0.007, 10827
0.007, 10826
0.007, 10825
0.007, 10824
0.007, 10823
0.007, 10822
0.007, 10821
0.007, 10820
0.007, 10819
0.007, 10818
0.007, 10817
0.007, 10816
0.007, 10815
0.007, 10814
0.007, 10813
0.007, 10812
0.007, 10811
0.007, 10810
0.007, 10809
0.007, 10808
0.007, 10807
0.007, 10806
0.007, 10805
0.007, 10804
0.007, 10803
0.007, 10802
0.007, 10801
0.007, 10800
0.007, 10799
0.007, 10798
0.007, 10797
0.007, 10796
0.007, 10795
0.007, 10794
0.007, 10793
0.007, 10792
0.007, 10791
0.007, 10790
0.007, 10789
0.007, 10788
0.007, 10787
0.007, 10786
0.007, 10785
0.007, 10784
0.007, 10783
0.007, 10782
0.007, 10781
0.007, 10780
0.007, 10779
0.007, 10778
0.007, 10777
0.007, 10776
0.007, 10775
0.007, 10774
0.007, 10773
0.007, 10772
0.007, 10771
0.007, 10770
0.007, 10769
0.007, 10768
0.007, 10767
0.007, 10766
0.007, 10765
0.007, 10764
0.007, 10763
0.007, 10762
0.007, 10761
0.007, 10760
0.007, 10759
0.007, 10758
0.007, 10757
0.007, 10756
0.007, 10755
0.007, 10754
0.007, 10753
0.007, 10752
0.007, 10751
0.007, 10750
0.007, 10749
0.007, 10748
0.007, 10747
0.007, 10746
0.007, 10745
0.007, 10744
0.007, 10743
0.007, 10742
0.007, 10741
0.007, 10740
0.007, 10739
0.007, 10738
0.007, 10737
0.007, 10736
0.007, 10735
0.007, 10734
0.007, 10733
0.007, 10732
0.007, 10731
0.007, 10730
0.007, 10729
0.007, 10728
0.007, 10727
0.007, 10726
0.007, 10725
0.007, 10724
0.007, 10723
0.007, 10722
0.007, 10721
0.007, 10720
0.007, 10719
0.007, 10718
0.007, 10717
0.007, 10716
0.007, 10715
0.007, 10714
0.007, 10713
0.007, 10712
0.007, 10711
0.007, 10710
0.007, 10709
0.007, 10708
0.007, 10707
0.007, 10706
0.007, 10705
0.007, 10704
0.007, 10703
0.007, 10702
0.007, 10701
0.007, 10700
0.007, 10699
0.007, 10698
0.007, 10697
0.007, 10696
0.007, 10695
0.007, 10694
0.007, 10693
0.007, 10692
0.007, 10691
0.007, 10690
0.007, 10689
0.007, 10688
0.007, 10687
0.007, 10686
0.007, 10685
0.007, 10684
0.007, 10683
0.007, 10682
0.007, 10681
0.007, 10680
0.007, 10679
0.007, 10678
0.007, 10677
0.007, 10676
0.007, 10675
0.007, 10674
0.007, 10673
0.007, 10672
0.007, 10671
0.007, 10670
0.007, 10669
0.007, 10668
0.007, 10667
0.007, 10666
0.007, 10665
0.007, 10664
0.007, 10663
0.007, 10662
0.007, 10661
0.007, 10660
0.007, 10659
0.007, 10658
0.007, 10657
0.007, 10656
0.007, 10655
0.007, 10654
0.007, 10653
0.007, 10652
0.007, 10651
0.007, 10650
0.008, 10649
0.008, 10648
0.008, 10647
0.008, 10646
0.008, 10645
0.008, 10644
0.008, 10643
0.008, 10642
0.008, 10641
0.008, 10640
0.008, 10639
0.008, 10638
0.008, 10637
0.008, 10636
0.008, 10635
0.008, 10634
0.008, 10633
0.008, 10632
0.008, 10631
0.008, 10630
0.008, 10629
0.008, 10628
0.008, 10627
0.008, 10626
0.008, 10625
0.008, 10624
0.008, 10623
0.008, 10622
0.008, 10621
0.008, 10620
0.008, 10619
0.008, 10618
0.008, 10617
0.008, 10616
0.008, 10615
0.008, 10614
0.008, 10613
0.008, 10612
0.008, 10611
0.008, 10610
0.008, 10609
0.008, 10608
0.008, 10607
0.008, 10606
0.008, 10605
0.008, 10604
0.008, 10603
0.008, 10602
0.008, 10601
0.008, 10600
0.008, 10599
0.008, 10598
0.008, 10597
0.008, 10596
0.008, 10595
0.008, 10594
0.008, 10593
0.008, 10592
0.008, 10591
0.008, 10590
0.008, 10589
0.008, 10588
0.008, 10587
0.008, 10586
0.008, 10585
0.008, 10584
0.008, 10583
0.008, 10582
0.008, 10581
0.008, 10580
0.008, 10579
0.008, 10578
0.008, 10577
0.008, 10576
0.008, 10575
0.008, 10574
0.008, 10573
0.008, 10572
0.008, 10571
0.008, 10570
0.008, 10569
0.008, 10568
0.008, 10567
0.008, 10566
0.008, 10565
0.008, 10564
0.008, 10563
0.008, 10562
0.008, 10561
0.008, 10560
0.008, 10559
0.008, 10558
0.008, 10557
0.008, 10556
0.008, 10555
0.008, 10554
0.008, 10553
0.008, 10552
0.008, 10551
0.008, 10550
0.008, 10549
0.008, 10548
0.008, 10547
0.008, 10546
0.008, 10545
0.008, 10544
0.008, 10543
0.008, 10542
0.008, 10541
0.008, 10540
0.008, 10539
0.008, 10538
0.008, 10537
0.008, 10536
0.008, 10535
0.008, 10534
0.008, 10533
0.008, 10532
0.008, 10531
0.008, 10530
0.008, 10529
0.008, 10528
0.008, 10527
0.008, 10526
0.008, 10525
0.008, 10524
0.008, 10523
0.008, 10522
0.008, 10521
0.008, 10520
0.008, 10519
0.008, 10518
0.008, 10517
0.008, 10516
0.008, 10515
0.008, 10514
0.008, 10513
0.008, 10512
0.008, 10511
0.008, 10510
0.008, 10509
0.008, 10508
0.008, 10507
0.008, 10506
0.008, 10505
0.008, 10504
0.008, 10503
0.008, 10502
0.008, 10501
0.008, 10500
0.008, 10499
0.008, 10498
0.008, 10497
0.008, 10496
0.008, 10495
0.008, 10494
0.008, 10493
0.008, 10492
0.008, 10491
0.008, 10490
0.008, 10489
0.008, 10488
0.008, 10487
0.008, 10486
0.008, 10485
0.008, 10484
0.008, 10483
0.008, 10482
0.008, 10481
0.008, 10480
0.008, 10479
0.008, 10478
0.008, 10477
0.008, 10476
0.008, 10475
0.008, 10474
0.008, 10473
0.008, 10472
0.008, 10471
0.008, 10470
0.008, 10469
0.008, 10468
0.008, 10467
0.008, 10466
0.008, 10465
0.008, 10464
0.008, 10463
0.008, 10462
0.008, 10461
0.008, 10460
0.008, 10459
0.008, 10458
0.008, 10457
0.008, 10456
0.008, 10455
0.008, 10454
0.008, 10453
0.008, 10452
0.008, 10451
0.008, 10450
0.008, 10449
0.008, 10448
0.008, 10447
0.008, 10446
0.008, 10445
0.008, 10444
0.008, 10443
0.008, 10442
0.008, 10441
0.008, 10440
0.008, 10439
0.008, 10438
0.009, 10437
0.009, 10436
0.009, 10435
0.009, 10434
0.009, 10433
0.009, 10432
0.009, 10431
0.009, 10430
0.009, 10429
0.009, 10428
0.009, 10427
0.009, 10426
0.009, 10425
0.009, 10424
0.009, 10423
0.009, 10422
0.009, 10421
0.009, 10420
0.009, 10419
0.009, 10418
0.009, 10417
0.009, 10416
0.009, 10415
0.009, 10414
0.009, 10413
0.009, 10412
0.009, 10411
0.009, 10410
0.009, 10409
0.009, 10408
0.009, 10407
0.009, 10406
0.009, 10405
0.009, 10404
0.009, 10403
0.009, 10402
0.009, 10401
0.009, 10400
0.009, 10399
0.009, 10398
0.009, 10397
0.009, 10396
0.009, 10395
0.009, 10394
0.009, 10393
0.009, 10392
0.009, 10391
0.009, 10390
0.009, 10389
0.009, 10388
0.009, 10387
0.009, 10386
0.009, 10385
0.009, 10384
0.009, 10383
0.009, 10382
0.009, 10381
0.009, 10380
0.009, 10379
0.009, 10378
0.009, 10377
0.009, 10376
0.009, 10375
0.009, 10374
0.009, 10373
0.009, 10372
0.009, 10371
0.009, 10370
0.009, 10369
0.009, 10368
0.009, 10367
0.009, 10366
0.009, 10365
0.009, 10364
0.009, 10363
0.009, 10362
0.009, 10361
0.009, 10360
0.009, 10359
0.009, 10358
0.009, 10357
0.009, 10356
0.009, 10355
0.009, 10354
0.009, 10353
0.009, 10352
0.009, 10351
0.009, 10350
0.009, 10349
0.009, 10348
0.009, 10347
0.009, 10346
0.009, 10345
0.009, 10344
0.009, 10343
0.009, 10342
0.009, 10341
0.009, 10340
0.009, 10339
0.009, 10338
0.009, 10337
0.009, 10336
0.009, 10335
0.009, 10334
0.009, 10333
0.009, 10332
0.009, 10331
0.009, 10330
0.009, 10329
0.009, 10328
0.009, 10327
0.009, 10326
0.009, 10325
0.009, 10324
0.009, 10323
0.009, 10322
0.009, 10321
0.009, 10320
0.009, 10319
0.009, 10318
0.009, 10317
0.009, 10316
0.009, 10315
0.009, 10314
0.009, 10313
0.009, 10312
0.009, 10311
0.009, 10310
0.009, 10309
0.009, 10308
0.009, 10307
0.009, 10306
0.009, 10305
0.009, 10304
0.009, 10303
0.009, 10302
0.009, 10301
0.009, 10300
0.009, 10299
0.009, 10298
0.009, 10297
0.009, 10296
0.009, 10295
0.009, 10294
0.009, 10293
0.009, 10292
0.009, 10291
0.009, 10290
0.009, 10289
0.009, 10288
0.009, 10287
0.009, 10286
0.009, 10285
0.009, 10284
0.009, 10283
0.009, 10282
0.009, 10281
0.009, 10280
0.009, 10279
0.009, 10278
0.009, 10277
0.009, 10276
0.009, 10275
0.009, 10274
0.009, 10273
0.009, 10272
0.009, 10271
0.009, 10270
0.009, 10269
0.009, 10268
0.009, 10267
0.009, 10266
0.009, 10265
0.009, 10264
0.009, 10263
0.009, 10262
0.009, 10261
0.009, 10260
0.009, 10259
0.009, 10258
0.009, 10257
0.009, 10256
0.009, 10255
0.009, 10254
0.009, 10253
0.009, 10252
0.009, 10251
0.009, 10250
0.009, 10249
0.010, 10248
0.010, 10247
0.010, 10246
0.010, 10245
0.010, 10244
0.010, 10243
0.010, 10242
0.010, 10241
0.010, 10240
0.010, 10239
0.010, 10238
0.010, 10237
0.010, 10236
0.010, 10235
0.010, 10234
0.010, 10233
0.010, 10232
0.010, 10231
0.010, 10230
0.010, 10229
0.010, 10228
0.010, 10227
0.010, 10226
0.010, 10225
0.010, 10224
0.010, 10223
0.010, 10222
0.010, 10221
0.010, 10220
0.010, 10219
0.010, 10218
0.010, 10217
0.010, 10216
0.010, 10215
0.010, 10214
0.010, 10213
0.010, 10212
0.010, 10211
0.010, 10210
0.010, 10209
0.010, 10208
0.010, 10207
0.010, 10206
0.010, 10205
0.010, 10204
0.010, 10203
0.010, 10202
0.010, 10201
0.010, 10200
0.010, 10199
0.010, 10198
0.010, 10197
0.010, 10196
0.010, 10195
0.010, 10194
0.010, 10193
0.010, 10192
0.010, 10191
0.010, 10190
0.010, 10189
0.010, 10188
0.010, 10187
0.010, 10186
0.010, 10185
0.010, 10184
0.010, 10183
0.010, 10182
0.010, 10181
0.010, 10180
0.010, 10179
0.010, 10178
0.010, 10177
0.010, 10176
0.010, 10175
0.010, 10174
0.010, 10173
0.010, 10172
0.010, 10171
0.010, 10170
0.010, 10169
0.010, 10168
0.010, 10167
0.010, 10166
0.010, 10165
0.010, 10164
0.010, 10163
0.010, 10162
0.010, 10161
0.010, 10160
0.010, 10159
0.010, 10158
0.010, 10157
0.010, 10156
0.010, 10155
0.010, 10154
0.010, 10153
0.010, 10152
0.010, 10151
0.010, 10150
0.010, 10149
0.010, 10148
0.010, 10147
0.010, 10146
0.010, 10145
0.010, 10144
0.010, 10143
0.010, 10142
0.010, 10141
0.010, 10140
0.010, 10139
0.010, 10138
0.010, 10137
0.010, 10136
0.010, 10135
0.010, 10134
0.010, 10133
0.010, 10132
0.010, 10131
0.010, 10130
0.010, 10129
0.010, 10128
0.010, 10127
0.010, 10126
0.010, 10125
0.010, 10124
0.010, 10123
0.010, 10122
0.010, 10121
0.010, 10120
0.010, 10119
0.010, 10118
0.010, 10117
0.010, 10116
0.010, 10115
0.010, 10114
0.010, 10113
0.010, 10112
0.010, 10111
0.010, 10110
0.010, 10109
0.010, 10108
0.010, 10107
0.010, 10106
0.010, 10105
0.010, 10104
0.010, 10103
0.010, 10102
0.010, 10101
0.010, 10100
0.010, 10099
0.010, 10098
0.010, 10097
0.010, 10096
0.010, 10095
0.010, 10094
0.010, 10093
0.010, 10092
0.010, 10091
0.010, 10090
0.010, 10089
0.010, 10088
0.010, 10087
0.010, 10086
0.010, 10085
0.010, 10084
0.010, 10083
0.010, 10082
0.010, 10081
0.010, 10080
0.010, 10079
0.010, 10078
0.010, 10077
0.010, 10076
0.010, 10075
0.010, 10074
0.010, 10073
0.010, 10072
0.010, 10071
0.010, 10070
0.010, 10069
0.010, 10068
0.010, 10067
0.010, 10066
0.010, 10065
0.010, 10064
0.010, 10063
0.010, 10062
0.010, 10061
0.010, 10060
0.010, 10059
0.010, 10058
0.010, 10057
0.010, 10056
0.010, 10055
0.010, 10054
0.010, 10053
0.010, 10052
0.010, 10051
0.010, 10050
0.010, 10049
0.010, 10048
0.010, 10047
0.010, 10046
0.010, 10045
0.010, 10044
0.010, 10043
0.010, 10042
0.010, 10041
0.010, 10040
0.010, 10039
0.010, 10038
0.010, 10037
0.010, 10036
0.010, 10035
0.010, 10034
0.010, 10033
0.010, 10032
0.010, 10031
0.010, 10030
0.010, 10029
0.010, 10028
0.010, 10027
0.010, 10026
0.010, 10025
0.010, 10024
0.010, 10023
0.010, 10022
0.010, 10021
0.010, 10020
0.010, 10019
0.010, 10018
0.010, 10017
0.010, 10016
0.010, 10015
0.010, 10014
0.010, 10013
0.010, 10012
0.010, 10011
0.010, 10010
0.010, 10009
0.010, 10008
0.010, 10007
0.011, 10006
0.011, 10005
0.011, 10004
0.011, 10003
0.011, 10002
0.011, 10001
0.011, 10000
0.011, 9999
0.011, 9998
0.011, 9997
0.011, 9996
0.011, 9995
0.011, 9994
0.011, 9993
0.011, 9992
0.011, 9991
0.011, 9990
0.011, 9989
0.011, 9988
0.011, 9987
0.011, 9986
0.011, 9985
0.011, 9984
0.011, 9983
0.011, 9982
0.011, 9981
0.011, 9980
0.011, 9979
0.011, 9978
0.011, 9977
0.011, 9976
0.011, 9975
0.011, 9974
0.011, 9973
0.011, 9972
0.011, 9971
0.011, 9970
0.011, 9969
0.011, 9968
0.011, 9967
0.011, 9966
0.011, 9965
0.011, 9964
0.011, 9963
0.011, 9962
0.011, 9961
0.011, 9960
0.011, 9959
0.011, 9958
0.011, 9957
0.011, 9956
0.011, 9955
0.011, 9954
0.011, 9953
0.011, 9952
0.011, 9951
0.011, 9950
0.011, 9949
0.011, 9948
0.011, 9947
0.011, 9946
0.011, 9945
0.011, 9944
0.011, 9943
0.011, 9942
0.011, 9941
0.011, 9940
0.011, 9939
0.011, 9938
0.011, 9937
0.011, 9936
0.011, 9935
0.011, 9934
0.011, 9933
0.011, 9932
0.011, 9931
0.011, 9930
0.011, 9929
0.011, 9928
0.011, 9927
0.011, 9926
0.011, 9925
0.011, 9924
0.011, 9923
0.011, 9922
0.011, 9921
0.011, 9920
0.011, 9919
0.011, 9918
0.011, 9917
0.011, 9916
0.011, 9915
0.011, 9914
0.011, 9913
0.011, 9912
0.011, 9911
0.011, 9910
0.011, 9909
0.011, 9908
0.011, 9907
0.011, 9906
0.011, 9905
0.011, 9904
0.011, 9903
0.011, 9902
0.011, 9901
0.011, 9900
0.011, 9899
0.011, 9898
0.011, 9897
0.011, 9896
0.011, 9895
0.011, 9894
0.011, 9893
0.011, 9892
0.011, 9891
0.011, 9890
0.011, 9889
0.011, 9888
0.011, 9887
0.011, 9886
0.011, 9885
0.011, 9884
0.011, 9883
0.011, 9882
0.011, 9881
0.011, 9880
0.011, 9879
0.011, 9878
0.011, 9877
0.011, 9876
0.011, 9875
0.011, 9874
0.011, 9873
0.011, 9872
0.011, 9871
0.011, 9870
0.011, 9869
0.011, 9868
0.011, 9867
0.011, 9866
0.011, 9865
0.011, 9864
0.011, 9863
0.011, 9862
0.011, 9861
0.011, 9860
0.011, 9859
0.011, 9858
0.011, 9857
0.011, 9856
0.011, 9855
0.011, 9854
0.011, 9853
0.011, 9852
0.011, 9851
0.011, 9850
0.011, 9849
0.011, 9848
0.011, 9847
0.011, 9846
0.011, 9845
0.011, 9844
0.011, 9843
0.011, 9842
0.011, 9841
0.011, 9840
0.011, 9839
0.011, 9838
0.011, 9837
0.011, 9836
0.011, 9835
0.011, 9834
0.011, 9833
0.011, 9832
0.011, 9831
0.011, 9830
0.011, 9829
0.011, 9828
0.011, 9827
0.011, 9826
0.011, 9825
0.011, 9824
0.011, 9823
0.011, 9822
0.011, 9821
0.011, 9820
0.011, 9819
0.011, 9818
0.011, 9817
0.011, 9816
0.011, 9815
0.011, 9814
0.011, 9813
0.011, 9812
0.011, 9811
0.011, 9810
0.011, 9809
0.011, 9808
0.011, 9807
0.011, 9806
0.011, 9805
0.011, 9804
0.011, 9803
0.011, 9802
0.011, 9801
0.011, 9800
0.011, 9799
0.011, 9798
0.011, 9797
0.011, 9796
0.011, 9795
0.011, 9794
0.012, 9793
0.012, 9792
0.012, 9791
0.012, 9790
0.012, 9789
0.012, 9788
0.012, 9787
0.012, 9786
0.012, 9785
0.012, 9784
0.012, 9783
0.012, 9782
0.012, 9781
0.012, 9780
0.012, 9779
0.012, 9778
0.012, 9777
0.012, 9776
0.012, 9775
0.012, 9774
0.012, 9773
0.012, 9772
0.012, 9771
0.012, 9770
0.012, 9769
0.012, 9768
0.012, 9767
0.012, 9766
0.012, 9765
0.012, 9764
0.012, 9763
0.012, 9762
0.012, 9761
0.012, 9760
0.012, 9759
0.012, 9758
0.012, 9757
0.012, 9756
0.012, 9755
0.012, 9754
0.012, 9753
0.012, 9752
0.012, 9751
0.012, 9750
0.012, 9749
0.012, 9748
0.012, 9747
0.012, 9746
0.012, 9745
0.012, 9744
0.012, 9743
0.012, 9742
0.012, 9741
0.012, 9740
0.012, 9739
0.012, 9738
0.012, 9737
0.012, 9736
0.012, 9735
0.012, 9734
0.012, 9733
0.012, 9732
0.012, 9731
0.012, 9730
0.012, 9729
0.012, 9728
0.012, 9727
0.012, 9726
0.012, 9725
0.012, 9724
0.012, 9723
0.012, 9722
0.012, 9721
0.012, 9720
0.012, 9719
0.012, 9718
0.012, 9717
0.012, 9716
0.012, 9715
0.012, 9714
0.012, 9713
0.012, 9712
0.012, 9711
0.012, 9710
0.012, 9709
0.012, 9708
0.012, 9707
0.012, 9706
0.012, 9705
0.012, 9704
0.012, 9703
0.012, 9702
0.012, 9701
0.012, 9700
0.012, 9699
0.012, 9698
0.012, 9697
0.012, 9696
0.012, 9695
0.012, 9694
0.012, 9693
0.012, 9692
0.012, 9691
0.012, 9690
0.012, 9689
0.012, 9688
0.012, 9687
0.012, 9686
0.012, 9685
0.012, 9684
0.012, 9683
0.012, 9682
0.012, 9681
0.012, 9680
0.012, 9679
0.012, 9678
0.012, 9677
0.012, 9676
0.012, 9675
0.012, 9674
0.012, 9673
0.012, 9672
0.012, 9671
0.012, 9670
0.012, 9669
0.012, 9668
0.012, 9667
0.012, 9666
0.012, 9665
0.012, 9664
0.012, 9663
0.012, 9662
0.012, 9661
0.012, 9660
0.012, 9659
0.012, 9658
0.012, 9657
0.012, 9656
0.012, 9655
0.012, 9654
0.012, 9653
0.012, 9652
0.012, 9651
0.012, 9650
0.012, 9649
0.012, 9648
0.012, 9647
0.012, 9646
0.012, 9645
0.012, 9644
0.012, 9643
0.012, 9642
0.012, 9641
0.012, 9640
0.012, 9639
0.012, 9638
0.012, 9637
0.012, 9636
0.012, 9635
0.012, 9634
0.012, 9633
0.012, 9632
0.012, 9631
0.012, 9630
0.012, 9629
0.012, 9628
0.012, 9627
0.012, 9626
0.012, 9625
0.012, 9624
0.012, 9623
0.012, 9622
0.012, 9621
0.012, 9620
0.012, 9619
0.012, 9618
0.012, 9617
0.012, 9616
0.012, 9615
0.012, 9614
0.012, 9613
0.012, 9612
0.012, 9611
0.012, 9610
0.012, 9609
0.012, 9608
0.012, 9607
0.012, 9606
0.012, 9605
0.012, 9604
0.012, 9603
0.012, 9602
0.013, 9601
0.013, 9600
0.013, 9599
0.013, 9598
0.013, 9597
0.013, 9596
0.013, 9595
0.013, 9594
0.013, 9593
0.013, 9592
0.013, 9591
0.013, 9590
0.013, 9589
0.013, 9588
0.013, 9587
0.013, 9586
0.013, 9585
0.013, 9584
0.013, 9583
0.013, 9582
0.013, 9581
0.013, 9580
0.013, 9579
0.013, 9578
0.013, 9577
0.013, 9576
0.013, 9575
0.013, 9574
0.013, 9573
0.013, 9572
0.013, 9571
0.013, 9570
0.013, 9569
0.013, 9568
0.013, 9567
0.013, 9566
0.013, 9565
0.013, 9564
0.013, 9563
0.013, 9562
0.013, 9561
0.013, 9560
0.013, 9559
0.013, 9558
0.013, 9557
0.013, 9556
0.013, 9555
0.013, 9554
0.013, 9553
0.013, 9552
0.013, 9551
0.013, 9550
0.013, 9549
0.013, 9548
0.013, 9547
0.013, 9546
0.013, 9545
0.013, 9544
0.013, 9543
0.013, 9542
0.013, 9541
0.013, 9540
0.013, 9539
0.013, 9538
0.013, 9537
0.013, 9536
0.013, 9535
0.013, 9534
0.013, 9533
0.013, 9532
0.013, 9531
0.013, 9530
0.013, 9529
0.013, 9528
0.013, 9527
0.013, 9526
0.013, 9525
0.013, 9524
0.013, 9523
0.013, 9522
0.013, 9521
0.013, 9520
0.013, 9519
0.013, 9518
0.013, 9517
0.013, 9516
0.013, 9515
0.013, 9514
0.013, 9513
0.013, 9512
0.013, 9511
0.013, 9510
0.013, 9509
0.013, 9508
0.013, 9507
0.013, 9506
0.013, 9505
0.013, 9504
0.013, 9503
0.013, 9502
0.013, 9501
0.013, 9500
0.013, 9499
0.013, 9498
0.013, 9497
0.013, 9496
0.013, 9495
0.013, 9494
0.013, 9493
0.013, 9492
0.013, 9491
0.013, 9490
0.013, 9489
0.013, 9488
0.013, 9487
0.013, 9486
0.013, 9485
0.013, 9484
0.013, 9483
0.013, 9482
0.013, 9481
0.013, 9480
0.013, 9479
0.013, 9478
0.013, 9477
0.013, 9476
0.013, 9475
0.013, 9474
0.013, 9473
0.013, 9472
0.013, 9471
0.013, 9470
0.013, 9469
0.013, 9468
0.013, 9467
0.013, 9466
0.013, 9465
0.013, 9464
0.013, 9463
0.013, 9462
0.013, 9461
0.013, 9460
0.013, 9459
0.013, 9458
0.013, 9457
0.013, 9456
0.013, 9455
0.013, 9454
0.013, 9453
0.013, 9452
0.013, 9451
0.013, 9450
0.013, 9449
0.013, 9448
0.013, 9447
0.013, 9446
0.013, 9445
0.013, 9444
0.013, 9443
0.013, 9442
0.013, 9441
0.013, 9440
0.013, 9439
0.013, 9438
0.013, 9437
0.013, 9436
0.013, 9435
0.013, 9434
0.013, 9433
0.013, 9432
0.013, 9431
0.013, 9430
0.013, 9429
0.013, 9428
0.013, 9427
0.013, 9426
0.013, 9425
0.013, 9424
0.013, 9423
0.013, 9422
0.013, 9421
0.013, 9420
0.013, 9419
0.013, 9418
0.013, 9417
0.013, 9416
0.013, 9415
0.013, 9414
0.013, 9413
0.013, 9412
0.014, 9411
0.014, 9410
0.014, 9409
0.014, 9408
0.014, 9407
0.014, 9406
0.014, 9405
0.014, 9404
0.014, 9403
0.014, 9402
0.014, 9401
0.014, 9400
0.014, 9399
0.014, 9398
0.014, 9397
0.014, 9396
0.014, 9395
0.014, 9394
0.014, 9393
0.014, 9392
0.014, 9391
0.014, 9390
0.014, 9389
0.014, 9388
0.014, 9387
0.014, 9386
0.014, 9385
0.014, 9384
0.014, 9383
0.014, 9382
0.014, 9381
0.014, 9380
0.014, 9379
0.014, 9378
0.014, 9377
0.014, 9376
0.014, 9375
0.014, 9374
0.014, 9373
0.014, 9372
0.014, 9371
0.014, 9370
0.014, 9369
0.014, 9368
0.014, 9367
0.014, 9366
0.014, 9365
0.014, 9364
0.014, 9363
0.014, 9362
0.014, 9361
0.014, 9360
0.014, 9359
0.014, 9358
0.014, 9357
0.014, 9356
0.014, 9355
0.014, 9354
0.014, 9353
0.014, 9352
0.014, 9351
0.014, 9350
0.014, 9349
0.014, 9348
0.014, 9347
0.014, 9346
0.014, 9345
0.014, 9344
0.014, 9343
0.014, 9342
0.014, 9341
0.014, 9340
0.014, 9339
0.014, 9338
0.014, 9337
0.014, 9336
0.014, 9335
0.014, 9334
0.014, 9333
0.014, 9332
0.014, 9331
0.014, 9330
0.014, 9329
0.014, 9328
0.014, 9327
0.014, 9326
0.014, 9325
0.014, 9324
0.014, 9323
0.014, 9322
0.014, 9321
0.014, 9320
0.014, 9319
0.014, 9318
0.014, 9317
0.014, 9316
0.014, 9315
0.014, 9314
0.014, 9313
0.014, 9312
0.014, 9311
0.014, 9310
0.014, 9309
0.014, 9308
0.014, 9307
0.014, 9306
0.014, 9305
0.014, 9304
0.014, 9303
0.014, 9302
0.014, 9301
0.014, 9300
0.014, 9299
0.014, 9298
0.014, 9297
0.014, 9296
0.014, 9295
0.014, 9294
0.014, 9293
0.014, 9292
0.014, 9291
0.014, 9290
0.014, 9289
0.014, 9288
0.014, 9287
0.014, 9286
0.014, 9285
0.014, 9284
0.014, 9283
0.014, 9282
0.014, 9281
0.014, 9280
0.014, 9279
0.014, 9278
0.014, 9277
0.014, 9276
0.014, 9275
0.014, 9274
0.014, 9273
0.014, 9272
0.014, 9271
0.014, 9270
0.014, 9269
0.014, 9268
0.014, 9267
0.014, 9266
0.014, 9265
0.014, 9264
0.014, 9263
0.014, 9262
0.014, 9261
0.014, 9260
0.014, 9259
0.014, 9258
0.014, 9257
0.014, 9256
0.014, 9255
0.014, 9254
0.014, 9253
0.014, 9252
0.014, 9251
0.014, 9250
0.014, 9249
0.014, 9248
0.014, 9247
0.014, 9246
0.014, 9245
0.014, 9244
0.014, 9243
0.014, 9242
0.014, 9241
0.014, 9240
0.014, 9239
0.014, 9238
0.014, 9237
0.014, 9236
0.014, 9235
0.014, 9234
0.014, 9233
0.014, 9232
0.014, 9231
0.014, 9230
0.014, 9229
0.014, 9228
0.014, 9227
0.014, 9226
0.014, 9225
0.014, 9224
0.014, 9223
0.014, 9222
0.014, 9221
0.014, 9220
0.014, 9219
0.014, 9218
0.014, 9217
0.014, 9216
0.014, 9215
0.014, 9214
0.014, 9213
0.014, 9212
0.014, 9211
0.014, 9210
0.014, 9209
0.014, 9208
0.014, 9207
0.014, 9206
0.015, 9205
0.015, 9204
0.015, 9203
0.015, 9202
0.015, 9201
0.015, 9200
0.015, 9199
0.015, 9198
0.015, 9197
0.015, 9196
0.015, 9195
0.015, 9194
0.015, 9193
0.015, 9192
0.015, 9191
0.015, 9190
0.015, 9189
0.015, 9188
0.015, 9187
0.015, 9186
0.015, 9185
0.015, 9184
0.015, 9183
0.015, 9182
0.015, 9181
0.015, 9180
0.015, 9179
0.015, 9178
0.015, 9177
0.015, 9176
0.015, 9175
0.015, 9174
0.015, 9173
0.015, 9172
0.015, 9171
0.015, 9170
0.015, 9169
0.015, 9168
0.015, 9167
0.015, 9166
0.015, 9165
0.015, 9164
0.015, 9163
0.015, 9162
0.015, 9161
0.015, 9160
0.015, 9159
0.015, 9158
0.015, 9157
0.015, 9156
0.015, 9155
0.015, 9154
0.015, 9153
0.015, 9152
0.015, 9151
0.015, 9150
0.015, 9149
0.015, 9148
0.015, 9147
0.015, 9146
0.015, 9145
0.015, 9144
0.015, 9143
0.015, 9142
0.015, 9141
0.015, 9140
0.015, 9139
0.015, 9138
0.015, 9137
0.015, 9136
0.015, 9135
0.015, 9134
0.015, 9133
0.015, 9132
0.015, 9131
0.015, 9130
0.015, 9129
0.015, 9128
0.015, 9127
0.015, 9126
0.015, 9125
0.015, 9124
0.015, 9123
0.015, 9122
0.015, 9121
0.015, 9120
0.015, 9119
0.015, 9118
0.015, 9117
0.015, 9116
0.015, 9115
0.015, 9114
0.015, 9113
0.015, 9112
0.015, 9111
0.015, 9110
0.015, 9109
0.015, 9108
0.015, 9107
0.015, 9106
0.015, 9105
0.015, 9104
0.015, 9103
0.015, 9102
0.015, 9101
0.015, 9100
0.015, 9099
0.015, 9098
0.015, 9097
0.015, 9096
0.015, 9095
0.015, 9094
0.015, 9093
0.015, 9092
0.015, 9091
0.015, 9090
0.015, 9089
0.015, 9088
0.015, 9087
0.015, 9086
0.015, 9085
0.015, 9084
0.015, 9083
0.015, 9082
0.015, 9081
0.015, 9080
0.015, 9079
0.015, 9078
0.015, 9077
0.015, 9076
0.015, 9075
0.015, 9074
0.015, 9073
0.015, 9072
0.015, 9071
0.015, 9070
0.015, 9069
0.015, 9068
0.015, 9067
0.015, 9066
0.015, 9065
0.015, 9064
0.015, 9063
0.015, 9062
0.015, 9061
0.015, 9060
0.015, 9059
0.015, 9058
0.015, 9057
0.015, 9056
0.015, 9055
0.015, 9054
0.015, 9053
0.015, 9052
0.015, 9051
0.015, 9050
0.015, 9049
0.015, 9048
0.015, 9047
0.015, 9046
0.015, 9045
0.015, 9044
0.015, 9043
0.015, 9042
0.015, 9041
0.015, 9040
0.015, 9039
0.015, 9038
0.015, 9037
0.015, 9036
0.015, 9035
0.015, 9034
0.015, 9033
0.015, 9032
0.016, 9031
0.016, 9030
0.016, 9029
0.016, 9028
0.016, 9027
0.016, 9026
0.016, 9025
0.016, 9024
0.016, 9023
0.016, 9022
0.016, 9021
0.016, 9020
0.016, 9019
0.016, 9018
0.016, 9017
0.016, 9016
0.016, 9015
0.016, 9014
0.016, 9013
0.016, 9012
0.016, 9011
0.016, 9010
0.016, 9009
0.016, 9008
0.016, 9007
0.016, 9006
0.016, 9005
0.016, 9004
0.016, 9003
0.016, 9002
0.016, 9001
0.016, 9000
0.016, 8999
0.016, 8998
0.016, 8997
0.016, 8996
0.016, 8995
0.016, 8994
0.016, 8993
0.016, 8992
0.016, 8991
0.016, 8990
0.016, 8989
0.016, 8988
0.016, 8987
0.016, 8986
0.016, 8985
0.016, 8984
0.016, 8983
0.016, 8982
0.016, 8981
0.016, 8980
0.016, 8979
0.016, 8978
0.016, 8977
0.016, 8976
0.016, 8975
0.016, 8974
0.016, 8973
0.016, 8972
0.016, 8971
0.016, 8970
0.016, 8969
0.016, 8968
0.016, 8967
0.016, 8966
0.016, 8965
0.016, 8964
0.016, 8963
0.016, 8962
0.016, 8961
0.016, 8960
0.016, 8959
0.016, 8958
0.016, 8957
0.016, 8956
0.016, 8955
0.016, 8954
0.016, 8953
0.016, 8952
0.016, 8951
0.016, 8950
0.016, 8949
0.016, 8948
0.016, 8947
0.016, 8946
0.016, 8945
0.016, 8944
0.016, 8943
0.016, 8942
0.016, 8941
0.016, 8940
0.016, 8939
0.016, 8938
0.016, 8937
0.016, 8936
0.016, 8935
0.016, 8934
0.016, 8933
0.016, 8932
0.016, 8931
0.016, 8930
0.016, 8929
0.016, 8928
0.016, 8927
0.016, 8926
0.016, 8925
0.016, 8924
0.016, 8923
0.016, 8922
0.016, 8921
0.016, 8920
0.016, 8919
0.016, 8918
0.016, 8917
0.016, 8916
0.016, 8915
0.016, 8914
0.016, 8913
0.016, 8912
0.016, 8911
0.016, 8910
0.016, 8909
0.016, 8908
0.016, 8907
0.016, 8906
0.016, 8905
0.016, 8904
0.016, 8903
0.016, 8902
0.016, 8901
0.016, 8900
0.016, 8899
0.016, 8898
0.016, 8897
0.016, 8896
0.016, 8895
0.016, 8894
0.016, 8893
0.016, 8892
0.016, 8891
0.016, 8890
0.016, 8889
0.016, 8888
0.016, 8887
0.016, 8886
0.016, 8885
0.016, 8884
0.016, 8883
0.016, 8882
0.016, 8881
0.016, 8880
0.016, 8879
0.016, 8878
0.016, 8877
0.016, 8876
0.016, 8875
0.016, 8874
0.016, 8873
0.016, 8872
0.016, 8871
0.016, 8870
0.016, 8869
0.016, 8868
0.016, 8867
0.016, 8866
0.016, 8865
0.016, 8864
0.016, 8863
0.016, 8862
0.016, 8861
0.016, 8860
0.016, 8859
0.016, 8858
0.016, 8857
0.016, 8856
0.016, 8855
0.016, 8854
0.016, 8853
0.016, 8852
0.016, 8851
0.016, 8850
0.016, 8849
0.016, 8848
0.016, 8847
0.016, 8846
0.016, 8845
0.016, 8844
0.016, 8843
0.016, 8842
0.016, 8841
0.016, 8840
0.016, 8839
0.016, 8838
0.016, 8837
0.016, 8836
0.016, 8835
0.016, 8834
0.016, 8833
0.016, 8832
0.016, 8831
0.016, 8830
0.016, 8829
0.016, 8828
0.016, 8827
0.016, 8826
0.016, 8825
0.016, 8824
0.016, 8823
0.017, 8822
0.017, 8821
0.017, 8820
0.017, 8819
0.017, 8818
0.017, 8817
0.017, 8816
0.017, 8815
0.017, 8814
0.017, 8813
0.017, 8812
0.017, 8811
0.017, 8810
0.017, 8809
0.017, 8808
0.017, 8807
0.017, 8806
0.017, 8805
0.017, 8804
0.017, 8803
0.017, 8802
0.017, 8801
0.017, 8800
0.017, 8799
0.017, 8798
0.017, 8797
0.017, 8796
0.017, 8795
0.017, 8794
0.017, 8793
0.017, 8792
0.017, 8791
0.017, 8790
0.017, 8789
0.017, 8788
0.017, 8787
0.017, 8786
0.017, 8785
0.017, 8784
0.017, 8783
0.017, 8782
0.017, 8781
0.017, 8780
0.017, 8779
0.017, 8778
0.017, 8777
0.017, 8776
0.017, 8775
0.017, 8774
0.017, 8773
0.017, 8772
0.017, 8771
0.017, 8770
0.017, 8769
0.017, 8768
0.017, 8767
0.017, 8766
0.017, 8765
0.017, 8764
0.017, 8763
0.017, 8762
0.017, 8761
0.017, 8760
0.017, 8759
0.017, 8758
0.017, 8757
0.017, 8756
0.017, 8755
0.017, 8754
0.017, 8753
0.017, 8752
0.017, 8751
0.017, 8750
0.017, 8749
0.017, 8748
0.017, 8747
0.017, 8746
0.017, 8745
0.017, 8744
0.017, 8743
0.017, 8742
0.017, 8741
0.017, 8740
0.017, 8739
0.017, 8738
0.017, 8737
0.017, 8736
0.017, 8735
0.017, 8734
0.017, 8733
0.017, 8732
0.017, 8731
0.017, 8730
0.017, 8729
0.017, 8728
0.017, 8727
0.017, 8726
0.017, 8725
0.017, 8724
0.017, 8723
0.017, 8722
0.017, 8721
0.017, 8720
0.017, 8719
0.017, 8718
0.017, 8717
0.017, 8716
0.017, 8715
0.017, 8714
0.017, 8713
0.017, 8712
0.017, 8711
0.017, 8710
0.017, 8709
0.017, 8708
0.017, 8707
0.017, 8706
0.017, 8705
0.017, 8704
0.017, 8703
0.017, 8702
0.017, 8701
0.017, 8700
0.017, 8699
0.017, 8698
0.017, 8697
0.017, 8696
0.017, 8695
0.017, 8694
0.017, 8693
0.017, 8692
0.017, 8691
0.017, 8690
0.017, 8689
0.017, 8688
0.017, 8687
0.017, 8686
0.017, 8685
0.017, 8684
0.017, 8683
0.017, 8682
0.017, 8681
0.017, 8680
0.017, 8679
0.017, 8678
0.017, 8677
0.017, 8676
0.017, 8675
0.017, 8674
0.017, 8673
0.017, 8672
0.017, 8671
0.017, 8670
0.017, 8669
0.017, 8668
0.017, 8667
0.017, 8666
0.017, 8665
0.017, 8664
0.017, 8663
0.017, 8662
0.017, 8661
0.017, 8660
0.017, 8659
0.017, 8658
0.017, 8657
0.017, 8656
0.017, 8655
0.017, 8654
0.017, 8653
0.017, 8652
0.017, 8651
0.017, 8650
0.017, 8649
0.017, 8648
0.017, 8647
0.017, 8646
0.017, 8645
0.017, 8644
0.017, 8643
0.017, 8642
0.017, 8641
0.017, 8640
0.017, 8639
0.017, 8638
0.017, 8637
0.017, 8636
0.017, 8635
0.017, 8634
0.017, 8633
0.017, 8632
0.017, 8631
0.017, 8630
0.017, 8629
0.017, 8628
0.017, 8627
0.018, 8626
0.018, 8625
0.018, 8624
0.018, 8623
0.018, 8622
0.018, 8621
0.018, 8620
0.018, 8619
0.018, 8618
0.018, 8617
0.018, 8616
0.018, 8615
0.018, 8614
0.018, 8613
0.018, 8612
0.018, 8611
0.018, 8610
0.018, 8609
0.018, 8608
0.018, 8607
0.018, 8606
0.018, 8605
0.018, 8604
0.018, 8603
0.018, 8602
0.018, 8601
0.018, 8600
0.018, 8599
0.018, 8598
0.018, 8597
0.018, 8596
0.018, 8595
0.018, 8594
0.018, 8593
0.018, 8592
0.018, 8591
0.018, 8590
0.018, 8589
0.018, 8588
0.018, 8587
0.018, 8586
0.018, 8585
0.018, 8584
0.018, 8583
0.018, 8582
0.018, 8581
0.018, 8580
0.018, 8579
0.018, 8578
0.018, 8577
0.018, 8576
0.018, 8575
0.018, 8574
0.018, 8573
0.018, 8572
0.018, 8571
0.018, 8570
0.018, 8569
0.018, 8568
0.018, 8567
0.018, 8566
0.018, 8565
0.018, 8564
0.018, 8563
0.018, 8562
0.018, 8561
0.018, 8560
0.018, 8559
0.018, 8558
0.018, 8557
0.018, 8556
0.018, 8555
0.018, 8554
0.018, 8553
0.018, 8552
0.018, 8551
0.018, 8550
0.018, 8549
0.018, 8548
0.018, 8547
0.018, 8546
0.018, 8545
0.018, 8544
0.018, 8543
0.018, 8542
0.018, 8541
0.018, 8540
0.018, 8539
0.018, 8538
0.018, 8537
0.018, 8536
0.018, 8535
0.018, 8534
0.018, 8533
0.018, 8532
0.018, 8531
0.018, 8530
0.018, 8529
0.018, 8528
0.018, 8527
0.018, 8526
0.018, 8525
0.018, 8524
0.018, 8523
0.018, 8522
0.018, 8521
0.018, 8520
0.018, 8519
0.018, 8518
0.018, 8517
0.018, 8516
0.018, 8515
0.018, 8514
0.018, 8513
0.018, 8512
0.018, 8511
0.018, 8510
0.018, 8509
0.018, 8508
0.018, 8507
0.018, 8506
0.018, 8505
0.018, 8504
0.018, 8503
0.018, 8502
0.018, 8501
0.018, 8500
0.018, 8499
0.018, 8498
0.018, 8497
0.018, 8496
0.018, 8495
0.018, 8494
0.018, 8493
0.018, 8492
0.018, 8491
0.018, 8490
0.018, 8489
0.018, 8488
0.018, 8487
0.018, 8486
0.019, 8485
0.019, 8484
0.019, 8483
0.019, 8482
0.019, 8481
0.019, 8480
0.019, 8479
0.019, 8478
0.019, 8477
0.019, 8476
0.019, 8475
0.019, 8474
0.019, 8473
0.019, 8472
0.019, 8471
0.019, 8470
0.019, 8469
0.019, 8468
0.019, 8467
0.019, 8466
0.019, 8465
0.019, 8464
0.019, 8463
0.019, 8462
0.019, 8461
0.019, 8460
0.019, 8459
0.019, 8458
0.019, 8457
0.019, 8456
0.019, 8455
0.019, 8454
0.019, 8453
0.019, 8452
0.019, 8451
0.019, 8450
0.019, 8449
0.019, 8448
0.019, 8447
0.019, 8446
0.019, 8445
0.019, 8444
0.019, 8443
0.019, 8442
0.019, 8441
0.019, 8440
0.019, 8439
0.019, 8438
0.019, 8437
0.019, 8436
0.019, 8435
0.019, 8434
0.019, 8433
0.019, 8432
0.019, 8431
0.019, 8430
0.019, 8429
0.019, 8428
0.019, 8427
0.019, 8426
0.019, 8425
0.019, 8424
0.019, 8423
0.019, 8422
0.019, 8421
0.019, 8420
0.019, 8419
0.019, 8418
0.019, 8417
0.019, 8416
0.019, 8415
0.019, 8414
0.019, 8413
0.019, 8412
0.019, 8411
0.019, 8410
0.019, 8409
0.019, 8408
0.019, 8407
0.019, 8406
0.019, 8405
0.019, 8404
0.019, 8403
0.019, 8402
0.019, 8401
0.019, 8400
0.019, 8399
0.019, 8398
0.019, 8397
0.019, 8396
0.019, 8395
0.019, 8394
0.019, 8393
0.019, 8392
0.019, 8391
0.019, 8390
0.019, 8389
0.019, 8388
0.019, 8387
0.019, 8386
0.019, 8385
0.019, 8384
0.019, 8383
0.019, 8382
0.019, 8381
0.019, 8380
0.019, 8379
0.019, 8378
0.019, 8377
0.019, 8376
0.019, 8375
0.019, 8374
0.019, 8373
0.019, 8372
0.019, 8371
0.019, 8370
0.019, 8369
0.019, 8368
0.019, 8367
0.019, 8366
0.019, 8365
0.019, 8364
0.019, 8363
0.020, 8362
0.020, 8361
0.020, 8360
0.020, 8359
0.020, 8358
0.020, 8357
0.020, 8356
0.020, 8355
0.020, 8354
0.020, 8353
0.020, 8352
0.020, 8351
0.020, 8350
0.020, 8349
0.020, 8348
0.020, 8347
0.020, 8346
0.020, 8345
0.020, 8344
0.020, 8343
0.020, 8342
0.020, 8341
0.020, 8340
0.020, 8339
0.020, 8338
0.020, 8337
0.020, 8336
0.020, 8335
0.020, 8334
0.020, 8333
0.020, 8332
0.020, 8331
0.020, 8330
0.021, 8329
0.021, 8328
0.021, 8327
0.021, 8326
0.021, 8325
0.021, 8324
0.021, 8323
0.021, 8322
0.021, 8321
0.021, 8320
0.021, 8319
0.021, 8318
0.021, 8317
0.021, 8316
0.021, 8315
0.021, 8314
0.021, 8313
0.021, 8312
0.021, 8311
0.021, 8310
0.021, 8309
0.021, 8308
0.021, 8307
0.021, 8306
0.021, 8305
0.021, 8304
0.021, 8303
0.021, 8302
0.021, 8301
0.021, 8300
0.021, 8299
0.021, 8298
0.021, 8297
0.021, 8296
0.021, 8295
0.021, 8294
0.021, 8293
0.021, 8292
0.021, 8291
0.021, 8290
0.021, 8289
0.021, 8288
0.021, 8287
0.021, 8286
0.021, 8285
0.021, 8284
0.021, 8283
0.021, 8282
0.021, 8281
0.021, 8280
0.021, 8279
0.021, 8278
0.021, 8277
0.021, 8276
0.021, 8275
0.021, 8274
0.021, 8273
0.021, 8272
0.021, 8271
0.021, 8270
0.021, 8269
0.021, 8268
0.021, 8267
0.021, 8266
0.021, 8265
0.021, 8264
0.021, 8263
0.021, 8262
0.021, 8261
0.021, 8260
0.021, 8259
0.021, 8258
0.021, 8257
0.021, 8256
0.021, 8255
0.021, 8254
0.021, 8253
0.021, 8252
0.021, 8251
0.021, 8250
0.021, 8249
0.021, 8248
0.021, 8247
0.021, 8246
0.021, 8245
0.021, 8244
0.021, 8243
0.021, 8242
0.021, 8241
0.021, 8240
0.021, 8239
0.021, 8238
0.021, 8237
0.021, 8236
0.021, 8235
0.021, 8234
0.021, 8233
0.021, 8232
0.021, 8231
0.021, 8230
0.021, 8229
0.021, 8228
0.021, 8227
0.021, 8226
0.021, 8225
0.021, 8224
0.021, 8223
0.021, 8222
0.021, 8221
0.021, 8220
0.021, 8219
0.021, 8218
0.021, 8217
0.021, 8216
0.021, 8215
0.021, 8214
0.022, 8213
0.022, 8212
0.022, 8211
0.022, 8210
0.022, 8209
0.022, 8208
0.022, 8207
0.022, 8206
0.022, 8205
0.022, 8204
0.022, 8203
0.022, 8202
0.022, 8201
0.022, 8200
0.022, 8199
0.022, 8198
0.022, 8197
0.022, 8196
0.022, 8195
0.022, 8194
0.022, 8193
0.022, 8192
0.022, 8191
0.022, 8190
0.022, 8189
0.022, 8188
0.022, 8187
0.022, 8186
0.022, 8185
0.022, 8184
0.022, 8183
0.022, 8182
0.022, 8181
0.022, 8180
0.022, 8179
0.022, 8178
0.022, 8177
0.022, 8176
0.022, 8175
0.022, 8174
0.022, 8173
0.022, 8172
0.022, 8171
0.022, 8170
0.022, 8169
0.022, 8168
0.022, 8167
0.022, 8166
0.022, 8165
0.022, 8164
0.022, 8163
0.022, 8162
0.022, 8161
0.022, 8160
0.022, 8159
0.022, 8158
0.022, 8157
0.022, 8156
0.022, 8155
0.022, 8154
0.022, 8153
0.022, 8152
0.022, 8151
0.022, 8150
0.022, 8149
0.022, 8148
0.022, 8147
0.022, 8146
0.022, 8145
0.022, 8144
0.022, 8143
0.022, 8142
0.022, 8141
0.022, 8140
0.022, 8139
0.022, 8138
0.022, 8137
0.022, 8136
0.022, 8135
0.022, 8134
0.022, 8133
0.022, 8132
0.022, 8131
0.022, 8130
0.022, 8129
0.022, 8128
0.022, 8127
0.022, 8126
0.022, 8125
0.022, 8124
0.022, 8123
0.022, 8122
0.022, 8121
0.022, 8120
0.022, 8119
0.022, 8118
0.022, 8117
0.022, 8116
0.022, 8115
0.022, 8114
0.022, 8113
0.022, 8112
0.022, 8111
0.022, 8110
0.022, 8109
0.022, 8108
0.022, 8107
0.022, 8106
0.022, 8105
0.022, 8104
0.022, 8103
0.022, 8102
0.022, 8101
0.022, 8100
0.022, 8099
0.022, 8098
0.022, 8097
0.022, 8096
0.022, 8095
0.023, 8094
0.023, 8093
0.023, 8092
0.023, 8091
0.023, 8090
0.023, 8089
0.023, 8088
0.023, 8087
0.023, 8086
0.023, 8085
0.023, 8084
0.023, 8083
0.023, 8082
0.023, 8081
0.023, 8080
0.023, 8079
0.023, 8078
0.023, 8077
0.023, 8076
0.023, 8075
0.023, 8074
0.023, 8073
0.023, 8072
0.023, 8071
0.023, 8070
0.023, 8069
0.023, 8068
0.023, 8067
0.023, 8066
0.023, 8065
0.023, 8064
0.023, 8063
0.023, 8062
0.023, 8061
0.023, 8060
0.023, 8059
0.023, 8058
0.023, 8057
0.023, 8056
0.023, 8055
0.023, 8054
0.023, 8053
0.023, 8052
0.023, 8051
0.023, 8050
0.023, 8049
0.023, 8048
0.023, 8047
0.023, 8046
0.023, 8045
0.023, 8044
0.023, 8043
0.023, 8042
0.023, 8041
0.023, 8040
0.023, 8039
0.023, 8038
0.023, 8037
0.023, 8036
0.023, 8035
0.023, 8034
0.023, 8033
0.023, 8032
0.023, 8031
0.023, 8030
0.023, 8029
0.023, 8028
0.023, 8027
0.023, 8026
0.023, 8025
0.023, 8024
0.023, 8023
0.023, 8022
0.023, 8021
0.023, 8020
0.023, 8019
0.023, 8018
0.023, 8017
0.023, 8016
0.023, 8015
0.023, 8014
0.023, 8013
0.023, 8012
0.023, 8011
0.023, 8010
0.023, 8009
0.023, 8008
0.023, 8007
0.023, 8006
0.023, 8005
0.023, 8004
0.023, 8003
0.023, 8002
0.023, 8001
0.023, 8000
0.023, 7999
0.023, 7998
0.023, 7997
0.023, 7996
0.023, 7995
0.024, 7994
0.024, 7993
0.024, 7992
0.024, 7991
0.024, 7990
0.024, 7989
0.024, 7988
0.024, 7987
0.024, 7986
0.024, 7985
0.024, 7984
0.024, 7983
0.024, 7982
0.024, 7981
0.024, 7980
0.024, 7979
0.024, 7978
0.024, 7977
0.024, 7976
0.024, 7975
0.024, 7974
0.024, 7973
0.024, 7972
0.024, 7971
0.024, 7970
0.024, 7969
0.024, 7968
0.024, 7967
0.024, 7966
0.024, 7965
0.024, 7964
0.024, 7963
0.024, 7962
0.024, 7961
0.024, 7960
0.024, 7959
0.024, 7958
0.024, 7957
0.024, 7956
0.024, 7955
0.024, 7954
0.024, 7953
0.024, 7952
0.024, 7951
0.024, 7950
0.024, 7949
0.024, 7948
0.024, 7947
0.024, 7946
0.024, 7945
0.024, 7944
0.024, 7943
0.024, 7942
0.024, 7941
0.024, 7940
0.024, 7939
0.024, 7938
0.024, 7937
0.024, 7936
0.024, 7935
0.024, 7934
0.024, 7933
0.024, 7932
0.024, 7931
0.024, 7930
0.024, 7929
0.024, 7928
0.024, 7927
0.024, 7926
0.024, 7925
0.024, 7924
0.024, 7923
0.024, 7922
0.024, 7921
0.024, 7920
0.024, 7919
0.024, 7918
0.024, 7917
0.024, 7916
0.024, 7915
0.024, 7914
0.024, 7913
0.024, 7912
0.024, 7911
0.024, 7910
0.024, 7909
0.024, 7908
0.024, 7907
0.024, 7906
0.024, 7905
0.024, 7904
0.024, 7903
0.024, 7902
0.024, 7901
0.024, 7900
0.024, 7899
0.024, 7898
0.024, 7897
0.024, 7896
0.024, 7895
0.024, 7894
0.024, 7893
0.024, 7892
0.024, 7891
0.024, 7890
0.024, 7889
0.024, 7888
0.024, 7887
0.024, 7886
0.024, 7885
0.024, 7884
0.024, 7883
0.024, 7882
0.025, 7881
0.025, 7880
0.025, 7879
0.025, 7878
0.025, 7877
0.025, 7876
0.025, 7875
0.025, 7874
0.025, 7873
0.025, 7872
0.025, 7871
0.025, 7870
0.025, 7869
0.025, 7868
0.025, 7867
0.025, 7866
0.025, 7865
0.025, 7864
0.025, 7863
0.025, 7862
0.025, 7861
0.025, 7860
0.025, 7859
0.025, 7858
0.025, 7857
0.025, 7856
0.025, 7855
0.025, 7854
0.025, 7853
0.025, 7852
0.025, 7851
0.025, 7850
0.025, 7849
0.025, 7848
0.025, 7847
0.025, 7846
0.025, 7845
0.025, 7844
0.025, 7843
0.025, 7842
0.025, 7841
0.025, 7840
0.025, 7839
0.025, 7838
0.025, 7837
0.025, 7836
0.025, 7835
0.025, 7834
0.025, 7833
0.025, 7832
0.025, 7831
0.025, 7830
0.025, 7829
0.025, 7828
0.025, 7827
0.025, 7826
0.025, 7825
0.025, 7824
0.025, 7823
0.025, 7822
0.025, 7821
0.025, 7820
0.025, 7819
0.025, 7818
0.025, 7817
0.025, 7816
0.025, 7815
0.025, 7814
0.025, 7813
0.025, 7812
0.025, 7811
0.025, 7810
0.025, 7809
0.025, 7808
0.025, 7807
0.025, 7806
0.025, 7805
0.025, 7804
0.025, 7803
0.025, 7802
0.025, 7801
0.025, 7800
0.025, 7799
0.025, 7798
0.025, 7797
0.025, 7796
0.025, 7795
0.025, 7794
0.025, 7793
0.025, 7792
0.025, 7791
0.025, 7790
0.025, 7789
0.025, 7788
0.025, 7787
0.025, 7786
0.025, 7785
0.025, 7784
0.025, 7783
0.025, 7782
0.025, 7781
0.025, 7780
0.025, 7779
0.025, 7778
0.025, 7777
0.025, 7776
0.025, 7775
0.025, 7774
0.025, 7773
0.026, 7772
0.026, 7771
0.026, 7770
0.026, 7769
0.026, 7768
0.026, 7767
0.026, 7766
0.026, 7765
0.026, 7764
0.026, 7763
0.026, 7762
0.026, 7761
0.026, 7760
0.026, 7759
0.026, 7758
0.026, 7757
0.026, 7756
0.026, 7755
0.026, 7754
0.026, 7753
0.026, 7752
0.026, 7751
0.026, 7750
0.026, 7749
0.026, 7748
0.026, 7747
0.026, 7746
0.026, 7745
0.026, 7744
0.026, 7743
0.026, 7742
0.026, 7741
0.026, 7740
0.026, 7739
0.026, 7738
0.026, 7737
0.026, 7736
0.026, 7735
0.026, 7734
0.026, 7733
0.026, 7732
0.026, 7731
0.026, 7730
0.026, 7729
0.026, 7728
0.026, 7727
0.026, 7726
0.026, 7725
0.026, 7724
0.026, 7723
0.026, 7722
0.026, 7721
0.026, 7720
0.026, 7719
0.026, 7718
0.026, 7717
0.026, 7716
0.026, 7715
0.026, 7714
0.026, 7713
0.026, 7712
0.026, 7711
0.026, 7710
0.026, 7709
0.026, 7708
0.026, 7707
0.026, 7706
0.026, 7705
0.026, 7704
0.026, 7703
0.026, 7702
0.026, 7701
0.026, 7700
0.026, 7699
0.026, 7698
0.026, 7697
0.026, 7696
0.027, 7695
0.027, 7694
0.027, 7693
0.027, 7692
0.027, 7691
0.027, 7690
0.027, 7689
0.027, 7688
0.027, 7687
0.027, 7686
0.027, 7685
0.027, 7684
0.027, 7683
0.027, 7682
0.027, 7681
0.027, 7680
0.027, 7679
0.027, 7678
0.027, 7677
0.027, 7676
0.027, 7675
0.027, 7674
0.027, 7673
0.027, 7672
0.027, 7671
0.027, 7670
0.027, 7669
0.027, 7668
0.027, 7667
0.027, 7666
0.027, 7665
0.027, 7664
0.027, 7663
0.027, 7662
0.027, 7661
0.027, 7660
0.027, 7659
0.027, 7658
0.027, 7657
0.027, 7656
0.027, 7655
0.027, 7654
0.027, 7653
0.027, 7652
0.027, 7651
0.027, 7650
0.027, 7649
0.027, 7648
0.027, 7647
0.027, 7646
0.027, 7645
0.027, 7644
0.027, 7643
0.027, 7642
0.027, 7641
0.027, 7640
0.027, 7639
0.027, 7638
0.027, 7637
0.027, 7636
0.027, 7635
0.027, 7634
0.027, 7633
0.027, 7632
0.027, 7631
0.027, 7630
0.027, 7629
0.027, 7628
0.027, 7627
0.027, 7626
0.027, 7625
0.027, 7624
0.027, 7623
0.027, 7622
0.027, 7621
0.027, 7620
0.027, 7619
0.027, 7618
0.027, 7617
0.027, 7616
0.027, 7615
0.027, 7614
0.027, 7613
0.027, 7612
0.027, 7611
0.027, 7610
0.027, 7609
0.027, 7608
0.027, 7607
0.027, 7606
0.027, 7605
0.027, 7604
0.027, 7603
0.027, 7602
0.027, 7601
0.027, 7600
0.027, 7599
0.027, 7598
0.027, 7597
0.027, 7596
0.027, 7595
0.027, 7594
0.027, 7593
0.027, 7592
0.027, 7591
0.027, 7590
0.027, 7589
0.027, 7588
0.027, 7587
0.027, 7586
0.028, 7585
0.028, 7584
0.028, 7583
0.028, 7582
0.028, 7581
0.028, 7580
0.028, 7579
0.028, 7578
0.028, 7577
0.028, 7576
0.028, 7575
0.028, 7574
0.028, 7573
0.028, 7572
0.028, 7571
0.028, 7570
0.028, 7569
0.028, 7568
0.028, 7567
0.028, 7566
0.028, 7565
0.028, 7564
0.028, 7563
0.028, 7562
0.028, 7561
0.028, 7560
0.028, 7559
0.028, 7558
0.028, 7557
0.028, 7556
0.028, 7555
0.028, 7554
0.028, 7553
0.028, 7552
0.028, 7551
0.028, 7550
0.028, 7549
0.028, 7548
0.028, 7547
0.028, 7546
0.028, 7545
0.028, 7544
0.028, 7543
0.028, 7542
0.028, 7541
0.028, 7540
0.028, 7539
0.028, 7538
0.028, 7537
0.028, 7536
0.028, 7535
0.028, 7534
0.028, 7533
0.028, 7532
0.028, 7531
0.028, 7530
0.028, 7529
0.028, 7528
0.028, 7527
0.028, 7526
0.028, 7525
0.028, 7524
0.028, 7523
0.028, 7522
0.028, 7521
0.028, 7520
0.028, 7519
0.028, 7518
0.028, 7517
0.028, 7516
0.028, 7515
0.028, 7514
0.028, 7513
0.028, 7512
0.028, 7511
0.028, 7510
0.028, 7509
0.028, 7508
0.028, 7507
0.028, 7506
0.028, 7505
0.028, 7504
0.028, 7503
0.028, 7502
0.028, 7501
0.028, 7500
0.028, 7499
0.028, 7498
0.028, 7497
0.028, 7496
0.028, 7495
0.028, 7494
0.028, 7493
0.028, 7492
0.028, 7491
0.028, 7490
0.028, 7489
0.028, 7488
0.028, 7487
0.028, 7486
0.028, 7485
0.028, 7484
0.028, 7483
0.028, 7482
0.028, 7481
0.029, 7480
0.029, 7479
0.029, 7478
0.029, 7477
0.029, 7476
0.029, 7475
0.029, 7474
0.029, 7473
0.029, 7472
0.029, 7471
0.029, 7470
0.029, 7469
0.029, 7468
0.029, 7467
0.029, 7466
0.029, 7465
0.029, 7464
0.029, 7463
0.029, 7462
0.029, 7461
0.029, 7460
0.029, 7459
0.029, 7458
0.029, 7457
0.029, 7456
0.029, 7455
0.029, 7454
0.029, 7453
0.029, 7452
0.029, 7451
0.029, 7450
0.029, 7449
0.029, 7448
0.029, 7447
0.029, 7446
0.029, 7445
0.029, 7444
0.029, 7443
0.029, 7442
0.029, 7441
0.029, 7440
0.029, 7439
0.029, 7438
0.029, 7437
0.029, 7436
0.029, 7435
0.029, 7434
0.029, 7433
0.029, 7432
0.029, 7431
0.029, 7430
0.029, 7429
0.029, 7428
0.029, 7427
0.029, 7426
0.029, 7425
0.029, 7424
0.029, 7423
0.029, 7422
0.029, 7421
0.029, 7420
0.029, 7419
0.029, 7418
0.029, 7417
0.029, 7416
0.029, 7415
0.029, 7414
0.029, 7413
0.029, 7412
0.029, 7411
0.029, 7410
0.029, 7409
0.029, 7408
0.029, 7407
0.029, 7406
0.029, 7405
0.029, 7404
0.029, 7403
0.029, 7402
0.029, 7401
0.029, 7400
0.029, 7399
0.029, 7398
0.029, 7397
0.029, 7396
0.029, 7395
0.029, 7394
0.029, 7393
0.029, 7392
0.029, 7391
0.029, 7390
0.030, 7389
0.030, 7388
0.030, 7387
0.030, 7386
0.030, 7385
0.030, 7384
0.030, 7383
0.030, 7382
0.030, 7381
0.030, 7380
0.030, 7379
0.030, 7378
0.030, 7377
0.030, 7376
0.030, 7375
0.030, 7374
0.030, 7373
0.030, 7372
0.030, 7371
0.030, 7370
0.030, 7369
0.030, 7368
0.030, 7367
0.030, 7366
0.030, 7365
0.030, 7364
0.030, 7363
0.030, 7362
0.030, 7361
0.030, 7360
0.030, 7359
0.030, 7358
0.030, 7357
0.030, 7356
0.030, 7355
0.030, 7354
0.030, 7353
0.030, 7352
0.030, 7351
0.030, 7350
0.030, 7349
0.030, 7348
0.030, 7347
0.030, 7346
0.030, 7345
0.030, 7344
0.030, 7343
0.030, 7342
0.030, 7341
0.030, 7340
0.030, 7339
0.030, 7338
0.030, 7337
0.030, 7336
0.030, 7335
0.030, 7334
0.030, 7333
0.030, 7332
0.030, 7331
0.030, 7330
0.030, 7329
0.030, 7328
0.030, 7327
0.030, 7326
0.030, 7325
0.030, 7324
0.030, 7323
0.030, 7322
0.030, 7321
0.030, 7320
0.030, 7319
0.030, 7318
0.030, 7317
0.030, 7316
0.030, 7315
0.030, 7314
0.030, 7313
0.030, 7312
0.030, 7311
0.030, 7310
0.030, 7309
0.030, 7308
0.030, 7307
0.030, 7306
0.030, 7305
0.030, 7304
0.030, 7303
0.030, 7302
0.030, 7301
0.030, 7300
0.030, 7299
0.030, 7298
0.030, 7297
0.030, 7296
0.030, 7295
0.030, 7294
0.030, 7293
0.030, 7292
0.030, 7291
0.030, 7290
0.030, 7289
0.031, 7288
0.031, 7287
0.031, 7286
0.031, 7285
0.031, 7284
0.031, 7283
0.031, 7282
0.031, 7281
0.031, 7280
0.031, 7279
0.031, 7278
0.031, 7277
0.031, 7276
0.031, 7275
0.031, 7274
0.031, 7273
0.031, 7272
0.031, 7271
0.031, 7270
0.031, 7269
0.031, 7268
0.031, 7267
0.031, 7266
0.031, 7265
0.031, 7264
0.031, 7263
0.031, 7262
0.031, 7261
0.031, 7260
0.031, 7259
0.031, 7258
0.031, 7257
0.031, 7256
0.031, 7255
0.031, 7254
0.031, 7253
0.031, 7252
0.031, 7251
0.031, 7250
0.031, 7249
0.031, 7248
0.031, 7247
0.031, 7246
0.031, 7245
0.031, 7244
0.031, 7243
0.031, 7242
0.031, 7241
0.031, 7240
0.031, 7239
0.031, 7238
0.031, 7237
0.031, 7236
0.031, 7235
0.031, 7234
0.031, 7233
0.031, 7232
0.031, 7231
0.031, 7230
0.031, 7229
0.031, 7228
0.031, 7227
0.031, 7226
0.031, 7225
0.031, 7224
0.031, 7223
0.031, 7222
0.031, 7221
0.031, 7220
0.031, 7219
0.031, 7218
0.031, 7217
0.031, 7216
0.031, 7215
0.031, 7214
0.031, 7213
0.031, 7212
0.031, 7211
0.031, 7210
0.031, 7209
0.031, 7208
0.031, 7207
0.031, 7206
0.031, 7205
0.031, 7204
0.031, 7203
0.031, 7202
0.031, 7201
0.031, 7200
0.031, 7199
0.031, 7198
0.031, 7197
0.031, 7196
0.031, 7195
0.031, 7194
0.031, 7193
0.031, 7192
0.031, 7191
0.031, 7190
0.031, 7189
0.031, 7188
0.031, 7187
0.031, 7186
0.031, 7185
0.031, 7184
0.031, 7183
0.031, 7182
0.031, 7181
0.031, 7180
0.031, 7179
0.031, 7178
0.031, 7177
0.031, 7176
0.031, 7175
0.031, 7174
0.031, 7173
0.031, 7172
0.031, 7171
0.031, 7170
0.031, 7169
0.031, 7168
0.031, 7167
0.031, 7166
0.031, 7165
0.031, 7164
0.031, 7163
0.031, 7162
0.031, 7161
0.032, 7160
0.032, 7159
0.032, 7158
0.032, 7157
0.032, 7156
0.032, 7155
0.032, 7154
0.032, 7153
0.032, 7152
0.032, 7151
0.032, 7150
0.032, 7149
0.032, 7148
0.032, 7147
0.032, 7146
0.032, 7145
0.032, 7144
0.032, 7143
0.032, 7142
0.032, 7141
0.032, 7140
0.032, 7139
0.032, 7138
0.032, 7137
0.032, 7136
0.032, 7135
0.032, 7134
0.032, 7133
0.032, 7132
0.032, 7131
0.032, 7130
0.032, 7129
0.032, 7128
0.032, 7127
0.032, 7126
0.032, 7125
0.032, 7124
0.032, 7123
0.032, 7122
0.032, 7121
0.032, 7120
0.032, 7119
0.032, 7118
0.032, 7117
0.032, 7116
0.032, 7115
0.032, 7114
0.032, 7113
0.032, 7112
0.032, 7111
0.032, 7110
0.032, 7109
0.032, 7108
0.032, 7107
0.032, 7106
0.032, 7105
0.032, 7104
0.032, 7103
0.032, 7102
0.032, 7101
0.032, 7100
0.032, 7099
0.032, 7098
0.032, 7097
0.032, 7096
0.032, 7095
0.032, 7094
0.032, 7093
0.032, 7092
0.032, 7091
0.032, 7090
0.033, 7089
0.033, 7088
0.033, 7087
0.033, 7086
0.033, 7085
0.033, 7084
0.033, 7083
0.033, 7082
0.033, 7081
0.033, 7080
0.033, 7079
0.033, 7078
0.033, 7077
0.033, 7076
0.033, 7075
0.033, 7074
0.033, 7073
0.033, 7072
0.033, 7071
0.033, 7070
0.033, 7069
0.033, 7068
0.033, 7067
0.033, 7066
0.033, 7065
0.033, 7064
0.033, 7063
0.033, 7062
0.033, 7061
0.033, 7060
0.033, 7059
0.033, 7058
0.033, 7057
0.033, 7056
0.033, 7055
0.033, 7054
0.033, 7053
0.033, 7052
0.033, 7051
0.033, 7050
0.033, 7049
0.033, 7048
0.033, 7047
0.033, 7046
0.033, 7045
0.033, 7044
0.033, 7043
0.033, 7042
0.033, 7041
0.033, 7040
0.033, 7039
0.033, 7038
0.033, 7037
0.033, 7036
0.033, 7035
0.033, 7034
0.033, 7033
0.033, 7032
0.033, 7031
0.033, 7030
0.033, 7029
0.033, 7028
0.034, 7027
0.034, 7026
0.034, 7025
0.034, 7024
0.034, 7023
0.034, 7022
0.034, 7021
