0.003, 11021
0.003, 11020
0.003, 11019
0.003, 11018
0.003, 11017
0.003, 11016
0.003, 11015
0.003, 11014
0.003, 11013
0.003, 11012
0.003, 11011
0.003, 11010
0.003, 11009
0.003, 11008
0.003, 11007
0.003, 11006
0.003, 11005
0.003, 11004
0.003, 11003
0.003, 11002
0.003, 11001
0.003, 11000
0.003, 10999
0.003, 10998
0.003, 10997
0.003, 10996
0.003, 10995
0.003, 10994
0.003, 10993
0.003, 10992
0.003, 10991
0.003, 10990
0.003, 10989
0.003, 10988
0.003, 10987
0.003, 10986
0.003, 10985
0.003, 10984
0.003, 10983
0.003, 10982
0.003, 10981
0.003, 10980
0.003, 10979
0.003, 10978
0.003, 10977
0.003, 10976
0.003, 10975
0.003, 10974
0.003, 10973
0.003, 10972
0.003, 10971
0.003, 10970
0.003, 10969
0.003, 10968
0.003, 10967
0.003, 10966
0.003, 10965
0.003, 10964
0.003, 10963
0.003, 10962
0.003, 10961
0.003, 10960
0.003, 10959
0.003, 10958
0.003, 10957
0.004, 10956
0.004, 10955
0.004, 10954
0.004, 10953
0.004, 10952
0.004, 10951
0.004, 10950
0.004, 10949
0.004, 10948
0.004, 10947
0.004, 10946
0.004, 10945
0.004, 10944
0.004, 10943
0.004, 10942
0.004, 10941
0.004, 10940
0.004, 10939
0.004, 10938
0.004, 10937
0.004, 10936
0.004, 10935
0.004, 10934
0.004, 10933
0.004, 10932
0.004, 10931
0.004, 10930
0.004, 10929
0.004, 10928
0.004, 10927
0.004, 10926
0.004, 10925
0.004, 10924
0.004, 10923
0.004, 10922
0.004, 10921
0.004, 10920
0.004, 10919
0.004, 10918
0.004, 10917
0.004, 10916
0.004, 10915
0.004, 10914
0.004, 10913
0.004, 10912
0.004, 10911
0.004, 10910
0.004, 10909
0.004, 10908
0.004, 10907
0.004, 10906
0.004, 10905
0.004, 10904
0.004, 10903
0.004, 10902
0.004, 10901
0.004, 10900
0.004, 10899
0.004, 10898
0.004, 10897
0.004, 10896
0.004, 10895
0.004, 10894
0.004, 10893
0.004, 10892
0.004, 10891
0.004, 10890
0.004, 10889
0.004, 10888
0.004, 10887
0.004, 10886
0.004, 10885
0.004, 10884
0.004, 10883
0.004, 10882
0.004, 10881
0.004, 10880
0.004, 10879
0.004, 10878
0.004, 10877
0.004, 10876
0.004, 10875
0.004, 10874
0.004, 10873
0.004, 10872
0.004, 10871
0.004, 10870
0.004, 10869
0.004, 10868
0.004, 10867
0.004, 10866
0.004, 10865
0.004, 10864
0.004, 10863
0.004, 10862
0.004, 10861
0.004, 10860
0.004, 10859
0.004, 10858
0.004, 10857
0.004, 10856
0.004, 10855
0.004, 10854
0.004, 10853
0.004, 10852
0.004, 10851
0.004, 10850
0.004, 10849
0.004, 10848
0.004, 10847
0.004, 10846
0.004, 10845
0.004, 10844
0.004, 10843
0.004, 10842
0.004, 10841
0.004, 10840
0.004, 10839
0.004, 10838
0.004, 10837
0.004, 10836
0.004, 10835
0.004, 10834
0.004, 10833
0.004, 10832
0.004, 10831
0.004, 10830
0.004, 10829
0.004, 10828
0.004, 10827
0.004, 10826
0.004, 10825
0.004, 10824
0.004, 10823
0.004, 10822
0.004, 10821
0.004, 10820
0.004, 10819
0.004, 10818
0.004, 10817
0.004, 10816
0.004, 10815
0.004, 10814
0.004, 10813
0.004, 10812
0.004, 10811
0.004, 10810
0.004, 10809
0.004, 10808
0.004, 10807
0.004, 10806
0.004, 10805
0.004, 10804
0.004, 10803
0.004, 10802
0.004, 10801
0.004, 10800
0.004, 10799
0.004, 10798
0.004, 10797
0.004, 10796
0.004, 10795
0.004, 10794
0.004, 10793
0.004, 10792
0.004, 10791
0.004, 10790
0.004, 10789
0.004, 10788
0.004, 10787
0.004, 10786
0.004, 10785
0.004, 10784
0.004, 10783
0.004, 10782
0.004, 10781
0.004, 10780
0.004, 10779
0.004, 10778
0.004, 10777
0.004, 10776
0.004, 10775
0.004, 10774
0.004, 10773
0.004, 10772
0.004, 10771
0.005, 10770
0.005, 10769
0.005, 10768
0.005, 10767
0.005, 10766
0.005, 10765
0.005, 10764
0.005, 10763
0.005, 10762
0.005, 10761
0.005, 10760
0.005, 10759
0.005, 10758
0.005, 10757
0.005, 10756
0.005, 10755
0.005, 10754
0.005, 10753
0.005, 10752
0.005, 10751
0.005, 10750
0.005, 10749
0.005, 10748
0.005, 10747
0.005, 10746
0.005, 10745
0.005, 10744
0.005, 10743
0.005, 10742
0.005, 10741
0.005, 10740
0.005, 10739
0.005, 10738
0.005, 10737
0.005, 10736
0.005, 10735
0.005, 10734
0.005, 10733
0.005, 10732
0.005, 10731
0.005, 10730
0.005, 10729
0.005, 10728
0.005, 10727
0.005, 10726
0.005, 10725
0.005, 10724
0.005, 10723
0.005, 10722
0.005, 10721
0.005, 10720
0.005, 10719
0.005, 10718
0.005, 10717
0.005, 10716
0.005, 10715
0.005, 10714
0.005, 10713
0.005, 10712
0.005, 10711
0.005, 10710
0.005, 10709
0.005, 10708
0.005, 10707
0.005, 10706
0.005, 10705
0.005, 10704
0.005, 10703
0.005, 10702
0.005, 10701
0.005, 10700
0.005, 10699
0.005, 10698
0.005, 10697
0.005, 10696
0.005, 10695
0.005, 10694
0.005, 10693
0.005, 10692
0.005, 10691
0.005, 10690
0.005, 10689
0.005, 10688
0.005, 10687
0.005, 10686
0.005, 10685
0.005, 10684
0.005, 10683
0.005, 10682
0.005, 10681
0.005, 10680
0.005, 10679
0.005, 10678
0.005, 10677
0.005, 10676
0.005, 10675
0.005, 10674
0.005, 10673
0.005, 10672
0.005, 10671
0.005, 10670
0.005, 10669
0.005, 10668
0.005, 10667
0.005, 10666
0.005, 10665
0.005, 10664
0.005, 10663
0.005, 10662
0.005, 10661
0.005, 10660
0.005, 10659
0.005, 10658
0.005, 10657
0.005, 10656
0.005, 10655
0.005, 10654
0.005, 10653
0.005, 10652
0.005, 10651
0.005, 10650
0.005, 10649
0.005, 10648
0.005, 10647
0.005, 10646
0.005, 10645
0.005, 10644
0.005, 10643
0.005, 10642
0.005, 10641
0.005, 10640
0.005, 10639
0.005, 10638
0.005, 10637
0.005, 10636
0.005, 10635
0.005, 10634
0.005, 10633
0.005, 10632
0.005, 10631
0.005, 10630
0.005, 10629
0.005, 10628
0.005, 10627
0.005, 10626
0.005, 10625
0.005, 10624
0.005, 10623
0.005, 10622
0.005, 10621
0.005, 10620
0.005, 10619
0.005, 10618
0.005, 10617
0.005, 10616
0.005, 10615
0.005, 10614
0.005, 10613
0.005, 10612
0.005, 10611
0.005, 10610
0.005, 10609
0.005, 10608
0.005, 10607
0.005, 10606
0.005, 10605
0.005, 10604
0.005, 10603
0.005, 10602
0.005, 10601
0.005, 10600
0.005, 10599
0.005, 10598
0.005, 10597
0.005, 10596
0.005, 10595
0.005, 10594
0.005, 10593
0.005, 10592
0.005, 10591
0.005, 10590
0.006, 10589
0.006, 10588
0.006, 10587
0.006, 10586
0.006, 10585
0.006, 10584
0.006, 10583
0.006, 10582
0.006, 10581
0.006, 10580
0.006, 10579
0.006, 10578
0.006, 10577
0.006, 10576
0.006, 10575
0.006, 10574
0.006, 10573
0.006, 10572
0.006, 10571
0.006, 10570
0.006, 10569
0.006, 10568
0.006, 10567
0.006, 10566
0.006, 10565
0.006, 10564
0.006, 10563
0.006, 10562
0.006, 10561
0.006, 10560
0.006, 10559
0.006, 10558
0.006, 10557
0.006, 10556
0.006, 10555
0.006, 10554
0.006, 10553
0.006, 10552
0.006, 10551
0.006, 10550
0.006, 10549
0.006, 10548
0.006, 10547
0.006, 10546
0.006, 10545
0.006, 10544
0.006, 10543
0.006, 10542
0.006, 10541
0.006, 10540
0.006, 10539
0.006, 10538
0.006, 10537
0.006, 10536
0.006, 10535
0.006, 10534
0.006, 10533
0.006, 10532
0.006, 10531
0.006, 10530
0.006, 10529
0.006, 10528
0.006, 10527
0.006, 10526
0.006, 10525
0.006, 10524
0.006, 10523
0.006, 10522
0.006, 10521
0.006, 10520
0.006, 10519
0.006, 10518
0.006, 10517
0.006, 10516
0.006, 10515
0.006, 10514
0.006, 10513
0.006, 10512
0.006, 10511
0.006, 10510
0.006, 10509
0.006, 10508
0.006, 10507
0.006, 10506
0.006, 10505
0.006, 10504
0.006, 10503
0.006, 10502
0.006, 10501
0.006, 10500
0.006, 10499
0.006, 10498
0.006, 10497
0.006, 10496
0.006, 10495
0.006, 10494
0.006, 10493
0.006, 10492
0.006, 10491
0.006, 10490
0.006, 10489
0.006, 10488
0.006, 10487
0.006, 10486
0.006, 10485
0.006, 10484
0.006, 10483
0.006, 10482
0.006, 10481
0.006, 10480
0.006, 10479
0.006, 10478
0.006, 10477
0.006, 10476
0.006, 10475
0.006, 10474
0.006, 10473
0.006, 10472
0.006, 10471
0.006, 10470
0.006, 10469
0.006, 10468
0.006, 10467
0.006, 10466
0.006, 10465
0.006, 10464
0.006, 10463
0.006, 10462
0.006, 10461
0.006, 10460
0.006, 10459
0.006, 10458
0.006, 10457
0.006, 10456
0.006, 10455
0.006, 10454
0.006, 10453
0.006, 10452
0.006, 10451
0.006, 10450
0.006, 10449
0.006, 10448
0.006, 10447
0.006, 10446
0.006, 10445
0.006, 10444
0.006, 10443
0.006, 10442
0.006, 10441
0.006, 10440
0.006, 10439
0.006, 10438
0.006, 10437
0.006, 10436
0.006, 10435
0.006, 10434
0.006, 10433
0.006, 10432
0.006, 10431
0.006, 10430
0.006, 10429
0.006, 10428
0.006, 10427
0.006, 10426
0.006, 10425
0.006, 10424
0.006, 10423
0.006, 10422
0.006, 10421
0.006, 10420
0.006, 10419
0.006, 10418
0.006, 10417
0.006, 10416
0.006, 10415
0.006, 10414
0.006, 10413
0.006, 10412
0.007, 10411
0.007, 10410
0.007, 10409
0.007, 10408
0.007, 10407
0.007, 10406
0.007, 10405
0.007, 10404
0.007, 10403
0.007, 10402
0.007, 10401
0.007, 10400
0.007, 10399
0.007, 10398
0.007, 10397
0.007, 10396
0.007, 10395
0.007, 10394
0.007, 10393
0.007, 10392
0.007, 10391
0.007, 10390
0.007, 10389
0.007, 10388
0.007, 10387
0.007, 10386
0.007, 10385
0.007, 10384
0.007, 10383
0.007, 10382
0.007, 10381
0.007, 10380
0.007, 10379
0.007, 10378
0.007, 10377
0.007, 10376
0.007, 10375
0.007, 10374
0.007, 10373
0.007, 10372
0.007, 10371
0.007, 10370
0.007, 10369
0.007, 10368
0.007, 10367
0.007, 10366
0.007, 10365
0.007, 10364
0.007, 10363
0.007, 10362
0.007, 10361
0.007, 10360
0.007, 10359
0.007, 10358
0.007, 10357
0.007, 10356
0.007, 10355
0.007, 10354
0.007, 10353
0.007, 10352
0.007, 10351
0.007, 10350
0.007, 10349
0.007, 10348
0.007, 10347
0.007, 10346
0.007, 10345
0.007, 10344
0.007, 10343
0.007, 10342
0.007, 10341
0.007, 10340
0.007, 10339
0.007, 10338
0.007, 10337
0.007, 10336
0.007, 10335
0.007, 10334
0.007, 10333
0.007, 10332
0.007, 10331
0.007, 10330
0.007, 10329
0.007, 10328
0.007, 10327
0.007, 10326
0.007, 10325
0.007, 10324
0.007, 10323
0.007, 10322
0.007, 10321
0.007, 10320
0.007, 10319
0.007, 10318
0.007, 10317
0.007, 10316
0.007, 10315
0.007, 10314
0.007, 10313
0.007, 10312
0.007, 10311
0.007, 10310
0.007, 10309
0.007, 10308
0.007, 10307
0.007, 10306
0.007, 10305
0.007, 10304
0.007, 10303
0.007, 10302
0.007, 10301
0.007, 10300
0.007, 10299
0.007, 10298
0.007, 10297
0.007, 10296
0.007, 10295
0.007, 10294
0.007, 10293
0.007, 10292
0.007, 10291
0.007, 10290
0.007, 10289
0.007, 10288
0.007, 10287
0.007, 10286
0.007, 10285
0.007, 10284
0.007, 10283
0.007, 10282
0.007, 10281
0.007, 10280
0.007, 10279
0.007, 10278
0.007, 10277
0.007, 10276
0.007, 10275
0.007, 10274
0.007, 10273
0.007, 10272
0.007, 10271
0.007, 10270
0.007, 10269
0.007, 10268
0.007, 10267
0.007, 10266
0.007, 10265
0.007, 10264
0.007, 10263
0.007, 10262
0.007, 10261
0.007, 10260
0.007, 10259
0.007, 10258
0.007, 10257
0.007, 10256
0.007, 10255
0.007, 10254
0.007, 10253
0.007, 10252
0.007, 10251
0.007, 10250
0.008, 10249
0.008, 10248
0.008, 10247
0.008, 10246
0.008, 10245
0.008, 10244
0.008, 10243
0.008, 10242
0.008, 10241
0.008, 10240
0.008, 10239
0.008, 10238
0.008, 10237
0.008, 10236
0.008, 10235
0.008, 10234
0.008, 10233
0.008, 10232
0.008, 10231
0.008, 10230
0.008, 10229
0.008, 10228
0.008, 10227
0.008, 10226
0.008, 10225
0.008, 10224
0.008, 10223
0.008, 10222
0.008, 10221
0.008, 10220
0.008, 10219
0.008, 10218
0.008, 10217
0.008, 10216
0.008, 10215
0.008, 10214
0.008, 10213
0.008, 10212
0.008, 10211
0.008, 10210
0.008, 10209
0.008, 10208
0.008, 10207
0.008, 10206
0.008, 10205
0.008, 10204
0.008, 10203
0.008, 10202
0.008, 10201
0.008, 10200
0.008, 10199
0.008, 10198
0.008, 10197
0.008, 10196
0.008, 10195
0.008, 10194
0.008, 10193
0.008, 10192
0.008, 10191
0.008, 10190
0.008, 10189
0.008, 10188
0.008, 10187
0.008, 10186
0.008, 10185
0.008, 10184
0.008, 10183
0.008, 10182
0.008, 10181
0.008, 10180
0.008, 10179
0.008, 10178
0.008, 10177
0.008, 10176
0.008, 10175
0.008, 10174
0.008, 10173
0.008, 10172
0.008, 10171
0.008, 10170
0.008, 10169
0.008, 10168
0.008, 10167
0.008, 10166
0.008, 10165
0.008, 10164
0.008, 10163
0.008, 10162
0.008, 10161
0.008, 10160
0.008, 10159
0.008, 10158
0.008, 10157
0.008, 10156
0.008, 10155
0.008, 10154
0.008, 10153
0.008, 10152
0.008, 10151
0.008, 10150
0.008, 10149
0.008, 10148
0.008, 10147
0.008, 10146
0.008, 10145
0.008, 10144
0.008, 10143
0.008, 10142
0.008, 10141
0.008, 10140
0.008, 10139
0.008, 10138
0.008, 10137
0.008, 10136
0.008, 10135
0.008, 10134
0.008, 10133
0.008, 10132
0.008, 10131
0.008, 10130
0.008, 10129
0.008, 10128
0.008, 10127
0.008, 10126
0.008, 10125
0.008, 10124
0.008, 10123
0.008, 10122
0.008, 10121
0.008, 10120
0.008, 10119
0.008, 10118
0.008, 10117
0.008, 10116
0.008, 10115
0.008, 10114
0.008, 10113
0.008, 10112
0.008, 10111
0.008, 10110
0.008, 10109
0.008, 10108
0.008, 10107
0.008, 10106
0.008, 10105
0.008, 10104
0.008, 10103
0.008, 10102
0.008, 10101
0.008, 10100
0.008, 10099
0.008, 10098
0.008, 10097
0.008, 10096
0.008, 10095
0.008, 10094
0.008, 10093
0.008, 10092
0.008, 10091
0.008, 10090
0.008, 10089
0.008, 10088
0.009, 10087
0.009, 10086
0.009, 10085
0.009, 10084
0.009, 10083
0.009, 10082
0.009, 10081
0.009, 10080
0.009, 10079
0.009, 10078
0.009, 10077
0.009, 10076
0.009, 10075
0.009, 10074
0.009, 10073
0.009, 10072
0.009, 10071
0.009, 10070
0.009, 10069
0.009, 10068
0.009, 10067
0.009, 10066
0.009, 10065
0.009, 10064
0.009, 10063
0.009, 10062
0.009, 10061
0.009, 10060
0.009, 10059
0.009, 10058
0.009, 10057
0.009, 10056
0.009, 10055
0.009, 10054
0.009, 10053
0.009, 10052
0.009, 10051
0.009, 10050
0.009, 10049
0.009, 10048
0.009, 10047
0.009, 10046
0.009, 10045
0.009, 10044
0.009, 10043
0.009, 10042
0.009, 10041
0.009, 10040
0.009, 10039
0.009, 10038
0.009, 10037
0.009, 10036
0.009, 10035
0.009, 10034
0.009, 10033
0.009, 10032
0.009, 10031
0.009, 10030
0.009, 10029
0.009, 10028
0.009, 10027
0.009, 10026
0.009, 10025
0.009, 10024
0.009, 10023
0.009, 10022
0.009, 10021
0.009, 10020
0.009, 10019
0.009, 10018
0.009, 10017
0.009, 10016
0.009, 10015
0.009, 10014
0.009, 10013
0.009, 10012
0.009, 10011
0.009, 10010
0.009, 10009
0.009, 10008
0.009, 10007
0.009, 10006
0.009, 10005
0.009, 10004
0.009, 10003
0.009, 10002
0.009, 10001
0.009, 10000
0.009, 9999
0.009, 9998
0.009, 9997
0.009, 9996
0.009, 9995
0.009, 9994
0.009, 9993
0.009, 9992
0.009, 9991
0.009, 9990
0.009, 9989
0.009, 9988
0.009, 9987
0.009, 9986
0.009, 9985
0.009, 9984
0.009, 9983
0.009, 9982
0.009, 9981
0.009, 9980
0.009, 9979
0.009, 9978
0.009, 9977
0.009, 9976
0.009, 9975
0.009, 9974
0.009, 9973
0.009, 9972
0.009, 9971
0.009, 9970
0.009, 9969
0.009, 9968
0.009, 9967
0.009, 9966
0.009, 9965
0.009, 9964
0.009, 9963
0.009, 9962
0.009, 9961
0.009, 9960
0.009, 9959
0.009, 9958
0.009, 9957
0.009, 9956
0.009, 9955
0.009, 9954
0.009, 9953
0.009, 9952
0.009, 9951
0.009, 9950
0.009, 9949
0.009, 9948
0.009, 9947
0.009, 9946
0.009, 9945
0.009, 9944
0.009, 9943
0.009, 9942
0.009, 9941
0.009, 9940
0.009, 9939
0.009, 9938
0.010, 9937
0.010, 9936
0.010, 9935
0.010, 9934
0.010, 9933
0.010, 9932
0.010, 9931
0.010, 9930
0.010, 9929
0.010, 9928
0.010, 9927
0.010, 9926
0.010, 9925
0.010, 9924
0.010, 9923
0.010, 9922
0.010, 9921
0.010, 9920
0.010, 9919
0.010, 9918
0.010, 9917
0.010, 9916
0.010, 9915
0.010, 9914
0.010, 9913
0.010, 9912
0.010, 9911
0.010, 9910
0.010, 9909
0.010, 9908
0.010, 9907
0.010, 9906
0.010, 9905
0.010, 9904
0.010, 9903
0.010, 9902
0.010, 9901
0.010, 9900
0.010, 9899
0.010, 9898
0.010, 9897
0.010, 9896
0.010, 9895
0.010, 9894
0.010, 9893
0.010, 9892
0.010, 9891
0.010, 9890
0.010, 9889
0.010, 9888
0.010, 9887
0.010, 9886
0.010, 9885
0.010, 9884
0.010, 9883
0.010, 9882
0.010, 9881
0.010, 9880
0.010, 9879
0.010, 9878
0.010, 9877
0.010, 9876
0.010, 9875
0.010, 9874
0.010, 9873
0.010, 9872
0.010, 9871
0.010, 9870
0.010, 9869
0.010, 9868
0.010, 9867
0.010, 9866
0.010, 9865
0.010, 9864
0.010, 9863
0.010, 9862
0.010, 9861
0.010, 9860
0.010, 9859
0.010, 9858
0.010, 9857
0.010, 9856
0.010, 9855
0.010, 9854
0.010, 9853
0.010, 9852
0.010, 9851
0.010, 9850
0.010, 9849
0.010, 9848
0.010, 9847
0.010, 9846
0.010, 9845
0.010, 9844
0.010, 9843
0.010, 9842
0.010, 9841
0.010, 9840
0.010, 9839
0.010, 9838
0.010, 9837
0.010, 9836
0.010, 9835
0.010, 9834
0.010, 9833
0.010, 9832
0.010, 9831
0.010, 9830
0.010, 9829
0.010, 9828
0.010, 9827
0.010, 9826
0.010, 9825
0.010, 9824
0.010, 9823
0.010, 9822
0.010, 9821
0.010, 9820
0.010, 9819
0.010, 9818
0.010, 9817
0.010, 9816
0.010, 9815
0.010, 9814
0.010, 9813
0.010, 9812
0.010, 9811
0.010, 9810
0.010, 9809
0.010, 9808
0.010, 9807
0.010, 9806
0.010, 9805
0.010, 9804
0.010, 9803
0.010, 9802
0.010, 9801
0.010, 9800
0.010, 9799
0.010, 9798
0.010, 9797
0.010, 9796
0.010, 9795
0.010, 9794
0.010, 9793
0.010, 9792
0.010, 9791
0.010, 9790
0.010, 9789
0.010, 9788
0.010, 9787
0.010, 9786
0.010, 9785
0.010, 9784
0.010, 9783
0.010, 9782
0.010, 9781
0.010, 9780
0.010, 9779
0.010, 9778
0.010, 9777
0.010, 9776
0.010, 9775
0.010, 9774
0.010, 9773
0.010, 9772
0.010, 9771
0.010, 9770
0.010, 9769
0.011, 9768
0.011, 9767
0.011, 9766
0.011, 9765
0.011, 9764
0.011, 9763
0.011, 9762
0.011, 9761
0.011, 9760
0.011, 9759
0.011, 9758
0.011, 9757
0.011, 9756
0.011, 9755
0.011, 9754
0.011, 9753
0.011, 9752
0.011, 9751
0.011, 9750
0.011, 9749
0.011, 9748
0.011, 9747
0.011, 9746
0.011, 9745
0.011, 9744
0.011, 9743
0.011, 9742
0.011, 9741
0.011, 9740
0.011, 9739
0.011, 9738
0.011, 9737
0.011, 9736
0.011, 9735
0.011, 9734
0.011, 9733
0.011, 9732
0.011, 9731
0.011, 9730
0.011, 9729
0.011, 9728
0.011, 9727
0.011, 9726
0.011, 9725
0.011, 9724
0.011, 9723
0.011, 9722
0.011, 9721
0.011, 9720
0.011, 9719
0.011, 9718
0.011, 9717
0.011, 9716
0.011, 9715
0.011, 9714
0.011, 9713
0.011, 9712
0.011, 9711
0.011, 9710
0.011, 9709
0.011, 9708
0.011, 9707
0.011, 9706
0.011, 9705
0.011, 9704
0.011, 9703
0.011, 9702
0.011, 9701
0.011, 9700
0.011, 9699
0.011, 9698
0.011, 9697
0.011, 9696
0.011, 9695
0.011, 9694
0.011, 9693
0.011, 9692
0.011, 9691
0.011, 9690
0.011, 9689
0.011, 9688
0.011, 9687
0.011, 9686
0.011, 9685
0.011, 9684
0.011, 9683
0.011, 9682
0.011, 9681
0.011, 9680
0.011, 9679
0.011, 9678
0.011, 9677
0.011, 9676
0.011, 9675
0.011, 9674
0.011, 9673
0.011, 9672
0.011, 9671
0.011, 9670
0.011, 9669
0.011, 9668
0.011, 9667
0.011, 9666
0.011, 9665
0.011, 9664
0.011, 9663
0.011, 9662
0.011, 9661
0.011, 9660
0.011, 9659
0.011, 9658
0.011, 9657
0.011, 9656
0.011, 9655
0.011, 9654
0.011, 9653
0.011, 9652
0.011, 9651
0.011, 9650
0.011, 9649
0.011, 9648
0.011, 9647
0.011, 9646
0.011, 9645
0.011, 9644
0.011, 9643
0.011, 9642
0.011, 9641
0.011, 9640
0.011, 9639
0.011, 9638
0.011, 9637
0.011, 9636
0.011, 9635
0.011, 9634
0.011, 9633
0.011, 9632
0.011, 9631
0.011, 9630
0.012, 9629
0.012, 9628
0.012, 9627
0.012, 9626
0.012, 9625
0.012, 9624
0.012, 9623
0.012, 9622
0.012, 9621
0.012, 9620
0.012, 9619
0.012, 9618
0.012, 9617
0.012, 9616
0.012, 9615
0.012, 9614
0.012, 9613
0.012, 9612
0.012, 9611
0.012, 9610
0.012, 9609
0.012, 9608
0.012, 9607
0.012, 9606
0.012, 9605
0.012, 9604
0.012, 9603
0.012, 9602
0.012, 9601
0.012, 9600
0.012, 9599
0.012, 9598
0.012, 9597
0.012, 9596
0.012, 9595
0.012, 9594
0.012, 9593
0.012, 9592
0.012, 9591
0.012, 9590
0.012, 9589
0.012, 9588
0.012, 9587
0.012, 9586
0.012, 9585
0.012, 9584
0.012, 9583
0.012, 9582
0.012, 9581
0.012, 9580
0.012, 9579
0.012, 9578
0.012, 9577
0.012, 9576
0.012, 9575
0.012, 9574
0.012, 9573
0.012, 9572
0.012, 9571
0.012, 9570
0.012, 9569
0.012, 9568
0.012, 9567
0.012, 9566
0.012, 9565
0.012, 9564
0.012, 9563
0.012, 9562
0.012, 9561
0.012, 9560
0.012, 9559
0.012, 9558
0.012, 9557
0.012, 9556
0.012, 9555
0.012, 9554
0.012, 9553
0.012, 9552
0.012, 9551
0.012, 9550
0.012, 9549
0.012, 9548
0.012, 9547
0.012, 9546
0.012, 9545
0.012, 9544
0.012, 9543
0.012, 9542
0.012, 9541
0.012, 9540
0.012, 9539
0.012, 9538
0.012, 9537
0.012, 9536
0.012, 9535
0.012, 9534
0.012, 9533
0.012, 9532
0.012, 9531
0.012, 9530
0.012, 9529
0.012, 9528
0.012, 9527
0.012, 9526
0.012, 9525
0.012, 9524
0.012, 9523
0.012, 9522
0.012, 9521
0.012, 9520
0.012, 9519
0.012, 9518
0.012, 9517
0.012, 9516
0.012, 9515
0.012, 9514
0.012, 9513
0.012, 9512
0.012, 9511
0.012, 9510
0.012, 9509
0.012, 9508
0.012, 9507
0.012, 9506
0.012, 9505
0.012, 9504
0.012, 9503
0.012, 9502
0.012, 9501
0.012, 9500
0.012, 9499
0.012, 9498
0.012, 9497
0.012, 9496
0.012, 9495
0.012, 9494
0.012, 9493
0.012, 9492
0.012, 9491
0.012, 9490
0.012, 9489
0.012, 9488
0.012, 9487
0.012, 9486
0.012, 9485
0.012, 9484
0.012, 9483
0.012, 9482
0.012, 9481
0.012, 9480
0.012, 9479
0.012, 9478
0.013, 9477
0.013, 9476
0.013, 9475
0.013, 9474
0.013, 9473
0.013, 9472
0.013, 9471
0.013, 9470
0.013, 9469
0.013, 9468
0.013, 9467
0.013, 9466
0.013, 9465
0.013, 9464
0.013, 9463
0.013, 9462
0.013, 9461
0.013, 9460
0.013, 9459
0.013, 9458
0.013, 9457
0.013, 9456
0.013, 9455
0.013, 9454
0.013, 9453
0.013, 9452
0.013, 9451
0.013, 9450
0.013, 9449
0.013, 9448
0.013, 9447
0.013, 9446
0.013, 9445
0.013, 9444
0.013, 9443
0.013, 9442
0.013, 9441
0.013, 9440
0.013, 9439
0.013, 9438
0.013, 9437
0.013, 9436
0.013, 9435
0.013, 9434
0.013, 9433
0.013, 9432
0.013, 9431
0.013, 9430
0.013, 9429
0.013, 9428
0.013, 9427
0.013, 9426
0.013, 9425
0.013, 9424
0.013, 9423
0.013, 9422
0.013, 9421
0.013, 9420
0.013, 9419
0.013, 9418
0.013, 9417
0.013, 9416
0.013, 9415
0.013, 9414
0.013, 9413
0.013, 9412
0.013, 9411
0.013, 9410
0.013, 9409
0.013, 9408
0.013, 9407
0.013, 9406
0.013, 9405
0.013, 9404
0.013, 9403
0.013, 9402
0.013, 9401
0.013, 9400
0.013, 9399
0.013, 9398
0.013, 9397
0.013, 9396
0.013, 9395
0.013, 9394
0.013, 9393
0.013, 9392
0.013, 9391
0.013, 9390
0.013, 9389
0.013, 9388
0.013, 9387
0.013, 9386
0.013, 9385
0.013, 9384
0.013, 9383
0.013, 9382
0.013, 9381
0.013, 9380
0.013, 9379
0.013, 9378
0.013, 9377
0.013, 9376
0.013, 9375
0.013, 9374
0.013, 9373
0.013, 9372
0.013, 9371
0.013, 9370
0.013, 9369
0.013, 9368
0.013, 9367
0.013, 9366
0.013, 9365
0.013, 9364
0.013, 9363
0.013, 9362
0.013, 9361
0.013, 9360
0.013, 9359
0.013, 9358
0.013, 9357
0.013, 9356
0.013, 9355
0.013, 9354
0.013, 9353
0.013, 9352
0.013, 9351
0.013, 9350
0.013, 9349
0.013, 9348
0.013, 9347
0.013, 9346
0.013, 9345
0.013, 9344
0.013, 9343
0.013, 9342
0.013, 9341
0.013, 9340
0.013, 9339
0.013, 9338
0.013, 9337
0.013, 9336
0.013, 9335
0.013, 9334
0.013, 9333
0.013, 9332
0.013, 9331
0.013, 9330
0.013, 9329
0.013, 9328
0.013, 9327
0.013, 9326
0.013, 9325
0.013, 9324
0.013, 9323
0.013, 9322
0.013, 9321
0.013, 9320
0.013, 9319
0.013, 9318
0.013, 9317
0.013, 9316
0.013, 9315
0.014, 9314
0.014, 9313
0.014, 9312
0.014, 9311
0.014, 9310
0.014, 9309
0.014, 9308
0.014, 9307
0.014, 9306
0.014, 9305
0.014, 9304
0.014, 9303
0.014, 9302
0.014, 9301
0.014, 9300
0.014, 9299
0.014, 9298
0.014, 9297
0.014, 9296
0.014, 9295
0.014, 9294
0.014, 9293
0.014, 9292
0.014, 9291
0.014, 9290
0.014, 9289
0.014, 9288
0.014, 9287
0.014, 9286
0.014, 9285
0.014, 9284
0.014, 9283
0.014, 9282
0.014, 9281
0.014, 9280
0.014, 9279
0.014, 9278
0.014, 9277
0.014, 9276
0.014, 9275
0.014, 9274
0.014, 9273
0.014, 9272
0.014, 9271
0.014, 9270
0.014, 9269
0.014, 9268
0.014, 9267
0.014, 9266
0.014, 9265
0.014, 9264
0.014, 9263
0.014, 9262
0.014, 9261
0.014, 9260
0.014, 9259
0.014, 9258
0.014, 9257
0.014, 9256
0.014, 9255
0.014, 9254
0.014, 9253
0.014, 9252
0.014, 9251
0.014, 9250
0.014, 9249
0.014, 9248
0.014, 9247
0.014, 9246
0.014, 9245
0.014, 9244
0.014, 9243
0.014, 9242
0.014, 9241
0.014, 9240
0.014, 9239
0.014, 9238
0.014, 9237
0.014, 9236
0.014, 9235
0.014, 9234
0.014, 9233
0.014, 9232
0.014, 9231
0.014, 9230
0.014, 9229
0.014, 9228
0.014, 9227
0.014, 9226
0.014, 9225
0.014, 9224
0.014, 9223
0.014, 9222
0.014, 9221
0.014, 9220
0.014, 9219
0.014, 9218
0.014, 9217
0.014, 9216
0.014, 9215
0.014, 9214
0.014, 9213
0.014, 9212
0.014, 9211
0.014, 9210
0.014, 9209
0.014, 9208
0.014, 9207
0.014, 9206
0.014, 9205
0.014, 9204
0.014, 9203
0.014, 9202
0.014, 9201
0.014, 9200
0.014, 9199
0.014, 9198
0.014, 9197
0.014, 9196
0.014, 9195
0.014, 9194
0.014, 9193
0.014, 9192
0.014, 9191
0.014, 9190
0.014, 9189
0.014, 9188
0.014, 9187
0.014, 9186
0.014, 9185
0.014, 9184
0.014, 9183
0.014, 9182
0.014, 9181
0.014, 9180
0.014, 9179
0.014, 9178
0.014, 9177
0.014, 9176
0.014, 9175
0.014, 9174
0.014, 9173
0.014, 9172
0.014, 9171
0.014, 9170
0.014, 9169
0.014, 9168
0.014, 9167
0.014, 9166
0.014, 9165
0.014, 9164
0.014, 9163
0.014, 9162
0.014, 9161
0.014, 9160
0.014, 9159
0.014, 9158
0.014, 9157
0.014, 9156
0.014, 9155
0.014, 9154
0.014, 9153
0.014, 9152
0.014, 9151
0.014, 9150
0.014, 9149
0.014, 9148
0.014, 9147
0.014, 9146
0.014, 9145
0.014, 9144
0.014, 9143
0.014, 9142
0.014, 9141
0.014, 9140
0.014, 9139
0.014, 9138
0.014, 9137
0.015, 9136
0.015, 9135
0.015, 9134
0.015, 9133
0.015, 9132
0.015, 9131
0.015, 9130
0.015, 9129
0.015, 9128
0.015, 9127
0.015, 9126
0.015, 9125
0.015, 9124
0.015, 9123
0.015, 9122
0.015, 9121
0.015, 9120
0.015, 9119
0.015, 9118
0.015, 9117
0.015, 9116
0.015, 9115
0.015, 9114
0.015, 9113
0.015, 9112
0.015, 9111
0.015, 9110
0.015, 9109
0.015, 9108
0.015, 9107
0.015, 9106
0.015, 9105
0.015, 9104
0.015, 9103
0.015, 9102
0.015, 9101
0.015, 9100
0.015, 9099
0.015, 9098
0.015, 9097
0.015, 9096
0.015, 9095
0.015, 9094
0.015, 9093
0.015, 9092
0.015, 9091
0.015, 9090
0.015, 9089
0.015, 9088
0.015, 9087
0.015, 9086
0.015, 9085
0.015, 9084
0.015, 9083
0.015, 9082
0.015, 9081
0.015, 9080
0.015, 9079
0.015, 9078
0.015, 9077
0.015, 9076
0.015, 9075
0.015, 9074
0.015, 9073
0.015, 9072
0.015, 9071
0.015, 9070
0.015, 9069
0.015, 9068
0.015, 9067
0.015, 9066
0.015, 9065
0.015, 9064
0.015, 9063
0.015, 9062
0.015, 9061
0.015, 9060
0.015, 9059
0.015, 9058
0.015, 9057
0.015, 9056
0.015, 9055
0.015, 9054
0.015, 9053
0.015, 9052
0.015, 9051
0.015, 9050
0.015, 9049
0.015, 9048
0.015, 9047
0.015, 9046
0.015, 9045
0.015, 9044
0.015, 9043
0.015, 9042
0.015, 9041
0.015, 9040
0.015, 9039
0.015, 9038
0.015, 9037
0.015, 9036
0.015, 9035
0.015, 9034
0.015, 9033
0.015, 9032
0.015, 9031
0.015, 9030
0.015, 9029
0.015, 9028
0.015, 9027
0.015, 9026
0.015, 9025
0.015, 9024
0.015, 9023
0.015, 9022
0.015, 9021
0.015, 9020
0.015, 9019
0.015, 9018
0.015, 9017
0.015, 9016
0.015, 9015
0.015, 9014
0.015, 9013
0.015, 9012
0.015, 9011
0.015, 9010
0.015, 9009
0.015, 9008
0.015, 9007
0.015, 9006
0.015, 9005
0.015, 9004
0.015, 9003
0.015, 9002
0.015, 9001
0.015, 9000
0.015, 8999
0.015, 8998
0.015, 8997
0.015, 8996
0.016, 8995
0.016, 8994
0.016, 8993
0.016, 8992
0.016, 8991
0.016, 8990
0.016, 8989
0.016, 8988
0.016, 8987
0.016, 8986
0.016, 8985
0.016, 8984
0.016, 8983
0.016, 8982
0.016, 8981
0.016, 8980
0.016, 8979
0.016, 8978
0.016, 8977
0.016, 8976
0.016, 8975
0.016, 8974
0.016, 8973
0.016, 8972
0.016, 8971
0.016, 8970
0.016, 8969
0.016, 8968
0.016, 8967
0.016, 8966
0.016, 8965
0.016, 8964
0.016, 8963
0.016, 8962
0.016, 8961
0.016, 8960
0.016, 8959
0.016, 8958
0.016, 8957
0.016, 8956
0.016, 8955
0.016, 8954
0.016, 8953
0.016, 8952
0.016, 8951
0.016, 8950
0.016, 8949
0.016, 8948
0.016, 8947
0.016, 8946
0.016, 8945
0.016, 8944
0.016, 8943
0.016, 8942
0.016, 8941
0.016, 8940
0.016, 8939
0.016, 8938
0.016, 8937
0.016, 8936
0.016, 8935
0.016, 8934
0.016, 8933
0.016, 8932
0.016, 8931
0.016, 8930
0.016, 8929
0.016, 8928
0.016, 8927
0.016, 8926
0.016, 8925
0.016, 8924
0.016, 8923
0.016, 8922
0.016, 8921
0.016, 8920
0.016, 8919
0.016, 8918
0.016, 8917
0.016, 8916
0.016, 8915
0.016, 8914
0.016, 8913
0.016, 8912
0.016, 8911
0.016, 8910
0.016, 8909
0.016, 8908
0.016, 8907
0.016, 8906
0.016, 8905
0.016, 8904
0.016, 8903
0.016, 8902
0.016, 8901
0.016, 8900
0.016, 8899
0.016, 8898
0.016, 8897
0.016, 8896
0.016, 8895
0.016, 8894
0.016, 8893
0.016, 8892
0.016, 8891
0.016, 8890
0.016, 8889
0.016, 8888
0.016, 8887
0.016, 8886
0.016, 8885
0.016, 8884
0.016, 8883
0.016, 8882
0.016, 8881
0.016, 8880
0.016, 8879
0.016, 8878
0.016, 8877
0.016, 8876
0.016, 8875
0.016, 8874
0.016, 8873
0.016, 8872
0.016, 8871
0.016, 8870
0.016, 8869
0.016, 8868
0.016, 8867
0.016, 8866
0.016, 8865
0.016, 8864
0.016, 8863
0.016, 8862
0.016, 8861
0.016, 8860
0.016, 8859
0.016, 8858
0.016, 8857
0.016, 8856
0.016, 8855
0.016, 8854
0.016, 8853
0.016, 8852
0.016, 8851
0.016, 8850
0.016, 8849
0.016, 8848
0.016, 8847
0.016, 8846
0.016, 8845
0.016, 8844
0.016, 8843
0.016, 8842
0.016, 8841
0.016, 8840
0.016, 8839
0.016, 8838
0.016, 8837
0.016, 8836
0.016, 8835
0.016, 8834
0.016, 8833
0.016, 8832
0.016, 8831
0.016, 8830
0.016, 8829
0.016, 8828
0.016, 8827
0.016, 8826
0.016, 8825
0.016, 8824
0.017, 8823
0.017, 8822
0.017, 8821
0.017, 8820
0.017, 8819
0.017, 8818
0.017, 8817
0.017, 8816
0.017, 8815
0.017, 8814
0.017, 8813
0.017, 8812
0.017, 8811
0.017, 8810
0.017, 8809
0.017, 8808
0.017, 8807
0.017, 8806
0.017, 8805
0.017, 8804
0.017, 8803
0.017, 8802
0.017, 8801
0.017, 8800
0.017, 8799
0.017, 8798
0.017, 8797
0.017, 8796
0.017, 8795
0.017, 8794
0.017, 8793
0.017, 8792
0.017, 8791
0.017, 8790
0.017, 8789
0.017, 8788
0.017, 8787
0.017, 8786
0.017, 8785
0.017, 8784
0.017, 8783
0.017, 8782
0.017, 8781
0.017, 8780
0.017, 8779
0.017, 8778
0.017, 8777
0.017, 8776
0.017, 8775
0.017, 8774
0.017, 8773
0.017, 8772
0.017, 8771
0.017, 8770
0.017, 8769
0.017, 8768
0.017, 8767
0.017, 8766
0.017, 8765
0.017, 8764
0.017, 8763
0.017, 8762
0.017, 8761
0.017, 8760
0.017, 8759
0.017, 8758
0.017, 8757
0.017, 8756
0.017, 8755
0.017, 8754
0.017, 8753
0.017, 8752
0.017, 8751
0.017, 8750
0.017, 8749
0.017, 8748
0.017, 8747
0.017, 8746
0.017, 8745
0.017, 8744
0.017, 8743
0.017, 8742
0.017, 8741
0.017, 8740
0.017, 8739
0.017, 8738
0.017, 8737
0.017, 8736
0.017, 8735
0.017, 8734
0.017, 8733
0.017, 8732
0.017, 8731
0.017, 8730
0.017, 8729
0.017, 8728
0.017, 8727
0.017, 8726
0.017, 8725
0.017, 8724
0.017, 8723
0.018, 8722
0.018, 8721
0.018, 8720
0.018, 8719
0.018, 8718
0.018, 8717
0.018, 8716
0.018, 8715
0.018, 8714
0.018, 8713
0.018, 8712
0.018, 8711
0.018, 8710
0.018, 8709
0.018, 8708
0.018, 8707
0.018, 8706
0.018, 8705
0.018, 8704
0.018, 8703
0.018, 8702
0.018, 8701
0.018, 8700
0.018, 8699
0.018, 8698
0.018, 8697
0.018, 8696
0.018, 8695
0.018, 8694
0.018, 8693
0.018, 8692
0.018, 8691
0.018, 8690
0.018, 8689
0.018, 8688
0.018, 8687
0.018, 8686
0.018, 8685
0.018, 8684
0.018, 8683
0.018, 8682
0.018, 8681
0.018, 8680
0.018, 8679
0.018, 8678
0.018, 8677
0.018, 8676
0.018, 8675
0.018, 8674
0.018, 8673
0.018, 8672
0.018, 8671
0.018, 8670
0.018, 8669
0.018, 8668
0.018, 8667
0.018, 8666
0.018, 8665
0.018, 8664
0.018, 8663
0.018, 8662
0.018, 8661
0.018, 8660
0.018, 8659
0.018, 8658
0.018, 8657
0.018, 8656
0.018, 8655
0.018, 8654
0.018, 8653
0.018, 8652
0.018, 8651
0.018, 8650
0.018, 8649
0.018, 8648
0.018, 8647
0.018, 8646
0.018, 8645
0.018, 8644
0.018, 8643
0.018, 8642
0.018, 8641
0.018, 8640
0.018, 8639
0.018, 8638
0.018, 8637
0.018, 8636
0.018, 8635
0.018, 8634
0.018, 8633
0.018, 8632
0.018, 8631
0.018, 8630
0.018, 8629
0.018, 8628
0.018, 8627
0.018, 8626
0.018, 8625
0.018, 8624
0.018, 8623
0.018, 8622
0.018, 8621
0.018, 8620
0.018, 8619
0.018, 8618
0.018, 8617
0.018, 8616
0.018, 8615
0.018, 8614
0.018, 8613
0.018, 8612
0.018, 8611
0.018, 8610
0.018, 8609
0.018, 8608
0.018, 8607
0.018, 8606
0.018, 8605
0.018, 8604
0.018, 8603
0.018, 8602
0.018, 8601
0.018, 8600
0.018, 8599
0.018, 8598
0.018, 8597
0.018, 8596
0.018, 8595
0.018, 8594
0.018, 8593
0.018, 8592
0.018, 8591
0.018, 8590
0.018, 8589
0.018, 8588
0.018, 8587
0.018, 8586
0.018, 8585
0.018, 8584
0.018, 8583
0.018, 8582
0.019, 8581
0.019, 8580
0.019, 8579
0.019, 8578
0.019, 8577
0.019, 8576
0.019, 8575
0.019, 8574
0.019, 8573
0.019, 8572
0.019, 8571
0.019, 8570
0.019, 8569
0.019, 8568
0.019, 8567
0.019, 8566
0.019, 8565
0.019, 8564
0.019, 8563
0.019, 8562
0.019, 8561
0.019, 8560
0.019, 8559
0.019, 8558
0.019, 8557
0.019, 8556
0.019, 8555
0.019, 8554
0.019, 8553
0.019, 8552
0.019, 8551
0.019, 8550
0.019, 8549
0.019, 8548
0.019, 8547
0.019, 8546
0.019, 8545
0.019, 8544
0.019, 8543
0.019, 8542
0.019, 8541
0.019, 8540
0.019, 8539
0.019, 8538
0.019, 8537
0.019, 8536
0.019, 8535
0.019, 8534
0.019, 8533
0.019, 8532
0.019, 8531
0.019, 8530
0.019, 8529
0.019, 8528
0.019, 8527
0.019, 8526
0.019, 8525
0.019, 8524
0.019, 8523
0.019, 8522
0.019, 8521
0.019, 8520
0.019, 8519
0.019, 8518
0.019, 8517
0.019, 8516
0.019, 8515
0.019, 8514
0.019, 8513
0.019, 8512
0.019, 8511
0.019, 8510
0.019, 8509
0.019, 8508
0.019, 8507
0.019, 8506
0.019, 8505
0.019, 8504
0.019, 8503
0.019, 8502
0.019, 8501
0.019, 8500
0.019, 8499
0.019, 8498
0.019, 8497
0.019, 8496
0.019, 8495
0.019, 8494
0.019, 8493
0.019, 8492
0.019, 8491
0.019, 8490
0.019, 8489
0.019, 8488
0.019, 8487
0.019, 8486
0.019, 8485
0.019, 8484
0.019, 8483
0.019, 8482
0.019, 8481
0.019, 8480
0.019, 8479
0.019, 8478
0.019, 8477
0.019, 8476
0.019, 8475
0.019, 8474
0.019, 8473
0.019, 8472
0.019, 8471
0.019, 8470
0.019, 8469
0.019, 8468
0.019, 8467
0.019, 8466
0.019, 8465
0.019, 8464
0.019, 8463
0.019, 8462
0.019, 8461
0.019, 8460
0.019, 8459
0.019, 8458
0.019, 8457
0.019, 8456
0.019, 8455
0.019, 8454
0.019, 8453
0.019, 8452
0.019, 8451
0.019, 8450
0.019, 8449
0.019, 8448
0.019, 8447
0.019, 8446
0.019, 8445
0.019, 8444
0.019, 8443
0.019, 8442
0.020, 8441
0.020, 8440
0.020, 8439
0.020, 8438
0.020, 8437
0.020, 8436
0.020, 8435
0.020, 8434
0.020, 8433
0.020, 8432
0.020, 8431
0.020, 8430
0.020, 8429
0.020, 8428
0.020, 8427
0.020, 8426
0.020, 8425
0.020, 8424
0.020, 8423
0.020, 8422
0.020, 8421
0.020, 8420
0.020, 8419
0.020, 8418
0.020, 8417
0.020, 8416
0.020, 8415
0.020, 8414
0.020, 8413
0.020, 8412
0.020, 8411
0.020, 8410
0.020, 8409
0.020, 8408
0.020, 8407
0.020, 8406
0.020, 8405
0.020, 8404
0.020, 8403
0.020, 8402
0.020, 8401
0.020, 8400
0.020, 8399
0.020, 8398
0.020, 8397
0.020, 8396
0.020, 8395
0.020, 8394
0.020, 8393
0.020, 8392
0.020, 8391
0.020, 8390
0.020, 8389
0.020, 8388
0.020, 8387
0.020, 8386
0.020, 8385
0.020, 8384
0.020, 8383
0.020, 8382
0.020, 8381
0.020, 8380
0.020, 8379
0.020, 8378
0.020, 8377
0.020, 8376
0.020, 8375
0.020, 8374
0.020, 8373
0.020, 8372
0.020, 8371
0.020, 8370
0.020, 8369
0.020, 8368
0.020, 8367
0.020, 8366
0.020, 8365
0.020, 8364
0.020, 8363
0.020, 8362
0.020, 8361
0.020, 8360
0.020, 8359
0.020, 8358
0.020, 8357
0.020, 8356
0.020, 8355
0.020, 8354
0.020, 8353
0.020, 8352
0.020, 8351
0.020, 8350
0.020, 8349
0.020, 8348
0.020, 8347
0.020, 8346
0.020, 8345
0.020, 8344
0.020, 8343
0.020, 8342
0.021, 8341
0.021, 8340
0.021, 8339
0.021, 8338
0.021, 8337
0.021, 8336
0.021, 8335
0.021, 8334
0.021, 8333
0.021, 8332
0.021, 8331
0.021, 8330
0.021, 8329
0.021, 8328
0.021, 8327
0.021, 8326
0.021, 8325
0.021, 8324
0.021, 8323
0.021, 8322
0.021, 8321
0.021, 8320
0.021, 8319
0.021, 8318
0.021, 8317
0.021, 8316
0.021, 8315
0.021, 8314
0.021, 8313
0.021, 8312
0.021, 8311
0.021, 8310
0.021, 8309
0.021, 8308
0.021, 8307
0.021, 8306
0.021, 8305
0.021, 8304
0.021, 8303
0.021, 8302
0.021, 8301
0.021, 8300
0.021, 8299
0.021, 8298
0.021, 8297
0.021, 8296
0.021, 8295
0.021, 8294
0.021, 8293
0.021, 8292
0.021, 8291
0.021, 8290
0.021, 8289
0.021, 8288
0.021, 8287
0.021, 8286
0.021, 8285
0.021, 8284
0.021, 8283
0.021, 8282
0.021, 8281
0.021, 8280
0.021, 8279
0.021, 8278
0.021, 8277
0.021, 8276
0.021, 8275
0.021, 8274
0.021, 8273
0.021, 8272
0.021, 8271
0.021, 8270
0.021, 8269
0.021, 8268
0.021, 8267
0.021, 8266
0.021, 8265
0.022, 8264
0.022, 8263
0.022, 8262
0.022, 8261
0.022, 8260
0.022, 8259
0.022, 8258
0.022, 8257
0.022, 8256
0.022, 8255
0.022, 8254
0.022, 8253
0.022, 8252
0.022, 8251
0.022, 8250
0.022, 8249
0.022, 8248
0.022, 8247
0.022, 8246
0.022, 8245
0.022, 8244
0.022, 8243
0.022, 8242
0.022, 8241
0.022, 8240
0.022, 8239
0.022, 8238
0.022, 8237
0.022, 8236
0.022, 8235
0.022, 8234
0.022, 8233
0.022, 8232
0.022, 8231
0.022, 8230
0.022, 8229
0.022, 8228
0.022, 8227
0.022, 8226
0.022, 8225
0.022, 8224
0.022, 8223
0.022, 8222
0.022, 8221
0.022, 8220
0.022, 8219
0.022, 8218
0.022, 8217
0.022, 8216
0.022, 8215
0.022, 8214
0.022, 8213
0.022, 8212
0.022, 8211
0.022, 8210
0.022, 8209
0.022, 8208
0.022, 8207
0.022, 8206
0.022, 8205
0.022, 8204
0.022, 8203
0.022, 8202
0.022, 8201
0.022, 8200
0.022, 8199
0.022, 8198
0.022, 8197
0.022, 8196
0.022, 8195
0.022, 8194
0.022, 8193
0.022, 8192
0.022, 8191
0.022, 8190
0.022, 8189
0.022, 8188
0.022, 8187
0.022, 8186
0.022, 8185
0.022, 8184
0.022, 8183
0.022, 8182
0.022, 8181
0.022, 8180
0.022, 8179
0.022, 8178
0.022, 8177
0.022, 8176
0.022, 8175
0.022, 8174
0.022, 8173
0.022, 8172
0.022, 8171
0.022, 8170
0.022, 8169
0.022, 8168
0.022, 8167
0.022, 8166
0.022, 8165
0.022, 8164
0.022, 8163
0.022, 8162
0.022, 8161
0.022, 8160
0.022, 8159
0.022, 8158
0.022, 8157
0.022, 8156
0.022, 8155
0.022, 8154
0.022, 8153
0.022, 8152
0.022, 8151
0.022, 8150
0.022, 8149
0.022, 8148
0.022, 8147
0.022, 8146
0.022, 8145
0.022, 8144
0.022, 8143
0.022, 8142
0.022, 8141
0.023, 8140
0.023, 8139
0.023, 8138
0.023, 8137
0.023, 8136
0.023, 8135
0.023, 8134
0.023, 8133
0.023, 8132
0.023, 8131
0.023, 8130
0.023, 8129
0.023, 8128
0.023, 8127
0.023, 8126
0.023, 8125
0.023, 8124
0.023, 8123
0.023, 8122
0.023, 8121
0.023, 8120
0.023, 8119
0.023, 8118
0.023, 8117
0.023, 8116
0.023, 8115
0.023, 8114
0.023, 8113
0.023, 8112
0.023, 8111
0.023, 8110
0.023, 8109
0.023, 8108
0.023, 8107
0.023, 8106
0.023, 8105
0.023, 8104
0.023, 8103
0.023, 8102
0.023, 8101
0.023, 8100
0.023, 8099
0.023, 8098
0.023, 8097
0.023, 8096
0.023, 8095
0.023, 8094
0.023, 8093
0.023, 8092
0.023, 8091
0.023, 8090
0.023, 8089
0.023, 8088
0.023, 8087
0.023, 8086
0.023, 8085
0.023, 8084
0.023, 8083
0.023, 8082
0.023, 8081
0.023, 8080
0.023, 8079
0.023, 8078
0.023, 8077
0.023, 8076
0.023, 8075
0.023, 8074
0.023, 8073
0.023, 8072
0.023, 8071
0.023, 8070
0.023, 8069
0.023, 8068
0.023, 8067
0.023, 8066
0.023, 8065
0.023, 8064
0.023, 8063
0.023, 8062
0.023, 8061
0.023, 8060
0.023, 8059
0.023, 8058
0.023, 8057
0.023, 8056
0.023, 8055
0.023, 8054
0.023, 8053
0.023, 8052
0.023, 8051
0.023, 8050
0.023, 8049
0.023, 8048
0.023, 8047
0.023, 8046
0.023, 8045
0.023, 8044
0.023, 8043
0.023, 8042
0.023, 8041
0.023, 8040
0.023, 8039
0.023, 8038
0.023, 8037
0.023, 8036
0.023, 8035
0.023, 8034
0.023, 8033
0.023, 8032
0.023, 8031
0.024, 8030
0.024, 8029
0.024, 8028
0.024, 8027
0.024, 8026
0.024, 8025
0.024, 8024
0.024, 8023
0.024, 8022
0.024, 8021
0.024, 8020
0.024, 8019
0.024, 8018
0.024, 8017
0.024, 8016
0.024, 8015
0.024, 8014
0.024, 8013
0.024, 8012
0.024, 8011
0.024, 8010
0.024, 8009
0.024, 8008
0.024, 8007
0.024, 8006
0.024, 8005
0.024, 8004
0.024, 8003
0.024, 8002
0.024, 8001
0.024, 8000
0.024, 7999
0.024, 7998
0.024, 7997
0.024, 7996
0.024, 7995
0.024, 7994
0.024, 7993
0.024, 7992
0.024, 7991
0.024, 7990
0.024, 7989
0.024, 7988
0.024, 7987
0.024, 7986
0.024, 7985
0.024, 7984
0.024, 7983
0.024, 7982
0.024, 7981
0.024, 7980
0.024, 7979
0.024, 7978
0.024, 7977
0.024, 7976
0.024, 7975
0.024, 7974
0.024, 7973
0.024, 7972
0.024, 7971
0.024, 7970
0.024, 7969
0.024, 7968
0.024, 7967
0.024, 7966
0.024, 7965
0.024, 7964
0.024, 7963
0.024, 7962
0.024, 7961
0.024, 7960
0.024, 7959
0.024, 7958
0.024, 7957
0.024, 7956
0.024, 7955
0.024, 7954
0.024, 7953
0.024, 7952
0.024, 7951
0.024, 7950
0.024, 7949
0.024, 7948
0.024, 7947
0.024, 7946
0.024, 7945
0.024, 7944
0.024, 7943
0.024, 7942
0.024, 7941
0.024, 7940
0.024, 7939
0.024, 7938
0.024, 7937
0.024, 7936
0.024, 7935
0.024, 7934
0.024, 7933
0.024, 7932
0.024, 7931
0.024, 7930
0.024, 7929
0.024, 7928
0.024, 7927
0.024, 7926
0.024, 7925
0.024, 7924
0.024, 7923
0.024, 7922
0.024, 7921
0.024, 7920
0.024, 7919
0.024, 7918
0.024, 7917
0.024, 7916
0.024, 7915
0.024, 7914
0.024, 7913
0.025, 7912
0.025, 7911
0.025, 7910
0.025, 7909
0.025, 7908
0.025, 7907
0.025, 7906
0.025, 7905
0.025, 7904
0.025, 7903
0.025, 7902
0.025, 7901
0.025, 7900
0.025, 7899
0.025, 7898
0.025, 7897
0.025, 7896
0.025, 7895
0.025, 7894
0.025, 7893
0.025, 7892
0.025, 7891
0.025, 7890
0.025, 7889
0.025, 7888
0.025, 7887
0.025, 7886
0.025, 7885
0.025, 7884
0.025, 7883
0.025, 7882
0.025, 7881
0.025, 7880
0.025, 7879
0.025, 7878
0.025, 7877
0.025, 7876
0.025, 7875
0.025, 7874
0.025, 7873
0.025, 7872
0.025, 7871
0.025, 7870
0.025, 7869
0.025, 7868
0.025, 7867
0.025, 7866
0.025, 7865
0.025, 7864
0.025, 7863
0.025, 7862
0.025, 7861
0.025, 7860
0.025, 7859
0.025, 7858
0.025, 7857
0.025, 7856
0.025, 7855
0.025, 7854
0.025, 7853
0.025, 7852
0.025, 7851
0.025, 7850
0.025, 7849
0.025, 7848
0.025, 7847
0.025, 7846
0.025, 7845
0.025, 7844
0.025, 7843
0.025, 7842
0.025, 7841
0.025, 7840
0.025, 7839
0.025, 7838
0.025, 7837
0.025, 7836
0.025, 7835
0.025, 7834
0.025, 7833
0.025, 7832
0.025, 7831
0.025, 7830
0.025, 7829
0.025, 7828
0.025, 7827
0.025, 7826
0.025, 7825
0.025, 7824
0.025, 7823
0.025, 7822
0.026, 7821
0.026, 7820
0.026, 7819
0.026, 7818
0.026, 7817
0.026, 7816
0.026, 7815
0.026, 7814
0.026, 7813
0.026, 7812
0.026, 7811
0.026, 7810
0.026, 7809
0.026, 7808
0.026, 7807
0.026, 7806
0.026, 7805
0.026, 7804
0.026, 7803
0.026, 7802
0.026, 7801
0.026, 7800
0.026, 7799
0.026, 7798
0.026, 7797
0.026, 7796
0.026, 7795
0.026, 7794
0.026, 7793
0.026, 7792
0.026, 7791
0.026, 7790
0.026, 7789
0.026, 7788
0.026, 7787
0.026, 7786
0.026, 7785
0.026, 7784
0.026, 7783
0.026, 7782
0.026, 7781
0.026, 7780
0.026, 7779
0.026, 7778
0.026, 7777
0.026, 7776
0.026, 7775
0.026, 7774
0.026, 7773
0.026, 7772
0.026, 7771
0.026, 7770
0.026, 7769
0.026, 7768
0.026, 7767
0.026, 7766
0.026, 7765
0.026, 7764
0.026, 7763
0.026, 7762
0.026, 7761
0.026, 7760
0.026, 7759
0.026, 7758
0.026, 7757
0.026, 7756
0.026, 7755
0.026, 7754
0.026, 7753
0.026, 7752
0.026, 7751
0.026, 7750
0.026, 7749
0.026, 7748
0.026, 7747
0.026, 7746
0.026, 7745
0.026, 7744
0.026, 7743
0.026, 7742
0.026, 7741
0.026, 7740
0.026, 7739
0.026, 7738
0.026, 7737
0.026, 7736
0.026, 7735
0.026, 7734
0.026, 7733
0.026, 7732
0.026, 7731
0.026, 7730
0.026, 7729
0.026, 7728
0.026, 7727
0.026, 7726
0.026, 7725
0.026, 7724
0.026, 7723
0.026, 7722
0.026, 7721
0.026, 7720
0.026, 7719
0.026, 7718
0.026, 7717
0.027, 7716
0.027, 7715
0.027, 7714
0.027, 7713
0.027, 7712
0.027, 7711
0.027, 7710
0.027, 7709
0.027, 7708
0.027, 7707
0.027, 7706
0.027, 7705
0.027, 7704
0.027, 7703
0.027, 7702
0.027, 7701
0.027, 7700
0.027, 7699
0.027, 7698
0.027, 7697
0.027, 7696
0.027, 7695
0.027, 7694
0.027, 7693
0.027, 7692
0.027, 7691
0.027, 7690
0.027, 7689
0.027, 7688
0.027, 7687
0.027, 7686
0.027, 7685
0.027, 7684
0.027, 7683
0.027, 7682
0.027, 7681
0.027, 7680
0.027, 7679
0.027, 7678
0.027, 7677
0.027, 7676
0.027, 7675
0.027, 7674
0.027, 7673
0.027, 7672
0.027, 7671
0.027, 7670
0.027, 7669
0.027, 7668
0.027, 7667
0.027, 7666
0.027, 7665
0.027, 7664
0.027, 7663
0.027, 7662
0.027, 7661
0.027, 7660
0.027, 7659
0.027, 7658
0.027, 7657
0.027, 7656
0.027, 7655
0.027, 7654
0.028, 7653
0.028, 7652
0.028, 7651
0.028, 7650
0.028, 7649
0.028, 7648
0.028, 7647
0.028, 7646
0.028, 7645
0.028, 7644
0.028, 7643
0.028, 7642
0.028, 7641
0.028, 7640
0.028, 7639
0.028, 7638
0.028, 7637
0.028, 7636
0.028, 7635
0.028, 7634
0.028, 7633
0.028, 7632
0.028, 7631
0.028, 7630
0.028, 7629
0.028, 7628
0.028, 7627
0.028, 7626
0.028, 7625
0.028, 7624
0.028, 7623
0.028, 7622
0.028, 7621
0.028, 7620
0.028, 7619
0.028, 7618
0.028, 7617
0.028, 7616
0.028, 7615
0.028, 7614
0.028, 7613
0.028, 7612
0.028, 7611
0.028, 7610
0.028, 7609
0.028, 7608
0.028, 7607
0.028, 7606
0.028, 7605
0.028, 7604
0.028, 7603
0.028, 7602
0.028, 7601
0.028, 7600
0.028, 7599
0.028, 7598
0.028, 7597
0.028, 7596
0.028, 7595
0.028, 7594
0.028, 7593
0.028, 7592
0.028, 7591
0.028, 7590
0.028, 7589
0.028, 7588
0.028, 7587
0.028, 7586
0.028, 7585
0.028, 7584
0.028, 7583
0.028, 7582
0.028, 7581
0.028, 7580
0.028, 7579
0.028, 7578
0.028, 7577
0.028, 7576
0.028, 7575
0.028, 7574
0.028, 7573
0.028, 7572
0.028, 7571
0.028, 7570
0.028, 7569
0.028, 7568
0.028, 7567
0.028, 7566
0.028, 7565
0.028, 7564
0.028, 7563
0.028, 7562
0.028, 7561
0.028, 7560
0.028, 7559
0.028, 7558
0.028, 7557
0.028, 7556
0.028, 7555
0.028, 7554
0.028, 7553
0.028, 7552
0.028, 7551
0.028, 7550
0.029, 7549
0.029, 7548
0.029, 7547
0.029, 7546
0.029, 7545
0.029, 7544
0.029, 7543
0.029, 7542
0.029, 7541
0.029, 7540
0.029, 7539
0.029, 7538
0.029, 7537
0.029, 7536
0.029, 7535
0.029, 7534
0.029, 7533
0.029, 7532
0.029, 7531
0.029, 7530
0.029, 7529
0.029, 7528
0.029, 7527
0.029, 7526
0.029, 7525
0.029, 7524
0.029, 7523
0.029, 7522
0.029, 7521
0.029, 7520
0.029, 7519
0.029, 7518
0.029, 7517
0.029, 7516
0.029, 7515
0.029, 7514
0.029, 7513
0.029, 7512
0.029, 7511
0.029, 7510
0.029, 7509
0.029, 7508
0.029, 7507
0.029, 7506
0.029, 7505
0.029, 7504
0.029, 7503
0.029, 7502
0.029, 7501
0.029, 7500
0.029, 7499
0.029, 7498
0.029, 7497
0.029, 7496
0.029, 7495
0.029, 7494
0.029, 7493
0.029, 7492
0.029, 7491
0.029, 7490
0.029, 7489
0.029, 7488
0.029, 7487
0.029, 7486
0.029, 7485
0.029, 7484
0.029, 7483
0.029, 7482
0.029, 7481
0.029, 7480
0.029, 7479
0.029, 7478
0.029, 7477
0.029, 7476
0.029, 7475
0.029, 7474
0.029, 7473
0.029, 7472
0.029, 7471
0.029, 7470
0.029, 7469
0.029, 7468
0.029, 7467
0.029, 7466
0.029, 7465
0.029, 7464
0.029, 7463
0.029, 7462
0.029, 7461
0.029, 7460
0.029, 7459
0.029, 7458
0.029, 7457
0.029, 7456
0.029, 7455
0.029, 7454
0.030, 7453
0.030, 7452
0.030, 7451
0.030, 7450
0.030, 7449
0.030, 7448
0.030, 7447
0.030, 7446
0.030, 7445
0.030, 7444
0.030, 7443
0.030, 7442
0.030, 7441
0.030, 7440
0.030, 7439
0.030, 7438
0.030, 7437
0.030, 7436
0.030, 7435
0.030, 7434
0.030, 7433
0.030, 7432
0.030, 7431
0.030, 7430
0.030, 7429
0.030, 7428
0.030, 7427
0.030, 7426
0.030, 7425
0.030, 7424
0.030, 7423
0.030, 7422
0.030, 7421
0.030, 7420
0.030, 7419
0.030, 7418
0.030, 7417
0.030, 7416
0.030, 7415
0.030, 7414
0.030, 7413
0.030, 7412
0.030, 7411
0.030, 7410
0.030, 7409
0.030, 7408
0.030, 7407
0.030, 7406
0.030, 7405
0.030, 7404
0.030, 7403
0.030, 7402
0.030, 7401
0.030, 7400
0.030, 7399
0.030, 7398
0.030, 7397
0.030, 7396
0.030, 7395
0.030, 7394
0.030, 7393
0.030, 7392
0.030, 7391
0.030, 7390
0.030, 7389
0.030, 7388
0.030, 7387
0.030, 7386
0.030, 7385
0.030, 7384
0.030, 7383
0.030, 7382
0.030, 7381
0.030, 7380
0.030, 7379
0.030, 7378
0.030, 7377
0.030, 7376
0.030, 7375
0.030, 7374
0.030, 7373
0.030, 7372
0.030, 7371
0.030, 7370
0.030, 7369
0.030, 7368
0.030, 7367
0.030, 7366
0.031, 7365
0.031, 7364
0.031, 7363
0.031, 7362
0.031, 7361
0.031, 7360
0.031, 7359
0.031, 7358
0.031, 7357
0.031, 7356
0.031, 7355
0.031, 7354
0.031, 7353
0.031, 7352
0.031, 7351
0.031, 7350
0.031, 7349
0.031, 7348
0.031, 7347
0.031, 7346
0.031, 7345
0.031, 7344
0.031, 7343
0.031, 7342
0.031, 7341
0.031, 7340
0.031, 7339
0.031, 7338
0.031, 7337
0.031, 7336
0.031, 7335
0.031, 7334
0.031, 7333
0.031, 7332
0.031, 7331
0.031, 7330
0.031, 7329
0.031, 7328
0.031, 7327
0.031, 7326
0.031, 7325
0.031, 7324
0.031, 7323
0.031, 7322
0.031, 7321
0.031, 7320
0.031, 7319
0.031, 7318
0.031, 7317
0.031, 7316
0.031, 7315
0.031, 7314
0.031, 7313
0.031, 7312
0.031, 7311
0.031, 7310
0.031, 7309
0.031, 7308
0.031, 7307
0.031, 7306
0.031, 7305
0.031, 7304
0.031, 7303
0.031, 7302
0.031, 7301
0.031, 7300
0.031, 7299
0.031, 7298
0.031, 7297
0.031, 7296
0.031, 7295
0.031, 7294
0.031, 7293
0.031, 7292
0.031, 7291
0.031, 7290
0.031, 7289
0.031, 7288
0.031, 7287
0.031, 7286
0.031, 7285
0.031, 7284
0.031, 7283
0.031, 7282
0.031, 7281
0.031, 7280
0.031, 7279
0.031, 7278
0.031, 7277
0.031, 7276
0.031, 7275
0.031, 7274
0.031, 7273
0.031, 7272
0.031, 7271
0.031, 7270
0.032, 7269
0.032, 7268
0.032, 7267
0.032, 7266
0.032, 7265
0.032, 7264
0.032, 7263
0.032, 7262
0.032, 7261
0.032, 7260
0.032, 7259
0.032, 7258
0.032, 7257
0.032, 7256
0.032, 7255
0.032, 7254
0.032, 7253
0.032, 7252
0.032, 7251
0.032, 7250
0.032, 7249
0.032, 7248
0.032, 7247
0.032, 7246
0.032, 7245
0.032, 7244
0.032, 7243
0.032, 7242
0.032, 7241
0.032, 7240
0.032, 7239
0.032, 7238
0.032, 7237
0.032, 7236
0.032, 7235
0.032, 7234
0.032, 7233
0.032, 7232
0.032, 7231
0.032, 7230
0.032, 7229
0.032, 7228
0.032, 7227
0.032, 7226
0.032, 7225
0.032, 7224
0.032, 7223
0.032, 7222
0.032, 7221
0.032, 7220
0.032, 7219
0.032, 7218
0.032, 7217
0.032, 7216
0.032, 7215
0.032, 7214
0.032, 7213
0.032, 7212
0.032, 7211
0.032, 7210
0.032, 7209
0.032, 7208
0.032, 7207
0.032, 7206
0.032, 7205
0.032, 7204
0.032, 7203
0.032, 7202
0.032, 7201
0.032, 7200
0.032, 7199
0.032, 7198
0.032, 7197
0.032, 7196
0.032, 7195
0.032, 7194
0.032, 7193
0.032, 7192
0.032, 7191
0.032, 7190
0.032, 7189
0.032, 7188
0.032, 7187
0.032, 7186
0.032, 7185
0.032, 7184
0.032, 7183
0.032, 7182
0.032, 7181
0.032, 7180
0.032, 7179
0.032, 7178
0.032, 7177
0.032, 7176
0.032, 7175
0.032, 7174
0.032, 7173
0.032, 7172
0.032, 7171
0.032, 7170
0.032, 7169
0.032, 7168
0.032, 7167
0.032, 7166
0.032, 7165
0.032, 7164
0.032, 7163
0.032, 7162
0.032, 7161
0.032, 7160
0.032, 7159
0.032, 7158
0.032, 7157
0.032, 7156
0.032, 7155
0.032, 7154
0.032, 7153
0.032, 7152
0.032, 7151
0.032, 7150
0.032, 7149
0.032, 7148
0.032, 7147
0.032, 7146
0.032, 7145
0.032, 7144
0.032, 7143
0.032, 7142
0.032, 7141
0.033, 7140
0.033, 7139
0.033, 7138
0.033, 7137
0.033, 7136
0.033, 7135
0.033, 7134
0.033, 7133
0.033, 7132
0.033, 7131
0.033, 7130
0.033, 7129
0.033, 7128
0.033, 7127
0.033, 7126
0.033, 7125
0.033, 7124
0.033, 7123
0.033, 7122
0.033, 7121
0.033, 7120
0.033, 7119
0.033, 7118
0.033, 7117
0.033, 7116
0.033, 7115
0.033, 7114
0.033, 7113
0.033, 7112
0.033, 7111
0.033, 7110
0.033, 7109
0.033, 7108
0.033, 7107
0.033, 7106
0.033, 7105
0.033, 7104
0.033, 7103
0.033, 7102
0.033, 7101
0.033, 7100
0.033, 7099
0.033, 7098
0.033, 7097
0.033, 7096
0.033, 7095
0.033, 7094
0.033, 7093
0.033, 7092
0.033, 7091
0.033, 7090
0.034, 7089
0.034, 7088
0.034, 7087
0.034, 7086
0.034, 7085
0.034, 7084
0.034, 7083
0.034, 7082
0.034, 7081
0.034, 7080
0.034, 7079
0.034, 7078
0.034, 7077
0.034, 7076
0.034, 7075
0.034, 7074
0.034, 7073
0.034, 7072
0.034, 7071
0.034, 7070
0.034, 7069
0.034, 7068
0.034, 7067
0.034, 7066
0.034, 7065
0.034, 7064
0.034, 7063
0.034, 7062
0.034, 7061
0.034, 7060
0.034, 7059
0.034, 7058
0.034, 7057
0.034, 7056
0.034, 7055
0.034, 7054
0.034, 7053
0.034, 7052
0.034, 7051
0.034, 7050
0.034, 7049
0.034, 7048
0.034, 7047
0.034, 7046
0.034, 7045
0.034, 7044
0.035, 7043
0.035, 7042
0.035, 7041
0.035, 7040
0.035, 7039
0.035, 7038
0.035, 7037
0.035, 7036
0.035, 7035
0.035, 7034
0.035, 7033
0.035, 7032
0.035, 7031
0.035, 7030
0.035, 7029
0.035, 7028
0.035, 7027
0.035, 7026
0.035, 7025
0.035, 7024
0.035, 7023
0.035, 7022
0.035, 7021
0.036, 7020
0.036, 7019
0.036, 7018
0.036, 7017
