0.023, 11021
0.027, 11020
0.027, 11019
0.028, 11018
0.028, 11017
0.028, 11016
0.028, 11015
0.028, 11014
0.028, 11013
0.028, 11012
0.028, 11011
0.028, 11010
0.029, 11009
0.029, 11008
0.029, 11007
0.029, 11006
0.029, 11005
0.029, 11004
0.029, 11003
0.029, 11002
0.029, 11001
0.029, 11000
0.030, 10999
0.030, 10998
0.030, 10997
0.030, 10996
0.030, 10995
0.030, 10994
0.030, 10993
0.030, 10992
0.030, 10991
0.030, 10990
0.031, 10989
0.031, 10988
0.031, 10987
0.031, 10986
0.031, 10985
0.031, 10984
0.031, 10983
0.031, 10982
0.031, 10981
0.031, 10980
0.032, 10979
0.032, 10978
0.032, 10977
0.032, 10976
0.032, 10975
0.032, 10974
0.032, 10973
0.032, 10972
0.032, 10971
0.032, 10970
0.032, 10969
0.032, 10968
0.033, 10967
0.033, 10966
0.033, 10965
0.033, 10964
0.033, 10963
0.033, 10962
0.033, 10961
0.033, 10960
0.033, 10959
0.033, 10958
0.033, 10957
0.034, 10956
0.034, 10955
0.034, 10954
0.034, 10953
0.034, 10952
0.034, 10951
0.034, 10950
0.034, 10949
0.034, 10948
0.034, 10947
0.034, 10946
0.034, 10945
0.034, 10944
0.034, 10943
0.035, 10942
0.035, 10941
0.035, 10940
0.035, 10939
0.035, 10938
0.035, 10937
0.035, 10936
0.035, 10935
0.035, 10934
0.035, 10933
0.035, 10932
0.035, 10931
0.035, 10930
0.036, 10929
0.036, 10928
0.036, 10927
0.036, 10926
0.036, 10925
0.036, 10924
0.036, 10923
0.036, 10922
0.036, 10921
0.036, 10920
0.036, 10919
0.036, 10918
0.037, 10917
0.037, 10916
0.037, 10915
0.037, 10914
0.037, 10913
0.037, 10912
0.037, 10911
0.037, 10910
0.037, 10909
0.037, 10908
0.037, 10907
0.037, 10906
0.037, 10905
0.037, 10904
0.038, 10903
0.038, 10902
0.038, 10901
0.038, 10900
0.038, 10899
0.038, 10898
0.038, 10897
0.038, 10896
0.038, 10895
0.038, 10894
0.038, 10893
0.039, 10892
0.039, 10891
0.039, 10890
0.039, 10889
0.039, 10888
0.039, 10887
0.039, 10886
0.039, 10885
0.039, 10884
0.039, 10883
0.039, 10882
0.039, 10881
0.039, 10880
0.039, 10879
0.039, 10878
0.040, 10877
0.040, 10876
0.040, 10875
0.040, 10874
0.040, 10873
0.040, 10872
0.040, 10871
0.040, 10870
0.040, 10869
0.040, 10868
0.040, 10867
0.040, 10866
0.040, 10865
0.040, 10864
0.041, 10863
0.041, 10862
0.041, 10861
0.041, 10860
0.041, 10859
0.041, 10858
0.041, 10857
0.041, 10856
0.041, 10855
0.041, 10854
0.041, 10853
0.041, 10852
0.041, 10851
0.042, 10850
0.042, 10849
0.042, 10848
0.042, 10847
0.042, 10846
0.042, 10845
0.042, 10844
0.042, 10843
0.042, 10842
0.042, 10841
0.042, 10840
0.042, 10839
0.042, 10838
0.043, 10837
0.043, 10836
0.043, 10835
0.043, 10834
0.043, 10833
0.043, 10832
0.043, 10831
0.043, 10830
0.043, 10829
0.043, 10828
0.043, 10827
0.044, 10826
0.044, 10825
0.044, 10824
0.044, 10823
0.044, 10822
0.044, 10821
0.044, 10820
0.044, 10819
0.044, 10818
0.044, 10817
0.044, 10816
0.044, 10815
0.044, 10814
0.045, 10813
0.045, 10812
0.045, 10811
0.045, 10810
0.045, 10809
0.045, 10808
0.045, 10807
0.045, 10806
0.045, 10805
0.045, 10804
0.045, 10803
0.045, 10802
0.045, 10801
0.045, 10800
0.045, 10799
0.045, 10798
0.046, 10797
0.046, 10796
0.046, 10795
0.046, 10794
0.046, 10793
0.046, 10792
0.046, 10791
0.046, 10790
0.046, 10789
0.046, 10788
0.046, 10787
0.046, 10786
0.046, 10785
0.047, 10784
0.047, 10783
0.047, 10782
0.047, 10781
0.047, 10780
0.047, 10779
0.047, 10778
0.047, 10777
0.047, 10776
0.047, 10775
0.047, 10774
0.047, 10773
0.047, 10772
0.047, 10771
0.047, 10770
0.047, 10769
0.047, 10768
0.048, 10767
0.048, 10766
0.048, 10765
0.048, 10764
0.048, 10763
0.048, 10762
0.048, 10761
0.048, 10760
0.048, 10759
0.048, 10758
0.048, 10757
0.048, 10756
0.048, 10755
0.048, 10754
0.048, 10753
0.048, 10752
0.048, 10751
0.049, 10750
0.049, 10749
0.049, 10748
0.049, 10747
0.049, 10746
0.049, 10745
0.049, 10744
0.049, 10743
0.049, 10742
0.049, 10741
0.049, 10740
0.049, 10739
0.049, 10738
0.049, 10737
0.049, 10736
0.049, 10735
0.049, 10734
0.049, 10733
0.050, 10732
0.050, 10731
0.050, 10730
0.050, 10729
0.050, 10728
0.050, 10727
0.050, 10726
0.050, 10725
0.050, 10724
0.050, 10723
0.050, 10722
0.050, 10721
0.050, 10720
0.050, 10719
0.050, 10718
0.050, 10717
0.050, 10716
0.050, 10715
0.051, 10714
0.051, 10713
0.051, 10712
0.051, 10711
0.051, 10710
0.051, 10709
0.051, 10708
0.051, 10707
0.051, 10706
0.051, 10705
0.051, 10704
0.051, 10703
0.051, 10702
0.051, 10701
0.051, 10700
0.051, 10699
0.051, 10698
0.051, 10697
0.051, 10696
0.052, 10695
0.052, 10694
0.052, 10693
0.052, 10692
0.052, 10691
0.052, 10690
0.052, 10689
0.052, 10688
0.052, 10687
0.052, 10686
0.052, 10685
0.052, 10684
0.052, 10683
0.052, 10682
0.052, 10681
0.052, 10680
0.052, 10679
0.052, 10678
0.052, 10677
0.052, 10676
0.052, 10675
0.052, 10674
0.052, 10673
0.052, 10672
0.053, 10671
0.053, 10670
0.053, 10669
0.053, 10668
0.053, 10667
0.053, 10666
0.053, 10665
0.053, 10664
0.053, 10663
0.053, 10662
0.053, 10661
0.053, 10660
0.053, 10659
0.053, 10658
0.053, 10657
0.053, 10656
0.053, 10655
0.053, 10654
0.053, 10653
0.053, 10652
0.053, 10651
0.053, 10650
0.053, 10649
0.054, 10648
0.054, 10647
0.054, 10646
0.054, 10645
0.054, 10644
0.054, 10643
0.054, 10642
0.054, 10641
0.054, 10640
0.054, 10639
0.054, 10638
0.054, 10637
0.054, 10636
0.054, 10635
0.054, 10634
0.054, 10633
0.054, 10632
0.054, 10631
0.054, 10630
0.054, 10629
0.054, 10628
0.054, 10627
0.054, 10626
0.055, 10625
0.055, 10624
0.055, 10623
0.055, 10622
0.055, 10621
0.055, 10620
0.055, 10619
0.055, 10618
0.055, 10617
0.055, 10616
0.055, 10615
0.055, 10614
0.055, 10613
0.055, 10612
0.055, 10611
0.055, 10610
0.055, 10609
0.055, 10608
0.055, 10607
0.055, 10606
0.055, 10605
0.055, 10604
0.055, 10603
0.055, 10602
0.056, 10601
0.056, 10600
0.056, 10599
0.056, 10598
0.056, 10597
0.056, 10596
0.056, 10595
0.056, 10594
0.056, 10593
0.056, 10592
0.056, 10591
0.056, 10590
0.056, 10589
0.056, 10588
0.056, 10587
0.056, 10586
0.056, 10585
0.056, 10584
0.056, 10583
0.056, 10582
0.056, 10581
0.056, 10580
0.056, 10579
0.056, 10578
0.056, 10577
0.056, 10576
0.056, 10575
0.056, 10574
0.057, 10573
0.057, 10572
0.057, 10571
0.057, 10570
0.057, 10569
0.057, 10568
0.057, 10567
0.057, 10566
0.057, 10565
0.057, 10564
0.057, 10563
0.057, 10562
0.057, 10561
0.057, 10560
0.057, 10559
0.057, 10558
0.057, 10557
0.057, 10556
0.057, 10555
0.057, 10554
0.057, 10553
0.057, 10552
0.057, 10551
0.057, 10550
0.058, 10549
0.058, 10548
0.058, 10547
0.058, 10546
0.058, 10545
0.058, 10544
0.058, 10543
0.058, 10542
0.058, 10541
0.058, 10540
0.058, 10539
0.058, 10538
0.058, 10537
0.058, 10536
0.058, 10535
0.058, 10534
0.058, 10533
0.058, 10532
0.058, 10531
0.058, 10530
0.058, 10529
0.058, 10528
0.058, 10527
0.058, 10526
0.059, 10525
0.059, 10524
0.059, 10523
0.059, 10522
0.059, 10521
0.059, 10520
0.059, 10519
0.059, 10518
0.059, 10517
0.059, 10516
0.059, 10515
0.059, 10514
0.059, 10513
0.059, 10512
0.059, 10511
0.059, 10510
0.059, 10509
0.059, 10508
0.059, 10507
0.060, 10506
0.060, 10505
0.060, 10504
0.060, 10503
0.060, 10502
0.060, 10501
0.060, 10500
0.060, 10499
0.060, 10498
0.060, 10497
0.060, 10496
0.060, 10495
0.060, 10494
0.060, 10493
0.060, 10492
0.060, 10491
0.060, 10490
0.060, 10489
0.060, 10488
0.060, 10487
0.060, 10486
0.060, 10485
0.061, 10484
0.061, 10483
0.061, 10482
0.061, 10481
0.061, 10480
0.061, 10479
0.061, 10478
0.061, 10477
0.061, 10476
0.061, 10475
0.061, 10474
0.061, 10473
0.061, 10472
0.061, 10471
0.061, 10470
0.061, 10469
0.061, 10468
0.061, 10467
0.061, 10466
0.061, 10465
0.061, 10464
0.061, 10463
0.061, 10462
0.061, 10461
0.061, 10460
0.061, 10459
0.061, 10458
0.061, 10457
0.061, 10456
0.061, 10455
0.061, 10454
0.061, 10453
0.062, 10452
0.062, 10451
0.062, 10450
0.062, 10449
0.062, 10448
0.062, 10447
0.062, 10446
0.062, 10445
0.062, 10444
0.062, 10443
0.062, 10442
0.062, 10441
0.062, 10440
0.062, 10439
0.062, 10438
0.062, 10437
0.062, 10436
0.062, 10435
0.062, 10434
0.062, 10433
0.062, 10432
0.062, 10431
0.062, 10430
0.062, 10429
0.062, 10428
0.062, 10427
0.062, 10426
0.062, 10425
0.062, 10424
0.062, 10423
0.062, 10422
0.062, 10421
0.062, 10420
0.063, 10419
0.063, 10418
0.063, 10417
0.063, 10416
0.063, 10415
0.063, 10414
0.063, 10413
0.063, 10412
0.063, 10411
0.063, 10410
0.063, 10409
0.063, 10408
0.063, 10407
0.063, 10406
0.063, 10405
0.063, 10404
0.063, 10403
0.063, 10402
0.063, 10401
0.063, 10400
0.063, 10399
0.063, 10398
0.063, 10397
0.063, 10396
0.063, 10395
0.064, 10394
0.064, 10393
0.064, 10392
0.064, 10391
0.064, 10390
0.064, 10389
0.064, 10388
0.064, 10387
0.064, 10386
0.064, 10385
0.064, 10384
0.064, 10383
0.064, 10382
0.064, 10381
0.064, 10380
0.064, 10379
0.064, 10378
0.064, 10377
0.064, 10376
0.064, 10375
0.064, 10374
0.064, 10373
0.064, 10372
0.064, 10371
0.064, 10370
0.064, 10369
0.064, 10368
0.064, 10367
0.065, 10366
0.065, 10365
0.065, 10364
0.065, 10363
0.065, 10362
0.065, 10361
0.065, 10360
0.065, 10359
0.065, 10358
0.065, 10357
0.065, 10356
0.065, 10355
0.065, 10354
0.065, 10353
0.065, 10352
0.065, 10351
0.065, 10350
0.065, 10349
0.065, 10348
0.065, 10347
0.065, 10346
0.065, 10345
0.065, 10344
0.065, 10343
0.065, 10342
0.065, 10341
0.065, 10340
0.065, 10339
0.065, 10338
0.065, 10337
0.065, 10336
0.065, 10335
0.066, 10334
0.066, 10333
0.066, 10332
0.066, 10331
0.066, 10330
0.066, 10329
0.066, 10328
0.066, 10327
0.066, 10326
0.066, 10325
0.066, 10324
0.066, 10323
0.066, 10322
0.066, 10321
0.066, 10320
0.066, 10319
0.066, 10318
0.066, 10317
0.066, 10316
0.066, 10315
0.066, 10314
0.066, 10313
0.066, 10312
0.066, 10311
0.066, 10310
0.066, 10309
0.066, 10308
0.066, 10307
0.066, 10306
0.066, 10305
0.066, 10304
0.066, 10303
0.066, 10302
0.066, 10301
0.066, 10300
0.066, 10299
0.066, 10298
0.066, 10297
0.066, 10296
0.066, 10295
0.066, 10294
0.067, 10293
0.067, 10292
0.067, 10291
0.067, 10290
0.067, 10289
0.067, 10288
0.067, 10287
0.067, 10286
0.067, 10285
0.067, 10284
0.067, 10283
0.067, 10282
0.067, 10281
0.067, 10280
0.067, 10279
0.067, 10278
0.067, 10277
0.067, 10276
0.067, 10275
0.067, 10274
0.067, 10273
0.067, 10272
0.067, 10271
0.067, 10270
0.067, 10269
0.067, 10268
0.067, 10267
0.067, 10266
0.067, 10265
0.067, 10264
0.067, 10263
0.067, 10262
0.067, 10261
0.067, 10260
0.068, 10259
0.068, 10258
0.068, 10257
0.068, 10256
0.068, 10255
0.068, 10254
0.068, 10253
0.068, 10252
0.068, 10251
0.068, 10250
0.068, 10249
0.068, 10248
0.068, 10247
0.068, 10246
0.068, 10245
0.068, 10244
0.068, 10243
0.068, 10242
0.068, 10241
0.068, 10240
0.068, 10239
0.068, 10238
0.068, 10237
0.068, 10236
0.068, 10235
0.068, 10234
0.068, 10233
0.068, 10232
0.068, 10231
0.068, 10230
0.068, 10229
0.068, 10228
0.068, 10227
0.068, 10226
0.068, 10225
0.068, 10224
0.068, 10223
0.068, 10222
0.068, 10221
0.068, 10220
0.068, 10219
0.068, 10218
0.068, 10217
0.069, 10216
0.069, 10215
0.069, 10214
0.069, 10213
0.069, 10212
0.069, 10211
0.069, 10210
0.069, 10209
0.069, 10208
0.069, 10207
0.069, 10206
0.069, 10205
0.069, 10204
0.069, 10203
0.069, 10202
0.069, 10201
0.069, 10200
0.069, 10199
0.069, 10198
0.069, 10197
0.069, 10196
0.069, 10195
0.069, 10194
0.069, 10193
0.069, 10192
0.069, 10191
0.069, 10190
0.069, 10189
0.069, 10188
0.069, 10187
0.069, 10186
0.069, 10185
0.069, 10184
0.069, 10183
0.069, 10182
0.069, 10181
0.069, 10180
0.069, 10179
0.069, 10178
0.069, 10177
0.069, 10176
0.069, 10175
0.070, 10174
0.070, 10173
0.070, 10172
0.070, 10171
0.070, 10170
0.070, 10169
0.070, 10168
0.070, 10167
0.070, 10166
0.070, 10165
0.070, 10164
0.070, 10163
0.070, 10162
0.070, 10161
0.070, 10160
0.070, 10159
0.070, 10158
0.070, 10157
0.070, 10156
0.070, 10155
0.070, 10154
0.070, 10153
0.070, 10152
0.070, 10151
0.070, 10150
0.070, 10149
0.070, 10148
0.070, 10147
0.070, 10146
0.070, 10145
0.070, 10144
0.070, 10143
0.070, 10142
0.070, 10141
0.070, 10140
0.070, 10139
0.070, 10138
0.070, 10137
0.070, 10136
0.070, 10135
0.070, 10134
0.070, 10133
0.070, 10132
0.070, 10131
0.070, 10130
0.070, 10129
0.070, 10128
0.071, 10127
0.071, 10126
0.071, 10125
0.071, 10124
0.071, 10123
0.071, 10122
0.071, 10121
0.071, 10120
0.071, 10119
0.071, 10118
0.071, 10117
0.071, 10116
0.071, 10115
0.071, 10114
0.071, 10113
0.071, 10112
0.071, 10111
0.071, 10110
0.071, 10109
0.071, 10108
0.071, 10107
0.071, 10106
0.071, 10105
0.071, 10104
0.071, 10103
0.071, 10102
0.071, 10101
0.071, 10100
0.071, 10099
0.071, 10098
0.071, 10097
0.071, 10096
0.071, 10095
0.071, 10094
0.071, 10093
0.071, 10092
0.071, 10091
0.071, 10090
0.071, 10089
0.071, 10088
0.071, 10087
0.071, 10086
0.071, 10085
0.071, 10084
0.071, 10083
0.072, 10082
0.072, 10081
0.072, 10080
0.072, 10079
0.072, 10078
0.072, 10077
0.072, 10076
0.072, 10075
0.072, 10074
0.072, 10073
0.072, 10072
0.072, 10071
0.072, 10070
0.072, 10069
0.072, 10068
0.072, 10067
0.072, 10066
0.072, 10065
0.072, 10064
0.072, 10063
0.072, 10062
0.072, 10061
0.072, 10060
0.072, 10059
0.072, 10058
0.072, 10057
0.072, 10056
0.072, 10055
0.072, 10054
0.072, 10053
0.072, 10052
0.072, 10051
0.072, 10050
0.072, 10049
0.072, 10048
0.072, 10047
0.072, 10046
0.072, 10045
0.072, 10044
0.072, 10043
0.072, 10042
0.072, 10041
0.072, 10040
0.072, 10039
0.072, 10038
0.072, 10037
0.072, 10036
0.072, 10035
0.072, 10034
0.072, 10033
0.072, 10032
0.072, 10031
0.072, 10030
0.073, 10029
0.073, 10028
0.073, 10027
0.073, 10026
0.073, 10025
0.073, 10024
0.073, 10023
0.073, 10022
0.073, 10021
0.073, 10020
0.073, 10019
0.073, 10018
0.073, 10017
0.073, 10016
0.073, 10015
0.073, 10014
0.073, 10013
0.073, 10012
0.073, 10011
0.073, 10010
0.073, 10009
0.073, 10008
0.073, 10007
0.073, 10006
0.073, 10005
0.073, 10004
0.073, 10003
0.073, 10002
0.073, 10001
0.073, 10000
0.073, 9999
0.073, 9998
0.073, 9997
0.073, 9996
0.073, 9995
0.073, 9994
0.073, 9993
0.073, 9992
0.073, 9991
0.073, 9990
0.073, 9989
0.073, 9988
0.073, 9987
0.073, 9986
0.073, 9985
0.073, 9984
0.073, 9983
0.073, 9982
0.073, 9981
0.073, 9980
0.073, 9979
0.073, 9978
0.073, 9977
0.073, 9976
0.073, 9975
0.073, 9974
0.073, 9973
0.074, 9972
0.074, 9971
0.074, 9970
0.074, 9969
0.074, 9968
0.074, 9967
0.074, 9966
0.074, 9965
0.074, 9964
0.074, 9963
0.074, 9962
0.074, 9961
0.074, 9960
0.074, 9959
0.074, 9958
0.074, 9957
0.074, 9956
0.074, 9955
0.074, 9954
0.074, 9953
0.074, 9952
0.074, 9951
0.074, 9950
0.074, 9949
0.074, 9948
0.074, 9947
0.074, 9946
0.074, 9945
0.074, 9944
0.074, 9943
0.074, 9942
0.074, 9941
0.074, 9940
0.074, 9939
0.074, 9938
0.074, 9937
0.074, 9936
0.074, 9935
0.074, 9934
0.074, 9933
0.074, 9932
0.074, 9931
0.074, 9930
0.074, 9929
0.074, 9928
0.074, 9927
0.074, 9926
0.074, 9925
0.074, 9924
0.074, 9923
0.074, 9922
0.074, 9921
0.074, 9920
0.074, 9919
0.074, 9918
0.074, 9917
0.074, 9916
0.074, 9915
0.074, 9914
0.074, 9913
0.075, 9912
0.075, 9911
0.075, 9910
0.075, 9909
0.075, 9908
0.075, 9907
0.075, 9906
0.075, 9905
0.075, 9904
0.075, 9903
0.075, 9902
0.075, 9901
0.075, 9900
0.075, 9899
0.075, 9898
0.075, 9897
0.075, 9896
0.075, 9895
0.075, 9894
0.075, 9893
0.075, 9892
0.075, 9891
0.075, 9890
0.075, 9889
0.075, 9888
0.075, 9887
0.075, 9886
0.075, 9885
0.075, 9884
0.075, 9883
0.075, 9882
0.075, 9881
0.075, 9880
0.075, 9879
0.075, 9878
0.075, 9877
0.075, 9876
0.075, 9875
0.075, 9874
0.075, 9873
0.075, 9872
0.076, 9871
0.076, 9870
0.076, 9869
0.076, 9868
0.076, 9867
0.076, 9866
0.076, 9865
0.076, 9864
0.076, 9863
0.076, 9862
0.076, 9861
0.076, 9860
0.076, 9859
0.076, 9858
0.076, 9857
0.076, 9856
0.076, 9855
0.076, 9854
0.076, 9853
0.076, 9852
0.076, 9851
0.076, 9850
0.076, 9849
0.076, 9848
0.076, 9847
0.076, 9846
0.076, 9845
0.076, 9844
0.076, 9843
0.076, 9842
0.076, 9841
0.076, 9840
0.076, 9839
0.076, 9838
0.076, 9837
0.076, 9836
0.076, 9835
0.076, 9834
0.076, 9833
0.076, 9832
0.076, 9831
0.076, 9830
0.076, 9829
0.076, 9828
0.076, 9827
0.076, 9826
0.076, 9825
0.076, 9824
0.076, 9823
0.076, 9822
0.076, 9821
0.076, 9820
0.076, 9819
0.076, 9818
0.076, 9817
0.076, 9816
0.076, 9815
0.076, 9814
0.076, 9813
0.077, 9812
0.077, 9811
0.077, 9810
0.077, 9809
0.077, 9808
0.077, 9807
0.077, 9806
0.077, 9805
0.077, 9804
0.077, 9803
0.077, 9802
0.077, 9801
0.077, 9800
0.077, 9799
0.077, 9798
0.077, 9797
0.077, 9796
0.077, 9795
0.077, 9794
0.077, 9793
0.077, 9792
0.077, 9791
0.077, 9790
0.077, 9789
0.077, 9788
0.077, 9787
0.077, 9786
0.077, 9785
0.077, 9784
0.077, 9783
0.077, 9782
0.077, 9781
0.077, 9780
0.077, 9779
0.077, 9778
0.077, 9777
0.077, 9776
0.077, 9775
0.077, 9774
0.077, 9773
0.077, 9772
0.077, 9771
0.077, 9770
0.077, 9769
0.077, 9768
0.077, 9767
0.077, 9766
0.077, 9765
0.077, 9764
0.077, 9763
0.077, 9762
0.077, 9761
0.077, 9760
0.077, 9759
0.077, 9758
0.077, 9757
0.077, 9756
0.077, 9755
0.078, 9754
0.078, 9753
0.078, 9752
0.078, 9751
0.078, 9750
0.078, 9749
0.078, 9748
0.078, 9747
0.078, 9746
0.078, 9745
0.078, 9744
0.078, 9743
0.078, 9742
0.078, 9741
0.078, 9740
0.078, 9739
0.078, 9738
0.078, 9737
0.078, 9736
0.078, 9735
0.078, 9734
0.078, 9733
0.078, 9732
0.078, 9731
0.078, 9730
0.078, 9729
0.078, 9728
0.078, 9727
0.078, 9726
0.078, 9725
0.078, 9724
0.078, 9723
0.078, 9722
0.078, 9721
0.078, 9720
0.078, 9719
0.078, 9718
0.078, 9717
0.078, 9716
0.078, 9715
0.079, 9714
0.079, 9713
0.079, 9712
0.079, 9711
0.079, 9710
0.079, 9709
0.079, 9708
0.079, 9707
0.079, 9706
0.079, 9705
0.079, 9704
0.079, 9703
0.079, 9702
0.079, 9701
0.079, 9700
0.079, 9699
0.079, 9698
0.079, 9697
0.079, 9696
0.079, 9695
0.079, 9694
0.079, 9693
0.079, 9692
0.079, 9691
0.079, 9690
0.079, 9689
0.079, 9688
0.079, 9687
0.079, 9686
0.079, 9685
0.079, 9684
0.079, 9683
0.079, 9682
0.079, 9681
0.079, 9680
0.079, 9679
0.079, 9678
0.079, 9677
0.079, 9676
0.079, 9675
0.079, 9674
0.079, 9673
0.079, 9672
0.079, 9671
0.079, 9670
0.079, 9669
0.079, 9668
0.079, 9667
0.079, 9666
0.079, 9665
0.079, 9664
0.079, 9663
0.079, 9662
0.079, 9661
0.080, 9660
0.080, 9659
0.080, 9658
0.080, 9657
0.080, 9656
0.080, 9655
0.080, 9654
0.080, 9653
0.080, 9652
0.080, 9651
0.080, 9650
0.080, 9649
0.080, 9648
0.080, 9647
0.080, 9646
0.080, 9645
0.080, 9644
0.080, 9643
0.080, 9642
0.080, 9641
0.080, 9640
0.080, 9639
0.080, 9638
0.080, 9637
0.080, 9636
0.080, 9635
0.080, 9634
0.080, 9633
0.080, 9632
0.080, 9631
0.080, 9630
0.080, 9629
0.080, 9628
0.080, 9627
0.080, 9626
0.080, 9625
0.080, 9624
0.080, 9623
0.080, 9622
0.080, 9621
0.080, 9620
0.080, 9619
0.080, 9618
0.080, 9617
0.080, 9616
0.080, 9615
0.080, 9614
0.080, 9613
0.081, 9612
0.081, 9611
0.081, 9610
0.081, 9609
0.081, 9608
0.081, 9607
0.081, 9606
0.081, 9605
0.081, 9604
0.081, 9603
0.081, 9602
0.081, 9601
0.081, 9600
0.081, 9599
0.081, 9598
0.081, 9597
0.081, 9596
0.081, 9595
0.081, 9594
0.081, 9593
0.081, 9592
0.081, 9591
0.081, 9590
0.081, 9589
0.081, 9588
0.081, 9587
0.081, 9586
0.081, 9585
0.081, 9584
0.081, 9583
0.081, 9582
0.081, 9581
0.081, 9580
0.081, 9579
0.081, 9578
0.081, 9577
0.081, 9576
0.081, 9575
0.081, 9574
0.081, 9573
0.081, 9572
0.081, 9571
0.081, 9570
0.081, 9569
0.081, 9568
0.081, 9567
0.081, 9566
0.081, 9565
0.081, 9564
0.081, 9563
0.081, 9562
0.081, 9561
0.081, 9560
0.081, 9559
0.081, 9558
0.081, 9557
0.081, 9556
0.081, 9555
0.082, 9554
0.082, 9553
0.082, 9552
0.082, 9551
0.082, 9550
0.082, 9549
0.082, 9548
0.082, 9547
0.082, 9546
0.082, 9545
0.082, 9544
0.082, 9543
0.082, 9542
0.082, 9541
0.082, 9540
0.082, 9539
0.082, 9538
0.082, 9537
0.082, 9536
0.082, 9535
0.082, 9534
0.082, 9533
0.082, 9532
0.082, 9531
0.082, 9530
0.082, 9529
0.082, 9528
0.082, 9527
0.082, 9526
0.082, 9525
0.082, 9524
0.082, 9523
0.082, 9522
0.082, 9521
0.082, 9520
0.082, 9519
0.082, 9518
0.082, 9517
0.082, 9516
0.082, 9515
0.082, 9514
0.082, 9513
0.082, 9512
0.082, 9511
0.082, 9510
0.082, 9509
0.082, 9508
0.082, 9507
0.082, 9506
0.082, 9505
0.082, 9504
0.082, 9503
0.082, 9502
0.082, 9501
0.082, 9500
0.082, 9499
0.082, 9498
0.082, 9497
0.082, 9496
0.082, 9495
0.082, 9494
0.082, 9493
0.082, 9492
0.082, 9491
0.082, 9490
0.082, 9489
0.083, 9488
0.083, 9487
0.083, 9486
0.083, 9485
0.083, 9484
0.083, 9483
0.083, 9482
0.083, 9481
0.083, 9480
0.083, 9479
0.083, 9478
0.083, 9477
0.083, 9476
0.083, 9475
0.083, 9474
0.083, 9473
0.083, 9472
0.083, 9471
0.083, 9470
0.083, 9469
0.083, 9468
0.083, 9467
0.083, 9466
0.083, 9465
0.083, 9464
0.083, 9463
0.083, 9462
0.083, 9461
0.083, 9460
0.083, 9459
0.083, 9458
0.083, 9457
0.083, 9456
0.083, 9455
0.083, 9454
0.083, 9453
0.083, 9452
0.083, 9451
0.083, 9450
0.083, 9449
0.083, 9448
0.083, 9447
0.083, 9446
0.083, 9445
0.083, 9444
0.083, 9443
0.083, 9442
0.083, 9441
0.083, 9440
0.083, 9439
0.083, 9438
0.083, 9437
0.083, 9436
0.083, 9435
0.083, 9434
0.083, 9433
0.083, 9432
0.083, 9431
0.083, 9430
0.083, 9429
0.083, 9428
0.084, 9427
0.084, 9426
0.084, 9425
0.084, 9424
0.084, 9423
0.084, 9422
0.084, 9421
0.084, 9420
0.084, 9419
0.084, 9418
0.084, 9417
0.084, 9416
0.084, 9415
0.084, 9414
0.084, 9413
0.084, 9412
0.084, 9411
0.084, 9410
0.084, 9409
0.084, 9408
0.084, 9407
0.084, 9406
0.084, 9405
0.084, 9404
0.084, 9403
0.084, 9402
0.084, 9401
0.084, 9400
0.084, 9399
0.084, 9398
0.084, 9397
0.084, 9396
0.084, 9395
0.084, 9394
0.084, 9393
0.084, 9392
0.084, 9391
0.084, 9390
0.084, 9389
0.084, 9388
0.084, 9387
0.084, 9386
0.084, 9385
0.084, 9384
0.084, 9383
0.084, 9382
0.084, 9381
0.084, 9380
0.084, 9379
0.084, 9378
0.084, 9377
0.084, 9376
0.084, 9375
0.084, 9374
0.084, 9373
0.084, 9372
0.084, 9371
0.084, 9370
0.084, 9369
0.084, 9368
0.084, 9367
0.084, 9366
0.084, 9365
0.084, 9364
0.084, 9363
0.084, 9362
0.084, 9361
0.084, 9360
0.084, 9359
0.084, 9358
0.084, 9357
0.085, 9356
0.085, 9355
0.085, 9354
0.085, 9353
0.085, 9352
0.085, 9351
0.085, 9350
0.085, 9349
0.085, 9348
0.085, 9347
0.085, 9346
0.085, 9345
0.085, 9344
0.085, 9343
0.085, 9342
0.085, 9341
0.085, 9340
0.085, 9339
0.085, 9338
0.085, 9337
0.085, 9336
0.085, 9335
0.085, 9334
0.085, 9333
0.085, 9332
0.085, 9331
0.085, 9330
0.085, 9329
0.085, 9328
0.085, 9327
0.085, 9326
0.085, 9325
0.085, 9324
0.085, 9323
0.085, 9322
0.085, 9321
0.085, 9320
0.085, 9319
0.085, 9318
0.085, 9317
0.085, 9316
0.085, 9315
0.085, 9314
0.085, 9313
0.085, 9312
0.085, 9311
0.085, 9310
0.085, 9309
0.085, 9308
0.085, 9307
0.085, 9306
0.085, 9305
0.085, 9304
0.085, 9303
0.085, 9302
0.085, 9301
0.085, 9300
0.085, 9299
0.085, 9298
0.085, 9297
0.085, 9296
0.085, 9295
0.085, 9294
0.085, 9293
0.085, 9292
0.085, 9291
0.085, 9290
0.085, 9289
0.085, 9288
0.085, 9287
0.085, 9286
0.085, 9285
0.085, 9284
0.085, 9283
0.085, 9282
0.085, 9281
0.086, 9280
0.086, 9279
0.086, 9278
0.086, 9277
0.086, 9276
0.086, 9275
0.086, 9274
0.086, 9273
0.086, 9272
0.086, 9271
0.086, 9270
0.086, 9269
0.086, 9268
0.086, 9267
0.086, 9266
0.086, 9265
0.086, 9264
0.086, 9263
0.086, 9262
0.086, 9261
0.086, 9260
0.086, 9259
0.086, 9258
0.086, 9257
0.086, 9256
0.086, 9255
0.086, 9254
0.086, 9253
0.086, 9252
0.086, 9251
0.086, 9250
0.086, 9249
0.086, 9248
0.086, 9247
0.086, 9246
0.086, 9245
0.086, 9244
0.086, 9243
0.086, 9242
0.086, 9241
0.086, 9240
0.086, 9239
0.086, 9238
0.086, 9237
0.086, 9236
0.086, 9235
0.086, 9234
0.086, 9233
0.086, 9232
0.086, 9231
0.086, 9230
0.086, 9229
0.086, 9228
0.086, 9227
0.086, 9226
0.086, 9225
0.086, 9224
0.086, 9223
0.086, 9222
0.086, 9221
0.086, 9220
0.086, 9219
0.086, 9218
0.086, 9217
0.086, 9216
0.086, 9215
0.086, 9214
0.086, 9213
0.086, 9212
0.086, 9211
0.086, 9210
0.086, 9209
0.086, 9208
0.086, 9207
0.087, 9206
0.087, 9205
0.087, 9204
0.087, 9203
0.087, 9202
0.087, 9201
0.087, 9200
0.087, 9199
0.087, 9198
0.087, 9197
0.087, 9196
0.087, 9195
0.087, 9194
0.087, 9193
0.087, 9192
0.087, 9191
0.087, 9190
0.087, 9189
0.087, 9188
0.087, 9187
0.087, 9186
0.087, 9185
0.087, 9184
0.087, 9183
0.087, 9182
0.087, 9181
0.087, 9180
0.087, 9179
0.087, 9178
0.087, 9177
0.087, 9176
0.087, 9175
0.087, 9174
0.087, 9173
0.087, 9172
0.087, 9171
0.087, 9170
0.087, 9169
0.087, 9168
0.087, 9167
0.087, 9166
0.087, 9165
0.087, 9164
0.087, 9163
0.087, 9162
0.087, 9161
0.087, 9160
0.087, 9159
0.087, 9158
0.087, 9157
0.087, 9156
0.087, 9155
0.087, 9154
0.087, 9153
0.087, 9152
0.087, 9151
0.087, 9150
0.087, 9149
0.087, 9148
0.087, 9147
0.087, 9146
0.087, 9145
0.087, 9144
0.087, 9143
0.087, 9142
0.087, 9141
0.087, 9140
0.087, 9139
0.087, 9138
0.088, 9137
0.088, 9136
0.088, 9135
0.088, 9134
0.088, 9133
0.088, 9132
0.088, 9131
0.088, 9130
0.088, 9129
0.088, 9128
0.088, 9127
0.088, 9126
0.088, 9125
0.088, 9124
0.088, 9123
0.088, 9122
0.088, 9121
0.088, 9120
0.088, 9119
0.088, 9118
0.088, 9117
0.088, 9116
0.088, 9115
0.088, 9114
0.088, 9113
0.088, 9112
0.088, 9111
0.088, 9110
0.088, 9109
0.088, 9108
0.088, 9107
0.088, 9106
0.088, 9105
0.088, 9104
0.088, 9103
0.088, 9102
0.088, 9101
0.088, 9100
0.088, 9099
0.088, 9098
0.088, 9097
0.088, 9096
0.088, 9095
0.088, 9094
0.088, 9093
0.088, 9092
0.088, 9091
0.088, 9090
0.088, 9089
0.088, 9088
0.088, 9087
0.088, 9086
0.088, 9085
0.088, 9084
0.088, 9083
0.088, 9082
0.088, 9081
0.088, 9080
0.088, 9079
0.088, 9078
0.088, 9077
0.088, 9076
0.088, 9075
0.088, 9074
0.088, 9073
0.088, 9072
0.088, 9071
0.088, 9070
0.088, 9069
0.088, 9068
0.088, 9067
0.088, 9066
0.088, 9065
0.089, 9064
0.089, 9063
0.089, 9062
0.089, 9061
0.089, 9060
0.089, 9059
0.089, 9058
0.089, 9057
0.089, 9056
0.089, 9055
0.089, 9054
0.089, 9053
0.089, 9052
0.089, 9051
0.089, 9050
0.089, 9049
0.089, 9048
0.089, 9047
0.089, 9046
0.089, 9045
0.089, 9044
0.089, 9043
0.089, 9042
0.089, 9041
0.089, 9040
0.089, 9039
0.089, 9038
0.089, 9037
0.089, 9036
0.089, 9035
0.089, 9034
0.089, 9033
0.089, 9032
0.089, 9031
0.089, 9030
0.089, 9029
0.089, 9028
0.089, 9027
0.089, 9026
0.089, 9025
0.089, 9024
0.089, 9023
0.089, 9022
0.089, 9021
0.089, 9020
0.089, 9019
0.089, 9018
0.089, 9017
0.089, 9016
0.089, 9015
0.089, 9014
0.089, 9013
0.089, 9012
0.089, 9011
0.089, 9010
0.089, 9009
0.089, 9008
0.089, 9007
0.089, 9006
0.089, 9005
0.090, 9004
0.090, 9003
0.090, 9002
0.090, 9001
0.090, 9000
0.090, 8999
0.090, 8998
0.090, 8997
0.090, 8996
0.090, 8995
0.090, 8994
0.090, 8993
0.090, 8992
0.090, 8991
0.090, 8990
0.090, 8989
0.090, 8988
0.090, 8987
0.090, 8986
0.090, 8985
0.090, 8984
0.090, 8983
0.090, 8982
0.090, 8981
0.090, 8980
0.090, 8979
0.090, 8978
0.090, 8977
0.090, 8976
0.090, 8975
0.090, 8974
0.090, 8973
0.090, 8972
0.090, 8971
0.090, 8970
0.090, 8969
0.090, 8968
0.090, 8967
0.090, 8966
0.090, 8965
0.090, 8964
0.090, 8963
0.090, 8962
0.090, 8961
0.090, 8960
0.090, 8959
0.090, 8958
0.090, 8957
0.090, 8956
0.090, 8955
0.090, 8954
0.090, 8953
0.090, 8952
0.090, 8951
0.090, 8950
0.090, 8949
0.090, 8948
0.090, 8947
0.090, 8946
0.090, 8945
0.090, 8944
0.090, 8943
0.090, 8942
0.090, 8941
0.090, 8940
0.090, 8939
0.090, 8938
0.091, 8937
0.091, 8936
0.091, 8935
0.091, 8934
0.091, 8933
0.091, 8932
0.091, 8931
0.091, 8930
0.091, 8929
0.091, 8928
0.091, 8927
0.091, 8926
0.091, 8925
0.091, 8924
0.091, 8923
0.091, 8922
0.091, 8921
0.091, 8920
0.091, 8919
0.091, 8918
0.091, 8917
0.091, 8916
0.091, 8915
0.091, 8914
0.091, 8913
0.091, 8912
0.091, 8911
0.091, 8910
0.091, 8909
0.091, 8908
0.091, 8907
0.091, 8906
0.091, 8905
0.091, 8904
0.091, 8903
0.091, 8902
0.091, 8901
0.091, 8900
0.091, 8899
0.091, 8898
0.091, 8897
0.091, 8896
0.091, 8895
0.091, 8894
0.091, 8893
0.091, 8892
0.091, 8891
0.091, 8890
0.091, 8889
0.091, 8888
0.091, 8887
0.091, 8886
0.091, 8885
0.091, 8884
0.091, 8883
0.091, 8882
0.091, 8881
0.091, 8880
0.091, 8879
0.091, 8878
0.091, 8877
0.091, 8876
0.091, 8875
0.091, 8874
0.091, 8873
0.091, 8872
0.091, 8871
0.091, 8870
0.091, 8869
0.091, 8868
0.091, 8867
0.091, 8866
0.091, 8865
0.091, 8864
0.091, 8863
0.091, 8862
0.091, 8861
0.092, 8860
0.092, 8859
0.092, 8858
0.092, 8857
0.092, 8856
0.092, 8855
0.092, 8854
0.092, 8853
0.092, 8852
0.092, 8851
0.092, 8850
0.092, 8849
0.092, 8848
0.092, 8847
0.092, 8846
0.092, 8845
0.092, 8844
0.092, 8843
0.092, 8842
0.092, 8841
0.092, 8840
0.092, 8839
0.092, 8838
0.092, 8837
0.092, 8836
0.092, 8835
0.092, 8834
0.092, 8833
0.092, 8832
0.092, 8831
0.092, 8830
0.092, 8829
0.092, 8828
0.092, 8827
0.092, 8826
0.092, 8825
0.092, 8824
0.092, 8823
0.092, 8822
0.092, 8821
0.092, 8820
0.092, 8819
0.092, 8818
0.092, 8817
0.092, 8816
0.092, 8815
0.092, 8814
0.092, 8813
0.092, 8812
0.092, 8811
0.092, 8810
0.092, 8809
0.092, 8808
0.092, 8807
0.092, 8806
0.092, 8805
0.092, 8804
0.092, 8803
0.092, 8802
0.092, 8801
0.092, 8800
0.092, 8799
0.092, 8798
0.092, 8797
0.092, 8796
0.092, 8795
0.092, 8794
0.092, 8793
0.093, 8792
0.093, 8791
0.093, 8790
0.093, 8789
0.093, 8788
0.093, 8787
0.093, 8786
0.093, 8785
0.093, 8784
0.093, 8783
0.093, 8782
0.093, 8781
0.093, 8780
0.093, 8779
0.093, 8778
0.093, 8777
0.093, 8776
0.093, 8775
0.093, 8774
0.093, 8773
0.093, 8772
0.093, 8771
0.093, 8770
0.093, 8769
0.093, 8768
0.093, 8767
0.093, 8766
0.093, 8765
0.093, 8764
0.093, 8763
0.093, 8762
0.093, 8761
0.093, 8760
0.093, 8759
0.093, 8758
0.093, 8757
0.093, 8756
0.093, 8755
0.093, 8754
0.093, 8753
0.093, 8752
0.093, 8751
0.093, 8750
0.093, 8749
0.093, 8748
0.093, 8747
0.093, 8746
0.093, 8745
0.093, 8744
0.093, 8743
0.093, 8742
0.093, 8741
0.093, 8740
0.093, 8739
0.093, 8738
0.093, 8737
0.093, 8736
0.093, 8735
0.093, 8734
0.093, 8733
0.093, 8732
0.093, 8731
0.093, 8730
0.093, 8729
0.093, 8728
0.093, 8727
0.093, 8726
0.093, 8725
0.093, 8724
0.093, 8723
0.093, 8722
0.093, 8721
0.094, 8720
0.094, 8719
0.094, 8718
0.094, 8717
0.094, 8716
0.094, 8715
0.094, 8714
0.094, 8713
0.094, 8712
0.094, 8711
0.094, 8710
0.094, 8709
0.094, 8708
0.094, 8707
0.094, 8706
0.094, 8705
0.094, 8704
0.094, 8703
0.094, 8702
0.094, 8701
0.094, 8700
0.094, 8699
0.094, 8698
0.094, 8697
0.094, 8696
0.094, 8695
0.094, 8694
0.094, 8693
0.094, 8692
0.094, 8691
0.094, 8690
0.094, 8689
0.094, 8688
0.094, 8687
0.094, 8686
0.094, 8685
0.094, 8684
0.094, 8683
0.094, 8682
0.094, 8681
0.094, 8680
0.094, 8679
0.094, 8678
0.094, 8677
0.094, 8676
0.094, 8675
0.094, 8674
0.094, 8673
0.094, 8672
0.094, 8671
0.094, 8670
0.094, 8669
0.094, 8668
0.094, 8667
0.094, 8666
0.094, 8665
0.094, 8664
0.094, 8663
0.094, 8662
0.094, 8661
0.094, 8660
0.094, 8659
0.094, 8658
0.094, 8657
0.094, 8656
0.094, 8655
0.094, 8654
0.094, 8653
0.094, 8652
0.094, 8651
0.094, 8650
0.094, 8649
0.094, 8648
0.094, 8647
0.094, 8646
0.094, 8645
0.094, 8644
0.094, 8643
0.094, 8642
0.094, 8641
0.094, 8640
0.094, 8639
0.094, 8638
0.094, 8637
0.094, 8636
0.095, 8635
0.095, 8634
0.095, 8633
0.095, 8632
0.095, 8631
0.095, 8630
0.095, 8629
0.095, 8628
0.095, 8627
0.095, 8626
0.095, 8625
0.095, 8624
0.095, 8623
0.095, 8622
0.095, 8621
0.095, 8620
0.095, 8619
0.095, 8618
0.095, 8617
0.095, 8616
0.095, 8615
0.095, 8614
0.095, 8613
0.095, 8612
0.095, 8611
0.095, 8610
0.095, 8609
0.095, 8608
0.095, 8607
0.095, 8606
0.095, 8605
0.095, 8604
0.095, 8603
0.095, 8602
0.095, 8601
0.095, 8600
0.095, 8599
0.095, 8598
0.095, 8597
0.095, 8596
0.095, 8595
0.095, 8594
0.095, 8593
0.095, 8592
0.095, 8591
0.095, 8590
0.095, 8589
0.095, 8588
0.095, 8587
0.095, 8586
0.095, 8585
0.095, 8584
0.095, 8583
0.095, 8582
0.095, 8581
0.095, 8580
0.095, 8579
0.095, 8578
0.095, 8577
0.095, 8576
0.095, 8575
0.095, 8574
0.095, 8573
0.095, 8572
0.095, 8571
0.095, 8570
0.095, 8569
0.095, 8568
0.095, 8567
0.095, 8566
0.095, 8565
0.095, 8564
0.095, 8563
0.095, 8562
0.095, 8561
0.096, 8560
0.096, 8559
0.096, 8558
0.096, 8557
0.096, 8556
0.096, 8555
0.096, 8554
0.096, 8553
0.096, 8552
0.096, 8551
0.096, 8550
0.096, 8549
0.096, 8548
0.096, 8547
0.096, 8546
0.096, 8545
0.096, 8544
0.096, 8543
0.096, 8542
0.096, 8541
0.096, 8540
0.096, 8539
0.096, 8538
0.096, 8537
0.096, 8536
0.096, 8535
0.096, 8534
0.096, 8533
0.096, 8532
0.096, 8531
0.096, 8530
0.096, 8529
0.096, 8528
0.096, 8527
0.096, 8526
0.096, 8525
0.096, 8524
0.096, 8523
0.096, 8522
0.096, 8521
0.096, 8520
0.096, 8519
0.096, 8518
0.096, 8517
0.096, 8516
0.096, 8515
0.096, 8514
0.096, 8513
0.096, 8512
0.096, 8511
0.096, 8510
0.096, 8509
0.096, 8508
0.096, 8507
0.096, 8506
0.096, 8505
0.096, 8504
0.096, 8503
0.096, 8502
0.096, 8501
0.096, 8500
0.096, 8499
0.096, 8498
0.096, 8497
0.096, 8496
0.096, 8495
0.096, 8494
0.097, 8493
0.097, 8492
0.097, 8491
0.097, 8490
0.097, 8489
0.097, 8488
0.097, 8487
0.097, 8486
0.097, 8485
0.097, 8484
0.097, 8483
0.097, 8482
0.097, 8481
0.097, 8480
0.097, 8479
0.097, 8478
0.097, 8477
0.097, 8476
0.097, 8475
0.097, 8474
0.097, 8473
0.097, 8472
0.097, 8471
0.097, 8470
0.097, 8469
0.097, 8468
0.097, 8467
0.097, 8466
0.097, 8465
0.097, 8464
0.097, 8463
0.097, 8462
0.097, 8461
0.097, 8460
0.097, 8459
0.097, 8458
0.097, 8457
0.097, 8456
0.097, 8455
0.097, 8454
0.097, 8453
0.097, 8452
0.097, 8451
0.097, 8450
0.097, 8449
0.097, 8448
0.097, 8447
0.097, 8446
0.097, 8445
0.097, 8444
0.097, 8443
0.097, 8442
0.097, 8441
0.097, 8440
0.097, 8439
0.097, 8438
0.097, 8437
0.097, 8436
0.097, 8435
0.097, 8434
0.097, 8433
0.098, 8432
0.098, 8431
0.098, 8430
0.098, 8429
0.098, 8428
0.098, 8427
0.098, 8426
0.098, 8425
0.098, 8424
0.098, 8423
0.098, 8422
0.098, 8421
0.098, 8420
0.098, 8419
0.098, 8418
0.098, 8417
0.098, 8416
0.098, 8415
0.098, 8414
0.098, 8413
0.098, 8412
0.098, 8411
0.098, 8410
0.098, 8409
0.098, 8408
0.098, 8407
0.098, 8406
0.098, 8405
0.098, 8404
0.098, 8403
0.098, 8402
0.098, 8401
0.098, 8400
0.098, 8399
0.098, 8398
0.098, 8397
0.098, 8396
0.098, 8395
0.098, 8394
0.098, 8393
0.098, 8392
0.098, 8391
0.098, 8390
0.098, 8389
0.098, 8388
0.098, 8387
0.098, 8386
0.098, 8385
0.098, 8384
0.098, 8383
0.098, 8382
0.098, 8381
0.098, 8380
0.098, 8379
0.098, 8378
0.098, 8377
0.098, 8376
0.099, 8375
0.099, 8374
0.099, 8373
0.099, 8372
0.099, 8371
0.099, 8370
0.099, 8369
0.099, 8368
0.099, 8367
0.099, 8366
0.099, 8365
0.099, 8364
0.099, 8363
0.099, 8362
0.099, 8361
0.099, 8360
0.099, 8359
0.099, 8358
0.099, 8357
0.099, 8356
0.099, 8355
0.099, 8354
0.099, 8353
0.099, 8352
0.099, 8351
0.099, 8350
0.099, 8349
0.099, 8348
0.099, 8347
0.099, 8346
0.099, 8345
0.099, 8344
0.099, 8343
0.099, 8342
0.100, 8341
0.100, 8340
0.100, 8339
0.100, 8338
0.100, 8337
0.100, 8336
0.100, 8335
0.100, 8334
0.100, 8333
0.100, 8332
0.100, 8331
0.100, 8330
0.100, 8329
0.100, 8328
0.100, 8327
0.100, 8326
0.100, 8325
0.100, 8324
0.100, 8323
0.100, 8322
0.100, 8321
0.100, 8320
0.100, 8319
0.100, 8318
0.100, 8317
0.100, 8316
0.100, 8315
0.100, 8314
0.100, 8313
0.100, 8312
0.100, 8311
0.100, 8310
0.100, 8309
0.100, 8308
0.100, 8307
0.100, 8306
0.100, 8305
0.100, 8304
0.100, 8303
0.100, 8302
0.100, 8301
0.100, 8300
0.100, 8299
0.100, 8298
0.100, 8297
0.100, 8296
0.100, 8295
0.100, 8294
0.101, 8293
0.101, 8292
0.101, 8291
0.101, 8290
0.101, 8289
0.101, 8288
0.101, 8287
0.101, 8286
0.101, 8285
0.101, 8284
0.101, 8283
0.101, 8282
0.101, 8281
0.101, 8280
0.101, 8279
0.101, 8278
0.101, 8277
0.101, 8276
0.101, 8275
0.101, 8274
0.101, 8273
0.101, 8272
0.101, 8271
0.101, 8270
0.101, 8269
0.101, 8268
0.101, 8267
0.101, 8266
0.101, 8265
0.101, 8264
0.101, 8263
0.101, 8262
0.101, 8261
0.101, 8260
0.101, 8259
0.101, 8258
0.101, 8257
0.101, 8256
0.101, 8255
0.101, 8254
0.101, 8253
0.101, 8252
0.101, 8251
0.101, 8250
0.101, 8249
0.101, 8248
0.101, 8247
0.101, 8246
0.101, 8245
0.101, 8244
0.101, 8243
0.101, 8242
0.101, 8241
0.101, 8240
0.101, 8239
0.101, 8238
0.101, 8237
0.101, 8236
0.101, 8235
0.101, 8234
0.101, 8233
0.101, 8232
0.101, 8231
0.101, 8230
0.101, 8229
0.101, 8228
0.101, 8227
0.101, 8226
0.101, 8225
0.102, 8224
0.102, 8223
0.102, 8222
0.102, 8221
0.102, 8220
0.102, 8219
0.102, 8218
0.102, 8217
0.102, 8216
0.102, 8215
0.102, 8214
0.102, 8213
0.102, 8212
0.102, 8211
0.102, 8210
0.102, 8209
0.102, 8208
0.102, 8207
0.102, 8206
0.102, 8205
0.102, 8204
0.102, 8203
0.102, 8202
0.102, 8201
0.102, 8200
0.102, 8199
0.102, 8198
0.102, 8197
0.102, 8196
0.102, 8195
0.102, 8194
0.102, 8193
0.102, 8192
0.102, 8191
0.102, 8190
0.102, 8189
0.102, 8188
0.102, 8187
0.102, 8186
0.102, 8185
0.102, 8184
0.102, 8183
0.102, 8182
0.102, 8181
0.102, 8180
0.102, 8179
0.102, 8178
0.102, 8177
0.102, 8176
0.102, 8175
0.102, 8174
0.102, 8173
0.102, 8172
0.102, 8171
0.102, 8170
0.102, 8169
0.102, 8168
0.102, 8167
0.102, 8166
0.102, 8165
0.102, 8164
0.102, 8163
0.102, 8162
0.102, 8161
0.102, 8160
0.102, 8159
0.102, 8158
0.102, 8157
0.102, 8156
0.102, 8155
0.103, 8154
0.103, 8153
0.103, 8152
0.103, 8151
0.103, 8150
0.103, 8149
0.103, 8148
0.103, 8147
0.103, 8146
0.103, 8145
0.103, 8144
0.103, 8143
0.103, 8142
0.103, 8141
0.103, 8140
0.103, 8139
0.103, 8138
0.103, 8137
0.103, 8136
0.103, 8135
0.103, 8134
0.103, 8133
0.103, 8132
0.103, 8131
0.103, 8130
0.103, 8129
0.103, 8128
0.103, 8127
0.103, 8126
0.103, 8125
0.103, 8124
0.103, 8123
0.103, 8122
0.103, 8121
0.103, 8120
0.103, 8119
0.103, 8118
0.103, 8117
0.103, 8116
0.103, 8115
0.103, 8114
0.103, 8113
0.103, 8112
0.103, 8111
0.103, 8110
0.103, 8109
0.103, 8108
0.103, 8107
0.103, 8106
0.103, 8105
0.103, 8104
0.103, 8103
0.103, 8102
0.103, 8101
0.103, 8100
0.103, 8099
0.103, 8098
0.103, 8097
0.103, 8096
0.103, 8095
0.103, 8094
0.103, 8093
0.103, 8092
0.103, 8091
0.103, 8090
0.103, 8089
0.103, 8088
0.103, 8087
0.103, 8086
0.103, 8085
0.103, 8084
0.103, 8083
0.104, 8082
0.104, 8081
0.104, 8080
0.104, 8079
0.104, 8078
0.104, 8077
0.104, 8076
0.104, 8075
0.104, 8074
0.104, 8073
0.104, 8072
0.104, 8071
0.104, 8070
0.104, 8069
0.104, 8068
0.104, 8067
0.104, 8066
0.104, 8065
0.104, 8064
0.104, 8063
0.104, 8062
0.104, 8061
0.104, 8060
0.104, 8059
0.104, 8058
0.104, 8057
0.104, 8056
0.104, 8055
0.104, 8054
0.104, 8053
0.104, 8052
0.104, 8051
0.104, 8050
0.104, 8049
0.104, 8048
0.104, 8047
0.104, 8046
0.104, 8045
0.104, 8044
0.104, 8043
0.104, 8042
0.104, 8041
0.104, 8040
0.104, 8039
0.104, 8038
0.104, 8037
0.104, 8036
0.104, 8035
0.104, 8034
0.104, 8033
0.104, 8032
0.104, 8031
0.104, 8030
0.104, 8029
0.104, 8028
0.104, 8027
0.104, 8026
0.104, 8025
0.104, 8024
0.104, 8023
0.104, 8022
0.105, 8021
0.105, 8020
0.105, 8019
0.105, 8018
0.105, 8017
0.105, 8016
0.105, 8015
0.105, 8014
0.105, 8013
0.105, 8012
0.105, 8011
0.105, 8010
0.105, 8009
0.105, 8008
0.105, 8007
0.105, 8006
0.105, 8005
0.105, 8004
0.105, 8003
0.105, 8002
0.105, 8001
0.105, 8000
0.105, 7999
0.105, 7998
0.105, 7997
0.105, 7996
0.105, 7995
0.105, 7994
0.105, 7993
0.105, 7992
0.105, 7991
0.105, 7990
0.105, 7989
0.105, 7988
0.105, 7987
0.105, 7986
0.105, 7985
0.105, 7984
0.105, 7983
0.105, 7982
0.105, 7981
0.105, 7980
0.105, 7979
0.105, 7978
0.105, 7977
0.105, 7976
0.105, 7975
0.105, 7974
0.105, 7973
0.105, 7972
0.105, 7971
0.105, 7970
0.105, 7969
0.105, 7968
0.105, 7967
0.105, 7966
0.105, 7965
0.105, 7964
0.105, 7963
0.105, 7962
0.105, 7961
0.105, 7960
0.105, 7959
0.106, 7958
0.106, 7957
0.106, 7956
0.106, 7955
0.106, 7954
0.106, 7953
0.106, 7952
0.106, 7951
0.106, 7950
0.106, 7949
0.106, 7948
0.106, 7947
0.106, 7946
0.106, 7945
0.106, 7944
0.106, 7943
0.106, 7942
0.106, 7941
0.106, 7940
0.106, 7939
0.106, 7938
0.106, 7937
0.106, 7936
0.106, 7935
0.106, 7934
0.106, 7933
0.106, 7932
0.106, 7931
0.106, 7930
0.106, 7929
0.106, 7928
0.106, 7927
0.106, 7926
0.106, 7925
0.106, 7924
0.106, 7923
0.106, 7922
0.106, 7921
0.106, 7920
0.106, 7919
0.106, 7918
0.106, 7917
0.106, 7916
0.106, 7915
0.106, 7914
0.106, 7913
0.106, 7912
0.106, 7911
0.106, 7910
0.106, 7909
0.106, 7908
0.106, 7907
0.106, 7906
0.106, 7905
0.106, 7904
0.106, 7903
0.106, 7902
0.106, 7901
0.106, 7900
0.106, 7899
0.106, 7898
0.106, 7897
0.106, 7896
0.106, 7895
0.106, 7894
0.106, 7893
0.106, 7892
0.106, 7891
0.106, 7890
0.106, 7889
0.107, 7888
0.107, 7887
0.107, 7886
0.107, 7885
0.107, 7884
0.107, 7883
0.107, 7882
0.107, 7881
0.107, 7880
0.107, 7879
0.107, 7878
0.107, 7877
0.107, 7876
0.107, 7875
0.107, 7874
0.107, 7873
0.107, 7872
0.107, 7871
0.107, 7870
0.107, 7869
0.107, 7868
0.107, 7867
0.107, 7866
0.107, 7865
0.107, 7864
0.107, 7863
0.107, 7862
0.107, 7861
0.107, 7860
0.107, 7859
0.107, 7858
0.107, 7857
0.107, 7856
0.107, 7855
0.107, 7854
0.107, 7853
0.107, 7852
0.107, 7851
0.107, 7850
0.107, 7849
0.107, 7848
0.107, 7847
0.107, 7846
0.107, 7845
0.107, 7844
0.107, 7843
0.107, 7842
0.107, 7841
0.107, 7840
0.107, 7839
0.107, 7838
0.108, 7837
0.108, 7836
0.108, 7835
0.108, 7834
0.108, 7833
0.108, 7832
0.108, 7831
0.108, 7830
0.108, 7829
0.108, 7828
0.108, 7827
0.108, 7826
0.108, 7825
0.108, 7824
0.108, 7823
0.108, 7822
0.108, 7821
0.108, 7820
0.108, 7819
0.108, 7818
0.108, 7817
0.108, 7816
0.108, 7815
0.108, 7814
0.108, 7813
0.108, 7812
0.108, 7811
0.108, 7810
0.108, 7809
0.108, 7808
0.108, 7807
0.108, 7806
0.108, 7805
0.108, 7804
0.108, 7803
0.108, 7802
0.108, 7801
0.108, 7800
0.108, 7799
0.108, 7798
0.108, 7797
0.108, 7796
0.108, 7795
0.108, 7794
0.108, 7793
0.108, 7792
0.108, 7791
0.108, 7790
0.108, 7789
0.108, 7788
0.108, 7787
0.108, 7786
0.108, 7785
0.108, 7784
0.108, 7783
0.108, 7782
0.108, 7781
0.108, 7780
0.108, 7779
0.108, 7778
0.108, 7777
0.108, 7776
0.108, 7775
0.108, 7774
0.108, 7773
0.108, 7772
0.109, 7771
0.109, 7770
0.109, 7769
0.109, 7768
0.109, 7767
0.109, 7766
0.109, 7765
0.109, 7764
0.109, 7763
0.109, 7762
0.109, 7761
0.109, 7760
0.109, 7759
0.109, 7758
0.109, 7757
0.109, 7756
0.109, 7755
0.109, 7754
0.109, 7753
0.109, 7752
0.109, 7751
0.109, 7750
0.109, 7749
0.109, 7748
0.109, 7747
0.109, 7746
0.109, 7745
0.109, 7744
0.109, 7743
0.109, 7742
0.109, 7741
0.109, 7740
0.109, 7739
0.109, 7738
0.109, 7737
0.109, 7736
0.109, 7735
0.109, 7734
0.109, 7733
0.109, 7732
0.109, 7731
0.109, 7730
0.109, 7729
0.109, 7728
0.109, 7727
0.109, 7726
0.109, 7725
0.109, 7724
0.109, 7723
0.109, 7722
0.109, 7721
0.109, 7720
0.110, 7719
0.110, 7718
0.110, 7717
0.110, 7716
0.110, 7715
0.110, 7714
0.110, 7713
0.110, 7712
0.110, 7711
0.110, 7710
0.110, 7709
0.110, 7708
0.110, 7707
0.110, 7706
0.110, 7705
0.110, 7704
0.110, 7703
0.110, 7702
0.110, 7701
0.110, 7700
0.110, 7699
0.110, 7698
0.110, 7697
0.110, 7696
0.110, 7695
0.110, 7694
0.110, 7693
0.110, 7692
0.111, 7691
0.111, 7690
0.111, 7689
0.111, 7688
0.111, 7687
0.111, 7686
0.111, 7685
0.111, 7684
0.111, 7683
0.111, 7682
0.111, 7681
0.111, 7680
0.111, 7679
0.111, 7678
0.111, 7677
0.111, 7676
0.111, 7675
0.111, 7674
0.111, 7673
0.111, 7672
0.111, 7671
0.111, 7670
0.111, 7669
0.111, 7668
0.111, 7667
0.111, 7666
0.111, 7665
0.111, 7664
0.111, 7663
0.111, 7662
0.111, 7661
0.111, 7660
0.111, 7659
0.111, 7658
0.111, 7657
0.111, 7656
0.111, 7655
0.111, 7654
0.111, 7653
0.111, 7652
0.111, 7651
0.111, 7650
0.111, 7649
0.111, 7648
0.111, 7647
0.111, 7646
0.111, 7645
0.111, 7644
0.111, 7643
0.111, 7642
0.111, 7641
0.111, 7640
0.111, 7639
0.111, 7638
0.111, 7637
0.111, 7636
0.111, 7635
0.111, 7634
0.111, 7633
0.111, 7632
0.111, 7631
0.111, 7630
0.111, 7629
0.111, 7628
0.111, 7627
0.111, 7626
0.112, 7625
0.112, 7624
0.112, 7623
0.112, 7622
0.112, 7621
0.112, 7620
0.112, 7619
0.112, 7618
0.112, 7617
0.112, 7616
0.112, 7615
0.112, 7614
0.112, 7613
0.112, 7612
0.112, 7611
0.112, 7610
0.112, 7609
0.112, 7608
0.112, 7607
0.112, 7606
0.112, 7605
0.112, 7604
0.112, 7603
0.112, 7602
0.112, 7601
0.112, 7600
0.112, 7599
0.112, 7598
0.112, 7597
0.112, 7596
0.112, 7595
0.112, 7594
0.112, 7593
0.112, 7592
0.112, 7591
0.112, 7590
0.112, 7589
0.112, 7588
0.112, 7587
0.112, 7586
0.112, 7585
0.112, 7584
0.112, 7583
0.112, 7582
0.112, 7581
0.112, 7580
0.112, 7579
0.112, 7578
0.112, 7577
0.112, 7576
0.112, 7575
0.112, 7574
0.112, 7573
0.112, 7572
0.112, 7571
0.112, 7570
0.112, 7569
0.112, 7568
0.112, 7567
0.112, 7566
0.112, 7565
0.112, 7564
0.112, 7563
0.112, 7562
0.112, 7561
0.113, 7560
0.113, 7559
0.113, 7558
0.113, 7557
0.113, 7556
0.113, 7555
0.113, 7554
0.113, 7553
0.113, 7552
0.113, 7551
0.113, 7550
0.113, 7549
0.113, 7548
0.113, 7547
0.113, 7546
0.113, 7545
0.113, 7544
0.113, 7543
0.113, 7542
0.113, 7541
0.113, 7540
0.113, 7539
0.113, 7538
0.113, 7537
0.113, 7536
0.113, 7535
0.113, 7534
0.113, 7533
0.113, 7532
0.113, 7531
0.113, 7530
0.113, 7529
0.113, 7528
0.113, 7527
0.113, 7526
0.113, 7525
0.113, 7524
0.113, 7523
0.113, 7522
0.113, 7521
0.113, 7520
0.113, 7519
0.113, 7518
0.113, 7517
0.113, 7516
0.113, 7515
0.113, 7514
0.113, 7513
0.113, 7512
0.113, 7511
0.113, 7510
0.113, 7509
0.114, 7508
0.114, 7507
0.114, 7506
0.114, 7505
0.114, 7504
0.114, 7503
0.114, 7502
0.114, 7501
0.114, 7500
0.114, 7499
0.114, 7498
0.114, 7497
0.114, 7496
0.114, 7495
0.114, 7494
0.114, 7493
0.114, 7492
0.114, 7491
0.114, 7490
0.114, 7489
0.114, 7488
0.114, 7487
0.114, 7486
0.114, 7485
0.114, 7484
0.114, 7483
0.114, 7482
0.114, 7481
0.114, 7480
0.114, 7479
0.114, 7478
0.114, 7477
0.114, 7476
0.114, 7475
0.114, 7474
0.114, 7473
0.114, 7472
0.114, 7471
0.114, 7470
0.114, 7469
0.114, 7468
0.114, 7467
0.114, 7466
0.114, 7465
0.114, 7464
0.114, 7463
0.114, 7462
0.114, 7461
0.114, 7460
0.114, 7459
0.114, 7458
0.114, 7457
0.114, 7456
0.114, 7455
0.114, 7454
0.114, 7453
0.114, 7452
0.114, 7451
0.114, 7450
0.114, 7449
0.114, 7448
0.115, 7447
0.115, 7446
0.115, 7445
0.115, 7444
0.115, 7443
0.115, 7442
0.115, 7441
0.115, 7440
0.115, 7439
0.115, 7438
0.115, 7437
0.115, 7436
0.115, 7435
0.115, 7434
0.115, 7433
0.115, 7432
0.115, 7431
0.115, 7430
0.115, 7429
0.115, 7428
0.115, 7427
0.115, 7426
0.115, 7425
0.115, 7424
0.115, 7423
0.115, 7422
0.115, 7421
0.115, 7420
0.115, 7419
0.115, 7418
0.115, 7417
0.115, 7416
0.115, 7415
0.115, 7414
0.115, 7413
0.115, 7412
0.115, 7411
0.115, 7410
0.115, 7409
0.115, 7408
0.115, 7407
0.115, 7406
0.115, 7405
0.115, 7404
0.115, 7403
0.115, 7402
0.115, 7401
0.115, 7400
0.115, 7399
0.115, 7398
0.115, 7397
0.115, 7396
0.115, 7395
0.115, 7394
0.115, 7393
0.115, 7392
0.115, 7391
0.115, 7390
0.115, 7389
0.115, 7388
0.116, 7387
0.116, 7386
0.116, 7385
0.116, 7384
0.116, 7383
0.116, 7382
0.116, 7381
0.116, 7380
0.116, 7379
0.116, 7378
0.116, 7377
0.116, 7376
0.116, 7375
0.116, 7374
0.116, 7373
0.116, 7372
0.116, 7371
0.116, 7370
0.116, 7369
0.116, 7368
0.116, 7367
0.116, 7366
0.116, 7365
0.116, 7364
0.116, 7363
0.116, 7362
0.116, 7361
0.116, 7360
0.116, 7359
0.116, 7358
0.116, 7357
0.116, 7356
0.116, 7355
0.116, 7354
0.116, 7353
0.116, 7352
0.116, 7351
0.116, 7350
0.116, 7349
0.116, 7348
0.116, 7347
0.116, 7346
0.116, 7345
0.116, 7344
0.116, 7343
0.116, 7342
0.116, 7341
0.116, 7340
0.116, 7339
0.116, 7338
0.116, 7337
0.116, 7336
0.116, 7335
0.116, 7334
0.116, 7333
0.116, 7332
0.116, 7331
0.116, 7330
0.116, 7329
0.116, 7328
0.116, 7327
0.116, 7326
0.116, 7325
0.116, 7324
0.116, 7323
0.116, 7322
0.116, 7321
0.116, 7320
0.116, 7319
0.116, 7318
0.117, 7317
0.117, 7316
0.117, 7315
0.117, 7314
0.117, 7313
0.117, 7312
0.117, 7311
0.117, 7310
0.117, 7309
0.117, 7308
0.117, 7307
0.117, 7306
0.117, 7305
0.117, 7304
0.117, 7303
0.117, 7302
0.117, 7301
0.117, 7300
0.117, 7299
0.117, 7298
0.117, 7297
0.117, 7296
0.117, 7295
0.117, 7294
0.117, 7293
0.117, 7292
0.117, 7291
0.117, 7290
0.117, 7289
0.117, 7288
0.117, 7287
0.117, 7286
0.117, 7285
0.117, 7284
0.117, 7283
0.117, 7282
0.117, 7281
0.117, 7280
0.117, 7279
0.117, 7278
0.117, 7277
0.117, 7276
0.117, 7275
0.117, 7274
0.117, 7273
0.117, 7272
0.117, 7271
0.117, 7270
0.117, 7269
0.117, 7268
0.117, 7267
0.117, 7266
0.117, 7265
0.117, 7264
0.117, 7263
0.117, 7262
0.117, 7261
0.117, 7260
0.117, 7259
0.117, 7258
0.117, 7257
0.117, 7256
0.118, 7255
0.118, 7254
0.118, 7253
0.118, 7252
0.118, 7251
0.118, 7250
0.118, 7249
0.118, 7248
0.118, 7247
0.118, 7246
0.118, 7245
0.118, 7244
0.118, 7243
0.118, 7242
0.118, 7241
0.118, 7240
0.118, 7239
0.118, 7238
0.118, 7237
0.118, 7236
0.118, 7235
0.118, 7234
0.118, 7233
0.118, 7232
0.118, 7231
0.118, 7230
0.118, 7229
0.118, 7228
0.118, 7227
0.118, 7226
0.118, 7225
0.118, 7224
0.118, 7223
0.118, 7222
0.118, 7221
0.118, 7220
0.118, 7219
0.118, 7218
0.118, 7217
0.118, 7216
0.118, 7215
0.118, 7214
0.118, 7213
0.118, 7212
0.118, 7211
0.118, 7210
0.118, 7209
0.118, 7208
0.118, 7207
0.118, 7206
0.118, 7205
0.118, 7204
0.118, 7203
0.118, 7202
0.118, 7201
0.118, 7200
0.118, 7199
0.118, 7198
0.119, 7197
0.119, 7196
0.119, 7195
0.119, 7194
0.119, 7193
0.119, 7192
0.119, 7191
0.119, 7190
0.119, 7189
0.119, 7188
0.119, 7187
0.119, 7186
0.119, 7185
0.119, 7184
0.119, 7183
0.119, 7182
0.119, 7181
0.119, 7180
0.119, 7179
0.119, 7178
0.119, 7177
0.119, 7176
0.119, 7175
0.119, 7174
0.119, 7173
0.119, 7172
0.119, 7171
0.119, 7170
0.119, 7169
0.119, 7168
0.119, 7167
0.119, 7166
0.119, 7165
0.119, 7164
0.119, 7163
0.119, 7162
0.119, 7161
0.119, 7160
0.119, 7159
0.119, 7158
0.119, 7157
0.119, 7156
0.119, 7155
0.119, 7154
0.119, 7153
0.119, 7152
0.119, 7151
0.119, 7150
0.119, 7149
0.119, 7148
0.119, 7147
0.119, 7146
0.119, 7145
0.119, 7144
0.119, 7143
0.119, 7142
0.119, 7141
0.119, 7140
0.119, 7139
0.119, 7138
0.119, 7137
0.119, 7136
0.119, 7135
0.119, 7134
0.119, 7133
0.119, 7132
0.119, 7131
0.120, 7130
0.120, 7129
0.120, 7128
0.120, 7127
0.120, 7126
0.120, 7125
0.120, 7124
0.120, 7123
0.120, 7122
0.120, 7121
0.120, 7120
0.120, 7119
0.120, 7118
0.120, 7117
0.120, 7116
0.120, 7115
0.120, 7114
0.120, 7113
0.120, 7112
0.120, 7111
0.120, 7110
0.120, 7109
0.120, 7108
0.120, 7107
0.120, 7106
0.120, 7105
0.120, 7104
0.120, 7103
0.120, 7102
0.120, 7101
0.120, 7100
0.120, 7099
0.120, 7098
0.120, 7097
0.120, 7096
0.120, 7095
0.120, 7094
0.120, 7093
0.120, 7092
0.120, 7091
0.121, 7090
0.121, 7089
0.121, 7088
0.121, 7087
0.121, 7086
0.121, 7085
0.121, 7084
0.121, 7083
0.121, 7082
0.121, 7081
0.121, 7080
0.121, 7079
0.121, 7078
0.121, 7077
0.121, 7076
0.121, 7075
0.121, 7074
0.121, 7073
0.121, 7072
0.121, 7071
0.121, 7070
0.121, 7069
0.121, 7068
0.121, 7067
0.121, 7066
0.121, 7065
0.121, 7064
0.121, 7063
0.121, 7062
0.121, 7061
0.121, 7060
0.121, 7059
0.121, 7058
0.121, 7057
0.121, 7056
0.121, 7055
0.122, 7054
0.122, 7053
0.122, 7052
0.122, 7051
0.122, 7050
0.122, 7049
0.122, 7048
0.122, 7047
0.122, 7046
0.122, 7045
0.122, 7044
0.122, 7043
0.122, 7042
0.122, 7041
0.122, 7040
0.122, 7039
0.122, 7038
0.122, 7037
0.122, 7036
0.122, 7035
0.122, 7034
0.122, 7033
0.122, 7032
0.122, 7031
0.122, 7030
0.122, 7029
0.122, 7028
0.123, 7027
0.123, 7026
0.123, 7025
0.123, 7024
0.123, 7023
0.123, 7022
