0.003, 11021
0.003, 11020
0.003, 11019
0.003, 11018
0.003, 11017
0.003, 11016
0.003, 11015
0.003, 11014
0.003, 11013
0.003, 11012
0.003, 11011
0.003, 11010
0.003, 11009
0.003, 11008
0.003, 11007
0.003, 11006
0.003, 11005
0.003, 11004
0.003, 11003
0.003, 11002
0.003, 11001
0.003, 11000
0.003, 10999
0.003, 10998
0.003, 10997
0.003, 10996
0.003, 10995
0.003, 10994
0.003, 10993
0.003, 10992
0.003, 10991
0.003, 10990
0.003, 10989
0.003, 10988
0.003, 10987
0.003, 10986
0.003, 10985
0.003, 10984
0.003, 10983
0.003, 10982
0.003, 10981
0.003, 10980
0.003, 10979
0.003, 10978
0.003, 10977
0.003, 10976
0.003, 10975
0.003, 10974
0.003, 10973
0.003, 10972
0.003, 10971
0.003, 10970
0.003, 10969
0.003, 10968
0.003, 10967
0.003, 10966
0.003, 10965
0.003, 10964
0.003, 10963
0.003, 10962
0.003, 10961
0.003, 10960
0.003, 10959
0.003, 10958
0.003, 10957
0.003, 10956
0.003, 10955
0.003, 10954
0.003, 10953
0.003, 10952
0.003, 10951
0.003, 10950
0.003, 10949
0.003, 10948
0.003, 10947
0.003, 10946
0.003, 10945
0.003, 10944
0.003, 10943
0.003, 10942
0.003, 10941
0.003, 10940
0.003, 10939
0.003, 10938
0.003, 10937
0.003, 10936
0.003, 10935
0.003, 10934
0.003, 10933
0.003, 10932
0.003, 10931
0.003, 10930
0.003, 10929
0.003, 10928
0.003, 10927
0.003, 10926
0.003, 10925
0.003, 10924
0.003, 10923
0.003, 10922
0.003, 10921
0.003, 10920
0.003, 10919
0.003, 10918
0.003, 10917
0.003, 10916
0.003, 10915
0.003, 10914
0.003, 10913
0.003, 10912
0.003, 10911
0.003, 10910
0.003, 10909
0.003, 10908
0.003, 10907
0.003, 10906
0.003, 10905
0.003, 10904
0.003, 10903
0.003, 10902
0.003, 10901
0.003, 10900
0.003, 10899
0.003, 10898
0.003, 10897
0.003, 10896
0.003, 10895
0.003, 10894
0.003, 10893
0.003, 10892
0.003, 10891
0.003, 10890
0.003, 10889
0.003, 10888
0.003, 10887
0.003, 10886
0.003, 10885
0.003, 10884
0.003, 10883
0.003, 10882
0.003, 10881
0.003, 10880
0.003, 10879
0.003, 10878
0.003, 10877
0.003, 10876
0.003, 10875
0.003, 10874
0.003, 10873
0.003, 10872
0.003, 10871
0.003, 10870
0.003, 10869
0.003, 10868
0.003, 10867
0.003, 10866
0.003, 10865
0.003, 10864
0.003, 10863
0.003, 10862
0.003, 10861
0.003, 10860
0.003, 10859
0.003, 10858
0.003, 10857
0.003, 10856
0.003, 10855
0.003, 10854
0.003, 10853
0.003, 10852
0.003, 10851
0.003, 10850
0.003, 10849
0.003, 10848
0.003, 10847
0.003, 10846
0.003, 10845
0.003, 10844
0.003, 10843
0.003, 10842
0.003, 10841
0.003, 10840
0.003, 10839
0.003, 10838
0.003, 10837
0.003, 10836
0.003, 10835
0.003, 10834
0.003, 10833
0.003, 10832
0.003, 10831
0.003, 10830
0.003, 10829
0.003, 10828
0.003, 10827
0.003, 10826
0.003, 10825
0.003, 10824
0.003, 10823
0.003, 10822
0.003, 10821
0.003, 10820
0.003, 10819
0.003, 10818
0.003, 10817
0.003, 10816
0.003, 10815
0.003, 10814
0.003, 10813
0.003, 10812
0.003, 10811
0.003, 10810
0.003, 10809
0.003, 10808
0.003, 10807
0.003, 10806
0.003, 10805
0.003, 10804
0.003, 10803
0.003, 10802
0.003, 10801
0.003, 10800
0.003, 10799
0.003, 10798
0.003, 10797
0.003, 10796
0.003, 10795
0.003, 10794
0.003, 10793
0.003, 10792
0.003, 10791
0.003, 10790
0.003, 10789
0.003, 10788
0.003, 10787
0.003, 10786
0.003, 10785
0.003, 10784
0.003, 10783
0.003, 10782
0.003, 10781
0.003, 10780
0.003, 10779
0.003, 10778
0.003, 10777
0.003, 10776
0.003, 10775
0.003, 10774
0.003, 10773
0.003, 10772
0.003, 10771
0.003, 10770
0.003, 10769
0.003, 10768
0.003, 10767
0.003, 10766
0.003, 10765
0.003, 10764
0.003, 10763
0.003, 10762
0.003, 10761
0.003, 10760
0.003, 10759
0.003, 10758
0.003, 10757
0.003, 10756
0.003, 10755
0.003, 10754
0.003, 10753
0.003, 10752
0.003, 10751
0.003, 10750
0.003, 10749
0.003, 10748
0.003, 10747
0.003, 10746
0.003, 10745
0.003, 10744
0.003, 10743
0.003, 10742
0.003, 10741
0.003, 10740
0.003, 10739
0.003, 10738
0.003, 10737
0.003, 10736
0.003, 10735
0.003, 10734
0.003, 10733
0.003, 10732
0.003, 10731
0.003, 10730
0.003, 10729
0.003, 10728
0.003, 10727
0.003, 10726
0.003, 10725
0.003, 10724
0.003, 10723
0.003, 10722
0.003, 10721
0.003, 10720
0.003, 10719
0.003, 10718
0.003, 10717
0.003, 10716
0.003, 10715
0.003, 10714
0.003, 10713
0.003, 10712
0.003, 10711
0.003, 10710
0.003, 10709
0.003, 10708
0.003, 10707
0.003, 10706
0.003, 10705
0.003, 10704
0.003, 10703
0.003, 10702
0.003, 10701
0.003, 10700
0.003, 10699
0.003, 10698
0.003, 10697
0.003, 10696
0.003, 10695
0.003, 10694
0.003, 10693
0.003, 10692
0.003, 10691
0.003, 10690
0.003, 10689
0.003, 10688
0.003, 10687
0.003, 10686
0.003, 10685
0.003, 10684
0.003, 10683
0.003, 10682
0.003, 10681
0.003, 10680
0.003, 10679
0.003, 10678
0.003, 10677
0.003, 10676
0.003, 10675
0.003, 10674
0.003, 10673
0.003, 10672
0.003, 10671
0.003, 10670
0.003, 10669
0.003, 10668
0.003, 10667
0.003, 10666
0.003, 10665
0.003, 10664
0.003, 10663
0.003, 10662
0.003, 10661
0.003, 10660
0.003, 10659
0.003, 10658
0.003, 10657
0.003, 10656
0.003, 10655
0.003, 10654
0.003, 10653
0.003, 10652
0.003, 10651
0.003, 10650
0.003, 10649
0.003, 10648
0.003, 10647
0.003, 10646
0.003, 10645
0.003, 10644
0.003, 10643
0.003, 10642
0.003, 10641
0.003, 10640
0.003, 10639
0.003, 10638
0.003, 10637
0.003, 10636
0.003, 10635
0.003, 10634
0.003, 10633
0.003, 10632
0.003, 10631
0.003, 10630
0.003, 10629
0.003, 10628
0.003, 10627
0.003, 10626
0.003, 10625
0.003, 10624
0.003, 10623
0.003, 10622
0.003, 10621
0.003, 10620
0.003, 10619
0.003, 10618
0.003, 10617
0.003, 10616
0.003, 10615
0.003, 10614
0.003, 10613
0.003, 10612
0.003, 10611
0.003, 10610
0.003, 10609
0.003, 10608
0.003, 10607
0.003, 10606
0.003, 10605
0.003, 10604
0.003, 10603
0.003, 10602
0.003, 10601
0.003, 10600
0.003, 10599
0.003, 10598
0.003, 10597
0.003, 10596
0.003, 10595
0.003, 10594
0.003, 10593
0.003, 10592
0.003, 10591
0.003, 10590
0.003, 10589
0.003, 10588
0.004, 10587
0.004, 10586
0.004, 10585
0.004, 10584
0.004, 10583
0.004, 10582
0.004, 10581
0.004, 10580
0.004, 10579
0.004, 10578
0.004, 10577
0.004, 10576
0.004, 10575
0.004, 10574
0.004, 10573
0.004, 10572
0.004, 10571
0.004, 10570
0.004, 10569
0.004, 10568
0.004, 10567
0.004, 10566
0.004, 10565
0.004, 10564
0.004, 10563
0.004, 10562
0.004, 10561
0.004, 10560
0.004, 10559
0.004, 10558
0.004, 10557
0.004, 10556
0.004, 10555
0.004, 10554
0.004, 10553
0.004, 10552
0.004, 10551
0.004, 10550
0.004, 10549
0.004, 10548
0.004, 10547
0.004, 10546
0.004, 10545
0.004, 10544
0.004, 10543
0.004, 10542
0.004, 10541
0.004, 10540
0.004, 10539
0.004, 10538
0.004, 10537
0.004, 10536
0.004, 10535
0.004, 10534
0.004, 10533
0.004, 10532
0.004, 10531
0.004, 10530
0.004, 10529
0.004, 10528
0.004, 10527
0.004, 10526
0.004, 10525
0.004, 10524
0.004, 10523
0.004, 10522
0.004, 10521
0.004, 10520
0.004, 10519
0.004, 10518
0.004, 10517
0.004, 10516
0.004, 10515
0.004, 10514
0.004, 10513
0.004, 10512
0.004, 10511
0.004, 10510
0.004, 10509
0.004, 10508
0.004, 10507
0.004, 10506
0.004, 10505
0.004, 10504
0.004, 10503
0.004, 10502
0.004, 10501
0.004, 10500
0.004, 10499
0.004, 10498
0.004, 10497
0.004, 10496
0.004, 10495
0.004, 10494
0.004, 10493
0.004, 10492
0.004, 10491
0.004, 10490
0.004, 10489
0.004, 10488
0.004, 10487
0.004, 10486
0.004, 10485
0.004, 10484
0.004, 10483
0.004, 10482
0.004, 10481
0.004, 10480
0.004, 10479
0.004, 10478
0.004, 10477
0.004, 10476
0.004, 10475
0.004, 10474
0.004, 10473
0.004, 10472
0.004, 10471
0.004, 10470
0.004, 10469
0.004, 10468
0.004, 10467
0.004, 10466
0.004, 10465
0.004, 10464
0.004, 10463
0.004, 10462
0.004, 10461
0.004, 10460
0.004, 10459
0.004, 10458
0.004, 10457
0.004, 10456
0.004, 10455
0.004, 10454
0.004, 10453
0.004, 10452
0.004, 10451
0.004, 10450
0.004, 10449
0.004, 10448
0.004, 10447
0.004, 10446
0.004, 10445
0.004, 10444
0.004, 10443
0.004, 10442
0.004, 10441
0.004, 10440
0.004, 10439
0.004, 10438
0.004, 10437
0.004, 10436
0.004, 10435
0.004, 10434
0.004, 10433
0.004, 10432
0.004, 10431
0.004, 10430
0.004, 10429
0.004, 10428
0.004, 10427
0.004, 10426
0.004, 10425
0.004, 10424
0.004, 10423
0.004, 10422
0.004, 10421
0.004, 10420
0.004, 10419
0.004, 10418
0.004, 10417
0.004, 10416
0.004, 10415
0.004, 10414
0.004, 10413
0.004, 10412
0.004, 10411
0.004, 10410
0.004, 10409
0.004, 10408
0.004, 10407
0.004, 10406
0.004, 10405
0.004, 10404
0.004, 10403
0.004, 10402
0.004, 10401
0.004, 10400
0.004, 10399
0.004, 10398
0.004, 10397
0.004, 10396
0.004, 10395
0.004, 10394
0.004, 10393
0.004, 10392
0.004, 10391
0.004, 10390
0.004, 10389
0.004, 10388
0.004, 10387
0.004, 10386
0.004, 10385
0.004, 10384
0.004, 10383
0.004, 10382
0.004, 10381
0.004, 10380
0.004, 10379
0.004, 10378
0.004, 10377
0.004, 10376
0.004, 10375
0.004, 10374
0.004, 10373
0.004, 10372
0.004, 10371
0.004, 10370
0.004, 10369
0.004, 10368
0.004, 10367
0.004, 10366
0.004, 10365
0.004, 10364
0.004, 10363
0.004, 10362
0.004, 10361
0.004, 10360
0.004, 10359
0.004, 10358
0.004, 10357
0.004, 10356
0.004, 10355
0.004, 10354
0.004, 10353
0.004, 10352
0.004, 10351
0.004, 10350
0.004, 10349
0.004, 10348
0.004, 10347
0.004, 10346
0.004, 10345
0.004, 10344
0.004, 10343
0.004, 10342
0.004, 10341
0.004, 10340
0.004, 10339
0.004, 10338
0.004, 10337
0.004, 10336
0.004, 10335
0.004, 10334
0.004, 10333
0.004, 10332
0.004, 10331
0.004, 10330
0.004, 10329
0.004, 10328
0.004, 10327
0.004, 10326
0.004, 10325
0.004, 10324
0.004, 10323
0.004, 10322
0.004, 10321
0.004, 10320
0.004, 10319
0.004, 10318
0.004, 10317
0.004, 10316
0.004, 10315
0.004, 10314
0.004, 10313
0.004, 10312
0.004, 10311
0.004, 10310
0.004, 10309
0.004, 10308
0.004, 10307
0.004, 10306
0.004, 10305
0.004, 10304
0.004, 10303
0.004, 10302
0.004, 10301
0.004, 10300
0.004, 10299
0.004, 10298
0.004, 10297
0.004, 10296
0.004, 10295
0.004, 10294
0.004, 10293
0.004, 10292
0.004, 10291
0.004, 10290
0.004, 10289
0.004, 10288
0.004, 10287
0.004, 10286
0.004, 10285
0.004, 10284
0.004, 10283
0.004, 10282
0.004, 10281
0.004, 10280
0.004, 10279
0.004, 10278
0.004, 10277
0.004, 10276
0.004, 10275
0.004, 10274
0.004, 10273
0.004, 10272
0.004, 10271
0.004, 10270
0.004, 10269
0.004, 10268
0.004, 10267
0.004, 10266
0.004, 10265
0.004, 10264
0.004, 10263
0.004, 10262
0.004, 10261
0.004, 10260
0.004, 10259
0.004, 10258
0.004, 10257
0.004, 10256
0.004, 10255
0.004, 10254
0.004, 10253
0.004, 10252
0.004, 10251
0.004, 10250
0.004, 10249
0.004, 10248
0.004, 10247
0.004, 10246
0.004, 10245
0.004, 10244
0.004, 10243
0.004, 10242
0.004, 10241
0.004, 10240
0.004, 10239
0.004, 10238
0.004, 10237
0.004, 10236
0.004, 10235
0.004, 10234
0.004, 10233
0.004, 10232
0.004, 10231
0.004, 10230
0.004, 10229
0.004, 10228
0.004, 10227
0.004, 10226
0.004, 10225
0.004, 10224
0.004, 10223
0.004, 10222
0.004, 10221
0.004, 10220
0.004, 10219
0.004, 10218
0.004, 10217
0.004, 10216
0.004, 10215
0.004, 10214
0.004, 10213
0.004, 10212
0.004, 10211
0.004, 10210
0.004, 10209
0.004, 10208
0.004, 10207
0.004, 10206
0.004, 10205
0.004, 10204
0.004, 10203
0.004, 10202
0.004, 10201
0.004, 10200
0.004, 10199
0.004, 10198
0.004, 10197
0.004, 10196
0.004, 10195
0.004, 10194
0.004, 10193
0.004, 10192
0.004, 10191
0.004, 10190
0.004, 10189
0.004, 10188
0.004, 10187
0.004, 10186
0.004, 10185
0.004, 10184
0.004, 10183
0.004, 10182
0.004, 10181
0.004, 10180
0.004, 10179
0.004, 10178
0.004, 10177
0.004, 10176
0.004, 10175
0.004, 10174
0.004, 10173
0.004, 10172
0.004, 10171
0.004, 10170
0.004, 10169
0.004, 10168
0.004, 10167
0.004, 10166
0.004, 10165
0.004, 10164
0.004, 10163
0.004, 10162
0.004, 10161
0.004, 10160
0.004, 10159
0.004, 10158
0.004, 10157
0.004, 10156
0.004, 10155
0.004, 10154
0.004, 10153
0.004, 10152
0.004, 10151
0.004, 10150
0.004, 10149
0.004, 10148
0.004, 10147
0.004, 10146
0.004, 10145
0.004, 10144
0.004, 10143
0.004, 10142
0.004, 10141
0.004, 10140
0.004, 10139
0.004, 10138
0.004, 10137
0.004, 10136
0.004, 10135
0.004, 10134
0.004, 10133
0.004, 10132
0.004, 10131
0.004, 10130
0.004, 10129
0.004, 10128
0.004, 10127
0.004, 10126
0.004, 10125
0.004, 10124
0.004, 10123
0.004, 10122
0.004, 10121
0.004, 10120
0.004, 10119
0.004, 10118
0.004, 10117
0.004, 10116
0.004, 10115
0.004, 10114
0.004, 10113
0.004, 10112
0.004, 10111
0.004, 10110
0.004, 10109
0.004, 10108
0.004, 10107
0.004, 10106
0.004, 10105
0.004, 10104
0.004, 10103
0.004, 10102
0.004, 10101
0.004, 10100
0.004, 10099
0.004, 10098
0.004, 10097
0.004, 10096
0.004, 10095
0.004, 10094
0.004, 10093
0.004, 10092
0.004, 10091
0.004, 10090
0.004, 10089
0.004, 10088
0.004, 10087
0.004, 10086
0.004, 10085
0.004, 10084
0.004, 10083
0.004, 10082
0.004, 10081
0.004, 10080
0.004, 10079
0.004, 10078
0.004, 10077
0.004, 10076
0.004, 10075
0.004, 10074
0.004, 10073
0.004, 10072
0.004, 10071
0.004, 10070
0.004, 10069
0.004, 10068
0.004, 10067
0.004, 10066
0.004, 10065
0.004, 10064
0.004, 10063
0.004, 10062
0.004, 10061
0.004, 10060
0.004, 10059
0.004, 10058
0.004, 10057
0.004, 10056
0.004, 10055
0.004, 10054
0.004, 10053
0.004, 10052
0.004, 10051
0.004, 10050
0.004, 10049
0.004, 10048
0.004, 10047
0.004, 10046
0.004, 10045
0.004, 10044
0.004, 10043
0.004, 10042
0.004, 10041
0.004, 10040
0.004, 10039
0.004, 10038
0.004, 10037
0.004, 10036
0.004, 10035
0.004, 10034
0.004, 10033
0.004, 10032
0.004, 10031
0.004, 10030
0.004, 10029
0.004, 10028
0.004, 10027
0.004, 10026
0.004, 10025
0.004, 10024
0.004, 10023
0.004, 10022
0.004, 10021
0.004, 10020
0.004, 10019
0.004, 10018
0.004, 10017
0.004, 10016
0.004, 10015
0.004, 10014
0.004, 10013
0.004, 10012
0.004, 10011
0.004, 10010
0.004, 10009
0.004, 10008
0.004, 10007
0.004, 10006
0.004, 10005
0.004, 10004
0.004, 10003
0.004, 10002
0.004, 10001
0.004, 10000
0.004, 9999
0.004, 9998
0.004, 9997
0.004, 9996
0.004, 9995
0.004, 9994
0.004, 9993
0.004, 9992
0.004, 9991
0.004, 9990
0.004, 9989
0.004, 9988
0.004, 9987
0.004, 9986
0.004, 9985
0.004, 9984
0.004, 9983
0.004, 9982
0.004, 9981
0.004, 9980
0.004, 9979
0.004, 9978
0.004, 9977
0.004, 9976
0.004, 9975
0.004, 9974
0.005, 9973
0.005, 9972
0.005, 9971
0.005, 9970
0.005, 9969
0.005, 9968
0.005, 9967
0.005, 9966
0.005, 9965
0.005, 9964
0.005, 9963
0.005, 9962
0.005, 9961
0.005, 9960
0.005, 9959
0.005, 9958
0.005, 9957
0.005, 9956
0.005, 9955
0.005, 9954
0.005, 9953
0.005, 9952
0.005, 9951
0.005, 9950
0.005, 9949
0.005, 9948
0.005, 9947
0.005, 9946
0.005, 9945
0.005, 9944
0.005, 9943
0.005, 9942
0.005, 9941
0.005, 9940
0.005, 9939
0.005, 9938
0.005, 9937
0.005, 9936
0.005, 9935
0.005, 9934
0.005, 9933
0.005, 9932
0.005, 9931
0.005, 9930
0.005, 9929
0.005, 9928
0.005, 9927
0.005, 9926
0.005, 9925
0.005, 9924
0.005, 9923
0.005, 9922
0.005, 9921
0.005, 9920
0.005, 9919
0.005, 9918
0.005, 9917
0.005, 9916
0.005, 9915
0.005, 9914
0.005, 9913
0.005, 9912
0.005, 9911
0.005, 9910
0.005, 9909
0.005, 9908
0.005, 9907
0.005, 9906
0.005, 9905
0.005, 9904
0.005, 9903
0.005, 9902
0.005, 9901
0.005, 9900
0.005, 9899
0.005, 9898
0.005, 9897
0.005, 9896
0.005, 9895
0.005, 9894
0.005, 9893
0.005, 9892
0.005, 9891
0.005, 9890
0.005, 9889
0.005, 9888
0.005, 9887
0.005, 9886
0.005, 9885
0.005, 9884
0.005, 9883
0.005, 9882
0.005, 9881
0.005, 9880
0.005, 9879
0.005, 9878
0.005, 9877
0.005, 9876
0.005, 9875
0.005, 9874
0.005, 9873
0.005, 9872
0.005, 9871
0.005, 9870
0.005, 9869
0.005, 9868
0.005, 9867
0.005, 9866
0.005, 9865
0.005, 9864
0.005, 9863
0.005, 9862
0.005, 9861
0.005, 9860
0.005, 9859
0.005, 9858
0.005, 9857
0.005, 9856
0.005, 9855
0.005, 9854
0.005, 9853
0.005, 9852
0.005, 9851
0.005, 9850
0.005, 9849
0.005, 9848
0.005, 9847
0.005, 9846
0.005, 9845
0.005, 9844
0.005, 9843
0.005, 9842
0.005, 9841
0.005, 9840
0.005, 9839
0.005, 9838
0.005, 9837
0.005, 9836
0.005, 9835
0.005, 9834
0.005, 9833
0.005, 9832
0.005, 9831
0.005, 9830
0.005, 9829
0.005, 9828
0.005, 9827
0.005, 9826
0.005, 9825
0.005, 9824
0.005, 9823
0.005, 9822
0.005, 9821
0.005, 9820
0.005, 9819
0.005, 9818
0.005, 9817
0.005, 9816
0.005, 9815
0.005, 9814
0.005, 9813
0.005, 9812
0.005, 9811
0.005, 9810
0.005, 9809
0.005, 9808
0.005, 9807
0.005, 9806
0.005, 9805
0.005, 9804
0.005, 9803
0.005, 9802
0.005, 9801
0.005, 9800
0.005, 9799
0.005, 9798
0.005, 9797
0.005, 9796
0.005, 9795
0.005, 9794
0.005, 9793
0.005, 9792
0.005, 9791
0.005, 9790
0.005, 9789
0.005, 9788
0.005, 9787
0.005, 9786
0.005, 9785
0.005, 9784
0.005, 9783
0.005, 9782
0.005, 9781
0.005, 9780
0.005, 9779
0.005, 9778
0.005, 9777
0.005, 9776
0.005, 9775
0.005, 9774
0.005, 9773
0.005, 9772
0.005, 9771
0.005, 9770
0.005, 9769
0.005, 9768
0.005, 9767
0.005, 9766
0.005, 9765
0.005, 9764
0.005, 9763
0.005, 9762
0.005, 9761
0.005, 9760
0.005, 9759
0.005, 9758
0.005, 9757
0.005, 9756
0.005, 9755
0.005, 9754
0.005, 9753
0.005, 9752
0.005, 9751
0.005, 9750
0.005, 9749
0.005, 9748
0.005, 9747
0.005, 9746
0.005, 9745
0.005, 9744
0.005, 9743
0.005, 9742
0.005, 9741
0.005, 9740
0.005, 9739
0.005, 9738
0.005, 9737
0.005, 9736
0.005, 9735
0.005, 9734
0.005, 9733
0.005, 9732
0.005, 9731
0.005, 9730
0.005, 9729
0.005, 9728
0.005, 9727
0.005, 9726
0.005, 9725
0.005, 9724
0.005, 9723
0.005, 9722
0.005, 9721
0.005, 9720
0.005, 9719
0.005, 9718
0.005, 9717
0.005, 9716
0.005, 9715
0.005, 9714
0.005, 9713
0.005, 9712
0.005, 9711
0.005, 9710
0.005, 9709
0.005, 9708
0.005, 9707
0.005, 9706
0.005, 9705
0.005, 9704
0.005, 9703
0.005, 9702
0.005, 9701
0.005, 9700
0.005, 9699
0.005, 9698
0.005, 9697
0.005, 9696
0.005, 9695
0.005, 9694
0.005, 9693
0.005, 9692
0.005, 9691
0.005, 9690
0.005, 9689
0.005, 9688
0.005, 9687
0.005, 9686
0.005, 9685
0.005, 9684
0.005, 9683
0.005, 9682
0.005, 9681
0.005, 9680
0.005, 9679
0.005, 9678
0.005, 9677
0.005, 9676
0.005, 9675
0.005, 9674
0.005, 9673
0.005, 9672
0.005, 9671
0.005, 9670
0.005, 9669
0.005, 9668
0.005, 9667
0.005, 9666
0.005, 9665
0.005, 9664
0.005, 9663
0.005, 9662
0.005, 9661
0.005, 9660
0.005, 9659
0.005, 9658
0.005, 9657
0.005, 9656
0.005, 9655
0.005, 9654
0.005, 9653
0.005, 9652
0.005, 9651
0.005, 9650
0.005, 9649
0.005, 9648
0.005, 9647
0.005, 9646
0.005, 9645
0.005, 9644
0.005, 9643
0.005, 9642
0.005, 9641
0.005, 9640
0.005, 9639
0.005, 9638
0.005, 9637
0.005, 9636
0.005, 9635
0.005, 9634
0.005, 9633
0.005, 9632
0.005, 9631
0.005, 9630
0.005, 9629
0.005, 9628
0.005, 9627
0.005, 9626
0.005, 9625
0.005, 9624
0.005, 9623
0.005, 9622
0.005, 9621
0.005, 9620
0.005, 9619
0.005, 9618
0.005, 9617
0.005, 9616
0.005, 9615
0.005, 9614
0.005, 9613
0.005, 9612
0.005, 9611
0.005, 9610
0.005, 9609
0.005, 9608
0.005, 9607
0.005, 9606
0.005, 9605
0.005, 9604
0.005, 9603
0.005, 9602
0.005, 9601
0.005, 9600
0.005, 9599
0.005, 9598
0.005, 9597
0.005, 9596
0.005, 9595
0.005, 9594
0.005, 9593
0.005, 9592
0.005, 9591
0.005, 9590
0.005, 9589
0.005, 9588
0.005, 9587
0.005, 9586
0.005, 9585
0.005, 9584
0.005, 9583
0.005, 9582
0.005, 9581
0.005, 9580
0.005, 9579
0.005, 9578
0.005, 9577
0.005, 9576
0.005, 9575
0.005, 9574
0.005, 9573
0.005, 9572
0.005, 9571
0.005, 9570
0.005, 9569
0.005, 9568
0.005, 9567
0.005, 9566
0.005, 9565
0.005, 9564
0.005, 9563
0.005, 9562
0.005, 9561
0.005, 9560
0.005, 9559
0.005, 9558
0.005, 9557
0.005, 9556
0.005, 9555
0.005, 9554
0.005, 9553
0.005, 9552
0.005, 9551
0.005, 9550
0.005, 9549
0.005, 9548
0.005, 9547
0.005, 9546
0.005, 9545
0.005, 9544
0.005, 9543
0.005, 9542
0.005, 9541
0.005, 9540
0.005, 9539
0.005, 9538
0.005, 9537
0.005, 9536
0.005, 9535
0.005, 9534
0.005, 9533
0.005, 9532
0.005, 9531
0.006, 9530
0.006, 9529
0.006, 9528
0.006, 9527
0.006, 9526
0.006, 9525
0.006, 9524
0.006, 9523
0.006, 9522
0.006, 9521
0.006, 9520
0.006, 9519
0.006, 9518
0.006, 9517
0.006, 9516
0.006, 9515
0.006, 9514
0.006, 9513
0.006, 9512
0.006, 9511
0.006, 9510
0.006, 9509
0.006, 9508
0.006, 9507
0.006, 9506
0.006, 9505
0.006, 9504
0.006, 9503
0.006, 9502
0.006, 9501
0.006, 9500
0.006, 9499
0.006, 9498
0.006, 9497
0.006, 9496
0.006, 9495
0.006, 9494
0.006, 9493
0.006, 9492
0.006, 9491
0.006, 9490
0.006, 9489
0.006, 9488
0.006, 9487
0.006, 9486
0.006, 9485
0.006, 9484
0.006, 9483
0.006, 9482
0.006, 9481
0.006, 9480
0.006, 9479
0.006, 9478
0.006, 9477
0.006, 9476
0.006, 9475
0.006, 9474
0.006, 9473
0.006, 9472
0.006, 9471
0.006, 9470
0.006, 9469
0.006, 9468
0.006, 9467
0.006, 9466
0.006, 9465
0.006, 9464
0.006, 9463
0.006, 9462
0.006, 9461
0.006, 9460
0.006, 9459
0.006, 9458
0.006, 9457
0.006, 9456
0.006, 9455
0.006, 9454
0.006, 9453
0.006, 9452
0.006, 9451
0.006, 9450
0.006, 9449
0.006, 9448
0.006, 9447
0.006, 9446
0.006, 9445
0.006, 9444
0.006, 9443
0.006, 9442
0.006, 9441
0.006, 9440
0.006, 9439
0.006, 9438
0.006, 9437
0.006, 9436
0.006, 9435
0.006, 9434
0.006, 9433
0.006, 9432
0.006, 9431
0.006, 9430
0.006, 9429
0.006, 9428
0.006, 9427
0.006, 9426
0.006, 9425
0.006, 9424
0.006, 9423
0.006, 9422
0.006, 9421
0.006, 9420
0.006, 9419
0.006, 9418
0.006, 9417
0.006, 9416
0.006, 9415
0.006, 9414
0.006, 9413
0.006, 9412
0.006, 9411
0.006, 9410
0.006, 9409
0.006, 9408
0.006, 9407
0.006, 9406
0.006, 9405
0.006, 9404
0.006, 9403
0.006, 9402
0.006, 9401
0.006, 9400
0.006, 9399
0.006, 9398
0.006, 9397
0.006, 9396
0.006, 9395
0.006, 9394
0.006, 9393
0.006, 9392
0.006, 9391
0.006, 9390
0.006, 9389
0.006, 9388
0.006, 9387
0.006, 9386
0.006, 9385
0.006, 9384
0.006, 9383
0.006, 9382
0.006, 9381
0.006, 9380
0.006, 9379
0.006, 9378
0.006, 9377
0.006, 9376
0.006, 9375
0.006, 9374
0.006, 9373
0.006, 9372
0.006, 9371
0.006, 9370
0.006, 9369
0.006, 9368
0.006, 9367
0.006, 9366
0.006, 9365
0.006, 9364
0.006, 9363
0.006, 9362
0.006, 9361
0.006, 9360
0.006, 9359
0.006, 9358
0.006, 9357
0.006, 9356
0.006, 9355
0.006, 9354
0.006, 9353
0.006, 9352
0.006, 9351
0.006, 9350
0.006, 9349
0.006, 9348
0.006, 9347
0.006, 9346
0.006, 9345
0.006, 9344
0.006, 9343
0.006, 9342
0.006, 9341
0.006, 9340
0.006, 9339
0.006, 9338
0.006, 9337
0.006, 9336
0.006, 9335
0.006, 9334
0.006, 9333
0.006, 9332
0.006, 9331
0.006, 9330
0.006, 9329
0.006, 9328
0.006, 9327
0.006, 9326
0.006, 9325
0.006, 9324
0.006, 9323
0.006, 9322
0.006, 9321
0.006, 9320
0.006, 9319
0.006, 9318
0.006, 9317
0.006, 9316
0.006, 9315
0.006, 9314
0.006, 9313
0.006, 9312
0.006, 9311
0.006, 9310
0.006, 9309
0.006, 9308
0.006, 9307
0.006, 9306
0.006, 9305
0.006, 9304
0.006, 9303
0.006, 9302
0.006, 9301
0.006, 9300
0.006, 9299
0.006, 9298
0.006, 9297
0.006, 9296
0.006, 9295
0.006, 9294
0.006, 9293
0.006, 9292
0.006, 9291
0.006, 9290
0.006, 9289
0.006, 9288
0.006, 9287
0.006, 9286
0.006, 9285
0.006, 9284
0.006, 9283
0.006, 9282
0.006, 9281
0.006, 9280
0.006, 9279
0.006, 9278
0.006, 9277
0.006, 9276
0.006, 9275
0.006, 9274
0.006, 9273
0.006, 9272
0.006, 9271
0.006, 9270
0.006, 9269
0.006, 9268
0.006, 9267
0.006, 9266
0.006, 9265
0.006, 9264
0.006, 9263
0.006, 9262
0.006, 9261
0.006, 9260
0.006, 9259
0.006, 9258
0.006, 9257
0.006, 9256
0.006, 9255
0.006, 9254
0.006, 9253
0.006, 9252
0.006, 9251
0.006, 9250
0.006, 9249
0.006, 9248
0.006, 9247
0.006, 9246
0.006, 9245
0.006, 9244
0.006, 9243
0.006, 9242
0.006, 9241
0.006, 9240
0.006, 9239
0.006, 9238
0.006, 9237
0.006, 9236
0.006, 9235
0.006, 9234
0.006, 9233
0.006, 9232
0.006, 9231
0.006, 9230
0.006, 9229
0.006, 9228
0.006, 9227
0.006, 9226
0.006, 9225
0.006, 9224
0.006, 9223
0.006, 9222
0.006, 9221
0.006, 9220
0.006, 9219
0.006, 9218
0.006, 9217
0.006, 9216
0.006, 9215
0.006, 9214
0.006, 9213
0.006, 9212
0.006, 9211
0.006, 9210
0.006, 9209
0.006, 9208
0.006, 9207
0.006, 9206
0.006, 9205
0.006, 9204
0.006, 9203
0.006, 9202
0.006, 9201
0.006, 9200
0.006, 9199
0.006, 9198
0.006, 9197
0.006, 9196
0.006, 9195
0.006, 9194
0.006, 9193
0.006, 9192
0.006, 9191
0.006, 9190
0.006, 9189
0.006, 9188
0.006, 9187
0.006, 9186
0.006, 9185
0.006, 9184
0.006, 9183
0.006, 9182
0.006, 9181
0.006, 9180
0.006, 9179
0.006, 9178
0.006, 9177
0.006, 9176
0.006, 9175
0.006, 9174
0.006, 9173
0.006, 9172
0.006, 9171
0.006, 9170
0.006, 9169
0.006, 9168
0.006, 9167
0.006, 9166
0.006, 9165
0.006, 9164
0.006, 9163
0.006, 9162
0.006, 9161
0.006, 9160
0.006, 9159
0.006, 9158
0.006, 9157
0.006, 9156
0.006, 9155
0.006, 9154
0.006, 9153
0.006, 9152
0.006, 9151
0.006, 9150
0.006, 9149
0.006, 9148
0.006, 9147
0.006, 9146
0.006, 9145
0.006, 9144
0.006, 9143
0.006, 9142
0.006, 9141
0.006, 9140
0.006, 9139
0.006, 9138
0.006, 9137
0.006, 9136
0.006, 9135
0.006, 9134
0.006, 9133
0.006, 9132
0.006, 9131
0.006, 9130
0.006, 9129
0.006, 9128
0.006, 9127
0.006, 9126
0.006, 9125
0.006, 9124
0.006, 9123
0.006, 9122
0.006, 9121
0.006, 9120
0.006, 9119
0.006, 9118
0.006, 9117
0.006, 9116
0.006, 9115
0.006, 9114
0.006, 9113
0.006, 9112
0.006, 9111
0.006, 9110
0.006, 9109
0.006, 9108
0.006, 9107
0.006, 9106
0.006, 9105
0.006, 9104
0.006, 9103
0.006, 9102
0.006, 9101
0.006, 9100
0.006, 9099
0.006, 9098
0.006, 9097
0.006, 9096
0.006, 9095
0.006, 9094
0.006, 9093
0.006, 9092
0.006, 9091
0.006, 9090
0.006, 9089
0.006, 9088
0.006, 9087
0.006, 9086
0.006, 9085
0.006, 9084
0.006, 9083
0.006, 9082
0.006, 9081
0.006, 9080
0.006, 9079
0.006, 9078
0.006, 9077
0.006, 9076
0.006, 9075
0.006, 9074
0.006, 9073
0.006, 9072
0.006, 9071
0.006, 9070
0.006, 9069
0.006, 9068
0.006, 9067
0.006, 9066
0.006, 9065
0.006, 9064
0.006, 9063
0.006, 9062
0.006, 9061
0.006, 9060
0.006, 9059
0.007, 9058
0.007, 9057
0.007, 9056
0.007, 9055
0.007, 9054
0.007, 9053
0.007, 9052
0.007, 9051
0.007, 9050
0.007, 9049
0.007, 9048
0.007, 9047
0.007, 9046
0.007, 9045
0.007, 9044
0.007, 9043
0.007, 9042
0.007, 9041
0.007, 9040
0.007, 9039
0.007, 9038
0.007, 9037
0.007, 9036
0.007, 9035
0.007, 9034
0.007, 9033
0.007, 9032
0.007, 9031
0.007, 9030
0.007, 9029
0.007, 9028
0.007, 9027
0.007, 9026
0.007, 9025
0.007, 9024
0.007, 9023
0.007, 9022
0.007, 9021
0.007, 9020
0.007, 9019
0.007, 9018
0.007, 9017
0.007, 9016
0.007, 9015
0.007, 9014
0.007, 9013
0.007, 9012
0.007, 9011
0.007, 9010
0.007, 9009
0.007, 9008
0.007, 9007
0.007, 9006
0.007, 9005
0.007, 9004
0.007, 9003
0.007, 9002
0.007, 9001
0.007, 9000
0.007, 8999
0.007, 8998
0.007, 8997
0.007, 8996
0.007, 8995
0.007, 8994
0.007, 8993
0.007, 8992
0.007, 8991
0.007, 8990
0.007, 8989
0.007, 8988
0.007, 8987
0.007, 8986
0.007, 8985
0.007, 8984
0.007, 8983
0.007, 8982
0.007, 8981
0.007, 8980
0.007, 8979
0.007, 8978
0.007, 8977
0.007, 8976
0.007, 8975
0.007, 8974
0.007, 8973
0.007, 8972
0.007, 8971
0.007, 8970
0.007, 8969
0.007, 8968
0.007, 8967
0.007, 8966
0.007, 8965
0.007, 8964
0.007, 8963
0.007, 8962
0.007, 8961
0.007, 8960
0.007, 8959
0.007, 8958
0.007, 8957
0.007, 8956
0.007, 8955
0.007, 8954
0.007, 8953
0.007, 8952
0.007, 8951
0.007, 8950
0.007, 8949
0.007, 8948
0.007, 8947
0.007, 8946
0.007, 8945
0.007, 8944
0.007, 8943
0.007, 8942
0.007, 8941
0.007, 8940
0.007, 8939
0.007, 8938
0.007, 8937
0.007, 8936
0.007, 8935
0.007, 8934
0.007, 8933
0.007, 8932
0.007, 8931
0.007, 8930
0.007, 8929
0.007, 8928
0.007, 8927
0.007, 8926
0.007, 8925
0.007, 8924
0.007, 8923
0.007, 8922
0.007, 8921
0.007, 8920
0.007, 8919
0.007, 8918
0.007, 8917
0.007, 8916
0.007, 8915
0.007, 8914
0.007, 8913
0.007, 8912
0.007, 8911
0.007, 8910
0.007, 8909
0.007, 8908
0.007, 8907
0.007, 8906
0.007, 8905
0.007, 8904
0.007, 8903
0.007, 8902
0.007, 8901
0.007, 8900
0.007, 8899
0.007, 8898
0.007, 8897
0.007, 8896
0.007, 8895
0.007, 8894
0.007, 8893
0.007, 8892
0.007, 8891
0.007, 8890
0.007, 8889
0.007, 8888
0.007, 8887
0.007, 8886
0.007, 8885
0.007, 8884
0.007, 8883
0.007, 8882
0.007, 8881
0.007, 8880
0.007, 8879
0.007, 8878
0.007, 8877
0.007, 8876
0.007, 8875
0.007, 8874
0.007, 8873
0.007, 8872
0.007, 8871
0.007, 8870
0.007, 8869
0.007, 8868
0.007, 8867
0.007, 8866
0.007, 8865
0.007, 8864
0.007, 8863
0.007, 8862
0.007, 8861
0.007, 8860
0.007, 8859
0.007, 8858
0.007, 8857
0.007, 8856
0.007, 8855
0.007, 8854
0.007, 8853
0.007, 8852
0.007, 8851
0.007, 8850
0.007, 8849
0.007, 8848
0.007, 8847
0.007, 8846
0.007, 8845
0.007, 8844
0.007, 8843
0.007, 8842
0.007, 8841
0.007, 8840
0.007, 8839
0.007, 8838
0.007, 8837
0.007, 8836
0.007, 8835
0.007, 8834
0.007, 8833
0.007, 8832
0.007, 8831
0.007, 8830
0.007, 8829
0.007, 8828
0.007, 8827
0.007, 8826
0.007, 8825
0.007, 8824
0.007, 8823
0.007, 8822
0.007, 8821
0.007, 8820
0.007, 8819
0.007, 8818
0.007, 8817
0.007, 8816
0.007, 8815
0.007, 8814
0.007, 8813
0.007, 8812
0.007, 8811
0.007, 8810
0.007, 8809
0.007, 8808
0.007, 8807
0.007, 8806
0.007, 8805
0.007, 8804
0.007, 8803
0.007, 8802
0.007, 8801
0.007, 8800
0.007, 8799
0.007, 8798
0.007, 8797
0.007, 8796
0.007, 8795
0.007, 8794
0.007, 8793
0.007, 8792
0.007, 8791
0.007, 8790
0.007, 8789
0.007, 8788
0.007, 8787
0.007, 8786
0.007, 8785
0.007, 8784
0.007, 8783
0.007, 8782
0.007, 8781
0.007, 8780
0.007, 8779
0.007, 8778
0.007, 8777
0.007, 8776
0.007, 8775
0.007, 8774
0.007, 8773
0.007, 8772
0.007, 8771
0.007, 8770
0.007, 8769
0.007, 8768
0.007, 8767
0.007, 8766
0.007, 8765
0.007, 8764
0.007, 8763
0.007, 8762
0.007, 8761
0.007, 8760
0.007, 8759
0.007, 8758
0.007, 8757
0.007, 8756
0.007, 8755
0.007, 8754
0.007, 8753
0.007, 8752
0.007, 8751
0.007, 8750
0.007, 8749
0.007, 8748
0.007, 8747
0.007, 8746
0.007, 8745
0.007, 8744
0.007, 8743
0.007, 8742
0.007, 8741
0.007, 8740
0.007, 8739
0.007, 8738
0.007, 8737
0.007, 8736
0.007, 8735
0.007, 8734
0.007, 8733
0.007, 8732
0.007, 8731
0.007, 8730
0.007, 8729
0.007, 8728
0.007, 8727
0.007, 8726
0.007, 8725
0.007, 8724
0.007, 8723
0.007, 8722
0.007, 8721
0.007, 8720
0.007, 8719
0.007, 8718
0.007, 8717
0.007, 8716
0.007, 8715
0.007, 8714
0.007, 8713
0.007, 8712
0.007, 8711
0.007, 8710
0.007, 8709
0.007, 8708
0.007, 8707
0.007, 8706
0.007, 8705
0.007, 8704
0.007, 8703
0.007, 8702
0.007, 8701
0.007, 8700
0.007, 8699
0.007, 8698
0.007, 8697
0.007, 8696
0.007, 8695
0.007, 8694
0.007, 8693
0.007, 8692
0.007, 8691
0.007, 8690
0.007, 8689
0.007, 8688
0.007, 8687
0.007, 8686
0.007, 8685
0.007, 8684
0.007, 8683
0.007, 8682
0.007, 8681
0.007, 8680
0.007, 8679
0.007, 8678
0.007, 8677
0.007, 8676
0.007, 8675
0.007, 8674
0.007, 8673
0.007, 8672
0.007, 8671
0.007, 8670
0.007, 8669
0.007, 8668
0.007, 8667
0.007, 8666
0.007, 8665
0.007, 8664
0.007, 8663
0.007, 8662
0.007, 8661
0.007, 8660
0.008, 8659
0.008, 8658
0.008, 8657
0.008, 8656
0.008, 8655
0.008, 8654
0.008, 8653
0.008, 8652
0.008, 8651
0.008, 8650
0.008, 8649
0.008, 8648
0.008, 8647
0.008, 8646
0.008, 8645
0.008, 8644
0.008, 8643
0.008, 8642
0.008, 8641
0.008, 8640
0.008, 8639
0.008, 8638
0.008, 8637
0.008, 8636
0.008, 8635
0.008, 8634
0.008, 8633
0.008, 8632
0.008, 8631
0.008, 8630
0.008, 8629
0.008, 8628
0.008, 8627
0.008, 8626
0.008, 8625
0.008, 8624
0.008, 8623
0.008, 8622
0.008, 8621
0.008, 8620
0.008, 8619
0.008, 8618
0.008, 8617
0.008, 8616
0.008, 8615
0.008, 8614
0.008, 8613
0.008, 8612
0.008, 8611
0.008, 8610
0.008, 8609
0.008, 8608
0.008, 8607
0.008, 8606
0.008, 8605
0.008, 8604
0.008, 8603
0.008, 8602
0.008, 8601
0.008, 8600
0.008, 8599
0.008, 8598
0.008, 8597
0.008, 8596
0.008, 8595
0.008, 8594
0.008, 8593
0.008, 8592
0.008, 8591
0.008, 8590
0.008, 8589
0.008, 8588
0.008, 8587
0.008, 8586
0.008, 8585
0.008, 8584
0.008, 8583
0.008, 8582
0.008, 8581
0.008, 8580
0.008, 8579
0.008, 8578
0.008, 8577
0.008, 8576
0.008, 8575
0.008, 8574
0.008, 8573
0.008, 8572
0.008, 8571
0.008, 8570
0.008, 8569
0.008, 8568
0.008, 8567
0.008, 8566
0.008, 8565
0.008, 8564
0.008, 8563
0.008, 8562
0.008, 8561
0.008, 8560
0.008, 8559
0.008, 8558
0.008, 8557
0.008, 8556
0.008, 8555
0.008, 8554
0.008, 8553
0.008, 8552
0.008, 8551
0.008, 8550
0.008, 8549
0.008, 8548
0.008, 8547
0.008, 8546
0.008, 8545
0.008, 8544
0.008, 8543
0.008, 8542
0.008, 8541
0.008, 8540
0.008, 8539
0.008, 8538
0.008, 8537
0.008, 8536
0.008, 8535
0.008, 8534
0.008, 8533
0.008, 8532
0.008, 8531
0.008, 8530
0.008, 8529
0.008, 8528
0.008, 8527
0.008, 8526
0.008, 8525
0.008, 8524
0.008, 8523
0.008, 8522
0.008, 8521
0.008, 8520
0.008, 8519
0.008, 8518
0.008, 8517
0.008, 8516
0.008, 8515
0.008, 8514
0.008, 8513
0.008, 8512
0.008, 8511
0.008, 8510
0.008, 8509
0.008, 8508
0.008, 8507
0.008, 8506
0.008, 8505
0.008, 8504
0.008, 8503
0.008, 8502
0.008, 8501
0.008, 8500
0.008, 8499
0.008, 8498
0.008, 8497
0.008, 8496
0.008, 8495
0.008, 8494
0.008, 8493
0.008, 8492
0.008, 8491
0.008, 8490
0.008, 8489
0.008, 8488
0.008, 8487
0.008, 8486
0.008, 8485
0.008, 8484
0.008, 8483
0.008, 8482
0.008, 8481
0.008, 8480
0.008, 8479
0.008, 8478
0.008, 8477
0.008, 8476
0.008, 8475
0.008, 8474
0.008, 8473
0.008, 8472
0.008, 8471
0.008, 8470
0.008, 8469
0.008, 8468
0.008, 8467
0.008, 8466
0.008, 8465
0.008, 8464
0.008, 8463
0.008, 8462
0.008, 8461
0.008, 8460
0.008, 8459
0.008, 8458
0.008, 8457
0.008, 8456
0.008, 8455
0.008, 8454
0.008, 8453
0.008, 8452
0.008, 8451
0.008, 8450
0.008, 8449
0.008, 8448
0.008, 8447
0.008, 8446
0.008, 8445
0.008, 8444
0.008, 8443
0.008, 8442
0.008, 8441
0.008, 8440
0.008, 8439
0.008, 8438
0.008, 8437
0.008, 8436
0.008, 8435
0.008, 8434
0.008, 8433
0.008, 8432
0.008, 8431
0.008, 8430
0.008, 8429
0.008, 8428
0.008, 8427
0.008, 8426
0.008, 8425
0.008, 8424
0.008, 8423
0.008, 8422
0.008, 8421
0.008, 8420
0.008, 8419
0.008, 8418
0.008, 8417
0.008, 8416
0.008, 8415
0.008, 8414
0.008, 8413
0.008, 8412
0.008, 8411
0.008, 8410
0.008, 8409
0.008, 8408
0.008, 8407
0.008, 8406
0.008, 8405
0.008, 8404
0.008, 8403
0.008, 8402
0.008, 8401
0.008, 8400
0.008, 8399
0.008, 8398
0.008, 8397
0.008, 8396
0.008, 8395
0.008, 8394
0.008, 8393
0.008, 8392
0.008, 8391
0.008, 8390
0.008, 8389
0.008, 8388
0.008, 8387
0.008, 8386
0.008, 8385
0.008, 8384
0.008, 8383
0.008, 8382
0.008, 8381
0.008, 8380
0.008, 8379
0.008, 8378
0.008, 8377
0.008, 8376
0.008, 8375
0.008, 8374
0.008, 8373
0.008, 8372
0.008, 8371
0.008, 8370
0.008, 8369
0.008, 8368
0.008, 8367
0.008, 8366
0.008, 8365
0.008, 8364
0.008, 8363
0.008, 8362
0.008, 8361
0.008, 8360
0.008, 8359
0.008, 8358
0.008, 8357
0.008, 8356
0.008, 8355
0.008, 8354
0.008, 8353
0.008, 8352
0.008, 8351
0.008, 8350
0.008, 8349
0.008, 8348
0.008, 8347
0.008, 8346
0.008, 8345
0.008, 8344
0.008, 8343
0.008, 8342
0.009, 8341
0.009, 8340
0.009, 8339
0.009, 8338
0.009, 8337
0.009, 8336
0.009, 8335
0.009, 8334
0.009, 8333
0.009, 8332
0.009, 8331
0.009, 8330
0.009, 8329
0.009, 8328
0.009, 8327
0.009, 8326
0.009, 8325
0.009, 8324
0.009, 8323
0.009, 8322
0.009, 8321
0.009, 8320
0.009, 8319
0.009, 8318
0.009, 8317
0.009, 8316
0.009, 8315
0.009, 8314
0.009, 8313
0.009, 8312
0.009, 8311
0.009, 8310
0.009, 8309
0.009, 8308
0.009, 8307
0.009, 8306
0.009, 8305
0.009, 8304
0.009, 8303
0.009, 8302
0.009, 8301
0.009, 8300
0.009, 8299
0.009, 8298
0.009, 8297
0.009, 8296
0.009, 8295
0.009, 8294
0.009, 8293
0.009, 8292
0.009, 8291
0.009, 8290
0.009, 8289
0.009, 8288
0.009, 8287
0.009, 8286
0.009, 8285
0.009, 8284
0.009, 8283
0.009, 8282
0.009, 8281
0.009, 8280
0.009, 8279
0.009, 8278
0.009, 8277
0.009, 8276
0.009, 8275
0.009, 8274
0.009, 8273
0.009, 8272
0.009, 8271
0.009, 8270
0.009, 8269
0.009, 8268
0.009, 8267
0.009, 8266
0.009, 8265
0.009, 8264
0.009, 8263
0.009, 8262
0.009, 8261
0.009, 8260
0.009, 8259
0.009, 8258
0.009, 8257
0.009, 8256
0.009, 8255
0.009, 8254
0.009, 8253
0.009, 8252
0.009, 8251
0.009, 8250
0.009, 8249
0.009, 8248
0.009, 8247
0.009, 8246
0.009, 8245
0.009, 8244
0.009, 8243
0.009, 8242
0.009, 8241
0.009, 8240
0.009, 8239
0.009, 8238
0.009, 8237
0.009, 8236
0.009, 8235
0.009, 8234
0.009, 8233
0.009, 8232
0.009, 8231
0.009, 8230
0.009, 8229
0.009, 8228
0.009, 8227
0.009, 8226
0.009, 8225
0.009, 8224
0.009, 8223
0.009, 8222
0.009, 8221
0.009, 8220
0.009, 8219
0.009, 8218
0.009, 8217
0.009, 8216
0.009, 8215
0.009, 8214
0.009, 8213
0.009, 8212
0.009, 8211
0.009, 8210
0.009, 8209
0.009, 8208
0.009, 8207
0.009, 8206
0.009, 8205
0.009, 8204
0.009, 8203
0.009, 8202
0.009, 8201
0.009, 8200
0.009, 8199
0.009, 8198
0.009, 8197
0.009, 8196
0.009, 8195
0.009, 8194
0.009, 8193
0.009, 8192
0.009, 8191
0.009, 8190
0.009, 8189
0.009, 8188
0.009, 8187
0.009, 8186
0.009, 8185
0.009, 8184
0.009, 8183
0.009, 8182
0.009, 8181
0.009, 8180
0.009, 8179
0.009, 8178
0.009, 8177
0.009, 8176
0.009, 8175
0.009, 8174
0.009, 8173
0.009, 8172
0.009, 8171
0.009, 8170
0.009, 8169
0.009, 8168
0.009, 8167
0.009, 8166
0.009, 8165
0.009, 8164
0.009, 8163
0.009, 8162
0.009, 8161
0.009, 8160
0.009, 8159
0.009, 8158
0.009, 8157
0.009, 8156
0.009, 8155
0.009, 8154
0.009, 8153
0.009, 8152
0.009, 8151
0.009, 8150
0.009, 8149
0.009, 8148
0.009, 8147
0.009, 8146
0.009, 8145
0.009, 8144
0.009, 8143
0.009, 8142
0.009, 8141
0.009, 8140
0.009, 8139
0.009, 8138
0.009, 8137
0.009, 8136
0.009, 8135
0.009, 8134
0.009, 8133
0.009, 8132
0.009, 8131
0.009, 8130
0.009, 8129
0.009, 8128
0.009, 8127
0.009, 8126
0.009, 8125
0.009, 8124
0.009, 8123
0.009, 8122
0.009, 8121
0.009, 8120
0.009, 8119
0.009, 8118
0.009, 8117
0.009, 8116
0.009, 8115
0.009, 8114
0.009, 8113
0.009, 8112
0.009, 8111
0.009, 8110
0.009, 8109
0.009, 8108
0.010, 8107
0.010, 8106
0.010, 8105
0.010, 8104
0.010, 8103
0.010, 8102
0.010, 8101
0.010, 8100
0.010, 8099
0.010, 8098
0.010, 8097
0.010, 8096
0.010, 8095
0.010, 8094
0.010, 8093
0.010, 8092
0.010, 8091
0.010, 8090
0.010, 8089
0.010, 8088
0.010, 8087
0.010, 8086
0.010, 8085
0.010, 8084
0.010, 8083
0.010, 8082
0.010, 8081
0.010, 8080
0.010, 8079
0.010, 8078
0.010, 8077
0.010, 8076
0.010, 8075
0.010, 8074
0.010, 8073
0.010, 8072
0.010, 8071
0.010, 8070
0.010, 8069
0.010, 8068
0.010, 8067
0.010, 8066
0.010, 8065
0.010, 8064
0.010, 8063
0.010, 8062
0.010, 8061
0.010, 8060
0.010, 8059
0.010, 8058
0.010, 8057
0.010, 8056
0.010, 8055
0.010, 8054
0.010, 8053
0.010, 8052
0.010, 8051
0.010, 8050
0.010, 8049
0.010, 8048
0.010, 8047
0.010, 8046
0.010, 8045
0.010, 8044
0.010, 8043
0.010, 8042
0.010, 8041
0.010, 8040
0.010, 8039
0.010, 8038
0.010, 8037
0.010, 8036
0.010, 8035
0.010, 8034
0.010, 8033
0.010, 8032
0.010, 8031
0.010, 8030
0.010, 8029
0.010, 8028
0.010, 8027
0.010, 8026
0.010, 8025
0.010, 8024
0.010, 8023
0.010, 8022
0.010, 8021
0.010, 8020
0.010, 8019
0.010, 8018
0.010, 8017
0.010, 8016
0.010, 8015
0.010, 8014
0.010, 8013
0.010, 8012
0.010, 8011
0.010, 8010
0.010, 8009
0.010, 8008
0.010, 8007
0.010, 8006
0.010, 8005
0.010, 8004
0.010, 8003
0.010, 8002
0.010, 8001
0.010, 8000
0.010, 7999
0.010, 7998
0.010, 7997
0.010, 7996
0.010, 7995
0.010, 7994
0.010, 7993
0.010, 7992
0.010, 7991
0.010, 7990
0.010, 7989
0.010, 7988
0.010, 7987
0.010, 7986
0.010, 7985
0.010, 7984
0.010, 7983
0.010, 7982
0.010, 7981
0.010, 7980
0.010, 7979
0.010, 7978
0.010, 7977
0.010, 7976
0.010, 7975
0.010, 7974
0.010, 7973
0.010, 7972
0.010, 7971
0.010, 7970
0.010, 7969
0.010, 7968
0.010, 7967
0.010, 7966
0.010, 7965
0.010, 7964
0.010, 7963
0.010, 7962
0.010, 7961
0.010, 7960
0.010, 7959
0.010, 7958
0.010, 7957
0.010, 7956
0.010, 7955
0.010, 7954
0.010, 7953
0.010, 7952
0.010, 7951
0.010, 7950
0.010, 7949
0.010, 7948
0.010, 7947
0.010, 7946
0.010, 7945
0.010, 7944
0.010, 7943
0.010, 7942
0.010, 7941
0.010, 7940
0.010, 7939
0.010, 7938
0.010, 7937
0.010, 7936
0.010, 7935
0.010, 7934
0.010, 7933
0.010, 7932
0.010, 7931
0.010, 7930
0.010, 7929
0.010, 7928
0.010, 7927
0.010, 7926
0.010, 7925
0.010, 7924
0.010, 7923
0.010, 7922
0.010, 7921
0.010, 7920
0.010, 7919
0.010, 7918
0.010, 7917
0.010, 7916
0.010, 7915
0.010, 7914
0.010, 7913
0.010, 7912
0.010, 7911
0.010, 7910
0.010, 7909
0.010, 7908
0.010, 7907
0.010, 7906
0.010, 7905
0.010, 7904
0.010, 7903
0.010, 7902
0.010, 7901
0.010, 7900
0.010, 7899
0.010, 7898
0.010, 7897
0.010, 7896
0.010, 7895
0.010, 7894
0.010, 7893
0.010, 7892
0.010, 7891
0.010, 7890
0.010, 7889
0.010, 7888
0.010, 7887
0.010, 7886
0.010, 7885
0.010, 7884
0.010, 7883
0.010, 7882
0.010, 7881
0.010, 7880
0.010, 7879
0.010, 7878
0.010, 7877
0.010, 7876
0.010, 7875
0.010, 7874
0.010, 7873
0.010, 7872
0.010, 7871
0.010, 7870
0.010, 7869
0.010, 7868
0.010, 7867
0.010, 7866
0.010, 7865
0.010, 7864
0.010, 7863
0.010, 7862
0.010, 7861
0.010, 7860
0.010, 7859
0.010, 7858
0.010, 7857
0.010, 7856
0.010, 7855
0.010, 7854
0.010, 7853
0.010, 7852
0.010, 7851
0.010, 7850
0.010, 7849
0.010, 7848
0.010, 7847
0.010, 7846
0.011, 7845
0.011, 7844
0.011, 7843
0.011, 7842
0.011, 7841
0.011, 7840
0.011, 7839
0.011, 7838
0.011, 7837
0.011, 7836
0.011, 7835
0.011, 7834
0.011, 7833
0.011, 7832
0.011, 7831
0.011, 7830
0.011, 7829
0.011, 7828
0.011, 7827
0.011, 7826
0.011, 7825
0.011, 7824
0.011, 7823
0.011, 7822
0.011, 7821
0.011, 7820
0.011, 7819
0.011, 7818
0.011, 7817
0.011, 7816
0.011, 7815
0.011, 7814
0.011, 7813
0.011, 7812
0.011, 7811
0.011, 7810
0.011, 7809
0.011, 7808
0.011, 7807
0.011, 7806
0.011, 7805
0.011, 7804
0.011, 7803
0.011, 7802
0.011, 7801
0.011, 7800
0.011, 7799
0.011, 7798
0.011, 7797
0.011, 7796
0.011, 7795
0.011, 7794
0.011, 7793
0.011, 7792
0.011, 7791
0.011, 7790
0.011, 7789
0.011, 7788
0.011, 7787
0.011, 7786
0.011, 7785
0.011, 7784
0.011, 7783
0.011, 7782
0.011, 7781
0.011, 7780
0.011, 7779
0.011, 7778
0.011, 7777
0.011, 7776
0.011, 7775
0.011, 7774
0.011, 7773
0.011, 7772
0.011, 7771
0.011, 7770
0.011, 7769
0.011, 7768
0.011, 7767
0.011, 7766
0.011, 7765
0.011, 7764
0.011, 7763
0.011, 7762
0.011, 7761
0.011, 7760
0.011, 7759
0.011, 7758
0.011, 7757
0.011, 7756
0.011, 7755
0.011, 7754
0.011, 7753
0.011, 7752
0.011, 7751
0.011, 7750
0.011, 7749
0.011, 7748
0.011, 7747
0.011, 7746
0.011, 7745
0.011, 7744
0.011, 7743
0.011, 7742
0.011, 7741
0.011, 7740
0.011, 7739
0.011, 7738
0.011, 7737
0.011, 7736
0.011, 7735
0.011, 7734
0.011, 7733
0.011, 7732
0.011, 7731
0.011, 7730
0.011, 7729
0.011, 7728
0.011, 7727
0.011, 7726
0.011, 7725
0.011, 7724
0.011, 7723
0.011, 7722
0.011, 7721
0.011, 7720
0.011, 7719
0.011, 7718
0.011, 7717
0.011, 7716
0.011, 7715
0.011, 7714
0.011, 7713
0.011, 7712
0.011, 7711
0.011, 7710
0.011, 7709
0.011, 7708
0.011, 7707
0.011, 7706
0.011, 7705
0.011, 7704
0.011, 7703
0.011, 7702
0.011, 7701
0.011, 7700
0.011, 7699
0.011, 7698
0.011, 7697
0.011, 7696
0.011, 7695
0.011, 7694
0.011, 7693
0.011, 7692
0.011, 7691
0.011, 7690
0.011, 7689
0.011, 7688
0.011, 7687
0.011, 7686
0.011, 7685
0.011, 7684
0.011, 7683
0.011, 7682
0.011, 7681
0.011, 7680
0.011, 7679
0.011, 7678
0.011, 7677
0.011, 7676
0.011, 7675
0.011, 7674
0.011, 7673
0.011, 7672
0.011, 7671
0.011, 7670
0.011, 7669
0.011, 7668
0.011, 7667
0.011, 7666
0.011, 7665
0.011, 7664
0.011, 7663
0.011, 7662
0.011, 7661
0.011, 7660
0.011, 7659
0.011, 7658
0.011, 7657
0.011, 7656
0.011, 7655
0.011, 7654
0.011, 7653
0.011, 7652
0.011, 7651
0.011, 7650
0.011, 7649
0.011, 7648
0.011, 7647
0.011, 7646
0.011, 7645
0.011, 7644
0.011, 7643
0.011, 7642
0.011, 7641
0.011, 7640
0.011, 7639
0.011, 7638
0.011, 7637
0.011, 7636
0.011, 7635
0.011, 7634
0.011, 7633
0.011, 7632
0.011, 7631
0.011, 7630
0.011, 7629
0.011, 7628
0.011, 7627
0.011, 7626
0.011, 7625
0.011, 7624
0.011, 7623
0.011, 7622
0.011, 7621
0.011, 7620
0.011, 7619
0.011, 7618
0.011, 7617
0.011, 7616
0.011, 7615
0.011, 7614
0.011, 7613
0.011, 7612
0.011, 7611
0.011, 7610
0.011, 7609
0.011, 7608
0.011, 7607
0.011, 7606
0.011, 7605
0.012, 7604
0.012, 7603
0.012, 7602
0.012, 7601
0.012, 7600
0.012, 7599
0.012, 7598
0.012, 7597
0.012, 7596
0.012, 7595
0.012, 7594
0.012, 7593
0.012, 7592
0.012, 7591
0.012, 7590
0.012, 7589
0.012, 7588
0.012, 7587
0.012, 7586
0.012, 7585
0.012, 7584
0.012, 7583
0.012, 7582
0.012, 7581
0.012, 7580
0.012, 7579
0.012, 7578
0.012, 7577
0.012, 7576
0.012, 7575
0.012, 7574
0.012, 7573
0.012, 7572
0.012, 7571
0.012, 7570
0.012, 7569
0.012, 7568
0.012, 7567
0.012, 7566
0.012, 7565
0.012, 7564
0.012, 7563
0.012, 7562
0.012, 7561
0.012, 7560
0.012, 7559
0.012, 7558
0.012, 7557
0.012, 7556
0.012, 7555
0.012, 7554
0.012, 7553
0.012, 7552
0.012, 7551
0.012, 7550
0.012, 7549
0.012, 7548
0.012, 7547
0.012, 7546
0.012, 7545
0.012, 7544
0.012, 7543
0.012, 7542
0.012, 7541
0.012, 7540
0.012, 7539
0.012, 7538
0.012, 7537
0.012, 7536
0.012, 7535
0.012, 7534
0.012, 7533
0.012, 7532
0.012, 7531
0.012, 7530
0.012, 7529
0.012, 7528
0.012, 7527
0.012, 7526
0.012, 7525
0.012, 7524
0.012, 7523
0.012, 7522
0.012, 7521
0.012, 7520
0.012, 7519
0.012, 7518
0.012, 7517
0.012, 7516
0.012, 7515
0.012, 7514
0.012, 7513
0.012, 7512
0.012, 7511
0.012, 7510
0.012, 7509
0.012, 7508
0.012, 7507
0.012, 7506
0.012, 7505
0.012, 7504
0.012, 7503
0.012, 7502
0.012, 7501
0.012, 7500
0.012, 7499
0.012, 7498
0.012, 7497
0.012, 7496
0.012, 7495
0.012, 7494
0.012, 7493
0.012, 7492
0.012, 7491
0.012, 7490
0.012, 7489
0.012, 7488
0.012, 7487
0.012, 7486
0.012, 7485
0.012, 7484
0.012, 7483
0.012, 7482
0.012, 7481
0.012, 7480
0.012, 7479
0.012, 7478
0.012, 7477
0.012, 7476
0.012, 7475
0.012, 7474
0.012, 7473
0.012, 7472
0.012, 7471
0.012, 7470
0.012, 7469
0.012, 7468
0.012, 7467
0.012, 7466
0.012, 7465
0.012, 7464
0.012, 7463
0.012, 7462
0.012, 7461
0.012, 7460
0.012, 7459
0.012, 7458
0.012, 7457
0.012, 7456
0.012, 7455
0.012, 7454
0.012, 7453
0.012, 7452
0.012, 7451
0.012, 7450
0.012, 7449
0.012, 7448
0.012, 7447
0.012, 7446
0.012, 7445
0.012, 7444
0.012, 7443
0.012, 7442
0.012, 7441
0.012, 7440
0.012, 7439
0.012, 7438
0.012, 7437
0.012, 7436
0.012, 7435
0.012, 7434
0.012, 7433
0.012, 7432
0.012, 7431
0.012, 7430
0.012, 7429
0.012, 7428
0.012, 7427
0.012, 7426
0.012, 7425
0.012, 7424
0.012, 7423
0.012, 7422
0.012, 7421
0.012, 7420
0.012, 7419
0.012, 7418
0.012, 7417
0.012, 7416
0.012, 7415
0.012, 7414
0.012, 7413
0.012, 7412
0.012, 7411
0.012, 7410
0.012, 7409
0.012, 7408
0.012, 7407
0.012, 7406
0.012, 7405
0.012, 7404
0.012, 7403
0.012, 7402
0.012, 7401
0.012, 7400
0.012, 7399
0.012, 7398
0.012, 7397
0.012, 7396
0.012, 7395
0.012, 7394
0.012, 7393
0.012, 7392
0.012, 7391
0.012, 7390
0.012, 7389
0.012, 7388
0.012, 7387
0.012, 7386
0.012, 7385
0.012, 7384
0.012, 7383
0.012, 7382
0.012, 7381
0.012, 7380
0.012, 7379
0.012, 7378
0.012, 7377
0.012, 7376
0.012, 7375
0.012, 7374
0.012, 7373
0.012, 7372
0.013, 7371
0.013, 7370
0.013, 7369
0.013, 7368
0.013, 7367
0.013, 7366
0.013, 7365
0.013, 7364
0.013, 7363
0.013, 7362
0.013, 7361
0.013, 7360
0.013, 7359
0.013, 7358
0.013, 7357
0.013, 7356
0.013, 7355
0.013, 7354
0.013, 7353
0.013, 7352
0.013, 7351
0.013, 7350
0.013, 7349
0.013, 7348
0.013, 7347
0.013, 7346
0.013, 7345
0.013, 7344
0.013, 7343
0.013, 7342
0.013, 7341
0.013, 7340
0.013, 7339
0.013, 7338
0.013, 7337
0.013, 7336
0.013, 7335
0.013, 7334
0.013, 7333
0.013, 7332
0.013, 7331
0.013, 7330
0.013, 7329
0.013, 7328
0.013, 7327
0.013, 7326
0.013, 7325
0.013, 7324
0.013, 7323
0.013, 7322
0.013, 7321
0.013, 7320
0.013, 7319
0.013, 7318
0.013, 7317
0.013, 7316
0.013, 7315
0.013, 7314
0.013, 7313
0.013, 7312
0.013, 7311
0.013, 7310
0.013, 7309
0.013, 7308
0.013, 7307
0.013, 7306
0.013, 7305
0.013, 7304
0.013, 7303
0.013, 7302
0.013, 7301
0.013, 7300
0.013, 7299
0.013, 7298
0.013, 7297
0.013, 7296
0.013, 7295
0.013, 7294
0.013, 7293
0.013, 7292
0.013, 7291
0.013, 7290
0.013, 7289
0.013, 7288
0.013, 7287
0.013, 7286
0.013, 7285
0.013, 7284
0.013, 7283
0.013, 7282
0.013, 7281
0.013, 7280
0.013, 7279
0.013, 7278
0.013, 7277
0.013, 7276
0.013, 7275
0.013, 7274
0.013, 7273
0.013, 7272
0.013, 7271
0.013, 7270
0.013, 7269
0.013, 7268
0.013, 7267
0.013, 7266
0.013, 7265
0.013, 7264
0.013, 7263
0.013, 7262
0.013, 7261
0.013, 7260
0.013, 7259
0.013, 7258
0.013, 7257
0.013, 7256
0.013, 7255
0.013, 7254
0.013, 7253
0.013, 7252
0.013, 7251
0.013, 7250
0.013, 7249
0.013, 7248
0.013, 7247
0.013, 7246
0.013, 7245
0.013, 7244
0.013, 7243
0.013, 7242
0.013, 7241
0.013, 7240
0.013, 7239
0.013, 7238
0.013, 7237
0.013, 7236
0.013, 7235
0.013, 7234
0.013, 7233
0.013, 7232
0.013, 7231
0.013, 7230
0.013, 7229
0.013, 7228
0.013, 7227
0.013, 7226
0.013, 7225
0.013, 7224
0.013, 7223
0.013, 7222
0.013, 7221
0.013, 7220
0.013, 7219
0.013, 7218
0.013, 7217
0.013, 7216
0.013, 7215
0.013, 7214
0.013, 7213
0.013, 7212
0.013, 7211
0.013, 7210
0.013, 7209
0.013, 7208
0.013, 7207
0.013, 7206
0.013, 7205
0.013, 7204
0.013, 7203
0.013, 7202
0.013, 7201
0.013, 7200
0.013, 7199
0.013, 7198
0.013, 7197
0.013, 7196
0.013, 7195
0.013, 7194
0.013, 7193
0.013, 7192
0.013, 7191
0.013, 7190
0.013, 7189
0.013, 7188
0.013, 7187
0.013, 7186
0.013, 7185
0.013, 7184
0.013, 7183
0.013, 7182
0.013, 7181
0.013, 7180
0.013, 7179
0.013, 7178
0.013, 7177
0.013, 7176
0.013, 7175
0.013, 7174
0.013, 7173
0.013, 7172
0.013, 7171
0.013, 7170
0.013, 7169
0.013, 7168
0.013, 7167
0.013, 7166
0.013, 7165
0.013, 7164
0.013, 7163
0.013, 7162
0.013, 7161
0.013, 7160
0.013, 7159
0.013, 7158
0.013, 7157
0.013, 7156
0.013, 7155
0.013, 7154
0.013, 7153
0.013, 7152
0.013, 7151
0.013, 7150
0.013, 7149
0.013, 7148
0.013, 7147
0.013, 7146
0.013, 7145
0.013, 7144
0.013, 7143
0.013, 7142
0.013, 7141
0.013, 7140
0.013, 7139
0.013, 7138
0.013, 7137
0.013, 7136
0.013, 7135
0.013, 7134
0.013, 7133
0.013, 7132
0.013, 7131
0.013, 7130
0.013, 7129
0.013, 7128
0.013, 7127
0.013, 7126
0.013, 7125
0.013, 7124
0.013, 7123
0.013, 7122
0.013, 7121
0.013, 7120
0.013, 7119
0.013, 7118
0.013, 7117
0.013, 7116
0.013, 7115
0.013, 7114
0.013, 7113
0.013, 7112
0.013, 7111
0.013, 7110
0.013, 7109
0.013, 7108
0.013, 7107
0.013, 7106
0.013, 7105
0.014, 7104
0.014, 7103
0.014, 7102
0.014, 7101
0.014, 7100
0.014, 7099
0.014, 7098
0.014, 7097
0.014, 7096
0.014, 7095
0.014, 7094
0.014, 7093
0.014, 7092
0.014, 7091
0.014, 7090
0.014, 7089
0.014, 7088
0.014, 7087
0.014, 7086
0.014, 7085
0.014, 7084
0.014, 7083
0.014, 7082
0.014, 7081
0.014, 7080
0.014, 7079
0.014, 7078
0.014, 7077
0.014, 7076
0.014, 7075
0.014, 7074
0.014, 7073
0.014, 7072
0.014, 7071
0.014, 7070
0.014, 7069
0.014, 7068
0.014, 7067
0.014, 7066
0.014, 7065
0.014, 7064
0.014, 7063
0.014, 7062
0.014, 7061
0.014, 7060
0.014, 7059
0.014, 7058
0.014, 7057
0.014, 7056
0.014, 7055
0.014, 7054
0.014, 7053
0.014, 7052
0.014, 7051
0.014, 7050
0.014, 7049
0.014, 7048
0.014, 7047
0.014, 7046
0.014, 7045
0.014, 7044
0.014, 7043
0.014, 7042
0.014, 7041
0.014, 7040
0.014, 7039
0.014, 7038
0.014, 7037
0.014, 7036
0.014, 7035
0.014, 7034
0.014, 7033
0.014, 7032
0.014, 7031
0.014, 7030
0.014, 7029
0.014, 7028
0.014, 7027
0.014, 7026
0.014, 7025
0.014, 7024
0.015, 7023
0.015, 7022
0.015, 7021
0.015, 7020
0.015, 7019
0.015, 7018
