0.000, 950
0.000, 949
0.000, 948
0.000, 947
0.001, 946
0.001, 945
0.001, 944
0.002, 943
0.002, 942
0.002, 941
0.002, 940
0.002, 939
0.003, 938
0.003, 937
0.003, 936
0.003, 935
0.003, 934
0.004, 933
0.004, 932
0.004, 931
0.004, 930
0.004, 929
0.004, 928
0.005, 927
0.005, 926
0.005, 925
0.005, 924
0.005, 923
0.005, 922
0.005, 921
0.006, 920
0.006, 919
0.006, 918
0.006, 917
0.006, 916
0.006, 915
0.006, 914
0.006, 913
0.006, 912
0.006, 911
0.007, 910
0.007, 909
0.007, 908
0.007, 907
0.007, 906
0.007, 905
0.008, 904
0.008, 903
0.009, 902
0.009, 901
0.009, 900
0.010, 899
0.010, 898
0.010, 897
0.011, 896
0.011, 895
0.011, 894
0.011, 893
0.012, 892
0.012, 891
0.012, 890
0.012, 889
0.013, 888
0.013, 887
0.013, 886
0.013, 885
0.013, 884
0.013, 883
0.014, 882
0.014, 881
0.014, 880
0.015, 879
0.016, 878
0.016, 877
0.017, 876
0.017, 875
0.017, 874
0.017, 873
0.017, 872
0.017, 871
0.017, 870
0.018, 869
0.018, 868
0.018, 867
0.019, 866
0.019, 865
0.019, 864
0.020, 863
0.020, 862
0.020, 861
0.020, 860
0.020, 859
0.020, 858
0.021, 857
0.021, 856
0.021, 855
0.022, 854
0.022, 853
0.023, 852
0.023, 851
0.024, 850
0.024, 849
0.024, 848
0.024, 847
0.024, 846
0.025, 845
0.025, 844
0.025, 843
0.025, 842
0.026, 841
0.027, 840
0.027, 839
0.027, 838
0.028, 837
0.029, 836
0.029, 835
0.029, 834
0.030, 833
0.031, 832
0.032, 831
0.033, 830
0.033, 829
0.034, 828
0.034, 827
0.034, 826
0.035, 825
0.035, 824
0.036, 823
0.036, 822
0.037, 821
0.037, 820
0.038, 819
0.038, 818
0.039, 817
0.039, 816
0.039, 815
0.040, 814
0.040, 813
0.040, 812
0.040, 811
0.041, 810
0.041, 809
0.041, 808
0.042, 807
0.043, 806
0.044, 805
0.045, 804
0.046, 803
0.049, 802
0.049, 801
0.049, 800
0.049, 799
0.050, 798
0.051, 797
0.053, 796
0.054, 795
0.055, 794
0.057, 793
0.057, 792
0.059, 791
0.061, 790
0.062, 789
0.068, 788
0.069, 787
0.081, 786
0.088, 785
0.095, 784
0.095, 783
0.095, 782
0.100, 781
0.103, 780
0.104, 779
0.122, 778
0.123, 777
0.128, 776
0.143, 775
0.156, 774
0.214, 773
