0.000, 951
0.000, 950
0.000, 949
0.000, 948
0.000, 947
0.000, 946
0.001, 945
0.001, 944
0.001, 943
0.001, 942
0.001, 941
0.001, 940
0.001, 939
0.002, 938
0.002, 937
0.002, 936
0.002, 935
0.002, 934
0.002, 933
0.003, 932
0.003, 931
0.003, 930
0.003, 929
0.003, 928
0.003, 927
0.004, 926
0.004, 925
0.004, 924
0.004, 923
0.004, 922
0.004, 921
0.004, 920
0.005, 919
0.005, 918
0.005, 917
0.005, 916
0.005, 915
0.005, 914
0.005, 913
0.005, 912
0.006, 911
0.006, 910
0.006, 909
0.006, 908
0.006, 907
0.006, 906
0.006, 905
0.008, 904
0.008, 903
0.008, 902
0.009, 901
0.009, 900
0.009, 899
0.009, 898
0.010, 897
0.010, 896
0.011, 895
0.011, 894
0.011, 893
0.012, 892
0.012, 891
0.012, 890
0.013, 889
0.013, 888
0.013, 887
0.014, 886
0.014, 885
0.015, 884
0.015, 883
0.015, 882
0.015, 881
0.016, 880
0.016, 879
0.016, 878
0.016, 877
0.016, 876
0.017, 875
0.017, 874
0.017, 873
0.017, 872
0.018, 871
0.018, 870
0.018, 869
0.019, 868
0.019, 867
0.019, 866
0.019, 865
0.019, 864
0.019, 863
0.020, 862
0.020, 861
0.021, 860
0.021, 859
0.021, 858
0.022, 857
0.023, 856
0.023, 855
0.024, 854
0.024, 853
0.024, 852
0.024, 851
0.025, 850
0.025, 849
0.025, 848
0.025, 847
0.026, 846
0.026, 845
0.026, 844
0.027, 843
0.027, 842
0.028, 841
0.028, 840
0.029, 839
0.030, 838
0.030, 837
0.030, 836
0.031, 835
0.031, 834
0.031, 833
0.031, 832
0.031, 831
0.031, 830
0.032, 829
0.032, 828
0.032, 827
0.033, 826
0.034, 825
0.034, 824
0.034, 823
0.035, 822
0.035, 821
0.035, 820
0.036, 819
0.037, 818
0.037, 817
0.037, 816
0.038, 815
0.039, 814
0.040, 813
0.040, 812
0.041, 811
0.041, 810
0.042, 809
0.043, 808
0.043, 807
0.044, 806
0.045, 805
0.046, 804
0.046, 803
0.047, 802
0.049, 801
0.052, 800
0.052, 799
0.054, 798
0.054, 797
0.057, 796
0.057, 795
0.058, 794
0.062, 793
0.063, 792
0.065, 791
0.067, 790
0.069, 789
0.071, 788
0.071, 787
0.072, 786
0.076, 785
0.077, 784
0.081, 783
0.089, 782
0.092, 781
0.097, 780
0.098, 779
0.100, 778
0.101, 777
0.106, 776
0.111, 775
0.122, 774
0.125, 773
0.130, 772
0.131, 771
0.136, 770
0.139, 769
0.156, 768
0.156, 767
0.194, 766
0.265, 765
