0.000, 950
0.000, 949
0.000, 948
0.001, 947
0.001, 946
0.001, 945
0.001, 944
0.001, 943
0.001, 942
0.001, 941
0.002, 940
0.002, 939
0.002, 938
0.002, 937
0.002, 936
0.002, 935
0.002, 934
0.003, 933
0.003, 932
0.003, 931
0.003, 930
0.003, 929
0.003, 928
0.004, 927
0.004, 926
0.004, 925
0.004, 924
0.004, 923
0.004, 922
0.005, 921
0.005, 920
0.005, 919
0.005, 918
0.005, 917
0.005, 916
0.006, 915
0.006, 914
0.007, 913
0.007, 912
0.007, 911
0.007, 910
0.007, 909
0.008, 908
0.008, 907
0.009, 906
0.010, 905
0.011, 904
0.011, 903
0.011, 902
0.012, 901
0.012, 900
0.012, 899
0.013, 898
0.013, 897
0.013, 896
0.014, 895
0.015, 894
0.015, 893
0.016, 892
0.016, 891
0.017, 890
0.018, 889
0.018, 888
0.019, 887
0.019, 886
0.019, 885
0.020, 884
0.020, 883
0.021, 882
0.021, 881
0.021, 880
0.021, 879
0.021, 878
0.022, 877
0.022, 876
0.023, 875
0.023, 874
0.023, 873
0.025, 872
0.025, 871
0.026, 870
0.026, 869
0.026, 868
0.027, 867
0.027, 866
0.027, 865
0.027, 864
0.028, 863
0.028, 862
0.028, 861
0.029, 860
0.029, 859
0.029, 858
0.029, 857
0.029, 856
0.030, 855
0.030, 854
0.030, 853
0.030, 852
0.031, 851
0.032, 850
0.032, 849
0.033, 848
0.033, 847
0.034, 846
0.034, 845
0.034, 844
0.035, 843
0.035, 842
0.035, 841
0.036, 840
0.036, 839
0.036, 838
0.038, 837
0.038, 836
0.038, 835
0.039, 834
0.039, 833
0.040, 832
0.040, 831
0.040, 830
0.040, 829
0.040, 828
0.041, 827
0.041, 826
0.041, 825
0.042, 824
0.043, 823
0.043, 822
0.043, 821
0.044, 820
0.045, 819
0.046, 818
0.048, 817
0.048, 816
0.048, 815
0.049, 814
0.050, 813
0.050, 812
0.050, 811
0.051, 810
0.051, 809
0.052, 808
0.055, 807
0.056, 806
0.057, 805
0.057, 804
0.057, 803
0.058, 802
0.060, 801
0.061, 800
0.062, 799
0.062, 798
0.062, 797
0.063, 796
0.063, 795
0.069, 794
0.069, 793
0.071, 792
0.072, 791
0.073, 790
0.076, 789
0.076, 788
0.079, 787
0.085, 786
0.088, 785
0.091, 784
0.095, 783
0.098, 782
0.105, 781
0.117, 780
0.117, 779
0.117, 778
0.134, 777
0.153, 776
0.161, 775
0.164, 774
0.174, 773
0.176, 772
