0.001, 950
0.006, 949
0.007, 948
0.008, 947
0.009, 946
0.009, 945
0.012, 944
0.013, 943
0.014, 942
0.016, 941
0.017, 940
0.017, 939
0.017, 938
0.018, 937
0.018, 936
0.019, 935
0.019, 934
0.020, 933
0.021, 932
0.021, 931
0.021, 930
0.022, 929
0.022, 928
0.023, 927
0.023, 926
0.023, 925
0.024, 924
0.024, 923
0.025, 922
0.025, 921
0.026, 920
0.026, 919
0.026, 918
0.026, 917
0.029, 916
0.030, 915
0.030, 914
0.030, 913
0.033, 912
0.034, 911
0.034, 910
0.035, 909
0.035, 908
0.035, 907
0.036, 906
0.036, 905
0.036, 904
0.037, 903
0.037, 902
0.038, 901
0.038, 900
0.039, 899
0.039, 898
0.039, 897
0.040, 896
0.040, 895
0.041, 894
0.041, 893
0.041, 892
0.042, 891
0.042, 890
0.043, 889
0.043, 888
0.044, 887
0.044, 886
0.044, 885
0.045, 884
0.046, 883
0.046, 882
0.046, 881
0.046, 880
0.046, 879
0.047, 878
0.047, 877
0.047, 876
0.047, 875
0.047, 874
0.048, 873
0.048, 872
0.048, 871
0.048, 870
0.049, 869
0.049, 868
0.049, 867
0.050, 866
0.050, 865
0.050, 864
0.051, 863
0.052, 862
0.052, 861
0.053, 860
0.053, 859
0.053, 858
0.054, 857
0.055, 856
0.055, 855
0.056, 854
0.056, 853
0.056, 852
0.056, 851
0.057, 850
0.057, 849
0.058, 848
0.058, 847
0.058, 846
0.059, 845
0.059, 844
0.060, 843
0.060, 842
0.060, 841
0.060, 840
0.061, 839
0.061, 838
0.062, 837
0.062, 836
0.063, 835
0.063, 834
0.064, 833
0.064, 832
0.065, 831
0.065, 830
0.065, 829
0.066, 828
0.067, 827
0.067, 826
0.068, 825
0.068, 824
0.068, 823
0.069, 822
0.070, 821
0.071, 820
0.072, 819
0.072, 818
0.072, 817
0.072, 816
0.072, 815
0.073, 814
0.073, 813
0.075, 812
0.075, 811
0.076, 810
0.076, 809
0.077, 808
0.078, 807
0.078, 806
0.079, 805
0.080, 804
0.080, 803
0.081, 802
0.083, 801
0.085, 800
0.085, 799
0.086, 798
0.086, 797
0.087, 796
0.087, 795
0.087, 794
0.088, 793
0.088, 792
0.089, 791
0.090, 790
0.090, 789
0.091, 788
0.091, 787
0.093, 786
0.094, 785
0.096, 784
0.100, 783
0.101, 782
0.102, 781
0.105, 780
0.109, 779
0.111, 778
0.116, 777
0.117, 776
0.117, 775
0.130, 774
0.139, 773
0.143, 772
0.165, 771
0.168, 770
0.178, 769
