0.001, 950
0.002, 949
0.002, 948
0.002, 947
0.003, 946
0.003, 945
0.003, 944
0.003, 943
0.004, 942
0.004, 941
0.004, 940
0.004, 939
0.004, 938
0.005, 937
0.005, 936
0.006, 935
0.006, 934
0.007, 933
0.007, 932
0.008, 931
0.008, 930
0.009, 929
0.009, 928
0.009, 927
0.009, 926
0.010, 925
0.010, 924
0.011, 923
0.011, 922
0.011, 921
0.012, 920
0.012, 919
0.013, 918
0.013, 917
0.013, 916
0.014, 915
0.014, 914
0.014, 913
0.014, 912
0.015, 911
0.016, 910
0.016, 909
0.017, 908
0.017, 907
0.018, 906
0.018, 905
0.020, 904
0.020, 903
0.020, 902
0.020, 901
0.020, 900
0.021, 899
0.021, 898
0.022, 897
0.022, 896
0.022, 895
0.023, 894
0.023, 893
0.023, 892
0.024, 891
0.024, 890
0.024, 889
0.025, 888
0.026, 887
0.026, 886
0.026, 885
0.026, 884
0.026, 883
0.027, 882
0.027, 881
0.027, 880
0.028, 879
0.028, 878
0.028, 877
0.029, 876
0.029, 875
0.030, 874
0.030, 873
0.030, 872
0.030, 871
0.031, 870
0.031, 869
0.032, 868
0.032, 867
0.032, 866
0.032, 865
0.032, 864
0.033, 863
0.033, 862
0.033, 861
0.033, 860
0.033, 859
0.034, 858
0.034, 857
0.034, 856
0.035, 855
0.035, 854
0.035, 853
0.035, 852
0.036, 851
0.036, 850
0.036, 849
0.036, 848
0.036, 847
0.036, 846
0.037, 845
0.038, 844
0.038, 843
0.038, 842
0.038, 841
0.038, 840
0.039, 839
0.039, 838
0.039, 837
0.040, 836
0.040, 835
0.040, 834
0.042, 833
0.042, 832
0.042, 831
0.042, 830
0.043, 829
0.043, 828
0.044, 827
0.044, 826
0.044, 825
0.045, 824
0.045, 823
0.045, 822
0.046, 821
0.046, 820
0.047, 819
0.049, 818
0.049, 817
0.049, 816
0.050, 815
0.050, 814
0.051, 813
0.051, 812
0.052, 811
0.052, 810
0.053, 809
0.053, 808
0.054, 807
0.054, 806
0.055, 805
0.055, 804
0.056, 803
0.057, 802
0.058, 801
0.060, 800
0.063, 799
0.064, 798
0.065, 797
0.067, 796
0.068, 795
0.068, 794
0.069, 793
0.074, 792
0.075, 791
0.076, 790
0.076, 789
0.077, 788
0.081, 787
0.086, 786
0.087, 785
0.090, 784
0.092, 783
0.093, 782
0.094, 781
0.097, 780
0.099, 779
0.102, 778
0.109, 777
0.110, 776
0.113, 775
0.147, 774
0.156, 773
0.197, 772
0.364, 771
