0.004, 8359
0.004, 8358
0.004, 8357
0.004, 8356
0.004, 8355
0.004, 8354
0.004, 8353
0.004, 8352
0.004, 8351
0.004, 8350
0.004, 8349
0.004, 8348
0.004, 8347
0.004, 8346
0.004, 8345
0.004, 8344
0.004, 8343
0.004, 8342
0.004, 8341
0.004, 8340
0.004, 8339
0.004, 8338
0.004, 8337
0.004, 8336
0.004, 8335
0.004, 8334
0.004, 8333
0.004, 8332
0.004, 8331
0.004, 8330
0.004, 8329
0.004, 8328
0.004, 8327
0.004, 8326
0.004, 8325
0.004, 8324
0.004, 8323
0.004, 8322
0.004, 8321
0.004, 8320
0.004, 8319
0.004, 8318
0.004, 8317
0.004, 8316
0.004, 8315
0.004, 8314
0.004, 8313
0.004, 8312
0.004, 8311
0.004, 8310
0.004, 8309
0.004, 8308
0.004, 8307
0.004, 8306
0.004, 8305
0.004, 8304
0.004, 8303
0.004, 8302
0.004, 8301
0.004, 8300
0.004, 8299
0.004, 8298
0.004, 8297
0.004, 8296
0.004, 8295
0.004, 8294
0.004, 8293
0.004, 8292
0.004, 8291
0.005, 8290
0.005, 8289
0.005, 8288
0.005, 8287
0.005, 8286
0.005, 8285
0.005, 8284
0.005, 8283
0.005, 8282
0.005, 8281
0.005, 8280
0.005, 8279
0.005, 8278
0.005, 8277
0.005, 8276
0.005, 8275
0.005, 8274
0.005, 8273
0.005, 8272
0.005, 8271
0.005, 8270
0.005, 8269
0.005, 8268
0.005, 8267
0.005, 8266
0.005, 8265
0.005, 8264
0.005, 8263
0.005, 8262
0.005, 8261
0.005, 8260
0.005, 8259
0.005, 8258
0.005, 8257
0.005, 8256
0.005, 8255
0.005, 8254
0.005, 8253
0.005, 8252
0.005, 8251
0.005, 8250
0.005, 8249
0.005, 8248
0.005, 8247
0.005, 8246
0.005, 8245
0.005, 8244
0.005, 8243
0.005, 8242
0.005, 8241
0.005, 8240
0.005, 8239
0.005, 8238
0.005, 8237
0.005, 8236
0.005, 8235
0.005, 8234
0.005, 8233
0.005, 8232
0.005, 8231
0.005, 8230
0.005, 8229
0.005, 8228
0.005, 8227
0.005, 8226
0.005, 8225
0.005, 8224
0.005, 8223
0.005, 8222
0.005, 8221
0.005, 8220
0.005, 8219
0.005, 8218
0.005, 8217
0.005, 8216
0.005, 8215
0.005, 8214
0.005, 8213
0.005, 8212
0.005, 8211
0.005, 8210
0.005, 8209
0.005, 8208
0.005, 8207
0.005, 8206
0.005, 8205
0.005, 8204
0.005, 8203
0.005, 8202
0.005, 8201
0.005, 8200
0.005, 8199
0.005, 8198
0.005, 8197
0.005, 8196
0.005, 8195
0.005, 8194
0.005, 8193
0.005, 8192
0.005, 8191
0.005, 8190
0.005, 8189
0.005, 8188
0.005, 8187
0.005, 8186
0.005, 8185
0.005, 8184
0.005, 8183
0.005, 8182
0.005, 8181
0.005, 8180
0.005, 8179
0.005, 8178
0.005, 8177
0.005, 8176
0.005, 8175
0.005, 8174
0.006, 8173
0.006, 8172
0.006, 8171
0.006, 8170
0.006, 8169
0.006, 8168
0.006, 8167
0.006, 8166
0.006, 8165
0.006, 8164
0.006, 8163
0.006, 8162
0.006, 8161
0.006, 8160
0.006, 8159
0.006, 8158
0.006, 8157
0.006, 8156
0.006, 8155
0.006, 8154
0.006, 8153
0.006, 8152
0.006, 8151
0.006, 8150
0.006, 8149
0.006, 8148
0.006, 8147
0.006, 8146
0.006, 8145
0.006, 8144
0.006, 8143
0.006, 8142
0.006, 8141
0.006, 8140
0.006, 8139
0.006, 8138
0.006, 8137
0.006, 8136
0.006, 8135
0.006, 8134
0.006, 8133
0.006, 8132
0.006, 8131
0.006, 8130
0.006, 8129
0.006, 8128
0.006, 8127
0.006, 8126
0.006, 8125
0.006, 8124
0.006, 8123
0.006, 8122
0.006, 8121
0.006, 8120
0.006, 8119
0.006, 8118
0.006, 8117
0.006, 8116
0.006, 8115
0.006, 8114
0.006, 8113
0.006, 8112
0.006, 8111
0.006, 8110
0.006, 8109
0.006, 8108
0.006, 8107
0.006, 8106
0.006, 8105
0.006, 8104
0.006, 8103
0.006, 8102
0.006, 8101
0.006, 8100
0.006, 8099
0.006, 8098
0.006, 8097
0.006, 8096
0.006, 8095
0.006, 8094
0.006, 8093
0.006, 8092
0.006, 8091
0.006, 8090
0.006, 8089
0.006, 8088
0.006, 8087
0.006, 8086
0.006, 8085
0.006, 8084
0.006, 8083
0.006, 8082
0.006, 8081
0.006, 8080
0.006, 8079
0.006, 8078
0.006, 8077
0.006, 8076
0.006, 8075
0.006, 8074
0.006, 8073
0.006, 8072
0.006, 8071
0.006, 8070
0.006, 8069
0.006, 8068
0.006, 8067
0.006, 8066
0.006, 8065
0.006, 8064
0.006, 8063
0.006, 8062
0.006, 8061
0.006, 8060
0.006, 8059
0.006, 8058
0.006, 8057
0.006, 8056
0.006, 8055
0.006, 8054
0.006, 8053
0.006, 8052
0.006, 8051
0.006, 8050
0.006, 8049
0.006, 8048
0.006, 8047
0.006, 8046
0.006, 8045
0.006, 8044
0.006, 8043
0.006, 8042
0.006, 8041
0.006, 8040
0.006, 8039
0.006, 8038
0.006, 8037
0.006, 8036
0.006, 8035
0.006, 8034
0.006, 8033
0.006, 8032
0.006, 8031
0.006, 8030
0.006, 8029
0.006, 8028
0.006, 8027
0.006, 8026
0.006, 8025
0.006, 8024
0.006, 8023
0.006, 8022
0.006, 8021
0.006, 8020
0.006, 8019
0.006, 8018
0.006, 8017
0.006, 8016
0.006, 8015
0.006, 8014
0.006, 8013
0.006, 8012
0.006, 8011
0.006, 8010
0.006, 8009
0.006, 8008
0.006, 8007
0.006, 8006
0.006, 8005
0.006, 8004
0.006, 8003
0.006, 8002
0.006, 8001
0.006, 8000
0.006, 7999
0.006, 7998
0.006, 7997
0.006, 7996
0.006, 7995
0.006, 7994
0.006, 7993
0.006, 7992
0.006, 7991
0.006, 7990
0.006, 7989
0.006, 7988
0.006, 7987
0.006, 7986
0.006, 7985
0.006, 7984
0.007, 7983
0.007, 7982
0.007, 7981
0.007, 7980
0.007, 7979
0.007, 7978
0.007, 7977
0.007, 7976
0.007, 7975
0.007, 7974
0.007, 7973
0.007, 7972
0.007, 7971
0.007, 7970
0.007, 7969
0.007, 7968
0.007, 7967
0.007, 7966
0.007, 7965
0.007, 7964
0.007, 7963
0.007, 7962
0.007, 7961
0.007, 7960
0.007, 7959
0.007, 7958
0.007, 7957
0.007, 7956
0.007, 7955
0.007, 7954
0.007, 7953
0.007, 7952
0.007, 7951
0.007, 7950
0.007, 7949
0.007, 7948
0.007, 7947
0.007, 7946
0.007, 7945
0.007, 7944
0.007, 7943
0.007, 7942
0.007, 7941
0.007, 7940
0.007, 7939
0.007, 7938
0.007, 7937
0.007, 7936
0.007, 7935
0.007, 7934
0.007, 7933
0.007, 7932
0.007, 7931
0.007, 7930
0.007, 7929
0.007, 7928
0.007, 7927
0.007, 7926
0.007, 7925
0.007, 7924
0.007, 7923
0.007, 7922
0.007, 7921
0.007, 7920
0.007, 7919
0.007, 7918
0.007, 7917
0.007, 7916
0.007, 7915
0.007, 7914
0.007, 7913
0.007, 7912
0.007, 7911
0.007, 7910
0.007, 7909
0.007, 7908
0.007, 7907
0.007, 7906
0.007, 7905
0.007, 7904
0.007, 7903
0.007, 7902
0.007, 7901
0.007, 7900
0.007, 7899
0.007, 7898
0.007, 7897
0.007, 7896
0.007, 7895
0.007, 7894
0.007, 7893
0.007, 7892
0.007, 7891
0.007, 7890
0.007, 7889
0.007, 7888
0.007, 7887
0.007, 7886
0.007, 7885
0.007, 7884
0.007, 7883
0.007, 7882
0.007, 7881
0.007, 7880
0.007, 7879
0.007, 7878
0.007, 7877
0.007, 7876
0.007, 7875
0.007, 7874
0.007, 7873
0.007, 7872
0.007, 7871
0.007, 7870
0.007, 7869
0.007, 7868
0.007, 7867
0.007, 7866
0.007, 7865
0.007, 7864
0.007, 7863
0.007, 7862
0.007, 7861
0.007, 7860
0.007, 7859
0.007, 7858
0.007, 7857
0.007, 7856
0.007, 7855
0.007, 7854
0.007, 7853
0.007, 7852
0.007, 7851
0.007, 7850
0.007, 7849
0.007, 7848
0.007, 7847
0.007, 7846
0.007, 7845
0.007, 7844
0.007, 7843
0.007, 7842
0.007, 7841
0.007, 7840
0.007, 7839
0.007, 7838
0.007, 7837
0.007, 7836
0.007, 7835
0.007, 7834
0.007, 7833
0.007, 7832
0.007, 7831
0.007, 7830
0.007, 7829
0.007, 7828
0.007, 7827
0.007, 7826
0.007, 7825
0.007, 7824
0.007, 7823
0.007, 7822
0.007, 7821
0.007, 7820
0.007, 7819
0.007, 7818
0.007, 7817
0.007, 7816
0.007, 7815
0.007, 7814
0.007, 7813
0.007, 7812
0.007, 7811
0.007, 7810
0.007, 7809
0.007, 7808
0.007, 7807
0.007, 7806
0.007, 7805
0.007, 7804
0.007, 7803
0.007, 7802
0.007, 7801
0.007, 7800
0.007, 7799
0.007, 7798
0.007, 7797
0.007, 7796
0.007, 7795
0.007, 7794
0.007, 7793
0.007, 7792
0.007, 7791
0.007, 7790
0.007, 7789
0.007, 7788
0.007, 7787
0.007, 7786
0.007, 7785
0.007, 7784
0.007, 7783
0.007, 7782
0.007, 7781
0.007, 7780
0.007, 7779
0.007, 7778
0.007, 7777
0.007, 7776
0.007, 7775
0.007, 7774
0.007, 7773
0.007, 7772
0.007, 7771
0.007, 7770
0.007, 7769
0.007, 7768
0.007, 7767
0.007, 7766
0.007, 7765
0.007, 7764
0.007, 7763
0.007, 7762
0.007, 7761
0.007, 7760
0.007, 7759
0.007, 7758
0.007, 7757
0.007, 7756
0.007, 7755
0.007, 7754
0.007, 7753
0.007, 7752
0.007, 7751
0.008, 7750
0.008, 7749
0.008, 7748
0.008, 7747
0.008, 7746
0.008, 7745
0.008, 7744
0.008, 7743
0.008, 7742
0.008, 7741
0.008, 7740
0.008, 7739
0.008, 7738
0.008, 7737
0.008, 7736
0.008, 7735
0.008, 7734
0.008, 7733
0.008, 7732
0.008, 7731
0.008, 7730
0.008, 7729
0.008, 7728
0.008, 7727
0.008, 7726
0.008, 7725
0.008, 7724
0.008, 7723
0.008, 7722
0.008, 7721
0.008, 7720
0.008, 7719
0.008, 7718
0.008, 7717
0.008, 7716
0.008, 7715
0.008, 7714
0.008, 7713
0.008, 7712
0.008, 7711
0.008, 7710
0.008, 7709
0.008, 7708
0.008, 7707
0.008, 7706
0.008, 7705
0.008, 7704
0.008, 7703
0.008, 7702
0.008, 7701
0.008, 7700
0.008, 7699
0.008, 7698
0.008, 7697
0.008, 7696
0.008, 7695
0.008, 7694
0.008, 7693
0.008, 7692
0.008, 7691
0.008, 7690
0.008, 7689
0.008, 7688
0.008, 7687
0.008, 7686
0.008, 7685
0.008, 7684
0.008, 7683
0.008, 7682
0.008, 7681
0.008, 7680
0.008, 7679
0.008, 7678
0.008, 7677
0.008, 7676
0.008, 7675
0.008, 7674
0.008, 7673
0.008, 7672
0.008, 7671
0.008, 7670
0.008, 7669
0.008, 7668
0.008, 7667
0.008, 7666
0.008, 7665
0.008, 7664
0.008, 7663
0.008, 7662
0.008, 7661
0.008, 7660
0.008, 7659
0.008, 7658
0.008, 7657
0.008, 7656
0.008, 7655
0.008, 7654
0.008, 7653
0.008, 7652
0.008, 7651
0.008, 7650
0.008, 7649
0.008, 7648
0.008, 7647
0.008, 7646
0.008, 7645
0.008, 7644
0.008, 7643
0.008, 7642
0.008, 7641
0.008, 7640
0.008, 7639
0.008, 7638
0.008, 7637
0.008, 7636
0.008, 7635
0.008, 7634
0.008, 7633
0.008, 7632
0.008, 7631
0.008, 7630
0.008, 7629
0.008, 7628
0.008, 7627
0.008, 7626
0.008, 7625
0.008, 7624
0.008, 7623
0.008, 7622
0.008, 7621
0.008, 7620
0.008, 7619
0.008, 7618
0.008, 7617
0.008, 7616
0.008, 7615
0.008, 7614
0.008, 7613
0.008, 7612
0.008, 7611
0.008, 7610
0.008, 7609
0.008, 7608
0.008, 7607
0.008, 7606
0.008, 7605
0.008, 7604
0.008, 7603
0.008, 7602
0.008, 7601
0.008, 7600
0.008, 7599
0.008, 7598
0.008, 7597
0.008, 7596
0.008, 7595
0.008, 7594
0.008, 7593
0.008, 7592
0.008, 7591
0.008, 7590
0.008, 7589
0.008, 7588
0.008, 7587
0.008, 7586
0.008, 7585
0.008, 7584
0.008, 7583
0.008, 7582
0.008, 7581
0.008, 7580
0.008, 7579
0.008, 7578
0.008, 7577
0.008, 7576
0.008, 7575
0.008, 7574
0.008, 7573
0.008, 7572
0.008, 7571
0.008, 7570
0.008, 7569
0.008, 7568
0.008, 7567
0.008, 7566
0.008, 7565
0.008, 7564
0.008, 7563
0.008, 7562
0.008, 7561
0.008, 7560
0.008, 7559
0.008, 7558
0.008, 7557
0.008, 7556
0.008, 7555
0.008, 7554
0.008, 7553
0.008, 7552
0.008, 7551
0.008, 7550
0.008, 7549
0.008, 7548
0.008, 7547
0.008, 7546
0.008, 7545
0.008, 7544
0.008, 7543
0.008, 7542
0.009, 7541
0.009, 7540
0.009, 7539
0.009, 7538
0.009, 7537
0.009, 7536
0.009, 7535
0.009, 7534
0.009, 7533
0.009, 7532
0.009, 7531
0.009, 7530
0.009, 7529
0.009, 7528
0.009, 7527
0.009, 7526
0.009, 7525
0.009, 7524
0.009, 7523
0.009, 7522
0.009, 7521
0.009, 7520
0.009, 7519
0.009, 7518
0.009, 7517
0.009, 7516
0.009, 7515
0.009, 7514
0.009, 7513
0.009, 7512
0.009, 7511
0.009, 7510
0.009, 7509
0.009, 7508
0.009, 7507
0.009, 7506
0.009, 7505
0.009, 7504
0.009, 7503
0.009, 7502
0.009, 7501
0.009, 7500
0.009, 7499
0.009, 7498
0.009, 7497
0.009, 7496
0.009, 7495
0.009, 7494
0.009, 7493
0.009, 7492
0.009, 7491
0.009, 7490
0.009, 7489
0.009, 7488
0.009, 7487
0.009, 7486
0.009, 7485
0.009, 7484
0.009, 7483
0.009, 7482
0.009, 7481
0.009, 7480
0.009, 7479
0.009, 7478
0.009, 7477
0.009, 7476
0.009, 7475
0.009, 7474
0.009, 7473
0.009, 7472
0.009, 7471
0.009, 7470
0.009, 7469
0.009, 7468
0.009, 7467
0.009, 7466
0.009, 7465
0.009, 7464
0.009, 7463
0.009, 7462
0.009, 7461
0.009, 7460
0.009, 7459
0.009, 7458
0.009, 7457
0.009, 7456
0.009, 7455
0.009, 7454
0.009, 7453
0.009, 7452
0.009, 7451
0.009, 7450
0.009, 7449
0.009, 7448
0.009, 7447
0.009, 7446
0.009, 7445
0.009, 7444
0.009, 7443
0.009, 7442
0.009, 7441
0.009, 7440
0.009, 7439
0.009, 7438
0.009, 7437
0.009, 7436
0.009, 7435
0.009, 7434
0.009, 7433
0.009, 7432
0.009, 7431
0.009, 7430
0.009, 7429
0.009, 7428
0.009, 7427
0.009, 7426
0.009, 7425
0.009, 7424
0.009, 7423
0.009, 7422
0.009, 7421
0.009, 7420
0.009, 7419
0.009, 7418
0.009, 7417
0.009, 7416
0.009, 7415
0.009, 7414
0.009, 7413
0.009, 7412
0.009, 7411
0.009, 7410
0.009, 7409
0.009, 7408
0.009, 7407
0.009, 7406
0.009, 7405
0.009, 7404
0.009, 7403
0.009, 7402
0.009, 7401
0.009, 7400
0.009, 7399
0.009, 7398
0.009, 7397
0.009, 7396
0.009, 7395
0.009, 7394
0.009, 7393
0.009, 7392
0.009, 7391
0.009, 7390
0.009, 7389
0.009, 7388
0.009, 7387
0.009, 7386
0.009, 7385
0.009, 7384
0.009, 7383
0.009, 7382
0.009, 7381
0.009, 7380
0.009, 7379
0.009, 7378
0.009, 7377
0.009, 7376
0.009, 7375
0.009, 7374
0.009, 7373
0.009, 7372
0.009, 7371
0.009, 7370
0.009, 7369
0.009, 7368
0.009, 7367
0.009, 7366
0.009, 7365
0.009, 7364
0.009, 7363
0.009, 7362
0.009, 7361
0.009, 7360
0.009, 7359
0.009, 7358
0.009, 7357
0.009, 7356
0.009, 7355
0.010, 7354
0.010, 7353
0.010, 7352
0.010, 7351
0.010, 7350
0.010, 7349
0.010, 7348
0.010, 7347
0.010, 7346
0.010, 7345
0.010, 7344
0.010, 7343
0.010, 7342
0.010, 7341
0.010, 7340
0.010, 7339
0.010, 7338
0.010, 7337
0.010, 7336
0.010, 7335
0.010, 7334
0.010, 7333
0.010, 7332
0.010, 7331
0.010, 7330
0.010, 7329
0.010, 7328
0.010, 7327
0.010, 7326
0.010, 7325
0.010, 7324
0.010, 7323
0.010, 7322
0.010, 7321
0.010, 7320
0.010, 7319
0.010, 7318
0.010, 7317
0.010, 7316
0.010, 7315
0.010, 7314
0.010, 7313
0.010, 7312
0.010, 7311
0.010, 7310
0.010, 7309
0.010, 7308
0.010, 7307
0.010, 7306
0.010, 7305
0.010, 7304
0.010, 7303
0.010, 7302
0.010, 7301
0.010, 7300
0.010, 7299
0.010, 7298
0.010, 7297
0.010, 7296
0.010, 7295
0.010, 7294
0.010, 7293
0.010, 7292
0.010, 7291
0.010, 7290
0.010, 7289
0.010, 7288
0.010, 7287
0.010, 7286
0.010, 7285
0.010, 7284
0.010, 7283
0.010, 7282
0.010, 7281
0.010, 7280
0.010, 7279
0.010, 7278
0.010, 7277
0.010, 7276
0.010, 7275
0.010, 7274
0.010, 7273
0.010, 7272
0.010, 7271
0.010, 7270
0.010, 7269
0.010, 7268
0.010, 7267
0.010, 7266
0.010, 7265
0.010, 7264
0.010, 7263
0.010, 7262
0.010, 7261
0.010, 7260
0.010, 7259
0.010, 7258
0.010, 7257
0.010, 7256
0.010, 7255
0.010, 7254
0.010, 7253
0.010, 7252
0.010, 7251
0.010, 7250
0.010, 7249
0.010, 7248
0.010, 7247
0.010, 7246
0.010, 7245
0.010, 7244
0.010, 7243
0.010, 7242
0.010, 7241
0.010, 7240
0.010, 7239
0.010, 7238
0.010, 7237
0.010, 7236
0.010, 7235
0.010, 7234
0.010, 7233
0.010, 7232
0.010, 7231
0.010, 7230
0.010, 7229
0.010, 7228
0.010, 7227
0.010, 7226
0.010, 7225
0.010, 7224
0.010, 7223
0.010, 7222
0.010, 7221
0.010, 7220
0.010, 7219
0.010, 7218
0.010, 7217
0.010, 7216
0.010, 7215
0.010, 7214
0.010, 7213
0.010, 7212
0.010, 7211
0.010, 7210
0.010, 7209
0.010, 7208
0.010, 7207
0.010, 7206
0.010, 7205
0.010, 7204
0.010, 7203
0.010, 7202
0.010, 7201
0.010, 7200
0.010, 7199
0.010, 7198
0.010, 7197
0.010, 7196
0.010, 7195
0.010, 7194
0.010, 7193
0.010, 7192
0.010, 7191
0.010, 7190
0.010, 7189
0.010, 7188
0.010, 7187
0.010, 7186
0.010, 7185
0.010, 7184
0.010, 7183
0.010, 7182
0.010, 7181
0.010, 7180
0.010, 7179
0.010, 7178
0.010, 7177
0.010, 7176
0.010, 7175
0.010, 7174
0.010, 7173
0.010, 7172
0.010, 7171
0.010, 7170
0.010, 7169
0.010, 7168
0.010, 7167
0.010, 7166
0.010, 7165
0.010, 7164
0.010, 7163
0.010, 7162
0.010, 7161
0.010, 7160
0.010, 7159
0.011, 7158
0.011, 7157
0.011, 7156
0.011, 7155
0.011, 7154
0.011, 7153
0.011, 7152
0.011, 7151
0.011, 7150
0.011, 7149
0.011, 7148
0.011, 7147
0.011, 7146
0.011, 7145
0.011, 7144
0.011, 7143
0.011, 7142
0.011, 7141
0.011, 7140
0.011, 7139
0.011, 7138
0.011, 7137
0.011, 7136
0.011, 7135
0.011, 7134
0.011, 7133
0.011, 7132
0.011, 7131
0.011, 7130
0.011, 7129
0.011, 7128
0.011, 7127
0.011, 7126
0.011, 7125
0.011, 7124
0.011, 7123
0.011, 7122
0.011, 7121
0.011, 7120
0.011, 7119
0.011, 7118
0.011, 7117
0.011, 7116
0.011, 7115
0.011, 7114
0.011, 7113
0.011, 7112
0.011, 7111
0.011, 7110
0.011, 7109
0.011, 7108
0.011, 7107
0.011, 7106
0.011, 7105
0.011, 7104
0.011, 7103
0.011, 7102
0.011, 7101
0.011, 7100
0.011, 7099
0.011, 7098
0.011, 7097
0.011, 7096
0.011, 7095
0.011, 7094
0.011, 7093
0.011, 7092
0.011, 7091
0.011, 7090
0.011, 7089
0.011, 7088
0.011, 7087
0.011, 7086
0.011, 7085
0.011, 7084
0.011, 7083
0.011, 7082
0.011, 7081
0.011, 7080
0.011, 7079
0.011, 7078
0.011, 7077
0.011, 7076
0.011, 7075
0.011, 7074
0.011, 7073
0.011, 7072
0.011, 7071
0.011, 7070
0.011, 7069
0.011, 7068
0.011, 7067
0.011, 7066
0.011, 7065
0.011, 7064
0.011, 7063
0.011, 7062
0.011, 7061
0.011, 7060
0.011, 7059
0.011, 7058
0.011, 7057
0.011, 7056
0.011, 7055
0.011, 7054
0.011, 7053
0.011, 7052
0.011, 7051
0.011, 7050
0.011, 7049
0.011, 7048
0.011, 7047
0.011, 7046
0.011, 7045
0.011, 7044
0.011, 7043
0.011, 7042
0.011, 7041
0.011, 7040
0.011, 7039
0.011, 7038
0.011, 7037
0.011, 7036
0.011, 7035
0.011, 7034
0.011, 7033
0.011, 7032
0.011, 7031
0.011, 7030
0.011, 7029
0.011, 7028
0.011, 7027
0.011, 7026
0.011, 7025
0.011, 7024
0.011, 7023
0.011, 7022
0.011, 7021
0.011, 7020
0.011, 7019
0.011, 7018
0.011, 7017
0.011, 7016
0.011, 7015
0.011, 7014
0.011, 7013
0.011, 7012
0.011, 7011
0.011, 7010
0.011, 7009
0.011, 7008
0.011, 7007
0.011, 7006
0.011, 7005
0.011, 7004
0.011, 7003
0.011, 7002
0.011, 7001
0.011, 7000
0.011, 6999
0.011, 6998
0.011, 6997
0.011, 6996
0.011, 6995
0.011, 6994
0.011, 6993
0.011, 6992
0.011, 6991
0.011, 6990
0.011, 6989
0.011, 6988
0.011, 6987
0.011, 6986
0.011, 6985
0.011, 6984
0.011, 6983
0.011, 6982
0.011, 6981
0.011, 6980
0.011, 6979
0.011, 6978
0.011, 6977
0.011, 6976
0.011, 6975
0.011, 6974
0.011, 6973
0.011, 6972
0.011, 6971
0.011, 6970
0.011, 6969
0.011, 6968
0.011, 6967
0.011, 6966
0.011, 6965
0.011, 6964
0.011, 6963
0.011, 6962
0.011, 6961
0.011, 6960
0.011, 6959
0.011, 6958
0.011, 6957
0.011, 6956
0.012, 6955
0.012, 6954
0.012, 6953
0.012, 6952
0.012, 6951
0.012, 6950
0.012, 6949
0.012, 6948
0.012, 6947
0.012, 6946
0.012, 6945
0.012, 6944
0.012, 6943
0.012, 6942
0.012, 6941
0.012, 6940
0.012, 6939
0.012, 6938
0.012, 6937
0.012, 6936
0.012, 6935
0.012, 6934
0.012, 6933
0.012, 6932
0.012, 6931
0.012, 6930
0.012, 6929
0.012, 6928
0.012, 6927
0.012, 6926
0.012, 6925
0.012, 6924
0.012, 6923
0.012, 6922
0.012, 6921
0.012, 6920
0.012, 6919
0.012, 6918
0.012, 6917
0.012, 6916
0.012, 6915
0.012, 6914
0.012, 6913
0.012, 6912
0.012, 6911
0.012, 6910
0.012, 6909
0.012, 6908
0.012, 6907
0.012, 6906
0.012, 6905
0.012, 6904
0.012, 6903
0.012, 6902
0.012, 6901
0.012, 6900
0.012, 6899
0.012, 6898
0.012, 6897
0.012, 6896
0.012, 6895
0.012, 6894
0.012, 6893
0.012, 6892
0.012, 6891
0.012, 6890
0.012, 6889
0.012, 6888
0.012, 6887
0.012, 6886
0.012, 6885
0.012, 6884
0.012, 6883
0.012, 6882
0.012, 6881
0.012, 6880
0.012, 6879
0.012, 6878
0.012, 6877
0.012, 6876
0.012, 6875
0.012, 6874
0.012, 6873
0.012, 6872
0.012, 6871
0.012, 6870
0.012, 6869
0.012, 6868
0.012, 6867
0.012, 6866
0.012, 6865
0.012, 6864
0.012, 6863
0.012, 6862
0.012, 6861
0.012, 6860
0.012, 6859
0.012, 6858
0.012, 6857
0.012, 6856
0.012, 6855
0.012, 6854
0.012, 6853
0.012, 6852
0.012, 6851
0.012, 6850
0.012, 6849
0.012, 6848
0.012, 6847
0.012, 6846
0.012, 6845
0.012, 6844
0.012, 6843
0.012, 6842
0.012, 6841
0.012, 6840
0.012, 6839
0.012, 6838
0.012, 6837
0.012, 6836
0.012, 6835
0.012, 6834
0.012, 6833
0.012, 6832
0.012, 6831
0.012, 6830
0.012, 6829
0.012, 6828
0.012, 6827
0.012, 6826
0.012, 6825
0.012, 6824
0.012, 6823
0.012, 6822
0.012, 6821
0.012, 6820
0.012, 6819
0.012, 6818
0.012, 6817
0.012, 6816
0.012, 6815
0.012, 6814
0.012, 6813
0.012, 6812
0.012, 6811
0.012, 6810
0.012, 6809
0.012, 6808
0.012, 6807
0.012, 6806
0.012, 6805
0.012, 6804
0.012, 6803
0.012, 6802
0.012, 6801
0.012, 6800
0.012, 6799
0.012, 6798
0.012, 6797
0.012, 6796
0.012, 6795
0.012, 6794
0.012, 6793
0.012, 6792
0.012, 6791
0.012, 6790
0.012, 6789
0.012, 6788
0.012, 6787
0.012, 6786
0.012, 6785
0.012, 6784
0.012, 6783
0.012, 6782
0.012, 6781
0.012, 6780
0.012, 6779
0.012, 6778
0.012, 6777
0.012, 6776
0.012, 6775
0.012, 6774
0.012, 6773
0.012, 6772
0.012, 6771
0.012, 6770
0.012, 6769
0.012, 6768
0.012, 6767
0.013, 6766
0.013, 6765
0.013, 6764
0.013, 6763
0.013, 6762
0.013, 6761
0.013, 6760
0.013, 6759
0.013, 6758
0.013, 6757
0.013, 6756
0.013, 6755
0.013, 6754
0.013, 6753
0.013, 6752
0.013, 6751
0.013, 6750
0.013, 6749
0.013, 6748
0.013, 6747
0.013, 6746
0.013, 6745
0.013, 6744
0.013, 6743
0.013, 6742
0.013, 6741
0.013, 6740
0.013, 6739
0.013, 6738
0.013, 6737
0.013, 6736
0.013, 6735
0.013, 6734
0.013, 6733
0.013, 6732
0.013, 6731
0.013, 6730
0.013, 6729
0.013, 6728
0.013, 6727
0.013, 6726
0.013, 6725
0.013, 6724
0.013, 6723
0.013, 6722
0.013, 6721
0.013, 6720
0.013, 6719
0.013, 6718
0.013, 6717
0.013, 6716
0.013, 6715
0.013, 6714
0.013, 6713
0.013, 6712
0.013, 6711
0.013, 6710
0.013, 6709
0.013, 6708
0.013, 6707
0.013, 6706
0.013, 6705
0.013, 6704
0.013, 6703
0.013, 6702
0.013, 6701
0.013, 6700
0.013, 6699
0.013, 6698
0.013, 6697
0.013, 6696
0.013, 6695
0.013, 6694
0.013, 6693
0.013, 6692
0.013, 6691
0.013, 6690
0.013, 6689
0.013, 6688
0.013, 6687
0.013, 6686
0.013, 6685
0.013, 6684
0.013, 6683
0.013, 6682
0.013, 6681
0.013, 6680
0.013, 6679
0.013, 6678
0.013, 6677
0.013, 6676
0.013, 6675
0.013, 6674
0.013, 6673
0.013, 6672
0.013, 6671
0.013, 6670
0.013, 6669
0.013, 6668
0.013, 6667
0.013, 6666
0.013, 6665
0.013, 6664
0.013, 6663
0.013, 6662
0.013, 6661
0.013, 6660
0.013, 6659
0.013, 6658
0.013, 6657
0.013, 6656
0.013, 6655
0.013, 6654
0.013, 6653
0.013, 6652
0.013, 6651
0.013, 6650
0.013, 6649
0.013, 6648
0.013, 6647
0.013, 6646
0.013, 6645
0.013, 6644
0.013, 6643
0.013, 6642
0.013, 6641
0.013, 6640
0.013, 6639
0.013, 6638
0.013, 6637
0.013, 6636
0.013, 6635
0.013, 6634
0.013, 6633
0.013, 6632
0.013, 6631
0.013, 6630
0.013, 6629
0.013, 6628
0.013, 6627
0.013, 6626
0.013, 6625
0.013, 6624
0.013, 6623
0.013, 6622
0.013, 6621
0.013, 6620
0.013, 6619
0.013, 6618
0.013, 6617
0.013, 6616
0.013, 6615
0.013, 6614
0.013, 6613
0.013, 6612
0.013, 6611
0.013, 6610
0.013, 6609
0.013, 6608
0.013, 6607
0.013, 6606
0.013, 6605
0.013, 6604
0.013, 6603
0.013, 6602
0.013, 6601
0.013, 6600
0.013, 6599
0.013, 6598
0.013, 6597
0.013, 6596
0.013, 6595
0.013, 6594
0.013, 6593
0.013, 6592
0.013, 6591
0.013, 6590
0.013, 6589
0.013, 6588
0.013, 6587
0.013, 6586
0.013, 6585
0.013, 6584
0.013, 6583
0.013, 6582
0.013, 6581
0.013, 6580
0.013, 6579
0.013, 6578
0.014, 6577
0.014, 6576
0.014, 6575
0.014, 6574
0.014, 6573
0.014, 6572
0.014, 6571
0.014, 6570
0.014, 6569
0.014, 6568
0.014, 6567
0.014, 6566
0.014, 6565
0.014, 6564
0.014, 6563
0.014, 6562
0.014, 6561
0.014, 6560
0.014, 6559
0.014, 6558
0.014, 6557
0.014, 6556
0.014, 6555
0.014, 6554
0.014, 6553
0.014, 6552
0.014, 6551
0.014, 6550
0.014, 6549
0.014, 6548
0.014, 6547
0.014, 6546
0.014, 6545
0.014, 6544
0.014, 6543
0.014, 6542
0.014, 6541
0.014, 6540
0.014, 6539
0.014, 6538
0.014, 6537
0.014, 6536
0.014, 6535
0.014, 6534
0.014, 6533
0.014, 6532
0.014, 6531
0.014, 6530
0.014, 6529
0.014, 6528
0.014, 6527
0.014, 6526
0.014, 6525
0.014, 6524
0.014, 6523
0.014, 6522
0.014, 6521
0.014, 6520
0.014, 6519
0.014, 6518
0.014, 6517
0.014, 6516
0.014, 6515
0.014, 6514
0.014, 6513
0.014, 6512
0.014, 6511
0.014, 6510
0.014, 6509
0.014, 6508
0.014, 6507
0.014, 6506
0.014, 6505
0.014, 6504
0.014, 6503
0.014, 6502
0.014, 6501
0.014, 6500
0.014, 6499
0.014, 6498
0.014, 6497
0.014, 6496
0.014, 6495
0.014, 6494
0.014, 6493
0.014, 6492
0.014, 6491
0.014, 6490
0.014, 6489
0.014, 6488
0.014, 6487
0.014, 6486
0.014, 6485
0.014, 6484
0.014, 6483
0.014, 6482
0.014, 6481
0.014, 6480
0.014, 6479
0.014, 6478
0.014, 6477
0.014, 6476
0.014, 6475
0.014, 6474
0.014, 6473
0.014, 6472
0.014, 6471
0.014, 6470
0.014, 6469
0.014, 6468
0.014, 6467
0.014, 6466
0.014, 6465
0.014, 6464
0.014, 6463
0.014, 6462
0.014, 6461
0.014, 6460
0.014, 6459
0.014, 6458
0.014, 6457
0.014, 6456
0.014, 6455
0.014, 6454
0.014, 6453
0.014, 6452
0.014, 6451
0.014, 6450
0.014, 6449
0.014, 6448
0.014, 6447
0.014, 6446
0.014, 6445
0.014, 6444
0.014, 6443
0.014, 6442
0.014, 6441
0.014, 6440
0.014, 6439
0.014, 6438
0.014, 6437
0.014, 6436
0.014, 6435
0.014, 6434
0.014, 6433
0.014, 6432
0.014, 6431
0.014, 6430
0.014, 6429
0.014, 6428
0.014, 6427
0.014, 6426
0.014, 6425
0.014, 6424
0.014, 6423
0.014, 6422
0.014, 6421
0.014, 6420
0.014, 6419
0.014, 6418
0.014, 6417
0.014, 6416
0.014, 6415
0.014, 6414
0.014, 6413
0.014, 6412
0.014, 6411
0.014, 6410
0.014, 6409
0.014, 6408
0.014, 6407
0.014, 6406
0.014, 6405
0.014, 6404
0.014, 6403
0.014, 6402
0.014, 6401
0.014, 6400
0.014, 6399
0.014, 6398
0.014, 6397
0.014, 6396
0.014, 6395
0.014, 6394
0.014, 6393
0.014, 6392
0.014, 6391
0.014, 6390
0.014, 6389
0.014, 6388
0.014, 6387
0.014, 6386
0.014, 6385
0.014, 6384
0.014, 6383
0.014, 6382
0.014, 6381
0.014, 6380
0.014, 6379
0.014, 6378
0.014, 6377
0.014, 6376
0.014, 6375
0.014, 6374
0.014, 6373
0.014, 6372
0.014, 6371
0.014, 6370
0.014, 6369
0.014, 6368
0.014, 6367
0.014, 6366
0.014, 6365
0.014, 6364
0.014, 6363
0.015, 6362
0.015, 6361
0.015, 6360
0.015, 6359
0.015, 6358
0.015, 6357
0.015, 6356
0.015, 6355
0.015, 6354
0.015, 6353
0.015, 6352
0.015, 6351
0.015, 6350
0.015, 6349
0.015, 6348
0.015, 6347
0.015, 6346
0.015, 6345
0.015, 6344
0.015, 6343
0.015, 6342
0.015, 6341
0.015, 6340
0.015, 6339
0.015, 6338
0.015, 6337
0.015, 6336
0.015, 6335
0.015, 6334
0.015, 6333
0.015, 6332
0.015, 6331
0.015, 6330
0.015, 6329
0.015, 6328
0.015, 6327
0.015, 6326
0.015, 6325
0.015, 6324
0.015, 6323
0.015, 6322
0.015, 6321
0.015, 6320
0.015, 6319
0.015, 6318
0.015, 6317
0.015, 6316
0.015, 6315
0.015, 6314
0.015, 6313
0.015, 6312
0.015, 6311
0.015, 6310
0.015, 6309
0.015, 6308
0.015, 6307
0.015, 6306
0.015, 6305
0.015, 6304
0.015, 6303
0.015, 6302
0.015, 6301
0.015, 6300
0.015, 6299
0.015, 6298
0.015, 6297
0.015, 6296
0.015, 6295
0.015, 6294
0.015, 6293
0.015, 6292
0.015, 6291
0.015, 6290
0.015, 6289
0.015, 6288
0.015, 6287
0.015, 6286
0.015, 6285
0.015, 6284
0.015, 6283
0.015, 6282
0.015, 6281
0.015, 6280
0.015, 6279
0.015, 6278
0.015, 6277
0.015, 6276
0.015, 6275
0.015, 6274
0.015, 6273
0.015, 6272
0.015, 6271
0.015, 6270
0.015, 6269
0.015, 6268
0.015, 6267
0.015, 6266
0.015, 6265
0.015, 6264
0.015, 6263
0.015, 6262
0.015, 6261
0.015, 6260
0.015, 6259
0.015, 6258
0.015, 6257
0.015, 6256
0.015, 6255
0.015, 6254
0.015, 6253
0.015, 6252
0.015, 6251
0.015, 6250
0.015, 6249
0.015, 6248
0.015, 6247
0.015, 6246
0.015, 6245
0.015, 6244
0.015, 6243
0.015, 6242
0.015, 6241
0.015, 6240
0.015, 6239
0.015, 6238
0.015, 6237
0.015, 6236
0.015, 6235
0.015, 6234
0.015, 6233
0.015, 6232
0.015, 6231
0.015, 6230
0.015, 6229
0.015, 6228
0.015, 6227
0.015, 6226
0.015, 6225
0.015, 6224
0.015, 6223
0.015, 6222
0.015, 6221
0.015, 6220
0.015, 6219
0.015, 6218
0.015, 6217
0.015, 6216
0.015, 6215
0.015, 6214
0.015, 6213
0.015, 6212
0.015, 6211
0.015, 6210
0.015, 6209
0.015, 6208
0.015, 6207
0.015, 6206
0.015, 6205
0.015, 6204
0.015, 6203
0.015, 6202
0.015, 6201
0.015, 6200
0.015, 6199
0.015, 6198
0.015, 6197
0.016, 6196
0.016, 6195
0.016, 6194
0.016, 6193
0.016, 6192
0.016, 6191
0.016, 6190
0.016, 6189
0.016, 6188
0.016, 6187
0.016, 6186
0.016, 6185
0.016, 6184
0.016, 6183
0.016, 6182
0.016, 6181
0.016, 6180
0.016, 6179
0.016, 6178
0.016, 6177
0.016, 6176
0.016, 6175
0.016, 6174
0.016, 6173
0.016, 6172
0.016, 6171
0.016, 6170
0.016, 6169
0.016, 6168
0.016, 6167
0.016, 6166
0.016, 6165
0.016, 6164
0.016, 6163
0.016, 6162
0.016, 6161
0.016, 6160
0.016, 6159
0.016, 6158
0.016, 6157
0.016, 6156
0.016, 6155
0.016, 6154
0.016, 6153
0.016, 6152
0.016, 6151
0.016, 6150
0.016, 6149
0.016, 6148
0.016, 6147
0.016, 6146
0.016, 6145
0.016, 6144
0.016, 6143
0.016, 6142
0.016, 6141
0.016, 6140
0.016, 6139
0.016, 6138
0.016, 6137
0.016, 6136
0.016, 6135
0.016, 6134
0.016, 6133
0.016, 6132
0.016, 6131
0.016, 6130
0.016, 6129
0.016, 6128
0.016, 6127
0.016, 6126
0.016, 6125
0.016, 6124
0.016, 6123
0.016, 6122
0.016, 6121
0.016, 6120
0.016, 6119
0.016, 6118
0.016, 6117
0.016, 6116
0.016, 6115
0.016, 6114
0.016, 6113
0.016, 6112
0.016, 6111
0.016, 6110
0.016, 6109
0.016, 6108
0.016, 6107
0.016, 6106
0.016, 6105
0.016, 6104
0.016, 6103
0.016, 6102
0.016, 6101
0.016, 6100
0.016, 6099
0.016, 6098
0.016, 6097
0.016, 6096
0.016, 6095
0.016, 6094
0.016, 6093
0.016, 6092
0.016, 6091
0.016, 6090
0.016, 6089
0.016, 6088
0.016, 6087
0.016, 6086
0.016, 6085
0.016, 6084
0.016, 6083
0.016, 6082
0.016, 6081
0.016, 6080
0.016, 6079
0.016, 6078
0.016, 6077
0.016, 6076
0.016, 6075
0.016, 6074
0.016, 6073
0.016, 6072
0.016, 6071
0.016, 6070
0.016, 6069
0.016, 6068
0.016, 6067
0.016, 6066
0.016, 6065
0.016, 6064
0.016, 6063
0.016, 6062
0.016, 6061
0.016, 6060
0.016, 6059
0.016, 6058
0.016, 6057
0.016, 6056
0.016, 6055
0.016, 6054
0.016, 6053
0.016, 6052
0.016, 6051
0.016, 6050
0.016, 6049
0.016, 6048
0.016, 6047
0.016, 6046
0.016, 6045
0.016, 6044
0.016, 6043
0.016, 6042
0.016, 6041
0.016, 6040
0.016, 6039
0.016, 6038
0.016, 6037
0.016, 6036
0.016, 6035
0.016, 6034
0.016, 6033
0.016, 6032
0.016, 6031
0.016, 6030
0.016, 6029
0.016, 6028
0.016, 6027
0.016, 6026
0.016, 6025
0.016, 6024
0.016, 6023
0.016, 6022
0.016, 6021
0.016, 6020
0.016, 6019
0.016, 6018
0.016, 6017
0.016, 6016
0.016, 6015
0.016, 6014
0.016, 6013
0.016, 6012
0.016, 6011
0.016, 6010
0.016, 6009
0.016, 6008
0.016, 6007
0.016, 6006
0.016, 6005
0.017, 6004
0.017, 6003
0.017, 6002
0.017, 6001
0.017, 6000
0.017, 5999
0.017, 5998
0.017, 5997
0.017, 5996
0.017, 5995
0.017, 5994
0.017, 5993
0.017, 5992
0.017, 5991
0.017, 5990
0.017, 5989
0.017, 5988
0.017, 5987
0.017, 5986
0.017, 5985
0.017, 5984
0.017, 5983
0.017, 5982
0.017, 5981
0.017, 5980
0.017, 5979
0.017, 5978
0.017, 5977
0.017, 5976
0.017, 5975
0.017, 5974
0.017, 5973
0.017, 5972
0.017, 5971
0.017, 5970
0.017, 5969
0.017, 5968
0.017, 5967
0.017, 5966
0.017, 5965
0.017, 5964
0.017, 5963
0.017, 5962
0.017, 5961
0.017, 5960
0.017, 5959
0.017, 5958
0.017, 5957
0.017, 5956
0.017, 5955
0.017, 5954
0.017, 5953
0.017, 5952
0.017, 5951
0.017, 5950
0.017, 5949
0.017, 5948
0.017, 5947
0.017, 5946
0.017, 5945
0.017, 5944
0.017, 5943
0.017, 5942
0.017, 5941
0.017, 5940
0.017, 5939
0.017, 5938
0.017, 5937
0.017, 5936
0.017, 5935
0.017, 5934
0.017, 5933
0.017, 5932
0.017, 5931
0.017, 5930
0.017, 5929
0.017, 5928
0.017, 5927
0.017, 5926
0.017, 5925
0.017, 5924
0.017, 5923
0.017, 5922
0.017, 5921
0.017, 5920
0.017, 5919
0.017, 5918
0.017, 5917
0.017, 5916
0.017, 5915
0.017, 5914
0.017, 5913
0.017, 5912
0.017, 5911
0.017, 5910
0.017, 5909
0.017, 5908
0.017, 5907
0.017, 5906
0.017, 5905
0.017, 5904
0.017, 5903
0.017, 5902
0.017, 5901
0.017, 5900
0.017, 5899
0.017, 5898
0.017, 5897
0.017, 5896
0.017, 5895
0.017, 5894
0.017, 5893
0.017, 5892
0.017, 5891
0.017, 5890
0.017, 5889
0.017, 5888
0.017, 5887
0.017, 5886
0.017, 5885
0.017, 5884
0.017, 5883
0.017, 5882
0.017, 5881
0.017, 5880
0.017, 5879
0.017, 5878
0.017, 5877
0.017, 5876
0.017, 5875
0.017, 5874
0.017, 5873
0.017, 5872
0.017, 5871
0.017, 5870
0.017, 5869
0.017, 5868
0.017, 5867
0.017, 5866
0.017, 5865
0.017, 5864
0.017, 5863
0.017, 5862
0.017, 5861
0.017, 5860
0.017, 5859
0.017, 5858
0.017, 5857
0.017, 5856
0.017, 5855
0.017, 5854
0.017, 5853
0.017, 5852
0.017, 5851
0.017, 5850
0.017, 5849
0.017, 5848
0.017, 5847
0.017, 5846
0.017, 5845
0.017, 5844
0.017, 5843
0.017, 5842
0.017, 5841
0.017, 5840
0.017, 5839
0.017, 5838
0.017, 5837
0.017, 5836
0.017, 5835
0.017, 5834
0.017, 5833
0.017, 5832
0.017, 5831
0.017, 5830
0.017, 5829
0.017, 5828
0.017, 5827
0.017, 5826
0.017, 5825
0.017, 5824
0.017, 5823
0.017, 5822
0.017, 5821
0.017, 5820
0.017, 5819
0.017, 5818
0.017, 5817
0.017, 5816
0.017, 5815
0.017, 5814
0.017, 5813
0.017, 5812
0.017, 5811
0.017, 5810
0.017, 5809
0.017, 5808
0.017, 5807
0.017, 5806
0.017, 5805
0.017, 5804
0.017, 5803
0.017, 5802
0.017, 5801
0.017, 5800
0.017, 5799
0.017, 5798
0.017, 5797
0.017, 5796
0.017, 5795
0.017, 5794
0.017, 5793
0.017, 5792
0.017, 5791
0.017, 5790
0.017, 5789
0.018, 5788
0.018, 5787
0.018, 5786
0.018, 5785
0.018, 5784
0.018, 5783
0.018, 5782
0.018, 5781
0.018, 5780
0.018, 5779
0.018, 5778
0.018, 5777
0.018, 5776
0.018, 5775
0.018, 5774
0.018, 5773
0.018, 5772
0.018, 5771
0.018, 5770
0.018, 5769
0.018, 5768
0.018, 5767
0.018, 5766
0.018, 5765
0.018, 5764
0.018, 5763
0.018, 5762
0.018, 5761
0.018, 5760
0.018, 5759
0.018, 5758
0.018, 5757
0.018, 5756
0.018, 5755
0.018, 5754
0.018, 5753
0.018, 5752
0.018, 5751
0.018, 5750
0.018, 5749
0.018, 5748
0.018, 5747
0.018, 5746
0.018, 5745
0.018, 5744
0.018, 5743
0.018, 5742
0.018, 5741
0.018, 5740
0.018, 5739
0.018, 5738
0.018, 5737
0.018, 5736
0.018, 5735
0.018, 5734
0.018, 5733
0.018, 5732
0.018, 5731
0.018, 5730
0.018, 5729
0.018, 5728
0.018, 5727
0.018, 5726
0.018, 5725
0.018, 5724
0.018, 5723
0.018, 5722
0.018, 5721
0.018, 5720
0.018, 5719
0.018, 5718
0.018, 5717
0.018, 5716
0.018, 5715
0.018, 5714
0.018, 5713
0.018, 5712
0.018, 5711
0.018, 5710
0.018, 5709
0.018, 5708
0.018, 5707
0.018, 5706
0.018, 5705
0.018, 5704
0.018, 5703
0.018, 5702
0.018, 5701
0.018, 5700
0.018, 5699
0.018, 5698
0.018, 5697
0.018, 5696
0.018, 5695
0.018, 5694
0.018, 5693
0.018, 5692
0.018, 5691
0.018, 5690
0.018, 5689
0.018, 5688
0.018, 5687
0.018, 5686
0.018, 5685
0.018, 5684
0.018, 5683
0.018, 5682
0.018, 5681
0.018, 5680
0.018, 5679
0.018, 5678
0.018, 5677
0.018, 5676
0.018, 5675
0.018, 5674
0.018, 5673
0.018, 5672
0.018, 5671
0.018, 5670
0.018, 5669
0.018, 5668
0.018, 5667
0.018, 5666
0.018, 5665
0.018, 5664
0.018, 5663
0.018, 5662
0.018, 5661
0.018, 5660
0.018, 5659
0.018, 5658
0.018, 5657
0.018, 5656
0.018, 5655
0.018, 5654
0.018, 5653
0.018, 5652
0.018, 5651
0.018, 5650
0.018, 5649
0.018, 5648
0.018, 5647
0.018, 5646
0.018, 5645
0.018, 5644
0.018, 5643
0.018, 5642
0.018, 5641
0.018, 5640
0.018, 5639
0.018, 5638
0.018, 5637
0.018, 5636
0.018, 5635
0.018, 5634
0.018, 5633
0.018, 5632
0.018, 5631
0.018, 5630
0.018, 5629
0.019, 5628
0.019, 5627
0.019, 5626
0.019, 5625
0.019, 5624
0.019, 5623
0.019, 5622
0.019, 5621
0.019, 5620
0.019, 5619
0.019, 5618
0.019, 5617
0.019, 5616
0.019, 5615
0.019, 5614
0.019, 5613
0.019, 5612
0.019, 5611
0.019, 5610
0.019, 5609
0.019, 5608
0.019, 5607
0.019, 5606
0.019, 5605
0.019, 5604
0.019, 5603
0.019, 5602
0.019, 5601
0.019, 5600
0.019, 5599
0.019, 5598
0.019, 5597
0.019, 5596
0.019, 5595
0.019, 5594
0.019, 5593
0.019, 5592
0.019, 5591
0.019, 5590
0.019, 5589
0.019, 5588
0.019, 5587
0.019, 5586
0.019, 5585
0.019, 5584
0.019, 5583
0.019, 5582
0.019, 5581
0.019, 5580
0.019, 5579
0.019, 5578
0.019, 5577
0.019, 5576
0.019, 5575
0.019, 5574
0.019, 5573
0.019, 5572
0.019, 5571
0.019, 5570
0.019, 5569
0.019, 5568
0.019, 5567
0.019, 5566
0.019, 5565
0.019, 5564
0.019, 5563
0.019, 5562
0.019, 5561
0.019, 5560
0.019, 5559
0.019, 5558
0.019, 5557
0.019, 5556
0.019, 5555
0.019, 5554
0.019, 5553
0.019, 5552
0.019, 5551
0.019, 5550
0.019, 5549
0.019, 5548
0.019, 5547
0.019, 5546
0.019, 5545
0.019, 5544
0.019, 5543
0.019, 5542
0.019, 5541
0.019, 5540
0.019, 5539
0.019, 5538
0.019, 5537
0.019, 5536
0.019, 5535
0.019, 5534
0.019, 5533
0.019, 5532
0.019, 5531
0.019, 5530
0.019, 5529
0.019, 5528
0.019, 5527
0.019, 5526
0.019, 5525
0.019, 5524
0.019, 5523
0.019, 5522
0.019, 5521
0.019, 5520
0.019, 5519
0.019, 5518
0.019, 5517
0.019, 5516
0.019, 5515
0.019, 5514
0.019, 5513
0.019, 5512
0.019, 5511
0.019, 5510
0.019, 5509
0.019, 5508
0.019, 5507
0.019, 5506
0.019, 5505
0.019, 5504
0.019, 5503
0.019, 5502
0.019, 5501
0.019, 5500
0.019, 5499
0.019, 5498
0.019, 5497
0.019, 5496
0.019, 5495
0.019, 5494
0.019, 5493
0.019, 5492
0.019, 5491
0.019, 5490
0.019, 5489
0.019, 5488
0.019, 5487
0.019, 5486
0.019, 5485
0.019, 5484
0.019, 5483
0.019, 5482
0.019, 5481
0.019, 5480
0.019, 5479
0.019, 5478
0.019, 5477
0.019, 5476
0.019, 5475
0.019, 5474
0.019, 5473
0.019, 5472
0.019, 5471
0.019, 5470
0.019, 5469
0.019, 5468
0.019, 5467
0.019, 5466
0.019, 5465
0.019, 5464
0.019, 5463
0.019, 5462
0.019, 5461
0.019, 5460
0.019, 5459
0.019, 5458
0.019, 5457
0.019, 5456
0.019, 5455
0.019, 5454
0.020, 5453
0.020, 5452
0.020, 5451
0.020, 5450
0.020, 5449
0.020, 5448
0.020, 5447
0.020, 5446
0.020, 5445
0.020, 5444
0.020, 5443
0.020, 5442
0.020, 5441
0.020, 5440
0.020, 5439
0.020, 5438
0.020, 5437
0.020, 5436
0.020, 5435
0.020, 5434
0.020, 5433
0.020, 5432
0.020, 5431
0.020, 5430
0.020, 5429
0.020, 5428
0.020, 5427
0.020, 5426
0.020, 5425
0.020, 5424
0.020, 5423
0.020, 5422
0.020, 5421
0.020, 5420
0.020, 5419
0.020, 5418
0.020, 5417
0.020, 5416
0.020, 5415
0.020, 5414
0.020, 5413
0.020, 5412
0.020, 5411
0.020, 5410
0.020, 5409
0.020, 5408
0.020, 5407
0.020, 5406
0.020, 5405
0.020, 5404
0.020, 5403
0.020, 5402
0.020, 5401
0.020, 5400
0.020, 5399
0.020, 5398
0.020, 5397
0.020, 5396
0.020, 5395
0.020, 5394
0.020, 5393
0.020, 5392
0.020, 5391
0.020, 5390
0.020, 5389
0.020, 5388
0.020, 5387
0.020, 5386
0.020, 5385
0.020, 5384
0.020, 5383
0.020, 5382
0.020, 5381
0.020, 5380
0.020, 5379
0.020, 5378
0.020, 5377
0.020, 5376
0.020, 5375
0.020, 5374
0.020, 5373
0.020, 5372
0.020, 5371
0.020, 5370
0.020, 5369
0.020, 5368
0.020, 5367
0.020, 5366
0.020, 5365
0.020, 5364
0.020, 5363
0.020, 5362
0.020, 5361
0.020, 5360
0.020, 5359
0.020, 5358
0.020, 5357
0.020, 5356
0.020, 5355
0.020, 5354
0.020, 5353
0.020, 5352
0.020, 5351
0.020, 5350
0.020, 5349
0.020, 5348
0.020, 5347
0.020, 5346
0.020, 5345
0.020, 5344
0.020, 5343
0.020, 5342
0.020, 5341
0.020, 5340
0.020, 5339
0.020, 5338
0.020, 5337
0.020, 5336
0.020, 5335
0.020, 5334
0.020, 5333
0.020, 5332
0.020, 5331
0.020, 5330
0.020, 5329
0.020, 5328
0.020, 5327
0.020, 5326
0.020, 5325
0.020, 5324
0.020, 5323
0.020, 5322
0.020, 5321
0.020, 5320
0.020, 5319
0.020, 5318
0.020, 5317
0.020, 5316
0.020, 5315
0.020, 5314
0.020, 5313
0.020, 5312
0.020, 5311
0.020, 5310
0.020, 5309
0.020, 5308
0.020, 5307
0.020, 5306
0.020, 5305
0.020, 5304
0.020, 5303
0.020, 5302
0.021, 5301
0.021, 5300
0.021, 5299
0.021, 5298
0.021, 5297
0.021, 5296
0.021, 5295
0.021, 5294
0.021, 5293
0.021, 5292
0.021, 5291
0.021, 5290
0.021, 5289
0.021, 5288
0.021, 5287
0.021, 5286
0.021, 5285
0.021, 5284
0.021, 5283
0.021, 5282
0.021, 5281
0.021, 5280
0.021, 5279
0.021, 5278
0.021, 5277
0.021, 5276
0.021, 5275
0.021, 5274
0.021, 5273
0.021, 5272
0.021, 5271
0.021, 5270
0.021, 5269
0.021, 5268
0.021, 5267
0.021, 5266
0.021, 5265
0.021, 5264
0.021, 5263
0.021, 5262
0.021, 5261
0.021, 5260
0.021, 5259
0.021, 5258
0.021, 5257
0.021, 5256
0.021, 5255
0.021, 5254
0.021, 5253
0.021, 5252
0.021, 5251
0.021, 5250
0.021, 5249
0.021, 5248
0.021, 5247
0.021, 5246
0.021, 5245
0.021, 5244
0.021, 5243
0.021, 5242
0.021, 5241
0.021, 5240
0.021, 5239
0.021, 5238
0.021, 5237
0.021, 5236
0.021, 5235
0.021, 5234
0.021, 5233
0.021, 5232
0.021, 5231
0.021, 5230
0.021, 5229
0.021, 5228
0.021, 5227
0.021, 5226
0.021, 5225
0.021, 5224
0.021, 5223
0.021, 5222
0.021, 5221
0.021, 5220
0.021, 5219
0.021, 5218
0.021, 5217
0.021, 5216
0.021, 5215
0.021, 5214
0.021, 5213
0.021, 5212
0.021, 5211
0.021, 5210
0.021, 5209
0.021, 5208
0.021, 5207
0.021, 5206
0.021, 5205
0.021, 5204
0.021, 5203
0.021, 5202
0.021, 5201
0.021, 5200
0.021, 5199
0.021, 5198
0.021, 5197
0.021, 5196
0.021, 5195
0.021, 5194
0.021, 5193
0.021, 5192
0.021, 5191
0.021, 5190
0.021, 5189
0.021, 5188
0.021, 5187
0.022, 5186
0.022, 5185
0.022, 5184
0.022, 5183
0.022, 5182
0.022, 5181
0.022, 5180
0.022, 5179
0.022, 5178
0.022, 5177
0.022, 5176
0.022, 5175
0.022, 5174
0.022, 5173
0.022, 5172
0.022, 5171
0.022, 5170
0.022, 5169
0.022, 5168
0.022, 5167
0.022, 5166
0.022, 5165
0.022, 5164
0.022, 5163
0.022, 5162
0.022, 5161
0.022, 5160
0.022, 5159
0.022, 5158
0.022, 5157
0.022, 5156
0.022, 5155
0.022, 5154
0.022, 5153
0.022, 5152
0.022, 5151
0.022, 5150
0.022, 5149
0.022, 5148
0.022, 5147
0.022, 5146
0.022, 5145
0.022, 5144
0.022, 5143
0.022, 5142
0.022, 5141
0.022, 5140
0.022, 5139
0.022, 5138
0.022, 5137
0.022, 5136
0.022, 5135
0.022, 5134
0.022, 5133
0.022, 5132
0.022, 5131
0.022, 5130
0.022, 5129
0.022, 5128
0.022, 5127
0.022, 5126
0.022, 5125
0.022, 5124
0.022, 5123
0.022, 5122
0.022, 5121
0.022, 5120
0.022, 5119
0.022, 5118
0.022, 5117
0.022, 5116
0.022, 5115
0.022, 5114
0.022, 5113
0.022, 5112
0.022, 5111
0.022, 5110
0.022, 5109
0.022, 5108
0.022, 5107
0.022, 5106
0.022, 5105
0.022, 5104
0.022, 5103
0.022, 5102
0.022, 5101
0.022, 5100
0.023, 5099
0.023, 5098
0.023, 5097
0.023, 5096
0.023, 5095
0.023, 5094
0.023, 5093
0.023, 5092
0.023, 5091
0.023, 5090
0.023, 5089
0.023, 5088
0.023, 5087
0.023, 5086
0.023, 5085
0.023, 5084
0.023, 5083
0.023, 5082
0.023, 5081
0.023, 5080
0.023, 5079
0.023, 5078
0.023, 5077
0.023, 5076
0.023, 5075
0.023, 5074
0.023, 5073
0.023, 5072
0.023, 5071
0.023, 5070
0.023, 5069
0.023, 5068
0.023, 5067
0.023, 5066
0.023, 5065
0.023, 5064
0.023, 5063
0.023, 5062
0.023, 5061
0.023, 5060
0.023, 5059
0.023, 5058
0.023, 5057
0.023, 5056
0.023, 5055
0.023, 5054
0.023, 5053
0.023, 5052
0.023, 5051
0.023, 5050
0.023, 5049
0.023, 5048
0.023, 5047
0.023, 5046
0.023, 5045
0.023, 5044
0.023, 5043
0.023, 5042
0.023, 5041
0.023, 5040
0.023, 5039
0.023, 5038
0.023, 5037
0.023, 5036
0.023, 5035
0.023, 5034
0.023, 5033
0.023, 5032
0.023, 5031
0.023, 5030
0.023, 5029
0.023, 5028
0.023, 5027
0.023, 5026
0.023, 5025
0.023, 5024
0.023, 5023
0.023, 5022
0.023, 5021
0.023, 5020
0.023, 5019
0.023, 5018
0.023, 5017
0.023, 5016
0.023, 5015
0.023, 5014
0.023, 5013
0.023, 5012
0.023, 5011
0.023, 5010
0.023, 5009
0.023, 5008
0.023, 5007
0.023, 5006
0.023, 5005
0.023, 5004
0.023, 5003
0.023, 5002
0.023, 5001
0.023, 5000
0.023, 4999
0.023, 4998
0.023, 4997
0.023, 4996
0.023, 4995
0.023, 4994
0.023, 4993
0.023, 4992
0.023, 4991
0.023, 4990
0.023, 4989
0.023, 4988
0.023, 4987
0.023, 4986
0.023, 4985
0.023, 4984
0.023, 4983
0.023, 4982
0.023, 4981
0.023, 4980
0.023, 4979
0.023, 4978
0.023, 4977
0.023, 4976
0.023, 4975
0.023, 4974
0.023, 4973
0.023, 4972
0.023, 4971
0.023, 4970
0.023, 4969
0.023, 4968
0.023, 4967
0.023, 4966
0.023, 4965
0.023, 4964
0.023, 4963
0.023, 4962
0.023, 4961
0.023, 4960
0.023, 4959
0.023, 4958
0.024, 4957
0.024, 4956
0.024, 4955
0.024, 4954
0.024, 4953
0.024, 4952
0.024, 4951
0.024, 4950
0.024, 4949
0.024, 4948
0.024, 4947
0.024, 4946
0.024, 4945
0.024, 4944
0.024, 4943
0.024, 4942
0.024, 4941
0.024, 4940
0.024, 4939
0.024, 4938
0.024, 4937
0.024, 4936
0.024, 4935
0.024, 4934
0.024, 4933
0.024, 4932
0.024, 4931
0.024, 4930
0.024, 4929
0.024, 4928
0.024, 4927
0.024, 4926
0.024, 4925
0.024, 4924
0.024, 4923
0.024, 4922
0.024, 4921
0.024, 4920
0.024, 4919
0.024, 4918
0.024, 4917
0.024, 4916
0.024, 4915
0.024, 4914
0.024, 4913
0.024, 4912
0.024, 4911
0.024, 4910
0.024, 4909
0.024, 4908
0.024, 4907
0.024, 4906
0.024, 4905
0.024, 4904
0.024, 4903
0.024, 4902
0.024, 4901
0.024, 4900
0.024, 4899
0.024, 4898
0.024, 4897
0.024, 4896
0.024, 4895
0.024, 4894
0.024, 4893
0.024, 4892
0.024, 4891
0.024, 4890
0.024, 4889
0.024, 4888
0.024, 4887
0.024, 4886
0.024, 4885
0.024, 4884
0.024, 4883
0.024, 4882
0.024, 4881
0.024, 4880
0.024, 4879
0.024, 4878
0.024, 4877
0.024, 4876
0.024, 4875
0.024, 4874
0.024, 4873
0.024, 4872
0.024, 4871
0.024, 4870
0.024, 4869
0.024, 4868
0.024, 4867
0.024, 4866
0.024, 4865
0.024, 4864
0.024, 4863
0.024, 4862
0.024, 4861
0.024, 4860
0.024, 4859
0.024, 4858
0.024, 4857
0.024, 4856
0.024, 4855
0.024, 4854
0.024, 4853
0.024, 4852
0.024, 4851
0.024, 4850
0.024, 4849
0.024, 4848
0.024, 4847
0.024, 4846
0.024, 4845
0.024, 4844
0.024, 4843
0.024, 4842
0.024, 4841
0.024, 4840
0.024, 4839
0.024, 4838
0.024, 4837
0.024, 4836
0.024, 4835
0.024, 4834
0.024, 4833
0.024, 4832
0.024, 4831
0.024, 4830
0.024, 4829
0.024, 4828
0.024, 4827
0.024, 4826
0.024, 4825
0.024, 4824
0.024, 4823
0.024, 4822
0.024, 4821
0.024, 4820
0.024, 4819
0.024, 4818
0.024, 4817
0.024, 4816
0.024, 4815
0.024, 4814
0.024, 4813
0.024, 4812
0.024, 4811
0.024, 4810
0.024, 4809
0.024, 4808
0.025, 4807
0.025, 4806
0.025, 4805
0.025, 4804
0.025, 4803
0.025, 4802
0.025, 4801
0.025, 4800
0.025, 4799
0.025, 4798
0.025, 4797
0.025, 4796
0.025, 4795
0.025, 4794
0.025, 4793
0.025, 4792
0.025, 4791
0.025, 4790
0.025, 4789
0.025, 4788
0.025, 4787
0.025, 4786
0.025, 4785
0.025, 4784
0.025, 4783
0.025, 4782
0.025, 4781
0.025, 4780
0.025, 4779
0.025, 4778
0.025, 4777
0.025, 4776
0.025, 4775
0.025, 4774
0.025, 4773
0.025, 4772
0.025, 4771
0.025, 4770
0.025, 4769
0.025, 4768
0.025, 4767
0.025, 4766
0.025, 4765
0.025, 4764
0.025, 4763
0.025, 4762
0.025, 4761
0.025, 4760
0.025, 4759
0.025, 4758
0.025, 4757
0.025, 4756
0.025, 4755
0.025, 4754
0.025, 4753
0.025, 4752
0.025, 4751
0.025, 4750
0.025, 4749
0.025, 4748
0.025, 4747
0.025, 4746
0.025, 4745
0.025, 4744
0.025, 4743
0.025, 4742
0.025, 4741
0.025, 4740
0.025, 4739
0.025, 4738
0.025, 4737
0.025, 4736
0.025, 4735
0.025, 4734
0.025, 4733
0.025, 4732
0.025, 4731
0.025, 4730
0.025, 4729
0.025, 4728
0.025, 4727
0.025, 4726
0.025, 4725
0.025, 4724
0.025, 4723
0.025, 4722
0.025, 4721
0.025, 4720
0.025, 4719
0.025, 4718
0.025, 4717
0.025, 4716
0.025, 4715
0.025, 4714
0.025, 4713
0.025, 4712
0.025, 4711
0.025, 4710
0.025, 4709
0.025, 4708
0.025, 4707
0.025, 4706
0.025, 4705
0.025, 4704
0.025, 4703
0.025, 4702
0.025, 4701
0.025, 4700
0.025, 4699
0.025, 4698
0.025, 4697
0.025, 4696
0.025, 4695
0.025, 4694
0.025, 4693
0.025, 4692
0.025, 4691
0.025, 4690
0.025, 4689
0.025, 4688
0.025, 4687
0.025, 4686
0.025, 4685
0.025, 4684
0.025, 4683
0.025, 4682
0.025, 4681
0.025, 4680
0.025, 4679
0.025, 4678
0.025, 4677
0.025, 4676
0.025, 4675
0.025, 4674
0.025, 4673
0.025, 4672
0.025, 4671
0.025, 4670
0.025, 4669
0.025, 4668
0.025, 4667
0.025, 4666
0.025, 4665
0.025, 4664
0.025, 4663
0.025, 4662
0.025, 4661
0.025, 4660
0.025, 4659
0.025, 4658
0.025, 4657
0.025, 4656
0.025, 4655
0.025, 4654
0.025, 4653
0.025, 4652
0.025, 4651
0.025, 4650
0.025, 4649
0.025, 4648
0.025, 4647
0.025, 4646
0.025, 4645
0.025, 4644
0.025, 4643
0.025, 4642
0.025, 4641
0.025, 4640
0.025, 4639
0.025, 4638
0.025, 4637
0.025, 4636
0.025, 4635
0.025, 4634
0.025, 4633
0.025, 4632
0.025, 4631
0.025, 4630
0.026, 4629
0.026, 4628
0.026, 4627
0.026, 4626
0.026, 4625
0.026, 4624
0.026, 4623
0.026, 4622
0.026, 4621
0.026, 4620
0.026, 4619
0.026, 4618
0.026, 4617
0.026, 4616
0.026, 4615
0.026, 4614
0.026, 4613
0.026, 4612
0.026, 4611
0.026, 4610
0.026, 4609
0.026, 4608
0.026, 4607
0.026, 4606
0.026, 4605
0.026, 4604
0.026, 4603
0.026, 4602
0.026, 4601
0.026, 4600
0.026, 4599
0.026, 4598
0.026, 4597
0.026, 4596
0.026, 4595
0.026, 4594
0.026, 4593
0.026, 4592
0.026, 4591
0.026, 4590
0.026, 4589
0.026, 4588
0.026, 4587
0.026, 4586
0.026, 4585
0.026, 4584
0.026, 4583
0.026, 4582
0.026, 4581
0.026, 4580
0.026, 4579
0.026, 4578
0.026, 4577
0.026, 4576
0.026, 4575
0.026, 4574
0.026, 4573
0.026, 4572
0.026, 4571
0.026, 4570
0.026, 4569
0.026, 4568
0.026, 4567
0.026, 4566
0.026, 4565
0.026, 4564
0.026, 4563
0.026, 4562
0.026, 4561
0.026, 4560
0.026, 4559
0.026, 4558
0.026, 4557
0.026, 4556
0.026, 4555
0.026, 4554
0.026, 4553
0.026, 4552
0.026, 4551
0.026, 4550
0.026, 4549
0.026, 4548
0.026, 4547
0.026, 4546
0.026, 4545
0.026, 4544
0.026, 4543
0.026, 4542
0.026, 4541
0.026, 4540
0.026, 4539
0.026, 4538
0.026, 4537
0.026, 4536
0.026, 4535
0.026, 4534
0.026, 4533
0.026, 4532
0.026, 4531
0.026, 4530
0.026, 4529
0.026, 4528
0.026, 4527
0.026, 4526
0.026, 4525
0.026, 4524
0.026, 4523
0.026, 4522
0.026, 4521
0.026, 4520
0.026, 4519
0.026, 4518
0.026, 4517
0.026, 4516
0.026, 4515
0.026, 4514
0.026, 4513
0.026, 4512
0.026, 4511
0.026, 4510
0.026, 4509
0.026, 4508
0.026, 4507
0.026, 4506
0.026, 4505
0.026, 4504
0.026, 4503
0.026, 4502
0.026, 4501
0.026, 4500
0.026, 4499
0.026, 4498
0.026, 4497
0.026, 4496
0.026, 4495
0.026, 4494
0.026, 4493
0.026, 4492
0.026, 4491
0.026, 4490
0.026, 4489
0.026, 4488
0.026, 4487
0.026, 4486
0.026, 4485
0.026, 4484
0.026, 4483
0.026, 4482
0.026, 4481
0.026, 4480
0.026, 4479
0.026, 4478
0.026, 4477
0.026, 4476
0.026, 4475
0.026, 4474
0.026, 4473
0.026, 4472
0.026, 4471
0.026, 4470
0.026, 4469
0.026, 4468
0.026, 4467
0.026, 4466
0.026, 4465
0.026, 4464
0.026, 4463
0.026, 4462
0.026, 4461
0.026, 4460
0.026, 4459
0.026, 4458
0.026, 4457
0.026, 4456
0.026, 4455
0.026, 4454
0.026, 4453
0.026, 4452
0.026, 4451
0.026, 4450
0.026, 4449
0.026, 4448
0.026, 4447
0.026, 4446
0.026, 4445
0.026, 4444
0.026, 4443
0.026, 4442
0.026, 4441
0.026, 4440
0.026, 4439
0.026, 4438
0.026, 4437
0.026, 4436
0.026, 4435
0.026, 4434
0.026, 4433
0.026, 4432
0.026, 4431
0.026, 4430
0.026, 4429
0.026, 4428
0.026, 4427
0.026, 4426
0.026, 4425
0.026, 4424
0.026, 4423
0.026, 4422
0.026, 4421
0.026, 4420
0.027, 4419
0.027, 4418
0.027, 4417
0.027, 4416
0.027, 4415
0.027, 4414
0.027, 4413
0.027, 4412
0.027, 4411
0.027, 4410
0.027, 4409
0.027, 4408
0.027, 4407
0.027, 4406
0.027, 4405
0.027, 4404
0.027, 4403
0.027, 4402
0.027, 4401
0.027, 4400
0.027, 4399
0.027, 4398
0.027, 4397
0.027, 4396
0.027, 4395
0.027, 4394
0.027, 4393
0.027, 4392
0.027, 4391
0.027, 4390
0.027, 4389
0.027, 4388
0.027, 4387
0.027, 4386
0.027, 4385
0.027, 4384
0.027, 4383
0.027, 4382
0.027, 4381
0.027, 4380
0.027, 4379
0.027, 4378
0.027, 4377
0.027, 4376
0.027, 4375
0.027, 4374
0.027, 4373
0.027, 4372
0.027, 4371
0.027, 4370
0.027, 4369
0.027, 4368
0.027, 4367
0.027, 4366
0.027, 4365
0.027, 4364
0.027, 4363
0.027, 4362
0.027, 4361
0.027, 4360
0.027, 4359
0.027, 4358
0.027, 4357
0.027, 4356
0.027, 4355
0.027, 4354
0.027, 4353
0.027, 4352
0.027, 4351
0.027, 4350
0.027, 4349
0.027, 4348
0.027, 4347
0.027, 4346
0.027, 4345
0.027, 4344
0.027, 4343
0.027, 4342
0.027, 4341
0.027, 4340
0.027, 4339
0.027, 4338
0.027, 4337
0.027, 4336
0.027, 4335
0.027, 4334
0.027, 4333
0.027, 4332
0.027, 4331
0.027, 4330
0.027, 4329
0.027, 4328
0.027, 4327
0.027, 4326
0.027, 4325
0.027, 4324
0.027, 4323
0.027, 4322
0.027, 4321
0.027, 4320
0.027, 4319
0.027, 4318
0.027, 4317
0.027, 4316
0.027, 4315
0.027, 4314
0.027, 4313
0.027, 4312
0.027, 4311
0.027, 4310
0.027, 4309
0.027, 4308
0.027, 4307
0.027, 4306
0.027, 4305
0.027, 4304
0.027, 4303
0.027, 4302
0.027, 4301
0.027, 4300
0.027, 4299
0.027, 4298
0.027, 4297
0.027, 4296
0.027, 4295
0.027, 4294
0.027, 4293
0.027, 4292
0.027, 4291
0.027, 4290
0.027, 4289
0.027, 4288
0.027, 4287
0.027, 4286
0.027, 4285
0.027, 4284
0.027, 4283
0.027, 4282
0.027, 4281
0.027, 4280
0.027, 4279
0.027, 4278
0.027, 4277
0.027, 4276
0.027, 4275
0.027, 4274
0.027, 4273
0.027, 4272
0.027, 4271
0.027, 4270
0.027, 4269
0.027, 4268
0.027, 4267
0.027, 4266
0.027, 4265
0.027, 4264
0.027, 4263
0.027, 4262
0.027, 4261
0.027, 4260
0.027, 4259
0.027, 4258
0.027, 4257
0.027, 4256
0.027, 4255
0.027, 4254
0.027, 4253
0.027, 4252
0.027, 4251
0.027, 4250
0.027, 4249
0.027, 4248
0.027, 4247
0.027, 4246
0.027, 4245
0.027, 4244
0.027, 4243
0.027, 4242
0.027, 4241
0.027, 4240
0.027, 4239
0.027, 4238
0.027, 4237
0.027, 4236
0.028, 4235
0.028, 4234
0.028, 4233
0.028, 4232
0.028, 4231
0.028, 4230
0.028, 4229
0.028, 4228
0.028, 4227
0.028, 4226
0.028, 4225
0.028, 4224
0.028, 4223
0.028, 4222
0.028, 4221
0.028, 4220
0.028, 4219
0.028, 4218
0.028, 4217
0.028, 4216
0.028, 4215
0.028, 4214
0.028, 4213
0.028, 4212
0.028, 4211
0.028, 4210
0.028, 4209
0.028, 4208
0.028, 4207
0.028, 4206
0.028, 4205
0.028, 4204
0.028, 4203
0.028, 4202
0.028, 4201
0.028, 4200
0.028, 4199
0.028, 4198
0.028, 4197
0.028, 4196
0.028, 4195
0.028, 4194
0.028, 4193
0.028, 4192
0.028, 4191
0.028, 4190
0.028, 4189
0.028, 4188
0.028, 4187
0.028, 4186
0.028, 4185
0.028, 4184
0.028, 4183
0.028, 4182
0.028, 4181
0.028, 4180
0.028, 4179
0.028, 4178
0.028, 4177
0.028, 4176
0.028, 4175
0.028, 4174
0.028, 4173
0.028, 4172
0.028, 4171
0.028, 4170
0.028, 4169
0.028, 4168
0.028, 4167
0.028, 4166
0.028, 4165
0.028, 4164
0.028, 4163
0.028, 4162
0.028, 4161
0.028, 4160
0.028, 4159
0.028, 4158
0.028, 4157
0.028, 4156
0.028, 4155
0.028, 4154
0.028, 4153
0.028, 4152
0.028, 4151
0.028, 4150
0.028, 4149
0.028, 4148
0.028, 4147
0.028, 4146
0.028, 4145
0.028, 4144
0.028, 4143
0.028, 4142
0.028, 4141
0.028, 4140
0.028, 4139
0.028, 4138
0.028, 4137
0.028, 4136
0.028, 4135
0.028, 4134
0.028, 4133
0.028, 4132
0.028, 4131
0.028, 4130
0.028, 4129
0.028, 4128
0.028, 4127
0.028, 4126
0.028, 4125
0.028, 4124
0.028, 4123
0.028, 4122
0.028, 4121
0.028, 4120
0.028, 4119
0.028, 4118
0.028, 4117
0.028, 4116
0.028, 4115
0.028, 4114
0.028, 4113
0.028, 4112
0.028, 4111
0.028, 4110
0.028, 4109
0.028, 4108
0.028, 4107
0.028, 4106
0.028, 4105
0.028, 4104
0.028, 4103
0.028, 4102
0.028, 4101
0.028, 4100
0.028, 4099
0.028, 4098
0.028, 4097
0.028, 4096
0.028, 4095
0.028, 4094
0.028, 4093
0.028, 4092
0.028, 4091
0.028, 4090
0.028, 4089
0.028, 4088
0.028, 4087
0.028, 4086
0.028, 4085
0.028, 4084
0.028, 4083
0.028, 4082
0.028, 4081
0.028, 4080
0.028, 4079
0.028, 4078
0.028, 4077
0.028, 4076
0.028, 4075
0.028, 4074
0.028, 4073
0.028, 4072
0.028, 4071
0.029, 4070
0.029, 4069
0.029, 4068
0.029, 4067
0.029, 4066
0.029, 4065
0.029, 4064
0.029, 4063
0.029, 4062
0.029, 4061
0.029, 4060
0.029, 4059
0.029, 4058
0.029, 4057
0.029, 4056
0.029, 4055
0.029, 4054
0.029, 4053
0.029, 4052
0.029, 4051
0.029, 4050
0.029, 4049
0.029, 4048
0.029, 4047
0.029, 4046
0.029, 4045
0.029, 4044
0.029, 4043
0.029, 4042
0.029, 4041
0.029, 4040
0.029, 4039
0.029, 4038
0.029, 4037
0.029, 4036
0.029, 4035
0.029, 4034
0.029, 4033
0.029, 4032
0.029, 4031
0.029, 4030
0.029, 4029
0.029, 4028
0.029, 4027
0.029, 4026
0.029, 4025
0.029, 4024
0.029, 4023
0.029, 4022
0.029, 4021
0.029, 4020
0.029, 4019
0.029, 4018
0.029, 4017
0.029, 4016
0.029, 4015
0.029, 4014
0.029, 4013
0.029, 4012
0.029, 4011
0.029, 4010
0.029, 4009
0.029, 4008
0.029, 4007
0.029, 4006
0.029, 4005
0.029, 4004
0.029, 4003
0.029, 4002
0.029, 4001
0.029, 4000
0.029, 3999
0.029, 3998
0.029, 3997
0.029, 3996
0.029, 3995
0.029, 3994
0.029, 3993
0.029, 3992
0.029, 3991
0.029, 3990
0.029, 3989
0.029, 3988
0.029, 3987
0.029, 3986
0.029, 3985
0.029, 3984
0.029, 3983
0.029, 3982
0.029, 3981
0.029, 3980
0.029, 3979
0.029, 3978
0.029, 3977
0.029, 3976
0.029, 3975
0.029, 3974
0.029, 3973
0.029, 3972
0.029, 3971
0.029, 3970
0.029, 3969
0.029, 3968
0.029, 3967
0.029, 3966
0.029, 3965
0.029, 3964
0.029, 3963
0.029, 3962
0.029, 3961
0.029, 3960
0.029, 3959
0.029, 3958
0.030, 3957
0.030, 3956
0.030, 3955
0.030, 3954
0.030, 3953
0.030, 3952
0.030, 3951
0.030, 3950
0.030, 3949
0.030, 3948
0.030, 3947
0.030, 3946
0.030, 3945
0.030, 3944
0.030, 3943
0.030, 3942
