0.019, 8359
0.022, 8358
0.022, 8357
0.022, 8356
0.022, 8355
0.023, 8354
0.023, 8353
0.023, 8352
0.023, 8351
0.023, 8350
0.023, 8349
0.023, 8348
0.023, 8347
0.023, 8346
0.023, 8345
0.024, 8344
0.024, 8343
0.024, 8342
0.024, 8341
0.024, 8340
0.024, 8339
0.024, 8338
0.024, 8337
0.024, 8336
0.024, 8335
0.024, 8334
0.024, 8333
0.025, 8332
0.025, 8331
0.025, 8330
0.025, 8329
0.025, 8328
0.025, 8327
0.025, 8326
0.025, 8325
0.025, 8324
0.025, 8323
0.026, 8322
0.026, 8321
0.026, 8320
0.026, 8319
0.026, 8318
0.026, 8317
0.026, 8316
0.026, 8315
0.026, 8314
0.026, 8313
0.026, 8312
0.027, 8311
0.027, 8310
0.027, 8309
0.027, 8308
0.027, 8307
0.027, 8306
0.027, 8305
0.027, 8304
0.027, 8303
0.027, 8302
0.027, 8301
0.027, 8300
0.027, 8299
0.028, 8298
0.028, 8297
0.028, 8296
0.028, 8295
0.028, 8294
0.029, 8293
0.029, 8292
0.029, 8291
0.029, 8290
0.029, 8289
0.029, 8288
0.029, 8287
0.029, 8286
0.029, 8285
0.030, 8284
0.030, 8283
0.030, 8282
0.030, 8281
0.030, 8280
0.030, 8279
0.030, 8278
0.030, 8277
0.030, 8276
0.030, 8275
0.030, 8274
0.030, 8273
0.030, 8272
0.030, 8271
0.030, 8270
0.030, 8269
0.030, 8268
0.031, 8267
0.031, 8266
0.031, 8265
0.031, 8264
0.031, 8263
0.031, 8262
0.031, 8261
0.031, 8260
0.031, 8259
0.031, 8258
0.031, 8257
0.031, 8256
0.031, 8255
0.031, 8254
0.031, 8253
0.031, 8252
0.031, 8251
0.032, 8250
0.032, 8249
0.032, 8248
0.032, 8247
0.032, 8246
0.032, 8245
0.032, 8244
0.032, 8243
0.032, 8242
0.032, 8241
0.032, 8240
0.032, 8239
0.032, 8238
0.032, 8237
0.032, 8236
0.032, 8235
0.032, 8234
0.033, 8233
0.033, 8232
0.033, 8231
0.033, 8230
0.033, 8229
0.033, 8228
0.033, 8227
0.033, 8226
0.033, 8225
0.033, 8224
0.033, 8223
0.033, 8222
0.033, 8221
0.033, 8220
0.033, 8219
0.033, 8218
0.034, 8217
0.034, 8216
0.034, 8215
0.034, 8214
0.034, 8213
0.034, 8212
0.034, 8211
0.034, 8210
0.034, 8209
0.034, 8208
0.034, 8207
0.034, 8206
0.034, 8205
0.034, 8204
0.034, 8203
0.034, 8202
0.034, 8201
0.034, 8200
0.034, 8199
0.034, 8198
0.034, 8197
0.034, 8196
0.035, 8195
0.035, 8194
0.035, 8193
0.035, 8192
0.035, 8191
0.035, 8190
0.035, 8189
0.035, 8188
0.035, 8187
0.035, 8186
0.035, 8185
0.035, 8184
0.035, 8183
0.035, 8182
0.035, 8181
0.035, 8180
0.035, 8179
0.036, 8178
0.036, 8177
0.036, 8176
0.036, 8175
0.036, 8174
0.036, 8173
0.036, 8172
0.036, 8171
0.036, 8170
0.036, 8169
0.036, 8168
0.036, 8167
0.036, 8166
0.036, 8165
0.036, 8164
0.036, 8163
0.036, 8162
0.036, 8161
0.036, 8160
0.037, 8159
0.037, 8158
0.037, 8157
0.037, 8156
0.037, 8155
0.037, 8154
0.037, 8153
0.037, 8152
0.037, 8151
0.037, 8150
0.037, 8149
0.037, 8148
0.037, 8147
0.037, 8146
0.037, 8145
0.037, 8144
0.037, 8143
0.038, 8142
0.038, 8141
0.038, 8140
0.038, 8139
0.038, 8138
0.038, 8137
0.038, 8136
0.038, 8135
0.038, 8134
0.038, 8133
0.038, 8132
0.038, 8131
0.038, 8130
0.038, 8129
0.038, 8128
0.038, 8127
0.038, 8126
0.038, 8125
0.038, 8124
0.038, 8123
0.038, 8122
0.039, 8121
0.039, 8120
0.039, 8119
0.039, 8118
0.039, 8117
0.039, 8116
0.039, 8115
0.039, 8114
0.039, 8113
0.039, 8112
0.039, 8111
0.039, 8110
0.039, 8109
0.039, 8108
0.039, 8107
0.039, 8106
0.039, 8105
0.039, 8104
0.040, 8103
0.040, 8102
0.040, 8101
0.040, 8100
0.040, 8099
0.040, 8098
0.040, 8097
0.040, 8096
0.040, 8095
0.040, 8094
0.040, 8093
0.040, 8092
0.040, 8091
0.040, 8090
0.040, 8089
0.040, 8088
0.040, 8087
0.040, 8086
0.040, 8085
0.040, 8084
0.041, 8083
0.041, 8082
0.041, 8081
0.041, 8080
0.041, 8079
0.041, 8078
0.041, 8077
0.041, 8076
0.041, 8075
0.041, 8074
0.041, 8073
0.041, 8072
0.041, 8071
0.041, 8070
0.041, 8069
0.041, 8068
0.041, 8067
0.041, 8066
0.041, 8065
0.041, 8064
0.042, 8063
0.042, 8062
0.042, 8061
0.042, 8060
0.042, 8059
0.042, 8058
0.042, 8057
0.042, 8056
0.042, 8055
0.042, 8054
0.042, 8053
0.042, 8052
0.042, 8051
0.042, 8050
0.042, 8049
0.042, 8048
0.042, 8047
0.042, 8046
0.042, 8045
0.042, 8044
0.042, 8043
0.042, 8042
0.043, 8041
0.043, 8040
0.043, 8039
0.043, 8038
0.043, 8037
0.043, 8036
0.043, 8035
0.043, 8034
0.043, 8033
0.043, 8032
0.043, 8031
0.043, 8030
0.043, 8029
0.043, 8028
0.043, 8027
0.043, 8026
0.043, 8025
0.043, 8024
0.043, 8023
0.043, 8022
0.043, 8021
0.043, 8020
0.044, 8019
0.044, 8018
0.044, 8017
0.044, 8016
0.044, 8015
0.044, 8014
0.044, 8013
0.044, 8012
0.044, 8011
0.044, 8010
0.044, 8009
0.044, 8008
0.044, 8007
0.044, 8006
0.044, 8005
0.044, 8004
0.044, 8003
0.044, 8002
0.044, 8001
0.044, 8000
0.044, 7999
0.044, 7998
0.044, 7997
0.044, 7996
0.044, 7995
0.044, 7994
0.045, 7993
0.045, 7992
0.045, 7991
0.045, 7990
0.045, 7989
0.045, 7988
0.045, 7987
0.045, 7986
0.045, 7985
0.045, 7984
0.045, 7983
0.045, 7982
0.045, 7981
0.045, 7980
0.045, 7979
0.045, 7978
0.045, 7977
0.045, 7976
0.045, 7975
0.045, 7974
0.045, 7973
0.046, 7972
0.046, 7971
0.046, 7970
0.046, 7969
0.046, 7968
0.046, 7967
0.046, 7966
0.046, 7965
0.046, 7964
0.046, 7963
0.046, 7962
0.046, 7961
0.046, 7960
0.046, 7959
0.046, 7958
0.046, 7957
0.046, 7956
0.046, 7955
0.046, 7954
0.046, 7953
0.046, 7952
0.046, 7951
0.046, 7950
0.046, 7949
0.046, 7948
0.046, 7947
0.046, 7946
0.047, 7945
0.047, 7944
0.047, 7943
0.047, 7942
0.047, 7941
0.047, 7940
0.047, 7939
0.047, 7938
0.047, 7937
0.047, 7936
0.047, 7935
0.047, 7934
0.047, 7933
0.047, 7932
0.047, 7931
0.047, 7930
0.047, 7929
0.047, 7928
0.047, 7927
0.047, 7926
0.047, 7925
0.047, 7924
0.047, 7923
0.047, 7922
0.047, 7921
0.048, 7920
0.048, 7919
0.048, 7918
0.048, 7917
0.048, 7916
0.048, 7915
0.048, 7914
0.048, 7913
0.048, 7912
0.048, 7911
0.048, 7910
0.048, 7909
0.048, 7908
0.048, 7907
0.048, 7906
0.048, 7905
0.048, 7904
0.048, 7903
0.048, 7902
0.048, 7901
0.048, 7900
0.048, 7899
0.048, 7898
0.048, 7897
0.048, 7896
0.048, 7895
0.048, 7894
0.049, 7893
0.049, 7892
0.049, 7891
0.049, 7890
0.049, 7889
0.049, 7888
0.049, 7887
0.049, 7886
0.049, 7885
0.049, 7884
0.049, 7883
0.049, 7882
0.049, 7881
0.049, 7880
0.049, 7879
0.049, 7878
0.049, 7877
0.049, 7876
0.049, 7875
0.049, 7874
0.049, 7873
0.049, 7872
0.049, 7871
0.049, 7870
0.050, 7869
0.050, 7868
0.050, 7867
0.050, 7866
0.050, 7865
0.050, 7864
0.050, 7863
0.050, 7862
0.050, 7861
0.050, 7860
0.050, 7859
0.050, 7858
0.050, 7857
0.050, 7856
0.050, 7855
0.050, 7854
0.050, 7853
0.050, 7852
0.050, 7851
0.050, 7850
0.050, 7849
0.050, 7848
0.051, 7847
0.051, 7846
0.051, 7845
0.051, 7844
0.051, 7843
0.051, 7842
0.051, 7841
0.051, 7840
0.051, 7839
0.051, 7838
0.051, 7837
0.051, 7836
0.051, 7835
0.051, 7834
0.051, 7833
0.051, 7832
0.051, 7831
0.051, 7830
0.051, 7829
0.051, 7828
0.051, 7827
0.051, 7826
0.051, 7825
0.051, 7824
0.051, 7823
0.052, 7822
0.052, 7821
0.052, 7820
0.052, 7819
0.052, 7818
0.052, 7817
0.052, 7816
0.052, 7815
0.052, 7814
0.052, 7813
0.052, 7812
0.052, 7811
0.052, 7810
0.052, 7809
0.052, 7808
0.052, 7807
0.052, 7806
0.052, 7805
0.052, 7804
0.052, 7803
0.052, 7802
0.052, 7801
0.052, 7800
0.052, 7799
0.052, 7798
0.052, 7797
0.052, 7796
0.052, 7795
0.052, 7794
0.052, 7793
0.052, 7792
0.053, 7791
0.053, 7790
0.053, 7789
0.053, 7788
0.053, 7787
0.053, 7786
0.053, 7785
0.053, 7784
0.053, 7783
0.053, 7782
0.053, 7781
0.053, 7780
0.053, 7779
0.053, 7778
0.053, 7777
0.053, 7776
0.053, 7775
0.053, 7774
0.053, 7773
0.053, 7772
0.053, 7771
0.053, 7770
0.053, 7769
0.053, 7768
0.053, 7767
0.053, 7766
0.053, 7765
0.053, 7764
0.053, 7763
0.054, 7762
0.054, 7761
0.054, 7760
0.054, 7759
0.054, 7758
0.054, 7757
0.054, 7756
0.054, 7755
0.054, 7754
0.054, 7753
0.054, 7752
0.054, 7751
0.054, 7750
0.054, 7749
0.054, 7748
0.054, 7747
0.054, 7746
0.054, 7745
0.054, 7744
0.054, 7743
0.054, 7742
0.054, 7741
0.054, 7740
0.054, 7739
0.054, 7738
0.054, 7737
0.054, 7736
0.054, 7735
0.054, 7734
0.054, 7733
0.054, 7732
0.054, 7731
0.054, 7730
0.054, 7729
0.055, 7728
0.055, 7727
0.055, 7726
0.055, 7725
0.055, 7724
0.055, 7723
0.055, 7722
0.055, 7721
0.055, 7720
0.055, 7719
0.055, 7718
0.055, 7717
0.055, 7716
0.055, 7715
0.055, 7714
0.055, 7713
0.055, 7712
0.055, 7711
0.055, 7710
0.055, 7709
0.055, 7708
0.055, 7707
0.055, 7706
0.055, 7705
0.055, 7704
0.055, 7703
0.056, 7702
0.056, 7701
0.056, 7700
0.056, 7699
0.056, 7698
0.056, 7697
0.056, 7696
0.056, 7695
0.056, 7694
0.056, 7693
0.056, 7692
0.056, 7691
0.056, 7690
0.056, 7689
0.056, 7688
0.056, 7687
0.056, 7686
0.056, 7685
0.056, 7684
0.056, 7683
0.056, 7682
0.056, 7681
0.056, 7680
0.056, 7679
0.056, 7678
0.056, 7677
0.056, 7676
0.057, 7675
0.057, 7674
0.057, 7673
0.057, 7672
0.057, 7671
0.057, 7670
0.057, 7669
0.057, 7668
0.057, 7667
0.057, 7666
0.057, 7665
0.057, 7664
0.057, 7663
0.057, 7662
0.057, 7661
0.057, 7660
0.057, 7659
0.057, 7658
0.057, 7657
0.057, 7656
0.057, 7655
0.057, 7654
0.057, 7653
0.057, 7652
0.057, 7651
0.057, 7650
0.057, 7649
0.057, 7648
0.057, 7647
0.057, 7646
0.057, 7645
0.057, 7644
0.057, 7643
0.057, 7642
0.057, 7641
0.058, 7640
0.058, 7639
0.058, 7638
0.058, 7637
0.058, 7636
0.058, 7635
0.058, 7634
0.058, 7633
0.058, 7632
0.058, 7631
0.058, 7630
0.058, 7629
0.058, 7628
0.058, 7627
0.058, 7626
0.058, 7625
0.058, 7624
0.058, 7623
0.058, 7622
0.058, 7621
0.058, 7620
0.058, 7619
0.058, 7618
0.058, 7617
0.058, 7616
0.058, 7615
0.058, 7614
0.058, 7613
0.058, 7612
0.058, 7611
0.058, 7610
0.058, 7609
0.058, 7608
0.058, 7607
0.058, 7606
0.058, 7605
0.058, 7604
0.058, 7603
0.058, 7602
0.058, 7601
0.058, 7600
0.059, 7599
0.059, 7598
0.059, 7597
0.059, 7596
0.059, 7595
0.059, 7594
0.059, 7593
0.059, 7592
0.059, 7591
0.059, 7590
0.059, 7589
0.059, 7588
0.059, 7587
0.059, 7586
0.059, 7585
0.059, 7584
0.059, 7583
0.059, 7582
0.059, 7581
0.059, 7580
0.059, 7579
0.059, 7578
0.059, 7577
0.059, 7576
0.059, 7575
0.059, 7574
0.059, 7573
0.059, 7572
0.059, 7571
0.059, 7570
0.059, 7569
0.059, 7568
0.059, 7567
0.059, 7566
0.059, 7565
0.060, 7564
0.060, 7563
0.060, 7562
0.060, 7561
0.060, 7560
0.060, 7559
0.060, 7558
0.060, 7557
0.060, 7556
0.060, 7555
0.060, 7554
0.060, 7553
0.060, 7552
0.060, 7551
0.060, 7550
0.060, 7549
0.060, 7548
0.060, 7547
0.060, 7546
0.060, 7545
0.060, 7544
0.060, 7543
0.060, 7542
0.060, 7541
0.060, 7540
0.060, 7539
0.060, 7538
0.060, 7537
0.060, 7536
0.060, 7535
0.060, 7534
0.060, 7533
0.060, 7532
0.060, 7531
0.060, 7530
0.060, 7529
0.060, 7528
0.060, 7527
0.061, 7526
0.061, 7525
0.061, 7524
0.061, 7523
0.061, 7522
0.061, 7521
0.061, 7520
0.061, 7519
0.061, 7518
0.061, 7517
0.061, 7516
0.061, 7515
0.061, 7514
0.061, 7513
0.061, 7512
0.061, 7511
0.061, 7510
0.061, 7509
0.061, 7508
0.061, 7507
0.061, 7506
0.061, 7505
0.061, 7504
0.061, 7503
0.061, 7502
0.061, 7501
0.061, 7500
0.061, 7499
0.061, 7498
0.061, 7497
0.061, 7496
0.061, 7495
0.061, 7494
0.061, 7493
0.061, 7492
0.061, 7491
0.061, 7490
0.062, 7489
0.062, 7488
0.062, 7487
0.062, 7486
0.062, 7485
0.062, 7484
0.062, 7483
0.062, 7482
0.062, 7481
0.062, 7480
0.062, 7479
0.062, 7478
0.062, 7477
0.062, 7476
0.062, 7475
0.062, 7474
0.062, 7473
0.062, 7472
0.062, 7471
0.062, 7470
0.062, 7469
0.062, 7468
0.062, 7467
0.062, 7466
0.062, 7465
0.062, 7464
0.062, 7463
0.062, 7462
0.062, 7461
0.062, 7460
0.062, 7459
0.062, 7458
0.062, 7457
0.062, 7456
0.062, 7455
0.062, 7454
0.062, 7453
0.062, 7452
0.062, 7451
0.062, 7450
0.062, 7449
0.062, 7448
0.062, 7447
0.062, 7446
0.062, 7445
0.063, 7444
0.063, 7443
0.063, 7442
0.063, 7441
0.063, 7440
0.063, 7439
0.063, 7438
0.063, 7437
0.063, 7436
0.063, 7435
0.063, 7434
0.063, 7433
0.063, 7432
0.063, 7431
0.063, 7430
0.063, 7429
0.063, 7428
0.063, 7427
0.063, 7426
0.063, 7425
0.063, 7424
0.063, 7423
0.063, 7422
0.063, 7421
0.063, 7420
0.063, 7419
0.063, 7418
0.063, 7417
0.063, 7416
0.063, 7415
0.063, 7414
0.063, 7413
0.063, 7412
0.063, 7411
0.063, 7410
0.063, 7409
0.063, 7408
0.063, 7407
0.063, 7406
0.063, 7405
0.063, 7404
0.063, 7403
0.063, 7402
0.063, 7401
0.063, 7400
0.063, 7399
0.064, 7398
0.064, 7397
0.064, 7396
0.064, 7395
0.064, 7394
0.064, 7393
0.064, 7392
0.064, 7391
0.064, 7390
0.064, 7389
0.064, 7388
0.064, 7387
0.064, 7386
0.064, 7385
0.064, 7384
0.064, 7383
0.064, 7382
0.064, 7381
0.064, 7380
0.064, 7379
0.064, 7378
0.064, 7377
0.064, 7376
0.064, 7375
0.064, 7374
0.064, 7373
0.064, 7372
0.064, 7371
0.064, 7370
0.064, 7369
0.064, 7368
0.064, 7367
0.064, 7366
0.064, 7365
0.064, 7364
0.064, 7363
0.064, 7362
0.064, 7361
0.064, 7360
0.064, 7359
0.064, 7358
0.064, 7357
0.064, 7356
0.064, 7355
0.064, 7354
0.064, 7353
0.064, 7352
0.064, 7351
0.064, 7350
0.064, 7349
0.064, 7348
0.065, 7347
0.065, 7346
0.065, 7345
0.065, 7344
0.065, 7343
0.065, 7342
0.065, 7341
0.065, 7340
0.065, 7339
0.065, 7338
0.065, 7337
0.065, 7336
0.065, 7335
0.065, 7334
0.065, 7333
0.065, 7332
0.065, 7331
0.065, 7330
0.065, 7329
0.065, 7328
0.065, 7327
0.065, 7326
0.065, 7325
0.065, 7324
0.065, 7323
0.065, 7322
0.065, 7321
0.065, 7320
0.065, 7319
0.065, 7318
0.065, 7317
0.065, 7316
0.065, 7315
0.065, 7314
0.065, 7313
0.065, 7312
0.065, 7311
0.065, 7310
0.065, 7309
0.065, 7308
0.065, 7307
0.065, 7306
0.065, 7305
0.065, 7304
0.065, 7303
0.065, 7302
0.065, 7301
0.066, 7300
0.066, 7299
0.066, 7298
0.066, 7297
0.066, 7296
0.066, 7295
0.066, 7294
0.066, 7293
0.066, 7292
0.066, 7291
0.066, 7290
0.066, 7289
0.066, 7288
0.066, 7287
0.066, 7286
0.066, 7285
0.066, 7284
0.066, 7283
0.066, 7282
0.066, 7281
0.066, 7280
0.066, 7279
0.066, 7278
0.066, 7277
0.066, 7276
0.066, 7275
0.066, 7274
0.066, 7273
0.066, 7272
0.066, 7271
0.066, 7270
0.066, 7269
0.066, 7268
0.066, 7267
0.066, 7266
0.066, 7265
0.066, 7264
0.066, 7263
0.066, 7262
0.066, 7261
0.066, 7260
0.066, 7259
0.066, 7258
0.066, 7257
0.066, 7256
0.066, 7255
0.066, 7254
0.066, 7253
0.066, 7252
0.066, 7251
0.066, 7250
0.066, 7249
0.066, 7248
0.067, 7247
0.067, 7246
0.067, 7245
0.067, 7244
0.067, 7243
0.067, 7242
0.067, 7241
0.067, 7240
0.067, 7239
0.067, 7238
0.067, 7237
0.067, 7236
0.067, 7235
0.067, 7234
0.067, 7233
0.067, 7232
0.067, 7231
0.067, 7230
0.067, 7229
0.067, 7228
0.067, 7227
0.067, 7226
0.067, 7225
0.067, 7224
0.067, 7223
0.067, 7222
0.067, 7221
0.067, 7220
0.067, 7219
0.067, 7218
0.067, 7217
0.067, 7216
0.067, 7215
0.067, 7214
0.067, 7213
0.067, 7212
0.067, 7211
0.067, 7210
0.067, 7209
0.067, 7208
0.067, 7207
0.067, 7206
0.067, 7205
0.067, 7204
0.067, 7203
0.067, 7202
0.067, 7201
0.067, 7200
0.067, 7199
0.067, 7198
0.067, 7197
0.068, 7196
0.068, 7195
0.068, 7194
0.068, 7193
0.068, 7192
0.068, 7191
0.068, 7190
0.068, 7189
0.068, 7188
0.068, 7187
0.068, 7186
0.068, 7185
0.068, 7184
0.068, 7183
0.068, 7182
0.068, 7181
0.068, 7180
0.068, 7179
0.068, 7178
0.068, 7177
0.068, 7176
0.068, 7175
0.068, 7174
0.068, 7173
0.068, 7172
0.068, 7171
0.068, 7170
0.068, 7169
0.068, 7168
0.068, 7167
0.068, 7166
0.068, 7165
0.068, 7164
0.068, 7163
0.068, 7162
0.068, 7161
0.068, 7160
0.068, 7159
0.068, 7158
0.068, 7157
0.068, 7156
0.068, 7155
0.068, 7154
0.068, 7153
0.068, 7152
0.068, 7151
0.068, 7150
0.068, 7149
0.068, 7148
0.068, 7147
0.068, 7146
0.068, 7145
0.068, 7144
0.068, 7143
0.068, 7142
0.069, 7141
0.069, 7140
0.069, 7139
0.069, 7138
0.069, 7137
0.069, 7136
0.069, 7135
0.069, 7134
0.069, 7133
0.069, 7132
0.069, 7131
0.069, 7130
0.069, 7129
0.069, 7128
0.069, 7127
0.069, 7126
0.069, 7125
0.069, 7124
0.069, 7123
0.069, 7122
0.069, 7121
0.069, 7120
0.069, 7119
0.069, 7118
0.069, 7117
0.069, 7116
0.069, 7115
0.069, 7114
0.069, 7113
0.069, 7112
0.069, 7111
0.069, 7110
0.069, 7109
0.069, 7108
0.069, 7107
0.069, 7106
0.069, 7105
0.069, 7104
0.069, 7103
0.069, 7102
0.069, 7101
0.069, 7100
0.069, 7099
0.069, 7098
0.069, 7097
0.069, 7096
0.069, 7095
0.069, 7094
0.069, 7093
0.069, 7092
0.069, 7091
0.069, 7090
0.069, 7089
0.069, 7088
0.069, 7087
0.070, 7086
0.070, 7085
0.070, 7084
0.070, 7083
0.070, 7082
0.070, 7081
0.070, 7080
0.070, 7079
0.070, 7078
0.070, 7077
0.070, 7076
0.070, 7075
0.070, 7074
0.070, 7073
0.070, 7072
0.070, 7071
0.070, 7070
0.070, 7069
0.070, 7068
0.070, 7067
0.070, 7066
0.070, 7065
0.070, 7064
0.070, 7063
0.070, 7062
0.070, 7061
0.070, 7060
0.070, 7059
0.070, 7058
0.070, 7057
0.070, 7056
0.070, 7055
0.070, 7054
0.070, 7053
0.070, 7052
0.070, 7051
0.070, 7050
0.070, 7049
0.070, 7048
0.070, 7047
0.071, 7046
0.071, 7045
0.071, 7044
0.071, 7043
0.071, 7042
0.071, 7041
0.071, 7040
0.071, 7039
0.071, 7038
0.071, 7037
0.071, 7036
0.071, 7035
0.071, 7034
0.071, 7033
0.071, 7032
0.071, 7031
0.071, 7030
0.071, 7029
0.071, 7028
0.071, 7027
0.071, 7026
0.071, 7025
0.071, 7024
0.071, 7023
0.071, 7022
0.071, 7021
0.071, 7020
0.071, 7019
0.071, 7018
0.071, 7017
0.071, 7016
0.071, 7015
0.071, 7014
0.071, 7013
0.071, 7012
0.071, 7011
0.071, 7010
0.071, 7009
0.071, 7008
0.071, 7007
0.071, 7006
0.071, 7005
0.071, 7004
0.071, 7003
0.071, 7002
0.071, 7001
0.071, 7000
0.071, 6999
0.071, 6998
0.071, 6997
0.071, 6996
0.071, 6995
0.071, 6994
0.072, 6993
0.072, 6992
0.072, 6991
0.072, 6990
0.072, 6989
0.072, 6988
0.072, 6987
0.072, 6986
0.072, 6985
0.072, 6984
0.072, 6983
0.072, 6982
0.072, 6981
0.072, 6980
0.072, 6979
0.072, 6978
0.072, 6977
0.072, 6976
0.072, 6975
0.072, 6974
0.072, 6973
0.072, 6972
0.072, 6971
0.072, 6970
0.072, 6969
0.072, 6968
0.072, 6967
0.072, 6966
0.072, 6965
0.072, 6964
0.072, 6963
0.072, 6962
0.072, 6961
0.072, 6960
0.072, 6959
0.072, 6958
0.072, 6957
0.072, 6956
0.072, 6955
0.072, 6954
0.072, 6953
0.072, 6952
0.072, 6951
0.072, 6950
0.072, 6949
0.073, 6948
0.073, 6947
0.073, 6946
0.073, 6945
0.073, 6944
0.073, 6943
0.073, 6942
0.073, 6941
0.073, 6940
0.073, 6939
0.073, 6938
0.073, 6937
0.073, 6936
0.073, 6935
0.073, 6934
0.073, 6933
0.073, 6932
0.073, 6931
0.073, 6930
0.073, 6929
0.073, 6928
0.073, 6927
0.073, 6926
0.073, 6925
0.073, 6924
0.073, 6923
0.073, 6922
0.073, 6921
0.073, 6920
0.073, 6919
0.073, 6918
0.073, 6917
0.073, 6916
0.073, 6915
0.073, 6914
0.073, 6913
0.073, 6912
0.073, 6911
0.073, 6910
0.073, 6909
0.073, 6908
0.073, 6907
0.073, 6906
0.073, 6905
0.073, 6904
0.073, 6903
0.073, 6902
0.073, 6901
0.073, 6900
0.073, 6899
0.073, 6898
0.073, 6897
0.073, 6896
0.073, 6895
0.073, 6894
0.073, 6893
0.073, 6892
0.073, 6891
0.073, 6890
0.073, 6889
0.073, 6888
0.073, 6887
0.073, 6886
0.073, 6885
0.073, 6884
0.073, 6883
0.073, 6882
0.073, 6881
0.073, 6880
0.073, 6879
0.073, 6878
0.073, 6877
0.073, 6876
0.073, 6875
0.074, 6874
0.074, 6873
0.074, 6872
0.074, 6871
0.074, 6870
0.074, 6869
0.074, 6868
0.074, 6867
0.074, 6866
0.074, 6865
0.074, 6864
0.074, 6863
0.074, 6862
0.074, 6861
0.074, 6860
0.074, 6859
0.074, 6858
0.074, 6857
0.074, 6856
0.074, 6855
0.074, 6854
0.074, 6853
0.074, 6852
0.074, 6851
0.074, 6850
0.074, 6849
0.074, 6848
0.074, 6847
0.074, 6846
0.074, 6845
0.074, 6844
0.074, 6843
0.074, 6842
0.074, 6841
0.074, 6840
0.074, 6839
0.074, 6838
0.074, 6837
0.074, 6836
0.074, 6835
0.074, 6834
0.074, 6833
0.074, 6832
0.074, 6831
0.074, 6830
0.074, 6829
0.074, 6828
0.074, 6827
0.074, 6826
0.074, 6825
0.074, 6824
0.074, 6823
0.074, 6822
0.074, 6821
0.074, 6820
0.074, 6819
0.074, 6818
0.074, 6817
0.074, 6816
0.074, 6815
0.074, 6814
0.074, 6813
0.074, 6812
0.074, 6811
0.074, 6810
0.074, 6809
0.074, 6808
0.074, 6807
0.074, 6806
0.074, 6805
0.074, 6804
0.074, 6803
0.074, 6802
0.075, 6801
0.075, 6800
0.075, 6799
0.075, 6798
0.075, 6797
0.075, 6796
0.075, 6795
0.075, 6794
0.075, 6793
0.075, 6792
0.075, 6791
0.075, 6790
0.075, 6789
0.075, 6788
0.075, 6787
0.075, 6786
0.075, 6785
0.075, 6784
0.075, 6783
0.075, 6782
0.075, 6781
0.075, 6780
0.075, 6779
0.075, 6778
0.075, 6777
0.075, 6776
0.075, 6775
0.075, 6774
0.075, 6773
0.075, 6772
0.075, 6771
0.075, 6770
0.075, 6769
0.075, 6768
0.075, 6767
0.075, 6766
0.075, 6765
0.075, 6764
0.075, 6763
0.075, 6762
0.075, 6761
0.075, 6760
0.075, 6759
0.075, 6758
0.075, 6757
0.075, 6756
0.075, 6755
0.075, 6754
0.075, 6753
0.075, 6752
0.075, 6751
0.075, 6750
0.075, 6749
0.075, 6748
0.075, 6747
0.075, 6746
0.075, 6745
0.075, 6744
0.075, 6743
0.075, 6742
0.075, 6741
0.075, 6740
0.075, 6739
0.075, 6738
0.075, 6737
0.075, 6736
0.075, 6735
0.075, 6734
0.075, 6733
0.075, 6732
0.075, 6731
0.075, 6730
0.075, 6729
0.075, 6728
0.075, 6727
0.075, 6726
0.075, 6725
0.075, 6724
0.075, 6723
0.075, 6722
0.075, 6721
0.075, 6720
0.075, 6719
0.075, 6718
0.075, 6717
0.075, 6716
0.075, 6715
0.075, 6714
0.075, 6713
0.075, 6712
0.075, 6711
0.075, 6710
0.076, 6709
0.076, 6708
0.076, 6707
0.076, 6706
0.076, 6705
0.076, 6704
0.076, 6703
0.076, 6702
0.076, 6701
0.076, 6700
0.076, 6699
0.076, 6698
0.076, 6697
0.076, 6696
0.076, 6695
0.076, 6694
0.076, 6693
0.076, 6692
0.076, 6691
0.076, 6690
0.076, 6689
0.076, 6688
0.076, 6687
0.076, 6686
0.076, 6685
0.076, 6684
0.076, 6683
0.076, 6682
0.076, 6681
0.076, 6680
0.076, 6679
0.076, 6678
0.076, 6677
0.076, 6676
0.076, 6675
0.076, 6674
0.076, 6673
0.076, 6672
0.076, 6671
0.076, 6670
0.076, 6669
0.076, 6668
0.076, 6667
0.076, 6666
0.076, 6665
0.076, 6664
0.076, 6663
0.076, 6662
0.076, 6661
0.076, 6660
0.076, 6659
0.076, 6658
0.076, 6657
0.076, 6656
0.076, 6655
0.076, 6654
0.076, 6653
0.076, 6652
0.076, 6651
0.076, 6650
0.076, 6649
0.076, 6648
0.076, 6647
0.076, 6646
0.076, 6645
0.076, 6644
0.076, 6643
0.076, 6642
0.076, 6641
0.076, 6640
0.076, 6639
0.076, 6638
0.076, 6637
0.076, 6636
0.076, 6635
0.076, 6634
0.076, 6633
0.076, 6632
0.076, 6631
0.076, 6630
0.076, 6629
0.076, 6628
0.076, 6627
0.076, 6626
0.077, 6625
0.077, 6624
0.077, 6623
0.077, 6622
0.077, 6621
0.077, 6620
0.077, 6619
0.077, 6618
0.077, 6617
0.077, 6616
0.077, 6615
0.077, 6614
0.077, 6613
0.077, 6612
0.077, 6611
0.077, 6610
0.077, 6609
0.077, 6608
0.077, 6607
0.077, 6606
0.077, 6605
0.077, 6604
0.077, 6603
0.077, 6602
0.077, 6601
0.077, 6600
0.077, 6599
0.077, 6598
0.077, 6597
0.077, 6596
0.077, 6595
0.077, 6594
0.077, 6593
0.077, 6592
0.077, 6591
0.077, 6590
0.077, 6589
0.077, 6588
0.077, 6587
0.077, 6586
0.077, 6585
0.077, 6584
0.077, 6583
0.077, 6582
0.077, 6581
0.077, 6580
0.077, 6579
0.077, 6578
0.077, 6577
0.077, 6576
0.077, 6575
0.077, 6574
0.077, 6573
0.077, 6572
0.077, 6571
0.077, 6570
0.077, 6569
0.077, 6568
0.077, 6567
0.077, 6566
0.077, 6565
0.077, 6564
0.077, 6563
0.077, 6562
0.077, 6561
0.077, 6560
0.077, 6559
0.077, 6558
0.077, 6557
0.077, 6556
0.077, 6555
0.077, 6554
0.077, 6553
0.077, 6552
0.077, 6551
0.077, 6550
0.077, 6549
0.077, 6548
0.077, 6547
0.077, 6546
0.077, 6545
0.077, 6544
0.077, 6543
0.077, 6542
0.077, 6541
0.077, 6540
0.078, 6539
0.078, 6538
0.078, 6537
0.078, 6536
0.078, 6535
0.078, 6534
0.078, 6533
0.078, 6532
0.078, 6531
0.078, 6530
0.078, 6529
0.078, 6528
0.078, 6527
0.078, 6526
0.078, 6525
0.078, 6524
0.078, 6523
0.078, 6522
0.078, 6521
0.078, 6520
0.078, 6519
0.078, 6518
0.078, 6517
0.078, 6516
0.078, 6515
0.078, 6514
0.078, 6513
0.078, 6512
0.078, 6511
0.078, 6510
0.078, 6509
0.078, 6508
0.078, 6507
0.078, 6506
0.078, 6505
0.078, 6504
0.078, 6503
0.078, 6502
0.078, 6501
0.078, 6500
0.078, 6499
0.078, 6498
0.078, 6497
0.078, 6496
0.078, 6495
0.078, 6494
0.078, 6493
0.078, 6492
0.078, 6491
0.078, 6490
0.078, 6489
0.078, 6488
0.078, 6487
0.078, 6486
0.078, 6485
0.078, 6484
0.078, 6483
0.078, 6482
0.078, 6481
0.078, 6480
0.078, 6479
0.078, 6478
0.078, 6477
0.078, 6476
0.078, 6475
0.078, 6474
0.078, 6473
0.078, 6472
0.078, 6471
0.078, 6470
0.078, 6469
0.078, 6468
0.078, 6467
0.078, 6466
0.078, 6465
0.078, 6464
0.078, 6463
0.078, 6462
0.078, 6461
0.078, 6460
0.078, 6459
0.078, 6458
0.078, 6457
0.078, 6456
0.078, 6455
0.078, 6454
0.078, 6453
0.078, 6452
0.078, 6451
0.078, 6450
0.078, 6449
0.078, 6448
0.078, 6447
0.078, 6446
0.078, 6445
0.078, 6444
0.078, 6443
0.078, 6442
0.078, 6441
0.078, 6440
0.078, 6439
0.078, 6438
0.078, 6437
0.078, 6436
0.078, 6435
0.079, 6434
0.079, 6433
0.079, 6432
0.079, 6431
0.079, 6430
0.079, 6429
0.079, 6428
0.079, 6427
0.079, 6426
0.079, 6425
0.079, 6424
0.079, 6423
0.079, 6422
0.079, 6421
0.079, 6420
0.079, 6419
0.079, 6418
0.079, 6417
0.079, 6416
0.079, 6415
0.079, 6414
0.079, 6413
0.079, 6412
0.079, 6411
0.079, 6410
0.079, 6409
0.079, 6408
0.079, 6407
0.079, 6406
0.079, 6405
0.079, 6404
0.079, 6403
0.079, 6402
0.079, 6401
0.079, 6400
0.079, 6399
0.079, 6398
0.079, 6397
0.079, 6396
0.079, 6395
0.079, 6394
0.079, 6393
0.079, 6392
0.079, 6391
0.079, 6390
0.079, 6389
0.079, 6388
0.079, 6387
0.079, 6386
0.079, 6385
0.079, 6384
0.079, 6383
0.079, 6382
0.079, 6381
0.079, 6380
0.079, 6379
0.079, 6378
0.079, 6377
0.079, 6376
0.079, 6375
0.079, 6374
0.079, 6373
0.079, 6372
0.079, 6371
0.079, 6370
0.079, 6369
0.079, 6368
0.079, 6367
0.079, 6366
0.079, 6365
0.079, 6364
0.079, 6363
0.079, 6362
0.079, 6361
0.079, 6360
0.079, 6359
0.079, 6358
0.079, 6357
0.079, 6356
0.079, 6355
0.079, 6354
0.079, 6353
0.079, 6352
0.079, 6351
0.079, 6350
0.079, 6349
0.079, 6348
0.079, 6347
0.079, 6346
0.079, 6345
0.079, 6344
0.079, 6343
0.079, 6342
0.079, 6341
0.079, 6340
0.079, 6339
0.079, 6338
0.079, 6337
0.079, 6336
0.079, 6335
0.079, 6334
0.079, 6333
0.080, 6332
0.080, 6331
0.080, 6330
0.080, 6329
0.080, 6328
0.080, 6327
0.080, 6326
0.080, 6325
0.080, 6324
0.080, 6323
0.080, 6322
0.080, 6321
0.080, 6320
0.080, 6319
0.080, 6318
0.080, 6317
0.080, 6316
0.080, 6315
0.080, 6314
0.080, 6313
0.080, 6312
0.080, 6311
0.080, 6310
0.080, 6309
0.080, 6308
0.080, 6307
0.080, 6306
0.080, 6305
0.080, 6304
0.080, 6303
0.080, 6302
0.080, 6301
0.080, 6300
0.080, 6299
0.080, 6298
0.081, 6297
0.081, 6296
0.081, 6295
0.081, 6294
0.081, 6293
0.081, 6292
0.081, 6291
0.081, 6290
0.081, 6289
0.081, 6288
0.081, 6287
0.081, 6286
0.081, 6285
0.081, 6284
0.081, 6283
0.081, 6282
0.081, 6281
0.081, 6280
0.081, 6279
0.081, 6278
0.081, 6277
0.081, 6276
0.081, 6275
0.081, 6274
0.081, 6273
0.081, 6272
0.081, 6271
0.081, 6270
0.081, 6269
0.081, 6268
0.081, 6267
0.081, 6266
0.081, 6265
0.081, 6264
0.081, 6263
0.081, 6262
0.081, 6261
0.081, 6260
0.081, 6259
0.081, 6258
0.081, 6257
0.081, 6256
0.081, 6255
0.081, 6254
0.081, 6253
0.081, 6252
0.081, 6251
0.081, 6250
0.081, 6249
0.081, 6248
0.081, 6247
0.081, 6246
0.081, 6245
0.081, 6244
0.081, 6243
0.081, 6242
0.081, 6241
0.081, 6240
0.081, 6239
0.081, 6238
0.081, 6237
0.081, 6236
0.081, 6235
0.081, 6234
0.081, 6233
0.081, 6232
0.081, 6231
0.081, 6230
0.081, 6229
0.082, 6228
0.082, 6227
0.082, 6226
0.082, 6225
0.082, 6224
0.082, 6223
0.082, 6222
0.082, 6221
0.082, 6220
0.082, 6219
0.082, 6218
0.082, 6217
0.082, 6216
0.082, 6215
0.082, 6214
0.082, 6213
0.082, 6212
0.082, 6211
0.082, 6210
0.082, 6209
0.082, 6208
0.082, 6207
0.082, 6206
0.082, 6205
0.082, 6204
0.082, 6203
0.082, 6202
0.082, 6201
0.082, 6200
0.082, 6199
0.082, 6198
0.082, 6197
0.082, 6196
0.082, 6195
0.082, 6194
0.082, 6193
0.082, 6192
0.082, 6191
0.082, 6190
0.082, 6189
0.082, 6188
0.082, 6187
0.082, 6186
0.082, 6185
0.082, 6184
0.082, 6183
0.082, 6182
0.082, 6181
0.082, 6180
0.082, 6179
0.082, 6178
0.082, 6177
0.082, 6176
0.082, 6175
0.082, 6174
0.082, 6173
0.082, 6172
0.082, 6171
0.082, 6170
0.082, 6169
0.082, 6168
0.082, 6167
0.082, 6166
0.082, 6165
0.082, 6164
0.082, 6163
0.082, 6162
0.082, 6161
0.082, 6160
0.082, 6159
0.082, 6158
0.083, 6157
0.083, 6156
0.083, 6155
0.083, 6154
0.083, 6153
0.083, 6152
0.083, 6151
0.083, 6150
0.083, 6149
0.083, 6148
0.083, 6147
0.083, 6146
0.083, 6145
0.083, 6144
0.083, 6143
0.083, 6142
0.083, 6141
0.083, 6140
0.083, 6139
0.083, 6138
0.083, 6137
0.083, 6136
0.083, 6135
0.083, 6134
0.083, 6133
0.083, 6132
0.083, 6131
0.083, 6130
0.083, 6129
0.083, 6128
0.083, 6127
0.083, 6126
0.083, 6125
0.083, 6124
0.083, 6123
0.083, 6122
0.083, 6121
0.083, 6120
0.083, 6119
0.083, 6118
0.083, 6117
0.083, 6116
0.083, 6115
0.083, 6114
0.083, 6113
0.083, 6112
0.083, 6111
0.083, 6110
0.083, 6109
0.083, 6108
0.083, 6107
0.083, 6106
0.083, 6105
0.083, 6104
0.083, 6103
0.083, 6102
0.083, 6101
0.083, 6100
0.083, 6099
0.083, 6098
0.083, 6097
0.083, 6096
0.083, 6095
0.084, 6094
0.084, 6093
0.084, 6092
0.084, 6091
0.084, 6090
0.084, 6089
0.084, 6088
0.084, 6087
0.084, 6086
0.084, 6085
0.084, 6084
0.084, 6083
0.084, 6082
0.084, 6081
0.084, 6080
0.084, 6079
0.084, 6078
0.084, 6077
0.084, 6076
0.084, 6075
0.084, 6074
0.084, 6073
0.084, 6072
0.084, 6071
0.084, 6070
0.084, 6069
0.084, 6068
0.084, 6067
0.084, 6066
0.084, 6065
0.084, 6064
0.084, 6063
0.084, 6062
0.084, 6061
0.084, 6060
0.084, 6059
0.084, 6058
0.084, 6057
0.084, 6056
0.084, 6055
0.084, 6054
0.084, 6053
0.084, 6052
0.084, 6051
0.084, 6050
0.084, 6049
0.084, 6048
0.084, 6047
0.084, 6046
0.084, 6045
0.084, 6044
0.084, 6043
0.084, 6042
0.084, 6041
0.084, 6040
0.084, 6039
0.084, 6038
0.084, 6037
0.084, 6036
0.084, 6035
0.084, 6034
0.084, 6033
0.084, 6032
0.084, 6031
0.084, 6030
0.084, 6029
0.084, 6028
0.084, 6027
0.084, 6026
0.084, 6025
0.084, 6024
0.084, 6023
0.084, 6022
0.084, 6021
0.084, 6020
0.084, 6019
0.084, 6018
0.084, 6017
0.084, 6016
0.084, 6015
0.085, 6014
0.085, 6013
0.085, 6012
0.085, 6011
0.085, 6010
0.085, 6009
0.085, 6008
0.085, 6007
0.085, 6006
0.085, 6005
0.085, 6004
0.085, 6003
0.085, 6002
0.085, 6001
0.085, 6000
0.085, 5999
0.085, 5998
0.085, 5997
0.085, 5996
0.085, 5995
0.085, 5994
0.085, 5993
0.085, 5992
0.085, 5991
0.085, 5990
0.085, 5989
0.085, 5988
0.085, 5987
0.085, 5986
0.085, 5985
0.085, 5984
0.085, 5983
0.085, 5982
0.085, 5981
0.085, 5980
0.085, 5979
0.085, 5978
0.085, 5977
0.085, 5976
0.085, 5975
0.085, 5974
0.085, 5973
0.085, 5972
0.085, 5971
0.085, 5970
0.085, 5969
0.085, 5968
0.085, 5967
0.085, 5966
0.085, 5965
0.085, 5964
0.085, 5963
0.085, 5962
0.085, 5961
0.085, 5960
0.085, 5959
0.085, 5958
0.085, 5957
0.085, 5956
0.085, 5955
0.085, 5954
0.085, 5953
0.085, 5952
0.085, 5951
0.085, 5950
0.085, 5949
0.085, 5948
0.085, 5947
0.085, 5946
0.085, 5945
0.085, 5944
0.085, 5943
0.085, 5942
0.085, 5941
0.085, 5940
0.085, 5939
0.085, 5938
0.085, 5937
0.085, 5936
0.085, 5935
0.085, 5934
0.085, 5933
0.085, 5932
0.086, 5931
0.086, 5930
0.086, 5929
0.086, 5928
0.086, 5927
0.086, 5926
0.086, 5925
0.086, 5924
0.086, 5923
0.086, 5922
0.086, 5921
0.086, 5920
0.086, 5919
0.086, 5918
0.086, 5917
0.086, 5916
0.086, 5915
0.086, 5914
0.086, 5913
0.086, 5912
0.086, 5911
0.086, 5910
0.086, 5909
0.086, 5908
0.086, 5907
0.086, 5906
0.086, 5905
0.086, 5904
0.086, 5903
0.086, 5902
0.086, 5901
0.086, 5900
0.086, 5899
0.086, 5898
0.086, 5897
0.086, 5896
0.086, 5895
0.086, 5894
0.086, 5893
0.086, 5892
0.086, 5891
0.086, 5890
0.086, 5889
0.086, 5888
0.086, 5887
0.086, 5886
0.086, 5885
0.086, 5884
0.086, 5883
0.086, 5882
0.086, 5881
0.086, 5880
0.086, 5879
0.086, 5878
0.086, 5877
0.086, 5876
0.086, 5875
0.086, 5874
0.086, 5873
0.086, 5872
0.086, 5871
0.086, 5870
0.086, 5869
0.086, 5868
0.086, 5867
0.086, 5866
0.086, 5865
0.086, 5864
0.086, 5863
0.086, 5862
0.086, 5861
0.086, 5860
0.086, 5859
0.086, 5858
0.086, 5857
0.086, 5856
0.086, 5855
0.086, 5854
0.086, 5853
0.086, 5852
0.086, 5851
0.086, 5850
0.086, 5849
0.086, 5848
0.086, 5847
0.086, 5846
0.086, 5845
0.086, 5844
0.086, 5843
0.086, 5842
0.086, 5841
0.086, 5840
0.086, 5839
0.087, 5838
0.087, 5837
0.087, 5836
0.087, 5835
0.087, 5834
0.087, 5833
0.087, 5832
0.087, 5831
0.087, 5830
0.087, 5829
0.087, 5828
0.087, 5827
0.087, 5826
0.087, 5825
0.087, 5824
0.087, 5823
0.087, 5822
0.087, 5821
0.087, 5820
0.087, 5819
0.087, 5818
0.087, 5817
0.087, 5816
0.087, 5815
0.087, 5814
0.087, 5813
0.087, 5812
0.087, 5811
0.087, 5810
0.087, 5809
0.087, 5808
0.087, 5807
0.087, 5806
0.087, 5805
0.087, 5804
0.087, 5803
0.087, 5802
0.087, 5801
0.087, 5800
0.087, 5799
0.087, 5798
0.087, 5797
0.087, 5796
0.087, 5795
0.087, 5794
0.087, 5793
0.087, 5792
0.087, 5791
0.087, 5790
0.087, 5789
0.087, 5788
0.087, 5787
0.087, 5786
0.087, 5785
0.087, 5784
0.087, 5783
0.087, 5782
0.087, 5781
0.087, 5780
0.087, 5779
0.087, 5778
0.087, 5777
0.087, 5776
0.087, 5775
0.087, 5774
0.087, 5773
0.087, 5772
0.087, 5771
0.087, 5770
0.087, 5769
0.087, 5768
0.087, 5767
0.087, 5766
0.087, 5765
0.087, 5764
0.087, 5763
0.088, 5762
0.088, 5761
0.088, 5760
0.088, 5759
0.088, 5758
0.088, 5757
0.088, 5756
0.088, 5755
0.088, 5754
0.088, 5753
0.088, 5752
0.088, 5751
0.088, 5750
0.088, 5749
0.088, 5748
0.088, 5747
0.088, 5746
0.088, 5745
0.088, 5744
0.088, 5743
0.088, 5742
0.088, 5741
0.088, 5740
0.088, 5739
0.088, 5738
0.088, 5737
0.088, 5736
0.088, 5735
0.088, 5734
0.088, 5733
0.088, 5732
0.088, 5731
0.088, 5730
0.088, 5729
0.088, 5728
0.088, 5727
0.088, 5726
0.088, 5725
0.088, 5724
0.088, 5723
0.088, 5722
0.088, 5721
0.088, 5720
0.088, 5719
0.088, 5718
0.088, 5717
0.088, 5716
0.088, 5715
0.088, 5714
0.088, 5713
0.088, 5712
0.088, 5711
0.088, 5710
0.088, 5709
0.088, 5708
0.088, 5707
0.088, 5706
0.088, 5705
0.088, 5704
0.088, 5703
0.088, 5702
0.088, 5701
0.088, 5700
0.088, 5699
0.088, 5698
0.088, 5697
0.088, 5696
0.088, 5695
0.088, 5694
0.088, 5693
0.088, 5692
0.088, 5691
0.088, 5690
0.088, 5689
0.088, 5688
0.088, 5687
0.088, 5686
0.088, 5685
0.088, 5684
0.088, 5683
0.088, 5682
0.088, 5681
0.088, 5680
0.089, 5679
0.089, 5678
0.089, 5677
0.089, 5676
0.089, 5675
0.089, 5674
0.089, 5673
0.089, 5672
0.089, 5671
0.089, 5670
0.089, 5669
0.089, 5668
0.089, 5667
0.089, 5666
0.089, 5665
0.089, 5664
0.089, 5663
0.089, 5662
0.089, 5661
0.089, 5660
0.089, 5659
0.089, 5658
0.089, 5657
0.089, 5656
0.089, 5655
0.089, 5654
0.089, 5653
0.089, 5652
0.089, 5651
0.089, 5650
0.089, 5649
0.089, 5648
0.089, 5647
0.089, 5646
0.089, 5645
0.089, 5644
0.089, 5643
0.089, 5642
0.089, 5641
0.089, 5640
0.089, 5639
0.089, 5638
0.089, 5637
0.089, 5636
0.089, 5635
0.089, 5634
0.089, 5633
0.089, 5632
0.089, 5631
0.089, 5630
0.089, 5629
0.089, 5628
0.090, 5627
0.090, 5626
0.090, 5625
0.090, 5624
0.090, 5623
0.090, 5622
0.090, 5621
0.090, 5620
0.090, 5619
0.090, 5618
0.090, 5617
0.090, 5616
0.090, 5615
0.090, 5614
0.090, 5613
0.090, 5612
0.090, 5611
0.090, 5610
0.090, 5609
0.090, 5608
0.090, 5607
0.090, 5606
0.090, 5605
0.090, 5604
0.090, 5603
0.090, 5602
0.090, 5601
0.090, 5600
0.090, 5599
0.090, 5598
0.090, 5597
0.090, 5596
0.090, 5595
0.090, 5594
0.090, 5593
0.090, 5592
0.090, 5591
0.090, 5590
0.090, 5589
0.090, 5588
0.090, 5587
0.090, 5586
0.090, 5585
0.090, 5584
0.090, 5583
0.090, 5582
0.090, 5581
0.090, 5580
0.090, 5579
0.090, 5578
0.090, 5577
0.090, 5576
0.090, 5575
0.090, 5574
0.090, 5573
0.090, 5572
0.090, 5571
0.090, 5570
0.090, 5569
0.090, 5568
0.090, 5567
0.090, 5566
0.090, 5565
0.090, 5564
0.090, 5563
0.090, 5562
0.090, 5561
0.090, 5560
0.090, 5559
0.090, 5558
0.090, 5557
0.090, 5556
0.090, 5555
0.090, 5554
0.090, 5553
0.090, 5552
0.090, 5551
0.090, 5550
0.090, 5549
0.090, 5548
0.090, 5547
0.090, 5546
0.090, 5545
0.090, 5544
0.090, 5543
0.090, 5542
0.090, 5541
0.091, 5540
0.091, 5539
0.091, 5538
0.091, 5537
0.091, 5536
0.091, 5535
0.091, 5534
0.091, 5533
0.091, 5532
0.091, 5531
0.091, 5530
0.091, 5529
0.091, 5528
0.091, 5527
0.091, 5526
0.091, 5525
0.091, 5524
0.091, 5523
0.091, 5522
0.091, 5521
0.091, 5520
0.091, 5519
0.091, 5518
0.091, 5517
0.091, 5516
0.091, 5515
0.091, 5514
0.091, 5513
0.091, 5512
0.091, 5511
0.091, 5510
0.091, 5509
0.091, 5508
0.091, 5507
0.091, 5506
0.091, 5505
0.091, 5504
0.091, 5503
0.091, 5502
0.091, 5501
0.091, 5500
0.091, 5499
0.091, 5498
0.091, 5497
0.091, 5496
0.091, 5495
0.091, 5494
0.091, 5493
0.091, 5492
0.091, 5491
0.091, 5490
0.091, 5489
0.091, 5488
0.091, 5487
0.091, 5486
0.091, 5485
0.091, 5484
0.091, 5483
0.091, 5482
0.091, 5481
0.091, 5480
0.091, 5479
0.091, 5478
0.091, 5477
0.091, 5476
0.091, 5475
0.091, 5474
0.091, 5473
0.091, 5472
0.091, 5471
0.091, 5470
0.091, 5469
0.091, 5468
0.091, 5467
0.091, 5466
0.091, 5465
0.091, 5464
0.091, 5463
0.091, 5462
0.091, 5461
0.091, 5460
0.091, 5459
0.091, 5458
0.091, 5457
0.091, 5456
0.091, 5455
0.091, 5454
0.091, 5453
0.091, 5452
0.091, 5451
0.091, 5450
0.091, 5449
0.091, 5448
0.091, 5447
0.091, 5446
0.091, 5445
0.091, 5444
0.092, 5443
0.092, 5442
0.092, 5441
0.092, 5440
0.092, 5439
0.092, 5438
0.092, 5437
0.092, 5436
0.092, 5435
0.092, 5434
0.092, 5433
0.092, 5432
0.092, 5431
0.092, 5430
0.092, 5429
0.092, 5428
0.092, 5427
0.092, 5426
0.092, 5425
0.092, 5424
0.092, 5423
0.092, 5422
0.092, 5421
0.092, 5420
0.092, 5419
0.092, 5418
0.092, 5417
0.092, 5416
0.092, 5415
0.092, 5414
0.092, 5413
0.092, 5412
0.092, 5411
0.092, 5410
0.092, 5409
0.092, 5408
0.092, 5407
0.092, 5406
0.092, 5405
0.092, 5404
0.092, 5403
0.092, 5402
0.092, 5401
0.092, 5400
0.092, 5399
0.092, 5398
0.092, 5397
0.092, 5396
0.092, 5395
0.092, 5394
0.092, 5393
0.092, 5392
0.092, 5391
0.092, 5390
0.092, 5389
0.092, 5388
0.092, 5387
0.092, 5386
0.092, 5385
0.092, 5384
0.092, 5383
0.092, 5382
0.092, 5381
0.092, 5380
0.092, 5379
0.092, 5378
0.092, 5377
0.092, 5376
0.092, 5375
0.092, 5374
0.092, 5373
0.092, 5372
0.092, 5371
0.092, 5370
0.092, 5369
0.092, 5368
0.092, 5367
0.093, 5366
0.093, 5365
0.093, 5364
0.093, 5363
0.093, 5362
0.093, 5361
0.093, 5360
0.093, 5359
0.093, 5358
0.093, 5357
0.093, 5356
0.093, 5355
0.093, 5354
0.093, 5353
0.093, 5352
0.093, 5351
0.093, 5350
0.093, 5349
0.093, 5348
0.093, 5347
0.093, 5346
0.093, 5345
0.093, 5344
0.093, 5343
0.093, 5342
0.093, 5341
0.093, 5340
0.093, 5339
0.093, 5338
0.093, 5337
0.093, 5336
0.093, 5335
0.093, 5334
0.093, 5333
0.093, 5332
0.093, 5331
0.093, 5330
0.093, 5329
0.093, 5328
0.093, 5327
0.093, 5326
0.093, 5325
0.093, 5324
0.093, 5323
0.093, 5322
0.093, 5321
0.093, 5320
0.093, 5319
0.093, 5318
0.093, 5317
0.093, 5316
0.093, 5315
0.093, 5314
0.093, 5313
0.093, 5312
0.093, 5311
0.093, 5310
0.093, 5309
0.093, 5308
0.093, 5307
0.093, 5306
0.093, 5305
0.093, 5304
0.093, 5303
0.093, 5302
0.093, 5301
0.093, 5300
0.093, 5299
0.093, 5298
0.093, 5297
0.093, 5296
0.093, 5295
0.093, 5294
0.093, 5293
0.093, 5292
0.093, 5291
0.093, 5290
0.093, 5289
0.093, 5288
0.093, 5287
0.093, 5286
0.093, 5285
0.093, 5284
0.093, 5283
0.094, 5282
0.094, 5281
0.094, 5280
0.094, 5279
0.094, 5278
0.094, 5277
0.094, 5276
0.094, 5275
0.094, 5274
0.094, 5273
0.094, 5272
0.094, 5271
0.094, 5270
0.094, 5269
0.094, 5268
0.094, 5267
0.094, 5266
0.094, 5265
0.094, 5264
0.094, 5263
0.094, 5262
0.094, 5261
0.094, 5260
0.094, 5259
0.094, 5258
0.094, 5257
0.094, 5256
0.094, 5255
0.094, 5254
0.094, 5253
0.094, 5252
0.094, 5251
0.094, 5250
0.094, 5249
0.094, 5248
0.094, 5247
0.094, 5246
0.094, 5245
0.094, 5244
0.094, 5243
0.094, 5242
0.094, 5241
0.094, 5240
0.094, 5239
0.094, 5238
0.094, 5237
0.094, 5236
0.094, 5235
0.094, 5234
0.094, 5233
0.094, 5232
0.094, 5231
0.094, 5230
0.094, 5229
0.094, 5228
0.094, 5227
0.094, 5226
0.094, 5225
0.094, 5224
0.094, 5223
0.094, 5222
0.094, 5221
0.094, 5220
0.094, 5219
0.094, 5218
0.094, 5217
0.094, 5216
0.094, 5215
0.094, 5214
0.094, 5213
0.094, 5212
0.094, 5211
0.094, 5210
0.094, 5209
0.094, 5208
0.094, 5207
0.094, 5206
0.094, 5205
0.094, 5204
0.094, 5203
0.095, 5202
0.095, 5201
0.095, 5200
0.095, 5199
0.095, 5198
0.095, 5197
0.095, 5196
0.095, 5195
0.095, 5194
0.095, 5193
0.095, 5192
0.095, 5191
0.095, 5190
0.095, 5189
0.095, 5188
0.095, 5187
0.095, 5186
0.095, 5185
0.095, 5184
0.095, 5183
0.095, 5182
0.095, 5181
0.095, 5180
0.095, 5179
0.095, 5178
0.095, 5177
0.095, 5176
0.095, 5175
0.095, 5174
0.095, 5173
0.095, 5172
0.095, 5171
0.095, 5170
0.095, 5169
0.095, 5168
0.095, 5167
0.095, 5166
0.095, 5165
0.095, 5164
0.095, 5163
0.095, 5162
0.095, 5161
0.095, 5160
0.095, 5159
0.095, 5158
0.095, 5157
0.095, 5156
0.095, 5155
0.095, 5154
0.095, 5153
0.095, 5152
0.095, 5151
0.095, 5150
0.095, 5149
0.095, 5148
0.095, 5147
0.095, 5146
0.095, 5145
0.095, 5144
0.095, 5143
0.095, 5142
0.095, 5141
0.095, 5140
0.095, 5139
0.095, 5138
0.095, 5137
0.095, 5136
0.095, 5135
0.095, 5134
0.095, 5133
0.095, 5132
0.095, 5131
0.095, 5130
0.095, 5129
0.095, 5128
0.095, 5127
0.095, 5126
0.095, 5125
0.095, 5124
0.095, 5123
0.095, 5122
0.095, 5121
0.095, 5120
0.095, 5119
0.095, 5118
0.096, 5117
0.096, 5116
0.096, 5115
0.096, 5114
0.096, 5113
0.096, 5112
0.096, 5111
0.096, 5110
0.096, 5109
0.096, 5108
0.096, 5107
0.096, 5106
0.096, 5105
0.096, 5104
0.096, 5103
0.096, 5102
0.096, 5101
0.096, 5100
0.096, 5099
0.096, 5098
0.096, 5097
0.096, 5096
0.096, 5095
0.096, 5094
0.096, 5093
0.096, 5092
0.096, 5091
0.096, 5090
0.096, 5089
0.096, 5088
0.096, 5087
0.096, 5086
0.096, 5085
0.096, 5084
0.096, 5083
0.096, 5082
0.096, 5081
0.096, 5080
0.096, 5079
0.096, 5078
0.096, 5077
0.096, 5076
0.096, 5075
0.096, 5074
0.096, 5073
0.096, 5072
0.096, 5071
0.096, 5070
0.096, 5069
0.096, 5068
0.096, 5067
0.096, 5066
0.096, 5065
0.096, 5064
0.096, 5063
0.096, 5062
0.096, 5061
0.096, 5060
0.096, 5059
0.096, 5058
0.096, 5057
0.096, 5056
0.096, 5055
0.096, 5054
0.096, 5053
0.096, 5052
0.096, 5051
0.096, 5050
0.096, 5049
0.096, 5048
0.096, 5047
0.096, 5046
0.096, 5045
0.096, 5044
0.096, 5043
0.096, 5042
0.096, 5041
0.097, 5040
0.097, 5039
0.097, 5038
0.097, 5037
0.097, 5036
0.097, 5035
0.097, 5034
0.097, 5033
0.097, 5032
0.097, 5031
0.097, 5030
0.097, 5029
0.097, 5028
0.097, 5027
0.097, 5026
0.097, 5025
0.097, 5024
0.097, 5023
0.097, 5022
0.097, 5021
0.097, 5020
0.097, 5019
0.097, 5018
0.097, 5017
0.097, 5016
0.097, 5015
0.097, 5014
0.097, 5013
0.097, 5012
0.097, 5011
0.097, 5010
0.097, 5009
0.097, 5008
0.097, 5007
0.097, 5006
0.097, 5005
0.097, 5004
0.097, 5003
0.097, 5002
0.097, 5001
0.097, 5000
0.097, 4999
0.097, 4998
0.097, 4997
0.097, 4996
0.097, 4995
0.097, 4994
0.097, 4993
0.097, 4992
0.097, 4991
0.097, 4990
0.097, 4989
0.097, 4988
0.097, 4987
0.097, 4986
0.097, 4985
0.097, 4984
0.097, 4983
0.097, 4982
0.097, 4981
0.097, 4980
0.097, 4979
0.097, 4978
0.097, 4977
0.097, 4976
0.097, 4975
0.097, 4974
0.097, 4973
0.097, 4972
0.097, 4971
0.097, 4970
0.097, 4969
0.097, 4968
0.097, 4967
0.097, 4966
0.097, 4965
0.097, 4964
0.097, 4963
0.097, 4962
0.097, 4961
0.097, 4960
0.097, 4959
0.097, 4958
0.097, 4957
0.098, 4956
0.098, 4955
0.098, 4954
0.098, 4953
0.098, 4952
0.098, 4951
0.098, 4950
0.098, 4949
0.098, 4948
0.098, 4947
0.098, 4946
0.098, 4945
0.098, 4944
0.098, 4943
0.098, 4942
0.098, 4941
0.098, 4940
0.098, 4939
0.098, 4938
0.098, 4937
0.098, 4936
0.098, 4935
0.098, 4934
0.098, 4933
0.098, 4932
0.098, 4931
0.098, 4930
0.098, 4929
0.098, 4928
0.098, 4927
0.098, 4926
0.098, 4925
0.098, 4924
0.098, 4923
0.098, 4922
0.098, 4921
0.098, 4920
0.099, 4919
0.099, 4918
0.099, 4917
0.099, 4916
0.099, 4915
0.099, 4914
0.099, 4913
0.099, 4912
0.099, 4911
0.099, 4910
0.099, 4909
0.099, 4908
0.099, 4907
0.099, 4906
0.099, 4905
0.099, 4904
0.099, 4903
0.099, 4902
0.099, 4901
0.099, 4900
0.099, 4899
0.099, 4898
0.099, 4897
0.099, 4896
0.099, 4895
0.099, 4894
0.099, 4893
0.099, 4892
0.099, 4891
0.099, 4890
0.099, 4889
0.099, 4888
0.099, 4887
0.099, 4886
0.099, 4885
0.099, 4884
0.099, 4883
0.099, 4882
0.099, 4881
0.099, 4880
0.099, 4879
0.099, 4878
0.099, 4877
0.099, 4876
0.099, 4875
0.099, 4874
0.099, 4873
0.099, 4872
0.099, 4871
0.099, 4870
0.099, 4869
0.099, 4868
0.099, 4867
0.099, 4866
0.099, 4865
0.099, 4864
0.099, 4863
0.099, 4862
0.099, 4861
0.099, 4860
0.099, 4859
0.099, 4858
0.099, 4857
0.099, 4856
0.099, 4855
0.099, 4854
0.099, 4853
0.099, 4852
0.099, 4851
0.099, 4850
0.099, 4849
0.099, 4848
0.099, 4847
0.099, 4846
0.099, 4845
0.100, 4844
0.100, 4843
0.100, 4842
0.100, 4841
0.100, 4840
0.100, 4839
0.100, 4838
0.100, 4837
0.100, 4836
0.100, 4835
0.100, 4834
0.100, 4833
0.100, 4832
0.100, 4831
0.100, 4830
0.100, 4829
0.100, 4828
0.100, 4827
0.100, 4826
0.100, 4825
0.100, 4824
0.100, 4823
0.100, 4822
0.100, 4821
0.100, 4820
0.100, 4819
0.100, 4818
0.100, 4817
0.100, 4816
0.100, 4815
0.100, 4814
0.100, 4813
0.100, 4812
0.100, 4811
0.100, 4810
0.100, 4809
0.100, 4808
0.100, 4807
0.100, 4806
0.100, 4805
0.100, 4804
0.100, 4803
0.100, 4802
0.100, 4801
0.100, 4800
0.100, 4799
0.100, 4798
0.100, 4797
0.100, 4796
0.100, 4795
0.100, 4794
0.100, 4793
0.100, 4792
0.100, 4791
0.100, 4790
0.100, 4789
0.100, 4788
0.100, 4787
0.100, 4786
0.100, 4785
0.100, 4784
0.100, 4783
0.100, 4782
0.100, 4781
0.100, 4780
0.100, 4779
0.100, 4778
0.100, 4777
0.100, 4776
0.100, 4775
0.100, 4774
0.100, 4773
0.100, 4772
0.100, 4771
0.100, 4770
0.100, 4769
0.100, 4768
0.100, 4767
0.100, 4766
0.100, 4765
0.101, 4764
0.101, 4763
0.101, 4762
0.101, 4761
0.101, 4760
0.101, 4759
0.101, 4758
0.101, 4757
0.101, 4756
0.101, 4755
0.101, 4754
0.101, 4753
0.101, 4752
0.101, 4751
0.101, 4750
0.101, 4749
0.101, 4748
0.101, 4747
0.101, 4746
0.101, 4745
0.101, 4744
0.101, 4743
0.101, 4742
0.101, 4741
0.101, 4740
0.101, 4739
0.101, 4738
0.101, 4737
0.101, 4736
0.101, 4735
0.101, 4734
0.101, 4733
0.101, 4732
0.101, 4731
0.101, 4730
0.101, 4729
0.101, 4728
0.101, 4727
0.101, 4726
0.101, 4725
0.101, 4724
0.101, 4723
0.101, 4722
0.101, 4721
0.101, 4720
0.101, 4719
0.101, 4718
0.101, 4717
0.101, 4716
0.101, 4715
0.101, 4714
0.101, 4713
0.101, 4712
0.101, 4711
0.101, 4710
0.101, 4709
0.101, 4708
0.101, 4707
0.101, 4706
0.101, 4705
0.101, 4704
0.101, 4703
0.101, 4702
0.101, 4701
0.101, 4700
0.101, 4699
0.101, 4698
0.101, 4697
0.101, 4696
0.101, 4695
0.101, 4694
0.101, 4693
0.101, 4692
0.101, 4691
0.101, 4690
0.101, 4689
0.101, 4688
0.101, 4687
0.101, 4686
0.101, 4685
0.102, 4684
0.102, 4683
0.102, 4682
0.102, 4681
0.102, 4680
0.102, 4679
0.102, 4678
0.102, 4677
0.102, 4676
0.102, 4675
0.102, 4674
0.102, 4673
0.102, 4672
0.102, 4671
0.102, 4670
0.102, 4669
0.102, 4668
0.102, 4667
0.102, 4666
0.102, 4665
0.102, 4664
0.102, 4663
0.102, 4662
0.102, 4661
0.102, 4660
0.102, 4659
0.102, 4658
0.102, 4657
0.102, 4656
0.102, 4655
0.102, 4654
0.102, 4653
0.102, 4652
0.102, 4651
0.102, 4650
0.102, 4649
0.102, 4648
0.102, 4647
0.102, 4646
0.102, 4645
0.102, 4644
0.102, 4643
0.102, 4642
0.102, 4641
0.102, 4640
0.102, 4639
0.102, 4638
0.102, 4637
0.102, 4636
0.102, 4635
0.102, 4634
0.102, 4633
0.102, 4632
0.102, 4631
0.102, 4630
0.102, 4629
0.102, 4628
0.102, 4627
0.102, 4626
0.102, 4625
0.102, 4624
0.102, 4623
0.102, 4622
0.102, 4621
0.102, 4620
0.102, 4619
0.102, 4618
0.102, 4617
0.102, 4616
0.102, 4615
0.102, 4614
0.102, 4613
0.102, 4612
0.102, 4611
0.102, 4610
0.102, 4609
0.102, 4608
0.102, 4607
0.102, 4606
0.102, 4605
0.102, 4604
0.102, 4603
0.102, 4602
0.102, 4601
0.102, 4600
0.102, 4599
0.102, 4598
0.102, 4597
0.102, 4596
0.102, 4595
0.103, 4594
0.103, 4593
0.103, 4592
0.103, 4591
0.103, 4590
0.103, 4589
0.103, 4588
0.103, 4587
0.103, 4586
0.103, 4585
0.103, 4584
0.103, 4583
0.103, 4582
0.103, 4581
0.103, 4580
0.103, 4579
0.103, 4578
0.103, 4577
0.103, 4576
0.103, 4575
0.103, 4574
0.103, 4573
0.103, 4572
0.103, 4571
0.103, 4570
0.103, 4569
0.103, 4568
0.103, 4567
0.103, 4566
0.103, 4565
0.103, 4564
0.103, 4563
0.103, 4562
0.103, 4561
0.103, 4560
0.103, 4559
0.103, 4558
0.103, 4557
0.103, 4556
0.103, 4555
0.103, 4554
0.103, 4553
0.103, 4552
0.103, 4551
0.103, 4550
0.103, 4549
0.103, 4548
0.103, 4547
0.103, 4546
0.103, 4545
0.103, 4544
0.103, 4543
0.103, 4542
0.103, 4541
0.103, 4540
0.103, 4539
0.103, 4538
0.103, 4537
0.103, 4536
0.103, 4535
0.103, 4534
0.103, 4533
0.103, 4532
0.103, 4531
0.103, 4530
0.103, 4529
0.103, 4528
0.103, 4527
0.103, 4526
0.103, 4525
0.103, 4524
0.103, 4523
0.103, 4522
0.103, 4521
0.103, 4520
0.103, 4519
0.103, 4518
0.103, 4517
0.103, 4516
0.104, 4515
0.104, 4514
0.104, 4513
0.104, 4512
0.104, 4511
0.104, 4510
0.104, 4509
0.104, 4508
0.104, 4507
0.104, 4506
0.104, 4505
0.104, 4504
0.104, 4503
0.104, 4502
0.104, 4501
0.104, 4500
0.104, 4499
0.104, 4498
0.104, 4497
0.104, 4496
0.104, 4495
0.104, 4494
0.104, 4493
0.104, 4492
0.104, 4491
0.104, 4490
0.104, 4489
0.104, 4488
0.104, 4487
0.104, 4486
0.104, 4485
0.104, 4484
0.104, 4483
0.104, 4482
0.104, 4481
0.104, 4480
0.104, 4479
0.104, 4478
0.104, 4477
0.104, 4476
0.104, 4475
0.104, 4474
0.104, 4473
0.104, 4472
0.104, 4471
0.104, 4470
0.104, 4469
0.104, 4468
0.104, 4467
0.104, 4466
0.104, 4465
0.104, 4464
0.104, 4463
0.104, 4462
0.104, 4461
0.104, 4460
0.104, 4459
0.104, 4458
0.104, 4457
0.104, 4456
0.104, 4455
0.104, 4454
0.104, 4453
0.104, 4452
0.104, 4451
0.104, 4450
0.104, 4449
0.104, 4448
0.104, 4447
0.104, 4446
0.104, 4445
0.104, 4444
0.104, 4443
0.104, 4442
0.104, 4441
0.104, 4440
0.104, 4439
0.104, 4438
0.104, 4437
0.104, 4436
0.104, 4435
0.105, 4434
0.105, 4433
0.105, 4432
0.105, 4431
0.105, 4430
0.105, 4429
0.105, 4428
0.105, 4427
0.105, 4426
0.105, 4425
0.105, 4424
0.105, 4423
0.105, 4422
0.105, 4421
0.105, 4420
0.105, 4419
0.105, 4418
0.105, 4417
0.105, 4416
0.105, 4415
0.105, 4414
0.105, 4413
0.105, 4412
0.105, 4411
0.105, 4410
0.105, 4409
0.105, 4408
0.105, 4407
0.105, 4406
0.105, 4405
0.105, 4404
0.105, 4403
0.105, 4402
0.105, 4401
0.105, 4400
0.105, 4399
0.105, 4398
0.105, 4397
0.105, 4396
0.105, 4395
0.105, 4394
0.105, 4393
0.105, 4392
0.105, 4391
0.105, 4390
0.105, 4389
0.105, 4388
0.105, 4387
0.105, 4386
0.105, 4385
0.105, 4384
0.105, 4383
0.105, 4382
0.105, 4381
0.105, 4380
0.105, 4379
0.105, 4378
0.105, 4377
0.105, 4376
0.105, 4375
0.105, 4374
0.105, 4373
0.105, 4372
0.105, 4371
0.105, 4370
0.105, 4369
0.105, 4368
0.105, 4367
0.105, 4366
0.105, 4365
0.105, 4364
0.106, 4363
0.106, 4362
0.106, 4361
0.106, 4360
0.106, 4359
0.106, 4358
0.106, 4357
0.106, 4356
0.106, 4355
0.106, 4354
0.106, 4353
0.106, 4352
0.106, 4351
0.106, 4350
0.106, 4349
0.106, 4348
0.106, 4347
0.106, 4346
0.106, 4345
0.106, 4344
0.106, 4343
0.106, 4342
0.106, 4341
0.106, 4340
0.106, 4339
0.106, 4338
0.106, 4337
0.106, 4336
0.106, 4335
0.106, 4334
0.106, 4333
0.106, 4332
0.106, 4331
0.106, 4330
0.106, 4329
0.106, 4328
0.106, 4327
0.106, 4326
0.106, 4325
0.106, 4324
0.106, 4323
0.106, 4322
0.106, 4321
0.106, 4320
0.106, 4319
0.106, 4318
0.106, 4317
0.106, 4316
0.106, 4315
0.106, 4314
0.106, 4313
0.106, 4312
0.106, 4311
0.106, 4310
0.106, 4309
0.106, 4308
0.106, 4307
0.106, 4306
0.106, 4305
0.106, 4304
0.106, 4303
0.106, 4302
0.106, 4301
0.106, 4300
0.106, 4299
0.106, 4298
0.106, 4297
0.106, 4296
0.106, 4295
0.106, 4294
0.106, 4293
0.106, 4292
0.106, 4291
0.107, 4290
0.107, 4289
0.107, 4288
0.107, 4287
0.107, 4286
0.107, 4285
0.107, 4284
0.107, 4283
0.107, 4282
0.107, 4281
0.107, 4280
0.107, 4279
0.107, 4278
0.107, 4277
0.107, 4276
0.107, 4275
0.107, 4274
0.107, 4273
0.107, 4272
0.107, 4271
0.107, 4270
0.107, 4269
0.107, 4268
0.107, 4267
0.107, 4266
0.107, 4265
0.107, 4264
0.107, 4263
0.107, 4262
0.108, 4261
0.108, 4260
0.108, 4259
0.108, 4258
0.108, 4257
0.108, 4256
0.108, 4255
0.108, 4254
0.108, 4253
0.108, 4252
0.108, 4251
0.108, 4250
0.108, 4249
0.108, 4248
0.108, 4247
0.108, 4246
0.108, 4245
0.108, 4244
0.108, 4243
0.108, 4242
0.108, 4241
0.108, 4240
0.108, 4239
0.108, 4238
0.108, 4237
0.108, 4236
0.108, 4235
0.108, 4234
0.108, 4233
0.108, 4232
0.108, 4231
0.108, 4230
0.108, 4229
0.108, 4228
0.108, 4227
0.108, 4226
0.108, 4225
0.108, 4224
0.108, 4223
0.108, 4222
0.108, 4221
0.108, 4220
0.108, 4219
0.108, 4218
0.108, 4217
0.108, 4216
0.108, 4215
0.108, 4214
0.108, 4213
0.108, 4212
0.108, 4211
0.108, 4210
0.108, 4209
0.108, 4208
0.108, 4207
0.108, 4206
0.108, 4205
0.108, 4204
0.108, 4203
0.108, 4202
0.108, 4201
0.108, 4200
0.108, 4199
0.108, 4198
0.108, 4197
0.108, 4196
0.108, 4195
0.108, 4194
0.108, 4193
0.108, 4192
0.108, 4191
0.109, 4190
0.109, 4189
0.109, 4188
0.109, 4187
0.109, 4186
0.109, 4185
0.109, 4184
0.109, 4183
0.109, 4182
0.109, 4181
0.109, 4180
0.109, 4179
0.109, 4178
0.109, 4177
0.109, 4176
0.109, 4175
0.109, 4174
0.109, 4173
0.109, 4172
0.109, 4171
0.109, 4170
0.109, 4169
0.109, 4168
0.109, 4167
0.109, 4166
0.109, 4165
0.109, 4164
0.109, 4163
0.109, 4162
0.109, 4161
0.109, 4160
0.109, 4159
0.109, 4158
0.109, 4157
0.109, 4156
0.109, 4155
0.109, 4154
0.109, 4153
0.109, 4152
0.109, 4151
0.109, 4150
0.109, 4149
0.109, 4148
0.109, 4147
0.109, 4146
0.109, 4145
0.109, 4144
0.109, 4143
0.109, 4142
0.109, 4141
0.109, 4140
0.109, 4139
0.109, 4138
0.109, 4137
0.109, 4136
0.109, 4135
0.109, 4134
0.109, 4133
0.109, 4132
0.109, 4131
0.109, 4130
0.109, 4129
0.109, 4128
0.109, 4127
0.109, 4126
0.109, 4125
0.109, 4124
0.109, 4123
0.109, 4122
0.109, 4121
0.109, 4120
0.110, 4119
0.110, 4118
0.110, 4117
0.110, 4116
0.110, 4115
0.110, 4114
0.110, 4113
0.110, 4112
0.110, 4111
0.110, 4110
0.110, 4109
0.110, 4108
0.110, 4107
0.110, 4106
0.110, 4105
0.110, 4104
0.110, 4103
0.110, 4102
0.110, 4101
0.110, 4100
0.110, 4099
0.110, 4098
0.110, 4097
0.110, 4096
0.110, 4095
0.110, 4094
0.110, 4093
0.110, 4092
0.110, 4091
0.110, 4090
0.110, 4089
0.110, 4088
0.110, 4087
0.110, 4086
0.110, 4085
0.110, 4084
0.110, 4083
0.110, 4082
0.110, 4081
0.110, 4080
0.110, 4079
0.110, 4078
0.110, 4077
0.110, 4076
0.110, 4075
0.110, 4074
0.110, 4073
0.110, 4072
0.110, 4071
0.110, 4070
0.110, 4069
0.110, 4068
0.110, 4067
0.110, 4066
0.110, 4065
0.110, 4064
0.111, 4063
0.111, 4062
0.111, 4061
0.111, 4060
0.111, 4059
0.111, 4058
0.111, 4057
0.111, 4056
0.111, 4055
0.111, 4054
0.111, 4053
0.111, 4052
0.111, 4051
0.111, 4050
0.111, 4049
0.111, 4048
0.111, 4047
0.111, 4046
0.111, 4045
0.111, 4044
0.111, 4043
0.111, 4042
0.111, 4041
0.111, 4040
0.111, 4039
0.111, 4038
0.111, 4037
0.111, 4036
0.111, 4035
0.111, 4034
0.111, 4033
0.111, 4032
0.111, 4031
0.111, 4030
0.111, 4029
0.111, 4028
0.111, 4027
0.111, 4026
0.111, 4025
0.111, 4024
0.111, 4023
0.111, 4022
0.111, 4021
0.111, 4020
0.111, 4019
0.111, 4018
0.111, 4017
0.111, 4016
0.111, 4015
0.111, 4014
0.111, 4013
0.111, 4012
0.111, 4011
0.111, 4010
0.112, 4009
0.112, 4008
0.112, 4007
0.112, 4006
0.112, 4005
0.112, 4004
0.112, 4003
0.112, 4002
0.112, 4001
0.112, 4000
0.112, 3999
0.112, 3998
0.112, 3997
0.112, 3996
0.112, 3995
0.112, 3994
0.112, 3993
0.112, 3992
0.112, 3991
0.112, 3990
0.112, 3989
0.112, 3988
0.112, 3987
0.112, 3986
0.112, 3985
0.112, 3984
0.112, 3983
0.112, 3982
0.112, 3981
0.112, 3980
0.112, 3979
0.112, 3978
0.112, 3977
0.112, 3976
0.112, 3975
0.112, 3974
0.112, 3973
0.112, 3972
0.112, 3971
0.112, 3970
0.112, 3969
0.112, 3968
0.113, 3967
0.113, 3966
0.113, 3965
0.113, 3964
0.113, 3963
0.113, 3962
0.113, 3961
0.113, 3960
0.113, 3959
0.113, 3958
0.113, 3957
0.113, 3956
0.113, 3955
0.113, 3954
0.113, 3953
0.113, 3952
0.113, 3951
0.113, 3950
0.113, 3949
0.113, 3948
0.113, 3947
0.113, 3946
0.113, 3945
0.114, 3944
0.114, 3943
0.114, 3942
