0.002, 8359
0.003, 8358
0.003, 8357
0.003, 8356
0.003, 8355
0.003, 8354
0.003, 8353
0.003, 8352
0.003, 8351
0.003, 8350
0.003, 8349
0.003, 8348
0.003, 8347
0.003, 8346
0.003, 8345
0.003, 8344
0.003, 8343
0.003, 8342
0.003, 8341
0.003, 8340
0.003, 8339
0.003, 8338
0.003, 8337
0.003, 8336
0.003, 8335
0.003, 8334
0.003, 8333
0.003, 8332
0.003, 8331
0.003, 8330
0.003, 8329
0.003, 8328
0.003, 8327
0.003, 8326
0.003, 8325
0.003, 8324
0.003, 8323
0.003, 8322
0.003, 8321
0.003, 8320
0.003, 8319
0.003, 8318
0.003, 8317
0.003, 8316
0.003, 8315
0.003, 8314
0.003, 8313
0.003, 8312
0.003, 8311
0.003, 8310
0.003, 8309
0.003, 8308
0.003, 8307
0.003, 8306
0.003, 8305
0.003, 8304
0.003, 8303
0.003, 8302
0.003, 8301
0.003, 8300
0.003, 8299
0.003, 8298
0.003, 8297
0.003, 8296
0.003, 8295
0.003, 8294
0.003, 8293
0.003, 8292
0.003, 8291
0.003, 8290
0.003, 8289
0.003, 8288
0.003, 8287
0.003, 8286
0.003, 8285
0.003, 8284
0.003, 8283
0.003, 8282
0.003, 8281
0.003, 8280
0.003, 8279
0.003, 8278
0.003, 8277
0.003, 8276
0.003, 8275
0.003, 8274
0.003, 8273
0.003, 8272
0.003, 8271
0.003, 8270
0.003, 8269
0.003, 8268
0.003, 8267
0.003, 8266
0.003, 8265
0.003, 8264
0.003, 8263
0.003, 8262
0.003, 8261
0.003, 8260
0.003, 8259
0.003, 8258
0.003, 8257
0.003, 8256
0.003, 8255
0.003, 8254
0.003, 8253
0.003, 8252
0.003, 8251
0.003, 8250
0.003, 8249
0.003, 8248
0.003, 8247
0.003, 8246
0.003, 8245
0.003, 8244
0.003, 8243
0.003, 8242
0.003, 8241
0.003, 8240
0.003, 8239
0.003, 8238
0.003, 8237
0.003, 8236
0.003, 8235
0.003, 8234
0.003, 8233
0.003, 8232
0.003, 8231
0.003, 8230
0.003, 8229
0.003, 8228
0.003, 8227
0.003, 8226
0.003, 8225
0.003, 8224
0.003, 8223
0.003, 8222
0.003, 8221
0.003, 8220
0.003, 8219
0.003, 8218
0.003, 8217
0.003, 8216
0.003, 8215
0.003, 8214
0.003, 8213
0.003, 8212
0.003, 8211
0.003, 8210
0.003, 8209
0.003, 8208
0.003, 8207
0.003, 8206
0.003, 8205
0.003, 8204
0.003, 8203
0.003, 8202
0.003, 8201
0.003, 8200
0.003, 8199
0.003, 8198
0.003, 8197
0.003, 8196
0.003, 8195
0.003, 8194
0.003, 8193
0.003, 8192
0.003, 8191
0.004, 8190
0.004, 8189
0.004, 8188
0.004, 8187
0.004, 8186
0.004, 8185
0.004, 8184
0.004, 8183
0.004, 8182
0.004, 8181
0.004, 8180
0.004, 8179
0.004, 8178
0.004, 8177
0.004, 8176
0.004, 8175
0.004, 8174
0.004, 8173
0.004, 8172
0.004, 8171
0.004, 8170
0.004, 8169
0.004, 8168
0.004, 8167
0.004, 8166
0.004, 8165
0.004, 8164
0.004, 8163
0.004, 8162
0.004, 8161
0.004, 8160
0.004, 8159
0.004, 8158
0.004, 8157
0.004, 8156
0.004, 8155
0.004, 8154
0.004, 8153
0.004, 8152
0.004, 8151
0.004, 8150
0.004, 8149
0.004, 8148
0.004, 8147
0.004, 8146
0.004, 8145
0.004, 8144
0.004, 8143
0.004, 8142
0.004, 8141
0.004, 8140
0.004, 8139
0.004, 8138
0.004, 8137
0.004, 8136
0.004, 8135
0.004, 8134
0.004, 8133
0.004, 8132
0.004, 8131
0.004, 8130
0.004, 8129
0.004, 8128
0.004, 8127
0.004, 8126
0.004, 8125
0.004, 8124
0.004, 8123
0.004, 8122
0.004, 8121
0.004, 8120
0.004, 8119
0.004, 8118
0.004, 8117
0.004, 8116
0.004, 8115
0.004, 8114
0.004, 8113
0.004, 8112
0.004, 8111
0.004, 8110
0.004, 8109
0.004, 8108
0.004, 8107
0.004, 8106
0.004, 8105
0.004, 8104
0.004, 8103
0.004, 8102
0.004, 8101
0.004, 8100
0.004, 8099
0.004, 8098
0.004, 8097
0.004, 8096
0.004, 8095
0.004, 8094
0.004, 8093
0.004, 8092
0.004, 8091
0.004, 8090
0.004, 8089
0.004, 8088
0.004, 8087
0.004, 8086
0.004, 8085
0.004, 8084
0.004, 8083
0.004, 8082
0.004, 8081
0.004, 8080
0.004, 8079
0.004, 8078
0.004, 8077
0.004, 8076
0.004, 8075
0.004, 8074
0.004, 8073
0.004, 8072
0.004, 8071
0.004, 8070
0.004, 8069
0.004, 8068
0.004, 8067
0.004, 8066
0.004, 8065
0.004, 8064
0.004, 8063
0.004, 8062
0.004, 8061
0.004, 8060
0.004, 8059
0.004, 8058
0.004, 8057
0.004, 8056
0.004, 8055
0.004, 8054
0.004, 8053
0.004, 8052
0.004, 8051
0.004, 8050
0.004, 8049
0.004, 8048
0.004, 8047
0.004, 8046
0.004, 8045
0.004, 8044
0.004, 8043
0.004, 8042
0.004, 8041
0.004, 8040
0.004, 8039
0.004, 8038
0.004, 8037
0.004, 8036
0.004, 8035
0.004, 8034
0.004, 8033
0.004, 8032
0.004, 8031
0.004, 8030
0.004, 8029
0.004, 8028
0.004, 8027
0.004, 8026
0.004, 8025
0.004, 8024
0.004, 8023
0.005, 8022
0.005, 8021
0.005, 8020
0.005, 8019
0.005, 8018
0.005, 8017
0.005, 8016
0.005, 8015
0.005, 8014
0.005, 8013
0.005, 8012
0.005, 8011
0.005, 8010
0.005, 8009
0.005, 8008
0.005, 8007
0.005, 8006
0.005, 8005
0.005, 8004
0.005, 8003
0.005, 8002
0.005, 8001
0.005, 8000
0.005, 7999
0.005, 7998
0.005, 7997
0.005, 7996
0.005, 7995
0.005, 7994
0.005, 7993
0.005, 7992
0.005, 7991
0.005, 7990
0.005, 7989
0.005, 7988
0.005, 7987
0.005, 7986
0.005, 7985
0.005, 7984
0.005, 7983
0.005, 7982
0.005, 7981
0.005, 7980
0.005, 7979
0.005, 7978
0.005, 7977
0.005, 7976
0.005, 7975
0.005, 7974
0.005, 7973
0.005, 7972
0.005, 7971
0.005, 7970
0.005, 7969
0.005, 7968
0.005, 7967
0.005, 7966
0.005, 7965
0.005, 7964
0.005, 7963
0.005, 7962
0.005, 7961
0.005, 7960
0.005, 7959
0.005, 7958
0.005, 7957
0.005, 7956
0.005, 7955
0.005, 7954
0.005, 7953
0.005, 7952
0.005, 7951
0.005, 7950
0.005, 7949
0.005, 7948
0.005, 7947
0.005, 7946
0.005, 7945
0.005, 7944
0.005, 7943
0.005, 7942
0.005, 7941
0.005, 7940
0.005, 7939
0.005, 7938
0.005, 7937
0.005, 7936
0.005, 7935
0.005, 7934
0.005, 7933
0.005, 7932
0.005, 7931
0.005, 7930
0.005, 7929
0.005, 7928
0.005, 7927
0.005, 7926
0.005, 7925
0.005, 7924
0.005, 7923
0.005, 7922
0.005, 7921
0.005, 7920
0.005, 7919
0.005, 7918
0.005, 7917
0.005, 7916
0.005, 7915
0.005, 7914
0.005, 7913
0.005, 7912
0.005, 7911
0.005, 7910
0.005, 7909
0.005, 7908
0.005, 7907
0.005, 7906
0.005, 7905
0.005, 7904
0.005, 7903
0.005, 7902
0.005, 7901
0.005, 7900
0.005, 7899
0.005, 7898
0.005, 7897
0.005, 7896
0.005, 7895
0.005, 7894
0.005, 7893
0.005, 7892
0.005, 7891
0.005, 7890
0.005, 7889
0.005, 7888
0.005, 7887
0.005, 7886
0.005, 7885
0.005, 7884
0.005, 7883
0.005, 7882
0.005, 7881
0.005, 7880
0.005, 7879
0.005, 7878
0.005, 7877
0.005, 7876
0.005, 7875
0.005, 7874
0.005, 7873
0.005, 7872
0.005, 7871
0.005, 7870
0.005, 7869
0.005, 7868
0.005, 7867
0.005, 7866
0.005, 7865
0.005, 7864
0.005, 7863
0.005, 7862
0.005, 7861
0.005, 7860
0.006, 7859
0.006, 7858
0.006, 7857
0.006, 7856
0.006, 7855
0.006, 7854
0.006, 7853
0.006, 7852
0.006, 7851
0.006, 7850
0.006, 7849
0.006, 7848
0.006, 7847
0.006, 7846
0.006, 7845
0.006, 7844
0.006, 7843
0.006, 7842
0.006, 7841
0.006, 7840
0.006, 7839
0.006, 7838
0.006, 7837
0.006, 7836
0.006, 7835
0.006, 7834
0.006, 7833
0.006, 7832
0.006, 7831
0.006, 7830
0.006, 7829
0.006, 7828
0.006, 7827
0.006, 7826
0.006, 7825
0.006, 7824
0.006, 7823
0.006, 7822
0.006, 7821
0.006, 7820
0.006, 7819
0.006, 7818
0.006, 7817
0.006, 7816
0.006, 7815
0.006, 7814
0.006, 7813
0.006, 7812
0.006, 7811
0.006, 7810
0.006, 7809
0.006, 7808
0.006, 7807
0.006, 7806
0.006, 7805
0.006, 7804
0.006, 7803
0.006, 7802
0.006, 7801
0.006, 7800
0.006, 7799
0.006, 7798
0.006, 7797
0.006, 7796
0.006, 7795
0.006, 7794
0.006, 7793
0.006, 7792
0.006, 7791
0.006, 7790
0.006, 7789
0.006, 7788
0.006, 7787
0.006, 7786
0.006, 7785
0.006, 7784
0.006, 7783
0.006, 7782
0.006, 7781
0.006, 7780
0.006, 7779
0.006, 7778
0.006, 7777
0.006, 7776
0.006, 7775
0.006, 7774
0.006, 7773
0.006, 7772
0.006, 7771
0.006, 7770
0.006, 7769
0.006, 7768
0.006, 7767
0.006, 7766
0.006, 7765
0.006, 7764
0.006, 7763
0.006, 7762
0.006, 7761
0.006, 7760
0.006, 7759
0.006, 7758
0.006, 7757
0.006, 7756
0.006, 7755
0.006, 7754
0.006, 7753
0.006, 7752
0.006, 7751
0.006, 7750
0.006, 7749
0.006, 7748
0.006, 7747
0.006, 7746
0.006, 7745
0.006, 7744
0.006, 7743
0.006, 7742
0.006, 7741
0.006, 7740
0.006, 7739
0.006, 7738
0.006, 7737
0.006, 7736
0.006, 7735
0.006, 7734
0.006, 7733
0.006, 7732
0.006, 7731
0.006, 7730
0.006, 7729
0.006, 7728
0.006, 7727
0.006, 7726
0.006, 7725
0.006, 7724
0.006, 7723
0.006, 7722
0.006, 7721
0.006, 7720
0.006, 7719
0.006, 7718
0.006, 7717
0.006, 7716
0.006, 7715
0.006, 7714
0.006, 7713
0.006, 7712
0.006, 7711
0.006, 7710
0.006, 7709
0.006, 7708
0.006, 7707
0.006, 7706
0.006, 7705
0.006, 7704
0.006, 7703
0.006, 7702
0.006, 7701
0.006, 7700
0.006, 7699
0.006, 7698
0.006, 7697
0.006, 7696
0.006, 7695
0.006, 7694
0.006, 7693
0.006, 7692
0.006, 7691
0.006, 7690
0.006, 7689
0.006, 7688
0.006, 7687
0.006, 7686
0.006, 7685
0.006, 7684
0.006, 7683
0.006, 7682
0.006, 7681
0.006, 7680
0.006, 7679
0.006, 7678
0.006, 7677
0.006, 7676
0.006, 7675
0.006, 7674
0.006, 7673
0.006, 7672
0.006, 7671
0.006, 7670
0.006, 7669
0.006, 7668
0.006, 7667
0.006, 7666
0.006, 7665
0.006, 7664
0.006, 7663
0.006, 7662
0.006, 7661
0.006, 7660
0.006, 7659
0.006, 7658
0.006, 7657
0.006, 7656
0.006, 7655
0.006, 7654
0.006, 7653
0.006, 7652
0.006, 7651
0.006, 7650
0.006, 7649
0.006, 7648
0.006, 7647
0.006, 7646
0.006, 7645
0.006, 7644
0.006, 7643
0.006, 7642
0.006, 7641
0.006, 7640
0.006, 7639
0.006, 7638
0.006, 7637
0.006, 7636
0.006, 7635
0.006, 7634
0.006, 7633
0.006, 7632
0.006, 7631
0.006, 7630
0.006, 7629
0.006, 7628
0.006, 7627
0.006, 7626
0.006, 7625
0.006, 7624
0.006, 7623
0.006, 7622
0.006, 7621
0.006, 7620
0.006, 7619
0.006, 7618
0.006, 7617
0.006, 7616
0.006, 7615
0.006, 7614
0.006, 7613
0.006, 7612
0.006, 7611
0.006, 7610
0.006, 7609
0.006, 7608
0.006, 7607
0.006, 7606
0.006, 7605
0.006, 7604
0.006, 7603
0.006, 7602
0.006, 7601
0.006, 7600
0.006, 7599
0.006, 7598
0.006, 7597
0.006, 7596
0.006, 7595
0.006, 7594
0.006, 7593
0.006, 7592
0.006, 7591
0.006, 7590
0.006, 7589
0.006, 7588
0.006, 7587
0.006, 7586
0.006, 7585
0.006, 7584
0.006, 7583
0.006, 7582
0.007, 7581
0.007, 7580
0.007, 7579
0.007, 7578
0.007, 7577
0.007, 7576
0.007, 7575
0.007, 7574
0.007, 7573
0.007, 7572
0.007, 7571
0.007, 7570
0.007, 7569
0.007, 7568
0.007, 7567
0.007, 7566
0.007, 7565
0.007, 7564
0.007, 7563
0.007, 7562
0.007, 7561
0.007, 7560
0.007, 7559
0.007, 7558
0.007, 7557
0.007, 7556
0.007, 7555
0.007, 7554
0.007, 7553
0.007, 7552
0.007, 7551
0.007, 7550
0.007, 7549
0.007, 7548
0.007, 7547
0.007, 7546
0.007, 7545
0.007, 7544
0.007, 7543
0.007, 7542
0.007, 7541
0.007, 7540
0.007, 7539
0.007, 7538
0.007, 7537
0.007, 7536
0.007, 7535
0.007, 7534
0.007, 7533
0.007, 7532
0.007, 7531
0.007, 7530
0.007, 7529
0.007, 7528
0.007, 7527
0.007, 7526
0.007, 7525
0.007, 7524
0.007, 7523
0.007, 7522
0.007, 7521
0.007, 7520
0.007, 7519
0.007, 7518
0.007, 7517
0.007, 7516
0.007, 7515
0.007, 7514
0.007, 7513
0.007, 7512
0.007, 7511
0.007, 7510
0.007, 7509
0.007, 7508
0.007, 7507
0.007, 7506
0.007, 7505
0.007, 7504
0.007, 7503
0.007, 7502
0.007, 7501
0.007, 7500
0.007, 7499
0.007, 7498
0.007, 7497
0.007, 7496
0.007, 7495
0.007, 7494
0.007, 7493
0.007, 7492
0.007, 7491
0.007, 7490
0.007, 7489
0.007, 7488
0.007, 7487
0.007, 7486
0.007, 7485
0.007, 7484
0.007, 7483
0.007, 7482
0.007, 7481
0.007, 7480
0.007, 7479
0.007, 7478
0.007, 7477
0.007, 7476
0.007, 7475
0.007, 7474
0.007, 7473
0.007, 7472
0.007, 7471
0.007, 7470
0.007, 7469
0.007, 7468
0.007, 7467
0.007, 7466
0.007, 7465
0.007, 7464
0.007, 7463
0.007, 7462
0.007, 7461
0.007, 7460
0.007, 7459
0.007, 7458
0.007, 7457
0.007, 7456
0.007, 7455
0.007, 7454
0.007, 7453
0.007, 7452
0.007, 7451
0.007, 7450
0.007, 7449
0.007, 7448
0.007, 7447
0.007, 7446
0.007, 7445
0.007, 7444
0.007, 7443
0.007, 7442
0.007, 7441
0.007, 7440
0.007, 7439
0.007, 7438
0.007, 7437
0.007, 7436
0.007, 7435
0.007, 7434
0.007, 7433
0.007, 7432
0.007, 7431
0.007, 7430
0.007, 7429
0.007, 7428
0.007, 7427
0.007, 7426
0.007, 7425
0.007, 7424
0.007, 7423
0.007, 7422
0.007, 7421
0.007, 7420
0.007, 7419
0.007, 7418
0.007, 7417
0.007, 7416
0.007, 7415
0.007, 7414
0.007, 7413
0.007, 7412
0.007, 7411
0.007, 7410
0.007, 7409
0.007, 7408
0.007, 7407
0.007, 7406
0.007, 7405
0.007, 7404
0.007, 7403
0.007, 7402
0.007, 7401
0.007, 7400
0.007, 7399
0.007, 7398
0.007, 7397
0.007, 7396
0.007, 7395
0.007, 7394
0.007, 7393
0.007, 7392
0.007, 7391
0.007, 7390
0.007, 7389
0.007, 7388
0.007, 7387
0.007, 7386
0.007, 7385
0.007, 7384
0.007, 7383
0.007, 7382
0.007, 7381
0.007, 7380
0.007, 7379
0.007, 7378
0.007, 7377
0.007, 7376
0.007, 7375
0.007, 7374
0.007, 7373
0.007, 7372
0.007, 7371
0.007, 7370
0.007, 7369
0.007, 7368
0.007, 7367
0.007, 7366
0.007, 7365
0.007, 7364
0.007, 7363
0.007, 7362
0.007, 7361
0.007, 7360
0.007, 7359
0.007, 7358
0.007, 7357
0.007, 7356
0.007, 7355
0.007, 7354
0.007, 7353
0.007, 7352
0.007, 7351
0.007, 7350
0.007, 7349
0.007, 7348
0.007, 7347
0.007, 7346
0.007, 7345
0.007, 7344
0.007, 7343
0.007, 7342
0.007, 7341
0.007, 7340
0.007, 7339
0.007, 7338
0.007, 7337
0.007, 7336
0.007, 7335
0.007, 7334
0.007, 7333
0.007, 7332
0.007, 7331
0.007, 7330
0.007, 7329
0.007, 7328
0.007, 7327
0.007, 7326
0.007, 7325
0.007, 7324
0.007, 7323
0.007, 7322
0.007, 7321
0.007, 7320
0.007, 7319
0.007, 7318
0.007, 7317
0.007, 7316
0.007, 7315
0.007, 7314
0.007, 7313
0.007, 7312
0.007, 7311
0.007, 7310
0.007, 7309
0.007, 7308
0.007, 7307
0.007, 7306
0.007, 7305
0.007, 7304
0.007, 7303
0.007, 7302
0.007, 7301
0.007, 7300
0.007, 7299
0.007, 7298
0.007, 7297
0.007, 7296
0.007, 7295
0.007, 7294
0.007, 7293
0.007, 7292
0.007, 7291
0.007, 7290
0.007, 7289
0.007, 7288
0.007, 7287
0.007, 7286
0.007, 7285
0.007, 7284
0.007, 7283
0.007, 7282
0.007, 7281
0.007, 7280
0.007, 7279
0.007, 7278
0.007, 7277
0.007, 7276
0.007, 7275
0.007, 7274
0.007, 7273
0.007, 7272
0.007, 7271
0.007, 7270
0.007, 7269
0.007, 7268
0.007, 7267
0.007, 7266
0.007, 7265
0.007, 7264
0.007, 7263
0.007, 7262
0.007, 7261
0.007, 7260
0.007, 7259
0.007, 7258
0.007, 7257
0.007, 7256
0.007, 7255
0.007, 7254
0.007, 7253
0.007, 7252
0.007, 7251
0.007, 7250
0.007, 7249
0.007, 7248
0.007, 7247
0.007, 7246
0.007, 7245
0.007, 7244
0.007, 7243
0.007, 7242
0.007, 7241
0.007, 7240
0.007, 7239
0.007, 7238
0.007, 7237
0.007, 7236
0.007, 7235
0.007, 7234
0.007, 7233
0.007, 7232
0.007, 7231
0.007, 7230
0.007, 7229
0.007, 7228
0.007, 7227
0.007, 7226
0.007, 7225
0.007, 7224
0.007, 7223
0.007, 7222
0.007, 7221
0.007, 7220
0.007, 7219
0.007, 7218
0.007, 7217
0.007, 7216
0.007, 7215
0.007, 7214
0.007, 7213
0.007, 7212
0.007, 7211
0.007, 7210
0.007, 7209
0.007, 7208
0.007, 7207
0.007, 7206
0.007, 7205
0.007, 7204
0.007, 7203
0.007, 7202
0.007, 7201
0.007, 7200
0.007, 7199
0.007, 7198
0.007, 7197
0.007, 7196
0.007, 7195
0.007, 7194
0.007, 7193
0.007, 7192
0.007, 7191
0.007, 7190
0.007, 7189
0.007, 7188
0.007, 7187
0.007, 7186
0.007, 7185
0.007, 7184
0.007, 7183
0.007, 7182
0.007, 7181
0.007, 7180
0.007, 7179
0.007, 7178
0.007, 7177
0.007, 7176
0.007, 7175
0.007, 7174
0.007, 7173
0.007, 7172
0.007, 7171
0.007, 7170
0.007, 7169
0.007, 7168
0.007, 7167
0.007, 7166
0.007, 7165
0.007, 7164
0.007, 7163
0.007, 7162
0.007, 7161
0.007, 7160
0.007, 7159
0.007, 7158
0.007, 7157
0.007, 7156
0.007, 7155
0.007, 7154
0.007, 7153
0.007, 7152
0.007, 7151
0.007, 7150
0.007, 7149
0.007, 7148
0.007, 7147
0.007, 7146
0.007, 7145
0.007, 7144
0.007, 7143
0.007, 7142
0.007, 7141
0.007, 7140
0.007, 7139
0.007, 7138
0.007, 7137
0.007, 7136
0.007, 7135
0.007, 7134
0.007, 7133
0.007, 7132
0.008, 7131
0.008, 7130
0.008, 7129
0.008, 7128
0.008, 7127
0.008, 7126
0.008, 7125
0.008, 7124
0.008, 7123
0.008, 7122
0.008, 7121
0.008, 7120
0.008, 7119
0.008, 7118
0.008, 7117
0.008, 7116
0.008, 7115
0.008, 7114
0.008, 7113
0.008, 7112
0.008, 7111
0.008, 7110
0.008, 7109
0.008, 7108
0.008, 7107
0.008, 7106
0.008, 7105
0.008, 7104
0.008, 7103
0.008, 7102
0.008, 7101
0.008, 7100
0.008, 7099
0.008, 7098
0.008, 7097
0.008, 7096
0.008, 7095
0.008, 7094
0.008, 7093
0.008, 7092
0.008, 7091
0.008, 7090
0.008, 7089
0.008, 7088
0.008, 7087
0.008, 7086
0.008, 7085
0.008, 7084
0.008, 7083
0.008, 7082
0.008, 7081
0.008, 7080
0.008, 7079
0.008, 7078
0.008, 7077
0.008, 7076
0.008, 7075
0.008, 7074
0.008, 7073
0.008, 7072
0.008, 7071
0.008, 7070
0.008, 7069
0.008, 7068
0.008, 7067
0.008, 7066
0.008, 7065
0.008, 7064
0.008, 7063
0.008, 7062
0.008, 7061
0.008, 7060
0.008, 7059
0.008, 7058
0.008, 7057
0.008, 7056
0.008, 7055
0.008, 7054
0.008, 7053
0.008, 7052
0.008, 7051
0.008, 7050
0.008, 7049
0.008, 7048
0.008, 7047
0.008, 7046
0.008, 7045
0.008, 7044
0.008, 7043
0.008, 7042
0.008, 7041
0.008, 7040
0.008, 7039
0.008, 7038
0.008, 7037
0.008, 7036
0.008, 7035
0.008, 7034
0.008, 7033
0.008, 7032
0.008, 7031
0.008, 7030
0.008, 7029
0.008, 7028
0.008, 7027
0.008, 7026
0.008, 7025
0.008, 7024
0.008, 7023
0.008, 7022
0.008, 7021
0.008, 7020
0.008, 7019
0.008, 7018
0.008, 7017
0.008, 7016
0.008, 7015
0.008, 7014
0.008, 7013
0.008, 7012
0.008, 7011
0.008, 7010
0.008, 7009
0.008, 7008
0.008, 7007
0.008, 7006
0.008, 7005
0.008, 7004
0.008, 7003
0.008, 7002
0.008, 7001
0.008, 7000
0.008, 6999
0.008, 6998
0.008, 6997
0.008, 6996
0.008, 6995
0.008, 6994
0.008, 6993
0.008, 6992
0.008, 6991
0.008, 6990
0.008, 6989
0.008, 6988
0.008, 6987
0.008, 6986
0.008, 6985
0.008, 6984
0.008, 6983
0.008, 6982
0.008, 6981
0.008, 6980
0.008, 6979
0.008, 6978
0.008, 6977
0.008, 6976
0.008, 6975
0.008, 6974
0.008, 6973
0.008, 6972
0.008, 6971
0.008, 6970
0.008, 6969
0.008, 6968
0.008, 6967
0.008, 6966
0.008, 6965
0.008, 6964
0.008, 6963
0.008, 6962
0.008, 6961
0.008, 6960
0.008, 6959
0.008, 6958
0.008, 6957
0.008, 6956
0.008, 6955
0.008, 6954
0.008, 6953
0.008, 6952
0.008, 6951
0.008, 6950
0.008, 6949
0.008, 6948
0.008, 6947
0.008, 6946
0.008, 6945
0.008, 6944
0.008, 6943
0.008, 6942
0.008, 6941
0.008, 6940
0.008, 6939
0.008, 6938
0.008, 6937
0.008, 6936
0.008, 6935
0.008, 6934
0.008, 6933
0.008, 6932
0.008, 6931
0.008, 6930
0.008, 6929
0.008, 6928
0.008, 6927
0.008, 6926
0.008, 6925
0.008, 6924
0.008, 6923
0.008, 6922
0.008, 6921
0.008, 6920
0.008, 6919
0.008, 6918
0.008, 6917
0.008, 6916
0.008, 6915
0.008, 6914
0.008, 6913
0.008, 6912
0.008, 6911
0.008, 6910
0.008, 6909
0.008, 6908
0.008, 6907
0.008, 6906
0.008, 6905
0.008, 6904
0.008, 6903
0.008, 6902
0.008, 6901
0.008, 6900
0.008, 6899
0.008, 6898
0.008, 6897
0.008, 6896
0.008, 6895
0.008, 6894
0.008, 6893
0.008, 6892
0.008, 6891
0.008, 6890
0.008, 6889
0.008, 6888
0.008, 6887
0.008, 6886
0.008, 6885
0.008, 6884
0.008, 6883
0.008, 6882
0.008, 6881
0.008, 6880
0.008, 6879
0.008, 6878
0.008, 6877
0.008, 6876
0.008, 6875
0.008, 6874
0.008, 6873
0.008, 6872
0.008, 6871
0.008, 6870
0.008, 6869
0.008, 6868
0.008, 6867
0.008, 6866
0.008, 6865
0.008, 6864
0.008, 6863
0.008, 6862
0.008, 6861
0.008, 6860
0.008, 6859
0.008, 6858
0.008, 6857
0.008, 6856
0.008, 6855
0.008, 6854
0.008, 6853
0.008, 6852
0.008, 6851
0.008, 6850
0.008, 6849
0.008, 6848
0.008, 6847
0.008, 6846
0.008, 6845
0.008, 6844
0.008, 6843
0.008, 6842
0.008, 6841
0.008, 6840
0.008, 6839
0.008, 6838
0.008, 6837
0.008, 6836
0.008, 6835
0.008, 6834
0.008, 6833
0.008, 6832
0.008, 6831
0.008, 6830
0.008, 6829
0.008, 6828
0.008, 6827
0.008, 6826
0.008, 6825
0.008, 6824
0.008, 6823
0.008, 6822
0.008, 6821
0.008, 6820
0.008, 6819
0.008, 6818
0.008, 6817
0.008, 6816
0.008, 6815
0.008, 6814
0.008, 6813
0.008, 6812
0.008, 6811
0.008, 6810
0.008, 6809
0.008, 6808
0.008, 6807
0.008, 6806
0.008, 6805
0.008, 6804
0.008, 6803
0.008, 6802
0.008, 6801
0.008, 6800
0.008, 6799
0.008, 6798
0.008, 6797
0.008, 6796
0.008, 6795
0.008, 6794
0.008, 6793
0.008, 6792
0.008, 6791
0.008, 6790
0.008, 6789
0.008, 6788
0.008, 6787
0.008, 6786
0.008, 6785
0.008, 6784
0.008, 6783
0.008, 6782
0.008, 6781
0.008, 6780
0.008, 6779
0.008, 6778
0.008, 6777
0.008, 6776
0.008, 6775
0.008, 6774
0.008, 6773
0.008, 6772
0.008, 6771
0.008, 6770
0.008, 6769
0.008, 6768
0.008, 6767
0.008, 6766
0.008, 6765
0.008, 6764
0.008, 6763
0.008, 6762
0.008, 6761
0.008, 6760
0.008, 6759
0.008, 6758
0.008, 6757
0.008, 6756
0.008, 6755
0.008, 6754
0.008, 6753
0.008, 6752
0.008, 6751
0.008, 6750
0.008, 6749
0.008, 6748
0.008, 6747
0.008, 6746
0.008, 6745
0.008, 6744
0.008, 6743
0.008, 6742
0.008, 6741
0.008, 6740
0.008, 6739
0.008, 6738
0.008, 6737
0.008, 6736
0.008, 6735
0.008, 6734
0.009, 6733
0.009, 6732
0.009, 6731
0.009, 6730
0.009, 6729
0.009, 6728
0.009, 6727
0.009, 6726
0.009, 6725
0.009, 6724
0.009, 6723
0.009, 6722
0.009, 6721
0.009, 6720
0.009, 6719
0.009, 6718
0.009, 6717
0.009, 6716
0.009, 6715
0.009, 6714
0.009, 6713
0.009, 6712
0.009, 6711
0.009, 6710
0.009, 6709
0.009, 6708
0.009, 6707
0.009, 6706
0.009, 6705
0.009, 6704
0.009, 6703
0.009, 6702
0.009, 6701
0.009, 6700
0.009, 6699
0.009, 6698
0.009, 6697
0.009, 6696
0.009, 6695
0.009, 6694
0.009, 6693
0.009, 6692
0.009, 6691
0.009, 6690
0.009, 6689
0.009, 6688
0.009, 6687
0.009, 6686
0.009, 6685
0.009, 6684
0.009, 6683
0.009, 6682
0.009, 6681
0.009, 6680
0.009, 6679
0.009, 6678
0.009, 6677
0.009, 6676
0.009, 6675
0.009, 6674
0.009, 6673
0.009, 6672
0.009, 6671
0.009, 6670
0.009, 6669
0.009, 6668
0.009, 6667
0.009, 6666
0.009, 6665
0.009, 6664
0.009, 6663
0.009, 6662
0.009, 6661
0.009, 6660
0.009, 6659
0.009, 6658
0.009, 6657
0.009, 6656
0.009, 6655
0.009, 6654
0.009, 6653
0.009, 6652
0.009, 6651
0.009, 6650
0.009, 6649
0.009, 6648
0.009, 6647
0.009, 6646
0.009, 6645
0.009, 6644
0.009, 6643
0.009, 6642
0.009, 6641
0.009, 6640
0.009, 6639
0.009, 6638
0.009, 6637
0.009, 6636
0.009, 6635
0.009, 6634
0.009, 6633
0.009, 6632
0.009, 6631
0.009, 6630
0.009, 6629
0.009, 6628
0.009, 6627
0.009, 6626
0.009, 6625
0.009, 6624
0.009, 6623
0.009, 6622
0.009, 6621
0.009, 6620
0.009, 6619
0.009, 6618
0.009, 6617
0.009, 6616
0.009, 6615
0.009, 6614
0.009, 6613
0.009, 6612
0.009, 6611
0.009, 6610
0.009, 6609
0.009, 6608
0.009, 6607
0.009, 6606
0.009, 6605
0.009, 6604
0.009, 6603
0.009, 6602
0.009, 6601
0.009, 6600
0.009, 6599
0.009, 6598
0.009, 6597
0.009, 6596
0.009, 6595
0.009, 6594
0.009, 6593
0.009, 6592
0.009, 6591
0.009, 6590
0.009, 6589
0.009, 6588
0.009, 6587
0.009, 6586
0.009, 6585
0.009, 6584
0.009, 6583
0.009, 6582
0.009, 6581
0.009, 6580
0.009, 6579
0.009, 6578
0.009, 6577
0.009, 6576
0.009, 6575
0.009, 6574
0.009, 6573
0.009, 6572
0.009, 6571
0.009, 6570
0.009, 6569
0.009, 6568
0.009, 6567
0.009, 6566
0.009, 6565
0.009, 6564
0.009, 6563
0.009, 6562
0.009, 6561
0.009, 6560
0.009, 6559
0.009, 6558
0.009, 6557
0.009, 6556
0.009, 6555
0.009, 6554
0.009, 6553
0.009, 6552
0.009, 6551
0.009, 6550
0.009, 6549
0.009, 6548
0.009, 6547
0.009, 6546
0.009, 6545
0.009, 6544
0.009, 6543
0.009, 6542
0.009, 6541
0.009, 6540
0.009, 6539
0.009, 6538
0.009, 6537
0.009, 6536
0.009, 6535
0.009, 6534
0.009, 6533
0.009, 6532
0.009, 6531
0.009, 6530
0.009, 6529
0.009, 6528
0.009, 6527
0.009, 6526
0.009, 6525
0.009, 6524
0.009, 6523
0.009, 6522
0.009, 6521
0.009, 6520
0.009, 6519
0.009, 6518
0.009, 6517
0.009, 6516
0.009, 6515
0.009, 6514
0.009, 6513
0.009, 6512
0.009, 6511
0.009, 6510
0.009, 6509
0.009, 6508
0.009, 6507
0.009, 6506
0.009, 6505
0.009, 6504
0.009, 6503
0.009, 6502
0.009, 6501
0.009, 6500
0.009, 6499
0.009, 6498
0.009, 6497
0.009, 6496
0.009, 6495
0.009, 6494
0.009, 6493
0.009, 6492
0.009, 6491
0.009, 6490
0.009, 6489
0.009, 6488
0.009, 6487
0.009, 6486
0.009, 6485
0.009, 6484
0.009, 6483
0.009, 6482
0.009, 6481
0.009, 6480
0.009, 6479
0.009, 6478
0.009, 6477
0.009, 6476
0.009, 6475
0.009, 6474
0.009, 6473
0.009, 6472
0.009, 6471
0.009, 6470
0.009, 6469
0.009, 6468
0.009, 6467
0.009, 6466
0.009, 6465
0.009, 6464
0.009, 6463
0.009, 6462
0.009, 6461
0.009, 6460
0.009, 6459
0.009, 6458
0.009, 6457
0.009, 6456
0.009, 6455
0.009, 6454
0.009, 6453
0.009, 6452
0.009, 6451
0.009, 6450
0.009, 6449
0.009, 6448
0.009, 6447
0.009, 6446
0.009, 6445
0.009, 6444
0.009, 6443
0.009, 6442
0.009, 6441
0.009, 6440
0.009, 6439
0.009, 6438
0.009, 6437
0.009, 6436
0.009, 6435
0.009, 6434
0.009, 6433
0.009, 6432
0.009, 6431
0.009, 6430
0.009, 6429
0.009, 6428
0.009, 6427
0.009, 6426
0.009, 6425
0.009, 6424
0.009, 6423
0.009, 6422
0.009, 6421
0.009, 6420
0.009, 6419
0.009, 6418
0.009, 6417
0.009, 6416
0.009, 6415
0.009, 6414
0.009, 6413
0.009, 6412
0.009, 6411
0.009, 6410
0.009, 6409
0.009, 6408
0.009, 6407
0.009, 6406
0.009, 6405
0.009, 6404
0.009, 6403
0.009, 6402
0.009, 6401
0.009, 6400
0.009, 6399
0.009, 6398
0.009, 6397
0.009, 6396
0.009, 6395
0.009, 6394
0.009, 6393
0.009, 6392
0.009, 6391
0.009, 6390
0.009, 6389
0.009, 6388
0.009, 6387
0.009, 6386
0.009, 6385
0.009, 6384
0.009, 6383
0.009, 6382
0.009, 6381
0.009, 6380
0.009, 6379
0.009, 6378
0.009, 6377
0.009, 6376
0.009, 6375
0.009, 6374
0.009, 6373
0.009, 6372
0.009, 6371
0.009, 6370
0.009, 6369
0.009, 6368
0.009, 6367
0.009, 6366
0.010, 6365
0.010, 6364
0.010, 6363
0.010, 6362
0.010, 6361
0.010, 6360
0.010, 6359
0.010, 6358
0.010, 6357
0.010, 6356
0.010, 6355
0.010, 6354
0.010, 6353
0.010, 6352
0.010, 6351
0.010, 6350
0.010, 6349
0.010, 6348
0.010, 6347
0.010, 6346
0.010, 6345
0.010, 6344
0.010, 6343
0.010, 6342
0.010, 6341
0.010, 6340
0.010, 6339
0.010, 6338
0.010, 6337
0.010, 6336
0.010, 6335
0.010, 6334
0.010, 6333
0.010, 6332
0.010, 6331
0.010, 6330
0.010, 6329
0.010, 6328
0.010, 6327
0.010, 6326
0.010, 6325
0.010, 6324
0.010, 6323
0.010, 6322
0.010, 6321
0.010, 6320
0.010, 6319
0.010, 6318
0.010, 6317
0.010, 6316
0.010, 6315
0.010, 6314
0.010, 6313
0.010, 6312
0.010, 6311
0.010, 6310
0.010, 6309
0.010, 6308
0.010, 6307
0.010, 6306
0.010, 6305
0.010, 6304
0.010, 6303
0.010, 6302
0.010, 6301
0.010, 6300
0.010, 6299
0.010, 6298
0.010, 6297
0.010, 6296
0.010, 6295
0.010, 6294
0.010, 6293
0.010, 6292
0.010, 6291
0.010, 6290
0.010, 6289
0.010, 6288
0.010, 6287
0.010, 6286
0.010, 6285
0.010, 6284
0.010, 6283
0.010, 6282
0.010, 6281
0.010, 6280
0.010, 6279
0.010, 6278
0.010, 6277
0.010, 6276
0.010, 6275
0.010, 6274
0.010, 6273
0.010, 6272
0.010, 6271
0.010, 6270
0.010, 6269
0.010, 6268
0.010, 6267
0.010, 6266
0.010, 6265
0.010, 6264
0.010, 6263
0.010, 6262
0.010, 6261
0.010, 6260
0.010, 6259
0.010, 6258
0.010, 6257
0.010, 6256
0.010, 6255
0.010, 6254
0.010, 6253
0.010, 6252
0.010, 6251
0.010, 6250
0.010, 6249
0.010, 6248
0.010, 6247
0.010, 6246
0.010, 6245
0.010, 6244
0.010, 6243
0.010, 6242
0.010, 6241
0.010, 6240
0.010, 6239
0.010, 6238
0.010, 6237
0.010, 6236
0.010, 6235
0.010, 6234
0.010, 6233
0.010, 6232
0.010, 6231
0.010, 6230
0.010, 6229
0.010, 6228
0.010, 6227
0.010, 6226
0.010, 6225
0.010, 6224
0.010, 6223
0.010, 6222
0.010, 6221
0.010, 6220
0.010, 6219
0.010, 6218
0.010, 6217
0.010, 6216
0.010, 6215
0.010, 6214
0.010, 6213
0.010, 6212
0.010, 6211
0.010, 6210
0.010, 6209
0.010, 6208
0.010, 6207
0.010, 6206
0.010, 6205
0.010, 6204
0.010, 6203
0.010, 6202
0.010, 6201
0.010, 6200
0.010, 6199
0.010, 6198
0.010, 6197
0.010, 6196
0.010, 6195
0.010, 6194
0.010, 6193
0.010, 6192
0.010, 6191
0.010, 6190
0.010, 6189
0.010, 6188
0.010, 6187
0.010, 6186
0.010, 6185
0.010, 6184
0.010, 6183
0.010, 6182
0.010, 6181
0.010, 6180
0.010, 6179
0.010, 6178
0.010, 6177
0.010, 6176
0.010, 6175
0.010, 6174
0.010, 6173
0.010, 6172
0.010, 6171
0.010, 6170
0.010, 6169
0.010, 6168
0.010, 6167
0.010, 6166
0.010, 6165
0.010, 6164
0.010, 6163
0.010, 6162
0.010, 6161
0.010, 6160
0.010, 6159
0.010, 6158
0.010, 6157
0.010, 6156
0.010, 6155
0.010, 6154
0.010, 6153
0.010, 6152
0.010, 6151
0.010, 6150
0.010, 6149
0.010, 6148
0.010, 6147
0.010, 6146
0.010, 6145
0.010, 6144
0.010, 6143
0.010, 6142
0.010, 6141
0.010, 6140
0.010, 6139
0.010, 6138
0.010, 6137
0.010, 6136
0.010, 6135
0.010, 6134
0.010, 6133
0.010, 6132
0.010, 6131
0.010, 6130
0.010, 6129
0.010, 6128
0.010, 6127
0.010, 6126
0.010, 6125
0.010, 6124
0.010, 6123
0.010, 6122
0.010, 6121
0.010, 6120
0.010, 6119
0.010, 6118
0.010, 6117
0.010, 6116
0.010, 6115
0.010, 6114
0.010, 6113
0.010, 6112
0.010, 6111
0.010, 6110
0.010, 6109
0.010, 6108
0.010, 6107
0.010, 6106
0.010, 6105
0.010, 6104
0.010, 6103
0.010, 6102
0.010, 6101
0.010, 6100
0.010, 6099
0.010, 6098
0.010, 6097
0.010, 6096
0.010, 6095
0.010, 6094
0.010, 6093
0.010, 6092
0.010, 6091
0.010, 6090
0.010, 6089
0.010, 6088
0.010, 6087
0.010, 6086
0.010, 6085
0.010, 6084
0.010, 6083
0.010, 6082
0.010, 6081
0.010, 6080
0.010, 6079
0.010, 6078
0.010, 6077
0.010, 6076
0.010, 6075
0.010, 6074
0.010, 6073
0.010, 6072
0.010, 6071
0.010, 6070
0.010, 6069
0.010, 6068
0.010, 6067
0.010, 6066
0.010, 6065
0.010, 6064
0.010, 6063
0.010, 6062
0.010, 6061
0.010, 6060
0.010, 6059
0.010, 6058
0.010, 6057
0.010, 6056
0.010, 6055
0.010, 6054
0.010, 6053
0.010, 6052
0.010, 6051
0.010, 6050
0.010, 6049
0.010, 6048
0.010, 6047
0.010, 6046
0.010, 6045
0.010, 6044
0.010, 6043
0.010, 6042
0.010, 6041
0.010, 6040
0.010, 6039
0.010, 6038
0.010, 6037
0.010, 6036
0.010, 6035
0.010, 6034
0.010, 6033
0.010, 6032
0.010, 6031
0.010, 6030
0.010, 6029
0.010, 6028
0.010, 6027
0.010, 6026
0.010, 6025
0.010, 6024
0.010, 6023
0.010, 6022
0.010, 6021
0.010, 6020
0.010, 6019
0.010, 6018
0.010, 6017
0.010, 6016
0.010, 6015
0.010, 6014
0.010, 6013
0.010, 6012
0.010, 6011
0.010, 6010
0.010, 6009
0.010, 6008
0.010, 6007
0.010, 6006
0.010, 6005
0.010, 6004
0.010, 6003
0.010, 6002
0.010, 6001
0.010, 6000
0.010, 5999
0.010, 5998
0.010, 5997
0.010, 5996
0.010, 5995
0.010, 5994
0.010, 5993
0.010, 5992
0.011, 5991
0.011, 5990
0.011, 5989
0.011, 5988
0.011, 5987
0.011, 5986
0.011, 5985
0.011, 5984
0.011, 5983
0.011, 5982
0.011, 5981
0.011, 5980
0.011, 5979
0.011, 5978
0.011, 5977
0.011, 5976
0.011, 5975
0.011, 5974
0.011, 5973
0.011, 5972
0.011, 5971
0.011, 5970
0.011, 5969
0.011, 5968
0.011, 5967
0.011, 5966
0.011, 5965
0.011, 5964
0.011, 5963
0.011, 5962
0.011, 5961
0.011, 5960
0.011, 5959
0.011, 5958
0.011, 5957
0.011, 5956
0.011, 5955
0.011, 5954
0.011, 5953
0.011, 5952
0.011, 5951
0.011, 5950
0.011, 5949
0.011, 5948
0.011, 5947
0.011, 5946
0.011, 5945
0.011, 5944
0.011, 5943
0.011, 5942
0.011, 5941
0.011, 5940
0.011, 5939
0.011, 5938
0.011, 5937
0.011, 5936
0.011, 5935
0.011, 5934
0.011, 5933
0.011, 5932
0.011, 5931
0.011, 5930
0.011, 5929
0.011, 5928
0.011, 5927
0.011, 5926
0.011, 5925
0.011, 5924
0.011, 5923
0.011, 5922
0.011, 5921
0.011, 5920
0.011, 5919
0.011, 5918
0.011, 5917
0.011, 5916
0.011, 5915
0.011, 5914
0.011, 5913
0.011, 5912
0.011, 5911
0.011, 5910
0.011, 5909
0.011, 5908
0.011, 5907
0.011, 5906
0.011, 5905
0.011, 5904
0.011, 5903
0.011, 5902
0.011, 5901
0.011, 5900
0.011, 5899
0.011, 5898
0.011, 5897
0.011, 5896
0.011, 5895
0.011, 5894
0.011, 5893
0.011, 5892
0.011, 5891
0.011, 5890
0.011, 5889
0.011, 5888
0.011, 5887
0.011, 5886
0.011, 5885
0.011, 5884
0.011, 5883
0.011, 5882
0.011, 5881
0.011, 5880
0.011, 5879
0.011, 5878
0.011, 5877
0.011, 5876
0.011, 5875
0.011, 5874
0.011, 5873
0.011, 5872
0.011, 5871
0.011, 5870
0.011, 5869
0.011, 5868
0.011, 5867
0.011, 5866
0.011, 5865
0.011, 5864
0.011, 5863
0.011, 5862
0.011, 5861
0.011, 5860
0.011, 5859
0.011, 5858
0.011, 5857
0.011, 5856
0.011, 5855
0.011, 5854
0.011, 5853
0.011, 5852
0.011, 5851
0.011, 5850
0.011, 5849
0.011, 5848
0.011, 5847
0.011, 5846
0.011, 5845
0.011, 5844
0.011, 5843
0.011, 5842
0.011, 5841
0.011, 5840
0.011, 5839
0.011, 5838
0.011, 5837
0.011, 5836
0.011, 5835
0.011, 5834
0.011, 5833
0.011, 5832
0.011, 5831
0.011, 5830
0.011, 5829
0.011, 5828
0.011, 5827
0.011, 5826
0.011, 5825
0.011, 5824
0.011, 5823
0.011, 5822
0.011, 5821
0.011, 5820
0.011, 5819
0.011, 5818
0.011, 5817
0.011, 5816
0.011, 5815
0.011, 5814
0.011, 5813
0.011, 5812
0.011, 5811
0.011, 5810
0.011, 5809
0.011, 5808
0.011, 5807
0.011, 5806
0.011, 5805
0.011, 5804
0.011, 5803
0.011, 5802
0.011, 5801
0.011, 5800
0.011, 5799
0.011, 5798
0.011, 5797
0.011, 5796
0.011, 5795
0.011, 5794
0.011, 5793
0.011, 5792
0.011, 5791
0.011, 5790
0.011, 5789
0.011, 5788
0.011, 5787
0.011, 5786
0.011, 5785
0.011, 5784
0.011, 5783
0.011, 5782
0.011, 5781
0.011, 5780
0.011, 5779
0.011, 5778
0.011, 5777
0.011, 5776
0.011, 5775
0.011, 5774
0.011, 5773
0.011, 5772
0.011, 5771
0.011, 5770
0.011, 5769
0.011, 5768
0.011, 5767
0.011, 5766
0.011, 5765
0.011, 5764
0.011, 5763
0.011, 5762
0.011, 5761
0.011, 5760
0.011, 5759
0.011, 5758
0.011, 5757
0.011, 5756
0.011, 5755
0.011, 5754
0.011, 5753
0.011, 5752
0.011, 5751
0.011, 5750
0.011, 5749
0.011, 5748
0.011, 5747
0.011, 5746
0.011, 5745
0.011, 5744
0.011, 5743
0.011, 5742
0.011, 5741
0.011, 5740
0.011, 5739
0.011, 5738
0.011, 5737
0.011, 5736
0.011, 5735
0.011, 5734
0.011, 5733
0.011, 5732
0.011, 5731
0.011, 5730
0.011, 5729
0.011, 5728
0.011, 5727
0.011, 5726
0.011, 5725
0.011, 5724
0.011, 5723
0.011, 5722
0.011, 5721
0.011, 5720
0.011, 5719
0.011, 5718
0.011, 5717
0.011, 5716
0.011, 5715
0.011, 5714
0.011, 5713
0.011, 5712
0.011, 5711
0.011, 5710
0.011, 5709
0.011, 5708
0.011, 5707
0.011, 5706
0.011, 5705
0.011, 5704
0.011, 5703
0.011, 5702
0.011, 5701
0.011, 5700
0.011, 5699
0.011, 5698
0.011, 5697
0.011, 5696
0.011, 5695
0.011, 5694
0.011, 5693
0.011, 5692
0.011, 5691
0.011, 5690
0.011, 5689
0.011, 5688
0.011, 5687
0.011, 5686
0.011, 5685
0.011, 5684
0.011, 5683
0.011, 5682
0.011, 5681
0.011, 5680
0.011, 5679
0.011, 5678
0.011, 5677
0.011, 5676
0.011, 5675
0.011, 5674
0.011, 5673
0.011, 5672
0.011, 5671
0.011, 5670
0.012, 5669
0.012, 5668
0.012, 5667
0.012, 5666
0.012, 5665
0.012, 5664
0.012, 5663
0.012, 5662
0.012, 5661
0.012, 5660
0.012, 5659
0.012, 5658
0.012, 5657
0.012, 5656
0.012, 5655
0.012, 5654
0.012, 5653
0.012, 5652
0.012, 5651
0.012, 5650
0.012, 5649
0.012, 5648
0.012, 5647
0.012, 5646
0.012, 5645
0.012, 5644
0.012, 5643
0.012, 5642
0.012, 5641
0.012, 5640
0.012, 5639
0.012, 5638
0.012, 5637
0.012, 5636
0.012, 5635
0.012, 5634
0.012, 5633
0.012, 5632
0.012, 5631
0.012, 5630
0.012, 5629
0.012, 5628
0.012, 5627
0.012, 5626
0.012, 5625
0.012, 5624
0.012, 5623
0.012, 5622
0.012, 5621
0.012, 5620
0.012, 5619
0.012, 5618
0.012, 5617
0.012, 5616
0.012, 5615
0.012, 5614
0.012, 5613
0.012, 5612
0.012, 5611
0.012, 5610
0.012, 5609
0.012, 5608
0.012, 5607
0.012, 5606
0.012, 5605
0.012, 5604
0.012, 5603
0.012, 5602
0.012, 5601
0.012, 5600
0.012, 5599
0.012, 5598
0.012, 5597
0.012, 5596
0.012, 5595
0.012, 5594
0.012, 5593
0.012, 5592
0.012, 5591
0.012, 5590
0.012, 5589
0.012, 5588
0.012, 5587
0.012, 5586
0.012, 5585
0.012, 5584
0.012, 5583
0.012, 5582
0.012, 5581
0.012, 5580
0.012, 5579
0.012, 5578
0.012, 5577
0.012, 5576
0.012, 5575
0.012, 5574
0.012, 5573
0.012, 5572
0.012, 5571
0.012, 5570
0.012, 5569
0.012, 5568
0.012, 5567
0.012, 5566
0.012, 5565
0.012, 5564
0.012, 5563
0.012, 5562
0.012, 5561
0.012, 5560
0.012, 5559
0.012, 5558
0.012, 5557
0.012, 5556
0.012, 5555
0.012, 5554
0.012, 5553
0.012, 5552
0.012, 5551
0.012, 5550
0.012, 5549
0.012, 5548
0.012, 5547
0.012, 5546
0.012, 5545
0.012, 5544
0.012, 5543
0.012, 5542
0.012, 5541
0.012, 5540
0.012, 5539
0.012, 5538
0.012, 5537
0.012, 5536
0.012, 5535
0.012, 5534
0.012, 5533
0.012, 5532
0.012, 5531
0.012, 5530
0.012, 5529
0.012, 5528
0.012, 5527
0.012, 5526
0.012, 5525
0.012, 5524
0.012, 5523
0.012, 5522
0.012, 5521
0.012, 5520
0.012, 5519
0.012, 5518
0.012, 5517
0.012, 5516
0.012, 5515
0.012, 5514
0.012, 5513
0.012, 5512
0.012, 5511
0.012, 5510
0.012, 5509
0.012, 5508
0.012, 5507
0.012, 5506
0.012, 5505
0.012, 5504
0.012, 5503
0.012, 5502
0.012, 5501
0.012, 5500
0.012, 5499
0.012, 5498
0.012, 5497
0.012, 5496
0.012, 5495
0.012, 5494
0.012, 5493
0.012, 5492
0.012, 5491
0.012, 5490
0.012, 5489
0.012, 5488
0.012, 5487
0.012, 5486
0.012, 5485
0.012, 5484
0.012, 5483
0.012, 5482
0.012, 5481
0.012, 5480
0.012, 5479
0.012, 5478
0.012, 5477
0.012, 5476
0.012, 5475
0.012, 5474
0.012, 5473
0.012, 5472
0.012, 5471
0.012, 5470
0.012, 5469
0.012, 5468
0.012, 5467
0.012, 5466
0.012, 5465
0.012, 5464
0.012, 5463
0.012, 5462
0.012, 5461
0.012, 5460
0.012, 5459
0.012, 5458
0.012, 5457
0.012, 5456
0.012, 5455
0.012, 5454
0.012, 5453
0.012, 5452
0.012, 5451
0.012, 5450
0.012, 5449
0.012, 5448
0.012, 5447
0.012, 5446
0.012, 5445
0.012, 5444
0.012, 5443
0.012, 5442
0.012, 5441
0.012, 5440
0.012, 5439
0.012, 5438
0.012, 5437
0.012, 5436
0.012, 5435
0.012, 5434
0.012, 5433
0.012, 5432
0.012, 5431
0.012, 5430
0.012, 5429
0.012, 5428
0.012, 5427
0.012, 5426
0.012, 5425
0.012, 5424
0.012, 5423
0.012, 5422
0.012, 5421
0.012, 5420
0.012, 5419
0.012, 5418
0.012, 5417
0.012, 5416
0.012, 5415
0.012, 5414
0.012, 5413
0.012, 5412
0.012, 5411
0.012, 5410
0.012, 5409
0.012, 5408
0.012, 5407
0.012, 5406
0.012, 5405
0.012, 5404
0.012, 5403
0.012, 5402
0.012, 5401
0.012, 5400
0.012, 5399
0.012, 5398
0.012, 5397
0.012, 5396
0.012, 5395
0.012, 5394
0.012, 5393
0.012, 5392
0.012, 5391
0.012, 5390
0.012, 5389
0.012, 5388
0.012, 5387
0.012, 5386
0.012, 5385
0.012, 5384
0.012, 5383
0.012, 5382
0.012, 5381
0.012, 5380
0.012, 5379
0.012, 5378
0.012, 5377
0.012, 5376
0.012, 5375
0.012, 5374
0.012, 5373
0.012, 5372
0.012, 5371
0.012, 5370
0.012, 5369
0.012, 5368
0.012, 5367
0.012, 5366
0.012, 5365
0.012, 5364
0.012, 5363
0.012, 5362
0.012, 5361
0.012, 5360
0.012, 5359
0.012, 5358
0.012, 5357
0.012, 5356
0.012, 5355
0.012, 5354
0.012, 5353
0.012, 5352
0.012, 5351
0.012, 5350
0.012, 5349
0.012, 5348
0.012, 5347
0.012, 5346
0.012, 5345
0.013, 5344
0.013, 5343
0.013, 5342
0.013, 5341
0.013, 5340
0.013, 5339
0.013, 5338
0.013, 5337
0.013, 5336
0.013, 5335
0.013, 5334
0.013, 5333
0.013, 5332
0.013, 5331
0.013, 5330
0.013, 5329
0.013, 5328
0.013, 5327
0.013, 5326
0.013, 5325
0.013, 5324
0.013, 5323
0.013, 5322
0.013, 5321
0.013, 5320
0.013, 5319
0.013, 5318
0.013, 5317
0.013, 5316
0.013, 5315
0.013, 5314
0.013, 5313
0.013, 5312
0.013, 5311
0.013, 5310
0.013, 5309
0.013, 5308
0.013, 5307
0.013, 5306
0.013, 5305
0.013, 5304
0.013, 5303
0.013, 5302
0.013, 5301
0.013, 5300
0.013, 5299
0.013, 5298
0.013, 5297
0.013, 5296
0.013, 5295
0.013, 5294
0.013, 5293
0.013, 5292
0.013, 5291
0.013, 5290
0.013, 5289
0.013, 5288
0.013, 5287
0.013, 5286
0.013, 5285
0.013, 5284
0.013, 5283
0.013, 5282
0.013, 5281
0.013, 5280
0.013, 5279
0.013, 5278
0.013, 5277
0.013, 5276
0.013, 5275
0.013, 5274
0.013, 5273
0.013, 5272
0.013, 5271
0.013, 5270
0.013, 5269
0.013, 5268
0.013, 5267
0.013, 5266
0.013, 5265
0.013, 5264
0.013, 5263
0.013, 5262
0.013, 5261
0.013, 5260
0.013, 5259
0.013, 5258
0.013, 5257
0.013, 5256
0.013, 5255
0.013, 5254
0.013, 5253
0.013, 5252
0.013, 5251
0.013, 5250
0.013, 5249
0.013, 5248
0.013, 5247
0.013, 5246
0.013, 5245
0.013, 5244
0.013, 5243
0.013, 5242
0.013, 5241
0.013, 5240
0.013, 5239
0.013, 5238
0.013, 5237
0.013, 5236
0.013, 5235
0.013, 5234
0.013, 5233
0.013, 5232
0.013, 5231
0.013, 5230
0.013, 5229
0.013, 5228
0.013, 5227
0.013, 5226
0.013, 5225
0.013, 5224
0.013, 5223
0.013, 5222
0.013, 5221
0.013, 5220
0.013, 5219
0.013, 5218
0.013, 5217
0.013, 5216
0.013, 5215
0.013, 5214
0.013, 5213
0.013, 5212
0.013, 5211
0.013, 5210
0.013, 5209
0.013, 5208
0.013, 5207
0.013, 5206
0.013, 5205
0.013, 5204
0.013, 5203
0.013, 5202
0.013, 5201
0.013, 5200
0.013, 5199
0.013, 5198
0.013, 5197
0.013, 5196
0.013, 5195
0.013, 5194
0.013, 5193
0.013, 5192
0.013, 5191
0.013, 5190
0.013, 5189
0.013, 5188
0.013, 5187
0.013, 5186
0.013, 5185
0.013, 5184
0.013, 5183
0.013, 5182
0.013, 5181
0.013, 5180
0.013, 5179
0.013, 5178
0.013, 5177
0.013, 5176
0.013, 5175
0.013, 5174
0.013, 5173
0.013, 5172
0.013, 5171
0.013, 5170
0.013, 5169
0.013, 5168
0.013, 5167
0.013, 5166
0.013, 5165
0.013, 5164
0.013, 5163
0.013, 5162
0.013, 5161
0.013, 5160
0.013, 5159
0.013, 5158
0.013, 5157
0.013, 5156
0.013, 5155
0.013, 5154
0.013, 5153
0.013, 5152
0.013, 5151
0.013, 5150
0.013, 5149
0.013, 5148
0.013, 5147
0.013, 5146
0.013, 5145
0.013, 5144
0.013, 5143
0.013, 5142
0.013, 5141
0.013, 5140
0.013, 5139
0.013, 5138
0.013, 5137
0.013, 5136
0.013, 5135
0.013, 5134
0.013, 5133
0.013, 5132
0.013, 5131
0.013, 5130
0.013, 5129
0.013, 5128
0.013, 5127
0.013, 5126
0.013, 5125
0.013, 5124
0.013, 5123
0.013, 5122
0.013, 5121
0.013, 5120
0.013, 5119
0.013, 5118
0.013, 5117
0.013, 5116
0.013, 5115
0.013, 5114
0.013, 5113
0.013, 5112
0.013, 5111
0.013, 5110
0.013, 5109
0.013, 5108
0.013, 5107
0.013, 5106
0.013, 5105
0.013, 5104
0.013, 5103
0.013, 5102
0.013, 5101
0.013, 5100
0.013, 5099
0.013, 5098
0.013, 5097
0.013, 5096
0.013, 5095
0.013, 5094
0.013, 5093
0.013, 5092
0.013, 5091
0.013, 5090
0.013, 5089
0.013, 5088
0.013, 5087
0.013, 5086
0.013, 5085
0.013, 5084
0.013, 5083
0.013, 5082
0.013, 5081
0.013, 5080
0.013, 5079
0.013, 5078
0.013, 5077
0.013, 5076
0.013, 5075
0.013, 5074
0.013, 5073
0.013, 5072
0.013, 5071
0.013, 5070
0.013, 5069
0.013, 5068
0.013, 5067
0.013, 5066
0.013, 5065
0.013, 5064
0.013, 5063
0.013, 5062
0.013, 5061
0.013, 5060
0.013, 5059
0.013, 5058
0.013, 5057
0.013, 5056
0.013, 5055
0.013, 5054
0.013, 5053
0.013, 5052
0.013, 5051
0.013, 5050
0.013, 5049
0.013, 5048
0.013, 5047
0.013, 5046
0.013, 5045
0.013, 5044
0.013, 5043
0.013, 5042
0.013, 5041
0.013, 5040
0.013, 5039
0.013, 5038
0.013, 5037
0.013, 5036
0.014, 5035
0.014, 5034
0.014, 5033
0.014, 5032
0.014, 5031
0.014, 5030
0.014, 5029
0.014, 5028
0.014, 5027
0.014, 5026
0.014, 5025
0.014, 5024
0.014, 5023
0.014, 5022
0.014, 5021
0.014, 5020
0.014, 5019
0.014, 5018
0.014, 5017
0.014, 5016
0.014, 5015
0.014, 5014
0.014, 5013
0.014, 5012
0.014, 5011
0.014, 5010
0.014, 5009
0.014, 5008
0.014, 5007
0.014, 5006
0.014, 5005
0.014, 5004
0.014, 5003
0.014, 5002
0.014, 5001
0.014, 5000
0.014, 4999
0.014, 4998
0.014, 4997
0.014, 4996
0.014, 4995
0.014, 4994
0.014, 4993
0.014, 4992
0.014, 4991
0.014, 4990
0.014, 4989
0.014, 4988
0.014, 4987
0.014, 4986
0.014, 4985
0.014, 4984
0.014, 4983
0.014, 4982
0.014, 4981
0.014, 4980
0.014, 4979
0.014, 4978
0.014, 4977
0.014, 4976
0.014, 4975
0.014, 4974
0.014, 4973
0.014, 4972
0.014, 4971
0.014, 4970
0.014, 4969
0.014, 4968
0.014, 4967
0.014, 4966
0.014, 4965
0.014, 4964
0.014, 4963
0.014, 4962
0.014, 4961
0.014, 4960
0.014, 4959
0.014, 4958
0.014, 4957
0.014, 4956
0.014, 4955
0.014, 4954
0.014, 4953
0.014, 4952
0.014, 4951
0.014, 4950
0.014, 4949
0.014, 4948
0.014, 4947
0.014, 4946
0.014, 4945
0.014, 4944
0.014, 4943
0.014, 4942
0.014, 4941
0.014, 4940
0.014, 4939
0.014, 4938
0.014, 4937
0.014, 4936
0.014, 4935
0.014, 4934
0.014, 4933
0.014, 4932
0.014, 4931
0.014, 4930
0.014, 4929
0.014, 4928
0.014, 4927
0.014, 4926
0.014, 4925
0.014, 4924
0.014, 4923
0.014, 4922
0.014, 4921
0.014, 4920
0.014, 4919
0.014, 4918
0.014, 4917
0.014, 4916
0.014, 4915
0.014, 4914
0.014, 4913
0.014, 4912
0.014, 4911
0.014, 4910
0.014, 4909
0.014, 4908
0.014, 4907
0.014, 4906
0.014, 4905
0.014, 4904
0.014, 4903
0.014, 4902
0.014, 4901
0.014, 4900
0.014, 4899
0.014, 4898
0.014, 4897
0.014, 4896
0.014, 4895
0.014, 4894
0.014, 4893
0.014, 4892
0.014, 4891
0.014, 4890
0.014, 4889
0.014, 4888
0.014, 4887
0.014, 4886
0.014, 4885
0.014, 4884
0.014, 4883
0.014, 4882
0.014, 4881
0.014, 4880
0.014, 4879
0.014, 4878
0.014, 4877
0.014, 4876
0.014, 4875
0.014, 4874
0.014, 4873
0.014, 4872
0.014, 4871
0.014, 4870
0.014, 4869
0.014, 4868
0.014, 4867
0.014, 4866
0.014, 4865
0.014, 4864
0.014, 4863
0.014, 4862
0.014, 4861
0.014, 4860
0.014, 4859
0.014, 4858
0.014, 4857
0.014, 4856
0.014, 4855
0.014, 4854
0.014, 4853
0.014, 4852
0.014, 4851
0.014, 4850
0.014, 4849
0.014, 4848
0.014, 4847
0.014, 4846
0.014, 4845
0.014, 4844
0.014, 4843
0.014, 4842
0.014, 4841
0.014, 4840
0.014, 4839
0.014, 4838
0.014, 4837
0.014, 4836
0.014, 4835
0.014, 4834
0.014, 4833
0.014, 4832
0.014, 4831
0.014, 4830
0.014, 4829
0.014, 4828
0.014, 4827
0.014, 4826
0.014, 4825
0.014, 4824
0.014, 4823
0.014, 4822
0.014, 4821
0.014, 4820
0.014, 4819
0.014, 4818
0.014, 4817
0.014, 4816
0.014, 4815
0.014, 4814
0.014, 4813
0.014, 4812
0.014, 4811
0.014, 4810
0.014, 4809
0.014, 4808
0.014, 4807
0.014, 4806
0.014, 4805
0.014, 4804
0.014, 4803
0.014, 4802
0.014, 4801
0.014, 4800
0.014, 4799
0.014, 4798
0.014, 4797
0.014, 4796
0.014, 4795
0.014, 4794
0.014, 4793
0.014, 4792
0.014, 4791
0.014, 4790
0.014, 4789
0.014, 4788
0.014, 4787
0.014, 4786
0.014, 4785
0.014, 4784
0.014, 4783
0.014, 4782
0.014, 4781
0.014, 4780
0.014, 4779
0.014, 4778
0.014, 4777
0.014, 4776
0.014, 4775
0.014, 4774
0.014, 4773
0.014, 4772
0.014, 4771
0.014, 4770
0.014, 4769
0.014, 4768
0.014, 4767
0.014, 4766
0.014, 4765
0.014, 4764
0.014, 4763
0.014, 4762
0.014, 4761
0.015, 4760
0.015, 4759
0.015, 4758
0.015, 4757
0.015, 4756
0.015, 4755
0.015, 4754
0.015, 4753
0.015, 4752
0.015, 4751
0.015, 4750
0.015, 4749
0.015, 4748
0.015, 4747
0.015, 4746
0.015, 4745
0.015, 4744
0.015, 4743
0.015, 4742
0.015, 4741
0.015, 4740
0.015, 4739
0.015, 4738
0.015, 4737
0.015, 4736
0.015, 4735
0.015, 4734
0.015, 4733
0.015, 4732
0.015, 4731
0.015, 4730
0.015, 4729
0.015, 4728
0.015, 4727
0.015, 4726
0.015, 4725
0.015, 4724
0.015, 4723
0.015, 4722
0.015, 4721
0.015, 4720
0.015, 4719
0.015, 4718
0.015, 4717
0.015, 4716
0.015, 4715
0.015, 4714
0.015, 4713
0.015, 4712
0.015, 4711
0.015, 4710
0.015, 4709
0.015, 4708
0.015, 4707
0.015, 4706
0.015, 4705
0.015, 4704
0.015, 4703
0.015, 4702
0.015, 4701
0.015, 4700
0.015, 4699
0.015, 4698
0.015, 4697
0.015, 4696
0.015, 4695
0.015, 4694
0.015, 4693
0.015, 4692
0.015, 4691
0.015, 4690
0.015, 4689
0.015, 4688
0.015, 4687
0.015, 4686
0.015, 4685
0.015, 4684
0.015, 4683
0.015, 4682
0.015, 4681
0.015, 4680
0.015, 4679
0.015, 4678
0.015, 4677
0.015, 4676
0.015, 4675
0.015, 4674
0.015, 4673
0.015, 4672
0.015, 4671
0.015, 4670
0.015, 4669
0.015, 4668
0.015, 4667
0.015, 4666
0.015, 4665
0.015, 4664
0.015, 4663
0.015, 4662
0.015, 4661
0.015, 4660
0.015, 4659
0.015, 4658
0.015, 4657
0.015, 4656
0.015, 4655
0.015, 4654
0.015, 4653
0.015, 4652
0.015, 4651
0.015, 4650
0.015, 4649
0.015, 4648
0.015, 4647
0.015, 4646
0.015, 4645
0.015, 4644
0.015, 4643
0.015, 4642
0.015, 4641
0.015, 4640
0.015, 4639
0.015, 4638
0.015, 4637
0.015, 4636
0.015, 4635
0.015, 4634
0.015, 4633
0.015, 4632
0.015, 4631
0.015, 4630
0.015, 4629
0.015, 4628
0.015, 4627
0.015, 4626
0.015, 4625
0.015, 4624
0.015, 4623
0.015, 4622
0.015, 4621
0.015, 4620
0.015, 4619
0.015, 4618
0.015, 4617
0.015, 4616
0.015, 4615
0.015, 4614
0.015, 4613
0.015, 4612
0.015, 4611
0.015, 4610
0.015, 4609
0.015, 4608
0.015, 4607
0.015, 4606
0.015, 4605
0.015, 4604
0.015, 4603
0.015, 4602
0.015, 4601
0.015, 4600
0.015, 4599
0.015, 4598
0.015, 4597
0.015, 4596
0.015, 4595
0.015, 4594
0.015, 4593
0.015, 4592
0.015, 4591
0.015, 4590
0.015, 4589
0.015, 4588
0.015, 4587
0.015, 4586
0.015, 4585
0.015, 4584
0.015, 4583
0.015, 4582
0.015, 4581
0.015, 4580
0.015, 4579
0.015, 4578
0.015, 4577
0.015, 4576
0.015, 4575
0.015, 4574
0.015, 4573
0.015, 4572
0.015, 4571
0.015, 4570
0.015, 4569
0.015, 4568
0.015, 4567
0.015, 4566
0.015, 4565
0.015, 4564
0.015, 4563
0.015, 4562
0.015, 4561
0.015, 4560
0.015, 4559
0.015, 4558
0.015, 4557
0.015, 4556
0.015, 4555
0.015, 4554
0.015, 4553
0.015, 4552
0.015, 4551
0.015, 4550
0.015, 4549
0.015, 4548
0.015, 4547
0.015, 4546
0.015, 4545
0.015, 4544
0.015, 4543
0.015, 4542
0.015, 4541
0.015, 4540
0.015, 4539
0.015, 4538
0.015, 4537
0.015, 4536
0.015, 4535
0.015, 4534
0.015, 4533
0.015, 4532
0.015, 4531
0.015, 4530
0.015, 4529
0.015, 4528
0.015, 4527
0.015, 4526
0.015, 4525
0.015, 4524
0.015, 4523
0.015, 4522
0.015, 4521
0.015, 4520
0.015, 4519
0.015, 4518
0.015, 4517
0.015, 4516
0.015, 4515
0.015, 4514
0.015, 4513
0.015, 4512
0.015, 4511
0.015, 4510
0.015, 4509
0.015, 4508
0.015, 4507
0.015, 4506
0.015, 4505
0.015, 4504
0.015, 4503
0.015, 4502
0.015, 4501
0.015, 4500
0.015, 4499
0.015, 4498
0.015, 4497
0.015, 4496
0.015, 4495
0.015, 4494
0.015, 4493
0.015, 4492
0.015, 4491
0.015, 4490
0.015, 4489
0.015, 4488
0.015, 4487
0.015, 4486
0.015, 4485
0.015, 4484
0.015, 4483
0.015, 4482
0.015, 4481
0.015, 4480
0.015, 4479
0.015, 4478
0.015, 4477
0.015, 4476
0.015, 4475
0.015, 4474
0.015, 4473
0.015, 4472
0.015, 4471
0.015, 4470
0.015, 4469
0.015, 4468
0.015, 4467
0.015, 4466
0.015, 4465
0.015, 4464
0.015, 4463
0.015, 4462
0.015, 4461
0.016, 4460
0.016, 4459
0.016, 4458
0.016, 4457
0.016, 4456
0.016, 4455
0.016, 4454
0.016, 4453
0.016, 4452
0.016, 4451
0.016, 4450
0.016, 4449
0.016, 4448
0.016, 4447
0.016, 4446
0.016, 4445
0.016, 4444
0.016, 4443
0.016, 4442
0.016, 4441
0.016, 4440
0.016, 4439
0.016, 4438
0.016, 4437
0.016, 4436
0.016, 4435
0.016, 4434
0.016, 4433
0.016, 4432
0.016, 4431
0.016, 4430
0.016, 4429
0.016, 4428
0.016, 4427
0.016, 4426
0.016, 4425
0.016, 4424
0.016, 4423
0.016, 4422
0.016, 4421
0.016, 4420
0.016, 4419
0.016, 4418
0.016, 4417
0.016, 4416
0.016, 4415
0.016, 4414
0.016, 4413
0.016, 4412
0.016, 4411
0.016, 4410
0.016, 4409
0.016, 4408
0.016, 4407
0.016, 4406
0.016, 4405
0.016, 4404
0.016, 4403
0.016, 4402
0.016, 4401
0.016, 4400
0.016, 4399
0.016, 4398
0.016, 4397
0.016, 4396
0.016, 4395
0.016, 4394
0.016, 4393
0.016, 4392
0.016, 4391
0.016, 4390
0.016, 4389
0.016, 4388
0.016, 4387
0.016, 4386
0.016, 4385
0.016, 4384
0.016, 4383
0.016, 4382
0.016, 4381
0.016, 4380
0.016, 4379
0.016, 4378
0.016, 4377
0.016, 4376
0.016, 4375
0.016, 4374
0.016, 4373
0.016, 4372
0.016, 4371
0.016, 4370
0.016, 4369
0.016, 4368
0.016, 4367
0.016, 4366
0.016, 4365
0.016, 4364
0.016, 4363
0.016, 4362
0.016, 4361
0.016, 4360
0.016, 4359
0.016, 4358
0.016, 4357
0.016, 4356
0.016, 4355
0.016, 4354
0.016, 4353
0.016, 4352
0.016, 4351
0.016, 4350
0.016, 4349
0.016, 4348
0.016, 4347
0.016, 4346
0.016, 4345
0.016, 4344
0.016, 4343
0.016, 4342
0.016, 4341
0.016, 4340
0.016, 4339
0.016, 4338
0.016, 4337
0.016, 4336
0.016, 4335
0.016, 4334
0.016, 4333
0.016, 4332
0.016, 4331
0.016, 4330
0.016, 4329
0.016, 4328
0.016, 4327
0.016, 4326
0.016, 4325
0.016, 4324
0.016, 4323
0.016, 4322
0.016, 4321
0.016, 4320
0.016, 4319
0.016, 4318
0.016, 4317
0.016, 4316
0.016, 4315
0.016, 4314
0.016, 4313
0.016, 4312
0.016, 4311
0.016, 4310
0.016, 4309
0.016, 4308
0.016, 4307
0.016, 4306
0.016, 4305
0.016, 4304
0.016, 4303
0.016, 4302
0.016, 4301
0.016, 4300
0.016, 4299
0.016, 4298
0.016, 4297
0.016, 4296
0.016, 4295
0.016, 4294
0.016, 4293
0.016, 4292
0.016, 4291
0.016, 4290
0.016, 4289
0.016, 4288
0.016, 4287
0.016, 4286
0.016, 4285
0.016, 4284
0.016, 4283
0.016, 4282
0.016, 4281
0.016, 4280
0.016, 4279
0.016, 4278
0.016, 4277
0.016, 4276
0.016, 4275
0.016, 4274
0.016, 4273
0.016, 4272
0.016, 4271
0.016, 4270
0.016, 4269
0.016, 4268
0.016, 4267
0.016, 4266
0.016, 4265
0.016, 4264
0.016, 4263
0.016, 4262
0.016, 4261
0.016, 4260
0.016, 4259
0.016, 4258
0.016, 4257
0.016, 4256
0.016, 4255
0.016, 4254
0.016, 4253
0.016, 4252
0.016, 4251
0.016, 4250
0.016, 4249
0.016, 4248
0.016, 4247
0.016, 4246
0.016, 4245
0.016, 4244
0.016, 4243
0.016, 4242
0.016, 4241
0.016, 4240
0.016, 4239
0.016, 4238
0.016, 4237
0.016, 4236
0.016, 4235
0.016, 4234
0.016, 4233
0.016, 4232
0.016, 4231
0.016, 4230
0.016, 4229
0.016, 4228
0.016, 4227
0.016, 4226
0.016, 4225
0.016, 4224
0.016, 4223
0.016, 4222
0.016, 4221
0.016, 4220
0.016, 4219
0.016, 4218
0.016, 4217
0.016, 4216
0.016, 4215
0.016, 4214
0.016, 4213
0.016, 4212
0.016, 4211
0.016, 4210
0.016, 4209
0.016, 4208
0.016, 4207
0.016, 4206
0.016, 4205
0.016, 4204
0.016, 4203
0.016, 4202
0.016, 4201
0.016, 4200
0.016, 4199
0.016, 4198
0.016, 4197
0.016, 4196
0.016, 4195
0.016, 4194
0.016, 4193
0.016, 4192
0.016, 4191
0.016, 4190
0.016, 4189
0.016, 4188
0.016, 4187
0.016, 4186
0.016, 4185
0.016, 4184
0.016, 4183
0.016, 4182
0.016, 4181
0.016, 4180
0.016, 4179
0.016, 4178
0.016, 4177
0.016, 4176
0.016, 4175
0.016, 4174
0.016, 4173
0.016, 4172
0.016, 4171
0.016, 4170
0.016, 4169
0.016, 4168
0.016, 4167
0.016, 4166
0.017, 4165
0.017, 4164
0.017, 4163
0.017, 4162
0.017, 4161
0.017, 4160
0.017, 4159
0.017, 4158
0.017, 4157
0.017, 4156
0.017, 4155
0.017, 4154
0.017, 4153
0.017, 4152
0.017, 4151
0.017, 4150
0.017, 4149
0.017, 4148
0.017, 4147
0.017, 4146
0.017, 4145
0.017, 4144
0.017, 4143
0.017, 4142
0.017, 4141
0.017, 4140
0.017, 4139
0.017, 4138
0.017, 4137
0.017, 4136
0.017, 4135
0.017, 4134
0.017, 4133
0.017, 4132
0.017, 4131
0.017, 4130
0.017, 4129
0.017, 4128
0.017, 4127
0.017, 4126
0.017, 4125
0.017, 4124
0.017, 4123
0.017, 4122
0.017, 4121
0.017, 4120
0.017, 4119
0.017, 4118
0.017, 4117
0.017, 4116
0.017, 4115
0.017, 4114
0.017, 4113
0.017, 4112
0.017, 4111
0.017, 4110
0.017, 4109
0.017, 4108
0.017, 4107
0.017, 4106
0.017, 4105
0.017, 4104
0.017, 4103
0.017, 4102
0.017, 4101
0.017, 4100
0.017, 4099
0.017, 4098
0.017, 4097
0.017, 4096
0.017, 4095
0.017, 4094
0.017, 4093
0.017, 4092
0.017, 4091
0.017, 4090
0.017, 4089
0.017, 4088
0.017, 4087
0.017, 4086
0.017, 4085
0.017, 4084
0.017, 4083
0.017, 4082
0.017, 4081
0.017, 4080
0.017, 4079
0.017, 4078
0.017, 4077
0.017, 4076
0.017, 4075
0.017, 4074
0.017, 4073
0.017, 4072
0.017, 4071
0.017, 4070
0.017, 4069
0.017, 4068
0.017, 4067
0.017, 4066
0.017, 4065
0.017, 4064
0.017, 4063
0.017, 4062
0.017, 4061
0.017, 4060
0.017, 4059
0.017, 4058
0.017, 4057
0.017, 4056
0.017, 4055
0.017, 4054
0.017, 4053
0.017, 4052
0.017, 4051
0.017, 4050
0.017, 4049
0.017, 4048
0.017, 4047
0.017, 4046
0.017, 4045
0.017, 4044
0.017, 4043
0.017, 4042
0.017, 4041
0.017, 4040
0.017, 4039
0.017, 4038
0.017, 4037
0.017, 4036
0.017, 4035
0.017, 4034
0.017, 4033
0.017, 4032
0.017, 4031
0.017, 4030
0.017, 4029
0.017, 4028
0.017, 4027
0.017, 4026
0.017, 4025
0.017, 4024
0.017, 4023
0.017, 4022
0.017, 4021
0.017, 4020
0.017, 4019
0.017, 4018
0.017, 4017
0.017, 4016
0.017, 4015
0.017, 4014
0.017, 4013
0.017, 4012
0.017, 4011
0.017, 4010
0.017, 4009
0.017, 4008
0.017, 4007
0.017, 4006
0.017, 4005
0.017, 4004
0.017, 4003
0.017, 4002
0.017, 4001
0.017, 4000
0.017, 3999
0.017, 3998
0.017, 3997
0.017, 3996
0.017, 3995
0.017, 3994
0.017, 3993
0.017, 3992
0.017, 3991
0.017, 3990
0.017, 3989
0.017, 3988
0.017, 3987
0.017, 3986
0.017, 3985
0.017, 3984
0.017, 3983
0.017, 3982
0.017, 3981
0.017, 3980
0.017, 3979
0.017, 3978
0.017, 3977
0.017, 3976
0.017, 3975
0.017, 3974
0.017, 3973
0.017, 3972
0.017, 3971
0.017, 3970
0.018, 3969
0.018, 3968
0.018, 3967
0.018, 3966
0.018, 3965
0.018, 3964
0.018, 3963
0.018, 3962
0.018, 3961
0.018, 3960
0.018, 3959
0.018, 3958
0.018, 3957
0.018, 3956
0.018, 3955
0.018, 3954
0.018, 3953
0.018, 3952
0.018, 3951
0.018, 3950
0.018, 3949
0.018, 3948
0.018, 3947
0.018, 3946
0.018, 3945
0.018, 3944
