0.003, 8359
0.003, 8358
0.003, 8357
0.003, 8356
0.003, 8355
0.003, 8354
0.003, 8353
0.003, 8352
0.003, 8351
0.003, 8350
0.003, 8349
0.003, 8348
0.003, 8347
0.003, 8346
0.003, 8345
0.003, 8344
0.003, 8343
0.003, 8342
0.003, 8341
0.003, 8340
0.003, 8339
0.003, 8338
0.003, 8337
0.003, 8336
0.003, 8335
0.003, 8334
0.003, 8333
0.003, 8332
0.003, 8331
0.003, 8330
0.003, 8329
0.003, 8328
0.003, 8327
0.003, 8326
0.003, 8325
0.003, 8324
0.003, 8323
0.003, 8322
0.003, 8321
0.003, 8320
0.003, 8319
0.003, 8318
0.003, 8317
0.003, 8316
0.003, 8315
0.003, 8314
0.003, 8313
0.003, 8312
0.003, 8311
0.003, 8310
0.003, 8309
0.003, 8308
0.003, 8307
0.003, 8306
0.003, 8305
0.003, 8304
0.003, 8303
0.003, 8302
0.003, 8301
0.003, 8300
0.003, 8299
0.003, 8298
0.003, 8297
0.003, 8296
0.003, 8295
0.003, 8294
0.003, 8293
0.003, 8292
0.003, 8291
0.003, 8290
0.003, 8289
0.003, 8288
0.003, 8287
0.003, 8286
0.003, 8285
0.003, 8284
0.003, 8283
0.003, 8282
0.003, 8281
0.003, 8280
0.003, 8279
0.003, 8278
0.003, 8277
0.003, 8276
0.003, 8275
0.003, 8274
0.003, 8273
0.003, 8272
0.003, 8271
0.003, 8270
0.003, 8269
0.003, 8268
0.003, 8267
0.003, 8266
0.003, 8265
0.003, 8264
0.003, 8263
0.003, 8262
0.003, 8261
0.003, 8260
0.003, 8259
0.003, 8258
0.003, 8257
0.003, 8256
0.003, 8255
0.003, 8254
0.003, 8253
0.003, 8252
0.003, 8251
0.003, 8250
0.003, 8249
0.003, 8248
0.003, 8247
0.003, 8246
0.003, 8245
0.003, 8244
0.003, 8243
0.003, 8242
0.003, 8241
0.003, 8240
0.003, 8239
0.003, 8238
0.003, 8237
0.003, 8236
0.003, 8235
0.003, 8234
0.003, 8233
0.003, 8232
0.003, 8231
0.003, 8230
0.003, 8229
0.003, 8228
0.003, 8227
0.003, 8226
0.003, 8225
0.003, 8224
0.003, 8223
0.003, 8222
0.003, 8221
0.003, 8220
0.003, 8219
0.003, 8218
0.003, 8217
0.003, 8216
0.003, 8215
0.003, 8214
0.003, 8213
0.003, 8212
0.003, 8211
0.003, 8210
0.003, 8209
0.003, 8208
0.003, 8207
0.003, 8206
0.003, 8205
0.003, 8204
0.003, 8203
0.003, 8202
0.003, 8201
0.003, 8200
0.003, 8199
0.003, 8198
0.003, 8197
0.003, 8196
0.003, 8195
0.003, 8194
0.003, 8193
0.003, 8192
0.003, 8191
0.003, 8190
0.003, 8189
0.003, 8188
0.003, 8187
0.003, 8186
0.003, 8185
0.003, 8184
0.003, 8183
0.003, 8182
0.003, 8181
0.003, 8180
0.003, 8179
0.003, 8178
0.003, 8177
0.003, 8176
0.003, 8175
0.003, 8174
0.003, 8173
0.003, 8172
0.003, 8171
0.003, 8170
0.003, 8169
0.003, 8168
0.003, 8167
0.003, 8166
0.003, 8165
0.003, 8164
0.003, 8163
0.003, 8162
0.003, 8161
0.003, 8160
0.003, 8159
0.003, 8158
0.003, 8157
0.003, 8156
0.003, 8155
0.003, 8154
0.003, 8153
0.003, 8152
0.003, 8151
0.003, 8150
0.003, 8149
0.003, 8148
0.003, 8147
0.003, 8146
0.003, 8145
0.003, 8144
0.003, 8143
0.003, 8142
0.003, 8141
0.003, 8140
0.003, 8139
0.003, 8138
0.003, 8137
0.003, 8136
0.003, 8135
0.003, 8134
0.003, 8133
0.003, 8132
0.003, 8131
0.003, 8130
0.003, 8129
0.003, 8128
0.003, 8127
0.003, 8126
0.003, 8125
0.003, 8124
0.003, 8123
0.003, 8122
0.003, 8121
0.003, 8120
0.003, 8119
0.003, 8118
0.003, 8117
0.003, 8116
0.003, 8115
0.003, 8114
0.003, 8113
0.003, 8112
0.003, 8111
0.003, 8110
0.003, 8109
0.003, 8108
0.003, 8107
0.003, 8106
0.003, 8105
0.003, 8104
0.003, 8103
0.003, 8102
0.003, 8101
0.003, 8100
0.003, 8099
0.003, 8098
0.003, 8097
0.003, 8096
0.003, 8095
0.003, 8094
0.003, 8093
0.003, 8092
0.003, 8091
0.003, 8090
0.003, 8089
0.003, 8088
0.003, 8087
0.003, 8086
0.003, 8085
0.003, 8084
0.003, 8083
0.003, 8082
0.003, 8081
0.003, 8080
0.003, 8079
0.003, 8078
0.003, 8077
0.003, 8076
0.003, 8075
0.003, 8074
0.003, 8073
0.003, 8072
0.003, 8071
0.003, 8070
0.003, 8069
0.003, 8068
0.003, 8067
0.003, 8066
0.003, 8065
0.003, 8064
0.003, 8063
0.003, 8062
0.003, 8061
0.003, 8060
0.003, 8059
0.003, 8058
0.003, 8057
0.003, 8056
0.003, 8055
0.003, 8054
0.003, 8053
0.003, 8052
0.003, 8051
0.003, 8050
0.003, 8049
0.003, 8048
0.003, 8047
0.003, 8046
0.003, 8045
0.003, 8044
0.003, 8043
0.003, 8042
0.003, 8041
0.003, 8040
0.003, 8039
0.003, 8038
0.003, 8037
0.003, 8036
0.003, 8035
0.003, 8034
0.003, 8033
0.003, 8032
0.003, 8031
0.003, 8030
0.003, 8029
0.003, 8028
0.003, 8027
0.003, 8026
0.003, 8025
0.003, 8024
0.003, 8023
0.003, 8022
0.003, 8021
0.003, 8020
0.003, 8019
0.003, 8018
0.003, 8017
0.003, 8016
0.003, 8015
0.003, 8014
0.003, 8013
0.003, 8012
0.003, 8011
0.003, 8010
0.003, 8009
0.003, 8008
0.003, 8007
0.003, 8006
0.003, 8005
0.003, 8004
0.003, 8003
0.003, 8002
0.003, 8001
0.003, 8000
0.003, 7999
0.003, 7998
0.003, 7997
0.003, 7996
0.003, 7995
0.003, 7994
0.003, 7993
0.003, 7992
0.003, 7991
0.003, 7990
0.003, 7989
0.003, 7988
0.003, 7987
0.003, 7986
0.003, 7985
0.003, 7984
0.003, 7983
0.003, 7982
0.003, 7981
0.003, 7980
0.003, 7979
0.003, 7978
0.003, 7977
0.003, 7976
0.003, 7975
0.003, 7974
0.003, 7973
0.003, 7972
0.003, 7971
0.003, 7970
0.003, 7969
0.003, 7968
0.003, 7967
0.003, 7966
0.003, 7965
0.003, 7964
0.003, 7963
0.003, 7962
0.003, 7961
0.003, 7960
0.003, 7959
0.003, 7958
0.003, 7957
0.003, 7956
0.003, 7955
0.003, 7954
0.003, 7953
0.003, 7952
0.003, 7951
0.003, 7950
0.003, 7949
0.003, 7948
0.003, 7947
0.003, 7946
0.003, 7945
0.003, 7944
0.003, 7943
0.003, 7942
0.003, 7941
0.003, 7940
0.003, 7939
0.003, 7938
0.003, 7937
0.003, 7936
0.003, 7935
0.003, 7934
0.003, 7933
0.003, 7932
0.003, 7931
0.003, 7930
0.003, 7929
0.003, 7928
0.003, 7927
0.003, 7926
0.003, 7925
0.003, 7924
0.003, 7923
0.003, 7922
0.003, 7921
0.003, 7920
0.003, 7919
0.003, 7918
0.003, 7917
0.003, 7916
0.003, 7915
0.003, 7914
0.003, 7913
0.003, 7912
0.003, 7911
0.003, 7910
0.003, 7909
0.003, 7908
0.003, 7907
0.003, 7906
0.003, 7905
0.003, 7904
0.003, 7903
0.003, 7902
0.003, 7901
0.003, 7900
0.003, 7899
0.003, 7898
0.003, 7897
0.003, 7896
0.003, 7895
0.003, 7894
0.003, 7893
0.003, 7892
0.003, 7891
0.003, 7890
0.003, 7889
0.003, 7888
0.003, 7887
0.003, 7886
0.003, 7885
0.003, 7884
0.003, 7883
0.003, 7882
0.003, 7881
0.003, 7880
0.003, 7879
0.003, 7878
0.003, 7877
0.003, 7876
0.003, 7875
0.003, 7874
0.003, 7873
0.003, 7872
0.003, 7871
0.003, 7870
0.003, 7869
0.003, 7868
0.003, 7867
0.003, 7866
0.003, 7865
0.003, 7864
0.003, 7863
0.003, 7862
0.003, 7861
0.003, 7860
0.003, 7859
0.003, 7858
0.003, 7857
0.003, 7856
0.003, 7855
0.003, 7854
0.003, 7853
0.003, 7852
0.003, 7851
0.003, 7850
0.003, 7849
0.003, 7848
0.003, 7847
0.003, 7846
0.003, 7845
0.003, 7844
0.003, 7843
0.003, 7842
0.003, 7841
0.003, 7840
0.003, 7839
0.003, 7838
0.003, 7837
0.003, 7836
0.003, 7835
0.003, 7834
0.003, 7833
0.003, 7832
0.003, 7831
0.003, 7830
0.003, 7829
0.003, 7828
0.003, 7827
0.003, 7826
0.003, 7825
0.003, 7824
0.003, 7823
0.003, 7822
0.003, 7821
0.003, 7820
0.003, 7819
0.003, 7818
0.003, 7817
0.003, 7816
0.003, 7815
0.003, 7814
0.003, 7813
0.003, 7812
0.003, 7811
0.003, 7810
0.003, 7809
0.003, 7808
0.003, 7807
0.003, 7806
0.003, 7805
0.003, 7804
0.003, 7803
0.003, 7802
0.003, 7801
0.003, 7800
0.003, 7799
0.003, 7798
0.003, 7797
0.003, 7796
0.003, 7795
0.003, 7794
0.003, 7793
0.003, 7792
0.003, 7791
0.003, 7790
0.003, 7789
0.003, 7788
0.003, 7787
0.003, 7786
0.003, 7785
0.003, 7784
0.003, 7783
0.003, 7782
0.003, 7781
0.003, 7780
0.003, 7779
0.003, 7778
0.003, 7777
0.003, 7776
0.003, 7775
0.003, 7774
0.003, 7773
0.003, 7772
0.003, 7771
0.003, 7770
0.003, 7769
0.003, 7768
0.003, 7767
0.003, 7766
0.003, 7765
0.003, 7764
0.003, 7763
0.003, 7762
0.003, 7761
0.003, 7760
0.003, 7759
0.003, 7758
0.003, 7757
0.003, 7756
0.003, 7755
0.003, 7754
0.003, 7753
0.003, 7752
0.003, 7751
0.003, 7750
0.003, 7749
0.003, 7748
0.003, 7747
0.003, 7746
0.003, 7745
0.003, 7744
0.003, 7743
0.003, 7742
0.003, 7741
0.003, 7740
0.003, 7739
0.003, 7738
0.003, 7737
0.003, 7736
0.003, 7735
0.003, 7734
0.003, 7733
0.003, 7732
0.003, 7731
0.003, 7730
0.003, 7729
0.003, 7728
0.003, 7727
0.003, 7726
0.003, 7725
0.003, 7724
0.003, 7723
0.003, 7722
0.003, 7721
0.003, 7720
0.003, 7719
0.003, 7718
0.003, 7717
0.004, 7716
0.004, 7715
0.004, 7714
0.004, 7713
0.004, 7712
0.004, 7711
0.004, 7710
0.004, 7709
0.004, 7708
0.004, 7707
0.004, 7706
0.004, 7705
0.004, 7704
0.004, 7703
0.004, 7702
0.004, 7701
0.004, 7700
0.004, 7699
0.004, 7698
0.004, 7697
0.004, 7696
0.004, 7695
0.004, 7694
0.004, 7693
0.004, 7692
0.004, 7691
0.004, 7690
0.004, 7689
0.004, 7688
0.004, 7687
0.004, 7686
0.004, 7685
0.004, 7684
0.004, 7683
0.004, 7682
0.004, 7681
0.004, 7680
0.004, 7679
0.004, 7678
0.004, 7677
0.004, 7676
0.004, 7675
0.004, 7674
0.004, 7673
0.004, 7672
0.004, 7671
0.004, 7670
0.004, 7669
0.004, 7668
0.004, 7667
0.004, 7666
0.004, 7665
0.004, 7664
0.004, 7663
0.004, 7662
0.004, 7661
0.004, 7660
0.004, 7659
0.004, 7658
0.004, 7657
0.004, 7656
0.004, 7655
0.004, 7654
0.004, 7653
0.004, 7652
0.004, 7651
0.004, 7650
0.004, 7649
0.004, 7648
0.004, 7647
0.004, 7646
0.004, 7645
0.004, 7644
0.004, 7643
0.004, 7642
0.004, 7641
0.004, 7640
0.004, 7639
0.004, 7638
0.004, 7637
0.004, 7636
0.004, 7635
0.004, 7634
0.004, 7633
0.004, 7632
0.004, 7631
0.004, 7630
0.004, 7629
0.004, 7628
0.004, 7627
0.004, 7626
0.004, 7625
0.004, 7624
0.004, 7623
0.004, 7622
0.004, 7621
0.004, 7620
0.004, 7619
0.004, 7618
0.004, 7617
0.004, 7616
0.004, 7615
0.004, 7614
0.004, 7613
0.004, 7612
0.004, 7611
0.004, 7610
0.004, 7609
0.004, 7608
0.004, 7607
0.004, 7606
0.004, 7605
0.004, 7604
0.004, 7603
0.004, 7602
0.004, 7601
0.004, 7600
0.004, 7599
0.004, 7598
0.004, 7597
0.004, 7596
0.004, 7595
0.004, 7594
0.004, 7593
0.004, 7592
0.004, 7591
0.004, 7590
0.004, 7589
0.004, 7588
0.004, 7587
0.004, 7586
0.004, 7585
0.004, 7584
0.004, 7583
0.004, 7582
0.004, 7581
0.004, 7580
0.004, 7579
0.004, 7578
0.004, 7577
0.004, 7576
0.004, 7575
0.004, 7574
0.004, 7573
0.004, 7572
0.004, 7571
0.004, 7570
0.004, 7569
0.004, 7568
0.004, 7567
0.004, 7566
0.004, 7565
0.004, 7564
0.004, 7563
0.004, 7562
0.004, 7561
0.004, 7560
0.004, 7559
0.004, 7558
0.004, 7557
0.004, 7556
0.004, 7555
0.004, 7554
0.004, 7553
0.004, 7552
0.004, 7551
0.004, 7550
0.004, 7549
0.004, 7548
0.004, 7547
0.004, 7546
0.004, 7545
0.004, 7544
0.004, 7543
0.004, 7542
0.004, 7541
0.004, 7540
0.004, 7539
0.004, 7538
0.004, 7537
0.004, 7536
0.004, 7535
0.004, 7534
0.004, 7533
0.004, 7532
0.004, 7531
0.004, 7530
0.004, 7529
0.004, 7528
0.004, 7527
0.004, 7526
0.004, 7525
0.004, 7524
0.004, 7523
0.004, 7522
0.004, 7521
0.004, 7520
0.004, 7519
0.004, 7518
0.004, 7517
0.004, 7516
0.004, 7515
0.004, 7514
0.004, 7513
0.004, 7512
0.004, 7511
0.004, 7510
0.004, 7509
0.004, 7508
0.004, 7507
0.004, 7506
0.004, 7505
0.004, 7504
0.004, 7503
0.004, 7502
0.004, 7501
0.004, 7500
0.004, 7499
0.004, 7498
0.004, 7497
0.004, 7496
0.004, 7495
0.004, 7494
0.004, 7493
0.004, 7492
0.004, 7491
0.004, 7490
0.004, 7489
0.004, 7488
0.004, 7487
0.004, 7486
0.004, 7485
0.004, 7484
0.004, 7483
0.004, 7482
0.004, 7481
0.004, 7480
0.004, 7479
0.004, 7478
0.004, 7477
0.004, 7476
0.004, 7475
0.004, 7474
0.004, 7473
0.004, 7472
0.004, 7471
0.004, 7470
0.004, 7469
0.004, 7468
0.004, 7467
0.004, 7466
0.004, 7465
0.004, 7464
0.004, 7463
0.004, 7462
0.004, 7461
0.004, 7460
0.004, 7459
0.004, 7458
0.004, 7457
0.004, 7456
0.004, 7455
0.004, 7454
0.004, 7453
0.004, 7452
0.004, 7451
0.004, 7450
0.004, 7449
0.004, 7448
0.004, 7447
0.004, 7446
0.004, 7445
0.004, 7444
0.004, 7443
0.004, 7442
0.004, 7441
0.004, 7440
0.004, 7439
0.004, 7438
0.004, 7437
0.004, 7436
0.004, 7435
0.004, 7434
0.004, 7433
0.004, 7432
0.004, 7431
0.004, 7430
0.004, 7429
0.004, 7428
0.004, 7427
0.004, 7426
0.004, 7425
0.004, 7424
0.004, 7423
0.004, 7422
0.004, 7421
0.004, 7420
0.004, 7419
0.004, 7418
0.004, 7417
0.004, 7416
0.004, 7415
0.004, 7414
0.004, 7413
0.004, 7412
0.004, 7411
0.004, 7410
0.004, 7409
0.004, 7408
0.004, 7407
0.004, 7406
0.004, 7405
0.004, 7404
0.004, 7403
0.004, 7402
0.004, 7401
0.004, 7400
0.004, 7399
0.004, 7398
0.004, 7397
0.004, 7396
0.004, 7395
0.004, 7394
0.004, 7393
0.004, 7392
0.004, 7391
0.004, 7390
0.004, 7389
0.004, 7388
0.004, 7387
0.004, 7386
0.004, 7385
0.004, 7384
0.004, 7383
0.004, 7382
0.004, 7381
0.004, 7380
0.004, 7379
0.004, 7378
0.004, 7377
0.004, 7376
0.004, 7375
0.004, 7374
0.004, 7373
0.004, 7372
0.004, 7371
0.004, 7370
0.004, 7369
0.004, 7368
0.004, 7367
0.004, 7366
0.004, 7365
0.004, 7364
0.004, 7363
0.004, 7362
0.004, 7361
0.004, 7360
0.004, 7359
0.004, 7358
0.004, 7357
0.004, 7356
0.004, 7355
0.004, 7354
0.004, 7353
0.004, 7352
0.004, 7351
0.004, 7350
0.004, 7349
0.004, 7348
0.004, 7347
0.004, 7346
0.004, 7345
0.004, 7344
0.004, 7343
0.004, 7342
0.004, 7341
0.004, 7340
0.004, 7339
0.004, 7338
0.004, 7337
0.004, 7336
0.004, 7335
0.004, 7334
0.004, 7333
0.004, 7332
0.004, 7331
0.004, 7330
0.004, 7329
0.004, 7328
0.004, 7327
0.004, 7326
0.004, 7325
0.004, 7324
0.004, 7323
0.004, 7322
0.004, 7321
0.004, 7320
0.004, 7319
0.004, 7318
0.004, 7317
0.004, 7316
0.004, 7315
0.004, 7314
0.004, 7313
0.004, 7312
0.004, 7311
0.004, 7310
0.004, 7309
0.004, 7308
0.004, 7307
0.004, 7306
0.004, 7305
0.004, 7304
0.004, 7303
0.004, 7302
0.004, 7301
0.004, 7300
0.004, 7299
0.004, 7298
0.004, 7297
0.004, 7296
0.004, 7295
0.004, 7294
0.004, 7293
0.004, 7292
0.004, 7291
0.004, 7290
0.004, 7289
0.004, 7288
0.004, 7287
0.004, 7286
0.004, 7285
0.004, 7284
0.004, 7283
0.004, 7282
0.004, 7281
0.004, 7280
0.004, 7279
0.004, 7278
0.004, 7277
0.004, 7276
0.004, 7275
0.004, 7274
0.004, 7273
0.004, 7272
0.004, 7271
0.004, 7270
0.004, 7269
0.004, 7268
0.004, 7267
0.004, 7266
0.004, 7265
0.004, 7264
0.004, 7263
0.004, 7262
0.004, 7261
0.004, 7260
0.004, 7259
0.004, 7258
0.004, 7257
0.004, 7256
0.004, 7255
0.004, 7254
0.004, 7253
0.004, 7252
0.004, 7251
0.004, 7250
0.004, 7249
0.004, 7248
0.004, 7247
0.004, 7246
0.004, 7245
0.004, 7244
0.004, 7243
0.004, 7242
0.004, 7241
0.004, 7240
0.004, 7239
0.004, 7238
0.004, 7237
0.004, 7236
0.004, 7235
0.004, 7234
0.004, 7233
0.004, 7232
0.004, 7231
0.004, 7230
0.004, 7229
0.004, 7228
0.004, 7227
0.004, 7226
0.004, 7225
0.004, 7224
0.004, 7223
0.004, 7222
0.004, 7221
0.004, 7220
0.004, 7219
0.004, 7218
0.004, 7217
0.004, 7216
0.004, 7215
0.004, 7214
0.004, 7213
0.004, 7212
0.004, 7211
0.004, 7210
0.004, 7209
0.004, 7208
0.004, 7207
0.004, 7206
0.004, 7205
0.004, 7204
0.004, 7203
0.004, 7202
0.004, 7201
0.004, 7200
0.004, 7199
0.004, 7198
0.004, 7197
0.004, 7196
0.004, 7195
0.004, 7194
0.004, 7193
0.004, 7192
0.004, 7191
0.004, 7190
0.004, 7189
0.004, 7188
0.004, 7187
0.004, 7186
0.004, 7185
0.004, 7184
0.004, 7183
0.004, 7182
0.004, 7181
0.004, 7180
0.004, 7179
0.004, 7178
0.004, 7177
0.004, 7176
0.004, 7175
0.004, 7174
0.004, 7173
0.004, 7172
0.004, 7171
0.004, 7170
0.004, 7169
0.004, 7168
0.004, 7167
0.004, 7166
0.004, 7165
0.004, 7164
0.004, 7163
0.004, 7162
0.004, 7161
0.004, 7160
0.004, 7159
0.004, 7158
0.004, 7157
0.004, 7156
0.004, 7155
0.004, 7154
0.004, 7153
0.004, 7152
0.004, 7151
0.004, 7150
0.004, 7149
0.004, 7148
0.004, 7147
0.004, 7146
0.004, 7145
0.004, 7144
0.004, 7143
0.004, 7142
0.004, 7141
0.004, 7140
0.004, 7139
0.004, 7138
0.004, 7137
0.004, 7136
0.004, 7135
0.004, 7134
0.004, 7133
0.004, 7132
0.004, 7131
0.004, 7130
0.004, 7129
0.004, 7128
0.004, 7127
0.004, 7126
0.004, 7125
0.004, 7124
0.004, 7123
0.004, 7122
0.004, 7121
0.004, 7120
0.004, 7119
0.004, 7118
0.004, 7117
0.004, 7116
0.004, 7115
0.004, 7114
0.004, 7113
0.004, 7112
0.004, 7111
0.004, 7110
0.004, 7109
0.004, 7108
0.004, 7107
0.004, 7106
0.004, 7105
0.004, 7104
0.004, 7103
0.004, 7102
0.005, 7101
0.005, 7100
0.005, 7099
0.005, 7098
0.005, 7097
0.005, 7096
0.005, 7095
0.005, 7094
0.005, 7093
0.005, 7092
0.005, 7091
0.005, 7090
0.005, 7089
0.005, 7088
0.005, 7087
0.005, 7086
0.005, 7085
0.005, 7084
0.005, 7083
0.005, 7082
0.005, 7081
0.005, 7080
0.005, 7079
0.005, 7078
0.005, 7077
0.005, 7076
0.005, 7075
0.005, 7074
0.005, 7073
0.005, 7072
0.005, 7071
0.005, 7070
0.005, 7069
0.005, 7068
0.005, 7067
0.005, 7066
0.005, 7065
0.005, 7064
0.005, 7063
0.005, 7062
0.005, 7061
0.005, 7060
0.005, 7059
0.005, 7058
0.005, 7057
0.005, 7056
0.005, 7055
0.005, 7054
0.005, 7053
0.005, 7052
0.005, 7051
0.005, 7050
0.005, 7049
0.005, 7048
0.005, 7047
0.005, 7046
0.005, 7045
0.005, 7044
0.005, 7043
0.005, 7042
0.005, 7041
0.005, 7040
0.005, 7039
0.005, 7038
0.005, 7037
0.005, 7036
0.005, 7035
0.005, 7034
0.005, 7033
0.005, 7032
0.005, 7031
0.005, 7030
0.005, 7029
0.005, 7028
0.005, 7027
0.005, 7026
0.005, 7025
0.005, 7024
0.005, 7023
0.005, 7022
0.005, 7021
0.005, 7020
0.005, 7019
0.005, 7018
0.005, 7017
0.005, 7016
0.005, 7015
0.005, 7014
0.005, 7013
0.005, 7012
0.005, 7011
0.005, 7010
0.005, 7009
0.005, 7008
0.005, 7007
0.005, 7006
0.005, 7005
0.005, 7004
0.005, 7003
0.005, 7002
0.005, 7001
0.005, 7000
0.005, 6999
0.005, 6998
0.005, 6997
0.005, 6996
0.005, 6995
0.005, 6994
0.005, 6993
0.005, 6992
0.005, 6991
0.005, 6990
0.005, 6989
0.005, 6988
0.005, 6987
0.005, 6986
0.005, 6985
0.005, 6984
0.005, 6983
0.005, 6982
0.005, 6981
0.005, 6980
0.005, 6979
0.005, 6978
0.005, 6977
0.005, 6976
0.005, 6975
0.005, 6974
0.005, 6973
0.005, 6972
0.005, 6971
0.005, 6970
0.005, 6969
0.005, 6968
0.005, 6967
0.005, 6966
0.005, 6965
0.005, 6964
0.005, 6963
0.005, 6962
0.005, 6961
0.005, 6960
0.005, 6959
0.005, 6958
0.005, 6957
0.005, 6956
0.005, 6955
0.005, 6954
0.005, 6953
0.005, 6952
0.005, 6951
0.005, 6950
0.005, 6949
0.005, 6948
0.005, 6947
0.005, 6946
0.005, 6945
0.005, 6944
0.005, 6943
0.005, 6942
0.005, 6941
0.005, 6940
0.005, 6939
0.005, 6938
0.005, 6937
0.005, 6936
0.005, 6935
0.005, 6934
0.005, 6933
0.005, 6932
0.005, 6931
0.005, 6930
0.005, 6929
0.005, 6928
0.005, 6927
0.005, 6926
0.005, 6925
0.005, 6924
0.005, 6923
0.005, 6922
0.005, 6921
0.005, 6920
0.005, 6919
0.005, 6918
0.005, 6917
0.005, 6916
0.005, 6915
0.005, 6914
0.005, 6913
0.005, 6912
0.005, 6911
0.005, 6910
0.005, 6909
0.005, 6908
0.005, 6907
0.005, 6906
0.005, 6905
0.005, 6904
0.005, 6903
0.005, 6902
0.005, 6901
0.005, 6900
0.005, 6899
0.005, 6898
0.005, 6897
0.005, 6896
0.005, 6895
0.005, 6894
0.005, 6893
0.005, 6892
0.005, 6891
0.005, 6890
0.005, 6889
0.005, 6888
0.005, 6887
0.005, 6886
0.005, 6885
0.005, 6884
0.005, 6883
0.005, 6882
0.005, 6881
0.005, 6880
0.005, 6879
0.005, 6878
0.005, 6877
0.005, 6876
0.005, 6875
0.005, 6874
0.005, 6873
0.005, 6872
0.005, 6871
0.005, 6870
0.005, 6869
0.005, 6868
0.005, 6867
0.005, 6866
0.005, 6865
0.005, 6864
0.005, 6863
0.005, 6862
0.005, 6861
0.005, 6860
0.005, 6859
0.005, 6858
0.005, 6857
0.005, 6856
0.005, 6855
0.005, 6854
0.005, 6853
0.005, 6852
0.005, 6851
0.005, 6850
0.005, 6849
0.005, 6848
0.005, 6847
0.005, 6846
0.005, 6845
0.005, 6844
0.005, 6843
0.005, 6842
0.005, 6841
0.005, 6840
0.005, 6839
0.005, 6838
0.005, 6837
0.005, 6836
0.005, 6835
0.005, 6834
0.005, 6833
0.005, 6832
0.005, 6831
0.005, 6830
0.005, 6829
0.005, 6828
0.005, 6827
0.005, 6826
0.005, 6825
0.005, 6824
0.005, 6823
0.005, 6822
0.005, 6821
0.005, 6820
0.005, 6819
0.005, 6818
0.005, 6817
0.005, 6816
0.005, 6815
0.005, 6814
0.005, 6813
0.005, 6812
0.005, 6811
0.005, 6810
0.005, 6809
0.005, 6808
0.005, 6807
0.005, 6806
0.005, 6805
0.005, 6804
0.005, 6803
0.005, 6802
0.005, 6801
0.005, 6800
0.005, 6799
0.005, 6798
0.005, 6797
0.005, 6796
0.005, 6795
0.005, 6794
0.005, 6793
0.005, 6792
0.005, 6791
0.005, 6790
0.005, 6789
0.005, 6788
0.005, 6787
0.005, 6786
0.005, 6785
0.005, 6784
0.005, 6783
0.005, 6782
0.005, 6781
0.005, 6780
0.005, 6779
0.005, 6778
0.005, 6777
0.005, 6776
0.005, 6775
0.005, 6774
0.005, 6773
0.005, 6772
0.005, 6771
0.005, 6770
0.005, 6769
0.005, 6768
0.005, 6767
0.005, 6766
0.005, 6765
0.005, 6764
0.005, 6763
0.005, 6762
0.005, 6761
0.005, 6760
0.005, 6759
0.005, 6758
0.005, 6757
0.005, 6756
0.005, 6755
0.005, 6754
0.005, 6753
0.005, 6752
0.005, 6751
0.005, 6750
0.005, 6749
0.005, 6748
0.005, 6747
0.005, 6746
0.005, 6745
0.005, 6744
0.005, 6743
0.005, 6742
0.005, 6741
0.005, 6740
0.005, 6739
0.005, 6738
0.005, 6737
0.005, 6736
0.005, 6735
0.005, 6734
0.005, 6733
0.005, 6732
0.005, 6731
0.005, 6730
0.005, 6729
0.005, 6728
0.005, 6727
0.005, 6726
0.005, 6725
0.005, 6724
0.005, 6723
0.005, 6722
0.005, 6721
0.005, 6720
0.005, 6719
0.005, 6718
0.005, 6717
0.005, 6716
0.005, 6715
0.005, 6714
0.005, 6713
0.005, 6712
0.005, 6711
0.005, 6710
0.005, 6709
0.005, 6708
0.005, 6707
0.005, 6706
0.005, 6705
0.005, 6704
0.005, 6703
0.005, 6702
0.005, 6701
0.005, 6700
0.005, 6699
0.005, 6698
0.005, 6697
0.005, 6696
0.005, 6695
0.005, 6694
0.005, 6693
0.005, 6692
0.005, 6691
0.005, 6690
0.005, 6689
0.005, 6688
0.005, 6687
0.005, 6686
0.005, 6685
0.005, 6684
0.005, 6683
0.005, 6682
0.005, 6681
0.005, 6680
0.005, 6679
0.005, 6678
0.005, 6677
0.005, 6676
0.005, 6675
0.005, 6674
0.005, 6673
0.005, 6672
0.005, 6671
0.005, 6670
0.005, 6669
0.005, 6668
0.005, 6667
0.005, 6666
0.005, 6665
0.005, 6664
0.005, 6663
0.005, 6662
0.005, 6661
0.005, 6660
0.005, 6659
0.005, 6658
0.005, 6657
0.005, 6656
0.005, 6655
0.005, 6654
0.005, 6653
0.005, 6652
0.005, 6651
0.005, 6650
0.005, 6649
0.005, 6648
0.005, 6647
0.005, 6646
0.005, 6645
0.005, 6644
0.005, 6643
0.005, 6642
0.005, 6641
0.005, 6640
0.005, 6639
0.005, 6638
0.005, 6637
0.005, 6636
0.005, 6635
0.005, 6634
0.005, 6633
0.005, 6632
0.005, 6631
0.005, 6630
0.005, 6629
0.005, 6628
0.005, 6627
0.005, 6626
0.005, 6625
0.005, 6624
0.005, 6623
0.005, 6622
0.005, 6621
0.005, 6620
0.005, 6619
0.005, 6618
0.005, 6617
0.005, 6616
0.005, 6615
0.005, 6614
0.005, 6613
0.005, 6612
0.005, 6611
0.005, 6610
0.005, 6609
0.005, 6608
0.005, 6607
0.005, 6606
0.005, 6605
0.005, 6604
0.005, 6603
0.005, 6602
0.005, 6601
0.005, 6600
0.005, 6599
0.005, 6598
0.005, 6597
0.005, 6596
0.005, 6595
0.005, 6594
0.005, 6593
0.005, 6592
0.005, 6591
0.005, 6590
0.005, 6589
0.005, 6588
0.005, 6587
0.005, 6586
0.005, 6585
0.005, 6584
0.005, 6583
0.005, 6582
0.005, 6581
0.006, 6580
0.006, 6579
0.006, 6578
0.006, 6577
0.006, 6576
0.006, 6575
0.006, 6574
0.006, 6573
0.006, 6572
0.006, 6571
0.006, 6570
0.006, 6569
0.006, 6568
0.006, 6567
0.006, 6566
0.006, 6565
0.006, 6564
0.006, 6563
0.006, 6562
0.006, 6561
0.006, 6560
0.006, 6559
0.006, 6558
0.006, 6557
0.006, 6556
0.006, 6555
0.006, 6554
0.006, 6553
0.006, 6552
0.006, 6551
0.006, 6550
0.006, 6549
0.006, 6548
0.006, 6547
0.006, 6546
0.006, 6545
0.006, 6544
0.006, 6543
0.006, 6542
0.006, 6541
0.006, 6540
0.006, 6539
0.006, 6538
0.006, 6537
0.006, 6536
0.006, 6535
0.006, 6534
0.006, 6533
0.006, 6532
0.006, 6531
0.006, 6530
0.006, 6529
0.006, 6528
0.006, 6527
0.006, 6526
0.006, 6525
0.006, 6524
0.006, 6523
0.006, 6522
0.006, 6521
0.006, 6520
0.006, 6519
0.006, 6518
0.006, 6517
0.006, 6516
0.006, 6515
0.006, 6514
0.006, 6513
0.006, 6512
0.006, 6511
0.006, 6510
0.006, 6509
0.006, 6508
0.006, 6507
0.006, 6506
0.006, 6505
0.006, 6504
0.006, 6503
0.006, 6502
0.006, 6501
0.006, 6500
0.006, 6499
0.006, 6498
0.006, 6497
0.006, 6496
0.006, 6495
0.006, 6494
0.006, 6493
0.006, 6492
0.006, 6491
0.006, 6490
0.006, 6489
0.006, 6488
0.006, 6487
0.006, 6486
0.006, 6485
0.006, 6484
0.006, 6483
0.006, 6482
0.006, 6481
0.006, 6480
0.006, 6479
0.006, 6478
0.006, 6477
0.006, 6476
0.006, 6475
0.006, 6474
0.006, 6473
0.006, 6472
0.006, 6471
0.006, 6470
0.006, 6469
0.006, 6468
0.006, 6467
0.006, 6466
0.006, 6465
0.006, 6464
0.006, 6463
0.006, 6462
0.006, 6461
0.006, 6460
0.006, 6459
0.006, 6458
0.006, 6457
0.006, 6456
0.006, 6455
0.006, 6454
0.006, 6453
0.006, 6452
0.006, 6451
0.006, 6450
0.006, 6449
0.006, 6448
0.006, 6447
0.006, 6446
0.006, 6445
0.006, 6444
0.006, 6443
0.006, 6442
0.006, 6441
0.006, 6440
0.006, 6439
0.006, 6438
0.006, 6437
0.006, 6436
0.006, 6435
0.006, 6434
0.006, 6433
0.006, 6432
0.006, 6431
0.006, 6430
0.006, 6429
0.006, 6428
0.006, 6427
0.006, 6426
0.006, 6425
0.006, 6424
0.006, 6423
0.006, 6422
0.006, 6421
0.006, 6420
0.006, 6419
0.006, 6418
0.006, 6417
0.006, 6416
0.006, 6415
0.006, 6414
0.006, 6413
0.006, 6412
0.006, 6411
0.006, 6410
0.006, 6409
0.006, 6408
0.006, 6407
0.006, 6406
0.006, 6405
0.006, 6404
0.006, 6403
0.006, 6402
0.006, 6401
0.006, 6400
0.006, 6399
0.006, 6398
0.006, 6397
0.006, 6396
0.006, 6395
0.006, 6394
0.006, 6393
0.006, 6392
0.006, 6391
0.006, 6390
0.006, 6389
0.006, 6388
0.006, 6387
0.006, 6386
0.006, 6385
0.006, 6384
0.006, 6383
0.006, 6382
0.006, 6381
0.006, 6380
0.006, 6379
0.006, 6378
0.006, 6377
0.006, 6376
0.006, 6375
0.006, 6374
0.006, 6373
0.006, 6372
0.006, 6371
0.006, 6370
0.006, 6369
0.006, 6368
0.006, 6367
0.006, 6366
0.006, 6365
0.006, 6364
0.006, 6363
0.006, 6362
0.006, 6361
0.006, 6360
0.006, 6359
0.006, 6358
0.006, 6357
0.006, 6356
0.006, 6355
0.006, 6354
0.006, 6353
0.006, 6352
0.006, 6351
0.006, 6350
0.006, 6349
0.006, 6348
0.006, 6347
0.006, 6346
0.006, 6345
0.006, 6344
0.006, 6343
0.006, 6342
0.006, 6341
0.006, 6340
0.006, 6339
0.006, 6338
0.006, 6337
0.006, 6336
0.006, 6335
0.006, 6334
0.006, 6333
0.006, 6332
0.006, 6331
0.006, 6330
0.006, 6329
0.006, 6328
0.006, 6327
0.006, 6326
0.006, 6325
0.006, 6324
0.006, 6323
0.006, 6322
0.006, 6321
0.006, 6320
0.006, 6319
0.006, 6318
0.006, 6317
0.006, 6316
0.006, 6315
0.006, 6314
0.006, 6313
0.006, 6312
0.006, 6311
0.006, 6310
0.006, 6309
0.006, 6308
0.006, 6307
0.006, 6306
0.006, 6305
0.006, 6304
0.006, 6303
0.006, 6302
0.006, 6301
0.006, 6300
0.006, 6299
0.006, 6298
0.006, 6297
0.006, 6296
0.006, 6295
0.006, 6294
0.006, 6293
0.006, 6292
0.006, 6291
0.006, 6290
0.006, 6289
0.006, 6288
0.006, 6287
0.006, 6286
0.006, 6285
0.006, 6284
0.006, 6283
0.006, 6282
0.006, 6281
0.006, 6280
0.006, 6279
0.006, 6278
0.006, 6277
0.006, 6276
0.006, 6275
0.006, 6274
0.006, 6273
0.006, 6272
0.006, 6271
0.006, 6270
0.006, 6269
0.006, 6268
0.006, 6267
0.006, 6266
0.006, 6265
0.006, 6264
0.006, 6263
0.006, 6262
0.006, 6261
0.006, 6260
0.006, 6259
0.006, 6258
0.006, 6257
0.006, 6256
0.006, 6255
0.006, 6254
0.006, 6253
0.006, 6252
0.006, 6251
0.006, 6250
0.006, 6249
0.006, 6248
0.006, 6247
0.006, 6246
0.006, 6245
0.006, 6244
0.006, 6243
0.006, 6242
0.006, 6241
0.006, 6240
0.006, 6239
0.006, 6238
0.006, 6237
0.006, 6236
0.006, 6235
0.006, 6234
0.006, 6233
0.006, 6232
0.006, 6231
0.006, 6230
0.006, 6229
0.006, 6228
0.006, 6227
0.006, 6226
0.006, 6225
0.006, 6224
0.006, 6223
0.006, 6222
0.006, 6221
0.006, 6220
0.006, 6219
0.006, 6218
0.006, 6217
0.006, 6216
0.006, 6215
0.006, 6214
0.006, 6213
0.006, 6212
0.006, 6211
0.006, 6210
0.006, 6209
0.006, 6208
0.006, 6207
0.006, 6206
0.006, 6205
0.006, 6204
0.006, 6203
0.006, 6202
0.006, 6201
0.006, 6200
0.006, 6199
0.006, 6198
0.006, 6197
0.006, 6196
0.006, 6195
0.006, 6194
0.006, 6193
0.006, 6192
0.006, 6191
0.006, 6190
0.006, 6189
0.006, 6188
0.006, 6187
0.006, 6186
0.006, 6185
0.006, 6184
0.006, 6183
0.006, 6182
0.006, 6181
0.006, 6180
0.006, 6179
0.006, 6178
0.006, 6177
0.006, 6176
0.006, 6175
0.006, 6174
0.006, 6173
0.006, 6172
0.006, 6171
0.006, 6170
0.006, 6169
0.006, 6168
0.006, 6167
0.006, 6166
0.006, 6165
0.006, 6164
0.006, 6163
0.006, 6162
0.006, 6161
0.006, 6160
0.006, 6159
0.006, 6158
0.006, 6157
0.006, 6156
0.006, 6155
0.006, 6154
0.006, 6153
0.006, 6152
0.006, 6151
0.006, 6150
0.006, 6149
0.006, 6148
0.006, 6147
0.006, 6146
0.006, 6145
0.006, 6144
0.006, 6143
0.006, 6142
0.006, 6141
0.006, 6140
0.006, 6139
0.006, 6138
0.006, 6137
0.006, 6136
0.006, 6135
0.006, 6134
0.006, 6133
0.006, 6132
0.006, 6131
0.006, 6130
0.006, 6129
0.006, 6128
0.006, 6127
0.006, 6126
0.006, 6125
0.006, 6124
0.006, 6123
0.006, 6122
0.006, 6121
0.006, 6120
0.006, 6119
0.006, 6118
0.006, 6117
0.006, 6116
0.006, 6115
0.006, 6114
0.006, 6113
0.006, 6112
0.006, 6111
0.006, 6110
0.006, 6109
0.006, 6108
0.006, 6107
0.006, 6106
0.006, 6105
0.006, 6104
0.006, 6103
0.006, 6102
0.006, 6101
0.006, 6100
0.006, 6099
0.006, 6098
0.006, 6097
0.006, 6096
0.006, 6095
0.006, 6094
0.006, 6093
0.006, 6092
0.006, 6091
0.006, 6090
0.006, 6089
0.006, 6088
0.006, 6087
0.006, 6086
0.006, 6085
0.006, 6084
0.006, 6083
0.006, 6082
0.006, 6081
0.006, 6080
0.006, 6079
0.006, 6078
0.006, 6077
0.006, 6076
0.006, 6075
0.006, 6074
0.006, 6073
0.006, 6072
0.006, 6071
0.006, 6070
0.006, 6069
0.006, 6068
0.006, 6067
0.006, 6066
0.006, 6065
0.006, 6064
0.006, 6063
0.006, 6062
0.006, 6061
0.006, 6060
0.006, 6059
0.006, 6058
0.006, 6057
0.006, 6056
0.006, 6055
0.006, 6054
0.006, 6053
0.006, 6052
0.006, 6051
0.006, 6050
0.006, 6049
0.006, 6048
0.006, 6047
0.007, 6046
0.007, 6045
0.007, 6044
0.007, 6043
0.007, 6042
0.007, 6041
0.007, 6040
0.007, 6039
0.007, 6038
0.007, 6037
0.007, 6036
0.007, 6035
0.007, 6034
0.007, 6033
0.007, 6032
0.007, 6031
0.007, 6030
0.007, 6029
0.007, 6028
0.007, 6027
0.007, 6026
0.007, 6025
0.007, 6024
0.007, 6023
0.007, 6022
0.007, 6021
0.007, 6020
0.007, 6019
0.007, 6018
0.007, 6017
0.007, 6016
0.007, 6015
0.007, 6014
0.007, 6013
0.007, 6012
0.007, 6011
0.007, 6010
0.007, 6009
0.007, 6008
0.007, 6007
0.007, 6006
0.007, 6005
0.007, 6004
0.007, 6003
0.007, 6002
0.007, 6001
0.007, 6000
0.007, 5999
0.007, 5998
0.007, 5997
0.007, 5996
0.007, 5995
0.007, 5994
0.007, 5993
0.007, 5992
0.007, 5991
0.007, 5990
0.007, 5989
0.007, 5988
0.007, 5987
0.007, 5986
0.007, 5985
0.007, 5984
0.007, 5983
0.007, 5982
0.007, 5981
0.007, 5980
0.007, 5979
0.007, 5978
0.007, 5977
0.007, 5976
0.007, 5975
0.007, 5974
0.007, 5973
0.007, 5972
0.007, 5971
0.007, 5970
0.007, 5969
0.007, 5968
0.007, 5967
0.007, 5966
0.007, 5965
0.007, 5964
0.007, 5963
0.007, 5962
0.007, 5961
0.007, 5960
0.007, 5959
0.007, 5958
0.007, 5957
0.007, 5956
0.007, 5955
0.007, 5954
0.007, 5953
0.007, 5952
0.007, 5951
0.007, 5950
0.007, 5949
0.007, 5948
0.007, 5947
0.007, 5946
0.007, 5945
0.007, 5944
0.007, 5943
0.007, 5942
0.007, 5941
0.007, 5940
0.007, 5939
0.007, 5938
0.007, 5937
0.007, 5936
0.007, 5935
0.007, 5934
0.007, 5933
0.007, 5932
0.007, 5931
0.007, 5930
0.007, 5929
0.007, 5928
0.007, 5927
0.007, 5926
0.007, 5925
0.007, 5924
0.007, 5923
0.007, 5922
0.007, 5921
0.007, 5920
0.007, 5919
0.007, 5918
0.007, 5917
0.007, 5916
0.007, 5915
0.007, 5914
0.007, 5913
0.007, 5912
0.007, 5911
0.007, 5910
0.007, 5909
0.007, 5908
0.007, 5907
0.007, 5906
0.007, 5905
0.007, 5904
0.007, 5903
0.007, 5902
0.007, 5901
0.007, 5900
0.007, 5899
0.007, 5898
0.007, 5897
0.007, 5896
0.007, 5895
0.007, 5894
0.007, 5893
0.007, 5892
0.007, 5891
0.007, 5890
0.007, 5889
0.007, 5888
0.007, 5887
0.007, 5886
0.007, 5885
0.007, 5884
0.007, 5883
0.007, 5882
0.007, 5881
0.007, 5880
0.007, 5879
0.007, 5878
0.007, 5877
0.007, 5876
0.007, 5875
0.007, 5874
0.007, 5873
0.007, 5872
0.007, 5871
0.007, 5870
0.007, 5869
0.007, 5868
0.007, 5867
0.007, 5866
0.007, 5865
0.007, 5864
0.007, 5863
0.007, 5862
0.007, 5861
0.007, 5860
0.007, 5859
0.007, 5858
0.007, 5857
0.007, 5856
0.007, 5855
0.007, 5854
0.007, 5853
0.007, 5852
0.007, 5851
0.007, 5850
0.007, 5849
0.007, 5848
0.007, 5847
0.007, 5846
0.007, 5845
0.007, 5844
0.007, 5843
0.007, 5842
0.007, 5841
0.007, 5840
0.007, 5839
0.007, 5838
0.007, 5837
0.007, 5836
0.007, 5835
0.007, 5834
0.007, 5833
0.007, 5832
0.007, 5831
0.007, 5830
0.007, 5829
0.007, 5828
0.007, 5827
0.007, 5826
0.007, 5825
0.007, 5824
0.007, 5823
0.007, 5822
0.007, 5821
0.007, 5820
0.007, 5819
0.007, 5818
0.007, 5817
0.007, 5816
0.007, 5815
0.007, 5814
0.007, 5813
0.007, 5812
0.007, 5811
0.007, 5810
0.007, 5809
0.007, 5808
0.007, 5807
0.007, 5806
0.007, 5805
0.007, 5804
0.007, 5803
0.007, 5802
0.007, 5801
0.007, 5800
0.007, 5799
0.007, 5798
0.007, 5797
0.007, 5796
0.007, 5795
0.007, 5794
0.007, 5793
0.007, 5792
0.007, 5791
0.007, 5790
0.007, 5789
0.007, 5788
0.007, 5787
0.007, 5786
0.007, 5785
0.007, 5784
0.007, 5783
0.007, 5782
0.007, 5781
0.007, 5780
0.007, 5779
0.007, 5778
0.007, 5777
0.007, 5776
0.007, 5775
0.007, 5774
0.007, 5773
0.007, 5772
0.007, 5771
0.007, 5770
0.007, 5769
0.007, 5768
0.007, 5767
0.007, 5766
0.007, 5765
0.007, 5764
0.007, 5763
0.007, 5762
0.007, 5761
0.007, 5760
0.007, 5759
0.007, 5758
0.007, 5757
0.007, 5756
0.007, 5755
0.007, 5754
0.007, 5753
0.007, 5752
0.007, 5751
0.007, 5750
0.007, 5749
0.007, 5748
0.007, 5747
0.007, 5746
0.007, 5745
0.007, 5744
0.007, 5743
0.007, 5742
0.007, 5741
0.007, 5740
0.007, 5739
0.007, 5738
0.007, 5737
0.007, 5736
0.007, 5735
0.007, 5734
0.007, 5733
0.007, 5732
0.007, 5731
0.007, 5730
0.007, 5729
0.007, 5728
0.007, 5727
0.007, 5726
0.007, 5725
0.007, 5724
0.007, 5723
0.007, 5722
0.007, 5721
0.007, 5720
0.007, 5719
0.007, 5718
0.007, 5717
0.007, 5716
0.007, 5715
0.007, 5714
0.007, 5713
0.007, 5712
0.007, 5711
0.007, 5710
0.007, 5709
0.007, 5708
0.007, 5707
0.007, 5706
0.007, 5705
0.007, 5704
0.007, 5703
0.007, 5702
0.007, 5701
0.007, 5700
0.007, 5699
0.007, 5698
0.007, 5697
0.007, 5696
0.007, 5695
0.007, 5694
0.007, 5693
0.007, 5692
0.007, 5691
0.007, 5690
0.007, 5689
0.007, 5688
0.007, 5687
0.007, 5686
0.007, 5685
0.007, 5684
0.007, 5683
0.007, 5682
0.007, 5681
0.007, 5680
0.007, 5679
0.007, 5678
0.007, 5677
0.007, 5676
0.007, 5675
0.007, 5674
0.007, 5673
0.007, 5672
0.007, 5671
0.007, 5670
0.007, 5669
0.007, 5668
0.007, 5667
0.007, 5666
0.007, 5665
0.007, 5664
0.007, 5663
0.007, 5662
0.007, 5661
0.007, 5660
0.007, 5659
0.007, 5658
0.007, 5657
0.007, 5656
0.007, 5655
0.007, 5654
0.007, 5653
0.007, 5652
0.007, 5651
0.007, 5650
0.007, 5649
0.007, 5648
0.007, 5647
0.007, 5646
0.007, 5645
0.007, 5644
0.007, 5643
0.007, 5642
0.007, 5641
0.007, 5640
0.007, 5639
0.007, 5638
0.007, 5637
0.007, 5636
0.007, 5635
0.007, 5634
0.007, 5633
0.007, 5632
0.007, 5631
0.007, 5630
0.007, 5629
0.007, 5628
0.007, 5627
0.007, 5626
0.007, 5625
0.007, 5624
0.007, 5623
0.007, 5622
0.007, 5621
0.007, 5620
0.007, 5619
0.007, 5618
0.007, 5617
0.007, 5616
0.007, 5615
0.007, 5614
0.007, 5613
0.007, 5612
0.007, 5611
0.007, 5610
0.007, 5609
0.007, 5608
0.007, 5607
0.007, 5606
0.007, 5605
0.007, 5604
0.007, 5603
0.007, 5602
0.007, 5601
0.007, 5600
0.007, 5599
0.007, 5598
0.007, 5597
0.007, 5596
0.007, 5595
0.007, 5594
0.007, 5593
0.007, 5592
0.007, 5591
0.007, 5590
0.007, 5589
0.007, 5588
0.007, 5587
0.007, 5586
0.007, 5585
0.007, 5584
0.007, 5583
0.007, 5582
0.007, 5581
0.007, 5580
0.007, 5579
0.007, 5578
0.007, 5577
0.007, 5576
0.007, 5575
0.007, 5574
0.007, 5573
0.007, 5572
0.007, 5571
0.007, 5570
0.007, 5569
0.007, 5568
0.007, 5567
0.007, 5566
0.007, 5565
0.007, 5564
0.007, 5563
0.007, 5562
0.007, 5561
0.007, 5560
0.007, 5559
0.008, 5558
0.008, 5557
0.008, 5556
0.008, 5555
0.008, 5554
0.008, 5553
0.008, 5552
0.008, 5551
0.008, 5550
0.008, 5549
0.008, 5548
0.008, 5547
0.008, 5546
0.008, 5545
0.008, 5544
0.008, 5543
0.008, 5542
0.008, 5541
0.008, 5540
0.008, 5539
0.008, 5538
0.008, 5537
0.008, 5536
0.008, 5535
0.008, 5534
0.008, 5533
0.008, 5532
0.008, 5531
0.008, 5530
0.008, 5529
0.008, 5528
0.008, 5527
0.008, 5526
0.008, 5525
0.008, 5524
0.008, 5523
0.008, 5522
0.008, 5521
0.008, 5520
0.008, 5519
0.008, 5518
0.008, 5517
0.008, 5516
0.008, 5515
0.008, 5514
0.008, 5513
0.008, 5512
0.008, 5511
0.008, 5510
0.008, 5509
0.008, 5508
0.008, 5507
0.008, 5506
0.008, 5505
0.008, 5504
0.008, 5503
0.008, 5502
0.008, 5501
0.008, 5500
0.008, 5499
0.008, 5498
0.008, 5497
0.008, 5496
0.008, 5495
0.008, 5494
0.008, 5493
0.008, 5492
0.008, 5491
0.008, 5490
0.008, 5489
0.008, 5488
0.008, 5487
0.008, 5486
0.008, 5485
0.008, 5484
0.008, 5483
0.008, 5482
0.008, 5481
0.008, 5480
0.008, 5479
0.008, 5478
0.008, 5477
0.008, 5476
0.008, 5475
0.008, 5474
0.008, 5473
0.008, 5472
0.008, 5471
0.008, 5470
0.008, 5469
0.008, 5468
0.008, 5467
0.008, 5466
0.008, 5465
0.008, 5464
0.008, 5463
0.008, 5462
0.008, 5461
0.008, 5460
0.008, 5459
0.008, 5458
0.008, 5457
0.008, 5456
0.008, 5455
0.008, 5454
0.008, 5453
0.008, 5452
0.008, 5451
0.008, 5450
0.008, 5449
0.008, 5448
0.008, 5447
0.008, 5446
0.008, 5445
0.008, 5444
0.008, 5443
0.008, 5442
0.008, 5441
0.008, 5440
0.008, 5439
0.008, 5438
0.008, 5437
0.008, 5436
0.008, 5435
0.008, 5434
0.008, 5433
0.008, 5432
0.008, 5431
0.008, 5430
0.008, 5429
0.008, 5428
0.008, 5427
0.008, 5426
0.008, 5425
0.008, 5424
0.008, 5423
0.008, 5422
0.008, 5421
0.008, 5420
0.008, 5419
0.008, 5418
0.008, 5417
0.008, 5416
0.008, 5415
0.008, 5414
0.008, 5413
0.008, 5412
0.008, 5411
0.008, 5410
0.008, 5409
0.008, 5408
0.008, 5407
0.008, 5406
0.008, 5405
0.008, 5404
0.008, 5403
0.008, 5402
0.008, 5401
0.008, 5400
0.008, 5399
0.008, 5398
0.008, 5397
0.008, 5396
0.008, 5395
0.008, 5394
0.008, 5393
0.008, 5392
0.008, 5391
0.008, 5390
0.008, 5389
0.008, 5388
0.008, 5387
0.008, 5386
0.008, 5385
0.008, 5384
0.008, 5383
0.008, 5382
0.008, 5381
0.008, 5380
0.008, 5379
0.008, 5378
0.008, 5377
0.008, 5376
0.008, 5375
0.008, 5374
0.008, 5373
0.008, 5372
0.008, 5371
0.008, 5370
0.008, 5369
0.008, 5368
0.008, 5367
0.008, 5366
0.008, 5365
0.008, 5364
0.008, 5363
0.008, 5362
0.008, 5361
0.008, 5360
0.008, 5359
0.008, 5358
0.008, 5357
0.008, 5356
0.008, 5355
0.008, 5354
0.008, 5353
0.008, 5352
0.008, 5351
0.008, 5350
0.008, 5349
0.008, 5348
0.008, 5347
0.008, 5346
0.008, 5345
0.008, 5344
0.008, 5343
0.008, 5342
0.008, 5341
0.008, 5340
0.008, 5339
0.008, 5338
0.008, 5337
0.008, 5336
0.008, 5335
0.008, 5334
0.008, 5333
0.008, 5332
0.008, 5331
0.008, 5330
0.008, 5329
0.008, 5328
0.008, 5327
0.008, 5326
0.008, 5325
0.008, 5324
0.008, 5323
0.008, 5322
0.008, 5321
0.008, 5320
0.008, 5319
0.008, 5318
0.008, 5317
0.008, 5316
0.008, 5315
0.008, 5314
0.008, 5313
0.008, 5312
0.008, 5311
0.008, 5310
0.008, 5309
0.008, 5308
0.008, 5307
0.008, 5306
0.008, 5305
0.008, 5304
0.008, 5303
0.008, 5302
0.008, 5301
0.008, 5300
0.008, 5299
0.008, 5298
0.008, 5297
0.008, 5296
0.008, 5295
0.008, 5294
0.008, 5293
0.008, 5292
0.008, 5291
0.008, 5290
0.008, 5289
0.008, 5288
0.008, 5287
0.008, 5286
0.008, 5285
0.008, 5284
0.008, 5283
0.008, 5282
0.008, 5281
0.008, 5280
0.008, 5279
0.008, 5278
0.008, 5277
0.008, 5276
0.008, 5275
0.008, 5274
0.008, 5273
0.008, 5272
0.008, 5271
0.008, 5270
0.008, 5269
0.008, 5268
0.008, 5267
0.008, 5266
0.008, 5265
0.008, 5264
0.008, 5263
0.008, 5262
0.008, 5261
0.008, 5260
0.008, 5259
0.008, 5258
0.008, 5257
0.008, 5256
0.008, 5255
0.008, 5254
0.008, 5253
0.008, 5252
0.008, 5251
0.008, 5250
0.008, 5249
0.008, 5248
0.008, 5247
0.008, 5246
0.008, 5245
0.008, 5244
0.008, 5243
0.008, 5242
0.008, 5241
0.008, 5240
0.008, 5239
0.008, 5238
0.008, 5237
0.008, 5236
0.008, 5235
0.008, 5234
0.008, 5233
0.008, 5232
0.008, 5231
0.008, 5230
0.008, 5229
0.008, 5228
0.008, 5227
0.008, 5226
0.008, 5225
0.008, 5224
0.008, 5223
0.008, 5222
0.008, 5221
0.008, 5220
0.008, 5219
0.008, 5218
0.008, 5217
0.008, 5216
0.008, 5215
0.008, 5214
0.008, 5213
0.008, 5212
0.008, 5211
0.008, 5210
0.008, 5209
0.008, 5208
0.008, 5207
0.008, 5206
0.008, 5205
0.008, 5204
0.008, 5203
0.008, 5202
0.008, 5201
0.008, 5200
0.008, 5199
0.008, 5198
0.008, 5197
0.008, 5196
0.008, 5195
0.008, 5194
0.008, 5193
0.008, 5192
0.008, 5191
0.008, 5190
0.008, 5189
0.008, 5188
0.008, 5187
0.008, 5186
0.008, 5185
0.008, 5184
0.008, 5183
0.008, 5182
0.008, 5181
0.008, 5180
0.008, 5179
0.008, 5178
0.008, 5177
0.008, 5176
0.008, 5175
0.008, 5174
0.008, 5173
0.008, 5172
0.008, 5171
0.008, 5170
0.008, 5169
0.008, 5168
0.008, 5167
0.008, 5166
0.008, 5165
0.008, 5164
0.008, 5163
0.008, 5162
0.008, 5161
0.008, 5160
0.008, 5159
0.008, 5158
0.008, 5157
0.008, 5156
0.008, 5155
0.008, 5154
0.008, 5153
0.008, 5152
0.008, 5151
0.008, 5150
0.008, 5149
0.008, 5148
0.008, 5147
0.008, 5146
0.008, 5145
0.008, 5144
0.008, 5143
0.008, 5142
0.008, 5141
0.008, 5140
0.008, 5139
0.008, 5138
0.008, 5137
0.008, 5136
0.008, 5135
0.008, 5134
0.008, 5133
0.008, 5132
0.008, 5131
0.008, 5130
0.008, 5129
0.008, 5128
0.008, 5127
0.008, 5126
0.008, 5125
0.008, 5124
0.008, 5123
0.008, 5122
0.008, 5121
0.008, 5120
0.008, 5119
0.008, 5118
0.008, 5117
0.008, 5116
0.008, 5115
0.008, 5114
0.008, 5113
0.008, 5112
0.008, 5111
0.008, 5110
0.008, 5109
0.008, 5108
0.008, 5107
0.008, 5106
0.008, 5105
0.008, 5104
0.008, 5103
0.008, 5102
0.008, 5101
0.008, 5100
0.008, 5099
0.008, 5098
0.008, 5097
0.008, 5096
0.008, 5095
0.008, 5094
0.008, 5093
0.008, 5092
0.008, 5091
0.008, 5090
0.008, 5089
0.008, 5088
0.008, 5087
0.008, 5086
0.008, 5085
0.008, 5084
0.008, 5083
0.008, 5082
0.008, 5081
0.008, 5080
0.008, 5079
0.008, 5078
0.008, 5077
0.008, 5076
0.008, 5075
0.008, 5074
0.008, 5073
0.008, 5072
0.008, 5071
0.008, 5070
0.008, 5069
0.008, 5068
0.008, 5067
0.008, 5066
0.009, 5065
0.009, 5064
0.009, 5063
0.009, 5062
0.009, 5061
0.009, 5060
0.009, 5059
0.009, 5058
0.009, 5057
0.009, 5056
0.009, 5055
0.009, 5054
0.009, 5053
0.009, 5052
0.009, 5051
0.009, 5050
0.009, 5049
0.009, 5048
0.009, 5047
0.009, 5046
0.009, 5045
0.009, 5044
0.009, 5043
0.009, 5042
0.009, 5041
0.009, 5040
0.009, 5039
0.009, 5038
0.009, 5037
0.009, 5036
0.009, 5035
0.009, 5034
0.009, 5033
0.009, 5032
0.009, 5031
0.009, 5030
0.009, 5029
0.009, 5028
0.009, 5027
0.009, 5026
0.009, 5025
0.009, 5024
0.009, 5023
0.009, 5022
0.009, 5021
0.009, 5020
0.009, 5019
0.009, 5018
0.009, 5017
0.009, 5016
0.009, 5015
0.009, 5014
0.009, 5013
0.009, 5012
0.009, 5011
0.009, 5010
0.009, 5009
0.009, 5008
0.009, 5007
0.009, 5006
0.009, 5005
0.009, 5004
0.009, 5003
0.009, 5002
0.009, 5001
0.009, 5000
0.009, 4999
0.009, 4998
0.009, 4997
0.009, 4996
0.009, 4995
0.009, 4994
0.009, 4993
0.009, 4992
0.009, 4991
0.009, 4990
0.009, 4989
0.009, 4988
0.009, 4987
0.009, 4986
0.009, 4985
0.009, 4984
0.009, 4983
0.009, 4982
0.009, 4981
0.009, 4980
0.009, 4979
0.009, 4978
0.009, 4977
0.009, 4976
0.009, 4975
0.009, 4974
0.009, 4973
0.009, 4972
0.009, 4971
0.009, 4970
0.009, 4969
0.009, 4968
0.009, 4967
0.009, 4966
0.009, 4965
0.009, 4964
0.009, 4963
0.009, 4962
0.009, 4961
0.009, 4960
0.009, 4959
0.009, 4958
0.009, 4957
0.009, 4956
0.009, 4955
0.009, 4954
0.009, 4953
0.009, 4952
0.009, 4951
0.009, 4950
0.009, 4949
0.009, 4948
0.009, 4947
0.009, 4946
0.009, 4945
0.009, 4944
0.009, 4943
0.009, 4942
0.009, 4941
0.009, 4940
0.009, 4939
0.009, 4938
0.009, 4937
0.009, 4936
0.009, 4935
0.009, 4934
0.009, 4933
0.009, 4932
0.009, 4931
0.009, 4930
0.009, 4929
0.009, 4928
0.009, 4927
0.009, 4926
0.009, 4925
0.009, 4924
0.009, 4923
0.009, 4922
0.009, 4921
0.009, 4920
0.009, 4919
0.009, 4918
0.009, 4917
0.009, 4916
0.009, 4915
0.009, 4914
0.009, 4913
0.009, 4912
0.009, 4911
0.009, 4910
0.009, 4909
0.009, 4908
0.009, 4907
0.009, 4906
0.009, 4905
0.009, 4904
0.009, 4903
0.009, 4902
0.009, 4901
0.009, 4900
0.009, 4899
0.009, 4898
0.009, 4897
0.009, 4896
0.009, 4895
0.009, 4894
0.009, 4893
0.009, 4892
0.009, 4891
0.009, 4890
0.009, 4889
0.009, 4888
0.009, 4887
0.009, 4886
0.009, 4885
0.009, 4884
0.009, 4883
0.009, 4882
0.009, 4881
0.009, 4880
0.009, 4879
0.009, 4878
0.009, 4877
0.009, 4876
0.009, 4875
0.009, 4874
0.009, 4873
0.009, 4872
0.009, 4871
0.009, 4870
0.009, 4869
0.009, 4868
0.009, 4867
0.009, 4866
0.009, 4865
0.009, 4864
0.009, 4863
0.009, 4862
0.009, 4861
0.009, 4860
0.009, 4859
0.009, 4858
0.009, 4857
0.009, 4856
0.009, 4855
0.009, 4854
0.009, 4853
0.009, 4852
0.009, 4851
0.009, 4850
0.009, 4849
0.009, 4848
0.009, 4847
0.009, 4846
0.009, 4845
0.009, 4844
0.009, 4843
0.009, 4842
0.009, 4841
0.009, 4840
0.009, 4839
0.009, 4838
0.009, 4837
0.009, 4836
0.009, 4835
0.009, 4834
0.009, 4833
0.009, 4832
0.009, 4831
0.009, 4830
0.009, 4829
0.009, 4828
0.009, 4827
0.009, 4826
0.009, 4825
0.009, 4824
0.009, 4823
0.009, 4822
0.009, 4821
0.009, 4820
0.009, 4819
0.009, 4818
0.009, 4817
0.009, 4816
0.009, 4815
0.009, 4814
0.009, 4813
0.009, 4812
0.009, 4811
0.009, 4810
0.009, 4809
0.009, 4808
0.009, 4807
0.009, 4806
0.009, 4805
0.009, 4804
0.009, 4803
0.009, 4802
0.009, 4801
0.009, 4800
0.009, 4799
0.009, 4798
0.009, 4797
0.009, 4796
0.009, 4795
0.009, 4794
0.009, 4793
0.009, 4792
0.009, 4791
0.009, 4790
0.009, 4789
0.009, 4788
0.009, 4787
0.009, 4786
0.009, 4785
0.009, 4784
0.009, 4783
0.009, 4782
0.009, 4781
0.009, 4780
0.009, 4779
0.009, 4778
0.009, 4777
0.009, 4776
0.009, 4775
0.009, 4774
0.009, 4773
0.009, 4772
0.009, 4771
0.009, 4770
0.009, 4769
0.009, 4768
0.009, 4767
0.009, 4766
0.009, 4765
0.009, 4764
0.009, 4763
0.009, 4762
0.009, 4761
0.009, 4760
0.009, 4759
0.009, 4758
0.009, 4757
0.009, 4756
0.009, 4755
0.009, 4754
0.009, 4753
0.009, 4752
0.009, 4751
0.009, 4750
0.009, 4749
0.009, 4748
0.009, 4747
0.009, 4746
0.009, 4745
0.009, 4744
0.009, 4743
0.009, 4742
0.009, 4741
0.009, 4740
0.009, 4739
0.009, 4738
0.009, 4737
0.009, 4736
0.009, 4735
0.009, 4734
0.009, 4733
0.009, 4732
0.009, 4731
0.009, 4730
0.009, 4729
0.009, 4728
0.009, 4727
0.009, 4726
0.009, 4725
0.009, 4724
0.009, 4723
0.009, 4722
0.009, 4721
0.009, 4720
0.009, 4719
0.009, 4718
0.009, 4717
0.009, 4716
0.009, 4715
0.009, 4714
0.009, 4713
0.009, 4712
0.009, 4711
0.009, 4710
0.009, 4709
0.009, 4708
0.009, 4707
0.009, 4706
0.009, 4705
0.009, 4704
0.009, 4703
0.009, 4702
0.009, 4701
0.009, 4700
0.009, 4699
0.009, 4698
0.009, 4697
0.009, 4696
0.009, 4695
0.009, 4694
0.009, 4693
0.009, 4692
0.009, 4691
0.009, 4690
0.009, 4689
0.009, 4688
0.009, 4687
0.009, 4686
0.009, 4685
0.009, 4684
0.009, 4683
0.009, 4682
0.009, 4681
0.009, 4680
0.009, 4679
0.009, 4678
0.009, 4677
0.009, 4676
0.009, 4675
0.009, 4674
0.009, 4673
0.009, 4672
0.009, 4671
0.009, 4670
0.009, 4669
0.009, 4668
0.009, 4667
0.009, 4666
0.009, 4665
0.009, 4664
0.009, 4663
0.009, 4662
0.009, 4661
0.009, 4660
0.009, 4659
0.009, 4658
0.009, 4657
0.009, 4656
0.009, 4655
0.009, 4654
0.009, 4653
0.009, 4652
0.009, 4651
0.009, 4650
0.009, 4649
0.009, 4648
0.009, 4647
0.009, 4646
0.009, 4645
0.009, 4644
0.009, 4643
0.009, 4642
0.009, 4641
0.009, 4640
0.009, 4639
0.009, 4638
0.009, 4637
0.009, 4636
0.009, 4635
0.009, 4634
0.009, 4633
0.009, 4632
0.009, 4631
0.009, 4630
0.009, 4629
0.009, 4628
0.009, 4627
0.009, 4626
0.009, 4625
0.009, 4624
0.009, 4623
0.009, 4622
0.009, 4621
0.009, 4620
0.009, 4619
0.009, 4618
0.009, 4617
0.009, 4616
0.009, 4615
0.009, 4614
0.009, 4613
0.009, 4612
0.009, 4611
0.009, 4610
0.009, 4609
0.009, 4608
0.009, 4607
0.009, 4606
0.009, 4605
0.010, 4604
0.010, 4603
0.010, 4602
0.010, 4601
0.010, 4600
0.010, 4599
0.010, 4598
0.010, 4597
0.010, 4596
0.010, 4595
0.010, 4594
0.010, 4593
0.010, 4592
0.010, 4591
0.010, 4590
0.010, 4589
0.010, 4588
0.010, 4587
0.010, 4586
0.010, 4585
0.010, 4584
0.010, 4583
0.010, 4582
0.010, 4581
0.010, 4580
0.010, 4579
0.010, 4578
0.010, 4577
0.010, 4576
0.010, 4575
0.010, 4574
0.010, 4573
0.010, 4572
0.010, 4571
0.010, 4570
0.010, 4569
0.010, 4568
0.010, 4567
0.010, 4566
0.010, 4565
0.010, 4564
0.010, 4563
0.010, 4562
0.010, 4561
0.010, 4560
0.010, 4559
0.010, 4558
0.010, 4557
0.010, 4556
0.010, 4555
0.010, 4554
0.010, 4553
0.010, 4552
0.010, 4551
0.010, 4550
0.010, 4549
0.010, 4548
0.010, 4547
0.010, 4546
0.010, 4545
0.010, 4544
0.010, 4543
0.010, 4542
0.010, 4541
0.010, 4540
0.010, 4539
0.010, 4538
0.010, 4537
0.010, 4536
0.010, 4535
0.010, 4534
0.010, 4533
0.010, 4532
0.010, 4531
0.010, 4530
0.010, 4529
0.010, 4528
0.010, 4527
0.010, 4526
0.010, 4525
0.010, 4524
0.010, 4523
0.010, 4522
0.010, 4521
0.010, 4520
0.010, 4519
0.010, 4518
0.010, 4517
0.010, 4516
0.010, 4515
0.010, 4514
0.010, 4513
0.010, 4512
0.010, 4511
0.010, 4510
0.010, 4509
0.010, 4508
0.010, 4507
0.010, 4506
0.010, 4505
0.010, 4504
0.010, 4503
0.010, 4502
0.010, 4501
0.010, 4500
0.010, 4499
0.010, 4498
0.010, 4497
0.010, 4496
0.010, 4495
0.010, 4494
0.010, 4493
0.010, 4492
0.010, 4491
0.010, 4490
0.010, 4489
0.010, 4488
0.010, 4487
0.010, 4486
0.010, 4485
0.010, 4484
0.010, 4483
0.010, 4482
0.010, 4481
0.010, 4480
0.010, 4479
0.010, 4478
0.010, 4477
0.010, 4476
0.010, 4475
0.010, 4474
0.010, 4473
0.010, 4472
0.010, 4471
0.010, 4470
0.010, 4469
0.010, 4468
0.010, 4467
0.010, 4466
0.010, 4465
0.010, 4464
0.010, 4463
0.010, 4462
0.010, 4461
0.010, 4460
0.010, 4459
0.010, 4458
0.010, 4457
0.010, 4456
0.010, 4455
0.010, 4454
0.010, 4453
0.010, 4452
0.010, 4451
0.010, 4450
0.010, 4449
0.010, 4448
0.010, 4447
0.010, 4446
0.010, 4445
0.010, 4444
0.010, 4443
0.010, 4442
0.010, 4441
0.010, 4440
0.010, 4439
0.010, 4438
0.010, 4437
0.010, 4436
0.010, 4435
0.010, 4434
0.010, 4433
0.010, 4432
0.010, 4431
0.010, 4430
0.010, 4429
0.010, 4428
0.010, 4427
0.010, 4426
0.010, 4425
0.010, 4424
0.010, 4423
0.010, 4422
0.010, 4421
0.010, 4420
0.010, 4419
0.010, 4418
0.010, 4417
0.010, 4416
0.010, 4415
0.010, 4414
0.010, 4413
0.010, 4412
0.010, 4411
0.010, 4410
0.010, 4409
0.010, 4408
0.010, 4407
0.010, 4406
0.010, 4405
0.010, 4404
0.010, 4403
0.010, 4402
0.010, 4401
0.010, 4400
0.010, 4399
0.010, 4398
0.010, 4397
0.010, 4396
0.010, 4395
0.010, 4394
0.010, 4393
0.010, 4392
0.010, 4391
0.010, 4390
0.010, 4389
0.010, 4388
0.010, 4387
0.010, 4386
0.010, 4385
0.010, 4384
0.010, 4383
0.010, 4382
0.010, 4381
0.010, 4380
0.010, 4379
0.010, 4378
0.010, 4377
0.010, 4376
0.010, 4375
0.010, 4374
0.010, 4373
0.010, 4372
0.010, 4371
0.010, 4370
0.010, 4369
0.010, 4368
0.010, 4367
0.010, 4366
0.010, 4365
0.010, 4364
0.010, 4363
0.010, 4362
0.010, 4361
0.010, 4360
0.010, 4359
0.010, 4358
0.010, 4357
0.010, 4356
0.010, 4355
0.010, 4354
0.010, 4353
0.010, 4352
0.010, 4351
0.010, 4350
0.010, 4349
0.010, 4348
0.010, 4347
0.010, 4346
0.010, 4345
0.010, 4344
0.010, 4343
0.010, 4342
0.010, 4341
0.010, 4340
0.010, 4339
0.010, 4338
0.010, 4337
0.010, 4336
0.010, 4335
0.010, 4334
0.010, 4333
0.010, 4332
0.010, 4331
0.010, 4330
0.010, 4329
0.010, 4328
0.010, 4327
0.010, 4326
0.010, 4325
0.010, 4324
0.010, 4323
0.010, 4322
0.010, 4321
0.010, 4320
0.010, 4319
0.010, 4318
0.010, 4317
0.010, 4316
0.010, 4315
0.010, 4314
0.010, 4313
0.010, 4312
0.010, 4311
0.010, 4310
0.010, 4309
0.010, 4308
0.010, 4307
0.010, 4306
0.010, 4305
0.010, 4304
0.010, 4303
0.010, 4302
0.010, 4301
0.010, 4300
0.010, 4299
0.010, 4298
0.010, 4297
0.010, 4296
0.010, 4295
0.010, 4294
0.010, 4293
0.010, 4292
0.010, 4291
0.010, 4290
0.010, 4289
0.010, 4288
0.010, 4287
0.010, 4286
0.010, 4285
0.010, 4284
0.010, 4283
0.010, 4282
0.010, 4281
0.010, 4280
0.010, 4279
0.010, 4278
0.010, 4277
0.010, 4276
0.010, 4275
0.010, 4274
0.010, 4273
0.010, 4272
0.010, 4271
0.010, 4270
0.010, 4269
0.010, 4268
0.010, 4267
0.010, 4266
0.010, 4265
0.010, 4264
0.010, 4263
0.010, 4262
0.010, 4261
0.010, 4260
0.010, 4259
0.010, 4258
0.010, 4257
0.010, 4256
0.010, 4255
0.010, 4254
0.010, 4253
0.010, 4252
0.010, 4251
0.010, 4250
0.010, 4249
0.010, 4248
0.010, 4247
0.010, 4246
0.010, 4245
0.010, 4244
0.010, 4243
0.010, 4242
0.010, 4241
0.010, 4240
0.010, 4239
0.010, 4238
0.010, 4237
0.010, 4236
0.011, 4235
0.011, 4234
0.011, 4233
0.011, 4232
0.011, 4231
0.011, 4230
0.011, 4229
0.011, 4228
0.011, 4227
0.011, 4226
0.011, 4225
0.011, 4224
0.011, 4223
0.011, 4222
0.011, 4221
0.011, 4220
0.011, 4219
0.011, 4218
0.011, 4217
0.011, 4216
0.011, 4215
0.011, 4214
0.011, 4213
0.011, 4212
0.011, 4211
0.011, 4210
0.011, 4209
0.011, 4208
0.011, 4207
0.011, 4206
0.011, 4205
0.011, 4204
0.011, 4203
0.011, 4202
0.011, 4201
0.011, 4200
0.011, 4199
0.011, 4198
0.011, 4197
0.011, 4196
0.011, 4195
0.011, 4194
0.011, 4193
0.011, 4192
0.011, 4191
0.011, 4190
0.011, 4189
0.011, 4188
0.011, 4187
0.011, 4186
0.011, 4185
0.011, 4184
0.011, 4183
0.011, 4182
0.011, 4181
0.011, 4180
0.011, 4179
0.011, 4178
0.011, 4177
0.011, 4176
0.011, 4175
0.011, 4174
0.011, 4173
0.011, 4172
0.011, 4171
0.011, 4170
0.011, 4169
0.011, 4168
0.011, 4167
0.011, 4166
0.011, 4165
0.011, 4164
0.011, 4163
0.011, 4162
0.011, 4161
0.011, 4160
0.011, 4159
0.011, 4158
0.011, 4157
0.011, 4156
0.011, 4155
0.011, 4154
0.011, 4153
0.011, 4152
0.011, 4151
0.011, 4150
0.011, 4149
0.011, 4148
0.011, 4147
0.011, 4146
0.011, 4145
0.011, 4144
0.011, 4143
0.011, 4142
0.011, 4141
0.011, 4140
0.011, 4139
0.011, 4138
0.011, 4137
0.011, 4136
0.011, 4135
0.011, 4134
0.011, 4133
0.011, 4132
0.011, 4131
0.011, 4130
0.011, 4129
0.011, 4128
0.011, 4127
0.011, 4126
0.011, 4125
0.011, 4124
0.011, 4123
0.011, 4122
0.011, 4121
0.011, 4120
0.011, 4119
0.011, 4118
0.011, 4117
0.011, 4116
0.011, 4115
0.011, 4114
0.011, 4113
0.011, 4112
0.011, 4111
0.011, 4110
0.011, 4109
0.011, 4108
0.011, 4107
0.011, 4106
0.011, 4105
0.011, 4104
0.011, 4103
0.011, 4102
0.011, 4101
0.011, 4100
0.011, 4099
0.011, 4098
0.011, 4097
0.011, 4096
0.011, 4095
0.011, 4094
0.011, 4093
0.011, 4092
0.011, 4091
0.011, 4090
0.011, 4089
0.011, 4088
0.011, 4087
0.011, 4086
0.011, 4085
0.011, 4084
0.011, 4083
0.011, 4082
0.011, 4081
0.011, 4080
0.011, 4079
0.011, 4078
0.011, 4077
0.011, 4076
0.011, 4075
0.011, 4074
0.011, 4073
0.011, 4072
0.011, 4071
0.011, 4070
0.011, 4069
0.011, 4068
0.011, 4067
0.011, 4066
0.011, 4065
0.011, 4064
0.011, 4063
0.011, 4062
0.011, 4061
0.011, 4060
0.011, 4059
0.011, 4058
0.011, 4057
0.011, 4056
0.011, 4055
0.011, 4054
0.011, 4053
0.011, 4052
0.011, 4051
0.011, 4050
0.011, 4049
0.011, 4048
0.011, 4047
0.011, 4046
0.011, 4045
0.011, 4044
0.011, 4043
0.011, 4042
0.011, 4041
0.011, 4040
0.011, 4039
0.011, 4038
0.011, 4037
0.011, 4036
0.011, 4035
0.011, 4034
0.011, 4033
0.011, 4032
0.011, 4031
0.011, 4030
0.011, 4029
0.011, 4028
0.011, 4027
0.011, 4026
0.011, 4025
0.011, 4024
0.011, 4023
0.011, 4022
0.011, 4021
0.011, 4020
0.011, 4019
0.011, 4018
0.011, 4017
0.011, 4016
0.011, 4015
0.011, 4014
0.011, 4013
0.011, 4012
0.011, 4011
0.011, 4010
0.011, 4009
0.011, 4008
0.011, 4007
0.011, 4006
0.011, 4005
0.011, 4004
0.011, 4003
0.011, 4002
0.011, 4001
0.011, 4000
0.011, 3999
0.011, 3998
0.011, 3997
0.011, 3996
0.011, 3995
0.011, 3994
0.011, 3993
0.011, 3992
0.011, 3991
0.011, 3990
0.011, 3989
0.011, 3988
0.011, 3987
0.011, 3986
0.011, 3985
0.011, 3984
0.011, 3983
0.011, 3982
0.011, 3981
0.011, 3980
0.011, 3979
0.011, 3978
0.011, 3977
0.011, 3976
0.011, 3975
0.011, 3974
0.011, 3973
0.011, 3972
0.011, 3971
0.011, 3970
0.011, 3969
0.011, 3968
0.011, 3967
0.011, 3966
0.011, 3965
0.011, 3964
0.012, 3963
0.012, 3962
0.012, 3961
0.012, 3960
0.012, 3959
0.012, 3958
0.012, 3957
0.012, 3956
0.012, 3955
0.012, 3954
0.012, 3953
0.012, 3952
0.012, 3951
0.012, 3950
0.012, 3949
0.012, 3948
0.012, 3947
0.012, 3946
0.012, 3945
0.012, 3944
0.012, 3943
