0.003, 8359
0.003, 8358
0.003, 8357
0.003, 8356
0.003, 8355
0.003, 8354
0.003, 8353
0.003, 8352
0.003, 8351
0.003, 8350
0.003, 8349
0.003, 8348
0.003, 8347
0.003, 8346
0.003, 8345
0.003, 8344
0.003, 8343
0.003, 8342
0.003, 8341
0.003, 8340
0.003, 8339
0.003, 8338
0.003, 8337
0.003, 8336
0.003, 8335
0.003, 8334
0.003, 8333
0.003, 8332
0.003, 8331
0.003, 8330
0.003, 8329
0.003, 8328
0.003, 8327
0.003, 8326
0.003, 8325
0.003, 8324
0.003, 8323
0.003, 8322
0.003, 8321
0.003, 8320
0.003, 8319
0.003, 8318
0.003, 8317
0.003, 8316
0.003, 8315
0.003, 8314
0.003, 8313
0.003, 8312
0.003, 8311
0.003, 8310
0.003, 8309
0.003, 8308
0.003, 8307
0.003, 8306
0.003, 8305
0.003, 8304
0.003, 8303
0.003, 8302
0.003, 8301
0.003, 8300
0.003, 8299
0.003, 8298
0.003, 8297
0.003, 8296
0.003, 8295
0.003, 8294
0.003, 8293
0.003, 8292
0.003, 8291
0.003, 8290
0.003, 8289
0.003, 8288
0.003, 8287
0.003, 8286
0.003, 8285
0.003, 8284
0.003, 8283
0.003, 8282
0.003, 8281
0.003, 8280
0.003, 8279
0.003, 8278
0.003, 8277
0.003, 8276
0.003, 8275
0.003, 8274
0.003, 8273
0.003, 8272
0.003, 8271
0.003, 8270
0.003, 8269
0.003, 8268
0.003, 8267
0.003, 8266
0.003, 8265
0.003, 8264
0.003, 8263
0.003, 8262
0.003, 8261
0.003, 8260
0.003, 8259
0.003, 8258
0.003, 8257
0.003, 8256
0.003, 8255
0.003, 8254
0.003, 8253
0.003, 8252
0.003, 8251
0.003, 8250
0.003, 8249
0.003, 8248
0.003, 8247
0.003, 8246
0.003, 8245
0.003, 8244
0.003, 8243
0.003, 8242
0.003, 8241
0.003, 8240
0.003, 8239
0.003, 8238
0.003, 8237
0.003, 8236
0.003, 8235
0.003, 8234
0.003, 8233
0.003, 8232
0.003, 8231
0.003, 8230
0.003, 8229
0.003, 8228
0.003, 8227
0.003, 8226
0.003, 8225
0.003, 8224
0.003, 8223
0.003, 8222
0.003, 8221
0.003, 8220
0.003, 8219
0.003, 8218
0.003, 8217
0.003, 8216
0.003, 8215
0.003, 8214
0.003, 8213
0.003, 8212
0.003, 8211
0.003, 8210
0.003, 8209
0.003, 8208
0.003, 8207
0.003, 8206
0.003, 8205
0.003, 8204
0.003, 8203
0.003, 8202
0.003, 8201
0.003, 8200
0.003, 8199
0.003, 8198
0.003, 8197
0.003, 8196
0.003, 8195
0.003, 8194
0.003, 8193
0.003, 8192
0.003, 8191
0.003, 8190
0.003, 8189
0.003, 8188
0.003, 8187
0.003, 8186
0.003, 8185
0.003, 8184
0.003, 8183
0.003, 8182
0.003, 8181
0.003, 8180
0.003, 8179
0.003, 8178
0.003, 8177
0.003, 8176
0.003, 8175
0.003, 8174
0.003, 8173
0.003, 8172
0.003, 8171
0.003, 8170
0.003, 8169
0.003, 8168
0.003, 8167
0.003, 8166
0.003, 8165
0.003, 8164
0.003, 8163
0.003, 8162
0.003, 8161
0.003, 8160
0.003, 8159
0.003, 8158
0.003, 8157
0.003, 8156
0.003, 8155
0.003, 8154
0.003, 8153
0.003, 8152
0.003, 8151
0.003, 8150
0.003, 8149
0.003, 8148
0.003, 8147
0.003, 8146
0.003, 8145
0.003, 8144
0.003, 8143
0.003, 8142
0.003, 8141
0.003, 8140
0.003, 8139
0.003, 8138
0.003, 8137
0.003, 8136
0.003, 8135
0.003, 8134
0.003, 8133
0.003, 8132
0.003, 8131
0.003, 8130
0.003, 8129
0.003, 8128
0.003, 8127
0.003, 8126
0.003, 8125
0.003, 8124
0.003, 8123
0.003, 8122
0.003, 8121
0.003, 8120
0.003, 8119
0.003, 8118
0.003, 8117
0.003, 8116
0.003, 8115
0.003, 8114
0.003, 8113
0.003, 8112
0.004, 8111
0.004, 8110
0.004, 8109
0.004, 8108
0.004, 8107
0.004, 8106
0.004, 8105
0.004, 8104
0.004, 8103
0.004, 8102
0.004, 8101
0.004, 8100
0.004, 8099
0.004, 8098
0.004, 8097
0.004, 8096
0.004, 8095
0.004, 8094
0.004, 8093
0.004, 8092
0.004, 8091
0.004, 8090
0.004, 8089
0.004, 8088
0.004, 8087
0.004, 8086
0.004, 8085
0.004, 8084
0.004, 8083
0.004, 8082
0.004, 8081
0.004, 8080
0.004, 8079
0.004, 8078
0.004, 8077
0.004, 8076
0.004, 8075
0.004, 8074
0.004, 8073
0.004, 8072
0.004, 8071
0.004, 8070
0.004, 8069
0.004, 8068
0.004, 8067
0.004, 8066
0.004, 8065
0.004, 8064
0.004, 8063
0.004, 8062
0.004, 8061
0.004, 8060
0.004, 8059
0.004, 8058
0.004, 8057
0.004, 8056
0.004, 8055
0.004, 8054
0.004, 8053
0.004, 8052
0.004, 8051
0.004, 8050
0.004, 8049
0.004, 8048
0.004, 8047
0.004, 8046
0.004, 8045
0.004, 8044
0.004, 8043
0.004, 8042
0.004, 8041
0.004, 8040
0.004, 8039
0.004, 8038
0.004, 8037
0.004, 8036
0.004, 8035
0.004, 8034
0.004, 8033
0.004, 8032
0.004, 8031
0.004, 8030
0.004, 8029
0.004, 8028
0.004, 8027
0.004, 8026
0.004, 8025
0.004, 8024
0.004, 8023
0.004, 8022
0.004, 8021
0.004, 8020
0.004, 8019
0.004, 8018
0.004, 8017
0.004, 8016
0.004, 8015
0.004, 8014
0.004, 8013
0.004, 8012
0.004, 8011
0.004, 8010
0.004, 8009
0.004, 8008
0.004, 8007
0.004, 8006
0.004, 8005
0.004, 8004
0.004, 8003
0.004, 8002
0.004, 8001
0.004, 8000
0.004, 7999
0.004, 7998
0.004, 7997
0.004, 7996
0.004, 7995
0.004, 7994
0.004, 7993
0.004, 7992
0.004, 7991
0.004, 7990
0.004, 7989
0.004, 7988
0.004, 7987
0.004, 7986
0.004, 7985
0.004, 7984
0.004, 7983
0.004, 7982
0.004, 7981
0.004, 7980
0.004, 7979
0.004, 7978
0.004, 7977
0.004, 7976
0.004, 7975
0.004, 7974
0.004, 7973
0.004, 7972
0.004, 7971
0.004, 7970
0.004, 7969
0.004, 7968
0.004, 7967
0.004, 7966
0.004, 7965
0.004, 7964
0.004, 7963
0.004, 7962
0.004, 7961
0.004, 7960
0.004, 7959
0.004, 7958
0.004, 7957
0.004, 7956
0.004, 7955
0.004, 7954
0.004, 7953
0.004, 7952
0.004, 7951
0.004, 7950
0.004, 7949
0.004, 7948
0.004, 7947
0.004, 7946
0.004, 7945
0.004, 7944
0.004, 7943
0.004, 7942
0.004, 7941
0.004, 7940
0.004, 7939
0.004, 7938
0.004, 7937
0.004, 7936
0.004, 7935
0.004, 7934
0.004, 7933
0.004, 7932
0.004, 7931
0.004, 7930
0.004, 7929
0.004, 7928
0.004, 7927
0.004, 7926
0.004, 7925
0.004, 7924
0.004, 7923
0.004, 7922
0.004, 7921
0.004, 7920
0.004, 7919
0.004, 7918
0.004, 7917
0.004, 7916
0.004, 7915
0.004, 7914
0.004, 7913
0.004, 7912
0.004, 7911
0.004, 7910
0.004, 7909
0.004, 7908
0.004, 7907
0.004, 7906
0.004, 7905
0.004, 7904
0.004, 7903
0.004, 7902
0.004, 7901
0.004, 7900
0.004, 7899
0.004, 7898
0.004, 7897
0.004, 7896
0.004, 7895
0.004, 7894
0.004, 7893
0.004, 7892
0.004, 7891
0.004, 7890
0.004, 7889
0.004, 7888
0.004, 7887
0.004, 7886
0.004, 7885
0.004, 7884
0.004, 7883
0.004, 7882
0.004, 7881
0.004, 7880
0.004, 7879
0.004, 7878
0.004, 7877
0.004, 7876
0.004, 7875
0.004, 7874
0.004, 7873
0.004, 7872
0.004, 7871
0.004, 7870
0.004, 7869
0.004, 7868
0.004, 7867
0.004, 7866
0.004, 7865
0.004, 7864
0.004, 7863
0.004, 7862
0.004, 7861
0.004, 7860
0.004, 7859
0.004, 7858
0.004, 7857
0.004, 7856
0.004, 7855
0.004, 7854
0.004, 7853
0.004, 7852
0.004, 7851
0.004, 7850
0.004, 7849
0.004, 7848
0.004, 7847
0.004, 7846
0.004, 7845
0.004, 7844
0.004, 7843
0.004, 7842
0.004, 7841
0.004, 7840
0.004, 7839
0.004, 7838
0.004, 7837
0.004, 7836
0.004, 7835
0.004, 7834
0.004, 7833
0.004, 7832
0.004, 7831
0.004, 7830
0.004, 7829
0.004, 7828
0.004, 7827
0.004, 7826
0.004, 7825
0.004, 7824
0.004, 7823
0.004, 7822
0.004, 7821
0.004, 7820
0.004, 7819
0.004, 7818
0.004, 7817
0.004, 7816
0.004, 7815
0.004, 7814
0.004, 7813
0.004, 7812
0.004, 7811
0.004, 7810
0.004, 7809
0.004, 7808
0.004, 7807
0.004, 7806
0.004, 7805
0.004, 7804
0.004, 7803
0.004, 7802
0.004, 7801
0.004, 7800
0.004, 7799
0.004, 7798
0.004, 7797
0.004, 7796
0.004, 7795
0.004, 7794
0.004, 7793
0.004, 7792
0.004, 7791
0.004, 7790
0.004, 7789
0.004, 7788
0.004, 7787
0.004, 7786
0.004, 7785
0.004, 7784
0.004, 7783
0.004, 7782
0.004, 7781
0.004, 7780
0.004, 7779
0.004, 7778
0.004, 7777
0.004, 7776
0.004, 7775
0.004, 7774
0.004, 7773
0.004, 7772
0.004, 7771
0.004, 7770
0.004, 7769
0.004, 7768
0.004, 7767
0.004, 7766
0.004, 7765
0.004, 7764
0.004, 7763
0.004, 7762
0.004, 7761
0.004, 7760
0.004, 7759
0.004, 7758
0.004, 7757
0.004, 7756
0.004, 7755
0.004, 7754
0.004, 7753
0.004, 7752
0.004, 7751
0.004, 7750
0.004, 7749
0.004, 7748
0.004, 7747
0.004, 7746
0.004, 7745
0.004, 7744
0.004, 7743
0.004, 7742
0.004, 7741
0.004, 7740
0.004, 7739
0.004, 7738
0.004, 7737
0.004, 7736
0.004, 7735
0.004, 7734
0.004, 7733
0.004, 7732
0.004, 7731
0.004, 7730
0.004, 7729
0.004, 7728
0.004, 7727
0.004, 7726
0.004, 7725
0.004, 7724
0.004, 7723
0.004, 7722
0.004, 7721
0.004, 7720
0.004, 7719
0.004, 7718
0.005, 7717
0.005, 7716
0.005, 7715
0.005, 7714
0.005, 7713
0.005, 7712
0.005, 7711
0.005, 7710
0.005, 7709
0.005, 7708
0.005, 7707
0.005, 7706
0.005, 7705
0.005, 7704
0.005, 7703
0.005, 7702
0.005, 7701
0.005, 7700
0.005, 7699
0.005, 7698
0.005, 7697
0.005, 7696
0.005, 7695
0.005, 7694
0.005, 7693
0.005, 7692
0.005, 7691
0.005, 7690
0.005, 7689
0.005, 7688
0.005, 7687
0.005, 7686
0.005, 7685
0.005, 7684
0.005, 7683
0.005, 7682
0.005, 7681
0.005, 7680
0.005, 7679
0.005, 7678
0.005, 7677
0.005, 7676
0.005, 7675
0.005, 7674
0.005, 7673
0.005, 7672
0.005, 7671
0.005, 7670
0.005, 7669
0.005, 7668
0.005, 7667
0.005, 7666
0.005, 7665
0.005, 7664
0.005, 7663
0.005, 7662
0.005, 7661
0.005, 7660
0.005, 7659
0.005, 7658
0.005, 7657
0.005, 7656
0.005, 7655
0.005, 7654
0.005, 7653
0.005, 7652
0.005, 7651
0.005, 7650
0.005, 7649
0.005, 7648
0.005, 7647
0.005, 7646
0.005, 7645
0.005, 7644
0.005, 7643
0.005, 7642
0.005, 7641
0.005, 7640
0.005, 7639
0.005, 7638
0.005, 7637
0.005, 7636
0.005, 7635
0.005, 7634
0.005, 7633
0.005, 7632
0.005, 7631
0.005, 7630
0.005, 7629
0.005, 7628
0.005, 7627
0.005, 7626
0.005, 7625
0.005, 7624
0.005, 7623
0.005, 7622
0.005, 7621
0.005, 7620
0.005, 7619
0.005, 7618
0.005, 7617
0.005, 7616
0.005, 7615
0.005, 7614
0.005, 7613
0.005, 7612
0.005, 7611
0.005, 7610
0.005, 7609
0.005, 7608
0.005, 7607
0.005, 7606
0.005, 7605
0.005, 7604
0.005, 7603
0.005, 7602
0.005, 7601
0.005, 7600
0.005, 7599
0.005, 7598
0.005, 7597
0.005, 7596
0.005, 7595
0.005, 7594
0.005, 7593
0.005, 7592
0.005, 7591
0.005, 7590
0.005, 7589
0.005, 7588
0.005, 7587
0.005, 7586
0.005, 7585
0.005, 7584
0.005, 7583
0.005, 7582
0.005, 7581
0.005, 7580
0.005, 7579
0.005, 7578
0.005, 7577
0.005, 7576
0.005, 7575
0.005, 7574
0.005, 7573
0.005, 7572
0.005, 7571
0.005, 7570
0.005, 7569
0.005, 7568
0.005, 7567
0.005, 7566
0.005, 7565
0.005, 7564
0.005, 7563
0.005, 7562
0.005, 7561
0.005, 7560
0.005, 7559
0.005, 7558
0.005, 7557
0.005, 7556
0.005, 7555
0.005, 7554
0.005, 7553
0.005, 7552
0.005, 7551
0.005, 7550
0.005, 7549
0.005, 7548
0.005, 7547
0.005, 7546
0.005, 7545
0.005, 7544
0.005, 7543
0.005, 7542
0.005, 7541
0.005, 7540
0.005, 7539
0.005, 7538
0.005, 7537
0.005, 7536
0.005, 7535
0.005, 7534
0.005, 7533
0.005, 7532
0.005, 7531
0.005, 7530
0.005, 7529
0.005, 7528
0.005, 7527
0.005, 7526
0.005, 7525
0.005, 7524
0.005, 7523
0.005, 7522
0.005, 7521
0.005, 7520
0.005, 7519
0.005, 7518
0.005, 7517
0.005, 7516
0.005, 7515
0.005, 7514
0.005, 7513
0.005, 7512
0.005, 7511
0.005, 7510
0.005, 7509
0.005, 7508
0.005, 7507
0.005, 7506
0.005, 7505
0.005, 7504
0.005, 7503
0.005, 7502
0.005, 7501
0.005, 7500
0.005, 7499
0.005, 7498
0.005, 7497
0.005, 7496
0.005, 7495
0.005, 7494
0.005, 7493
0.005, 7492
0.005, 7491
0.005, 7490
0.005, 7489
0.005, 7488
0.005, 7487
0.005, 7486
0.005, 7485
0.005, 7484
0.005, 7483
0.005, 7482
0.005, 7481
0.005, 7480
0.005, 7479
0.005, 7478
0.005, 7477
0.005, 7476
0.005, 7475
0.005, 7474
0.005, 7473
0.005, 7472
0.005, 7471
0.005, 7470
0.005, 7469
0.005, 7468
0.005, 7467
0.005, 7466
0.005, 7465
0.005, 7464
0.005, 7463
0.005, 7462
0.005, 7461
0.005, 7460
0.005, 7459
0.005, 7458
0.005, 7457
0.005, 7456
0.005, 7455
0.005, 7454
0.005, 7453
0.005, 7452
0.005, 7451
0.005, 7450
0.005, 7449
0.005, 7448
0.005, 7447
0.005, 7446
0.005, 7445
0.005, 7444
0.005, 7443
0.005, 7442
0.005, 7441
0.005, 7440
0.005, 7439
0.005, 7438
0.005, 7437
0.005, 7436
0.005, 7435
0.005, 7434
0.005, 7433
0.005, 7432
0.005, 7431
0.005, 7430
0.005, 7429
0.005, 7428
0.005, 7427
0.005, 7426
0.005, 7425
0.005, 7424
0.005, 7423
0.005, 7422
0.005, 7421
0.005, 7420
0.005, 7419
0.005, 7418
0.005, 7417
0.005, 7416
0.005, 7415
0.005, 7414
0.005, 7413
0.005, 7412
0.005, 7411
0.005, 7410
0.005, 7409
0.005, 7408
0.005, 7407
0.005, 7406
0.005, 7405
0.005, 7404
0.005, 7403
0.005, 7402
0.005, 7401
0.005, 7400
0.005, 7399
0.005, 7398
0.005, 7397
0.005, 7396
0.005, 7395
0.005, 7394
0.005, 7393
0.005, 7392
0.005, 7391
0.005, 7390
0.005, 7389
0.005, 7388
0.005, 7387
0.005, 7386
0.005, 7385
0.005, 7384
0.005, 7383
0.005, 7382
0.005, 7381
0.005, 7380
0.005, 7379
0.005, 7378
0.005, 7377
0.005, 7376
0.005, 7375
0.005, 7374
0.005, 7373
0.005, 7372
0.005, 7371
0.005, 7370
0.005, 7369
0.005, 7368
0.006, 7367
0.006, 7366
0.006, 7365
0.006, 7364
0.006, 7363
0.006, 7362
0.006, 7361
0.006, 7360
0.006, 7359
0.006, 7358
0.006, 7357
0.006, 7356
0.006, 7355
0.006, 7354
0.006, 7353
0.006, 7352
0.006, 7351
0.006, 7350
0.006, 7349
0.006, 7348
0.006, 7347
0.006, 7346
0.006, 7345
0.006, 7344
0.006, 7343
0.006, 7342
0.006, 7341
0.006, 7340
0.006, 7339
0.006, 7338
0.006, 7337
0.006, 7336
0.006, 7335
0.006, 7334
0.006, 7333
0.006, 7332
0.006, 7331
0.006, 7330
0.006, 7329
0.006, 7328
0.006, 7327
0.006, 7326
0.006, 7325
0.006, 7324
0.006, 7323
0.006, 7322
0.006, 7321
0.006, 7320
0.006, 7319
0.006, 7318
0.006, 7317
0.006, 7316
0.006, 7315
0.006, 7314
0.006, 7313
0.006, 7312
0.006, 7311
0.006, 7310
0.006, 7309
0.006, 7308
0.006, 7307
0.006, 7306
0.006, 7305
0.006, 7304
0.006, 7303
0.006, 7302
0.006, 7301
0.006, 7300
0.006, 7299
0.006, 7298
0.006, 7297
0.006, 7296
0.006, 7295
0.006, 7294
0.006, 7293
0.006, 7292
0.006, 7291
0.006, 7290
0.006, 7289
0.006, 7288
0.006, 7287
0.006, 7286
0.006, 7285
0.006, 7284
0.006, 7283
0.006, 7282
0.006, 7281
0.006, 7280
0.006, 7279
0.006, 7278
0.006, 7277
0.006, 7276
0.006, 7275
0.006, 7274
0.006, 7273
0.006, 7272
0.006, 7271
0.006, 7270
0.006, 7269
0.006, 7268
0.006, 7267
0.006, 7266
0.006, 7265
0.006, 7264
0.006, 7263
0.006, 7262
0.006, 7261
0.006, 7260
0.006, 7259
0.006, 7258
0.006, 7257
0.006, 7256
0.006, 7255
0.006, 7254
0.006, 7253
0.006, 7252
0.006, 7251
0.006, 7250
0.006, 7249
0.006, 7248
0.006, 7247
0.006, 7246
0.006, 7245
0.006, 7244
0.006, 7243
0.006, 7242
0.006, 7241
0.006, 7240
0.006, 7239
0.006, 7238
0.006, 7237
0.006, 7236
0.006, 7235
0.006, 7234
0.006, 7233
0.006, 7232
0.006, 7231
0.006, 7230
0.006, 7229
0.006, 7228
0.006, 7227
0.006, 7226
0.006, 7225
0.006, 7224
0.006, 7223
0.006, 7222
0.006, 7221
0.006, 7220
0.006, 7219
0.006, 7218
0.006, 7217
0.006, 7216
0.006, 7215
0.006, 7214
0.006, 7213
0.006, 7212
0.006, 7211
0.006, 7210
0.006, 7209
0.006, 7208
0.006, 7207
0.006, 7206
0.006, 7205
0.006, 7204
0.006, 7203
0.006, 7202
0.006, 7201
0.006, 7200
0.006, 7199
0.006, 7198
0.006, 7197
0.006, 7196
0.006, 7195
0.006, 7194
0.006, 7193
0.006, 7192
0.006, 7191
0.006, 7190
0.006, 7189
0.006, 7188
0.006, 7187
0.006, 7186
0.006, 7185
0.006, 7184
0.006, 7183
0.006, 7182
0.006, 7181
0.006, 7180
0.006, 7179
0.006, 7178
0.006, 7177
0.006, 7176
0.006, 7175
0.006, 7174
0.006, 7173
0.006, 7172
0.006, 7171
0.006, 7170
0.006, 7169
0.006, 7168
0.006, 7167
0.006, 7166
0.006, 7165
0.006, 7164
0.006, 7163
0.006, 7162
0.006, 7161
0.006, 7160
0.006, 7159
0.006, 7158
0.006, 7157
0.006, 7156
0.006, 7155
0.006, 7154
0.006, 7153
0.006, 7152
0.006, 7151
0.006, 7150
0.006, 7149
0.006, 7148
0.006, 7147
0.006, 7146
0.006, 7145
0.006, 7144
0.006, 7143
0.006, 7142
0.006, 7141
0.006, 7140
0.006, 7139
0.006, 7138
0.006, 7137
0.006, 7136
0.006, 7135
0.006, 7134
0.006, 7133
0.006, 7132
0.006, 7131
0.006, 7130
0.006, 7129
0.006, 7128
0.006, 7127
0.006, 7126
0.006, 7125
0.006, 7124
0.006, 7123
0.006, 7122
0.006, 7121
0.006, 7120
0.006, 7119
0.006, 7118
0.006, 7117
0.006, 7116
0.006, 7115
0.006, 7114
0.006, 7113
0.006, 7112
0.006, 7111
0.006, 7110
0.006, 7109
0.006, 7108
0.006, 7107
0.006, 7106
0.006, 7105
0.006, 7104
0.006, 7103
0.006, 7102
0.006, 7101
0.006, 7100
0.006, 7099
0.006, 7098
0.006, 7097
0.006, 7096
0.006, 7095
0.006, 7094
0.006, 7093
0.006, 7092
0.006, 7091
0.006, 7090
0.006, 7089
0.006, 7088
0.006, 7087
0.006, 7086
0.006, 7085
0.006, 7084
0.006, 7083
0.006, 7082
0.006, 7081
0.006, 7080
0.006, 7079
0.006, 7078
0.006, 7077
0.006, 7076
0.006, 7075
0.006, 7074
0.006, 7073
0.006, 7072
0.006, 7071
0.006, 7070
0.006, 7069
0.006, 7068
0.006, 7067
0.006, 7066
0.006, 7065
0.006, 7064
0.006, 7063
0.006, 7062
0.006, 7061
0.006, 7060
0.006, 7059
0.006, 7058
0.006, 7057
0.006, 7056
0.006, 7055
0.006, 7054
0.006, 7053
0.006, 7052
0.006, 7051
0.006, 7050
0.006, 7049
0.006, 7048
0.006, 7047
0.006, 7046
0.006, 7045
0.006, 7044
0.006, 7043
0.006, 7042
0.006, 7041
0.006, 7040
0.006, 7039
0.006, 7038
0.006, 7037
0.006, 7036
0.006, 7035
0.006, 7034
0.006, 7033
0.006, 7032
0.006, 7031
0.006, 7030
0.006, 7029
0.006, 7028
0.006, 7027
0.006, 7026
0.006, 7025
0.006, 7024
0.006, 7023
0.006, 7022
0.006, 7021
0.006, 7020
0.006, 7019
0.006, 7018
0.006, 7017
0.006, 7016
0.006, 7015
0.006, 7014
0.006, 7013
0.006, 7012
0.006, 7011
0.006, 7010
0.006, 7009
0.006, 7008
0.006, 7007
0.006, 7006
0.006, 7005
0.006, 7004
0.006, 7003
0.006, 7002
0.006, 7001
0.006, 7000
0.006, 6999
0.006, 6998
0.006, 6997
0.006, 6996
0.006, 6995
0.006, 6994
0.007, 6993
0.007, 6992
0.007, 6991
0.007, 6990
0.007, 6989
0.007, 6988
0.007, 6987
0.007, 6986
0.007, 6985
0.007, 6984
0.007, 6983
0.007, 6982
0.007, 6981
0.007, 6980
0.007, 6979
0.007, 6978
0.007, 6977
0.007, 6976
0.007, 6975
0.007, 6974
0.007, 6973
0.007, 6972
0.007, 6971
0.007, 6970
0.007, 6969
0.007, 6968
0.007, 6967
0.007, 6966
0.007, 6965
0.007, 6964
0.007, 6963
0.007, 6962
0.007, 6961
0.007, 6960
0.007, 6959
0.007, 6958
0.007, 6957
0.007, 6956
0.007, 6955
0.007, 6954
0.007, 6953
0.007, 6952
0.007, 6951
0.007, 6950
0.007, 6949
0.007, 6948
0.007, 6947
0.007, 6946
0.007, 6945
0.007, 6944
0.007, 6943
0.007, 6942
0.007, 6941
0.007, 6940
0.007, 6939
0.007, 6938
0.007, 6937
0.007, 6936
0.007, 6935
0.007, 6934
0.007, 6933
0.007, 6932
0.007, 6931
0.007, 6930
0.007, 6929
0.007, 6928
0.007, 6927
0.007, 6926
0.007, 6925
0.007, 6924
0.007, 6923
0.007, 6922
0.007, 6921
0.007, 6920
0.007, 6919
0.007, 6918
0.007, 6917
0.007, 6916
0.007, 6915
0.007, 6914
0.007, 6913
0.007, 6912
0.007, 6911
0.007, 6910
0.007, 6909
0.007, 6908
0.007, 6907
0.007, 6906
0.007, 6905
0.007, 6904
0.007, 6903
0.007, 6902
0.007, 6901
0.007, 6900
0.007, 6899
0.007, 6898
0.007, 6897
0.007, 6896
0.007, 6895
0.007, 6894
0.007, 6893
0.007, 6892
0.007, 6891
0.007, 6890
0.007, 6889
0.007, 6888
0.007, 6887
0.007, 6886
0.007, 6885
0.007, 6884
0.007, 6883
0.007, 6882
0.007, 6881
0.007, 6880
0.007, 6879
0.007, 6878
0.007, 6877
0.007, 6876
0.007, 6875
0.007, 6874
0.007, 6873
0.007, 6872
0.007, 6871
0.007, 6870
0.007, 6869
0.007, 6868
0.007, 6867
0.007, 6866
0.007, 6865
0.007, 6864
0.007, 6863
0.007, 6862
0.007, 6861
0.007, 6860
0.007, 6859
0.007, 6858
0.007, 6857
0.007, 6856
0.007, 6855
0.007, 6854
0.007, 6853
0.007, 6852
0.007, 6851
0.007, 6850
0.007, 6849
0.007, 6848
0.007, 6847
0.007, 6846
0.007, 6845
0.007, 6844
0.007, 6843
0.007, 6842
0.007, 6841
0.007, 6840
0.007, 6839
0.007, 6838
0.007, 6837
0.007, 6836
0.007, 6835
0.007, 6834
0.007, 6833
0.007, 6832
0.007, 6831
0.007, 6830
0.007, 6829
0.007, 6828
0.007, 6827
0.007, 6826
0.007, 6825
0.007, 6824
0.007, 6823
0.007, 6822
0.007, 6821
0.007, 6820
0.007, 6819
0.007, 6818
0.007, 6817
0.007, 6816
0.007, 6815
0.007, 6814
0.007, 6813
0.007, 6812
0.007, 6811
0.007, 6810
0.007, 6809
0.007, 6808
0.007, 6807
0.007, 6806
0.007, 6805
0.007, 6804
0.007, 6803
0.007, 6802
0.007, 6801
0.007, 6800
0.007, 6799
0.007, 6798
0.007, 6797
0.007, 6796
0.007, 6795
0.007, 6794
0.007, 6793
0.007, 6792
0.007, 6791
0.007, 6790
0.007, 6789
0.007, 6788
0.007, 6787
0.007, 6786
0.007, 6785
0.007, 6784
0.007, 6783
0.007, 6782
0.007, 6781
0.007, 6780
0.007, 6779
0.007, 6778
0.007, 6777
0.007, 6776
0.007, 6775
0.007, 6774
0.007, 6773
0.007, 6772
0.007, 6771
0.007, 6770
0.007, 6769
0.007, 6768
0.007, 6767
0.007, 6766
0.007, 6765
0.007, 6764
0.007, 6763
0.007, 6762
0.007, 6761
0.007, 6760
0.007, 6759
0.007, 6758
0.007, 6757
0.007, 6756
0.007, 6755
0.007, 6754
0.007, 6753
0.007, 6752
0.007, 6751
0.007, 6750
0.007, 6749
0.007, 6748
0.007, 6747
0.007, 6746
0.007, 6745
0.007, 6744
0.007, 6743
0.007, 6742
0.007, 6741
0.007, 6740
0.007, 6739
0.007, 6738
0.007, 6737
0.007, 6736
0.007, 6735
0.007, 6734
0.007, 6733
0.007, 6732
0.007, 6731
0.007, 6730
0.007, 6729
0.007, 6728
0.007, 6727
0.007, 6726
0.007, 6725
0.007, 6724
0.007, 6723
0.007, 6722
0.007, 6721
0.007, 6720
0.007, 6719
0.007, 6718
0.007, 6717
0.007, 6716
0.007, 6715
0.007, 6714
0.007, 6713
0.007, 6712
0.007, 6711
0.007, 6710
0.007, 6709
0.007, 6708
0.007, 6707
0.007, 6706
0.007, 6705
0.007, 6704
0.007, 6703
0.007, 6702
0.007, 6701
0.007, 6700
0.007, 6699
0.007, 6698
0.007, 6697
0.007, 6696
0.007, 6695
0.007, 6694
0.007, 6693
0.007, 6692
0.007, 6691
0.007, 6690
0.007, 6689
0.007, 6688
0.007, 6687
0.007, 6686
0.007, 6685
0.007, 6684
0.007, 6683
0.007, 6682
0.007, 6681
0.007, 6680
0.007, 6679
0.007, 6678
0.007, 6677
0.007, 6676
0.007, 6675
0.007, 6674
0.007, 6673
0.007, 6672
0.007, 6671
0.007, 6670
0.007, 6669
0.007, 6668
0.007, 6667
0.007, 6666
0.007, 6665
0.007, 6664
0.007, 6663
0.007, 6662
0.007, 6661
0.008, 6660
0.008, 6659
0.008, 6658
0.008, 6657
0.008, 6656
0.008, 6655
0.008, 6654
0.008, 6653
0.008, 6652
0.008, 6651
0.008, 6650
0.008, 6649
0.008, 6648
0.008, 6647
0.008, 6646
0.008, 6645
0.008, 6644
0.008, 6643
0.008, 6642
0.008, 6641
0.008, 6640
0.008, 6639
0.008, 6638
0.008, 6637
0.008, 6636
0.008, 6635
0.008, 6634
0.008, 6633
0.008, 6632
0.008, 6631
0.008, 6630
0.008, 6629
0.008, 6628
0.008, 6627
0.008, 6626
0.008, 6625
0.008, 6624
0.008, 6623
0.008, 6622
0.008, 6621
0.008, 6620
0.008, 6619
0.008, 6618
0.008, 6617
0.008, 6616
0.008, 6615
0.008, 6614
0.008, 6613
0.008, 6612
0.008, 6611
0.008, 6610
0.008, 6609
0.008, 6608
0.008, 6607
0.008, 6606
0.008, 6605
0.008, 6604
0.008, 6603
0.008, 6602
0.008, 6601
0.008, 6600
0.008, 6599
0.008, 6598
0.008, 6597
0.008, 6596
0.008, 6595
0.008, 6594
0.008, 6593
0.008, 6592
0.008, 6591
0.008, 6590
0.008, 6589
0.008, 6588
0.008, 6587
0.008, 6586
0.008, 6585
0.008, 6584
0.008, 6583
0.008, 6582
0.008, 6581
0.008, 6580
0.008, 6579
0.008, 6578
0.008, 6577
0.008, 6576
0.008, 6575
0.008, 6574
0.008, 6573
0.008, 6572
0.008, 6571
0.008, 6570
0.008, 6569
0.008, 6568
0.008, 6567
0.008, 6566
0.008, 6565
0.008, 6564
0.008, 6563
0.008, 6562
0.008, 6561
0.008, 6560
0.008, 6559
0.008, 6558
0.008, 6557
0.008, 6556
0.008, 6555
0.008, 6554
0.008, 6553
0.008, 6552
0.008, 6551
0.008, 6550
0.008, 6549
0.008, 6548
0.008, 6547
0.008, 6546
0.008, 6545
0.008, 6544
0.008, 6543
0.008, 6542
0.008, 6541
0.008, 6540
0.008, 6539
0.008, 6538
0.008, 6537
0.008, 6536
0.008, 6535
0.008, 6534
0.008, 6533
0.008, 6532
0.008, 6531
0.008, 6530
0.008, 6529
0.008, 6528
0.008, 6527
0.008, 6526
0.008, 6525
0.008, 6524
0.008, 6523
0.008, 6522
0.008, 6521
0.008, 6520
0.008, 6519
0.008, 6518
0.008, 6517
0.008, 6516
0.008, 6515
0.008, 6514
0.008, 6513
0.008, 6512
0.008, 6511
0.008, 6510
0.008, 6509
0.008, 6508
0.008, 6507
0.008, 6506
0.008, 6505
0.008, 6504
0.008, 6503
0.008, 6502
0.008, 6501
0.008, 6500
0.008, 6499
0.008, 6498
0.008, 6497
0.008, 6496
0.008, 6495
0.008, 6494
0.008, 6493
0.008, 6492
0.008, 6491
0.008, 6490
0.008, 6489
0.008, 6488
0.008, 6487
0.008, 6486
0.008, 6485
0.008, 6484
0.008, 6483
0.008, 6482
0.008, 6481
0.008, 6480
0.008, 6479
0.008, 6478
0.008, 6477
0.008, 6476
0.008, 6475
0.008, 6474
0.008, 6473
0.008, 6472
0.008, 6471
0.008, 6470
0.008, 6469
0.008, 6468
0.008, 6467
0.008, 6466
0.008, 6465
0.008, 6464
0.008, 6463
0.008, 6462
0.008, 6461
0.008, 6460
0.008, 6459
0.008, 6458
0.008, 6457
0.008, 6456
0.008, 6455
0.008, 6454
0.008, 6453
0.008, 6452
0.008, 6451
0.008, 6450
0.008, 6449
0.008, 6448
0.008, 6447
0.008, 6446
0.008, 6445
0.008, 6444
0.008, 6443
0.008, 6442
0.008, 6441
0.008, 6440
0.008, 6439
0.008, 6438
0.008, 6437
0.008, 6436
0.008, 6435
0.008, 6434
0.008, 6433
0.008, 6432
0.008, 6431
0.008, 6430
0.008, 6429
0.008, 6428
0.008, 6427
0.008, 6426
0.008, 6425
0.008, 6424
0.008, 6423
0.008, 6422
0.008, 6421
0.008, 6420
0.008, 6419
0.008, 6418
0.008, 6417
0.008, 6416
0.008, 6415
0.008, 6414
0.008, 6413
0.008, 6412
0.008, 6411
0.008, 6410
0.008, 6409
0.008, 6408
0.008, 6407
0.008, 6406
0.008, 6405
0.008, 6404
0.008, 6403
0.008, 6402
0.008, 6401
0.008, 6400
0.008, 6399
0.008, 6398
0.008, 6397
0.008, 6396
0.008, 6395
0.008, 6394
0.008, 6393
0.008, 6392
0.008, 6391
0.008, 6390
0.008, 6389
0.008, 6388
0.008, 6387
0.008, 6386
0.008, 6385
0.008, 6384
0.008, 6383
0.008, 6382
0.008, 6381
0.008, 6380
0.008, 6379
0.008, 6378
0.008, 6377
0.008, 6376
0.008, 6375
0.008, 6374
0.008, 6373
0.008, 6372
0.008, 6371
0.008, 6370
0.008, 6369
0.008, 6368
0.008, 6367
0.008, 6366
0.008, 6365
0.008, 6364
0.008, 6363
0.008, 6362
0.008, 6361
0.008, 6360
0.008, 6359
0.008, 6358
0.008, 6357
0.008, 6356
0.008, 6355
0.008, 6354
0.008, 6353
0.008, 6352
0.008, 6351
0.008, 6350
0.008, 6349
0.008, 6348
0.008, 6347
0.008, 6346
0.008, 6345
0.008, 6344
0.008, 6343
0.008, 6342
0.008, 6341
0.008, 6340
0.008, 6339
0.008, 6338
0.008, 6337
0.008, 6336
0.008, 6335
0.008, 6334
0.008, 6333
0.008, 6332
0.008, 6331
0.008, 6330
0.008, 6329
0.008, 6328
0.009, 6327
0.009, 6326
0.009, 6325
0.009, 6324
0.009, 6323
0.009, 6322
0.009, 6321
0.009, 6320
0.009, 6319
0.009, 6318
0.009, 6317
0.009, 6316
0.009, 6315
0.009, 6314
0.009, 6313
0.009, 6312
0.009, 6311
0.009, 6310
0.009, 6309
0.009, 6308
0.009, 6307
0.009, 6306
0.009, 6305
0.009, 6304
0.009, 6303
0.009, 6302
0.009, 6301
0.009, 6300
0.009, 6299
0.009, 6298
0.009, 6297
0.009, 6296
0.009, 6295
0.009, 6294
0.009, 6293
0.009, 6292
0.009, 6291
0.009, 6290
0.009, 6289
0.009, 6288
0.009, 6287
0.009, 6286
0.009, 6285
0.009, 6284
0.009, 6283
0.009, 6282
0.009, 6281
0.009, 6280
0.009, 6279
0.009, 6278
0.009, 6277
0.009, 6276
0.009, 6275
0.009, 6274
0.009, 6273
0.009, 6272
0.009, 6271
0.009, 6270
0.009, 6269
0.009, 6268
0.009, 6267
0.009, 6266
0.009, 6265
0.009, 6264
0.009, 6263
0.009, 6262
0.009, 6261
0.009, 6260
0.009, 6259
0.009, 6258
0.009, 6257
0.009, 6256
0.009, 6255
0.009, 6254
0.009, 6253
0.009, 6252
0.009, 6251
0.009, 6250
0.009, 6249
0.009, 6248
0.009, 6247
0.009, 6246
0.009, 6245
0.009, 6244
0.009, 6243
0.009, 6242
0.009, 6241
0.009, 6240
0.009, 6239
0.009, 6238
0.009, 6237
0.009, 6236
0.009, 6235
0.009, 6234
0.009, 6233
0.009, 6232
0.009, 6231
0.009, 6230
0.009, 6229
0.009, 6228
0.009, 6227
0.009, 6226
0.009, 6225
0.009, 6224
0.009, 6223
0.009, 6222
0.009, 6221
0.009, 6220
0.009, 6219
0.009, 6218
0.009, 6217
0.009, 6216
0.009, 6215
0.009, 6214
0.009, 6213
0.009, 6212
0.009, 6211
0.009, 6210
0.009, 6209
0.009, 6208
0.009, 6207
0.009, 6206
0.009, 6205
0.009, 6204
0.009, 6203
0.009, 6202
0.009, 6201
0.009, 6200
0.009, 6199
0.009, 6198
0.009, 6197
0.009, 6196
0.009, 6195
0.009, 6194
0.009, 6193
0.009, 6192
0.009, 6191
0.009, 6190
0.009, 6189
0.009, 6188
0.009, 6187
0.009, 6186
0.009, 6185
0.009, 6184
0.009, 6183
0.009, 6182
0.009, 6181
0.009, 6180
0.009, 6179
0.009, 6178
0.009, 6177
0.009, 6176
0.009, 6175
0.009, 6174
0.009, 6173
0.009, 6172
0.009, 6171
0.009, 6170
0.009, 6169
0.009, 6168
0.009, 6167
0.009, 6166
0.009, 6165
0.009, 6164
0.009, 6163
0.009, 6162
0.009, 6161
0.009, 6160
0.009, 6159
0.009, 6158
0.009, 6157
0.009, 6156
0.009, 6155
0.009, 6154
0.009, 6153
0.009, 6152
0.009, 6151
0.009, 6150
0.009, 6149
0.009, 6148
0.009, 6147
0.009, 6146
0.009, 6145
0.009, 6144
0.009, 6143
0.009, 6142
0.009, 6141
0.009, 6140
0.009, 6139
0.009, 6138
0.009, 6137
0.009, 6136
0.009, 6135
0.009, 6134
0.009, 6133
0.009, 6132
0.009, 6131
0.009, 6130
0.009, 6129
0.009, 6128
0.009, 6127
0.009, 6126
0.009, 6125
0.009, 6124
0.009, 6123
0.009, 6122
0.009, 6121
0.009, 6120
0.009, 6119
0.009, 6118
0.009, 6117
0.009, 6116
0.009, 6115
0.009, 6114
0.009, 6113
0.009, 6112
0.009, 6111
0.009, 6110
0.009, 6109
0.009, 6108
0.009, 6107
0.009, 6106
0.009, 6105
0.009, 6104
0.009, 6103
0.009, 6102
0.009, 6101
0.009, 6100
0.009, 6099
0.009, 6098
0.009, 6097
0.009, 6096
0.009, 6095
0.009, 6094
0.009, 6093
0.009, 6092
0.009, 6091
0.009, 6090
0.009, 6089
0.009, 6088
0.009, 6087
0.009, 6086
0.009, 6085
0.009, 6084
0.009, 6083
0.009, 6082
0.009, 6081
0.009, 6080
0.009, 6079
0.009, 6078
0.009, 6077
0.009, 6076
0.009, 6075
0.009, 6074
0.009, 6073
0.009, 6072
0.009, 6071
0.009, 6070
0.009, 6069
0.009, 6068
0.009, 6067
0.009, 6066
0.009, 6065
0.009, 6064
0.009, 6063
0.009, 6062
0.009, 6061
0.009, 6060
0.009, 6059
0.009, 6058
0.009, 6057
0.009, 6056
0.009, 6055
0.009, 6054
0.009, 6053
0.009, 6052
0.009, 6051
0.009, 6050
0.009, 6049
0.009, 6048
0.009, 6047
0.009, 6046
0.009, 6045
0.009, 6044
0.009, 6043
0.009, 6042
0.009, 6041
0.009, 6040
0.009, 6039
0.009, 6038
0.009, 6037
0.009, 6036
0.009, 6035
0.009, 6034
0.009, 6033
0.009, 6032
0.009, 6031
0.009, 6030
0.009, 6029
0.009, 6028
0.009, 6027
0.009, 6026
0.009, 6025
0.009, 6024
0.009, 6023
0.009, 6022
0.009, 6021
0.009, 6020
0.009, 6019
0.009, 6018
0.009, 6017
0.009, 6016
0.009, 6015
0.009, 6014
0.009, 6013
0.009, 6012
0.009, 6011
0.009, 6010
0.009, 6009
0.009, 6008
0.009, 6007
0.009, 6006
0.009, 6005
0.009, 6004
0.009, 6003
0.009, 6002
0.009, 6001
0.009, 6000
0.010, 5999
0.010, 5998
0.010, 5997
0.010, 5996
0.010, 5995
0.010, 5994
0.010, 5993
0.010, 5992
0.010, 5991
0.010, 5990
0.010, 5989
0.010, 5988
0.010, 5987
0.010, 5986
0.010, 5985
0.010, 5984
0.010, 5983
0.010, 5982
0.010, 5981
0.010, 5980
0.010, 5979
0.010, 5978
0.010, 5977
0.010, 5976
0.010, 5975
0.010, 5974
0.010, 5973
0.010, 5972
0.010, 5971
0.010, 5970
0.010, 5969
0.010, 5968
0.010, 5967
0.010, 5966
0.010, 5965
0.010, 5964
0.010, 5963
0.010, 5962
0.010, 5961
0.010, 5960
0.010, 5959
0.010, 5958
0.010, 5957
0.010, 5956
0.010, 5955
0.010, 5954
0.010, 5953
0.010, 5952
0.010, 5951
0.010, 5950
0.010, 5949
0.010, 5948
0.010, 5947
0.010, 5946
0.010, 5945
0.010, 5944
0.010, 5943
0.010, 5942
0.010, 5941
0.010, 5940
0.010, 5939
0.010, 5938
0.010, 5937
0.010, 5936
0.010, 5935
0.010, 5934
0.010, 5933
0.010, 5932
0.010, 5931
0.010, 5930
0.010, 5929
0.010, 5928
0.010, 5927
0.010, 5926
0.010, 5925
0.010, 5924
0.010, 5923
0.010, 5922
0.010, 5921
0.010, 5920
0.010, 5919
0.010, 5918
0.010, 5917
0.010, 5916
0.010, 5915
0.010, 5914
0.010, 5913
0.010, 5912
0.010, 5911
0.010, 5910
0.010, 5909
0.010, 5908
0.010, 5907
0.010, 5906
0.010, 5905
0.010, 5904
0.010, 5903
0.010, 5902
0.010, 5901
0.010, 5900
0.010, 5899
0.010, 5898
0.010, 5897
0.010, 5896
0.010, 5895
0.010, 5894
0.010, 5893
0.010, 5892
0.010, 5891
0.010, 5890
0.010, 5889
0.010, 5888
0.010, 5887
0.010, 5886
0.010, 5885
0.010, 5884
0.010, 5883
0.010, 5882
0.010, 5881
0.010, 5880
0.010, 5879
0.010, 5878
0.010, 5877
0.010, 5876
0.010, 5875
0.010, 5874
0.010, 5873
0.010, 5872
0.010, 5871
0.010, 5870
0.010, 5869
0.010, 5868
0.010, 5867
0.010, 5866
0.010, 5865
0.010, 5864
0.010, 5863
0.010, 5862
0.010, 5861
0.010, 5860
0.010, 5859
0.010, 5858
0.010, 5857
0.010, 5856
0.010, 5855
0.010, 5854
0.010, 5853
0.010, 5852
0.010, 5851
0.010, 5850
0.010, 5849
0.010, 5848
0.010, 5847
0.010, 5846
0.010, 5845
0.010, 5844
0.010, 5843
0.010, 5842
0.010, 5841
0.010, 5840
0.010, 5839
0.010, 5838
0.010, 5837
0.010, 5836
0.010, 5835
0.010, 5834
0.010, 5833
0.010, 5832
0.010, 5831
0.010, 5830
0.010, 5829
0.010, 5828
0.010, 5827
0.010, 5826
0.010, 5825
0.010, 5824
0.010, 5823
0.010, 5822
0.010, 5821
0.010, 5820
0.010, 5819
0.010, 5818
0.010, 5817
0.010, 5816
0.010, 5815
0.010, 5814
0.010, 5813
0.010, 5812
0.010, 5811
0.010, 5810
0.010, 5809
0.010, 5808
0.010, 5807
0.010, 5806
0.010, 5805
0.010, 5804
0.010, 5803
0.010, 5802
0.010, 5801
0.010, 5800
0.010, 5799
0.010, 5798
0.010, 5797
0.010, 5796
0.010, 5795
0.010, 5794
0.010, 5793
0.010, 5792
0.010, 5791
0.010, 5790
0.010, 5789
0.010, 5788
0.010, 5787
0.010, 5786
0.010, 5785
0.010, 5784
0.010, 5783
0.010, 5782
0.010, 5781
0.010, 5780
0.010, 5779
0.010, 5778
0.010, 5777
0.010, 5776
0.010, 5775
0.010, 5774
0.010, 5773
0.010, 5772
0.010, 5771
0.010, 5770
0.010, 5769
0.010, 5768
0.010, 5767
0.010, 5766
0.010, 5765
0.010, 5764
0.010, 5763
0.010, 5762
0.010, 5761
0.010, 5760
0.010, 5759
0.010, 5758
0.010, 5757
0.010, 5756
0.010, 5755
0.010, 5754
0.010, 5753
0.010, 5752
0.010, 5751
0.010, 5750
0.010, 5749
0.010, 5748
0.010, 5747
0.010, 5746
0.010, 5745
0.010, 5744
0.010, 5743
0.010, 5742
0.010, 5741
0.010, 5740
0.010, 5739
0.010, 5738
0.010, 5737
0.010, 5736
0.010, 5735
0.010, 5734
0.010, 5733
0.010, 5732
0.010, 5731
0.010, 5730
0.010, 5729
0.010, 5728
0.010, 5727
0.010, 5726
0.010, 5725
0.010, 5724
0.010, 5723
0.010, 5722
0.010, 5721
0.010, 5720
0.010, 5719
0.010, 5718
0.010, 5717
0.010, 5716
0.010, 5715
0.010, 5714
0.010, 5713
0.010, 5712
0.010, 5711
0.010, 5710
0.010, 5709
0.010, 5708
0.010, 5707
0.010, 5706
0.010, 5705
0.010, 5704
0.010, 5703
0.010, 5702
0.010, 5701
0.010, 5700
0.010, 5699
0.010, 5698
0.010, 5697
0.010, 5696
0.011, 5695
0.011, 5694
0.011, 5693
0.011, 5692
0.011, 5691
0.011, 5690
0.011, 5689
0.011, 5688
0.011, 5687
0.011, 5686
0.011, 5685
0.011, 5684
0.011, 5683
0.011, 5682
0.011, 5681
0.011, 5680
0.011, 5679
0.011, 5678
0.011, 5677
0.011, 5676
0.011, 5675
0.011, 5674
0.011, 5673
0.011, 5672
0.011, 5671
0.011, 5670
0.011, 5669
0.011, 5668
0.011, 5667
0.011, 5666
0.011, 5665
0.011, 5664
0.011, 5663
0.011, 5662
0.011, 5661
0.011, 5660
0.011, 5659
0.011, 5658
0.011, 5657
0.011, 5656
0.011, 5655
0.011, 5654
0.011, 5653
0.011, 5652
0.011, 5651
0.011, 5650
0.011, 5649
0.011, 5648
0.011, 5647
0.011, 5646
0.011, 5645
0.011, 5644
0.011, 5643
0.011, 5642
0.011, 5641
0.011, 5640
0.011, 5639
0.011, 5638
0.011, 5637
0.011, 5636
0.011, 5635
0.011, 5634
0.011, 5633
0.011, 5632
0.011, 5631
0.011, 5630
0.011, 5629
0.011, 5628
0.011, 5627
0.011, 5626
0.011, 5625
0.011, 5624
0.011, 5623
0.011, 5622
0.011, 5621
0.011, 5620
0.011, 5619
0.011, 5618
0.011, 5617
0.011, 5616
0.011, 5615
0.011, 5614
0.011, 5613
0.011, 5612
0.011, 5611
0.011, 5610
0.011, 5609
0.011, 5608
0.011, 5607
0.011, 5606
0.011, 5605
0.011, 5604
0.011, 5603
0.011, 5602
0.011, 5601
0.011, 5600
0.011, 5599
0.011, 5598
0.011, 5597
0.011, 5596
0.011, 5595
0.011, 5594
0.011, 5593
0.011, 5592
0.011, 5591
0.011, 5590
0.011, 5589
0.011, 5588
0.011, 5587
0.011, 5586
0.011, 5585
0.011, 5584
0.011, 5583
0.011, 5582
0.011, 5581
0.011, 5580
0.011, 5579
0.011, 5578
0.011, 5577
0.011, 5576
0.011, 5575
0.011, 5574
0.011, 5573
0.011, 5572
0.011, 5571
0.011, 5570
0.011, 5569
0.011, 5568
0.011, 5567
0.011, 5566
0.011, 5565
0.011, 5564
0.011, 5563
0.011, 5562
0.011, 5561
0.011, 5560
0.011, 5559
0.011, 5558
0.011, 5557
0.011, 5556
0.011, 5555
0.011, 5554
0.011, 5553
0.011, 5552
0.011, 5551
0.011, 5550
0.011, 5549
0.011, 5548
0.011, 5547
0.011, 5546
0.011, 5545
0.011, 5544
0.011, 5543
0.011, 5542
0.011, 5541
0.011, 5540
0.011, 5539
0.011, 5538
0.011, 5537
0.011, 5536
0.011, 5535
0.011, 5534
0.011, 5533
0.011, 5532
0.011, 5531
0.011, 5530
0.011, 5529
0.011, 5528
0.011, 5527
0.011, 5526
0.011, 5525
0.011, 5524
0.011, 5523
0.011, 5522
0.011, 5521
0.011, 5520
0.011, 5519
0.011, 5518
0.011, 5517
0.011, 5516
0.011, 5515
0.011, 5514
0.011, 5513
0.011, 5512
0.011, 5511
0.011, 5510
0.011, 5509
0.011, 5508
0.011, 5507
0.011, 5506
0.011, 5505
0.011, 5504
0.011, 5503
0.011, 5502
0.011, 5501
0.011, 5500
0.011, 5499
0.011, 5498
0.011, 5497
0.011, 5496
0.011, 5495
0.011, 5494
0.011, 5493
0.011, 5492
0.011, 5491
0.011, 5490
0.011, 5489
0.011, 5488
0.011, 5487
0.011, 5486
0.011, 5485
0.011, 5484
0.011, 5483
0.011, 5482
0.011, 5481
0.011, 5480
0.011, 5479
0.011, 5478
0.011, 5477
0.011, 5476
0.011, 5475
0.011, 5474
0.011, 5473
0.011, 5472
0.011, 5471
0.011, 5470
0.011, 5469
0.011, 5468
0.011, 5467
0.011, 5466
0.011, 5465
0.011, 5464
0.011, 5463
0.011, 5462
0.011, 5461
0.011, 5460
0.011, 5459
0.011, 5458
0.011, 5457
0.011, 5456
0.011, 5455
0.011, 5454
0.011, 5453
0.011, 5452
0.011, 5451
0.011, 5450
0.012, 5449
0.012, 5448
0.012, 5447
0.012, 5446
0.012, 5445
0.012, 5444
0.012, 5443
0.012, 5442
0.012, 5441
0.012, 5440
0.012, 5439
0.012, 5438
0.012, 5437
0.012, 5436
0.012, 5435
0.012, 5434
0.012, 5433
0.012, 5432
0.012, 5431
0.012, 5430
0.012, 5429
0.012, 5428
0.012, 5427
0.012, 5426
0.012, 5425
0.012, 5424
0.012, 5423
0.012, 5422
0.012, 5421
0.012, 5420
0.012, 5419
0.012, 5418
0.012, 5417
0.012, 5416
0.012, 5415
0.012, 5414
0.012, 5413
0.012, 5412
0.012, 5411
0.012, 5410
0.012, 5409
0.012, 5408
0.012, 5407
0.012, 5406
0.012, 5405
0.012, 5404
0.012, 5403
0.012, 5402
0.012, 5401
0.012, 5400
0.012, 5399
0.012, 5398
0.012, 5397
0.012, 5396
0.012, 5395
0.012, 5394
0.012, 5393
0.012, 5392
0.012, 5391
0.012, 5390
0.012, 5389
0.012, 5388
0.012, 5387
0.012, 5386
0.012, 5385
0.012, 5384
0.012, 5383
0.012, 5382
0.012, 5381
0.012, 5380
0.012, 5379
0.012, 5378
0.012, 5377
0.012, 5376
0.012, 5375
0.012, 5374
0.012, 5373
0.012, 5372
0.012, 5371
0.012, 5370
0.012, 5369
0.012, 5368
0.012, 5367
0.012, 5366
0.012, 5365
0.012, 5364
0.012, 5363
0.012, 5362
0.012, 5361
0.012, 5360
0.012, 5359
0.012, 5358
0.012, 5357
0.012, 5356
0.012, 5355
0.012, 5354
0.012, 5353
0.012, 5352
0.012, 5351
0.012, 5350
0.012, 5349
0.012, 5348
0.012, 5347
0.012, 5346
0.012, 5345
0.012, 5344
0.012, 5343
0.012, 5342
0.012, 5341
0.012, 5340
0.012, 5339
0.012, 5338
0.012, 5337
0.012, 5336
0.012, 5335
0.012, 5334
0.012, 5333
0.012, 5332
0.012, 5331
0.012, 5330
0.012, 5329
0.012, 5328
0.012, 5327
0.012, 5326
0.012, 5325
0.012, 5324
0.012, 5323
0.012, 5322
0.012, 5321
0.012, 5320
0.012, 5319
0.012, 5318
0.012, 5317
0.012, 5316
0.012, 5315
0.012, 5314
0.012, 5313
0.012, 5312
0.012, 5311
0.012, 5310
0.012, 5309
0.012, 5308
0.012, 5307
0.012, 5306
0.012, 5305
0.012, 5304
0.012, 5303
0.012, 5302
0.012, 5301
0.012, 5300
0.012, 5299
0.012, 5298
0.012, 5297
0.012, 5296
0.012, 5295
0.012, 5294
0.012, 5293
0.012, 5292
0.012, 5291
0.012, 5290
0.012, 5289
0.012, 5288
0.012, 5287
0.012, 5286
0.012, 5285
0.012, 5284
0.012, 5283
0.012, 5282
0.012, 5281
0.012, 5280
0.012, 5279
0.012, 5278
0.012, 5277
0.012, 5276
0.012, 5275
0.012, 5274
0.012, 5273
0.012, 5272
0.012, 5271
0.012, 5270
0.012, 5269
0.012, 5268
0.012, 5267
0.012, 5266
0.012, 5265
0.012, 5264
0.012, 5263
0.012, 5262
0.012, 5261
0.012, 5260
0.012, 5259
0.012, 5258
0.012, 5257
0.012, 5256
0.012, 5255
0.012, 5254
0.012, 5253
0.012, 5252
0.012, 5251
0.012, 5250
0.012, 5249
0.012, 5248
0.012, 5247
0.012, 5246
0.012, 5245
0.012, 5244
0.012, 5243
0.012, 5242
0.012, 5241
0.012, 5240
0.012, 5239
0.012, 5238
0.012, 5237
0.012, 5236
0.012, 5235
0.012, 5234
0.012, 5233
0.012, 5232
0.012, 5231
0.012, 5230
0.012, 5229
0.012, 5228
0.012, 5227
0.012, 5226
0.012, 5225
0.012, 5224
0.012, 5223
0.012, 5222
0.012, 5221
0.012, 5220
0.012, 5219
0.012, 5218
0.012, 5217
0.012, 5216
0.012, 5215
0.012, 5214
0.012, 5213
0.012, 5212
0.012, 5211
0.012, 5210
0.012, 5209
0.012, 5208
0.012, 5207
0.012, 5206
0.012, 5205
0.012, 5204
0.012, 5203
0.012, 5202
0.012, 5201
0.012, 5200
0.012, 5199
0.012, 5198
0.012, 5197
0.012, 5196
0.012, 5195
0.012, 5194
0.012, 5193
0.012, 5192
0.012, 5191
0.012, 5190
0.012, 5189
0.012, 5188
0.012, 5187
0.012, 5186
0.012, 5185
0.012, 5184
0.012, 5183
0.012, 5182
0.012, 5181
0.012, 5180
0.012, 5179
0.012, 5178
0.012, 5177
0.012, 5176
0.012, 5175
0.012, 5174
0.012, 5173
0.012, 5172
0.012, 5171
0.012, 5170
0.012, 5169
0.012, 5168
0.012, 5167
0.012, 5166
0.012, 5165
0.012, 5164
0.012, 5163
0.012, 5162
0.012, 5161
0.012, 5160
0.012, 5159
0.012, 5158
0.012, 5157
0.012, 5156
0.012, 5155
0.012, 5154
0.012, 5153
0.012, 5152
0.012, 5151
0.012, 5150
0.012, 5149
0.012, 5148
0.012, 5147
0.012, 5146
0.012, 5145
0.012, 5144
0.012, 5143
0.012, 5142
0.012, 5141
0.012, 5140
0.012, 5139
0.012, 5138
0.013, 5137
0.013, 5136
0.013, 5135
0.013, 5134
0.013, 5133
0.013, 5132
0.013, 5131
0.013, 5130
0.013, 5129
0.013, 5128
0.013, 5127
0.013, 5126
0.013, 5125
0.013, 5124
0.013, 5123
0.013, 5122
0.013, 5121
0.013, 5120
0.013, 5119
0.013, 5118
0.013, 5117
0.013, 5116
0.013, 5115
0.013, 5114
0.013, 5113
0.013, 5112
0.013, 5111
0.013, 5110
0.013, 5109
0.013, 5108
0.013, 5107
0.013, 5106
0.013, 5105
0.013, 5104
0.013, 5103
0.013, 5102
0.013, 5101
0.013, 5100
0.013, 5099
0.013, 5098
0.013, 5097
0.013, 5096
0.013, 5095
0.013, 5094
0.013, 5093
0.013, 5092
0.013, 5091
0.013, 5090
0.013, 5089
0.013, 5088
0.013, 5087
0.013, 5086
0.013, 5085
0.013, 5084
0.013, 5083
0.013, 5082
0.013, 5081
0.013, 5080
0.013, 5079
0.013, 5078
0.013, 5077
0.013, 5076
0.013, 5075
0.013, 5074
0.013, 5073
0.013, 5072
0.013, 5071
0.013, 5070
0.013, 5069
0.013, 5068
0.013, 5067
0.013, 5066
0.013, 5065
0.013, 5064
0.013, 5063
0.013, 5062
0.013, 5061
0.013, 5060
0.013, 5059
0.013, 5058
0.013, 5057
0.013, 5056
0.013, 5055
0.013, 5054
0.013, 5053
0.013, 5052
0.013, 5051
0.013, 5050
0.013, 5049
0.013, 5048
0.013, 5047
0.013, 5046
0.013, 5045
0.013, 5044
0.013, 5043
0.013, 5042
0.013, 5041
0.013, 5040
0.013, 5039
0.013, 5038
0.013, 5037
0.013, 5036
0.013, 5035
0.013, 5034
0.013, 5033
0.013, 5032
0.013, 5031
0.013, 5030
0.013, 5029
0.013, 5028
0.013, 5027
0.013, 5026
0.013, 5025
0.013, 5024
0.013, 5023
0.013, 5022
0.013, 5021
0.013, 5020
0.013, 5019
0.013, 5018
0.013, 5017
0.013, 5016
0.013, 5015
0.013, 5014
0.013, 5013
0.013, 5012
0.013, 5011
0.013, 5010
0.013, 5009
0.013, 5008
0.013, 5007
0.013, 5006
0.013, 5005
0.013, 5004
0.013, 5003
0.013, 5002
0.013, 5001
0.013, 5000
0.013, 4999
0.013, 4998
0.013, 4997
0.013, 4996
0.013, 4995
0.013, 4994
0.013, 4993
0.013, 4992
0.013, 4991
0.013, 4990
0.013, 4989
0.013, 4988
0.013, 4987
0.013, 4986
0.013, 4985
0.013, 4984
0.013, 4983
0.013, 4982
0.013, 4981
0.013, 4980
0.013, 4979
0.013, 4978
0.013, 4977
0.013, 4976
0.013, 4975
0.013, 4974
0.013, 4973
0.013, 4972
0.013, 4971
0.013, 4970
0.013, 4969
0.013, 4968
0.013, 4967
0.013, 4966
0.013, 4965
0.013, 4964
0.013, 4963
0.013, 4962
0.013, 4961
0.013, 4960
0.013, 4959
0.013, 4958
0.013, 4957
0.013, 4956
0.013, 4955
0.013, 4954
0.013, 4953
0.013, 4952
0.013, 4951
0.013, 4950
0.013, 4949
0.013, 4948
0.013, 4947
0.013, 4946
0.013, 4945
0.013, 4944
0.013, 4943
0.013, 4942
0.013, 4941
0.013, 4940
0.013, 4939
0.013, 4938
0.013, 4937
0.013, 4936
0.013, 4935
0.013, 4934
0.013, 4933
0.013, 4932
0.013, 4931
0.013, 4930
0.013, 4929
0.013, 4928
0.013, 4927
0.013, 4926
0.013, 4925
0.013, 4924
0.013, 4923
0.013, 4922
0.013, 4921
0.013, 4920
0.013, 4919
0.013, 4918
0.013, 4917
0.013, 4916
0.013, 4915
0.013, 4914
0.013, 4913
0.013, 4912
0.013, 4911
0.013, 4910
0.013, 4909
0.013, 4908
0.013, 4907
0.013, 4906
0.013, 4905
0.013, 4904
0.013, 4903
0.013, 4902
0.013, 4901
0.013, 4900
0.013, 4899
0.013, 4898
0.013, 4897
0.013, 4896
0.013, 4895
0.013, 4894
0.013, 4893
0.013, 4892
0.013, 4891
0.013, 4890
0.013, 4889
0.013, 4888
0.013, 4887
0.013, 4886
0.013, 4885
0.013, 4884
0.013, 4883
0.013, 4882
0.013, 4881
0.013, 4880
0.013, 4879
0.013, 4878
0.013, 4877
0.013, 4876
0.013, 4875
0.013, 4874
0.013, 4873
0.013, 4872
0.013, 4871
0.013, 4870
0.013, 4869
0.013, 4868
0.013, 4867
0.013, 4866
0.013, 4865
0.013, 4864
0.013, 4863
0.013, 4862
0.013, 4861
0.013, 4860
0.013, 4859
0.013, 4858
0.013, 4857
0.013, 4856
0.013, 4855
0.013, 4854
0.013, 4853
0.013, 4852
0.013, 4851
0.013, 4850
0.014, 4849
0.014, 4848
0.014, 4847
0.014, 4846
0.014, 4845
0.014, 4844
0.014, 4843
0.014, 4842
0.014, 4841
0.014, 4840
0.014, 4839
0.014, 4838
0.014, 4837
0.014, 4836
0.014, 4835
0.014, 4834
0.014, 4833
0.014, 4832
0.014, 4831
0.014, 4830
0.014, 4829
0.014, 4828
0.014, 4827
0.014, 4826
0.014, 4825
0.014, 4824
0.014, 4823
0.014, 4822
0.014, 4821
0.014, 4820
0.014, 4819
0.014, 4818
0.014, 4817
0.014, 4816
0.014, 4815
0.014, 4814
0.014, 4813
0.014, 4812
0.014, 4811
0.014, 4810
0.014, 4809
0.014, 4808
0.014, 4807
0.014, 4806
0.014, 4805
0.014, 4804
0.014, 4803
0.014, 4802
0.014, 4801
0.014, 4800
0.014, 4799
0.014, 4798
0.014, 4797
0.014, 4796
0.014, 4795
0.014, 4794
0.014, 4793
0.014, 4792
0.014, 4791
0.014, 4790
0.014, 4789
0.014, 4788
0.014, 4787
0.014, 4786
0.014, 4785
0.014, 4784
0.014, 4783
0.014, 4782
0.014, 4781
0.014, 4780
0.014, 4779
0.014, 4778
0.014, 4777
0.014, 4776
0.014, 4775
0.014, 4774
0.014, 4773
0.014, 4772
0.014, 4771
0.014, 4770
0.014, 4769
0.014, 4768
0.014, 4767
0.014, 4766
0.014, 4765
0.014, 4764
0.014, 4763
0.014, 4762
0.014, 4761
0.014, 4760
0.014, 4759
0.014, 4758
0.014, 4757
0.014, 4756
0.014, 4755
0.014, 4754
0.014, 4753
0.014, 4752
0.014, 4751
0.014, 4750
0.014, 4749
0.014, 4748
0.014, 4747
0.014, 4746
0.014, 4745
0.014, 4744
0.014, 4743
0.014, 4742
0.014, 4741
0.014, 4740
0.014, 4739
0.014, 4738
0.014, 4737
0.014, 4736
0.014, 4735
0.014, 4734
0.014, 4733
0.014, 4732
0.014, 4731
0.014, 4730
0.014, 4729
0.014, 4728
0.014, 4727
0.014, 4726
0.014, 4725
0.014, 4724
0.014, 4723
0.014, 4722
0.014, 4721
0.014, 4720
0.014, 4719
0.014, 4718
0.014, 4717
0.014, 4716
0.014, 4715
0.014, 4714
0.014, 4713
0.014, 4712
0.014, 4711
0.014, 4710
0.014, 4709
0.014, 4708
0.014, 4707
0.014, 4706
0.014, 4705
0.014, 4704
0.014, 4703
0.014, 4702
0.014, 4701
0.014, 4700
0.014, 4699
0.014, 4698
0.014, 4697
0.014, 4696
0.014, 4695
0.014, 4694
0.014, 4693
0.014, 4692
0.014, 4691
0.014, 4690
0.014, 4689
0.014, 4688
0.014, 4687
0.014, 4686
0.014, 4685
0.014, 4684
0.014, 4683
0.014, 4682
0.014, 4681
0.014, 4680
0.014, 4679
0.014, 4678
0.014, 4677
0.014, 4676
0.014, 4675
0.014, 4674
0.014, 4673
0.014, 4672
0.014, 4671
0.014, 4670
0.014, 4669
0.014, 4668
0.014, 4667
0.014, 4666
0.014, 4665
0.014, 4664
0.014, 4663
0.014, 4662
0.014, 4661
0.014, 4660
0.014, 4659
0.014, 4658
0.014, 4657
0.014, 4656
0.014, 4655
0.014, 4654
0.014, 4653
0.014, 4652
0.014, 4651
0.014, 4650
0.014, 4649
0.014, 4648
0.014, 4647
0.014, 4646
0.014, 4645
0.014, 4644
0.014, 4643
0.014, 4642
0.014, 4641
0.014, 4640
0.014, 4639
0.014, 4638
0.014, 4637
0.014, 4636
0.014, 4635
0.014, 4634
0.014, 4633
0.014, 4632
0.014, 4631
0.014, 4630
0.014, 4629
0.014, 4628
0.014, 4627
0.014, 4626
0.014, 4625
0.014, 4624
0.014, 4623
0.014, 4622
0.014, 4621
0.014, 4620
0.014, 4619
0.014, 4618
0.014, 4617
0.014, 4616
0.014, 4615
0.014, 4614
0.014, 4613
0.014, 4612
0.014, 4611
0.014, 4610
0.014, 4609
0.014, 4608
0.014, 4607
0.014, 4606
0.014, 4605
0.014, 4604
0.014, 4603
0.014, 4602
0.014, 4601
0.014, 4600
0.014, 4599
0.014, 4598
0.014, 4597
0.014, 4596
0.014, 4595
0.014, 4594
0.014, 4593
0.014, 4592
0.014, 4591
0.014, 4590
0.014, 4589
0.014, 4588
0.014, 4587
0.014, 4586
0.014, 4585
0.014, 4584
0.014, 4583
0.014, 4582
0.014, 4581
0.014, 4580
0.014, 4579
0.014, 4578
0.014, 4577
0.014, 4576
0.014, 4575
0.014, 4574
0.014, 4573
0.014, 4572
0.014, 4571
0.014, 4570
0.014, 4569
0.014, 4568
0.014, 4567
0.014, 4566
0.014, 4565
0.014, 4564
0.014, 4563
0.014, 4562
0.014, 4561
0.014, 4560
0.014, 4559
0.014, 4558
0.014, 4557
0.014, 4556
0.014, 4555
0.014, 4554
0.014, 4553
0.014, 4552
0.014, 4551
0.014, 4550
0.014, 4549
0.014, 4548
0.014, 4547
0.014, 4546
0.014, 4545
0.014, 4544
0.014, 4543
0.014, 4542
0.014, 4541
0.015, 4540
0.015, 4539
0.015, 4538
0.015, 4537
0.015, 4536
0.015, 4535
0.015, 4534
0.015, 4533
0.015, 4532
0.015, 4531
0.015, 4530
0.015, 4529
0.015, 4528
0.015, 4527
0.015, 4526
0.015, 4525
0.015, 4524
0.015, 4523
0.015, 4522
0.015, 4521
0.015, 4520
0.015, 4519
0.015, 4518
0.015, 4517
0.015, 4516
0.015, 4515
0.015, 4514
0.015, 4513
0.015, 4512
0.015, 4511
0.015, 4510
0.015, 4509
0.015, 4508
0.015, 4507
0.015, 4506
0.015, 4505
0.015, 4504
0.015, 4503
0.015, 4502
0.015, 4501
0.015, 4500
0.015, 4499
0.015, 4498
0.015, 4497
0.015, 4496
0.015, 4495
0.015, 4494
0.015, 4493
0.015, 4492
0.015, 4491
0.015, 4490
0.015, 4489
0.015, 4488
0.015, 4487
0.015, 4486
0.015, 4485
0.015, 4484
0.015, 4483
0.015, 4482
0.015, 4481
0.015, 4480
0.015, 4479
0.015, 4478
0.015, 4477
0.015, 4476
0.015, 4475
0.015, 4474
0.015, 4473
0.015, 4472
0.015, 4471
0.015, 4470
0.015, 4469
0.015, 4468
0.015, 4467
0.015, 4466
0.015, 4465
0.015, 4464
0.015, 4463
0.015, 4462
0.015, 4461
0.015, 4460
0.015, 4459
0.015, 4458
0.015, 4457
0.015, 4456
0.015, 4455
0.015, 4454
0.015, 4453
0.015, 4452
0.015, 4451
0.015, 4450
0.015, 4449
0.015, 4448
0.015, 4447
0.015, 4446
0.015, 4445
0.015, 4444
0.015, 4443
0.015, 4442
0.015, 4441
0.015, 4440
0.015, 4439
0.015, 4438
0.015, 4437
0.015, 4436
0.015, 4435
0.015, 4434
0.015, 4433
0.015, 4432
0.015, 4431
0.015, 4430
0.015, 4429
0.015, 4428
0.015, 4427
0.015, 4426
0.015, 4425
0.015, 4424
0.015, 4423
0.015, 4422
0.015, 4421
0.015, 4420
0.015, 4419
0.015, 4418
0.015, 4417
0.015, 4416
0.015, 4415
0.015, 4414
0.015, 4413
0.015, 4412
0.015, 4411
0.015, 4410
0.015, 4409
0.015, 4408
0.015, 4407
0.015, 4406
0.015, 4405
0.015, 4404
0.015, 4403
0.015, 4402
0.015, 4401
0.015, 4400
0.015, 4399
0.015, 4398
0.015, 4397
0.015, 4396
0.015, 4395
0.015, 4394
0.015, 4393
0.015, 4392
0.015, 4391
0.015, 4390
0.015, 4389
0.015, 4388
0.015, 4387
0.015, 4386
0.015, 4385
0.015, 4384
0.015, 4383
0.015, 4382
0.015, 4381
0.015, 4380
0.015, 4379
0.015, 4378
0.015, 4377
0.015, 4376
0.015, 4375
0.015, 4374
0.015, 4373
0.015, 4372
0.015, 4371
0.015, 4370
0.015, 4369
0.015, 4368
0.015, 4367
0.015, 4366
0.015, 4365
0.015, 4364
0.015, 4363
0.015, 4362
0.015, 4361
0.015, 4360
0.015, 4359
0.015, 4358
0.015, 4357
0.015, 4356
0.015, 4355
0.015, 4354
0.015, 4353
0.015, 4352
0.015, 4351
0.015, 4350
0.015, 4349
0.015, 4348
0.015, 4347
0.015, 4346
0.015, 4345
0.015, 4344
0.015, 4343
0.015, 4342
0.015, 4341
0.015, 4340
0.015, 4339
0.015, 4338
0.015, 4337
0.015, 4336
0.015, 4335
0.015, 4334
0.015, 4333
0.015, 4332
0.015, 4331
0.015, 4330
0.015, 4329
0.015, 4328
0.015, 4327
0.015, 4326
0.015, 4325
0.015, 4324
0.015, 4323
0.015, 4322
0.015, 4321
0.015, 4320
0.015, 4319
0.015, 4318
0.015, 4317
0.015, 4316
0.015, 4315
0.015, 4314
0.015, 4313
0.015, 4312
0.015, 4311
0.015, 4310
0.015, 4309
0.015, 4308
0.015, 4307
0.015, 4306
0.015, 4305
0.015, 4304
0.015, 4303
0.015, 4302
0.015, 4301
0.015, 4300
0.015, 4299
0.015, 4298
0.015, 4297
0.015, 4296
0.015, 4295
0.015, 4294
0.015, 4293
0.015, 4292
0.015, 4291
0.015, 4290
0.015, 4289
0.015, 4288
0.015, 4287
0.015, 4286
0.015, 4285
0.015, 4284
0.015, 4283
0.015, 4282
0.015, 4281
0.015, 4280
0.015, 4279
0.015, 4278
0.015, 4277
0.015, 4276
0.015, 4275
0.015, 4274
0.015, 4273
0.015, 4272
0.015, 4271
0.015, 4270
0.015, 4269
0.015, 4268
0.015, 4267
0.015, 4266
0.015, 4265
0.015, 4264
0.016, 4263
0.016, 4262
0.016, 4261
0.016, 4260
0.016, 4259
0.016, 4258
0.016, 4257
0.016, 4256
0.016, 4255
0.016, 4254
0.016, 4253
0.016, 4252
0.016, 4251
0.016, 4250
0.016, 4249
0.016, 4248
0.016, 4247
0.016, 4246
0.016, 4245
0.016, 4244
0.016, 4243
0.016, 4242
0.016, 4241
0.016, 4240
0.016, 4239
0.016, 4238
0.016, 4237
0.016, 4236
0.016, 4235
0.016, 4234
0.016, 4233
0.016, 4232
0.016, 4231
0.016, 4230
0.016, 4229
0.016, 4228
0.016, 4227
0.016, 4226
0.016, 4225
0.016, 4224
0.016, 4223
0.016, 4222
0.016, 4221
0.016, 4220
0.016, 4219
0.016, 4218
0.016, 4217
0.016, 4216
0.016, 4215
0.016, 4214
0.016, 4213
0.016, 4212
0.016, 4211
0.016, 4210
0.016, 4209
0.016, 4208
0.016, 4207
0.016, 4206
0.016, 4205
0.016, 4204
0.016, 4203
0.016, 4202
0.016, 4201
0.016, 4200
0.016, 4199
0.016, 4198
0.016, 4197
0.016, 4196
0.016, 4195
0.016, 4194
0.016, 4193
0.016, 4192
0.016, 4191
0.016, 4190
0.016, 4189
0.016, 4188
0.016, 4187
0.016, 4186
0.016, 4185
0.016, 4184
0.016, 4183
0.016, 4182
0.016, 4181
0.016, 4180
0.016, 4179
0.016, 4178
0.016, 4177
0.016, 4176
0.016, 4175
0.016, 4174
0.016, 4173
0.016, 4172
0.016, 4171
0.016, 4170
0.016, 4169
0.016, 4168
0.016, 4167
0.016, 4166
0.016, 4165
0.016, 4164
0.016, 4163
0.016, 4162
0.016, 4161
0.016, 4160
0.016, 4159
0.016, 4158
0.016, 4157
0.016, 4156
0.016, 4155
0.016, 4154
0.016, 4153
0.016, 4152
0.016, 4151
0.016, 4150
0.016, 4149
0.016, 4148
0.016, 4147
0.016, 4146
0.016, 4145
0.016, 4144
0.016, 4143
0.016, 4142
0.016, 4141
0.016, 4140
0.016, 4139
0.016, 4138
0.016, 4137
0.016, 4136
0.016, 4135
0.016, 4134
0.016, 4133
0.016, 4132
0.016, 4131
0.016, 4130
0.016, 4129
0.016, 4128
0.016, 4127
0.016, 4126
0.016, 4125
0.016, 4124
0.016, 4123
0.016, 4122
0.016, 4121
0.016, 4120
0.016, 4119
0.016, 4118
0.016, 4117
0.016, 4116
0.016, 4115
0.016, 4114
0.016, 4113
0.016, 4112
0.016, 4111
0.016, 4110
0.016, 4109
0.016, 4108
0.016, 4107
0.016, 4106
0.016, 4105
0.016, 4104
0.016, 4103
0.016, 4102
0.016, 4101
0.016, 4100
0.016, 4099
0.016, 4098
0.016, 4097
0.016, 4096
0.016, 4095
0.016, 4094
0.016, 4093
0.016, 4092
0.016, 4091
0.016, 4090
0.016, 4089
0.016, 4088
0.016, 4087
0.016, 4086
0.016, 4085
0.016, 4084
0.016, 4083
0.016, 4082
0.016, 4081
0.016, 4080
0.016, 4079
0.016, 4078
0.016, 4077
0.016, 4076
0.016, 4075
0.016, 4074
0.016, 4073
0.016, 4072
0.016, 4071
0.016, 4070
0.016, 4069
0.016, 4068
0.016, 4067
0.016, 4066
0.016, 4065
0.016, 4064
0.016, 4063
0.016, 4062
0.016, 4061
0.016, 4060
0.016, 4059
0.016, 4058
0.016, 4057
0.016, 4056
0.016, 4055
0.016, 4054
0.016, 4053
0.016, 4052
0.016, 4051
0.016, 4050
0.016, 4049
0.016, 4048
0.016, 4047
0.016, 4046
0.016, 4045
0.016, 4044
0.016, 4043
0.016, 4042
0.016, 4041
0.016, 4040
0.016, 4039
0.016, 4038
0.016, 4037
0.016, 4036
0.016, 4035
0.016, 4034
0.016, 4033
0.017, 4032
0.017, 4031
0.017, 4030
0.017, 4029
0.017, 4028
0.017, 4027
0.017, 4026
0.017, 4025
0.017, 4024
0.017, 4023
0.017, 4022
0.017, 4021
0.017, 4020
0.017, 4019
0.017, 4018
0.017, 4017
0.017, 4016
0.017, 4015
0.017, 4014
0.017, 4013
0.017, 4012
0.017, 4011
0.017, 4010
0.017, 4009
0.017, 4008
0.017, 4007
0.017, 4006
0.017, 4005
0.017, 4004
0.017, 4003
0.017, 4002
0.017, 4001
0.017, 4000
0.017, 3999
0.017, 3998
0.017, 3997
0.017, 3996
0.017, 3995
0.017, 3994
0.017, 3993
0.017, 3992
0.017, 3991
0.017, 3990
0.017, 3989
0.017, 3988
0.017, 3987
0.017, 3986
0.017, 3985
0.017, 3984
0.017, 3983
0.017, 3982
0.017, 3981
0.017, 3980
0.017, 3979
0.017, 3978
0.017, 3977
0.017, 3976
0.017, 3975
0.017, 3974
0.017, 3973
0.017, 3972
0.017, 3971
0.017, 3970
0.017, 3969
0.017, 3968
0.017, 3967
0.017, 3966
0.017, 3965
0.017, 3964
0.017, 3963
0.017, 3962
0.017, 3961
0.017, 3960
0.017, 3959
0.017, 3958
0.017, 3957
0.017, 3956
0.017, 3955
0.017, 3954
0.017, 3953
0.017, 3952
0.017, 3951
0.017, 3950
0.017, 3949
0.017, 3948
0.017, 3947
0.017, 3946
0.017, 3945
0.017, 3944
0.017, 3943
0.017, 3942
