0.000, 762
0.000, 761
0.001, 760
0.001, 759
0.001, 758
0.022, 757
0.023, 756
0.023, 755
0.023, 754
0.023, 753
0.023, 752
0.024, 751
0.024, 750
0.024, 749
0.024, 748
0.025, 747
0.025, 746
0.025, 745
0.026, 744
0.026, 743
0.027, 742
0.027, 741
0.027, 740
0.027, 739
0.028, 738
0.028, 737
0.029, 736
0.029, 735
0.029, 734
0.030, 733
0.030, 732
0.031, 731
0.031, 730
0.031, 729
0.031, 728
0.032, 727
0.033, 726
0.034, 725
0.034, 724
0.034, 723
0.035, 722
0.035, 721
0.035, 720
0.035, 719
0.036, 718
0.037, 717
0.037, 716
0.037, 715
0.038, 714
0.038, 713
0.038, 712
0.038, 711
0.039, 710
0.039, 709
0.040, 708
0.040, 707
0.040, 706
0.040, 705
0.041, 704
0.042, 703
0.043, 702
0.043, 701
0.043, 700
0.043, 699
0.044, 698
0.044, 697
0.045, 696
0.045, 695
0.046, 694
0.046, 693
0.048, 692
0.048, 691
0.048, 690
0.049, 689
0.050, 688
0.050, 687
0.050, 686
0.052, 685
0.053, 684
0.053, 683
0.054, 682
0.055, 681
0.056, 680
0.059, 679
0.061, 678
0.062, 677
0.062, 676
0.063, 675
0.063, 674
0.064, 673
0.065, 672
0.066, 671
0.067, 670
0.067, 669
0.068, 668
0.068, 667
0.071, 666
0.074, 665
0.074, 664
0.074, 663
0.076, 662
0.077, 661
0.077, 660
0.078, 659
0.080, 658
0.081, 657
0.083, 656
0.092, 655
0.094, 654
0.097, 653
0.098, 652
0.098, 651
0.105, 650
0.107, 649
0.110, 648
0.114, 647
0.119, 646
0.131, 645
0.132, 644
0.135, 643
0.136, 642
0.138, 641
0.142, 640
0.143, 639
0.143, 638
0.190, 637
0.244, 636
