0.000, 761
0.001, 760
0.001, 759
0.018, 758
0.018, 757
0.018, 756
0.019, 755
0.019, 754
0.019, 753
0.019, 752
0.019, 751
0.019, 750
0.020, 749
0.020, 748
0.020, 747
0.020, 746
0.020, 745
0.020, 744
0.021, 743
0.022, 742
0.022, 741
0.022, 740
0.023, 739
0.023, 738
0.023, 737
0.024, 736
0.024, 735
0.025, 734
0.025, 733
0.025, 732
0.026, 731
0.026, 730
0.026, 729
0.027, 728
0.027, 727
0.027, 726
0.028, 725
0.028, 724
0.028, 723
0.029, 722
0.029, 721
0.030, 720
0.030, 719
0.031, 718
0.031, 717
0.031, 716
0.032, 715
0.032, 714
0.033, 713
0.034, 712
0.034, 711
0.035, 710
0.035, 709
0.036, 708
0.036, 707
0.036, 706
0.037, 705
0.037, 704
0.038, 703
0.038, 702
0.038, 701
0.038, 700
0.039, 699
0.040, 698
0.041, 697
0.042, 696
0.042, 695
0.043, 694
0.044, 693
0.044, 692
0.044, 691
0.045, 690
0.045, 689
0.045, 688
0.045, 687
0.045, 686
0.046, 685
0.046, 684
0.046, 683
0.048, 682
0.048, 681
0.049, 680
0.049, 679
0.050, 678
0.051, 677
0.053, 676
0.053, 675
0.054, 674
0.055, 673
0.056, 672
0.057, 671
0.058, 670
0.058, 669
0.058, 668
0.059, 667
0.061, 666
0.062, 665
0.063, 664
0.064, 663
0.065, 662
0.069, 661
0.069, 660
0.072, 659
0.072, 658
0.074, 657
0.075, 656
0.078, 655
0.078, 654
0.080, 653
0.080, 652
0.081, 651
0.082, 650
0.084, 649
0.085, 648
0.092, 647
0.094, 646
0.097, 645
0.099, 644
0.101, 643
0.103, 642
0.106, 641
0.116, 640
0.119, 639
0.119, 638
0.130, 637
0.168, 636
0.181, 635
