0.000, 762
0.039, 761
0.039, 760
0.040, 759
0.040, 758
0.041, 757
0.041, 756
0.042, 755
0.042, 754
0.042, 753
0.043, 752
0.043, 751
0.044, 750
0.044, 749
0.045, 748
0.045, 747
0.045, 746
0.046, 745
0.046, 744
0.046, 743
0.047, 742
0.047, 741
0.048, 740
0.048, 739
0.049, 738
0.050, 737
0.050, 736
0.050, 735
0.050, 734
0.050, 733
0.052, 732
0.052, 731
0.052, 730
0.053, 729
0.054, 728
0.054, 727
0.054, 726
0.056, 725
0.056, 724
0.057, 723
0.057, 722
0.057, 721
0.058, 720
0.058, 719
0.059, 718
0.060, 717
0.060, 716
0.060, 715
0.060, 714
0.063, 713
0.063, 712
0.063, 711
0.064, 710
0.064, 709
0.065, 708
0.065, 707
0.066, 706
0.067, 705
0.069, 704
0.069, 703
0.070, 702
0.071, 701
0.072, 700
0.074, 699
0.074, 698
0.075, 697
0.076, 696
0.076, 695
0.076, 694
0.077, 693
0.077, 692
0.078, 691
0.079, 690
0.080, 689
0.081, 688
0.081, 687
0.082, 686
0.083, 685
0.085, 684
0.085, 683
0.086, 682
0.087, 681
0.087, 680
0.087, 679
0.087, 678
0.088, 677
0.088, 676
0.089, 675
0.090, 674
0.092, 673
0.093, 672
0.093, 671
0.094, 670
0.095, 669
0.097, 668
0.099, 667
0.100, 666
0.100, 665
0.101, 664
0.105, 663
0.107, 662
0.107, 661
0.110, 660
0.110, 659
0.111, 658
0.113, 657
0.113, 656
0.117, 655
0.125, 654
0.126, 653
0.127, 652
0.131, 651
0.132, 650
0.135, 649
0.136, 648
0.146, 647
0.151, 646
0.190, 645
0.194, 644
0.222, 643
0.289, 642
