0.000, 761
0.000, 760
0.001, 759
0.015, 758
0.015, 757
0.016, 756
0.016, 755
0.016, 754
0.016, 753
0.017, 752
0.017, 751
0.017, 750
0.017, 749
0.017, 748
0.017, 747
0.018, 746
0.018, 745
0.018, 744
0.018, 743
0.018, 742
0.019, 741
0.019, 740
0.020, 739
0.020, 738
0.020, 737
0.021, 736
0.021, 735
0.021, 734
0.022, 733
0.022, 732
0.022, 731
0.023, 730
0.023, 729
0.023, 728
0.023, 727
0.024, 726
0.025, 725
0.025, 724
0.025, 723
0.026, 722
0.026, 721
0.027, 720
0.027, 719
0.027, 718
0.028, 717
0.029, 716
0.029, 715
0.029, 714
0.030, 713
0.031, 712
0.031, 711
0.031, 710
0.031, 709
0.032, 708
0.032, 707
0.033, 706
0.033, 705
0.034, 704
0.034, 703
0.034, 702
0.034, 701
0.036, 700
0.036, 699
0.037, 698
0.037, 697
0.038, 696
0.038, 695
0.039, 694
0.039, 693
0.039, 692
0.040, 691
0.040, 690
0.040, 689
0.040, 688
0.041, 687
0.042, 686
0.042, 685
0.042, 684
0.043, 683
0.043, 682
0.045, 681
0.046, 680
0.047, 679
0.048, 678
0.049, 677
0.052, 676
0.052, 675
0.053, 674
0.055, 673
0.058, 672
0.058, 671
0.059, 670
0.060, 669
0.062, 668
0.064, 667
0.065, 666
0.065, 665
0.065, 664
0.066, 663
0.066, 662
0.070, 661
0.072, 660
0.077, 659
0.078, 658
0.080, 657
0.081, 656
0.084, 655
0.086, 654
0.087, 653
0.088, 652
0.089, 651
0.104, 650
0.113, 649
0.115, 648
0.123, 647
0.123, 646
0.124, 645
0.125, 644
0.129, 643
0.137, 642
0.140, 641
0.142, 640
0.184, 639
