0.007, 1022
0.010, 1021
0.010, 1020
0.010, 1019
0.010, 1018
0.010, 1017
0.010, 1016
0.010, 1015
0.010, 1014
0.010, 1013
0.010, 1012
0.010, 1011
0.010, 1010
0.011, 1009
0.011, 1008
0.011, 1007
0.011, 1006
0.011, 1005
0.011, 1004
0.011, 1003
0.011, 1002
0.011, 1001
0.011, 1000
0.011, 999
0.011, 998
0.011, 997
0.011, 996
0.012, 995
0.012, 994
0.012, 993
0.012, 992
0.012, 991
0.012, 990
0.012, 989
0.012, 988
0.012, 987
0.012, 986
0.012, 985
0.012, 984
0.012, 983
0.012, 982
0.012, 981
0.013, 980
0.013, 979
0.013, 978
0.013, 977
0.013, 976
0.013, 975
0.013, 974
0.013, 973
0.013, 972
0.013, 971
0.013, 970
0.013, 969
0.013, 968
0.013, 967
0.013, 966
0.013, 965
0.013, 964
0.014, 963
0.014, 962
0.014, 961
0.014, 960
0.014, 959
0.014, 958
0.014, 957
0.014, 956
0.014, 955
0.014, 954
0.014, 953
0.014, 952
0.014, 951
0.014, 950
0.014, 949
0.014, 948
0.014, 947
0.015, 946
0.015, 945
0.015, 944
0.015, 943
0.015, 942
0.015, 941
0.015, 940
0.015, 939
0.015, 938
0.015, 937
0.015, 936
0.015, 935
0.015, 934
0.015, 933
0.015, 932
0.015, 931
0.015, 930
0.015, 929
0.016, 928
0.016, 927
0.016, 926
0.016, 925
0.016, 924
0.016, 923
0.016, 922
0.016, 921
0.016, 920
0.016, 919
0.016, 918
0.016, 917
0.016, 916
0.016, 915
0.016, 914
0.016, 913
0.016, 912
0.016, 911
0.016, 910
0.017, 909
0.017, 908
0.017, 907
0.017, 906
0.017, 905
0.017, 904
0.017, 903
0.017, 902
0.017, 901
0.017, 900
0.017, 899
0.017, 898
0.017, 897
0.017, 896
0.017, 895
0.017, 894
0.017, 893
0.017, 892
0.017, 891
0.018, 890
0.018, 889
0.018, 888
0.018, 887
0.018, 886
0.018, 885
0.018, 884
0.018, 883
0.018, 882
0.018, 881
0.018, 880
0.018, 879
0.018, 878
0.018, 877
0.018, 876
0.018, 875
0.018, 874
0.018, 873
0.018, 872
0.018, 871
0.018, 870
0.019, 869
0.019, 868
0.019, 867
0.019, 866
0.019, 865
0.019, 864
0.019, 863
0.019, 862
0.019, 861
0.019, 860
0.019, 859
0.019, 858
0.019, 857
0.019, 856
0.019, 855
0.019, 854
0.019, 853
0.019, 852
0.019, 851
0.019, 850
0.020, 849
0.020, 848
0.020, 847
0.020, 846
0.020, 845
0.020, 844
0.020, 843
0.020, 842
0.020, 841
0.020, 840
0.020, 839
0.020, 838
0.020, 837
0.020, 836
0.020, 835
0.020, 834
0.020, 833
0.020, 832
0.020, 831
0.020, 830
0.021, 829
0.021, 828
0.021, 827
0.021, 826
0.021, 825
0.021, 824
0.021, 823
0.021, 822
0.021, 821
0.021, 820
0.021, 819
0.021, 818
0.021, 817
0.021, 816
0.021, 815
0.021, 814
0.021, 813
0.021, 812
0.021, 811
0.021, 810
0.021, 809
0.022, 808
0.022, 807
0.022, 806
0.022, 805
0.022, 804
0.022, 803
0.022, 802
0.022, 801
0.022, 800
0.022, 799
0.022, 798
0.022, 797
0.022, 796
0.022, 795
0.022, 794
0.022, 793
0.022, 792
0.022, 791
0.022, 790
0.022, 789
0.022, 788
0.022, 787
0.023, 786
0.023, 785
0.023, 784
0.023, 783
0.023, 782
0.023, 781
0.023, 780
0.023, 779
0.023, 778
0.023, 777
0.023, 776
0.023, 775
0.023, 774
0.023, 773
0.023, 772
0.023, 771
0.023, 770
0.023, 769
0.023, 768
0.024, 767
0.024, 766
0.024, 765
0.024, 764
0.024, 763
0.024, 762
0.024, 761
0.024, 760
0.024, 759
0.024, 758
0.024, 757
0.024, 756
0.024, 755
0.024, 754
0.024, 753
0.025, 752
0.025, 751
0.025, 750
0.025, 749
0.025, 748
0.025, 747
0.025, 746
