0.001, 1131
0.001, 1130
0.001, 1129
0.001, 1128
0.001, 1127
0.001, 1126
0.001, 1125
0.001, 1124
0.001, 1123
0.001, 1122
0.001, 1121
0.001, 1120
0.001, 1119
0.001, 1118
0.001, 1117
0.001, 1116
0.001, 1115
0.001, 1114
0.001, 1113
0.001, 1112
0.001, 1111
0.001, 1110
0.001, 1109
0.001, 1108
0.001, 1107
0.001, 1106
0.001, 1105
0.001, 1104
0.001, 1103
0.002, 1102
0.002, 1101
0.002, 1100
0.002, 1099
0.002, 1098
0.002, 1097
0.002, 1096
0.002, 1095
0.002, 1094
0.002, 1093
0.002, 1092
0.002, 1091
0.002, 1090
0.002, 1089
0.002, 1088
0.002, 1087
0.002, 1086
0.002, 1085
0.002, 1084
0.002, 1083
0.002, 1082
0.002, 1081
0.002, 1080
0.002, 1079
0.002, 1078
0.002, 1077
0.002, 1076
0.002, 1075
0.002, 1074
0.002, 1073
0.002, 1072
0.002, 1071
0.002, 1070
0.002, 1069
0.002, 1068
0.002, 1067
0.002, 1066
0.002, 1065
0.002, 1064
0.002, 1063
0.002, 1062
0.002, 1061
0.002, 1060
0.002, 1059
0.002, 1058
0.002, 1057
0.002, 1056
0.002, 1055
0.002, 1054
0.002, 1053
0.002, 1052
0.002, 1051
0.002, 1050
0.002, 1049
0.002, 1048
0.002, 1047
0.002, 1046
0.002, 1045
0.002, 1044
0.002, 1043
0.002, 1042
0.002, 1041
0.002, 1040
0.002, 1039
0.002, 1038
0.002, 1037
0.002, 1036
0.002, 1035
0.002, 1034
0.002, 1033
0.002, 1032
0.002, 1031
0.002, 1030
0.002, 1029
0.002, 1028
0.002, 1027
0.002, 1026
0.002, 1025
0.002, 1024
0.002, 1023
0.002, 1022
0.002, 1021
0.002, 1020
0.002, 1019
0.002, 1018
0.002, 1017
0.002, 1016
0.002, 1015
0.002, 1014
0.002, 1013
0.002, 1012
0.002, 1011
0.002, 1010
0.002, 1009
0.002, 1008
0.003, 1007
0.003, 1006
0.003, 1005
0.003, 1004
0.003, 1003
0.003, 1002
0.003, 1001
0.003, 1000
0.003, 999
0.003, 998
0.003, 997
0.003, 996
0.003, 995
0.003, 994
0.003, 993
0.003, 992
0.003, 991
0.003, 990
0.003, 989
0.003, 988
0.003, 987
0.003, 986
0.003, 985
0.003, 984
0.003, 983
0.003, 982
0.003, 981
0.003, 980
0.003, 979
0.003, 978
0.003, 977
0.003, 976
0.003, 975
0.003, 974
0.003, 973
0.003, 972
0.003, 971
0.003, 970
0.003, 969
0.003, 968
0.003, 967
0.003, 966
0.003, 965
0.003, 964
0.003, 963
0.003, 962
0.003, 961
0.003, 960
0.003, 959
0.003, 958
0.003, 957
0.003, 956
0.003, 955
0.003, 954
0.003, 953
0.003, 952
0.003, 951
0.003, 950
0.003, 949
0.003, 948
0.003, 947
0.003, 946
0.003, 945
0.003, 944
0.003, 943
0.003, 942
0.003, 941
0.003, 940
0.003, 939
0.003, 938
0.003, 937
0.003, 936
0.003, 935
0.003, 934
0.003, 933
0.003, 932
0.003, 931
0.003, 930
0.003, 929
0.003, 928
0.003, 927
0.003, 926
0.003, 925
0.003, 924
0.003, 923
0.003, 922
0.003, 921
0.003, 920
0.003, 919
0.003, 918
0.003, 917
0.003, 916
0.003, 915
0.003, 914
0.003, 913
0.003, 912
0.003, 911
0.003, 910
0.003, 909
0.003, 908
0.003, 907
0.003, 906
0.003, 905
0.003, 904
0.003, 903
0.003, 902
0.003, 901
0.003, 900
0.003, 899
0.003, 898
0.003, 897
0.003, 896
0.003, 895
0.003, 894
0.003, 893
0.003, 892
0.003, 891
0.003, 890
0.003, 889
0.003, 888
0.003, 887
0.003, 886
0.003, 885
0.003, 884
0.003, 883
0.003, 882
0.003, 881
0.003, 880
0.003, 879
0.004, 878
0.004, 877
0.004, 876
0.004, 875
0.004, 874
0.004, 873
0.004, 872
0.004, 871
0.004, 870
0.004, 869
0.004, 868
0.004, 867
0.004, 866
0.004, 865
0.004, 864
0.004, 863
0.004, 862
0.004, 861
0.004, 860
0.004, 859
0.004, 858
0.004, 857
0.004, 856
0.004, 855
0.004, 854
0.004, 853
0.004, 852
0.004, 851
0.004, 850
0.004, 849
0.004, 848
0.004, 847
0.004, 846
0.004, 845
0.004, 844
0.004, 843
0.004, 842
0.004, 841
0.004, 840
0.004, 839
0.004, 838
0.004, 837
0.004, 836
0.004, 835
0.004, 834
0.004, 833
0.004, 832
0.004, 831
0.004, 830
0.004, 829
0.004, 828
0.004, 827
0.004, 826
0.004, 825
0.004, 824
0.004, 823
0.004, 822
0.004, 821
0.004, 820
0.004, 819
0.004, 818
0.004, 817
0.004, 816
0.004, 815
0.004, 814
0.004, 813
0.004, 812
0.004, 811
0.004, 810
0.004, 809
0.004, 808
0.004, 807
0.004, 806
0.004, 805
0.004, 804
0.004, 803
0.004, 802
0.004, 801
0.004, 800
0.004, 799
0.004, 798
0.004, 797
0.004, 796
0.004, 795
0.004, 794
0.004, 793
0.004, 792
0.004, 791
0.004, 790
0.004, 789
0.004, 788
0.004, 787
0.004, 786
0.004, 785
0.004, 784
0.004, 783
0.004, 782
0.004, 781
0.004, 780
0.004, 779
0.004, 778
0.004, 777
0.004, 776
0.004, 775
0.004, 774
0.004, 773
0.004, 772
0.004, 771
0.004, 770
0.004, 769
0.004, 768
0.004, 767
0.004, 766
0.004, 765
0.004, 764
0.004, 763
0.004, 762
0.004, 761
0.004, 760
0.004, 759
0.004, 758
0.004, 757
0.004, 756
0.004, 755
0.004, 754
0.004, 753
0.004, 752
0.004, 751
0.005, 750
0.005, 749
0.005, 748
0.005, 747
0.005, 746
0.005, 745
0.005, 744
0.005, 743
0.005, 742
0.005, 741
0.005, 740
0.005, 739
0.005, 738
0.005, 737
0.005, 736
0.005, 735
0.005, 734
0.005, 733
0.005, 732
0.005, 731
0.005, 730
0.005, 729
0.005, 728
0.005, 727
0.005, 726
0.005, 725
0.005, 724
0.005, 723
0.005, 722
0.005, 721
0.005, 720
0.005, 719
0.005, 718
0.005, 717
0.005, 716
0.005, 715
0.005, 714
0.005, 713
0.005, 712
0.005, 711
0.005, 710
0.005, 709
0.005, 708
0.005, 707
0.005, 706
0.005, 705
0.005, 704
0.005, 703
0.005, 702
0.005, 701
0.005, 700
0.005, 699
0.005, 698
0.005, 697
0.005, 696
0.005, 695
0.005, 694
0.005, 693
0.005, 692
0.005, 691
0.005, 690
0.005, 689
0.005, 688
0.005, 687
0.005, 686
0.005, 685
0.005, 684
0.005, 683
0.005, 682
0.005, 681
0.005, 680
0.005, 679
0.005, 678
0.005, 677
0.005, 676
0.005, 675
0.005, 674
0.005, 673
0.005, 672
0.005, 671
0.005, 670
0.005, 669
0.005, 668
0.005, 667
0.005, 666
0.005, 665
0.005, 664
0.005, 663
0.005, 662
0.005, 661
0.005, 660
0.005, 659
0.005, 658
0.005, 657
0.005, 656
0.005, 655
0.005, 654
0.005, 653
0.005, 652
0.005, 651
0.005, 650
0.005, 649
0.005, 648
0.005, 647
0.005, 646
0.005, 645
0.005, 644
0.006, 643
0.006, 642
0.006, 641
0.006, 640
0.006, 639
0.006, 638
0.006, 637
0.006, 636
0.006, 635
0.006, 634
0.006, 633
0.006, 632
0.006, 631
0.006, 630
0.006, 629
0.006, 628
0.006, 627
0.006, 626
0.006, 625
0.006, 624
0.006, 623
0.006, 622
0.006, 621
0.006, 620
0.006, 619
0.006, 618
0.006, 617
0.006, 616
0.006, 615
0.006, 614
