0.001, 1131
0.001, 1130
0.001, 1129
0.001, 1128
0.001, 1127
0.001, 1126
0.001, 1125
0.001, 1124
0.001, 1123
0.001, 1122
0.001, 1121
0.001, 1120
0.001, 1119
0.001, 1118
0.001, 1117
0.001, 1116
0.001, 1115
0.001, 1114
0.001, 1113
0.001, 1112
0.001, 1111
0.001, 1110
0.001, 1109
0.001, 1108
0.001, 1107
0.001, 1106
0.001, 1105
0.001, 1104
0.001, 1103
0.001, 1102
0.001, 1101
0.001, 1100
0.001, 1099
0.001, 1098
0.001, 1097
0.001, 1096
0.001, 1095
0.001, 1094
0.001, 1093
0.001, 1092
0.001, 1091
0.001, 1090
0.001, 1089
0.001, 1088
0.001, 1087
0.001, 1086
0.001, 1085
0.001, 1084
0.001, 1083
0.001, 1082
0.001, 1081
0.001, 1080
0.001, 1079
0.001, 1078
0.001, 1077
0.001, 1076
0.001, 1075
0.001, 1074
0.001, 1073
0.001, 1072
0.001, 1071
0.001, 1070
0.001, 1069
0.001, 1068
0.001, 1067
0.001, 1066
0.001, 1065
0.001, 1064
0.001, 1063
0.001, 1062
0.001, 1061
0.001, 1060
0.001, 1059
0.001, 1058
0.001, 1057
0.001, 1056
0.001, 1055
0.001, 1054
0.001, 1053
0.001, 1052
0.002, 1051
0.002, 1050
0.002, 1049
0.002, 1048
0.002, 1047
0.002, 1046
0.002, 1045
0.002, 1044
0.002, 1043
0.002, 1042
0.002, 1041
0.002, 1040
0.002, 1039
0.002, 1038
0.002, 1037
0.002, 1036
0.002, 1035
0.002, 1034
0.002, 1033
0.002, 1032
0.002, 1031
0.002, 1030
0.002, 1029
0.002, 1028
0.002, 1027
0.002, 1026
0.002, 1025
0.002, 1024
0.002, 1023
0.002, 1022
0.002, 1021
0.002, 1020
0.002, 1019
0.002, 1018
0.002, 1017
0.002, 1016
0.002, 1015
0.002, 1014
0.002, 1013
0.002, 1012
0.002, 1011
0.002, 1010
0.002, 1009
0.002, 1008
0.002, 1007
0.002, 1006
0.002, 1005
0.002, 1004
0.002, 1003
0.002, 1002
0.002, 1001
0.002, 1000
0.002, 999
0.002, 998
0.002, 997
0.002, 996
0.002, 995
0.002, 994
0.002, 993
0.002, 992
0.002, 991
0.002, 990
0.002, 989
0.002, 988
0.002, 987
0.002, 986
0.002, 985
0.002, 984
0.002, 983
0.002, 982
0.002, 981
0.002, 980
0.002, 979
0.002, 978
0.002, 977
0.002, 976
0.002, 975
0.002, 974
0.002, 973
0.002, 972
0.002, 971
0.002, 970
0.002, 969
0.002, 968
0.002, 967
0.002, 966
0.002, 965
0.002, 964
0.002, 963
0.002, 962
0.002, 961
0.002, 960
0.002, 959
0.002, 958
0.002, 957
0.002, 956
0.002, 955
0.002, 954
0.002, 953
0.002, 952
0.002, 951
0.002, 950
0.002, 949
0.002, 948
0.002, 947
0.002, 946
0.002, 945
0.002, 944
0.002, 943
0.002, 942
0.002, 941
0.002, 940
0.002, 939
0.002, 938
0.002, 937
0.002, 936
0.002, 935
0.002, 934
0.002, 933
0.002, 932
0.002, 931
0.002, 930
0.002, 929
0.002, 928
0.002, 927
0.002, 926
0.002, 925
0.002, 924
0.002, 923
0.002, 922
0.002, 921
0.002, 920
0.002, 919
0.002, 918
0.002, 917
0.002, 916
0.002, 915
0.002, 914
0.002, 913
0.002, 912
0.002, 911
0.002, 910
0.002, 909
0.002, 908
0.002, 907
0.002, 906
0.002, 905
0.002, 904
0.002, 903
0.002, 902
0.002, 901
0.002, 900
0.002, 899
0.002, 898
0.002, 897
0.002, 896
0.002, 895
0.002, 894
0.002, 893
0.002, 892
0.002, 891
0.002, 890
0.003, 889
0.003, 888
0.003, 887
0.003, 886
0.003, 885
0.003, 884
0.003, 883
0.003, 882
0.003, 881
0.003, 880
0.003, 879
0.003, 878
0.003, 877
0.003, 876
0.003, 875
0.003, 874
0.003, 873
0.003, 872
0.003, 871
0.003, 870
0.003, 869
0.003, 868
0.003, 867
0.003, 866
0.003, 865
0.003, 864
0.003, 863
0.003, 862
0.003, 861
0.003, 860
0.003, 859
0.003, 858
0.003, 857
0.003, 856
0.003, 855
0.003, 854
0.003, 853
0.003, 852
0.003, 851
0.003, 850
0.003, 849
0.003, 848
0.003, 847
0.003, 846
0.003, 845
0.003, 844
0.003, 843
0.003, 842
0.003, 841
0.003, 840
0.003, 839
0.003, 838
0.003, 837
0.003, 836
0.003, 835
0.003, 834
0.003, 833
0.003, 832
0.003, 831
0.003, 830
0.003, 829
0.003, 828
0.003, 827
0.003, 826
0.003, 825
0.003, 824
0.003, 823
0.003, 822
0.003, 821
0.003, 820
0.003, 819
0.003, 818
0.003, 817
0.003, 816
0.003, 815
0.003, 814
0.003, 813
0.003, 812
0.003, 811
0.003, 810
0.004, 809
0.004, 808
0.004, 807
0.004, 806
0.004, 805
0.004, 804
0.004, 803
0.004, 802
0.004, 801
0.004, 800
0.004, 799
0.004, 798
0.004, 797
0.004, 796
0.004, 795
0.004, 794
0.004, 793
0.004, 792
0.004, 791
0.004, 790
0.004, 789
0.004, 788
0.004, 787
0.004, 786
0.004, 785
0.004, 784
0.004, 783
0.004, 782
0.004, 781
0.004, 780
0.004, 779
0.004, 778
0.004, 777
0.004, 776
0.004, 775
0.004, 774
0.004, 773
0.004, 772
0.004, 771
0.004, 770
0.004, 769
0.004, 768
0.004, 767
0.004, 766
0.004, 765
0.004, 764
0.004, 763
0.004, 762
0.004, 761
0.004, 760
0.004, 759
0.004, 758
0.004, 757
0.004, 756
0.004, 755
0.004, 754
0.004, 753
0.004, 752
0.004, 751
0.004, 750
0.004, 749
0.004, 748
0.004, 747
0.004, 746
0.004, 745
0.004, 744
0.004, 743
0.004, 742
0.004, 741
0.004, 740
0.004, 739
0.004, 738
0.004, 737
0.004, 736
0.005, 735
0.005, 734
0.005, 733
0.005, 732
0.005, 731
0.005, 730
0.005, 729
0.005, 728
0.005, 727
0.005, 726
0.005, 725
0.005, 724
0.005, 723
0.005, 722
0.005, 721
0.005, 720
0.005, 719
0.005, 718
0.005, 717
0.005, 716
0.005, 715
0.005, 714
0.005, 713
0.005, 712
0.005, 711
0.005, 710
0.005, 709
0.005, 708
0.005, 707
0.005, 706
0.005, 705
0.005, 704
0.005, 703
0.005, 702
0.005, 701
0.005, 700
0.005, 699
0.005, 698
0.005, 697
0.005, 696
0.005, 695
0.005, 694
0.005, 693
0.005, 692
0.005, 691
0.005, 690
0.005, 689
0.005, 688
0.005, 687
0.005, 686
0.005, 685
0.005, 684
0.005, 683
0.005, 682
0.005, 681
0.005, 680
0.005, 679
0.005, 678
0.005, 677
0.005, 676
0.005, 675
0.005, 674
0.005, 673
0.005, 672
0.005, 671
0.005, 670
0.005, 669
0.005, 668
0.005, 667
0.005, 666
0.005, 665
0.005, 664
0.005, 663
0.005, 662
0.005, 661
0.005, 660
0.005, 659
0.005, 658
0.005, 657
0.005, 656
0.005, 655
0.005, 654
0.005, 653
0.005, 652
0.005, 651
0.005, 650
0.005, 649
0.005, 648
0.005, 647
0.005, 646
0.005, 645
0.005, 644
0.005, 643
0.005, 642
0.005, 641
0.005, 640
0.005, 639
0.005, 638
0.005, 637
0.005, 636
0.005, 635
0.005, 634
0.006, 633
0.006, 632
0.006, 631
0.006, 630
0.006, 629
0.006, 628
0.006, 627
0.006, 626
0.006, 625
0.006, 624
0.006, 623
0.006, 622
0.006, 621
0.006, 620
0.006, 619
0.006, 618
0.006, 617
0.006, 616
0.006, 615
0.006, 614
