0.001, 1131
0.001, 1130
0.001, 1129
0.001, 1128
0.001, 1127
0.001, 1126
0.001, 1125
0.001, 1124
0.001, 1123
0.001, 1122
0.001, 1121
0.001, 1120
0.001, 1119
0.001, 1118
0.001, 1117
0.001, 1116
0.001, 1115
0.001, 1114
0.001, 1113
0.001, 1112
0.001, 1111
0.001, 1110
0.001, 1109
0.001, 1108
0.001, 1107
0.001, 1106
0.001, 1105
0.001, 1104
0.001, 1103
0.001, 1102
0.001, 1101
0.001, 1100
0.001, 1099
0.001, 1098
0.001, 1097
0.001, 1096
0.001, 1095
0.001, 1094
0.001, 1093
0.001, 1092
0.001, 1091
0.001, 1090
0.001, 1089
0.001, 1088
0.001, 1087
0.001, 1086
0.001, 1085
0.001, 1084
0.001, 1083
0.001, 1082
0.001, 1081
0.001, 1080
0.001, 1079
0.001, 1078
0.001, 1077
0.001, 1076
0.001, 1075
0.001, 1074
0.001, 1073
0.001, 1072
0.001, 1071
0.001, 1070
0.001, 1069
0.001, 1068
0.002, 1067
0.002, 1066
0.002, 1065
0.002, 1064
0.002, 1063
0.002, 1062
0.002, 1061
0.002, 1060
0.002, 1059
0.002, 1058
0.002, 1057
0.002, 1056
0.002, 1055
0.002, 1054
0.002, 1053
0.002, 1052
0.002, 1051
0.002, 1050
0.002, 1049
0.002, 1048
0.002, 1047
0.002, 1046
0.002, 1045
0.002, 1044
0.002, 1043
0.002, 1042
0.002, 1041
0.002, 1040
0.002, 1039
0.002, 1038
0.002, 1037
0.002, 1036
0.002, 1035
0.002, 1034
0.002, 1033
0.002, 1032
0.002, 1031
0.002, 1030
0.002, 1029
0.002, 1028
0.002, 1027
0.002, 1026
0.002, 1025
0.002, 1024
0.002, 1023
0.002, 1022
0.002, 1021
0.002, 1020
0.002, 1019
0.002, 1018
0.002, 1017
0.002, 1016
0.002, 1015
0.002, 1014
0.002, 1013
0.002, 1012
0.002, 1011
0.002, 1010
0.002, 1009
0.002, 1008
0.002, 1007
0.002, 1006
0.002, 1005
0.002, 1004
0.002, 1003
0.002, 1002
0.002, 1001
0.002, 1000
0.002, 999
0.002, 998
0.002, 997
0.002, 996
0.002, 995
0.002, 994
0.002, 993
0.002, 992
0.002, 991
0.002, 990
0.002, 989
0.002, 988
0.002, 987
0.002, 986
0.002, 985
0.002, 984
0.002, 983
0.002, 982
0.002, 981
0.002, 980
0.002, 979
0.002, 978
0.002, 977
0.002, 976
0.002, 975
0.002, 974
0.002, 973
0.002, 972
0.002, 971
0.002, 970
0.002, 969
0.002, 968
0.002, 967
0.002, 966
0.002, 965
0.002, 964
0.002, 963
0.002, 962
0.002, 961
0.002, 960
0.002, 959
0.002, 958
0.002, 957
0.002, 956
0.002, 955
0.002, 954
0.002, 953
0.002, 952
0.002, 951
0.002, 950
0.002, 949
0.002, 948
0.002, 947
0.002, 946
0.002, 945
0.002, 944
0.002, 943
0.002, 942
0.002, 941
0.002, 940
0.002, 939
0.002, 938
0.002, 937
0.002, 936
0.002, 935
0.002, 934
0.002, 933
0.002, 932
0.002, 931
0.002, 930
0.002, 929
0.002, 928
0.002, 927
0.002, 926
0.002, 925
0.002, 924
0.002, 923
0.002, 922
0.002, 921
0.002, 920
0.002, 919
0.002, 918
0.002, 917
0.002, 916
0.002, 915
0.002, 914
0.002, 913
0.002, 912
0.002, 911
0.003, 910
0.003, 909
0.003, 908
0.003, 907
0.003, 906
0.003, 905
0.003, 904
0.003, 903
0.003, 902
0.003, 901
0.003, 900
0.003, 899
0.003, 898
0.003, 897
0.003, 896
0.003, 895
0.003, 894
0.003, 893
0.003, 892
0.003, 891
0.003, 890
0.003, 889
0.003, 888
0.003, 887
0.003, 886
0.003, 885
0.003, 884
0.003, 883
0.003, 882
0.003, 881
0.003, 880
0.003, 879
0.003, 878
0.003, 877
0.003, 876
0.003, 875
0.003, 874
0.003, 873
0.003, 872
0.003, 871
0.003, 870
0.003, 869
0.003, 868
0.003, 867
0.003, 866
0.003, 865
0.003, 864
0.003, 863
0.003, 862
0.003, 861
0.003, 860
0.003, 859
0.003, 858
0.003, 857
0.003, 856
0.003, 855
0.003, 854
0.003, 853
0.003, 852
0.003, 851
0.003, 850
0.003, 849
0.003, 848
0.003, 847
0.003, 846
0.003, 845
0.003, 844
0.003, 843
0.003, 842
0.003, 841
0.003, 840
0.003, 839
0.003, 838
0.003, 837
0.003, 836
0.003, 835
0.003, 834
0.003, 833
0.003, 832
0.003, 831
0.003, 830
0.003, 829
0.003, 828
0.003, 827
0.003, 826
0.003, 825
0.003, 824
0.003, 823
0.003, 822
0.003, 821
0.003, 820
0.003, 819
0.003, 818
0.003, 817
0.003, 816
0.003, 815
0.003, 814
0.003, 813
0.003, 812
0.003, 811
0.003, 810
0.003, 809
0.003, 808
0.003, 807
0.003, 806
0.003, 805
0.003, 804
0.003, 803
0.003, 802
0.003, 801
0.003, 800
0.003, 799
0.003, 798
0.003, 797
0.003, 796
0.003, 795
0.003, 794
0.003, 793
0.003, 792
0.003, 791
0.003, 790
0.003, 789
0.003, 788
0.003, 787
0.003, 786
0.003, 785
0.003, 784
0.003, 783
0.003, 782
0.003, 781
0.003, 780
0.003, 779
0.003, 778
0.003, 777
0.003, 776
0.003, 775
0.003, 774
0.003, 773
0.003, 772
0.003, 771
0.003, 770
0.003, 769
0.003, 768
0.003, 767
0.003, 766
0.003, 765
0.003, 764
0.003, 763
0.004, 762
0.004, 761
0.004, 760
0.004, 759
0.004, 758
0.004, 757
0.004, 756
0.004, 755
0.004, 754
0.004, 753
0.004, 752
0.004, 751
0.004, 750
0.004, 749
0.004, 748
0.004, 747
0.004, 746
0.004, 745
0.004, 744
0.004, 743
0.004, 742
0.004, 741
0.004, 740
0.004, 739
0.004, 738
0.004, 737
0.004, 736
0.004, 735
0.004, 734
0.004, 733
0.004, 732
0.004, 731
0.004, 730
0.004, 729
0.004, 728
0.004, 727
0.004, 726
0.004, 725
0.004, 724
0.004, 723
0.004, 722
0.004, 721
0.004, 720
0.004, 719
0.004, 718
0.004, 717
0.004, 716
0.004, 715
0.004, 714
0.004, 713
0.004, 712
0.004, 711
0.004, 710
0.004, 709
0.004, 708
0.004, 707
0.004, 706
0.004, 705
0.004, 704
0.004, 703
0.004, 702
0.004, 701
0.004, 700
0.004, 699
0.004, 698
0.004, 697
0.004, 696
0.004, 695
0.004, 694
0.004, 693
0.004, 692
0.004, 691
0.004, 690
0.004, 689
0.004, 688
0.004, 687
0.004, 686
0.004, 685
0.004, 684
0.004, 683
0.004, 682
0.004, 681
0.004, 680
0.004, 679
0.004, 678
0.004, 677
0.004, 676
0.004, 675
0.004, 674
0.004, 673
0.004, 672
0.004, 671
0.004, 670
0.004, 669
0.004, 668
0.004, 667
0.004, 666
0.004, 665
0.004, 664
0.004, 663
0.004, 662
0.004, 661
0.004, 660
0.004, 659
0.004, 658
0.004, 657
0.004, 656
0.004, 655
0.004, 654
0.004, 653
0.004, 652
0.004, 651
0.004, 650
0.004, 649
0.004, 648
0.004, 647
0.004, 646
0.004, 645
0.004, 644
0.004, 643
0.004, 642
0.004, 641
0.004, 640
0.004, 639
0.004, 638
0.004, 637
0.005, 636
0.005, 635
0.005, 634
0.005, 633
0.005, 632
0.005, 631
0.005, 630
0.005, 629
0.005, 628
0.005, 627
0.005, 626
0.005, 625
0.005, 624
0.005, 623
0.005, 622
0.005, 621
0.005, 620
0.005, 619
0.005, 618
0.005, 617
